gcc -c   -DPERL_USE_SAFE_PUTENV -fno-strict-aliasing -pipe -I/usr/local/include -DUSEIMPORTLIB -O3   -DVERSION=\"0.14\" -DXS_VERSION=\"0.14\"  "-I/usr/lib/perl5/5.8/cygwin/CORE"  -D_STDIR=\"~/tmp\" -D__cygwin__ -D_DEFAULT_UMASK=0007 UUID.c
UUID.xs: In function `get_system_time':
UUID.xs:110: error: `LARGE_INTEGER' undeclared (first use in this function)
UUID.xs:110: error: (Each undeclared identifier is reported only once
UUID.xs:110: error: for each function it appears in.)
UUID.xs:110: error: parse error before "time"
UUID.xs:115: error: request for member `QuadPart' in something not a structure or union
UUID.xs:116: error: parse error before "__int64"
UUID.xs:117: error: parse error before "__int64"
UUID.xs:118: error: parse error before "__int64"
UUID.xs:120: error: request for member `QuadPart' in something not a structure or union
UUID.xs: In function `get_random_info':
UUID.xs:134: error: parse error before "MEMORYSTATUS"
UUID.xs:134: warning: no semicolon at end of struct or union
UUID.xs:135: error: `SYSTEM_INFO' undeclared (first use in this function)
UUID.xs:136: error: `FILETIME' undeclared (first use in this function)
UUID.xs:137: error: `LARGE_INTEGER' undeclared (first use in this function)
UUID.xs:138: error: `DWORD' undeclared (first use in this function)
UUID.xs:140: error: `MAX_COMPUTERNAME_LENGTH' undeclared (first use in this function)
UUID.xs: At top level:
UUID.xs:141: warning: data definition has no type or storage class
UUID.xs:149: error: parse error before "r"
UUID.xs:149: warning: data definition has no type or storage class
UUID.xs:151: error: parse error before '&' token
UUID.xs:151: error: conflicting types for 'MD5Init'
md5.h:82: error: previous declaration of 'MD5Init' was here
UUID.xs:151: error: conflicting types for 'MD5Init'
md5.h:82: error: previous declaration of 'MD5Init' was here
UUID.xs:151: warning: data definition has no type or storage class
UUID.xs:154: error: parse error before '&' token
UUID.xs:154: warning: data definition has no type or storage class
UUID.xs:155: error: parse error before '&' token
UUID.xs:155: warning: data definition has no type or storage class
UUID.xs:156: error: parse error before '&' token
UUID.xs:156: warning: data definition has no type or storage class
UUID.xs:157: error: parse error before '&' token
UUID.xs:157: warning: data definition has no type or storage class
UUID.xs:158: error: parse error before '.' token
UUID.xs:160: error: parse error before '.' token
UUID.xs:160: warning: data definition has no type or storage class
UUID.xs:167: error: parse error before '&' token
UUID.xs:168: error: parse error before '&' token
UUID.xs:168: error: conflicting types for 'MD5Final'
md5.h:85: error: previous declaration of 'MD5Final' was here
UUID.xs:168: error: conflicting types for 'MD5Final'
md5.h:85: error: previous declaration of 'MD5Final' was here
UUID.xs:168: warning: data definition has no type or storage class
make: *** [UUID.o] Error 1


$ gcc -v
Reading specs from /usr/lib/gcc/i686-pc-cygwin/3.4.4/specs
Configured with: /gcc/gcc-3.4.4/gcc-3.4.4-1/configure --verbose --prefix=/usr --
exec-prefix=/usr --sysconfdir=/etc --libdir=/usr/lib --libexecdir=/usr/lib --man
dir=/usr/share/man --infodir=/usr/share/info --enable-languages=c,ada,c++,d,f77,
java,objc --enable-nls --without-included-gettext --enable-version-specific-runt
ime-libs --without-x --enable-libgcj --disable-java-awt --with-system-zlib --ena
ble-interpreter --disable-libgcj-debug --enable-threads=posix --enable-java-gc=b
oehm --disable-win32-registry --enable-sjlj-exceptions --enable-hash-synchroniza
tion --enable-libstdcxx-debug : (reconfigured)
Thread model: posix
gcc version 3.4.4 (cygming special) (gdc 0.12, using dmd 0.125)

$ make -v
GNU Make 3.80
Copyright (C) 2002  Free Software Foundation, Inc.
This is free software; see the source for copying conditions.
There is NO warranty; not even for MERCHANTABILITY or FITNESS FOR A
PARTICULAR PURPOSE.
