[32;01m * [39;49;00mPackage:    dev-perl/Ace-1.920.0-r2
[32;01m * [39;49;00mRepository: localrepo
[32;01m * [39;49;00mMaintainer: sci@gentoo.org perl@gentoo.org
[32;01m * [39;49;00mUSE:        abi_x86_64 elibc_Darwin kernel_Darwin prefix prefix-guest userland_GNU x64-macos
[32;01m * [39;49;00mFEATURES:   nostrip preserve-libs
>>> Unpacking source...
>>> Unpacking AcePerl-1.92.tar.gz to /Users/anton/Gentoo/var/tmp/portage/dev-perl/Ace-1.920.0-r2/work
>>> Source unpacked in /Users/anton/Gentoo/var/tmp/portage/dev-perl/Ace-1.920.0-r2/work
>>> Preparing source in /Users/anton/Gentoo/var/tmp/portage/dev-perl/Ace-1.920.0-r2/work/AcePerl-1.92 ...
>>> Source prepared.
>>> Configuring source in /Users/anton/Gentoo/var/tmp/portage/dev-perl/Ace-1.920.0-r2/work/AcePerl-1.92 ...
 [32;01m*[0m Using ExtUtils::MakeMaker
 [32;01m*[0m perl Makefile.PL PREFIX=/Users/anton/Gentoo/usr INSTALLDIRS=vendor INSTALLMAN3DIR=none DESTDIR=/Users/anton/Gentoo/var/tmp/portage/dev-perl/Ace-1.920.0-r2/image/

What do you want to build?

  1) Interface to Ace socket server and local databases (pure Perl)
  2) The above plus XS optimizations (requires C compiler)
  3) The above plus RPC server interface (requires C compiler)

Enter your choice:  [3] 3

Do you want to install Ace::Browser?  [n] n
Checking if your kit is complete...
Looks good
Writing MYMETA.yml and MYMETA.json
Using DARWIN definitions to build ace library.
Writing MYMETA.yml and MYMETA.json
Generating a Unix-style Makefile
Writing Makefile for Ace
Writing MYMETA.yml and MYMETA.json
>>> Source configured.
>>> Compiling source in /Users/anton/Gentoo/var/tmp/portage/dev-perl/Ace-1.920.0-r2/work/AcePerl-1.92 ...
 [32;01m*[0m emake OTHERLDFLAGS=-Wl,-dead_strip_dylibs
make SHELL=/Users/anton/Gentoo/bin/bash OTHERLDFLAGS=-Wl,-dead_strip_dylibs 
cp Ace/Sequence/Gene.pm blib/lib/Ace/Sequence/Gene.pm
cp Ace/Graphics/Glyph/line.pm blib/lib/Ace/Graphics/Glyph/line.pm
cp Ace/Sequence/Homol.pm blib/lib/Ace/Sequence/Homol.pm
cp Ace/Graphics/Glyph/graded_segments.pm blib/lib/Ace/Graphics/Glyph/graded_segments.pm
cp Ace/Graphics/Glyph/segments.pm blib/lib/Ace/Graphics/Glyph/segments.pm
cp Ace/Graphics/Glyph/box.pm blib/lib/Ace/Graphics/Glyph/box.pm
cp Ace/Graphics/Glyph/span.pm blib/lib/Ace/Graphics/Glyph/span.pm
cp Ace/Graphics/Glyph/toomany.pm blib/lib/Ace/Graphics/Glyph/toomany.pm
cp Ace/Browser/GeneSubs.pm blib/lib/Ace/Browser/GeneSubs.pm
cp Ace/SocketServer.pm blib/lib/Ace/SocketServer.pm
cp Ace/Graphics/Glyph/group.pm blib/lib/Ace/Graphics/Glyph/group.pm
cp Ace/Model.pm blib/lib/Ace/Model.pm
cp Ace/Object.pm blib/lib/Ace/Object.pm
AutoSplitting blib/lib/Ace/Object.pm (blib/lib/auto/Ace/Object)
cp Ace/Graphics/Glyph/arrow.pm blib/lib/Ace/Graphics/Glyph/arrow.pm
cp Ace/Sequence.pm blib/lib/Ace/Sequence.pm
AutoSplitting blib/lib/Ace/Sequence.pm (blib/lib/auto/Ace/Sequence)
cp Ace/Browser/TreeSubs.pm blib/lib/Ace/Browser/TreeSubs.pm
cp Ace/Graphics/Glyph/primers.pm blib/lib/Ace/Graphics/Glyph/primers.pm
cp Ace/Sequence/Transcript.pm blib/lib/Ace/Sequence/Transcript.pm
cp Ace/Graphics/Track.pm blib/lib/Ace/Graphics/Track.pm
cp Ace/Graphics/Fk.pm blib/lib/Ace/Graphics/Fk.pm
cp Ace/Sequence/FeatureList.pm blib/lib/Ace/Sequence/FeatureList.pm
cp Ace/Sequence/GappedAlignment.pm blib/lib/Ace/Sequence/GappedAlignment.pm
cp Ace/Browser/SiteDefs.pm blib/lib/Ace/Browser/SiteDefs.pm
cp Ace/Iterator.pm blib/lib/Ace/Iterator.pm
cp Ace/Graphics/Glyph/crossbox.pm blib/lib/Ace/Graphics/Glyph/crossbox.pm
cp Ace/Object/Wormbase.pm blib/lib/Ace/Object/Wormbase.pm
cp Ace/Graphics/Glyph/dot.pm blib/lib/Ace/Graphics/Glyph/dot.pm
cp Ace/Local.pm blib/lib/Ace/Local.pm
cp Ace/Browser/AceSubs.pm blib/lib/Ace/Browser/AceSubs.pm
cp Ace/Browser/SearchSubs.pm blib/lib/Ace/Browser/SearchSubs.pm
cp Ace/Graphics/Glyph/transcript.pm blib/lib/Ace/Graphics/Glyph/transcript.pm
cp Ace/Graphics/Glyph.pm blib/lib/Ace/Graphics/Glyph.pm
cp Ace/Sequence/Feature.pm blib/lib/Ace/Sequence/Feature.pm
AutoSplitting blib/lib/Ace/Sequence/Feature.pm (blib/lib/auto/Ace/Sequence/Feature)
cp Ace/Graphics/Glyph/anchored_arrow.pm blib/lib/Ace/Graphics/Glyph/anchored_arrow.pm
cp GFF/Filehandle.pm blib/lib/GFF/Filehandle.pm
cp Ace.pm blib/lib/Ace.pm
AutoSplitting blib/lib/Ace.pm (blib/lib/auto/Ace)
cp Ace/Graphics/Glyph/triangle.pm blib/lib/Ace/Graphics/Glyph/triangle.pm
cp Ace/Graphics/Glyph/ex.pm blib/lib/Ace/Graphics/Glyph/ex.pm
cp Ace/Sequence/Multi.pm blib/lib/Ace/Sequence/Multi.pm
cp Ace/Graphics/Panel.pm blib/lib/Ace/Graphics/Panel.pm
cp Ace/Graphics/GlyphFactory.pm blib/lib/Ace/Graphics/GlyphFactory.pm
make[1]: Entering directory '/Users/anton/Gentoo/var/tmp/portage/dev-perl/Ace-1.920.0-r2/work/AcePerl-1.92/Freesubs'
cp Freesubs.pm ../blib/lib/Ace/Freesubs.pm
Running Mkbootstrap for Freesubs ()
chmod 644 "Freesubs.bs"
"/Users/anton/Gentoo/usr/bin/perl" -MExtUtils::Command::MM -e 'cp_nonempty' -- Freesubs.bs ../blib/arch/auto/Ace/Freesubs/Freesubs.bs 644
"/Users/anton/Gentoo/usr/bin/perl" "/Users/anton/Gentoo/usr/lib/perl5/5.26.1/ExtUtils/xsubpp" -noprototypes -typemap '/Users/anton/Gentoo/usr/lib/perl5/5.26.1/ExtUtils/typemap'  Freesubs.xs > Freesubs.xsc
mv Freesubs.xsc Freesubs.c
x86_64-apple-darwin16-clang -c -I./acelib/wh   -fno-common -DPERL_DARWIN -no-cpp-precomp -mmacosx-version-min=10.12 -fno-strict-aliasing -pipe -I/Users/anton/Gentoo/usr/include -DPERL_USE_SAFE_PUTENV -march=native -O2 -pipe   -DVERSION=\"1.00\" -DXS_VERSION=\"1.00\"  "-I/Users/anton/Gentoo/usr/lib/perl5/5.26.1/x86_64-darwin/CORE"   Freesubs.c
rm -f ../blib/arch/auto/Ace/Freesubs/Freesubs.bundle
env MACOSX_DEPLOYMENT_TARGET=10.12 x86_64-apple-darwin16-clang  -Wl,-dead_strip_dylibs -mmacosx-version-min=10.12 -bundle -undefined dynamic_lookup -Wl,-dead_strip_dylibs Freesubs.o -Wl,-dead_strip_dylibs -o ../blib/arch/auto/Ace/Freesubs/Freesubs.bundle  \
   -lc   \
  
chmod 755 ../blib/arch/auto/Ace/Freesubs/Freesubs.bundle
make[1]: Leaving directory '/Users/anton/Gentoo/var/tmp/portage/dev-perl/Ace-1.920.0-r2/work/AcePerl-1.92/Freesubs'
make[1]: Entering directory '/Users/anton/Gentoo/var/tmp/portage/dev-perl/Ace-1.920.0-r2/work/AcePerl-1.92/RPC'
cp RPC.pm ../blib/lib/Ace/RPC.pm
cd ../acelib && make ACEDB_MACHINE=DARWIN all
make[2]: Entering directory '/Users/anton/Gentoo/var/tmp/portage/dev-perl/Ace-1.920.0-r2/work/AcePerl-1.92/acelib'
clang -fwritable-strings -DACEDB4 -DPOSIX  -I. -I./wh -DDARWIN -c -o freesubs.o freesubs.c
clang -fwritable-strings -DACEDB4 -DPOSIX  -I. -I./wh -DDARWIN -c -o freeout.o freeout.c
clang -fwritable-strings -DACEDB4 -DPOSIX  -I. -I./wh -DDARWIN -c -o messubs.o messubs.c
clang -fwritable-strings -DACEDB4 -DPOSIX  -I. -I./wh -DDARWIN -c -o memsubs.o memsubs.c
clang -fwritable-strings -DACEDB4 -DPOSIX  -I. -I./wh -DDARWIN -c -o arraysub.o arraysub.c
[1marraysub.c:648:12: [0m[0;1;35mwarning: [0m[1mindirection of non-volatile null pointer will be deleted, not trap [-Wnull-dereference][0m
  m.i.i2 = pop(stk, int);
[0;1;32m           ^~~~~~~~~~~~~
[0m[1m./wh/array.h:178:64: [0m[0;1;30mnote: [0mexpanded from macro 'pop'[0m
                          (messcrash ("User stack underflow"), *((type*)0)) )
[0;1;32m                                                               ^~~~~~~~~~~
[0m[1marraysub.c:648:12: [0m[0;1;30mnote: [0mconsider using __builtin_trap() or qualifying pointer with 'volatile'[0m
[1m./wh/array.h:178:64: [0m[0;1;30mnote: [0mexpanded from macro 'pop'[0m
                          (messcrash ("User stack underflow"), *((type*)0)) )
[0;1;32m                                                               ^
[0m[1marraysub.c:649:12: [0m[0;1;35mwarning: [0m[1mindirection of non-volatile null pointer will be deleted, not trap [-Wnull-dereference][0m
  m.i.i1 = pop(stk, int);
[0;1;32m           ^~~~~~~~~~~~~
[0m[1m./wh/array.h:178:64: [0m[0;1;30mnote: [0mexpanded from macro 'pop'[0m
                          (messcrash ("User stack underflow"), *((type*)0)) )
[0;1;32m                                                               ^~~~~~~~~~~
[0m[1marraysub.c:649:12: [0m[0;1;30mnote: [0mconsider using __builtin_trap() or qualifying pointer with 'volatile'[0m
[1m./wh/array.h:178:64: [0m[0;1;30mnote: [0mexpanded from macro 'pop'[0m
                          (messcrash ("User stack underflow"), *((type*)0)) )
[0;1;32m                                                               ^
[0m2 warnings generated.
clang -fwritable-strings -DACEDB4 -DPOSIX  -I. -I./wh -DDARWIN -c -o liste.o liste.c
clang -fwritable-strings -DACEDB4 -DPOSIX  -I. -I./wh -DDARWIN -c -o filsubs.o filsubs.c
[1mfilsubs.c:496:20: [0m[0;1;35mwarning: [0m[1m'tempnam' is deprecated: This function is provided for compatibility reasons only. Due to security concerns
      inherent in the design of tempnam(3), it is highly recommended that you use mkstemp(3) instead. [-Wdeprecated-declarations][0m
  if (!(*nameptr = tempnam ("/tmp", "ACEDB")))
[0;1;32m                   ^
[0m[1m/usr/include/stdio.h:397:7: [0m[0;1;30mnote: [0m'tempnam' has been explicitly marked deprecated here[0m
char    *tempnam(const char *__dir, const char *__prefix) __DARWIN_ALIAS(tempnam);
[0;1;32m         ^
[0m1 warning generated.
clang -fwritable-strings -DACEDB4 -DPOSIX  -I. -I./wh -DDARWIN -c -o heap.o heap.c
clang -fwritable-strings -DACEDB4 -DPOSIX  -I. -I./wh -DDARWIN -c -o timesubs.o timesubs.c
clang -fwritable-strings -DACEDB4 -DPOSIX  -I. -I./wh -DDARWIN -c -o bump.o bump.c
clang -fwritable-strings -DACEDB4 -DPOSIX  -I. -I./wh -DDARWIN -c -o randsubs.o randsubs.c
clang -fwritable-strings -DACEDB4 -DPOSIX  -I. -I./wh -DDARWIN -c -o call.o call.c
clang -fwritable-strings -DACEDB4 -DPOSIX  -I. -I./wh -DDARWIN -c -o menu.o menu.c
clang -fwritable-strings -DACEDB4 -DPOSIX  -I. -I./wh -DDARWIN -c -o dict.o dict.c
clang -fwritable-strings -DACEDB4 -DPOSIX  -I. -I./wh -DDARWIN -c -o helpsubs.o helpsubs.c
clang -fwritable-strings -DACEDB4 -DPOSIX  -I. -I./wh -DDARWIN -c -o texthelp.o texthelp.c
rpcgen -I -K -1 rpcace.x
clang -fwritable-strings -DACEDB4 -DPOSIX  -I. -I./wh -DDARWIN -c -c aceclientlib.c
clang -fwritable-strings -DACEDB4 -DPOSIX  -I. -I./wh -DDARWIN -c -o rpcace_clnt.o rpcace_clnt.c
clang -fwritable-strings -DACEDB4 -DPOSIX  -I. -I./wh -DDARWIN -c -o rpcace_xdr.o rpcace_xdr.c
ar rlu	 libaceperl.a freesubs.o freeout.o messubs.o memsubs.o arraysub.o liste.o filsubs.o heap.o timesubs.o bump.o randsubs.o call.o menu.o dict.o helpsubs.o texthelp.o aceclientlib.o rpcace_clnt.o rpcace_xdr.o
ar: creating archive libaceperl.a
if ( true	 ) then ranlib libaceperl.a; fi
make[2]: Leaving directory '/Users/anton/Gentoo/var/tmp/portage/dev-perl/Ace-1.920.0-r2/work/AcePerl-1.92/acelib'
Running Mkbootstrap for RPC ()
chmod 644 "RPC.bs"
"/Users/anton/Gentoo/usr/bin/perl" -MExtUtils::Command::MM -e 'cp_nonempty' -- RPC.bs ../blib/arch/auto/Ace/RPC/RPC.bs 644
"/Users/anton/Gentoo/usr/bin/perl" "/Users/anton/Gentoo/usr/lib/perl5/5.26.1/ExtUtils/xsubpp" -noprototypes -typemap '/Users/anton/Gentoo/usr/lib/perl5/5.26.1/ExtUtils/typemap'  RPC.xs > RPC.xsc
mv RPC.xsc RPC.c
x86_64-apple-darwin16-clang -c -I./acelib/wh  -I../acelib/wh -fno-common -DPERL_DARWIN -no-cpp-precomp -mmacosx-version-min=10.12 -fno-strict-aliasing -pipe -I/Users/anton/Gentoo/usr/include -DPERL_USE_SAFE_PUTENV -march=native -O2 -pipe   -DVERSION=\"1.00\" -DXS_VERSION=\"1.00\"  "-I/Users/anton/Gentoo/usr/lib/perl5/5.26.1/x86_64-darwin/CORE"   RPC.c
[1mRPC.xs:157:6: [0m[0;1;31merror: [0m[1mnon-void function 'constant' should return a value [-Wreturn-type][0m
            return _ACECLIENT_;
[0;1;32m            ^
[0m1 error generated.
make[1]: *** [Makefile:324: RPC.o] Error 1
make[1]: Leaving directory '/Users/anton/Gentoo/var/tmp/portage/dev-perl/Ace-1.920.0-r2/work/AcePerl-1.92/RPC'
make: *** [Makefile:576: subdirs] Error 2
 [31;01m*[0m ERROR: dev-perl/Ace-1.920.0-r2::localrepo failed (compile phase):
 [31;01m*[0m   emake failed
 [31;01m*[0m 
 [31;01m*[0m If you need support, post the output of `emerge --info '=dev-perl/Ace-1.920.0-r2::localrepo'`,
 [31;01m*[0m the complete build log and the output of `emerge -pqv '=dev-perl/Ace-1.920.0-r2::localrepo'`.
 [31;01m*[0m The complete build log is located at '/Users/anton/Gentoo/var/tmp/portage/dev-perl/Ace-1.920.0-r2/temp/build.log'.
 [31;01m*[0m The ebuild environment file is located at '/Users/anton/Gentoo/var/tmp/portage/dev-perl/Ace-1.920.0-r2/temp/environment'.
 [31;01m*[0m Working directory: '/Users/anton/Gentoo/var/tmp/portage/dev-perl/Ace-1.920.0-r2/work/AcePerl-1.92'
 [31;01m*[0m S: '/Users/anton/Gentoo/var/tmp/portage/dev-perl/Ace-1.920.0-r2/work/AcePerl-1.92'
