XML File detected => inventoryCAUIM_SnmpV3Profiles.xml
DEBUG_SEGFAULT: snmpmanager: nimTimerStop
DEBUG_SEGFAULT: snmpmanager: nimTimerDiff
DEBUG_SEGFAULT: snmpmanager: nimTimerDiff = 49
DEBUG_SEGFAULT: snmpmanager: nimTimerFree
SNMP Session initialized successfully in 49ms for MY-NOKIA
Successfully processed 2 XML file(s) in 107ms !
[Thread 0x7fffaffff700 (LWP 25916) exited]
[Thread 0x7fffd0ff9700 (LWP 25915) exited]

Program received signal SIGSEGV, Segmentation fault.
[Switching to Thread 0x7fffe77fe700 (LWP 25910)]
0x00007fffef37341a in snmp_sess_timeout () from /usr/lib64/libnetsnmp.so.31
Missing separate debuginfos, use: debuginfo-install expat-2.1.0-8.el7.x86_64 glibc-2.17-106.el7_2.8.x86_64 keyutils-libs-1.5.8-3.el7.x86_64 krb5-libs-1.13.2-12.el7_2.x86_64 libcom_err-1.42.9-7.el7.x86_64 libgcc-4.8.5-4.el7.x86_64 libselinux-2.2.2-6.el7.x86_64 libstdc++-4.8.5-4.el7.x86_64 net-snmp-libs-5.7.2-24.el7_2.1.x86_64 nss-softokn-freebl-3.16.2.3-14.2.el7_2.x86_64 openssl-libs-1.0.1e-51.el7_2.7.x86_64 pcre-8.32-15.el7_2.1.x86_64 xz-libs-5.1.2-12alpha.el7.x86_64 zlib-1.2.7-15.el7.x86_64
(gdb) bt
#0  0x00007fffef37341a in snmp_sess_timeout () from /usr/lib64/libnetsnmp.so.31
#1  0x00007fffef373598 in snmp_timeout () from /usr/lib64/libnetsnmp.so.31
#2  0x00007fffef3502ce in snmp_synch_response_cb () from /usr/lib64/libnetsnmp.so.31
#3  0x00007fffed271146 in __send_sync_pdu (ss=ss@entry=0x7fffd84fe8c0, pdu=<optimized out>, pdu@entry=0x7fffd8028390, response=response@entry=0x7fffe77fcab8, retry_nosuch=retry_nosuch@entry=0,
    err_str_sv=0x7fffd8505420, err_num_sv=0x7fffd8505468, err_ind_sv=0x7fffd8504c58) at SNMP.xs:1148
#4  0x00007fffed27e81f in XS_SNMP__get (my_perl=<optimized out>, cv=<optimized out>) at SNMP.xs:3302
#5  0x0000000000497a81 in Perl_pp_entersub ()
#6  0x000000000049614e in Perl_runops_standard ()
#7  0x000000000042f145 in Perl_call_sv ()
#8  0x00007ffff035f189 in S_ithread_run () from /opt/nimsoft/perl/lib/5.14.2/x86_64-linux-thread-multi/auto/threads/threads.so
#9  0x00007ffff706ddc5 in start_thread () from /lib64/libpthread.so.0
#10 0x00007ffff6d9aced in clone () from /lib64/libc.so.6
(gdb)
