Running install for module 'Purple'
Running make for C/CD/CDENT/Purple/Purple-1.3.tar.gz
Fetching with LWP:
http://mirrors.servercentral.net/CPAN/authors/id/C/CD/CDENT/Purple/Purple-1.3.tar.gz
Fetching with LWP:
http://mirrors.servercentral.net/CPAN/authors/id/C/CD/CDENT/Purple/CHECKSUMS
Checksum for /home/mvastola/.cpan/sources/authors/id/C/CD/CDENT/Purple/Purple-1.3.tar.gz ok
Scanning cache /home/mvastola/.cpan/build for sizes
DONE

  CPAN.pm: Building C/CD/CDENT/Purple/Purple-1.3.tar.gz

Checking if your kit is complete...
Looks good
Writing Makefile for Purple
Writing MYMETA.yml and MYMETA.json
cp lib/Purple/DB_File.pm blib/lib/Purple/DB_File.pm
cp lib/Purple/Server/REST.pm blib/lib/Purple/Server/REST.pm
cp lib/Purple/Client.pm blib/lib/Purple/Client.pm
cp lib/Purple.pm blib/lib/Purple.pm
cp lib/Purple/Server.pm blib/lib/Purple/Server.pm
cp lib/Purple/SQLite.pm blib/lib/Purple/SQLite.pm
cp lib/Purple/Sequence.pm blib/lib/Purple/Sequence.pm
Manifying blib/man3/Purple::DB_File.3pm
Manifying blib/man3/Purple::Server::REST.3pm
Manifying blib/man3/Purple::Client.3pm
Manifying blib/man3/Purple::SQLite.3pm
Manifying blib/man3/Purple::Server.3pm
Manifying blib/man3/Purple.3pm
Manifying blib/man3/Purple::Sequence.3pm
  CDENT/Purple/Purple-1.3.tar.gz
  /usr/bin/make -- OK
Running make test
PERL_DL_NONLAZY=1 /usr/bin/perl "-MExtUtils::Command::MM" "-e" "test_harness(0, 'blib/lib', 'blib/arch')" t/*.t
t/00-load.t ....... 1/1 # Testing Purple 1.3, Perl 5.014002, /usr/bin/perl
t/00-load.t ....... ok   
t/api.t ........... ok       
t/client.t ........ DBD::SQLite::db do failed: disk I/O error at /home/mvastola/.cpan/build/Purple-1.3-FYLrB_/blib/lib/Purple/SQLite.pm line 68, <DATA> line 16.
DBD::SQLite::db do failed: disk I/O error at /home/mvastola/.cpan/build/Purple-1.3-FYLrB_/blib/lib/Purple/SQLite.pm line 69, <DATA> line 16.
t/client.t ........ 1/10 
#   Failed test 'generated nid and retrieved nid should be the same'
#   at t/client.t line 38.
#          got: '1'
#     expected: '0'
Use of uninitialized value $output in concatenation (.) or string at /home/mvastola/.cpan/build/Purple-1.3-FYLrB_/blib/lib/Purple/Server/REST.pm line 48, <DATA> line 16.

#   Failed test 'retrieved url should be the same as the provide'
#   at t/client.t line 44.
#          got: ''
#     expected: 'http://www.example.com/url_one'
t/client.t ........ 9/10 # killed server on 26972
# Looks like you failed 2 tests of 10.
t/client.t ........ Dubious, test returned 2 (wstat 512, 0x200)
Failed 2/10 subtests 
t/pod-coverage.t .. skipped: Test::Pod::Coverage 1.04 required for testing POD coverage
t/pod.t ........... skipped: Test::Pod 1.14 required for testing POD

Test Summary Report
-------------------
t/client.t      (Wstat: 512 Tests: 10 Failed: 2)
  Failed tests:  2-3
  Non-zero exit status: 2
Files=5, Tests=182, 10 wallclock secs ( 0.09 usr  0.02 sys +  0.42 cusr  0.12 csys =  0.65 CPU)
Result: FAIL
Failed 1/5 test programs. 2/182 subtests failed.
make: *** [test_dynamic] Error 255
  CDENT/Purple/Purple-1.3.tar.gz
  /usr/bin/make test -- NOT OK
//hint// to see the cpan-testers results for installing this module, try:
  reports CDENT/Purple/Purple-1.3.tar.gz
Running make install
  make test had returned bad status, won't install without force
Failed during this command:
 CDENT/Purple/Purple-1.3.tar.gz               : make_test NO


