cpanm (App::cpanminus) 1.7039 on perl 5.022000 built for MSWin32-x64-multi-thread
Work directory is C:\Users\CWHITE~1/.cpanm/work/1441669769.2124
You have make C:\Strawberry\c\bin\dmake.exe
You have LWP 6.13
You have C:\Users\cwhitener\AppData\Local\GitHub\PortableGit_c2ba306e536fdf878271f7fe636a147ff37326ad\bin\tar.exe, C:\Users\cwhitener\AppData\Local\GitHub\PortableGit_c2ba306e536fdf878271f7fe636a147ff37326ad\bin\gzip.exe and C:\Users\cwhitener\AppData\Local\GitHub\PortableGit_c2ba306e536fdf878271f7fe636a147ff37326ad\bin\bzip2.exe
You have C:\Users\cwhitener\AppData\Local\GitHub\PortableGit_c2ba306e536fdf878271f7fe636a147ff37326ad\bin\unzip.exe
Searching Log::Dispatch::Output () on cpanmetadb ...
--> Working on Log::Dispatch::Output
Fetching http://www.cpan.org/authors/id/D/DR/DROLSKY/Log-Dispatch-2.50.tar.gz
-> OK
Unpacking Log-Dispatch-2.50.tar.gz
Entering Log-Dispatch-2.50
Checking configure dependencies from META.json
Checking if you have ExtUtils::MakeMaker 6.58 ... Yes (7.04_01)
Checking if you have Dist::CheckConflicts 0.02 ... Yes (0.11)
Configuring Log-Dispatch-2.50
Running Makefile.PL
Checking if your kit is complete...
Looks good
Generating a dmake-style Makefile
Writing Makefile for Log::Dispatch
Writing MYMETA.yml and MYMETA.json
-> OK
Checking dependencies from MYMETA.json ...
Checking if you have FindBin 0 ... Yes (1.51)
Checking if you have Sys::Syslog 0.28 ... Yes (0.33)
Checking if you have File::Temp 0 ... Yes (0.2304)
Checking if you have Encode 0 ... Yes (2.76)
Checking if you have Fcntl 0 ... Yes (1.13)
Checking if you have Params::Validate 1.03 ... Yes (1.21)
Checking if you have Test::Fatal 0 ... Yes (0.014)
Checking if you have utf8 0 ... Yes (1.17)
Checking if you have warnings 0 ... Yes (1.32)
Checking if you have Devel::GlobalDestruction 0 ... Yes (0.13)
Checking if you have Scalar::Util 0 ... Yes (1.42)
Checking if you have Getopt::Long 0 ... Yes (2.45)
Checking if you have Test::Requires 0 ... Yes (0.10)
Checking if you have Carp 0 ... Yes (1.36)
Checking if you have IO::File 0 ... Yes (1.16)
Checking if you have File::Spec 0 ... Yes (3.56)
Checking if you have base 0 ... Yes (2.22)
Checking if you have lib 0 ... Yes (0.63)
Checking if you have PerlIO 0 ... Yes (1.09)
Checking if you have Test::More 0.96 ... Yes (1.001014)
Checking if you have IPC::Run3 0 ... Yes (0.048)
Checking if you have strict 0 ... Yes (1.09)
Checking if you have IO::Handle 0 ... Yes (1.35)
Checking if you have Data::Dumper 0 ... Yes (2.158)
Checking if you have Exporter 0 ... Yes (5.72)
Checking if you have Module::Runtime 0 ... Yes (0.014)
Checking if you have ExtUtils::MakeMaker 0 ... Yes (7.04_01)
Checking if you have Dist::CheckConflicts 0.02 ... Yes (0.11)
Building and testing Log-Dispatch-2.50
cp lib/Log/Dispatch/ApacheLog.pm blib\lib\Log\Dispatch\ApacheLog.pm
cp lib/Log/Dispatch/Email/MailSender.pm blib\lib\Log\Dispatch\Email\MailSender.pm
cp lib/Log/Dispatch/File/Locked.pm blib\lib\Log\Dispatch\File\Locked.pm
cp lib/Log/Dispatch/Conflicts.pm blib\lib\Log\Dispatch\Conflicts.pm
cp lib/Log/Dispatch/Screen.pm blib\lib\Log\Dispatch\Screen.pm
cp lib/Log/Dispatch/Email/MailSendmail.pm blib\lib\Log\Dispatch\Email\MailSendmail.pm
cp lib/Log/Dispatch/Output.pm blib\lib\Log\Dispatch\Output.pm
cp lib/Log/Dispatch/Email.pm blib\lib\Log\Dispatch\Email.pm
cp lib/Log/Dispatch/Code.pm blib\lib\Log\Dispatch\Code.pm
cp lib/Log/Dispatch/Handle.pm blib\lib\Log\Dispatch\Handle.pm
cp lib/Log/Dispatch.pm blib\lib\Log\Dispatch.pm
cp lib/Log/Dispatch/Syslog.pm blib\lib\Log\Dispatch\Syslog.pm
cp lib/Log/Dispatch/Email/MIMELite.pm blib\lib\Log\Dispatch\Email\MIMELite.pm
cp lib/Log/Dispatch/Email/MailSend.pm blib\lib\Log\Dispatch\Email\MailSend.pm
cp lib/Log/Dispatch/Null.pm blib\lib\Log\Dispatch\Null.pm
cp lib/Log/Dispatch/File.pm blib\lib\Log\Dispatch\File.pm
cp lib/Log/Dispatch/Base.pm blib\lib\Log\Dispatch\Base.pm
"C:\Strawberry\perl\bin\perl.exe" "-MExtUtils::Command::MM" "-MTest::Harness" "-e" "undef *Test::Harness::Switches; test_harness(0, 'blib\lib', 'blib\arch')" t/*.t
t/00-compile.t .............. ok
# 
# Versions for all modules listed in MYMETA.json (including optional ones):
# 
# === Configure Requires ===
# 
#     Module               Want    Have
#     -------------------- ---- -------
#     Dist::CheckConflicts 0.02    0.11
#     ExtUtils::MakeMaker   any 7.04_01
# 
# === Build Requires ===
# 
#     Module              Want    Have
#     ------------------- ---- -------
#     ExtUtils::MakeMaker  any 7.04_01
# 
# === Test Requires ===
# 
#     Module              Want     Have
#     ------------------- ---- --------
#     Data::Dumper         any    2.158
#     Exporter             any     5.72
#     ExtUtils::MakeMaker  any  7.04_01
#     File::Spec           any     3.56
#     File::Temp           any   0.2304
#     FindBin              any     1.51
#     Getopt::Long         any     2.45
#     IO::File             any     1.16
#     IPC::Run3            any    0.048
#     PerlIO               any     1.09
#     Test::Fatal          any    0.014
#     Test::More          0.96 1.001014
#     Test::Requires       any     0.10
#     lib                  any     0.63
#     utf8                 any     1.17
# 
# === Test Recommends ===
# 
#     Module         Want     Have
#     ---------- -------- --------
#     CPAN::Meta 2.120900 2.150001
# 
# === Runtime Requires ===
# 
#     Module                   Want  Have
#     ------------------------ ---- -----
#     Carp                      any  1.36
#     Devel::GlobalDestruction  any  0.13
#     Dist::CheckConflicts     0.02  0.11
#     Encode                    any  2.76
#     Fcntl                     any  1.13
#     IO::Handle                any  1.35
#     Module::Runtime           any 0.014
#     Params::Validate         1.03  1.21
#     Scalar::Util              any  1.42
#     Sys::Syslog              0.28  0.33
#     base                      any  2.22
#     strict                    any  1.09
#     warnings                  any  1.32
# 
t/00-report-prereqs.t ....... ok
t/01-basic.t ................ ok
t/02-email-exit.t ........... skipped: This test only runs for the maintainer
t/03-short-syntax.t ......... ok
t/04-binmode.t .............. ok
t/05-close-after-write.t .... ok
t/06-syslog.t ............... ok
t/07-syslog-threads.t ....... ok
    
    #   Failed test 'got expected stdout from Screen output'
    #   at t/08-screen.t line 97.
    #          got: 'test message'
    #     expected: 'test message'
    # Looks like you failed 1 test of 2.

#   Failed test 'stderr = 0, utf8 = 0'
#   at t/08-screen.t line 106.
    
    #   Failed test 'got expected stderr from Screen output'
    #   at t/08-screen.t line 103.
    #          got: 'test message'
    #     expected: 'test message'
    # Looks like you failed 1 test of 2.

#   Failed test 'stderr = 1, utf8 = 0'
#   at t/08-screen.t line 106.
    
    #   Failed test 'got expected stdout from Screen output'
    #   at t/08-screen.t line 97.
Wide character in print at C:/Strawberry/perl/lib/Test/Builder.pm line 1826.
    #          got: 'test message - ὠ'
    #     expected: 'test message - ὠ'
    # Looks like you failed 1 test of 2.

#   Failed test 'stderr = 0, utf8 = 1'
#   at t/08-screen.t line 106.
    
    #   Failed test 'got expected stderr from Screen output'
    #   at t/08-screen.t line 103.
Wide character in print at C:/Strawberry/perl/lib/Test/Builder.pm line 1826.
    #          got: 'test message - ὠ'
    #     expected: 'test message - ὠ'
    # Looks like you failed 1 test of 2.

#   Failed test 'stderr = 1, utf8 = 1'
#   at t/08-screen.t line 106.
# Looks like you failed 4 tests of 5.
t/08-screen.t ............... 
Dubious, test returned 4 (wstat 1024, 0x400)
Failed 4/5 subtests 
t/author-eol.t .............. skipped: these tests are for testing by the author
t/author-mojibake.t ......... skipped: these tests are for testing by the author
t/author-no-tabs.t .......... skipped: these tests are for testing by the author
t/author-pod-spell.t ........ skipped: these tests are for testing by the author
t/author-test-dependents.t .. skipped: these tests are for testing by the author
t/author-test-version.t ..... skipped: these tests are for testing by the author
t/release-cpan-changes.t .... skipped: these tests are for release candidate testing
t/release-pod-coverage.t .... skipped: these tests are for release candidate testing
t/release-pod-no404s.t ...... skipped: these tests are for release candidate testing
t/release-pod-syntax.t ...... skipped: these tests are for release candidate testing
t/release-portability.t ..... skipped: these tests are for release candidate testing
t/release-tidyall.t ......... skipped: these tests are for release candidate testing

Test Summary Report
-------------------
t/08-screen.t             (Wstat: 1024 Tests: 5 Failed: 4)
  Failed tests:  2-5
  Non-zero exit status: 4
Files=22, Tests=218,  3 wallclock secs ( 0.09 usr +  0.03 sys =  0.13 CPU)
Result: FAIL
Failed 1/22 test programs. 4/218 subtests failed.
dmake.exe:  Error code 255, while making 'test_dynamic'
-> FAIL Installing Log::Dispatch::Output failed. See C:\Users\CWHITE~1\.cpanm\work\1441669769.2124\build.log for details. Retry with --force to force install it.
