# ***** error handler called *****
# Table dropped
# simple tests array_context = 1, raise = 1
#   all param arrays the same size
#     Autocommit: 1
# insert affected = 5, commit = '', array_context = 1, sts = 5, error = 0, raise = 1, tuple = ARRAY(0x852db18)
# $ArrayTupleStatus = [
#                       -1,
#                       -1,
#                       -1,
#                       -1,
#                       -1
#                     ];
#     Autocommit: 0
# insert affected = 5, commit = 1, array_context = 1, sts = 5, error = 0, raise = 1, tuple = ARRAY(0x852db58)
# $ArrayTupleStatus = [
#                       -1,
#                       -1,
#                       -1,
#                       -1,
#                       -1
#                     ];
#   Not all param arrays the same size
# insert affected = 5, commit = 0, array_context = 1, sts = 5, error = 0, tuple = ARRAY(0x852e098), raise = 1
# $ArrayTupleStatus = [
#                       -1,
#                       -1,
#                       -1,
#                       -1,
#                       -1
#                     ];
#   Not all param arrays the same size with bind on execute_array
# insert affected = 5, array_context = 1, raise = 1, commit = 0, params = ARRAY(0x852dd88), error = 0, sts = 5, tuple = ARRAY(0x853f688)
# $ArrayTupleStatus = [
#                       -1,
#                       -1,
#                       -1,
#                       -1,
#                       -1
#                     ];
#   no parameters
# insert affected = 0, array_context = 1, raise = 1, commit = 0, params = ARRAY(0x853fd88), error = 0, sts = '0E0', tuple = ARRAY(0x8455460)
# $ArrayTupleStatus = [];
# simple tests array_context = 0, raise = 1
#   all param arrays the same size
#     Autocommit: 1
# insert affected = 5, commit = '', array_context = 0, sts = 5, error = 0, raise = 1, tuple = ARRAY(0x8550d10)
# $ArrayTupleStatus = [
#                       -1,
#                       -1,
#                       -1,
#                       -1,
#                       -1
#                     ];
#     Autocommit: 0
# insert affected = 5, commit = 1, array_context = 0, sts = 5, error = 0, raise = 1, tuple = ARRAY(0x8550880)
# $ArrayTupleStatus = [
#                       -1,
#                       -1,
#                       -1,
#                       -1,
#                       -1
#                     ];
#   Not all param arrays the same size
# insert affected = 5, commit = 0, array_context = 0, sts = 5, error = 0, tuple = ARRAY(0x85514f0), raise = 1
# $ArrayTupleStatus = [
#                       -1,
#                       -1,
#                       -1,
#                       -1,
#                       -1
#                     ];
#   Not all param arrays the same size with bind on execute_array
# insert affected = 5, array_context = 0, raise = 1, commit = 0, params = ARRAY(0x853fd48), error = 0, sts = 5, tuple = ARRAY(0x8540be0)
# $ArrayTupleStatus = [
#                       -1,
#                       -1,
#                       -1,
#                       -1,
#                       -1
#                     ];
#   no parameters
# insert affected = 0, array_context = 0, raise = 1, commit = 0, params = ARRAY(0x85412c0), error = 0, sts = '0E0', tuple = ARRAY(0x852e878)
# $ArrayTupleStatus = [];
# error tests array_context = 1, raise = 1
# Last row in error
# insert affected = undef, commit = 0, array_context = 1, sts = undef, error = 1, raise = 1, tuple = ARRAY(0x85413f0)
# ***** error handler called *****
# $ArrayTupleStatus = [
#                       -1,
#                       -1,
#                       -1,
#                       -1,
#                       [
#                         1,
#                         'ORA-00001: unique constraint (BLT.SYS_C002700) violated (DBD SUCCESS_WITH_INFO)',
#                         'S1000'
#                       ]
#                     ];
# 2nd last row in error
# insert affected = undef, commit = 0, array_context = 1, sts = undef, error = 1, raise = 1, tuple = ARRAY(0x85475a8)
# ***** error handler called *****
# $ArrayTupleStatus = [
#                       -1,
#                       -1,
#                       -1,
#                       [
#                         1,
#                         'ORA-00001: unique constraint (BLT.SYS_C002700) violated (DBD SUCCESS_WITH_INFO)',
#                         'S1000'
#                       ],
#                       -1
#                     ];
# error tests array_context = 0, raise = 1
# Last row in error
# insert affected = undef, commit = 0, array_context = 0, sts = undef, error = 1, raise = 1, tuple = ARRAY(0x8547cd8)
# ***** error handler called *****
# $ArrayTupleStatus = [
#                       -1,
#                       -1,
#                       -1,
#                       -1,
#                       [
#                         1,
#                         'ORA-00001: unique constraint (BLT.SYS_C002700) violated (DBD SUCCESS_WITH_INFO)',
#                         'S1000'
#                       ]
#                     ];
# 2nd last row in error
# insert affected = undef, commit = 0, array_context = 0, sts = undef, error = 1, raise = 1, tuple = ARRAY(0x8548558)
# ***** error handler called *****
# $ArrayTupleStatus = [
#                       -1,
#                       -1,
#                       -1,
#                       [
#                         1,
#                         'ORA-00001: unique constraint (BLT.SYS_C002700) violated (DBD SUCCESS_WITH_INFO)',
#                         'S1000'
#                       ],
#                       -1
#                     ];
# error tests array_context = 1, raise = 0
# Last row in error
# insert affected = undef, commit = 0, array_context = 1, sts = undef, error = 1, raise = 0, tuple = ARRAY(0x854a9c8)
# ***** error handler called *****
# $ArrayTupleStatus = [
#                       -1,
#                       -1,
#                       -1,
#                       -1,
#                       [
#                         1,
#                         'ORA-00001: unique constraint (BLT.SYS_C002700) violated (DBD SUCCESS_WITH_INFO)',
#                         'S1000'
#                       ]
#                     ];
# 2nd last row in error
# insert affected = undef, commit = 0, array_context = 1, sts = undef, error = 1, raise = 0, tuple = ARRAY(0x854b418)
# ***** error handler called *****
# $ArrayTupleStatus = [
#                       -1,
#                       -1,
#                       -1,
#                       [
#                         1,
#                         'ORA-00001: unique constraint (BLT.SYS_C002700) violated (DBD SUCCESS_WITH_INFO)',
#                         'S1000'
#                       ],
#                       -1
#                     ];
# error tests array_context = 0, raise = 0
# Last row in error
# insert affected = undef, commit = 0, array_context = 0, sts = undef, error = 1, raise = 0, tuple = ARRAY(0x8555e00)
# ***** error handler called *****
# $ArrayTupleStatus = [
#                       -1,
#                       -1,
#                       -1,
#                       -1,
#                       [
#                         1,
#                         'ORA-00001: unique constraint (BLT.SYS_C002700) violated (DBD SUCCESS_WITH_INFO)',
#                         'S1000'
#                       ]
#                     ];
# 2nd last row in error
# insert affected = undef, commit = 0, array_context = 0, sts = undef, error = 1, raise = 0, tuple = ARRAY(0x85566f0)
# ***** error handler called *****
# $ArrayTupleStatus = [
#                       -1,
#                       -1,
#                       -1,
#                       [
#                         1,
#                         'ORA-00001: unique constraint (BLT.SYS_C002700) violated (DBD SUCCESS_WITH_INFO)',
#                         'S1000'
#                       ],
#                       -1
#                     ];
# row_size via execute_for_fetch
# insert affected = 5, commit = 0, array_context = 1, sts = 5, error = 0, raise = 1, tuple = ARRAY(0x8541f28), fetch = CODE(0x83fc180)
# fetch_sub 0
# fetch_sub 1
# fetch_sub 2
# fetch_sub 3
# fetch_sub 4
# fetch_sub 5
# returning undef
# $ArrayTupleStatus = [
#                       -1,
#                       -1,
#                       -1,
#                       -1,
#                       -1
#                     ];
# row_size via select
# insert affected = 5, array_context = 1, raise = 1, commit = 0, error = 0, sts = 5, tuple = ARRAY(0x8559408), fetch = DBI::st=HASH(0x8559068), requires_mas = 1
# $ArrayTupleStatus = [
#                       -1,
#                       -1,
#                       -1,
#                       -1,
#                       -1
#                     ];
# update test
# insert affected = 5, commit = 0, array_context = 1, sts = 5, error = 0, raise = 1, tuple = ARRAY(0x85593b8), fetch = CODE(0x83fc180)
# fetch_sub 0
# fetch_sub 1
# fetch_sub 2
# fetch_sub 3
# fetch_sub 4
# fetch_sub 5
# returning undef
# $ArrayTupleStatus = [
#                       -1,
#                       -1,
#                       -1,
#                       -1,
#                       -1
#                     ];
# insert affected = 5, commit = 0, array_context = 1, sts = 5, error = 0, raise = 1, tuple = ARRAY(0x8558cd8)
# $ArrayTupleStatus = [
#                       -1,
#                       -1,
#                       -1,
#                       -1,
#                       -1
#                     ];
# insert affected = 4, commit = 0, array_context = 1, sts = 5, error = 0, raise = 1, tuple = ARRAY(0x856dab8)
# $ArrayTupleStatus = [
#                       -1,
#                       -1,
#                       -1,
#                       -1,
#                       -1
#                     ];
# insert affected = 5, commit = 0, array_context = 1, sts = 2, error = 0, raise = 1, tuple = ARRAY(0x8541fb8)
# $ArrayTupleStatus = [
#                       -1,
#                       -1
#                     ];
# Table dropped
# Looks like you planned 406 tests but ran 407.
t/26exe_array.t .. 
1..406
ok 1 - use Data::Dumper;
ok 2 - create test table
ok 3 - no error in execute_array eval
ok 4 - execute_array returned 5 rows executed
ok 5 - total affected 5
ok 6 - no error captured
ok 7 - 5 rows in tuple_status
ok 8 - row 0 tuple status unknown
ok 9 - row 1 tuple status unknown
ok 10 - row 2 tuple status unknown
ok 11 - row 3 tuple status unknown
ok 12 - row 4 tuple status unknown
ok 13 - row 0 p1 data
ok 14 - row 0 p2 data
ok 15 - row 1 p1 data
ok 16 - row 1 p2 data
ok 17 - row 2 p1 data
ok 18 - row 2 p2 data
ok 19 - row 3 p1 data
ok 20 - row 3 p2 data
ok 21 - row 4 p1 data
ok 22 - row 4 p2 data
ok 23 - no error in execute_array eval
ok 24 - execute_array returned 5 rows executed
ok 25 - total affected 5
ok 26 - no error captured
ok 27 - 5 rows in tuple_status
ok 28 - row 0 tuple status unknown
ok 29 - row 1 tuple status unknown
ok 30 - row 2 tuple status unknown
ok 31 - row 3 tuple status unknown
ok 32 - row 4 tuple status unknown
ok 33 - row 0 p1 data
ok 34 - row 0 p2 data
ok 35 - row 1 p1 data
ok 36 - row 1 p2 data
ok 37 - row 2 p1 data
ok 38 - row 2 p2 data
ok 39 - row 3 p1 data
ok 40 - row 3 p2 data
ok 41 - row 4 p1 data
ok 42 - row 4 p2 data
ok 43 - no error in execute_array eval
ok 44 - execute_array returned 5 rows executed
ok 45 - total affected 5
ok 46 - no error captured
ok 47 - 5 rows in tuple_status
ok 48 - row 0 tuple status unknown
ok 49 - row 1 tuple status unknown
ok 50 - row 2 tuple status unknown
ok 51 - row 3 tuple status unknown
ok 52 - row 4 tuple status unknown
ok 53 - row 0 p1 data
ok 54 - row 0 p2 data
ok 55 - row 1 p1 data
ok 56 - row 1 p2 data
ok 57 - row 2 p1 data
ok 58 - row 2 p2 data
ok 59 - row 3 p1 data
ok 60 - row 3 p2 data
ok 61 - row 4 p1 data
ok 62 - row 4 p2 data
ok 63 - no error in execute_array eval
ok 64 - execute_array returned 5 rows executed
ok 65 - total affected 5
ok 66 - no error captured
ok 67 - 5 rows in tuple_status
ok 68 - row 0 tuple status unknown
ok 69 - row 1 tuple status unknown
ok 70 - row 2 tuple status unknown
ok 71 - row 3 tuple status unknown
ok 72 - row 4 tuple status unknown
ok 73 - row 0 p1 data
ok 74 - row 0 p2 data
ok 75 - row 1 p1 data
ok 76 - row 1 p2 data
ok 77 - row 2 p1 data
ok 78 - row 2 p2 data
ok 79 - row 3 p1 data
ok 80 - row 3 p2 data
ok 81 - row 4 p1 data
ok 82 - row 4 p2 data
ok 83 - no error in execute_array eval
ok 84 - execute_array returned '0E0' rows executed
ok 85 - total affected 0
ok 86 - no error captured
ok 87 - 0E0 rows in tuple_status
ok 88 - no error in execute_array eval
ok 89 - execute_array returned 5 rows executed
ok 90 - no error captured
ok 91 - 5 rows in tuple_status
ok 92 - row 0 tuple status unknown
ok 93 - row 1 tuple status unknown
ok 94 - row 2 tuple status unknown
ok 95 - row 3 tuple status unknown
ok 96 - row 4 tuple status unknown
ok 97 - row 0 p1 data
ok 98 - row 0 p2 data
ok 99 - row 1 p1 data
ok 100 - row 1 p2 data
ok 101 - row 2 p1 data
ok 102 - row 2 p2 data
ok 103 - row 3 p1 data
ok 104 - row 3 p2 data
ok 105 - row 4 p1 data
ok 106 - row 4 p2 data
ok 107 - no error in execute_array eval
ok 108 - execute_array returned 5 rows executed
ok 109 - no error captured
ok 110 - 5 rows in tuple_status
ok 111 - row 0 tuple status unknown
ok 112 - row 1 tuple status unknown
ok 113 - row 2 tuple status unknown
ok 114 - row 3 tuple status unknown
ok 115 - row 4 tuple status unknown
ok 116 - row 0 p1 data
ok 117 - row 0 p2 data
ok 118 - row 1 p1 data
ok 119 - row 1 p2 data
ok 120 - row 2 p1 data
ok 121 - row 2 p2 data
ok 122 - row 3 p1 data
ok 123 - row 3 p2 data
ok 124 - row 4 p1 data
ok 125 - row 4 p2 data
ok 126 - no error in execute_array eval
ok 127 - execute_array returned 5 rows executed
ok 128 - no error captured
ok 129 - 5 rows in tuple_status
ok 130 - row 0 tuple status unknown
ok 131 - row 1 tuple status unknown
ok 132 - row 2 tuple status unknown
ok 133 - row 3 tuple status unknown
ok 134 - row 4 tuple status unknown
ok 135 - row 0 p1 data
ok 136 - row 0 p2 data
ok 137 - row 1 p1 data
ok 138 - row 1 p2 data
ok 139 - row 2 p1 data
ok 140 - row 2 p2 data
ok 141 - row 3 p1 data
ok 142 - row 3 p2 data
ok 143 - row 4 p1 data
ok 144 - row 4 p2 data
ok 145 - no error in execute_array eval
ok 146 - execute_array returned 5 rows executed
ok 147 - no error captured
ok 148 - 5 rows in tuple_status
ok 149 - row 0 tuple status unknown
ok 150 - row 1 tuple status unknown
ok 151 - row 2 tuple status unknown
ok 152 - row 3 tuple status unknown
ok 153 - row 4 tuple status unknown
ok 154 - row 0 p1 data
ok 155 - row 0 p2 data
ok 156 - row 1 p1 data
ok 157 - row 1 p2 data
ok 158 - row 2 p1 data
ok 159 - row 2 p2 data
ok 160 - row 3 p1 data
ok 161 - row 3 p2 data
ok 162 - row 4 p1 data
ok 163 - row 4 p2 data
ok 164 - no error in execute_array eval
ok 165 - execute_array returned '0E0' rows executed
ok 166 - no error captured
ok 167 - 0E0 rows in tuple_status
ok 168 - error in execute_array eval
ok 169 - error captured
ok 170 - row 0 tuple status unknown
ok 171 - row 1 tuple status unknown
ok 172 - row 2 tuple status unknown
ok 173 - row 3 tuple status unknown
ok 174 - array in array tuple status
ok 175 - 3 elements in array tuple status error
ok 176 - row 0 p1 data
ok 177 - row 0 p2 data
ok 178 - row 1 p1 data
ok 179 - row 1 p2 data
ok 180 - row 2 p1 data
ok 181 - row 2 p2 data
ok 182 - row 3 p1 data
ok 183 - row 3 p2 data
ok 184 - error in execute_array eval
ok 185 - error captured
ok 186 - row 0 tuple status unknown
ok 187 - row 1 tuple status unknown
ok 188 - row 2 tuple status unknown
ok 189 - array in array tuple status
ok 190 - 3 elements in array tuple status error
ok 191 - row 4 tuple status unknown
ok 192 - row 0 p1 data
ok 193 - row 0 p2 data
ok 194 - row 1 p1 data
ok 195 - row 1 p2 data
ok 196 - row 2 p1 data
ok 197 - row 2 p2 data
ok 198 - row 3 p1 data
ok 199 - row 3 p2 data
ok 200 - error in execute_array eval
ok 201 - error captured
ok 202 - row 0 tuple status unknown
ok 203 - row 1 tuple status unknown
ok 204 - row 2 tuple status unknown
ok 205 - row 3 tuple status unknown
ok 206 - array in array tuple status
ok 207 - 3 elements in array tuple status error
ok 208 - row 0 p1 data
ok 209 - row 0 p2 data
ok 210 - row 1 p1 data
ok 211 - row 1 p2 data
ok 212 - row 2 p1 data
ok 213 - row 2 p2 data
ok 214 - row 3 p1 data
ok 215 - row 3 p2 data
ok 216 - error in execute_array eval
ok 217 - error captured
ok 218 - row 0 tuple status unknown
ok 219 - row 1 tuple status unknown
ok 220 - row 2 tuple status unknown
ok 221 - array in array tuple status
ok 222 - 3 elements in array tuple status error
ok 223 - row 4 tuple status unknown
ok 224 - row 0 p1 data
ok 225 - row 0 p2 data
ok 226 - row 1 p1 data
ok 227 - row 1 p2 data
ok 228 - row 2 p1 data
ok 229 - row 2 p2 data
ok 230 - row 3 p1 data
ok 231 - row 3 p2 data
ok 232 - no error in execute_array eval
ok 233 - execute_array returned undef rows executed
ok 234 - total affected undef
ok 235 - row 0 tuple status unknown
ok 236 - row 1 tuple status unknown
ok 237 - row 2 tuple status unknown
ok 238 - row 3 tuple status unknown
ok 239 - array in array tuple status
ok 240 - 3 elements in array tuple status error
ok 241 - row 0 p1 data
ok 242 - row 0 p2 data
ok 243 - row 1 p1 data
ok 244 - row 1 p2 data
ok 245 - row 2 p1 data
ok 246 - row 2 p2 data
ok 247 - row 3 p1 data
ok 248 - row 3 p2 data
ok 249 - no error in execute_array eval
ok 250 - execute_array returned undef rows executed
ok 251 - total affected undef
ok 252 - row 0 tuple status unknown
ok 253 - row 1 tuple status unknown
ok 254 - row 2 tuple status unknown
ok 255 - array in array tuple status
ok 256 - 3 elements in array tuple status error
ok 257 - row 4 tuple status unknown
ok 258 - row 0 p1 data
ok 259 - row 0 p2 data
ok 260 - row 1 p1 data
ok 261 - row 1 p2 data
ok 262 - row 2 p1 data
ok 263 - row 2 p2 data
ok 264 - row 3 p1 data
ok 265 - row 3 p2 data
ok 266 - no error in execute_array eval
ok 267 - execute_array returned undef rows executed
ok 268 - row 0 tuple status unknown
ok 269 - row 1 tuple status unknown
ok 270 - row 2 tuple status unknown
ok 271 - row 3 tuple status unknown
ok 272 - array in array tuple status
ok 273 - 3 elements in array tuple status error
ok 274 - row 0 p1 data
ok 275 - row 0 p2 data
ok 276 - row 1 p1 data
ok 277 - row 1 p2 data
ok 278 - row 2 p1 data
ok 279 - row 2 p2 data
ok 280 - row 3 p1 data
ok 281 - row 3 p2 data
ok 282 - no error in execute_array eval
ok 283 - execute_array returned undef rows executed
ok 284 - row 0 tuple status unknown
ok 285 - row 1 tuple status unknown
ok 286 - row 2 tuple status unknown
ok 287 - array in array tuple status
ok 288 - 3 elements in array tuple status error
ok 289 - row 4 tuple status unknown
ok 290 - row 0 p1 data
ok 291 - row 0 p2 data
ok 292 - row 1 p1 data
ok 293 - row 1 p2 data
ok 294 - row 2 p1 data
ok 295 - row 2 p2 data
ok 296 - row 3 p1 data
ok 297 - row 3 p2 data
ok 298 - no error in execute_array eval
ok 299 - execute_array returned 5 rows executed
ok 300 - total affected 5
ok 301 - no error captured
ok 302 - 5 rows in tuple_status
ok 303 - row 0 tuple status unknown
ok 304 - row 1 tuple status unknown
ok 305 - row 2 tuple status unknown
ok 306 - row 3 tuple status unknown
ok 307 - row 4 tuple status unknown
ok 308 - execute on second table
ok 309 - second statement is in executed state
ok 310 - no error in execute_array eval
ok 311 - execute_array returned 5 rows executed
ok 312 - total affected 5
ok 313 - no error captured
ok 314 - 5 rows in tuple_status
ok 315 - row 0 tuple status unknown
ok 316 - row 1 tuple status unknown
ok 317 - row 2 tuple status unknown
ok 318 - row 3 tuple status unknown
ok 319 - row 4 tuple status unknown
ok 320 - row 0 p1 data
ok 321 - row 0 p2 data
ok 322 - row 1 p1 data
ok 323 - row 1 p2 data
ok 324 - row 2 p1 data
ok 325 - row 2 p2 data
ok 326 - row 3 p1 data
ok 327 - row 3 p2 data
ok 328 - row 4 p1 data
ok 329 - row 4 p2 data
ok 330 - no error in execute_array eval
ok 331 - execute_array returned 5 rows executed
ok 332 - total affected 5
ok 333 - no error captured
ok 334 - 5 rows in tuple_status
ok 335 - row 0 tuple status unknown
ok 336 - row 1 tuple status unknown
ok 337 - row 2 tuple status unknown
ok 338 - row 3 tuple status unknown
ok 339 - row 4 tuple status unknown
ok 340 - row 0 p1 data
ok 341 - row 0 p2 data
ok 342 - row 1 p1 data
ok 343 - row 1 p2 data
ok 344 - row 2 p1 data
ok 345 - row 2 p2 data
ok 346 - row 3 p1 data
ok 347 - row 3 p2 data
ok 348 - row 4 p1 data
ok 349 - row 4 p2 data
ok 350 - no error in execute_array eval
ok 351 - execute_array returned 5 rows executed
ok 352 - total affected 5
ok 353 - no error captured
ok 354 - 5 rows in tuple_status
ok 355 - row 0 tuple status unknown
ok 356 - row 1 tuple status unknown
ok 357 - row 2 tuple status unknown
ok 358 - row 3 tuple status unknown
ok 359 - row 4 tuple status unknown
ok 360 - row 0 p1 data
ok 361 - row 0 p2 data
ok 362 - row 1 p1 data
ok 363 - row 1 p2 data
ok 364 - row 2 p1 data
ok 365 - row 2 p2 data
ok 366 - row 3 p1 data
ok 367 - row 3 p2 data
ok 368 - row 4 p1 data
ok 369 - row 4 p2 data
ok 370 - no error in execute_array eval
ok 371 - execute_array returned 5 rows executed
ok 372 - total affected 4
ok 373 - no error captured
ok 374 - 5 rows in tuple_status
ok 375 - row 0 tuple status unknown
ok 376 - row 1 tuple status unknown
ok 377 - row 2 tuple status unknown
ok 378 - row 3 tuple status unknown
ok 379 - row 4 tuple status unknown
ok 380 - row 0 p1 data
ok 381 - row 0 p2 data
ok 382 - row 1 p1 data
ok 383 - row 1 p2 data
ok 384 - row 2 p1 data
ok 385 - row 2 p2 data
ok 386 - row 3 p1 data
ok 387 - row 3 p2 data
ok 388 - row 4 p1 data
ok 389 - row 4 p2 data
ok 390 - no error in execute_array eval
ok 391 - execute_array returned 2 rows executed
ok 392 - total affected 5
ok 393 - no error captured
ok 394 - 2 rows in tuple_status
ok 395 - row 0 tuple status unknown
ok 396 - row 1 tuple status unknown
ok 397 - row 0 p1 data
ok 398 - row 0 p2 data
ok 399 - row 1 p1 data
ok 400 - row 1 p2 data
ok 401 - row 2 p1 data
ok 402 - row 2 p2 data
ok 403 - row 3 p1 data
ok 404 - row 3 p2 data
ok 405 - row 4 p1 data
ok 406 - row 4 p2 data
ok 407 - no warnings
Dubious, test returned 255 (wstat 65280, 0xff00)
All 406 subtests passed 

Test Summary Report
-------------------
t/26exe_array.t (Wstat: 65280 Tests: 407 Failed: 1)
  Failed test:  407
  Non-zero exit status: 255
  Parse errors: Bad plan.  You planned 406 tests but ran 407.
Files=1, Tests=407, 70 wallclock secs ( 0.08 usr  0.05 sys +  0.17 cusr  0.09 csys =  0.39 CPU)
Result: FAIL
