cpanm (App::cpanminus) 1.7043 on perl 5.020002 built for MSWin32-x64-multi-thread
Work directory is C:\Users\USER_E~1/.cpanm/work/1515000416.9760
You have make C:\PERL\c\bin\dmake.exe
You have LWP 6.13
Falling back to Archive::Tar 2.04
Searching Alt::Alien::ZMQ::Alien::ZMQ::latest () on cpanmetadb ...
--> Working on Alt::Alien::ZMQ::Alien::ZMQ::latest
Fetching http://www.cpan.org/authors/id/Z/ZM/ZMUGHAL/Alt-Alien-ZMQ-Alien-ZMQ-latest-0.001.tar.gz
-> OK
Unpacking Alt-Alien-ZMQ-Alien-ZMQ-latest-0.001.tar.gz
Entering Alt-Alien-ZMQ-Alien-ZMQ-latest-0.001
Checking configure dependencies from META.json
Checking if you have ExtUtils::MakeMaker 6.58 ... Yes (7.04)
Configuring Alt-Alien-ZMQ-Alien-ZMQ-latest-0.001
Running Makefile.PL
Warning: prerequisite Alien::ZMQ::latest 0 not found.
Checking if your kit is complete...
Looks good
Generating a dmake-style Makefile
Writing Makefile for Alt::Alien::ZMQ::Alien::ZMQ::latest
Writing MYMETA.yml and MYMETA.json
-> OK
Checking dependencies from MYMETA.json ...
Checking if you have warnings 0 ... Yes (1.23)
Checking if you have Alien::ZMQ::latest 0 ... No
Checking if you have strict 0 ... Yes (1.08)
Checking if you have Test::Most 0 ... Yes (0.34)
Checking if you have ExtUtils::MakeMaker 0 ... Yes (7.04)
Checking if you have Text::ParseWords 0 ... Yes (3.29)
==> Found dependencies: Alien::ZMQ::latest
Searching Alien::ZMQ::latest (0) on cpanmetadb ...
--> Working on Alien::ZMQ::latest
Fetching http://www.cpan.org/authors/id/Z/ZM/ZMUGHAL/Alien-ZMQ-latest-0.004.tar.gz
-> OK
Unpacking Alien-ZMQ-latest-0.004.tar.gz
Entering Alien-ZMQ-latest-0.004
Checking configure dependencies from META.json
Checking if you have ExtUtils::MakeMaker 6.58 ... Yes (7.04)
Checking if you have Alien::Build 0.32 ... Yes (1.32)
Checking if you have Alien::Build::MM 0.32 ... Yes (1.32)
Checking if you have Alien::Build::Plugin::Gather::Dino 0 ... Yes (0.06)
Configuring Alien-ZMQ-latest-0.004
Running Makefile.PL
Alien::Build::Plugin::PkgConfig::Negotiate> Using PkgConfig plugin: PkgConfig::CommandLine
Alien::Build::CommandSequence> + pkg-config --exists libzmq
Alien::Build> error in probe (will do a share install): external command failed at C:/PERL/perl/site/lib/Alien/Build/CommandSequence.pm line 71.
Alien::Build> Don't panic, we will attempt a share build from source if possible.
Alien::Build> Do not file a bug unless you expected a system install to succeed.
Checking if your kit is complete...
Looks good
Generating a dmake-style Makefile
Writing Makefile for Alien::ZMQ::latest
Writing MYMETA.yml and MYMETA.json
-> OK
Checking dependencies from MYMETA.json ...
Checking if you have Alien::Role::Dino 0 ... Yes (0.06)
Checking if you have Test::Alien 0 ... Yes (1.32)
Checking if you have Alien::Build 0.32 ... Yes (1.32)
Checking if you have ExtUtils::MakeMaker 6.52 ... Yes (7.04)
Checking if you have Alien::Build::MM 0.32 ... Yes (1.32)
Checking if you have Alien::Base 0.038 ... Yes (1.32)
Checking if you have IO::Socket::SSL 1.56 ... Yes (2.012)
Checking if you have HTML::LinkExtor 0 ... Yes (3.69)
Checking if you have warnings 0 ... Yes (1.23)
Checking if you have IO::Zlib 0 ... Yes (1.10)
Checking if you have Alien::MSYS 0.07 ... Yes (0.09)
Checking if you have URI 0 ... Yes (1.65)
Checking if you have Role::Tiny::With 0 ... Yes (1.003004)
Checking if you have URI::Escape 0 ... Yes (3.31)
Checking if you have Net::SSLeay 1.49 ... Yes (1.68)
Checking if you have Sort::Versions 0 ... Yes (1.60)
Checking if you have HTTP::Tiny 0.044 ... Yes (0.054)
Checking if you have Test2::V0 0 ... Yes (0.000097)
Checking if you have strict 0 ... Yes (1.08)
Checking if you have base 0 ... Yes (2.22)
Checking if you have Archive::Tar 0 ... Yes (2.04)
Building and testing Alien-ZMQ-latest-0.004
cp lib/Alien/ZMQ/latest.pm blib\lib\Alien\ZMQ\latest.pm
"C:\PERL\perl\bin\perl.exe" -MAlien::Build::MM=cmd -e prefix site C:\PERL\perl\lib C:\PERL\perl\site\lib C:\PERL\perl\vendor\lib
Alien::Build::Plugin::PkgConfig::Negotiate> Using PkgConfig plugin: PkgConfig::CommandLine
main> prefix C:/PERL/perl/site/lib/auto/share/dist/Alien-ZMQ-latest
"C:\PERL\perl\bin\perl.exe" -MAlien::Build::MM=cmd -e version 0.004
Alien::Build::Plugin::PkgConfig::Negotiate> Using PkgConfig plugin: PkgConfig::CommandLine
"C:\PERL\perl\bin\perl.exe" -MAlien::Build::MM=cmd -e download
Alien::Build::Plugin::PkgConfig::Negotiate> Using PkgConfig plugin: PkgConfig::CommandLine
Alien::Build::Plugin::Core::Download> decoding html
Alien::Build::Plugin::Core::Download> candidate *https://github.com/zeromq/libzmq/releases/download/v4.2.3/zeromq-4.2.3.tar.gz
Alien::Build::Plugin::Core::Download> candidate  https://github.com/zeromq/libzmq/releases/download/v4.2.2/zeromq-4.2.2.tar.gz
Alien::Build::Plugin::Core::Download> candidate  https://github.com/zeromq/libzmq/releases/download/v4.2.1/zeromq-4.2.1.tar.gz
Alien::Build::Plugin::Core::Download> candidate  https://github.com/zeromq/libzmq/releases/download/v4.2.0/zeromq-4.2.0.tar.gz
Alien::Build::Plugin::Core::Download> setting version based on archive to 4.2.3
Alien::Build::Plugin::Core::Download> downloaded zeromq-4.2.3.tar.gz
"C:\PERL\perl\bin\perl.exe" -MAlien::Build::MM=cmd -e build
Alien::Build::Plugin::PkgConfig::Negotiate> Using PkgConfig plugin: PkgConfig::CommandLine
Alien::Build::CommandSequence> + sh configure --prefix=/C/PERL/perl/site/lib/auto/share/dist/Alien-ZMQ-latest --with-pic --disable-static --enable-shared
checking for a BSD-compatible install... /usr/bin/install -c
checking whether build environment is sane... yes
checking for a thread-safe mkdir -p... /usr/bin/mkdir -p
checking for gawk... gawk
checking whether make sets $(MAKE)... yes
checking whether make supports nested variables... yes
checking whether UID '500' is supported by ustar format... yes
checking whether GID '544' is supported by ustar format... yes
checking how to create a ustar tar archive... gnutar
checking whether make supports nested variables... (cached) yes
checking for gcc... gcc
checking whether the C compiler works... yes
checking for C compiler default output file name... a.exe
checking for suffix of executables... .exe
checking whether we are cross compiling... no
checking for suffix of object files... o
checking whether we are using the GNU C compiler... yes
checking whether gcc accepts -g... yes
checking for gcc option to accept ISO C89... none needed
checking whether gcc understands -c and -o together... yes
checking for style of include used by make... GNU
checking dependency style of gcc... gcc3
checking whether C compiler accepts -std=gnu11... yes
checking for g++... g++
checking whether we are using the GNU C++ compiler... yes
checking whether g++ accepts -g... yes
checking dependency style of g++... gcc3
checking whether g++ supports C++11 features by default... no
checking whether g++ supports C++11 features with -std=gnu++11... yes
checking for a sed that does not truncate output... /usr/bin/sed
checking whether to build with code coverage support... no
checking for a sed that does not truncate output... (cached) /usr/bin/sed
checking for gawk... (cached) gawk
checking for pkg-config... /c/PERL/perl/bin/pkg-config
checking pkg-config is at least version 0.9.0... Unknown option: atleast-pkgconfig-version
no
checking for xmlto... no
checking for asciidoc... no
checking build system type... i686-pc-mingw32
checking host system type... i686-pc-mingw32
checking for as... as
checking for dlltool... dlltool
checking for objdump... objdump
checking how to print strings... printf
checking for a sed that does not truncate output... (cached) /usr/bin/sed
checking for grep that handles long lines and -e... /usr/bin/grep
checking for egrep... /usr/bin/grep -E
checking for fgrep... /usr/bin/grep -F
checking for ld used by gcc... c:/PERL/c/x86_64-w64-mingw32/bin/ld.exe
checking if the linker (c:/PERL/c/x86_64-w64-mingw32/bin/ld.exe) is GNU ld... yes
checking for BSD- or MS-compatible name lister (nm)... /c/PERL/c/bin/nm
checking the name lister (/c/PERL/c/bin/nm) interface... BSD nm
checking whether ln -s works... no, using cp -pR
checking the maximum length of command line arguments... 8192
checking whether the shell understands some XSI constructs... yes
checking whether the shell understands "+="... yes
checking how to convert i686-pc-mingw32 file names to i686-pc-mingw32 format... func_convert_file_msys_to_w32
checking how to convert i686-pc-mingw32 file names to toolchain format... func_convert_file_msys_to_w32
checking for c:/PERL/c/x86_64-w64-mingw32/bin/ld.exe option to reload object files... -r
checking for objdump... (cached) objdump
checking how to recognize dependent libraries... file_magic ^x86 archive import|^x86 DLL
checking for dlltool... (cached) dlltool
checking how to associate runtime and link libraries... func_cygming_dll_for_implib
checking for ar... ar
checking for archiver @FILE support... @
checking for strip... strip
checking for ranlib... ranlib
checking command to parse /c/PERL/c/bin/nm output from gcc object... ok
checking for sysroot... no
checking for mt... no
checking if : is a manifest tool... no
checking how to run the C preprocessor... gcc -E
checking for ANSI C header files... yes
checking for sys/types.h... yes
checking for sys/stat.h... yes
checking for stdlib.h... yes
checking for string.h... yes
checking for memory.h... yes
checking for strings.h... yes
checking for inttypes.h... yes
checking for stdint.h... yes
checking for unistd.h... yes
checking for dlfcn.h... no
checking for objdir... .libs
checking if gcc supports -fno-rtti -fno-exceptions... no
checking for gcc option to produce PIC... -DDLL_EXPORT -DPIC
checking if gcc PIC flag -DDLL_EXPORT -DPIC works... yes
checking if gcc static flag -static works... yes
checking if gcc supports -c -o file.o... yes
checking if gcc supports -c -o file.o... (cached) yes
checking whether the gcc linker (c:/PERL/c/x86_64-w64-mingw32/bin/ld.exe) supports shared libraries... yes
checking whether -lc should be explicitly linked in... yes
checking dynamic linker characteristics... Win32 ld.exe
checking how to hardcode library paths into programs... immediate
checking whether stripping libraries is possible... yes
checking if libtool supports shared libraries... yes
checking whether to build shared libraries... yes
checking whether to build static libraries... no
checking how to run the C++ preprocessor... g++ -std=gnu++11 -E
checking for ld used by g++ -std=gnu++11... c:/PERL/c/x86_64-w64-mingw32/bin/ld.exe
checking if the linker (c:/PERL/c/x86_64-w64-mingw32/bin/ld.exe) is GNU ld... yes
checking whether the g++ -std=gnu++11 linker (c:/PERL/c/x86_64-w64-mingw32/bin/ld.exe) supports shared libraries... yes
checking for g++ -std=gnu++11 option to produce PIC... -DDLL_EXPORT -DPIC
checking if g++ -std=gnu++11 PIC flag -DDLL_EXPORT -DPIC works... yes
checking if g++ -std=gnu++11 static flag -static works... yes
checking if g++ -std=gnu++11 supports -c -o file.o... yes
checking if g++ -std=gnu++11 supports -c -o file.o... (cached) yes
checking whether the g++ -std=gnu++11 linker (c:/PERL/c/x86_64-w64-mingw32/bin/ld.exe) supports shared libraries... yes
checking dynamic linker characteristics... Win32 ld.exe
checking how to hardcode library paths into programs... immediate
checking for valgrind... no
checking whether the C compiler works... yes
checking whether we are using Intel C compiler... no
checking whether we are using Sun Studio C compiler... no
checking whether we are using clang C compiler... no
checking whether we are using gcc >= 4 C compiler... yes
checking whether the C++ compiler works... yes
checking whether we are using Intel C++ compiler... no
checking whether we are using Sun Studio C++ compiler... no
checking whether we are using clang C++ compiler... no
checking whether we are using gcc >= 4 C++ compiler... yes
checking whether to enable debugging information... no
checking whether to enable code coverage... no
checking if TIPC is available and supports nonblocking connect... no
checking whether to enable ASan... no
checking windows.h usability... yes
checking windows.h presence... yes
checking for windows.h... yes
checking for main in -lws2_32... yes
checking for main in -lrpcrt4... yes
checking for main in -liphlpapi... yes
checking for pthread_create in -lpthread... yes
checking for clock_gettime in -lrt... no
checking for asciidoc... no
checking for xmlto... no
checking whether to build documentation... no
checking whether to install manpages... no
configure: Choosing polling system from 'kqueue epoll devpoll pollset poll select'...
configure: Using 'select' polling system
checking for ANSI C header files... (cached) yes
checking errno.h usability... yes
checking errno.h presence... yes
checking for errno.h... yes
checking time.h usability... yes
checking time.h presence... yes
checking for time.h... yes
checking for unistd.h... (cached) yes
checking limits.h usability... yes
checking limits.h presence... yes
checking for limits.h... yes
checking stddef.h usability... yes
checking stddef.h presence... yes
checking for stddef.h... yes
checking for stdlib.h... (cached) yes
checking for string.h... (cached) yes
checking arpa/inet.h usability... no
checking arpa/inet.h presence... no
checking for arpa/inet.h... no
checking netinet/tcp.h usability... no
checking netinet/tcp.h presence... no
checking for netinet/tcp.h... no
checking netinet/in.h usability... no
checking netinet/in.h presence... no
checking for netinet/in.h... no
checking sys/socket.h usability... no
checking sys/socket.h presence... no
checking for sys/socket.h... no
checking sys/time.h usability... yes
checking sys/time.h presence... yes
checking for sys/time.h... yes
checking ifaddrs.h usability... no
checking ifaddrs.h presence... no
checking for ifaddrs.h... no
checking sys/uio.h usability... no
checking sys/uio.h presence... no
checking for sys/uio.h... no
checking sys/eventfd.h usability... no
checking sys/eventfd.h presence... no
checking for sys/eventfd.h... no
checking whether SO_PEERCRED is declared... no
checking whether LOCAL_PEERCRED is declared... no
checking for stdbool.h that conforms to C99... yes
checking for _Bool... no
checking for an ANSI C-conforming const... yes
checking for inline... inline
checking for size_t... yes
checking for ssize_t... yes
checking whether time.h and sys/time.h may both be included... yes
checking for uint32_t... yes
checking for working volatile... yes
configure: Using tweetnacl for CURVE security
checking "with_norm_ext = no"... no
checking how to enable additional warnings for C++ compiler... -Wall
checking how to turn warnings to errors in C++ compiler... -Werror
checking how to enable strict standards compliance in C++ compiler... -pedantic
checking whether compiler supports __atomic_Xxx intrinsics... yes
checking return type of signal handlers... void
checking for perror... yes
checking for gettimeofday... yes
checking for clock_gettime... yes
checking for memset... yes
checking for socket... yes
checking for getifaddrs... no
checking for freeifaddrs... no
checking for fork... no
checking for posix_memalign... no
checking for mkdtemp... no
checking for accept4... no
checking alloca.h usability... no
checking alloca.h presence... no
checking for alloca.h... no
checking whether signature of pthread_setname_np() has 1 argument... no
checking whether signature of pthread_setname_np() has 2 arguments... no
checking whether signature of pthread_setname_np() has 3 arguments... no
checking whether pthread_set_name_np() exists... no
checking whether pthread_setaffinity_np() exists... no
checking whether SOCK_CLOEXEC is supported... no
checking whether O_CLOEXEC is supported... no
checking whether SO_BINDTODEVICE is supported... no
checking whether SO_KEEPALIVE is supported... no
checking whether TCP_KEEPCNT is supported... no
checking whether TCP_KEEPIDLE is supported... no
checking whether TCP_KEEPINTVL is supported... no
checking whether TCP_KEEPALIVE is supported... no
checking whether getrandom is supported... no
checking for ./.git... no
configure: Building stable and legacy API (no draft API)
checking for LIBUNWIND... no
configure: WARNING: Cannot find libunwind
checking that generated files are newer than configure... done
configure: creating ./config.status
config.status: creating Makefile
config.status: creating src/libzmq.pc
config.status: creating doc/Makefile
config.status: creating builds/Makefile
config.status: creating builds/msvc/Makefile
config.status: creating src/platform.hpp
config.status: executing depfiles commands
config.status: executing libtool commands
Alien::Build::CommandSequence> + make
Making all in doc
make[1]: Entering directory `/c/Users/USER_E~1/.cpanm/work/1515000416.9760/Alien-ZMQ-latest-0.004/_alien/build_mI0U/zeromq-4.2.3/doc'
make[1]: Nothing to be done for `all'.
make[1]: Leaving directory `/c/Users/USER_E~1/.cpanm/work/1515000416.9760/Alien-ZMQ-latest-0.004/_alien/build_mI0U/zeromq-4.2.3/doc'
make[1]: Entering directory `/c/Users/USER_E~1/.cpanm/work/1515000416.9760/Alien-ZMQ-latest-0.004/_alien/build_mI0U/zeromq-4.2.3'
  CXX      src/src_libzmq_la-address.lo
In file included from c:/PERL/c/x86_64-w64-mingw32/include/iphlpapi.h:16:0,
                 from src/windows.hpp:61,
                 from src/precompiled.hpp:39,
                 from src/address.cpp:30:
c:/PERL/c/x86_64-w64-mingw32/include/netioapi.h:44:3: error: 'SOCKADDR_INET' does not name a type
   SOCKADDR_INET Address;
   ^
c:/PERL/c/x86_64-w64-mingw32/include/netioapi.h:56:3: error: 'SOCKADDR_INET' does not name a type
   SOCKADDR_INET Prefix;
   ^
c:/PERL/c/x86_64-w64-mingw32/include/netioapi.h:64:3: error: 'SOCKADDR_INET' does not name a type
   SOCKADDR_INET     NextHop;
   ^
c:/PERL/c/x86_64-w64-mingw32/include/netioapi.h:79:3: error: 'SOCKADDR_INET' does not name a type
   SOCKADDR_INET     Address;
   ^
c:/PERL/c/x86_64-w64-mingw32/include/netioapi.h:152:3: error: 'SOCKADDR_INET' does not name a type
   SOCKADDR_INET    Address;
   ^
c:/PERL/c/x86_64-w64-mingw32/include/netioapi.h:250:3: error: 'SOCKADDR_INET' does not name a type
   SOCKADDR_INET Source;
   ^
c:/PERL/c/x86_64-w64-mingw32/include/netioapi.h:251:3: error: 'SOCKADDR_INET' does not name a type
   SOCKADDR_INET Destination;
   ^
c:/PERL/c/x86_64-w64-mingw32/include/netioapi.h:254:3: error: 'SOCKADDR_INET' does not name a type
   SOCKADDR_INET CurrentNextHop;
   ^
c:/PERL/c/x86_64-w64-mingw32/include/netioapi.h:273:3: error: 'SOCKADDR_INET' does not name a type
   SOCKADDR_INET Address;
   ^
c:/PERL/c/x86_64-w64-mingw32/include/netioapi.h:382:9: error: 'PSOCKADDR_IN6' does not name a type
   const PSOCKADDR_IN6 SourceAddressList,
         ^
c:/PERL/c/x86_64-w64-mingw32/include/netioapi.h:384:9: error: 'PSOCKADDR_IN6' does not name a type
   const PSOCKADDR_IN6 DestinationAddressList,
         ^
c:/PERL/c/x86_64-w64-mingw32/include/netioapi.h:387:3: error: 'PSOCKADDR_IN6_PAIR' has not been declared
   PSOCKADDR_IN6_PAIR *SortedAddressPairList,
   ^
c:/PERL/c/x86_64-w64-mingw32/include/netioapi.h:454:9: error: 'SOCKADDR_INET' does not name a type
   const SOCKADDR_INET *SourceAddress,
         ^
c:/PERL/c/x86_64-w64-mingw32/include/netioapi.h:455:9: error: 'SOCKADDR_INET' does not name a type
   const SOCKADDR_INET *DestinationAddress,
         ^
c:/PERL/c/x86_64-w64-mingw32/include/netioapi.h:458:3: error: 'SOCKADDR_INET' has not been declared
   SOCKADDR_INET *BestSourceAddress
   ^
In file included from c:/PERL/c/x86_64-w64-mingw32/include/iphlpapi.h:16:0,
                 from src/windows.hpp:61,
                 from src/precompiled.hpp:39,
                 from src/address.cpp:30:
c:/PERL/c/x86_64-w64-mingw32/include/netioapi.h:585:9: error: 'SOCKADDR_INET' does not name a type
   const SOCKADDR_INET *SourceAddress
         ^
In file included from src/windows.hpp:61:0,
                 from src/precompiled.hpp:39,
                 from src/address.cpp:30:
c:/PERL/c/x86_64-w64-mingw32/include/iphlpapi.h:147:5: error: 'SOCKADDR_IN6' does not name a type
     SOCKADDR_IN6 Ipv6Address;
     ^
make[1]: *** [src/src_libzmq_la-address.lo] Error 1
make[1]: Leaving directory `/c/Users/USER_E~1/.cpanm/work/1515000416.9760/Alien-ZMQ-latest-0.004/_alien/build_mI0U/zeromq-4.2.3'
make: *** [all-recursive] Error 1
external command failed at C:/PERL/perl/site/lib/Alien/Build/CommandSequence.pm line 87.
dmake.exe:  Error code 130, while making '_alien\mm\build'
-> FAIL Installing Alien::ZMQ::latest failed. See C:\Users\USER_E~1\.cpanm\work\1515000416.9760\build.log for details. Retry with --force to force install it.
-> FAIL Installing the dependencies failed: Module 'Alien::ZMQ::latest' is not installed
-> FAIL Bailing out the installation for Alt-Alien-ZMQ-Alien-ZMQ-latest-0.001.
