cpanm (App::cpanminus) 1.7001 on perl 5.021005 built for x86_64-linux-thread-multi
Work directory is /home/sven/.cpanm/work/1416505053.17302
You have make /usr/bin/make
You have /usr/bin/wget
You have /usr/bin/tar: tar (GNU tar) 1.28
Copyright © 2014 Free Software Foundation, Inc.
License GPLv3+: GNU GPL Version 3 oder später <http://gnu.org/licenses/gpl.html>
Dies ist freie Software: Sie dürfen sie ändern und weiter verbreiten.
Es gibt KEINERLEI GARANTIE, so weit das Gesetz es erlaubt.

Geschrieben von John Gilmore und Jay Fenlason.
You have /usr/bin/unzip
Searching Data::Alias on cpanmetadb ...
--> Working on Data::Alias
Fetching http://www.cpan.org/authors/id/Z/ZE/ZEFRAM/Data-Alias-1.18.tar.gz
-> OK
Unpacking Data-Alias-1.18.tar.gz
Entering Data-Alias-1.18
Checking configure dependencies from META.yml
Configuring Data-Alias-1.18
Running Makefile.PL
Checking if your kit is complete...
Looks good
Generating a Unix-style Makefile
Writing Makefile for Data::Alias
Writing MYMETA.yml and MYMETA.json
-> OK
Checking dependencies from MYMETA.json ...
Checking if you have ExtUtils::MakeMaker 0 ... Yes (6.98)
Building and testing Data-Alias-1.18
cp lib/Data/Alias.pm blib/lib/Data/Alias.pm
Running Mkbootstrap for Data::Alias ()
chmod 644 Alias.bs
/opt/perl5/perls/perl-5.21.5/bin/perl5.21.5 "-Iinc" /opt/perl5/perls/perl-5.21.5/lib/5.21.5/ExtUtils/xsubpp  -typemap /opt/perl5/perls/perl-5.21.5/lib/5.21.5/ExtUtils/typemap  Alias.xs > Alias.xsc && mv Alias.xsc Alias.c
cc -c   -D_REENTRANT -D_GNU_SOURCE -fwrapv -fno-strict-aliasing -pipe -fstack-protector-strong -I/usr/local/include -D_LARGEFILE_SOURCE -D_FILE_OFFSET_BITS=64 -D_FORTIFY_SOURCE=2 -O2   -DVERSION=\"1.18\" -DXS_VERSION=\"1.18\" -fPIC "-I/opt/perl5/perls/perl-5.21.5/lib/5.21.5/x86_64-linux-thread-multi/CORE"   Alias.c
rm -f blib/arch/auto/Data/Alias/Alias.so
cc  -shared -O2 -L/usr/local/lib -fstack-protector-strong Alias.o  -o blib/arch/auto/Data/Alias/Alias.so 	\
     	\
  
chmod 755 blib/arch/auto/Data/Alias/Alias.so
/opt/perl5/perls/perl-5.21.5/bin/perl5.21.5 "-Iinc" -MExtUtils::Command::MM -e 'cp_nonempty' -- Alias.bs blib/arch/auto/Data/Alias/Alias.bs 644
Manifying blib/man3/Data::Alias.3
Running Mkbootstrap for Data::Alias ()
chmod 644 Alias.bs
PERL_DL_NONLAZY=1 /opt/perl5/perls/perl-5.21.5/bin/perl5.21.5 "-MExtUtils::Command::MM" "-MTest::Harness" "-e" "undef *Test::Harness::Switches; test_harness(0, 'inc', 'blib/lib', 'blib/arch')" t/*.t
Can't load '/home/sven/.cpanm/work/1416505053.17302/Data-Alias-1.18/blib/arch/auto/Data/Alias/Alias.so' for module Data::Alias: /home/sven/.cpanm/work/1416505053.17302/Data-Alias-1.18/blib/arch/auto/Data/Alias/Alias.so: undefined symbol: IS_PADGV at /opt/perl5/perls/perl-5.21.5/lib/5.21.5/x86_64-linux-thread-multi/DynaLoader.pm line 193.
 at t/01_deref.t line 8.
Compilation failed in require at t/01_deref.t line 8.
BEGIN failed--compilation aborted at t/01_deref.t line 8.
# Looks like your test exited with 255 before it could output anything.
t/01_deref.t ............. 
Dubious, test returned 255 (wstat 65280, 0xff00)
Failed 12/12 subtests 
Can't load '/home/sven/.cpanm/work/1416505053.17302/Data-Alias-1.18/blib/arch/auto/Data/Alias/Alias.so' for module Data::Alias: /home/sven/.cpanm/work/1416505053.17302/Data-Alias-1.18/blib/arch/auto/Data/Alias/Alias.so: undefined symbol: IS_PADGV at /opt/perl5/perls/perl-5.21.5/lib/5.21.5/x86_64-linux-thread-multi/DynaLoader.pm line 193.
 at t/03_copy.t line 8.
Compilation failed in require at t/03_copy.t line 8.
BEGIN failed--compilation aborted at t/03_copy.t line 8.
# Looks like your test exited with 255 before it could output anything.
t/03_copy.t .............. 
Dubious, test returned 255 (wstat 65280, 0xff00)
Failed 14/14 subtests 
Can't load '/home/sven/.cpanm/work/1416505053.17302/Data-Alias-1.18/blib/arch/auto/Data/Alias/Alias.so' for module Data::Alias: /home/sven/.cpanm/work/1416505053.17302/Data-Alias-1.18/blib/arch/auto/Data/Alias/Alias.so: undefined symbol: IS_PADGV at /opt/perl5/perls/perl-5.21.5/lib/5.21.5/x86_64-linux-thread-multi/DynaLoader.pm line 193.
 at t/04_alias_parse.t line 9.
Compilation failed in require at t/04_alias_parse.t line 9.
BEGIN failed--compilation aborted at t/04_alias_parse.t line 9.
# Looks like your test exited with 255 before it could output anything.
t/04_alias_parse.t ....... 
Dubious, test returned 255 (wstat 65280, 0xff00)
Failed 23/23 subtests 
Can't load '/home/sven/.cpanm/work/1416505053.17302/Data-Alias-1.18/blib/arch/auto/Data/Alias/Alias.so' for module Data::Alias: /home/sven/.cpanm/work/1416505053.17302/Data-Alias-1.18/blib/arch/auto/Data/Alias/Alias.so: undefined symbol: IS_PADGV at /opt/perl5/perls/perl-5.21.5/lib/5.21.5/x86_64-linux-thread-multi/DynaLoader.pm line 193.
 at t/04_swap.t line 7.
Compilation failed in require at t/04_swap.t line 7.
BEGIN failed--compilation aborted at t/04_swap.t line 7.
# Looks like your test exited with 255 before it could output anything.
t/04_swap.t .............. 
Dubious, test returned 255 (wstat 65280, 0xff00)
Failed 4/4 subtests 
Can't load '/home/sven/.cpanm/work/1416505053.17302/Data-Alias-1.18/blib/arch/auto/Data/Alias/Alias.so' for module Data::Alias: /home/sven/.cpanm/work/1416505053.17302/Data-Alias-1.18/blib/arch/auto/Data/Alias/Alias.so: undefined symbol: IS_PADGV at /opt/perl5/perls/perl-5.21.5/lib/5.21.5/x86_64-linux-thread-multi/DynaLoader.pm line 193.
 at t/05_alias_parse2.t line 9.
Compilation failed in require at t/05_alias_parse2.t line 9.
BEGIN failed--compilation aborted at t/05_alias_parse2.t line 9.
# Looks like your test exited with 255 before it could output anything.
t/05_alias_parse2.t ...... 
Dubious, test returned 255 (wstat 65280, 0xff00)
Failed 17/17 subtests 
Can't load '/home/sven/.cpanm/work/1416505053.17302/Data-Alias-1.18/blib/arch/auto/Data/Alias/Alias.so' for module Data::Alias: /home/sven/.cpanm/work/1416505053.17302/Data-Alias-1.18/blib/arch/auto/Data/Alias/Alias.so: undefined symbol: IS_PADGV at /opt/perl5/perls/perl-5.21.5/lib/5.21.5/x86_64-linux-thread-multi/DynaLoader.pm line 193.
 at t/06_alias_scope.t line 8.
Compilation failed in require at t/06_alias_scope.t line 8.
BEGIN failed--compilation aborted at t/06_alias_scope.t line 8.
# Looks like your test exited with 255 before it could output anything.
t/06_alias_scope.t ....... 
Dubious, test returned 255 (wstat 65280, 0xff00)
Failed 48/48 subtests 
Can't load '/home/sven/.cpanm/work/1416505053.17302/Data-Alias-1.18/blib/arch/auto/Data/Alias/Alias.so' for module Data::Alias: /home/sven/.cpanm/work/1416505053.17302/Data-Alias-1.18/blib/arch/auto/Data/Alias/Alias.so: undefined symbol: IS_PADGV at /opt/perl5/perls/perl-5.21.5/lib/5.21.5/x86_64-linux-thread-multi/DynaLoader.pm line 193.
 at t/07_alias_anon_array.t line 8.
Compilation failed in require at t/07_alias_anon_array.t line 8.
BEGIN failed--compilation aborted at t/07_alias_anon_array.t line 8.
# Looks like your test exited with 255 before it could output anything.
t/07_alias_anon_array.t .. 
Dubious, test returned 255 (wstat 65280, 0xff00)
Failed 12/12 subtests 
Can't load '/home/sven/.cpanm/work/1416505053.17302/Data-Alias-1.18/blib/arch/auto/Data/Alias/Alias.so' for module Data::Alias: /home/sven/.cpanm/work/1416505053.17302/Data-Alias-1.18/blib/arch/auto/Data/Alias/Alias.so: undefined symbol: IS_PADGV at /opt/perl5/perls/perl-5.21.5/lib/5.21.5/x86_64-linux-thread-multi/DynaLoader.pm line 193.
 at t/08_alias_anon_hash.t line 8.
Compilation failed in require at t/08_alias_anon_hash.t line 8.
BEGIN failed--compilation aborted at t/08_alias_anon_hash.t line 8.
# Looks like your test exited with 255 before it could output anything.
t/08_alias_anon_hash.t ... 
Dubious, test returned 255 (wstat 65280, 0xff00)
Failed 20/20 subtests 
Can't load '/home/sven/.cpanm/work/1416505053.17302/Data-Alias-1.18/blib/arch/auto/Data/Alias/Alias.so' for module Data::Alias: /home/sven/.cpanm/work/1416505053.17302/Data-Alias-1.18/blib/arch/auto/Data/Alias/Alias.so: undefined symbol: IS_PADGV at /opt/perl5/perls/perl-5.21.5/lib/5.21.5/x86_64-linux-thread-multi/DynaLoader.pm line 193.
 at t/09_alias_push.t line 9.
Compilation failed in require at t/09_alias_push.t line 9.
BEGIN failed--compilation aborted at t/09_alias_push.t line 9.
# Looks like your test exited with 255 before it could output anything.
t/09_alias_push.t ........ 
Dubious, test returned 255 (wstat 65280, 0xff00)
Failed 10/10 subtests 
Can't load '/home/sven/.cpanm/work/1416505053.17302/Data-Alias-1.18/blib/arch/auto/Data/Alias/Alias.so' for module Data::Alias: /home/sven/.cpanm/work/1416505053.17302/Data-Alias-1.18/blib/arch/auto/Data/Alias/Alias.so: undefined symbol: IS_PADGV at /opt/perl5/perls/perl-5.21.5/lib/5.21.5/x86_64-linux-thread-multi/DynaLoader.pm line 193.
 at t/10_alias_unshift.t line 9.
Compilation failed in require at t/10_alias_unshift.t line 9.
BEGIN failed--compilation aborted at t/10_alias_unshift.t line 9.
# Looks like your test exited with 255 before it could output anything.
t/10_alias_unshift.t ..... 
Dubious, test returned 255 (wstat 65280, 0xff00)
Failed 10/10 subtests 
Can't load '/home/sven/.cpanm/work/1416505053.17302/Data-Alias-1.18/blib/arch/auto/Data/Alias/Alias.so' for module Data::Alias: /home/sven/.cpanm/work/1416505053.17302/Data-Alias-1.18/blib/arch/auto/Data/Alias/Alias.so: undefined symbol: IS_PADGV at /opt/perl5/perls/perl-5.21.5/lib/5.21.5/x86_64-linux-thread-multi/DynaLoader.pm line 193.
 at t/11_alias_splice.t line 9.
Compilation failed in require at t/11_alias_splice.t line 9.
BEGIN failed--compilation aborted at t/11_alias_splice.t line 9.
# Looks like your test exited with 255 before it could output anything.
t/11_alias_splice.t ...... 
Dubious, test returned 255 (wstat 65280, 0xff00)
Failed 35/35 subtests 
Can't load '/home/sven/.cpanm/work/1416505053.17302/Data-Alias-1.18/blib/arch/auto/Data/Alias/Alias.so' for module Data::Alias: /home/sven/.cpanm/work/1416505053.17302/Data-Alias-1.18/blib/arch/auto/Data/Alias/Alias.so: undefined symbol: IS_PADGV at /opt/perl5/perls/perl-5.21.5/lib/5.21.5/x86_64-linux-thread-multi/DynaLoader.pm line 193.
 at t/12_alias_pkg_scalar.t line 8.
Compilation failed in require at t/12_alias_pkg_scalar.t line 8.
BEGIN failed--compilation aborted at t/12_alias_pkg_scalar.t line 8.
# Looks like your test exited with 255 before it could output anything.
t/12_alias_pkg_scalar.t .. 
Dubious, test returned 255 (wstat 65280, 0xff00)
Failed 34/34 subtests 
Can't load '/home/sven/.cpanm/work/1416505053.17302/Data-Alias-1.18/blib/arch/auto/Data/Alias/Alias.so' for module Data::Alias: /home/sven/.cpanm/work/1416505053.17302/Data-Alias-1.18/blib/arch/auto/Data/Alias/Alias.so: undefined symbol: IS_PADGV at /opt/perl5/perls/perl-5.21.5/lib/5.21.5/x86_64-linux-thread-multi/DynaLoader.pm line 193.
 at t/13_alias_pkg_array.t line 8.
Compilation failed in require at t/13_alias_pkg_array.t line 8.
BEGIN failed--compilation aborted at t/13_alias_pkg_array.t line 8.
# Looks like your test exited with 255 before it could output anything.
t/13_alias_pkg_array.t ... 
Dubious, test returned 255 (wstat 65280, 0xff00)
Failed 24/24 subtests 
Can't load '/home/sven/.cpanm/work/1416505053.17302/Data-Alias-1.18/blib/arch/auto/Data/Alias/Alias.so' for module Data::Alias: /home/sven/.cpanm/work/1416505053.17302/Data-Alias-1.18/blib/arch/auto/Data/Alias/Alias.so: undefined symbol: IS_PADGV at /opt/perl5/perls/perl-5.21.5/lib/5.21.5/x86_64-linux-thread-multi/DynaLoader.pm line 193.
 at t/14_alias_pkg_hash.t line 8.
Compilation failed in require at t/14_alias_pkg_hash.t line 8.
BEGIN failed--compilation aborted at t/14_alias_pkg_hash.t line 8.
# Looks like your test exited with 255 before it could output anything.
t/14_alias_pkg_hash.t .... 
Dubious, test returned 255 (wstat 65280, 0xff00)
Failed 24/24 subtests 
Can't load '/home/sven/.cpanm/work/1416505053.17302/Data-Alias-1.18/blib/arch/auto/Data/Alias/Alias.so' for module Data::Alias: /home/sven/.cpanm/work/1416505053.17302/Data-Alias-1.18/blib/arch/auto/Data/Alias/Alias.so: undefined symbol: IS_PADGV at /opt/perl5/perls/perl-5.21.5/lib/5.21.5/x86_64-linux-thread-multi/DynaLoader.pm line 193.
 at t/15_alias_pkg_misc.t line 8.
Compilation failed in require at t/15_alias_pkg_misc.t line 8.
BEGIN failed--compilation aborted at t/15_alias_pkg_misc.t line 8.
# Looks like your test exited with 255 before it could output anything.
t/15_alias_pkg_misc.t .... 
Dubious, test returned 255 (wstat 65280, 0xff00)
Failed 27/27 subtests 
Can't load '/home/sven/.cpanm/work/1416505053.17302/Data-Alias-1.18/blib/arch/auto/Data/Alias/Alias.so' for module Data::Alias: /home/sven/.cpanm/work/1416505053.17302/Data-Alias-1.18/blib/arch/auto/Data/Alias/Alias.so: undefined symbol: IS_PADGV at /opt/perl5/perls/perl-5.21.5/lib/5.21.5/x86_64-linux-thread-multi/DynaLoader.pm line 193.
 at t/16_alias_refs.t line 8.
Compilation failed in require at t/16_alias_refs.t line 8.
BEGIN failed--compilation aborted at t/16_alias_refs.t line 8.
# Looks like your test exited with 255 before it could output anything.
t/16_alias_refs.t ........ 
Dubious, test returned 255 (wstat 65280, 0xff00)
Failed 20/20 subtests 
Can't load '/home/sven/.cpanm/work/1416505053.17302/Data-Alias-1.18/blib/arch/auto/Data/Alias/Alias.so' for module Data::Alias: /home/sven/.cpanm/work/1416505053.17302/Data-Alias-1.18/blib/arch/auto/Data/Alias/Alias.so: undefined symbol: IS_PADGV at /opt/perl5/perls/perl-5.21.5/lib/5.21.5/x86_64-linux-thread-multi/DynaLoader.pm line 193.
 at t/17_alias_lex_inner.t line 8.
Compilation failed in require at t/17_alias_lex_inner.t line 8.
BEGIN failed--compilation aborted at t/17_alias_lex_inner.t line 8.
# Looks like your test exited with 255 before it could output anything.
t/17_alias_lex_inner.t ... 
Dubious, test returned 255 (wstat 65280, 0xff00)
Failed 34/34 subtests 
Can't load '/home/sven/.cpanm/work/1416505053.17302/Data-Alias-1.18/blib/arch/auto/Data/Alias/Alias.so' for module Data::Alias: /home/sven/.cpanm/work/1416505053.17302/Data-Alias-1.18/blib/arch/auto/Data/Alias/Alias.so: undefined symbol: IS_PADGV at /opt/perl5/perls/perl-5.21.5/lib/5.21.5/x86_64-linux-thread-multi/DynaLoader.pm line 193.
 at t/19_alias_aelem.t line 8.
Compilation failed in require at t/19_alias_aelem.t line 8.
BEGIN failed--compilation aborted at t/19_alias_aelem.t line 8.
# Looks like your test exited with 255 before it could output anything.
t/19_alias_aelem.t ....... 
Dubious, test returned 255 (wstat 65280, 0xff00)
Failed 37/37 subtests 
Can't load '/home/sven/.cpanm/work/1416505053.17302/Data-Alias-1.18/blib/arch/auto/Data/Alias/Alias.so' for module Data::Alias: /home/sven/.cpanm/work/1416505053.17302/Data-Alias-1.18/blib/arch/auto/Data/Alias/Alias.so: undefined symbol: IS_PADGV at /opt/perl5/perls/perl-5.21.5/lib/5.21.5/x86_64-linux-thread-multi/DynaLoader.pm line 193.
 at t/20_alias_helem.t line 8.
Compilation failed in require at t/20_alias_helem.t line 8.
BEGIN failed--compilation aborted at t/20_alias_helem.t line 8.
# Looks like your test exited with 255 before it could output anything.
t/20_alias_helem.t ....... 
Dubious, test returned 255 (wstat 65280, 0xff00)
Failed 38/38 subtests 
Can't load '/home/sven/.cpanm/work/1416505053.17302/Data-Alias-1.18/blib/arch/auto/Data/Alias/Alias.so' for module Data::Alias: /home/sven/.cpanm/work/1416505053.17302/Data-Alias-1.18/blib/arch/auto/Data/Alias/Alias.so: undefined symbol: IS_PADGV at /opt/perl5/perls/perl-5.21.5/lib/5.21.5/x86_64-linux-thread-multi/DynaLoader.pm line 193.
 at t/21_alias_list_basic.t line 8.
Compilation failed in require at t/21_alias_list_basic.t line 8.
BEGIN failed--compilation aborted at t/21_alias_list_basic.t line 8.
# Looks like your test exited with 255 before it could output anything.
t/21_alias_list_basic.t .. 
Dubious, test returned 255 (wstat 65280, 0xff00)
Failed 24/24 subtests 
Can't load '/home/sven/.cpanm/work/1416505053.17302/Data-Alias-1.18/blib/arch/auto/Data/Alias/Alias.so' for module Data::Alias: /home/sven/.cpanm/work/1416505053.17302/Data-Alias-1.18/blib/arch/auto/Data/Alias/Alias.so: undefined symbol: IS_PADGV at /opt/perl5/perls/perl-5.21.5/lib/5.21.5/x86_64-linux-thread-multi/DynaLoader.pm line 193.
 at t/22_alias_list_slice.t line 8.
Compilation failed in require at t/22_alias_list_slice.t line 8.
BEGIN failed--compilation aborted at t/22_alias_list_slice.t line 8.
# Looks like your test exited with 255 before it could output anything.
t/22_alias_list_slice.t .. 
Dubious, test returned 255 (wstat 65280, 0xff00)
Failed 12/12 subtests 
Can't load '/home/sven/.cpanm/work/1416505053.17302/Data-Alias-1.18/blib/arch/auto/Data/Alias/Alias.so' for module Data::Alias: /home/sven/.cpanm/work/1416505053.17302/Data-Alias-1.18/blib/arch/auto/Data/Alias/Alias.so: undefined symbol: IS_PADGV at /opt/perl5/perls/perl-5.21.5/lib/5.21.5/x86_64-linux-thread-multi/DynaLoader.pm line 193.
 at t/23_alias_list_whole.t line 8.
Compilation failed in require at t/23_alias_list_whole.t line 8.
BEGIN failed--compilation aborted at t/23_alias_list_whole.t line 8.
# Looks like your test exited with 255 before it could output anything.
t/23_alias_list_whole.t .. 
Dubious, test returned 255 (wstat 65280, 0xff00)
Failed 51/51 subtests 
Can't load '/home/sven/.cpanm/work/1416505053.17302/Data-Alias-1.18/blib/arch/auto/Data/Alias/Alias.so' for module Data::Alias: /home/sven/.cpanm/work/1416505053.17302/Data-Alias-1.18/blib/arch/auto/Data/Alias/Alias.so: undefined symbol: IS_PADGV at /opt/perl5/perls/perl-5.21.5/lib/5.21.5/x86_64-linux-thread-multi/DynaLoader.pm line 193.
 at t/24_alias_cond.t line 8.
Compilation failed in require at t/24_alias_cond.t line 8.
BEGIN failed--compilation aborted at t/24_alias_cond.t line 8.
# Looks like your test exited with 255 before it could output anything.
t/24_alias_cond.t ........ 
Dubious, test returned 255 (wstat 65280, 0xff00)
Failed 6/6 subtests 
Can't load '/home/sven/.cpanm/work/1416505053.17302/Data-Alias-1.18/blib/arch/auto/Data/Alias/Alias.so' for module Data::Alias: /home/sven/.cpanm/work/1416505053.17302/Data-Alias-1.18/blib/arch/auto/Data/Alias/Alias.so: undefined symbol: IS_PADGV at /opt/perl5/perls/perl-5.21.5/lib/5.21.5/x86_64-linux-thread-multi/DynaLoader.pm line 193.
 at t/25_alias_weakref.t line 8.
Compilation failed in require at t/25_alias_weakref.t line 8.
BEGIN failed--compilation aborted at t/25_alias_weakref.t line 8.
# Looks like your test exited with 255 before it could output anything.
t/25_alias_weakref.t ..... 
Dubious, test returned 255 (wstat 65280, 0xff00)
Failed 4/4 subtests 
Can't load '/home/sven/.cpanm/work/1416505053.17302/Data-Alias-1.18/blib/arch/auto/Data/Alias/Alias.so' for module Data::Alias: /home/sven/.cpanm/work/1416505053.17302/Data-Alias-1.18/blib/arch/auto/Data/Alias/Alias.so: undefined symbol: IS_PADGV at /opt/perl5/perls/perl-5.21.5/lib/5.21.5/x86_64-linux-thread-multi/DynaLoader.pm line 193.
 at t/26_alias_local.t line 8.
Compilation failed in require at t/26_alias_local.t line 8.
BEGIN failed--compilation aborted at t/26_alias_local.t line 8.
# Looks like your test exited with 255 before it could output anything.
t/26_alias_local.t ....... 
Dubious, test returned 255 (wstat 65280, 0xff00)
Failed 24/24 subtests 
Can't load '/home/sven/.cpanm/work/1416505053.17302/Data-Alias-1.18/blib/arch/auto/Data/Alias/Alias.so' for module Data::Alias: /home/sven/.cpanm/work/1416505053.17302/Data-Alias-1.18/blib/arch/auto/Data/Alias/Alias.so: undefined symbol: IS_PADGV at /opt/perl5/perls/perl-5.21.5/lib/5.21.5/x86_64-linux-thread-multi/DynaLoader.pm line 193.
 at t/28_alias_const.t line 8.
Compilation failed in require at t/28_alias_const.t line 8.
BEGIN failed--compilation aborted at t/28_alias_const.t line 8.
# Looks like your test exited with 255 before it could output anything.
t/28_alias_const.t ....... 
Dubious, test returned 255 (wstat 65280, 0xff00)
Failed 5/5 subtests 
Can't load '/home/sven/.cpanm/work/1416505053.17302/Data-Alias-1.18/blib/arch/auto/Data/Alias/Alias.so' for module Data::Alias: /home/sven/.cpanm/work/1416505053.17302/Data-Alias-1.18/blib/arch/auto/Data/Alias/Alias.so: undefined symbol: IS_PADGV at /opt/perl5/perls/perl-5.21.5/lib/5.21.5/x86_64-linux-thread-multi/DynaLoader.pm line 193.
 at t/29_alias_dorassign.t line 16.
Compilation failed in require at t/29_alias_dorassign.t line 16.
BEGIN failed--compilation aborted at t/29_alias_dorassign.t line 16.
# Looks like your test exited with 255 before it could output anything.
t/29_alias_dorassign.t ... 
Dubious, test returned 255 (wstat 65280, 0xff00)
Failed 12/12 subtests 
"my" variable $ok masks earlier declaration in same scope at /opt/perl5/perls/perl-5.21.5/lib/5.21.5/Test/More.pm line 539.
Can't load '/home/sven/.cpanm/work/1416505053.17302/Data-Alias-1.18/blib/arch/auto/Data/Alias/Alias.so' for module Data::Alias: /home/sven/.cpanm/work/1416505053.17302/Data-Alias-1.18/blib/arch/auto/Data/Alias/Alias.so: undefined symbol: IS_PADGV at /opt/perl5/perls/perl-5.21.5/lib/5.21.5/x86_64-linux-thread-multi/DynaLoader.pm line 193.
 at t/devel_callparser.t line 17.
Compilation failed in require at t/devel_callparser.t line 17.
BEGIN failed--compilation aborted at t/devel_callparser.t line 17.
# Looks like your test exited with 255 before it could output anything.
t/devel_callparser.t ..... 
Dubious, test returned 255 (wstat 65280, 0xff00)
Failed 2/2 subtests 
Can't load '/home/sven/.cpanm/work/1416505053.17302/Data-Alias-1.18/blib/arch/auto/Data/Alias/Alias.so' for module Data::Alias: /home/sven/.cpanm/work/1416505053.17302/Data-Alias-1.18/blib/arch/auto/Data/Alias/Alias.so: undefined symbol: IS_PADGV at /opt/perl5/perls/perl-5.21.5/lib/5.21.5/x86_64-linux-thread-multi/DynaLoader.pm line 193.
 at t/padrange.t line 5.
Compilation failed in require at t/padrange.t line 5.
BEGIN failed--compilation aborted at t/padrange.t line 5.
# Looks like your test exited with 255 before it could output anything.
t/padrange.t ............. 
Dubious, test returned 255 (wstat 65280, 0xff00)
Failed 38/38 subtests 
t/pod_cvg.t .............. skipped: Test::Pod::Coverage not available
t/pod_syn.t .............. skipped: Test::Pod not available
Can't load '/home/sven/.cpanm/work/1416505053.17302/Data-Alias-1.18/blib/arch/auto/Data/Alias/Alias.so' for module Data::Alias: /home/sven/.cpanm/work/1416505053.17302/Data-Alias-1.18/blib/arch/auto/Data/Alias/Alias.so: undefined symbol: IS_PADGV at /opt/perl5/perls/perl-5.21.5/lib/5.21.5/x86_64-linux-thread-multi/DynaLoader.pm line 193.
 at t/threads.t line 20.
Compilation failed in require at t/threads.t line 20.
BEGIN failed--compilation aborted at t/threads.t line 20.
# Looks like your test exited with 255 before it could output anything.
t/threads.t .............. 
Dubious, test returned 255 (wstat 65280, 0xff00)
Failed 1/1 subtests 

Test Summary Report
-------------------
t/01_deref.t           (Wstat: 65280 Tests: 0 Failed: 0)
  Non-zero exit status: 255
  Parse errors: Bad plan.  You planned 12 tests but ran 0.
t/03_copy.t            (Wstat: 65280 Tests: 0 Failed: 0)
  Non-zero exit status: 255
  Parse errors: Bad plan.  You planned 14 tests but ran 0.
t/04_alias_parse.t     (Wstat: 65280 Tests: 0 Failed: 0)
  Non-zero exit status: 255
  Parse errors: Bad plan.  You planned 23 tests but ran 0.
t/04_swap.t            (Wstat: 65280 Tests: 0 Failed: 0)
  Non-zero exit status: 255
  Parse errors: Bad plan.  You planned 4 tests but ran 0.
t/05_alias_parse2.t    (Wstat: 65280 Tests: 0 Failed: 0)
  Non-zero exit status: 255
  Parse errors: Bad plan.  You planned 17 tests but ran 0.
t/06_alias_scope.t     (Wstat: 65280 Tests: 0 Failed: 0)
  Non-zero exit status: 255
  Parse errors: Bad plan.  You planned 48 tests but ran 0.
t/07_alias_anon_array.t (Wstat: 65280 Tests: 0 Failed: 0)
  Non-zero exit status: 255
  Parse errors: Bad plan.  You planned 12 tests but ran 0.
t/08_alias_anon_hash.t (Wstat: 65280 Tests: 0 Failed: 0)
  Non-zero exit status: 255
  Parse errors: Bad plan.  You planned 20 tests but ran 0.
t/09_alias_push.t      (Wstat: 65280 Tests: 0 Failed: 0)
  Non-zero exit status: 255
  Parse errors: Bad plan.  You planned 10 tests but ran 0.
t/10_alias_unshift.t   (Wstat: 65280 Tests: 0 Failed: 0)
  Non-zero exit status: 255
  Parse errors: Bad plan.  You planned 10 tests but ran 0.
t/11_alias_splice.t    (Wstat: 65280 Tests: 0 Failed: 0)
  Non-zero exit status: 255
  Parse errors: Bad plan.  You planned 35 tests but ran 0.
t/12_alias_pkg_scalar.t (Wstat: 65280 Tests: 0 Failed: 0)
  Non-zero exit status: 255
  Parse errors: Bad plan.  You planned 34 tests but ran 0.
t/13_alias_pkg_array.t (Wstat: 65280 Tests: 0 Failed: 0)
  Non-zero exit status: 255
  Parse errors: Bad plan.  You planned 24 tests but ran 0.
t/14_alias_pkg_hash.t  (Wstat: 65280 Tests: 0 Failed: 0)
  Non-zero exit status: 255
  Parse errors: Bad plan.  You planned 24 tests but ran 0.
t/15_alias_pkg_misc.t  (Wstat: 65280 Tests: 0 Failed: 0)
  Non-zero exit status: 255
  Parse errors: Bad plan.  You planned 27 tests but ran 0.
t/16_alias_refs.t      (Wstat: 65280 Tests: 0 Failed: 0)
  Non-zero exit status: 255
  Parse errors: Bad plan.  You planned 20 tests but ran 0.
t/17_alias_lex_inner.t (Wstat: 65280 Tests: 0 Failed: 0)
  Non-zero exit status: 255
  Parse errors: Bad plan.  You planned 34 tests but ran 0.
t/19_alias_aelem.t     (Wstat: 65280 Tests: 0 Failed: 0)
  Non-zero exit status: 255
  Parse errors: Bad plan.  You planned 37 tests but ran 0.
t/20_alias_helem.t     (Wstat: 65280 Tests: 0 Failed: 0)
  Non-zero exit status: 255
  Parse errors: Bad plan.  You planned 38 tests but ran 0.
t/21_alias_list_basic.t (Wstat: 65280 Tests: 0 Failed: 0)
  Non-zero exit status: 255
  Parse errors: Bad plan.  You planned 24 tests but ran 0.
t/22_alias_list_slice.t (Wstat: 65280 Tests: 0 Failed: 0)
  Non-zero exit status: 255
  Parse errors: Bad plan.  You planned 12 tests but ran 0.
t/23_alias_list_whole.t (Wstat: 65280 Tests: 0 Failed: 0)
  Non-zero exit status: 255
  Parse errors: Bad plan.  You planned 51 tests but ran 0.
t/24_alias_cond.t      (Wstat: 65280 Tests: 0 Failed: 0)
  Non-zero exit status: 255
  Parse errors: Bad plan.  You planned 6 tests but ran 0.
t/25_alias_weakref.t   (Wstat: 65280 Tests: 0 Failed: 0)
  Non-zero exit status: 255
  Parse errors: Bad plan.  You planned 4 tests but ran 0.
t/26_alias_local.t     (Wstat: 65280 Tests: 0 Failed: 0)
  Non-zero exit status: 255
  Parse errors: Bad plan.  You planned 24 tests but ran 0.
t/28_alias_const.t     (Wstat: 65280 Tests: 0 Failed: 0)
  Non-zero exit status: 255
  Parse errors: Bad plan.  You planned 5 tests but ran 0.
t/29_alias_dorassign.t (Wstat: 65280 Tests: 0 Failed: 0)
  Non-zero exit status: 255
  Parse errors: Bad plan.  You planned 12 tests but ran 0.
t/devel_callparser.t   (Wstat: 65280 Tests: 0 Failed: 0)
  Non-zero exit status: 255
  Parse errors: Bad plan.  You planned 2 tests but ran 0.
t/padrange.t           (Wstat: 65280 Tests: 0 Failed: 0)
  Non-zero exit status: 255
  Parse errors: Bad plan.  You planned 38 tests but ran 0.
t/threads.t            (Wstat: 65280 Tests: 0 Failed: 0)
  Non-zero exit status: 255
  Parse errors: Bad plan.  You planned 1 tests but ran 0.
Files=32, Tests=0,  1 wallclock secs ( 0.07 usr  0.00 sys +  0.54 cusr  0.04 csys =  0.65 CPU)
Result: FAIL
Failed 30/32 test programs. 0/0 subtests failed.
Makefile:933: die Regel für Ziel „test_dynamic“ scheiterte
make: *** [test_dynamic] Fehler 255
-> FAIL Installing Data::Alias failed. See /home/sven/.cpanm/work/1416505053.17302/build.log for details. Retry with --force to force install it.
