CPAN: CPAN::SQLite loaded ok (v0.202)
Database was generated on Wed, 06 Feb 2013 13:06:02 GMT
Running install for module 'Perl::Dist::WiX'
Running make for C/CS/CSJEWELL/Perl-Dist-WiX-1.500002.tar.gz
CPAN: Digest::SHA loaded ok (v5.63)
CPAN: Compress::Zlib loaded ok (v2.042)
Checksum for D:\strawberry64-bit\cpan\sources\authors\id\C\CS\CSJEWELL\Perl-Dist-WiX-1.500002.tar.gz ok
CPAN: Archive::Tar loaded ok (v1.80)
CPAN: File::Temp loaded ok (v0.22)
CPAN: Parse::CPAN::Meta loaded ok (v1.4401)
CPAN: CPAN::Meta loaded ok (v2.112621)
CPAN: Module::CoreList loaded ok (v2.57)
CPAN: Time::HiRes loaded ok (v1.9724)

  CPAN.pm: Building C/CS/CSJEWELL/Perl-Dist-WiX-1.500002.tar.gz


Created MYMETA.yml and MYMETA.json
Creating new 'Build' script for 'Perl-Dist-WiX' version '1.500002'
Building Perl-Dist-WiX
  CSJEWELL/Perl-Dist-WiX-1.500002.tar.gz
  D:\strawberry64-bit\perl\bin\perl.exe ./Build -- OK
CPAN: YAML loaded ok (v0.77)
Running Build test
t\000_report_versions.t .. skipped: Not automated testing
t\001_compile.t .......... 31/42 # Testing Perl::Dist::WiX 1.500002
t\001_compile.t .......... ok
t\directorytree.t ........ 1/14 WiX3 error: Parameter invalid: id
Time error caught: Wed Feb  6 16:59:30 2013

Trace begun at D:\strawberry64-bit\perl\site\lib\WiX3\XML\Directory.pm line 145
WiX3::XML::Directory::BUILDARGS('Perl::Dist::WiX::Tag::Directory', 'name', 'bin', 'path', 'C:\test\c
\bin', 'id', 'IURf1w==^J') called at constructor Perl::Dist::WiX::Tag::Directory::new (defined at D:
\strawberry64-bit\cpan\build\Perl-Dist-WiX-1.500002-Q4jllQ\blib\lib\Perl\Dist\WiX\Tag\Directory.pm l
ine 319) line 6
Perl::Dist::WiX::Tag::Directory::new('Perl::Dist::WiX::Tag::Directory', 'name', 'bin', 'path', 'C:\t
est\c\bin', 'id', 'IURf1w==^J') called at D:\strawberry64-bit\perl\site\lib\WiX3\XML\Directory.pm li
ne 183
WiX3::XML::Directory::add_directory('Perl::Dist::WiX::Tag::Directory=HASH(0x3ae99e0)', 'name', 'bin'
, 'id', 'IURf1w==^J', 'path', 'C:\test\c\bin') called at D:\strawberry64-bit\cpan\build\Perl-Dist-Wi
X-1.500002-Q4jllQ\blib\lib\Perl\Dist\WiX\Tag\Directory.pm line 289
Perl::Dist::WiX::Tag::Directory::_add_directory_recursive('Perl::Dist::WiX::Tag::Directory=HASH(0x34
e060)', 'C:\test\c', 'bin') called at D:\strawberry64-bit\perl\site\lib\Moose\Meta\Method\Delegation
.pm line 110
Perl::Dist::WiX::DirectoryTree::_add_directory_recursive('Perl::Dist::WiX::DirectoryTree=HASH(0x3ae7
888)', 'C:\test\c', 'bin') called at D:\strawberry64-bit\cpan\build\Perl-Dist-WiX-1.500002-Q4jllQ\bl
ib\lib\Perl\Dist\WiX\DirectoryTree.pm line 395
Perl::Dist::WiX::DirectoryTree::add_directory('Perl::Dist::WiX::DirectoryTree=HASH(0x3ae7888)', 'C:\
test\c\bin') called at D:\strawberry64-bit\cpan\build\Perl-Dist-WiX-1.500002-Q4jllQ\blib\lib\Perl\Di
st\WiX\DirectoryTree.pm line 294
Perl::Dist::WiX::DirectoryTree::initialize_tree('Perl::Dist::WiX::DirectoryTree=HASH(0x3ae7888)', 58
9, 32, 3) called at t\directorytree.t line 83

# Looks like you planned 14 tests but ran 2.
# Looks like your test exited with 255 just after 2.
Failed 1/6 test programs. 0/49 subtests failed.Dubious, test returned 255 (wstat 65280, 0xff00)
Failed 12/14 subtests
t\icons.t ................ ok
t\machine.t .............. skipped: This test needs fixed.
t\startmenu.t ............ skipped: This test needs fixed.

Test Summary Report
-------------------
t\directorytree.t      (Wstat: 65280 Tests: 2 Failed: 0)
  Non-zero exit status: 255
  Parse errors: Bad plan.  You planned 14 tests but ran 2.
Files=6, Tests=49,  6 wallclock secs ( 0.03 usr +  0.00 sys =  0.03 CPU)
Result: FAIL
  CSJEWELL/Perl-Dist-WiX-1.500002.tar.gz
  D:\strawberry64-bit\perl\bin\perl.exe ./Build test -- NOT OK
//hint// to see the cpan-testers results for installing this module, try:
  reports CSJEWELL/Perl-Dist-WiX-1.500002.tar.gz
Running Build install
  make test had returned bad status, won't install without force


