Reading '/home/ubuntu/.cpan/Metadata'
  Database was generated on Wed, 27 May 2015 17:17:02 GMT
Running install for module 'IUP'
Running make for K/KM/KMX/IUP-0.303.tar.gz
Checksum for /home/ubuntu/.cpan/sources/authors/id/K/KM/KMX/IUP-0.303.tar.gz ok

  CPAN.pm: Building K/KM/KMX/IUP-0.303.tar.gz

Created MYMETA.yml and MYMETA.json
Creating new 'Build' script for 'IUP' version '0.303'
Building IUP
cc -Isrc -I/usr/lib/perl/5.18/CORE -DVERSION="0.303" -DXS_VERSION="0.303" -fPIC -I/usr/local/share/perl/5.18.2/auto/share/dist/Alien-IUP/0.703/include -pthread -I/usr/include/gtk-2.0 -I/usr/lib/x86_64-linux-gnu/gtk-2.0/include -I/usr/include/atk-1.0 -I/usr/include/cairo -I/usr/include/gdk-pixbuf-2.0 -I/usr/include/pango-1.0 -I/usr/include/gio-unix-2.0/ -I/usr/include/freetype2 -I/usr/include/glib-2.0 -I/usr/lib/x86_64-linux-gnu/glib-2.0/include -I/usr/include/pixman-1 -I/usr/include/libpng12 -I/usr/include/harfbuzz -I/usr/local/include -DHAVELIB_IUPCD -DHAVELIB_IUPIM -DHAVELIB_IUPGL -DHAVELIB_IUPGLCONTROLS -DHAVELIB_IUPCONTROLS -DHAVELIB_IUP_PPLOT -DHAVELIB_IUP_MGLPLOT -DHAVELIB_IUP_SCINTILLA -DHAVELIB_IUPIMGLIB -c -D_REENTRANT -D_GNU_SOURCE -DDEBIAN -fstack-protector -fno-strict-aliasing -pipe -I/usr/local/include -D_LARGEFILE_SOURCE -D_FILE_OFFSET_BITS=64 -O2 -g -o lib/IUP/Internal/LibraryIup.o lib/IUP/Internal/LibraryIup.c
In file included from lib/IUP/Internal/LibraryIup.xs:153:0:
lib/IUP/Internal/Callback.c.inc: In function ‘call_cb_func’:
lib/IUP/Internal/Callback.c.inc:112:3: warning: format ‘%s’ expects a matching ‘char *’ argument [-Wformat=]
   warn("Warning: callback failed, $element->{'%s'} undefined\n");
   ^
ExtUtils::Mkbootstrap::Mkbootstrap('blib/arch/auto/IUP/Internal/LibraryIup/LibraryIup.bs')
cc -shared -L/usr/local/lib -fstack-protector -o blib/arch/auto/IUP/Internal/LibraryIup/LibraryIup.so lib/IUP/Internal/LibraryIup.o -L/usr/local/share/perl/5.18.2/auto/share/dist/Alien-IUP/0.703/lib -liupcontrols -liup_pplot -liupcd -liupgl -liupglcontrols -liup_mglplot -liupim -liupimglib -liup -lcd -lftgl -lim -liupmatrixex -liup_plot -liup_scintilla -lz -lGL -lGLU -lstdc++ -lgtk-x11-2.0 -latk-1.0 -lgio-2.0 -lpangoft2-1.0 -lfontconfig -lfreetype -lgdk-x11-2.0 -lpangocairo-1.0 -lgdk_pixbuf-2.0 -lpango-1.0 -lgobject-2.0 -lglib-2.0 -lcairo -L/usr/local/lib -L/usr/lib/x86_64-linux-gnu -I/usr/lib/x86_64-linux-gnu
/usr/local/share/perl/5.18.2/auto/share/dist/Alien-IUP/0.703/lib/libiup_mglplot.a(export.o): In function `mgl_show_image':
export.cpp:(.text+0x2340): warning: the use of `tmpnam' is dangerous, better use `mkstemp'
  KMX/IUP-0.303.tar.gz
  ./Build -- OK
'YAML' not installed, will not store persistent state
Running Build test

#   Failed test 'use IUP;'
#   at t/00-load.t line 6.
#     Tried to use 'IUP'.
#     Error:  Can't load '/home/ubuntu/.cpan/build/IUP-0.303-41Ru1d/blib/arch/auto/IUP/Internal/LibraryIup/LibraryIup.so' for module IUP::Internal::LibraryIup: /home/ubuntu/.cpan/build/IUP-0.303-41Ru1d/blib/arch/auto/IUP/Internal/LibraryIup/LibraryIup.so: undefined symbol: gtk_scrollable_get_type at /usr/lib/perl/5.18/DynaLoader.pm line 184.
#  at /home/ubuntu/.cpan/build/IUP-0.303-41Ru1d/blib/lib/IUP.pm line 8.
# Compilation failed in require at /home/ubuntu/.cpan/build/IUP-0.303-41Ru1d/blib/lib/IUP.pm line 8.
# BEGIN failed--compilation aborted at /home/ubuntu/.cpan/build/IUP-0.303-41Ru1d/blib/lib/IUP.pm line 8.
# Compilation failed in require at (eval 4) line 2.
# BEGIN failed--compilation aborted at (eval 4) line 2.
# Testing IUP , Perl 5.018002, /usr/bin/perl
# Looks like you failed 1 test of 1.
Bailout called.  Further testing stopped:  
FAILED--Further testing stopped.
  KMX/IUP-0.303.tar.gz
  ./Build test -- NOT OK
//hint// to see the cpan-testers results for installing this module, try:
  reports KMX/IUP-0.303.tar.gz
Running Build install
  make test had returned bad status, won't install without force
