
Microsoft (R) Program Maintenance Utility   Version 1.50
Copyright (c) Microsoft Corp 1988-94. All rights reserved.

	C:\Perl\bin\perl.exe "-MExtUtils::Command::MM" "-e" "test_harness(1, 'blib\lib', 'blib\arch')" t/kill_kill.t
t/kill_kill....1..2
# Running under perl version 5.008006 for MSWin32
# Win32::BuildNumber 811
# Current time local: Wed Feb  9 15:44:46 2005
# Current time GMT:   Wed Feb  9 21:44:46 2005
# Using Test.pm version 1.25
IPC::Run 0000 0123-------- [#1(2408)]: debugging fd is 3
IPC::Run 0000 0123-------- [#1(2408)]: ****** harnessing *****
IPC::Run 0000 0123-------- [#1(2408)]: parsing [ 'C:\Perl\bin\perl.exe', '-e', 'sleep while 1' ]
IPC::Run 0000 0123-------- [#1(2408)]: ** starting
IPC::Run 0000 0123-------- [#1(2408)]: 'C:\Perl\bin\perl.exe' is absolute
IPC::Run 0000 0123-------- [#1(2408)]: child: `'C:\Perl\bin\perl.exe' -e 'sleep while 1'`
IPC::Run 0000 0123-------- [#1(2408)]: spawning 'C:\Perl\bin\perl.exe' '-e' 'sleep while 1'
IPC::Run 0000 0123-------- [#1(2408)]: disabling inheritance of 3
IPC::Run 0000 0123-------- [#1(2408)]: cmd line: C:\Perl\bin\perl.exe -e "sleep while 1"
IPC::Run 0000 0123-------- [#1(2408)]: spawn() = 3856
IPC::Run 0000 0123-------- [#1(2408)]: sending TERM to 3856
IPC::Run 0000 0123-------- [#1(2408)]: Invalid argument sending TERM to 3856
IPC::Run 0000 0123-------- [#1(2408)]: kid 1 (3856) still running
IPC::Run 0000 0123-------- [#1(2408)]: kid 1 (3856) still running
IPC::Run 0000 0123-------- [#1(2408)]: kid 1 (3856) still running
IPC::Run 0000 0123-------- [#1(2408)]: kid 1 (3856) still running
IPC::Run 0000 0123-------- [#1(2408)]: kid 1 (3856) still running
IPC::Run 0001 0123-------- [#1(2408)]: kid 1 (3856) still running
IPC::Run 0001 0123-------- [#1(2408)]: kid 1 (3856) still running
IPC::Run 0002 0123-------- [#1(2408)]: kid 1 (3856) still running
IPC::Run 0002 0123-------- [#1(2408)]: kid 1 (3856) still running
IPC::Run 0003 0123-------- [#1(2408)]: kid 1 (3856) still running
IPC::Run 0003 0123-------- [#1(2408)]: kid 1 (3856) still running
IPC::Run 0004 0123-------- [#1(2408)]: kid 1 (3856) still running
IPC::Run 0004 0123-------- [#1(2408)]: kid 1 (3856) still running
IPC::Run 0005 0123-------- [#1(2408)]: kid 1 (3856) still running
IPC::Run 0005 0123-------- [#1(2408)]: kid 1 (3856) still running
IPC::Run 0006 0123-------- [#1(2408)]: kid 1 (3856) still running
IPC::Run 0006 0123-------- [#1(2408)]: kid 1 (3856) still running
IPC::Run 0007 0123-------- [#1(2408)]: kid 1 (3856) still running
IPC::Run 0007 0123-------- [#1(2408)]: kid 1 (3856) still running
IPC::Run 0008 0123-------- [#1(2408)]: kid 1 (3856) still running
IPC::Run 0008 0123-------- [#1(2408)]: kid 1 (3856) still running
IPC::Run 0009 0123-------- [#1(2408)]: kid 1 (3856) still running
IPC::Run 0009 0123-------- [#1(2408)]: kid 1 (3856) still running
IPC::Run 0010 0123-------- [#1(2408)]: kid 1 (3856) still running
IPC::Run 0010 0123-------- [#1(2408)]: kid 1 (3856) still running
IPC::Run 0011 0123-------- [#1(2408)]: kid 1 (3856) still running
IPC::Run 0011 0123-------- [#1(2408)]: kid 1 (3856) still running
IPC::Run 0012 0123-------- [#1(2408)]: kid 1 (3856) still running
IPC::Run 0012 0123-------- [#1(2408)]: kid 1 (3856) still running
IPC::Run 0013 0123-------- [#1(2408)]: kid 1 (3856) still running
IPC::Run 0013 0123-------- [#1(2408)]: kid 1 (3856) still running
IPC::Run 0014 0123-------- [#1(2408)]: kid 1 (3856) still running
IPC::Run 0014 0123-------- [#1(2408)]: kid 1 (3856) still running
IPC::Run 0015 0123-------- [#1(2408)]: kid 1 (3856) still running
IPC::Run 0015 0123-------- [#1(2408)]: kid 1 (3856) still running
IPC::Run 0016 0123-------- [#1(2408)]: kid 1 (3856) still running
IPC::Run 0016 0123-------- [#1(2408)]: kid 1 (3856) still running
IPC::Run 0017 0123-------- [#1(2408)]: kid 1 (3856) still running
IPC::Run 0017 0123-------- [#1(2408)]: kid 1 (3856) still running
IPC::Run 0018 0123-------- [#1(2408)]: kid 1 (3856) still running
IPC::Run 0018 0123-------- [#1(2408)]: kid 1 (3856) still running
IPC::Run 0019 0123-------- [#1(2408)]: kid 1 (3856) still running
IPC::Run 0019 0123-------- [#1(2408)]: kid 1 (3856) still running
IPC::Run 0020 0123-------- [#1(2408)]: kid 1 (3856) still running
IPC::Run 0020 0123-------- [#1(2408)]: kid 1 (3856) still running
IPC::Run 0021 0123-------- [#1(2408)]: kid 1 (3856) still running
IPC::Run 0021 0123-------- [#1(2408)]: kid 1 (3856) still running
IPC::Run 0022 0123-------- [#1(2408)]: kid 1 (3856) still running
IPC::Run 0022 0123-------- [#1(2408)]: kid 1 (3856) still running
IPC::Run 0023 0123-------- [#1(2408)]: kid 1 (3856) still running
IPC::Run 0023 0123-------- [#1(2408)]: kid 1 (3856) still running
IPC::Run 0024 0123-------- [#1(2408)]: kid 1 (3856) still running
IPC::Run 0024 0123-------- [#1(2408)]: kid 1 (3856) still running
IPC::Run 0025 0123-------- [#1(2408)]: kid 1 (3856) still running
IPC::Run 0025 0123-------- [#1(2408)]: kid 1 (3856) still running
IPC::Run 0026 0123-------- [#1(2408)]: kid 1 (3856) still running
IPC::Run 0026 0123-------- [#1(2408)]: kid 1 (3856) still running
IPC::Run 0027 0123-------- [#1(2408)]: kid 1 (3856) still running
IPC::Run 0027 0123-------- [#1(2408)]: kid 1 (3856) still running
IPC::Run 0028 0123-------- [#1(2408)]: kid 1 (3856) still running
IPC::Run 0028 0123-------- [#1(2408)]: kid 1 (3856) still running
IPC::Run 0029 0123-------- [#1(2408)]: kid 1 (3856) still running
IPC::Run 0029 0123-------- [#1(2408)]: kid 1 (3856) still running
IPC::Run 0030 0123-------- [#1(2408)]: kid 1 (3856) still running
IPC::Run 0030 0123-------- [#1(2408)]: kid 1 (3856) still running
IPC::Run 0031 0123-------- [#1(2408)]: kid 1 (3856) still running
IPC::Run 0031 0123-------- [#1(2408)]: sending KILL to 3856
IPC::Run 0031 0123-------- [#1(2408)]: kid 1 (3856) exited
IPC::Run 0031 0123-------- [(2408)]: cleaning up
IPC::Run 0031 0123-------- [(2408)]: cleaning up pipes
IPC::Run 0031 0123-------- [(2408)]: cleaning up kid 1
IPC::Run 0031 0123-------- [(2408)]: cleaning up filters
IPC::Run 0031 0123-------- [(2408)]: done cleaning up
# Failed test 1 in t/kill_kill.t at line 31
#  t/kill_kill.t line 31 is:    ok ! $needed_kill ;
not ok 1
ok 2 # skip MSWin32 does not support ignoring the TERM signal
FAILED test 1
	Failed 1/2 tests, 50.00% okay (less 1 skipped test: 0 okay, 0.00%)
Failed Test   Stat Wstat Total Fail  Failed  List of Failed
-------------------------------------------------------------------------------
t/kill_kill.t                2    1  50.00%  1
1 subtest skipped.
Failed 1/1 test scripts, 0.00% okay. 1/2 subtests failed, 50.00% okay.
NMAKE : fatal error U1077: 'C:\WINDOWS\system32\cmd.exe' : return code '0xff'
Stop.
