Going to read /cygdrive/c/data/.cpan/sources/authors/01mailrc.txt.gz
CPAN: Compress::Zlib loaded ok
Going to read /cygdrive/c/data/.cpan/sources/modules/02packages.details.txt.gz
  Database was generated on Fri, 20 Sep 2002 02:22:19 GMT
CPAN: HTTP::Date loaded ok

  There's a new CPAN.pm version (v1.63) available!
  [Current version is v1.59_54]
  You might want to try
    install Bundle::CPAN
    reload cpan
  without quitting the current session. It should be a seamless upgrade
  while we are running...

Going to read /cygdrive/c/data/.cpan/sources/modules/03modlist.data.gz
File::Spec is up to date.
MD5 is up to date.
Running install for module Compress::Zlib
Running make for P/PM/PMQS/Compress-Zlib-1.16.tar.gz
CPAN: MD5 loaded ok
Checksum for /cygdrive/c/data/.cpan/sources/authors/id/P/PM/PMQS/Compress-Zlib-1.16.tar.gz ok
Scanning cache /cygdrive/c/data/.cpan/build for sizes
Compress-Zlib-1.16/
Compress-Zlib-1.16/examples/
Compress-Zlib-1.16/examples/gzgrep
Compress-Zlib-1.16/examples/filtdef
Compress-Zlib-1.16/examples/gzcat
Compress-Zlib-1.16/examples/filtinf
Compress-Zlib-1.16/examples/gzstream
Compress-Zlib-1.16/Makefile.NT
Compress-Zlib-1.16/Zlib.xs
Compress-Zlib-1.16/ANNOUNCE
Compress-Zlib-1.16/fallback.h
Compress-Zlib-1.16/MANIFEST
Compress-Zlib-1.16/typemap
Compress-Zlib-1.16/t/
Compress-Zlib-1.16/t/examples.t
Compress-Zlib-1.16/t/zlib.t
Compress-Zlib-1.16/Zlib.pm
Compress-Zlib-1.16/config.in
Compress-Zlib-1.16/fallback.xs
Compress-Zlib-1.16/README
Compress-Zlib-1.16/Makefile.PL
Removing previously used /cygdrive/c/data/.cpan/build/Compress-Zlib-1.16

  CPAN.pm: Going to build P/PM/PMQS/Compress-Zlib-1.16.tar.gz

Parsing config.in...
Looks Good.
Checking if your kit is complete...
Looks good
Writing Makefile for Compress::Zlib
cp Zlib.pm blib/lib/Compress/Zlib.pm
AutoSplitting blib/lib/Compress/Zlib.pm (blib/lib/auto/Compress/Zlib)
/usr/bin/perl -I/usr/lib/perl5/5.6.1/cygwin-multi -I/usr/lib/perl5/5.6.1 /usr/lib/perl5/5.6.1/ExtUtils/xsubpp  -typemap /usr/lib/perl5/5.6.1/ExtUtils/typemap -typemap typemap Zlib.xs > Zlib.xsc && mv Zlib.xsc Zlib.c
gcc -c -I/usr/local/include -DPERL_USE_SAFE_PUTENV -fno-strict-aliasing -I/usr/local/include -DUSEIMPORTLIB -O2   -DVERSION=\"1.16\" -DXS_VERSION=\"1.16\"  -I/usr/lib/perl5/5.6.1/cygwin-multi/CORE  Zlib.c
Running Mkbootstrap for Compress::Zlib ()
chmod 644 Zlib.bs
rm -f blib/arch/auto/Compress/Zlib/Zlib.dll
LD_RUN_PATH="/usr/lib" ld2  -s -L/usr/local/lib Zlib.o  -o blib/arch/auto/Compress/Zlib/Zlib.dll  /usr/lib/perl5/5.6.1/cygwin-multi/CORE/libperl5_6_1.a -L/usr/local/lib -lz  
dllwrap --dllname Zlib.dll --driver-name gcc --dlltool dlltool --export-all-symbols --as as --output-def libZlib.def --output-lib libZlib.a \
-s -L/usr/local/lib Zlib.o  /usr/lib/perl5/5.6.1/cygwin-multi/CORE/libperl5_6_1.a -L/usr/local/lib -lz
mv Zlib.dll libZlib.a blib/arch/auto/Compress/Zlib/
chmod 755 blib/arch/auto/Compress/Zlib/Zlib.dll
cp Zlib.bs blib/arch/auto/Compress/Zlib/Zlib.bs
chmod 644 blib/arch/auto/Compress/Zlib/Zlib.bs
Manifying blib/man3/Compress.Zlib.3
  /usr/bin/make  -- OK
Running make test
PERL_DL_NONLAZY=1 /usr/bin/perl -Iblib/arch -Iblib/lib -I/usr/lib/perl5/5.6.1/cygwin-multi -I/usr/lib/perl5/5.6.1 -e 'use Test::Harness qw(&runtests $verbose); $verbose=0; runtests @ARGV;' t/*.t
t/examples..........ok
t/zlib..............ok
All tests successful.
Files=2, Tests=179, 38 wallclock secs ( 1.40 cusr +  1.01 csys =  2.41 CPU)
  /usr/bin/make test -- OK
Running make install
  /usr/bin/make install  -- NOT OK
Archive::Tar is up to date.
Data::Dumper is up to date.
Net::Telnet is up to date.
Net::Cmd is up to date.
Term::ReadKey is up to date.
Term::ReadLine::Perl is up to date.
CPAN::WAIT is up to date.
Running install for module CPAN
Running make for A/AN/ANDK/CPAN-1.63.tar.gz
Checksum for /cygdrive/c/data/.cpan/sources/authors/id/A/AN/ANDK/CPAN-1.63.tar.gz ok
CPAN-1.63/
CPAN-1.63/t/
CPAN-1.63/t/vcmp.t
CPAN-1.63/t/mirroredby.t
CPAN-1.63/t/loadme.t
CPAN-1.63/t/Nox.t
CPAN-1.63/lib/
CPAN-1.63/lib/CPAN.pm
CPAN-1.63/lib/CPAN/
CPAN-1.63/lib/CPAN/Admin.pm
CPAN-1.63/lib/CPAN/Nox.pm
CPAN-1.63/lib/CPAN/FirstTime.pm
CPAN-1.63/lib/Bundle/
CPAN-1.63/lib/Bundle/CPAN.pm
CPAN-1.63/MANIFEST
CPAN-1.63/ChangeLog
CPAN-1.63/cpan
CPAN-1.63/Changes.old
CPAN-1.63/Todo
CPAN-1.63/Makefile.PL
CPAN-1.63/README
Removing previously used /cygdrive/c/data/.cpan/build/CPAN-1.63

  CPAN.pm: Going to build A/AN/ANDK/CPAN-1.63.tar.gz

Checking if your kit is complete...
Looks good
Writing Makefile for CPAN
cp lib/CPAN/Nox.pm blib/lib/CPAN/Nox.pm
cp lib/Bundle/CPAN.pm blib/lib/Bundle/CPAN.pm
cp lib/CPAN/Admin.pm blib/lib/CPAN/Admin.pm
cp lib/CPAN.pm blib/lib/CPAN.pm
cp lib/CPAN/FirstTime.pm blib/lib/CPAN/FirstTime.pm
cp cpan blib/script/cpan
/usr/bin/perl -I/usr/lib/perl5/5.6.1/cygwin-multi -I/usr/lib/perl5/5.6.1 -MExtUtils::MakeMaker -e "MY->fixin(shift)" blib/script/cpan
Manifying blib/man3/CPAN.Nox.3
Manifying blib/man3/Bundle.CPAN.3
Manifying blib/man1/cpan.1
Manifying blib/man3/CPAN.Admin.3
Manifying blib/man3/CPAN.3
Manifying blib/man3/CPAN.FirstTime.3
  /usr/bin/make  -- OK
Running make test
PERL_DL_NONLAZY=1 /usr/bin/perl -Iblib/arch -Iblib/lib -I/usr/lib/perl5/5.6.1/cygwin-multi -I/usr/lib/perl5/5.6.1 -e 'use Test::Harness qw(&runtests $verbose); $verbose=0; runtests @ARGV;' t/*.t
t/Nox...............ok
t/loadme............ok
t/mirroredby........ok
t/vcmp..............ok
All tests successful.
Files=4, Tests=45, 25 wallclock secs ( 1.51 cusr +  0.69 csys =  2.20 CPU)
  /usr/bin/make test -- OK
Running make install
Installing /usr/man/man1/cpan.1
Installing /usr/man/man3/CPAN.Nox.3
Installing /usr/man/man3/Bundle.CPAN.3
Installing /usr/man/man3/CPAN.Admin.3
Installing /usr/man/man3/CPAN.3
Installing /usr/man/man3/CPAN.FirstTime.3
Writing /usr/lib/perl5/5.6.1/cygwin-multi/auto/CPAN/.packlist
Appending installation info to /usr/lib/perl5/5.6.1/cygwin-multi/perllocal.pod
  /usr/bin/make install  -- OK
Bundle summary: The following items in bundle Bundle::CPAN had installation
problems:
  Compress::Zlib CPAN 
