cpanm (App::cpanminus) 1.1008 on perl 5.012003 built for x86_64-linux
Work directory is /home/matt/.cpanm/work/1297357796.29055
You have make /usr/bin/make
You have LWP 5.837
You have /bin/tar: tar (GNU tar) 1.23
Copyright (C) 2010 Free Software Foundation, Inc.
License GPLv3+: GNU GPL version 3 or later <http://gnu.org/licenses/gpl.html>.
This is free software: you are free to change and redistribute it.
There is NO WARRANTY, to the extent permitted by law.

Written by John Gilmore and Jay Fenlason.
You have /usr/bin/unzip
Searching Devel::Callsite on cpanmetadb ...
--> Working on Devel::Callsite
Fetching http://search.cpan.org/CPAN/authors/id/T/TE/TEODOR/Devel-Callsite-0.04.tar.gz
-> OK
Unpacking Devel-Callsite-0.04.tar.gz
Entering Devel-Callsite-0.04
Configuring Devel-Callsite-0.04
Running Makefile.PL
Checking if your kit is complete...
Looks good
Writing Makefile for Devel::Callsite
-> OK
Finding PREREQ from Makefile ...
Building and testing Devel-Callsite-0.04
cp Callsite.pm blib/lib/Devel/Callsite.pm
/home/matt/perl5/perlbrew/perls/perl-5.12.3/bin/perl /home/matt/perl5/perlbrew/perls/perl-5.12.3/lib/5.12.3/ExtUtils/xsubpp  -typemap /home/matt/perl5/perlbrew/perls/perl-5.12.3/lib/5.12.3/ExtUtils/typemap  Callsite.xs > Callsite.xsc && mv Callsite.xsc Callsite.c
cc -c   -fno-strict-aliasing -pipe -fstack-protector -I/usr/local/include -D_LARGEFILE_SOURCE -D_FILE_OFFSET_BITS=64 -O2   -DVERSION=\"0.04\" -DXS_VERSION=\"0.04\" -fPIC "-I/home/matt/perl5/perlbrew/perls/perl-5.12.3/lib/5.12.3/x86_64-linux/CORE"   Callsite.c
Running Mkbootstrap for Devel::Callsite ()
chmod 644 Callsite.bs
rm -f blib/arch/auto/Devel/Callsite/Callsite.so
cc  -shared -O2 -L/usr/local/lib -fstack-protector Callsite.o  -o blib/arch/auto/Devel/Callsite/Callsite.so 	\
	     	\
	  
chmod 755 blib/arch/auto/Devel/Callsite/Callsite.so
cp Callsite.bs blib/arch/auto/Devel/Callsite/Callsite.bs
chmod 644 blib/arch/auto/Devel/Callsite/Callsite.bs
Manifying blib/man3/Devel::Callsite.3
PERL_DL_NONLAZY=1 /home/matt/perl5/perlbrew/perls/perl-5.12.3/bin/perl "-MExtUtils::Command::MM" "-e" "test_harness(0, 'blib/lib', 'blib/arch')" t/*.t

#   Failed test 'Valid context call'
#   at t/basic.t line 13.
# Looks like you failed 1 test of 6.
t/basic.t .. 
Dubious, test returned 1 (wstat 256, 0x100)
Failed 1/6 subtests 

Test Summary Report
-------------------
t/basic.t (Wstat: 256 Tests: 6 Failed: 1)
  Failed test:  6
  Non-zero exit status: 1
Files=1, Tests=6,  0 wallclock secs ( 0.03 usr  0.00 sys +  0.02 cusr  0.00 csys =  0.05 CPU)
Result: FAIL
Failed 1/1 test programs. 1/6 subtests failed.
make: *** [test_dynamic] Error 1
-> FAIL Installing Devel::Callsite failed. See /home/matt/.cpanm/build.log for details.
