tests/30_loops/10_select/wheel_run....1..99
ok 1 - new: at least one io event
ok 2 - new: only valid conduits
ok 3 - new: cannot mix deprecated Filter with StdioFilter
ok 4 - new: Program is needed
ok 5 - string/pipe response type
ok 6 - string/pipe stdout response
ok 7 - coderef/pty-pipe response type
ok 8 - coderef/pty-pipe stdout response
ok 9 - coderef/default response type
ok 10 - coderef/default stdout response
ok 11 - string/pause_resume response type
ok 12 - string/pause_resume stdout response
ok 13 - string/killing response type
ok 14 - string/killing stdout response
ok 15 - coderef/pty response type
ok 16 - coderef/pty stdout response
ok 17 - string/pty-pipe response type
ok 18 - string/pty-pipe stdout response
ok 19 - coderef/pipe response type
ok 20 - coderef/pipe stdout response
ok 21 - string/pty response type
ok 22 - string/pty stdout response
ok 23 - string/default response type
ok 24 - string/default stdout response
ok 25 - coderef/shutdown response type
not ok 26 - coderef/shutdown stdout response

#   Failed test 'coderef/shutdown stdout response'
#   in tests/30_loops/00_base/wheel_run.pm at line 316.
#          got: 'out17328: got alarm'
#     expected: 'out17328: init'
ok 27 - string/default response type
ok 28 - string/default stderr response
ok 29 - string/pause_resume response type
ok 30 - string/pause_resume stderr response
not ok 31 - coderef/shutdown close

#   Failed test 'coderef/shutdown close'
#   in tests/30_loops/00_base/wheel_run.pm at line 329.
#          got: 'close'
#     expected: 'stdout'
ok 32 - string/killing response type
ok 33 - string/killing stdout response
ok 34 - coderef/pty-pipe response type
ok 35 - coderef/pty-pipe stderr response
ok 36 - string/pty-pipe response type
ok 37 - string/pty-pipe stderr response
ok 38 - coderef/pty response type
ok 39 - coderef/pty stdout response
ok 40 - coderef/pipe response type
ok 41 - coderef/pipe stderr response
ok 42 - string/pipe response type
ok 43 - string/pipe stderr response
ok 44 - string/pty response type
ok 45 - string/pty stdout response
ok 46 - coderef/default response type
ok 47 - coderef/default stderr response
ok 48 - string/pause_resume response type
ok 49 - string/pause_resume stdout response
ok 50 - string/killing close
ok 51 - string/killing driver_out_octets at close
ok 52 - string/killing driver_out_messages at close
ok 53 - string/killing flush count (17328)
ok 54 - string/pause_resume response type
ok 55 - string/pause_resume stdout response
ok 56 - coderef/pty-pipe close
ok 57 - coderef/pty-pipe driver_out_octets at close
ok 58 - coderef/pty-pipe driver_out_messages at close
ok 59 - coderef/pty-pipe flush count (17328)
ok 60 - coderef/pty close
ok 61 - coderef/pty driver_out_octets at close
ok 62 - coderef/pty driver_out_messages at close
ok 63 - coderef/pty flush count (17328)
ok 64 - string/pty-pipe close
ok 65 - string/pty-pipe driver_out_octets at close
ok 66 - string/pty-pipe driver_out_messages at close
ok 67 - string/pty-pipe flush count (17328)
ok 68 - coderef/pipe close
ok 69 - coderef/pipe driver_out_octets at close
ok 70 - coderef/pipe driver_out_messages at close
ok 71 - coderef/pipe flush count (17328)
ok 72 - string/pipe close
ok 73 - string/pipe driver_out_octets at close
ok 74 - string/pipe driver_out_messages at close
ok 75 - string/pipe flush count (17328)
ok 76 - string/pty close
ok 77 - string/pty driver_out_octets at close
ok 78 - string/pty driver_out_messages at close
ok 79 - string/pty flush count (17328)
ok 80 - coderef/default close
ok 81 - coderef/default driver_out_octets at close
ok 82 - coderef/default driver_out_messages at close
ok 83 - coderef/default flush count (17328)
ok 84 - string/default close
ok 85 - string/default driver_out_octets at close
ok 86 - string/default driver_out_messages at close
ok 87 - string/default flush count (17328)
ok 88 - string/pause_resume response type
ok 89 - string/pause_resume stderr response
ok 90 - string/pause_resume response type
ok 91 - string/pause_resume stdout response
ok 92 - string/pause_resume response type
ok 93 - string/pause_resume stderr response
ok 94 - string/pause_resume close
ok 95 - string/pause_resume driver_out_octets at close
ok 96 - string/pause_resume driver_out_messages at close
ok 97 - string/pause_resume flush count (17328)
# Looks like you planned 99 tests but only ran 97.
# Looks like you failed 2 tests of 97 run.
dubious
	Test returned status 2 (wstat 512, 0x200)
DIED. FAILED tests 26, 31, 98-99
	Failed 4/99 tests, 95.96% okay
Failed Test                          Stat Wstat Total Fail  List of Failed
-------------------------------------------------------------------------------
tests/30_loops/10_select/wheel_run.t    2   512    99    6  26 31 98-99
Failed 1/1 test scripts. 4/99 subtests failed.
Files=1, Tests=99, 80 wallclock secs ( 1.48 cusr +  0.67 csys =  2.15 CPU)
Failed 1/1 test programs. 4/99 subtests failed.
