touch debian/stamp-copyright-check
touch debian/stamp-upstream-cruft
(cd . && /usr/bin/perl Makefile.PL NOECHO=  INSTALLDIRS=vendor )

Welcome to the Inline::Java installation procedure.

Using /usr/lib/jvm/default-java as J2SDK directory.

Default J2SDK for Inline::Java will be '/usr/lib/jvm/default-java'.
See module documentation for information on how to use a different J2SDK
or change this default value.

Checking if your kit is complete...
Looks good

Inline::Java can use a JNI extension that allows the Java Virtual Machine
(JVM) to be dynamically linked with Perl instead of running as a separate
process. The use of this extension is optional, and building it still
allows Inline::Java to run the JVM in the default (separate process)
fashion.
Note: You need a C compiler to build the extension.
Do you wish to build the JNI extension? [y] y

Building JNI extension.

1) /usr/lib/jvm/default-java/include
2) /usr/lib/jvm/default-java/include/linux
Please select from the above list which 'jni_md.h' to use: [1] 1

1) /usr/lib/jvm/default-java/jre/lib/mips/jamvm
2) /usr/lib/jvm/default-java/jre/lib/mips/server
Please select from the above list which 'libjvm.so' to use: [2] 2

Building with:
  /usr/lib/jvm/default-java/include/jni.h
  /usr/lib/jvm/default-java/include/jni_md.h
  /usr/lib/jvm/default-java/jre/lib/mips/server/libjvm.so

Note: In order for Inline::Java to use the JNI extension, you will need to
use the JNI configuration option or set the PERL_INLINE_JAVA_JNI environment
variable to a true value. You will also need to add the following directories
to your LD_LIBRARY_PATH environment variable:
  /usr/lib/jvm/default-java/jre/lib/ext
  /usr/lib/jvm/default-java/jre/lib/mips/jli
  /usr/lib/jvm/default-java/jre/lib/mips/server
  /usr/lib/jvm/default-java/jre/lib/mips
See README.JNI for more information.

The PerlInterpreter extension allows Inline::Java to be loaded directly from
Java using an embedded Perl interpreter. It is still EXPERIMENTAL and 
may not build or work properly on all platforms. See documentation for 
more details.
Do you wish to build the PerlInterpreter extension? [n] n

Generating a Unix-style Makefile
Writing Makefile for Inline::Java::JNI
Writing MYMETA.yml and MYMETA.json
Generating a Unix-style Makefile
Writing Makefile for Inline::Java
Writing MYMETA.yml and MYMETA.json

You can continue the installation with the following commands:
  % make
  % make test
  % make install
/usr/bin/make  -C . OPTIMIZE="-g -O2 -fstack-protector-strong -Wformat -Werror=format-security -Wall -D_FORTIFY_SOURCE=2" LDDLFLAGS="-shared -L/usr/local/lib -fstack-protector -Wl,-z,relro"  all
make[1]: Entering directory '/«PKGBUILDDIR»'
"/usr/lib/jvm/default-java/bin/javac" -deprecation -g -d Java/classes Java/sources/org/perl/inline/java/*.java
Note: Some input files use unchecked or unsafe operations.
Note: Recompile with -Xlint:unchecked for details.
"/usr/lib/jvm/default-java/bin/jar" cf Java/InlineJavaServer.jar -C Java/classes org -C Java/classes InlineJava.properties
"/usr/lib/jvm/default-java/bin/jar" cf Java/InlineJavaUser.jar -C Java/classes InlineJavaUserClassLink.class
/usr/bin/perl -MExtUtils::Command -e 'mkpath' -- blib/lib/Inline
chmod 755 blib/lib/Inline
touch blib/lib/Inline/.exists
/usr/bin/perl -MExtUtils::Command -e 'mkpath' -- blib/arch
chmod 755 blib/arch
touch blib/arch/.exists
/usr/bin/perl -MExtUtils::Command -e 'mkpath' -- blib/lib/auto/Inline/Java
chmod 755 blib/lib/auto/Inline/Java
touch blib/lib/auto/Inline/Java/.exists
/usr/bin/perl -MExtUtils::Command -e 'mkpath' -- blib/arch/auto/Inline/Java
chmod 755 blib/arch/auto/Inline/Java
touch blib/arch/auto/Inline/Java/.exists
/usr/bin/perl -MExtUtils::Command -e 'mkpath' -- blib/bin
chmod 755 blib/bin
touch blib/bin/.exists
/usr/bin/perl -MExtUtils::Command -e 'mkpath' -- blib/script
chmod 755 blib/script
touch blib/script/.exists
/usr/bin/perl -MExtUtils::Command -e 'mkpath' -- blib/man1
chmod 755 blib/man1
touch blib/man1/.exists
/usr/bin/perl -MExtUtils::Command -e 'mkpath' -- blib/man3
chmod 755 blib/man3
touch blib/man3/.exists
true
true
/usr/bin/perl -MExtUtils::Install -e 'pm_to_blib({@ARGV}, '\''blib/lib/auto'\'', q[], '\''755'\'')' -- \
  Java.pm blib/lib/Inline/Java.pm \
  Java.pod blib/lib/Inline/Java.pod \
  Java/InlineJavaServer.jar blib/lib/Inline/Java/InlineJavaServer.jar \
  Java/InlineJavaUser.jar blib/lib/Inline/Java/InlineJavaUser.jar 
cp Java/InlineJavaUser.jar blib/lib/Inline/Java/InlineJavaUser.jar
cp Java/InlineJavaServer.jar blib/lib/Inline/Java/InlineJavaServer.jar
cp Java.pod blib/lib/Inline/Java.pod
cp Java.pm blib/lib/Inline/Java.pm
touch pm_to_blib
true
cd Java && make -f Makefile all LIBPERL_A="libperl.a" LINKTYPE="dynamic" OPTIMIZE="-g -O2 -fstack-protector-strong -Wformat -Werror=format-security -Wall -D_FORTIFY_SOURCE=2" LD="cc" PREFIX="/usr"
make[2]: Entering directory '/«PKGBUILDDIR»/Java'
cp sources/org/perl/inline/java/InlineJavaPerlException.java ../blib/lib/Inline/Java/sources/org/perl/inline/java/InlineJavaPerlException.java
cp Protocol.pm ../blib/lib/Inline/Java/Protocol.pm
cp JNI.pm ../blib/lib/Inline/Java/JNI.pm
cp Callback.pm ../blib/lib/Inline/Java/Callback.pm
cp sources/org/perl/inline/java/InlineJavaPerlObject.java ../blib/lib/Inline/Java/sources/org/perl/inline/java/InlineJavaPerlObject.java
cp sources/org/perl/inline/java/InlineJavaProtocol.java ../blib/lib/Inline/Java/sources/org/perl/inline/java/InlineJavaProtocol.java
cp Portable.pm ../blib/lib/Inline/Java/Portable.pm
cp sources/org/perl/inline/java/InlineJavaPerlInterpreter.java ../blib/lib/Inline/Java/sources/org/perl/inline/java/InlineJavaPerlInterpreter.java
cp sources/org/perl/inline/java/InlineJavaPerlCaller.java ../blib/lib/Inline/Java/sources/org/perl/inline/java/InlineJavaPerlCaller.java
cp Array.pm ../blib/lib/Inline/Java/Array.pm
cp default_j2sdk.pl ../blib/lib/Inline/Java/default_j2sdk.pl
cp sources/org/perl/inline/java/InlineJavaHandle.java ../blib/lib/Inline/Java/sources/org/perl/inline/java/InlineJavaHandle.java
cp sources/org/perl/inline/java/InlineJavaCastException.java ../blib/lib/Inline/Java/sources/org/perl/inline/java/InlineJavaCastException.java
cp sources/org/perl/inline/java/InlineJavaArray.java ../blib/lib/Inline/Java/sources/org/perl/inline/java/InlineJavaArray.java
cp sources/org/perl/inline/java/InlineJavaPerlNatives.java ../blib/lib/Inline/Java/sources/org/perl/inline/java/InlineJavaPerlNatives.java
cp sources/org/perl/inline/java/InlineJavaException.java ../blib/lib/Inline/Java/sources/org/perl/inline/java/InlineJavaException.java
cp Object.pm ../blib/lib/Inline/Java/Object.pm
cp Handle.pm ../blib/lib/Inline/Java/Handle.pm
cp sources/org/perl/inline/java/InlineJavaClass.java ../blib/lib/Inline/Java/sources/org/perl/inline/java/InlineJavaClass.java
cp Callback.pod ../blib/lib/Inline/Java/Callback.pod
cp JVM.pm ../blib/lib/Inline/Java/JVM.pm
cp sources/org/perl/inline/java/InlineJavaServer.java ../blib/lib/Inline/Java/sources/org/perl/inline/java/InlineJavaServer.java
cp sources/org/perl/inline/java/InlineJavaInvocationTargetException.java ../blib/lib/Inline/Java/sources/org/perl/inline/java/InlineJavaInvocationTargetException.java
cp sources/org/perl/inline/java/InlineJavaCallback.java ../blib/lib/Inline/Java/sources/org/perl/inline/java/InlineJavaCallback.java
cp Class.pm ../blib/lib/Inline/Java/Class.pm
cp sources/org/perl/inline/java/InlineJavaCallbackQueue.java ../blib/lib/Inline/Java/sources/org/perl/inline/java/InlineJavaCallbackQueue.java
cp Server.pm ../blib/lib/Inline/Java/Server.pm
cp sources/org/perl/inline/java/InlineJavaUserClassLoader.java ../blib/lib/Inline/Java/sources/org/perl/inline/java/InlineJavaUserClassLoader.java
cp sources/org/perl/inline/java/InlineJavaThrown.java ../blib/lib/Inline/Java/sources/org/perl/inline/java/InlineJavaThrown.java
cp sources/org/perl/inline/java/InlineJavaUserClassLink.java ../blib/lib/Inline/Java/sources/org/perl/inline/java/InlineJavaUserClassLink.java
cp sources/org/perl/inline/java/InlineJavaUtils.java ../blib/lib/Inline/Java/sources/org/perl/inline/java/InlineJavaUtils.java
cp sources/org/perl/inline/java/InlineJavaServerThread.java ../blib/lib/Inline/Java/sources/org/perl/inline/java/InlineJavaServerThread.java
Running Mkbootstrap for Inline::Java::JNI ()
chmod 644 JNI.bs
/usr/bin/perl /usr/share/perl/5.20.1/ExtUtils/xsubpp  -typemap /usr/share/perl/5.20/ExtUtils/typemap -typemap typemap  JNI.xs > JNI.xsc && mv JNI.xsc JNI.c
cc -c  -I/usr/lib/jvm/default-java/include -I/usr/lib/jvm/default-java/include -D_REENTRANT -D_GNU_SOURCE -DDEBIAN -fwrapv -fno-strict-aliasing -pipe -I/usr/local/include -D_LARGEFILE_SOURCE -D_FILE_OFFSET_BITS=64 -g -O2 -fstack-protector-strong -Wformat -Werror=format-security -Wall -D_FORTIFY_SOURCE=2   -DVERSION=\"0.53_90\" -DXS_VERSION=\"0.53_90\" -fPIC "-I/usr/lib/mips-linux-gnu/perl/5.20/CORE"   JNI.c
JNI.c: In function 'XS_Inline__Java__JNI_new':
JNI.c:291:9: warning: unused variable 'CLASS' [-Wunused-variable]
  char * CLASS = (char *)SvPV_nolen(ST(0))
         ^
JNI.c: In function 'XS_Inline__Java__JNI_shutdown':
JNI.c:417:13: warning: cast to pointer from integer of different size [-Wint-to-pointer-cast]
      this = (InlineJavaJNIVM *)SvIV((SV*)SvRV(ST(0))) ;
             ^
JNI.c: In function 'XS_Inline__Java__JNI_DESTROY':
JNI.c:443:13: warning: cast to pointer from integer of different size [-Wint-to-pointer-cast]
      this = (InlineJavaJNIVM *)SvIV((SV*)SvRV(ST(0))) ;
             ^
JNI.c: In function 'XS_Inline__Java__JNI_create_ijs':
JNI.c:474:13: warning: cast to pointer from integer of different size [-Wint-to-pointer-cast]
      this = (InlineJavaJNIVM *)SvIV((SV*)SvRV(ST(0))) ;
             ^
JNI.c: In function 'XS_Inline__Java__JNI_process_command':
JNI.c:514:13: warning: cast to pointer from integer of different size [-Wint-to-pointer-cast]
      this = (InlineJavaJNIVM *)SvIV((SV*)SvRV(ST(0))) ;
             ^
In file included from /usr/lib/mips-linux-gnu/perl/5.20/CORE/perl.h:5089:0,
                 from JNI.xs:2:
JNI.c: In function 'XS_Inline__Java__JNI_DESTROY':
/usr/lib/mips-linux-gnu/perl/5.20/CORE/embed.h:483:22: warning: 'this' may be used uninitialized in this function [-Wmaybe-uninitialized]
 #define safesysfree  Perl_safesysfree
                      ^
JNI.c:440:20: note: 'this' was declared here
  InlineJavaJNIVM * this;
                    ^
JNI.c: In function 'XS_Inline__Java__JNI_shutdown':
JNI.xs:250:2: warning: 'this' may be used uninitialized in this function [-Wmaybe-uninitialized]
  shutdown_JVM(this) ;
  ^
JNI.c:414:20: note: 'this' was declared here
  InlineJavaJNIVM * this;
                    ^
JNI.c: In function 'XS_Inline__Java__JNI_process_command':
JNI.xs:295:9: warning: 'this' may be used uninitialized in this function [-Wmaybe-uninitialized]
  resp = (*(env))->CallObjectMethod(env, this->ijs, this->process_command_mid, cmd) ;
         ^
JNI.c:500:20: note: 'this' was declared here
  InlineJavaJNIVM * this;
                    ^
JNI.c: In function 'XS_Inline__Java__JNI_create_ijs':
JNI.xs:273:14: warning: 'this' may be used uninitialized in this function [-Wmaybe-uninitialized]
  this->ijs = (*(env))->CallStaticObjectMethod(env, this->ijs_class, this->jni_main_mid, this->debug, this->native_doubles) ;
              ^
JNI.c:467:20: note: 'this' was declared here
  InlineJavaJNIVM * this;
                    ^
rm -f ../blib/arch/auto/Inline/Java/JNI/JNI.so
LD_RUN_PATH="/usr/lib/jvm/default-java/jre/lib/mips/server" cc  -shared -L/usr/local/lib -fstack-protector -Wl,-z,relro JNI.o  -o ../blib/arch/auto/Inline/Java/JNI/JNI.so 	\
   -L/usr/lib/jvm/default-java/jre/lib/mips/server -ljvm  	\
  
chmod 755 ../blib/arch/auto/Inline/Java/JNI/JNI.so
/usr/bin/perl -MExtUtils::Command::MM -e 'cp_nonempty' -- JNI.bs ../blib/arch/auto/Inline/Java/JNI/JNI.bs 644
Manifying ../blib/man3/Inline::Java::Callback.3pm
make[2]: Leaving directory '/«PKGBUILDDIR»/Java'
true
true
true
/usr/bin/perl "-MExtUtils::Command::MM" -e pod2man "--" --section=3pm --perm_rw=644 \
  Java.pod blib/man3/Inline::Java.3pm 
Manifying blib/man3/Inline::Java.3pm
true
make[1]: Leaving directory '/«PKGBUILDDIR»'
touch debian/stamp-makefile-build
/usr/bin/make  -C . OPTIMIZE="-g -O2 -fstack-protector-strong -Wformat -Werror=format-security -Wall -D_FORTIFY_SOURCE=2" LDDLFLAGS="-shared -L/usr/local/lib -fstack-protector -Wl,-z,relro"  test TEST_VERBOSE=1
make[1]: Entering directory '/«PKGBUILDDIR»'
true
true
true
cd Java && make -f Makefile all LIBPERL_A="libperl.a" LINKTYPE="dynamic" OPTIMIZE="-g -O2 -fstack-protector-strong -Wformat -Werror=format-security -Wall -D_FORTIFY_SOURCE=2" LD="cc" PREFIX="/usr"
make[2]: Entering directory '/«PKGBUILDDIR»/Java'
Running Mkbootstrap for Inline::Java::JNI ()
chmod 644 JNI.bs
make[2]: Leaving directory '/«PKGBUILDDIR»/Java'
true
true
true
PERL_DL_NONLAZY=1 /usr/bin/perl "-MExtUtils::Command::MM" "-MTest::Harness" "-e" "undef *Test::Harness::Switches; test_harness(1, 'blib/lib', 'blib/arch')" t/*.t

Perl version is 5.020001
Inline version is 0.77
Inline::Java version is 0.56
J2SDK version is 1.7.0_65, from /usr/lib/jvm/default-java
CLASSPATH is <empty>
Using JNI extension.
t/01_init.t ............ 
1..1
# Running under perl version 5.020001 for linux
# Current time local: Wed Nov 26 15:41:40 2014
# Current time GMT:   Wed Nov 26 15:41:40 2014
# Using Test.pm version 1.26
ok 1
ok
t/02_primitives.t ...... 
1..102
# Running under perl version 5.020001 for linux
# Current time local: Wed Nov 26 15:42:15 2014
# Current time GMT:   Wed Nov 26 15:42:15 2014
# Using Test.pm version 1.26
ok 1
ok 2
ok 3
ok 4
ok 5
ok 6
ok 7
ok 8
ok 9
ok 10
ok 11
ok 12
ok 13
ok 14
ok 15
ok 16
ok 17
ok 18
ok 19
ok 20
ok 21
ok 22
ok 23
ok 24
ok 25
ok 26
ok 27
ok 28
ok 29
ok 30
ok 31
ok 32
ok 33
ok 34
ok 35
ok 36
ok 37
ok 38
ok 39
ok 40
ok 41
ok 42
ok 43
ok 44
ok 45
ok 46
ok 47
ok 48
ok 49
ok 50
ok 51
ok 52
ok 53
ok 54
ok 55
ok 56
ok 57
ok 58
ok 59
ok 60
ok 61
ok 62
ok 63
ok 64
ok 65
ok 66
ok 67
ok 68
ok 69
ok 70
ok 71
ok 72
ok 73
ok 74
ok 75
ok 76
ok 77
ok 78
ok 79
ok 80
ok 81
ok 82
ok 83
ok 84
ok 85
ok 86
ok 87
ok 88
ok 89
ok 90
ok 91
ok 92
ok 93
ok 94
ok 95
ok 96
ok 97
ok 98
ok 99
ok 100
ok 101
ok 102
ok
t/02_primitives_1_4.t .. 
1..4
# Running under perl version 5.020001 for linux
# Current time local: Wed Nov 26 15:42:51 2014
# Current time GMT:   Wed Nov 26 15:42:51 2014
# Using Test.pm version 1.26
ok 1
ok 2
ok 3
ok 4
ok

Note: inner_obj13.java uses unchecked or unsafe operations.
Note: Recompile with -Xlint:unchecked for details.

t/03_objects.t ......... 
1..16
# Running under perl version 5.020001 for linux
# Current time local: Wed Nov 26 15:43:54 2014
# Current time GMT:   Wed Nov 26 15:43:54 2014
# Using Test.pm version 1.26
ok 1
ok 2
ok 3
ok 4
ok 5
ok 6
ok 7
ok 8
ok 9
ok 10
ok 11
ok 12
ok 13
ok 14
ok 15
ok 16
ok

Note: _04_members_t_17c5.java uses unchecked or unsafe operations.
Note: Recompile with -Xlint:unchecked for details.

t/04_members.t ......... 
1..28
# Running under perl version 5.020001 for linux
# Current time local: Wed Nov 26 15:44:34 2014
# Current time GMT:   Wed Nov 26 15:44:34 2014
# Using Test.pm version 1.26
Failed 28/28 subtests 
t/05_arrays.t .......... 
1..55
# Running under perl version 5.020001 for linux
# Current time local: Wed Nov 26 15:45:11 2014
# Current time GMT:   Wed Nov 26 15:45:11 2014
# Using Test.pm version 1.26
Failed 55/55 subtests 

Note: types6.java uses unchecked or unsafe operations.
Note: Recompile with -Xlint:unchecked for details.

t/06_static.t .......... 
1..10
# Running under perl version 5.020001 for linux
# Current time local: Wed Nov 26 15:45:46 2014
# Current time GMT:   Wed Nov 26 15:45:46 2014
# Using Test.pm version 1.26
ok 1
ok 2
ok 3
ok 4
ok 5
ok 6
ok 7
ok 8
ok 9
ok 10
ok
t/07_polymorph.t ....... 
1..24
# Running under perl version 5.020001 for linux
# Current time local: Wed Nov 26 15:46:24 2014
# Current time GMT:   Wed Nov 26 15:46:24 2014
# Using Test.pm version 1.26
Failed 24/24 subtests 
t/08_study.t ........... 
No subtests run 
t/09_usages.t .......... 
1..6
# Running under perl version 5.020001 for linux
# Current time local: Wed Nov 26 15:47:03 2014
# Current time GMT:   Wed Nov 26 15:47:03 2014
# Using Test.pm version 1.26
Failed 6/6 subtests 
t/10_1_shared_alone.t .. skipped: (no reason given)
t/10_5_shared_fork.t ... skipped: (no reason given)
t/10_6_shared_sim.t .... skipped: (no reason given)
t/11_exceptions.t ...... 
1..8
# Running under perl version 5.020001 for linux
# Current time local: Wed Nov 26 15:47:40 2014
# Current time GMT:   Wed Nov 26 15:47:40 2014
# Using Test.pm version 1.26
ok 1
ok 2
ok 3
ok 4
ok 5
ok 6
ok 7
ok 8
ok
t/12_1_callbacks.t ..... 
1..37
# Running under perl version 5.020001 for linux
# Current time local: Wed Nov 26 15:48:17 2014
# Current time GMT:   Wed Nov 26 15:48:17 2014
# Using Test.pm version 1.26
ok 1
ok 2
ok 3
ok 4
ok 5
ok 6
ok 7
ok 8
ok 9
ok 10
ok 11
ok 12
ok 13
ok 14
ok 15
ok 16
ok 17
ok 18
ok 19
ok 20
ok 21
ok 22
ok 23
ok 24
ok 25
ok 26
ok 27
ok 28
ok 29
ok 30
ok 31
ok 32
ok 33
ok 34
ok 35
ok 36
ok 37
ok
t/12_2_perl_objects.t .. 
1..21
# Running under perl version 5.020001 for linux
# Current time local: Wed Nov 26 15:49:07 2014
# Current time GMT:   Wed Nov 26 15:49:07 2014
# Using Test.pm version 1.26
ok 1
ok 2
ok 3
ok 4
ok 5
ok 6
ok 7
ok 8
ok 9
ok 10
ok 11
ok 12
ok 13
ok 14
ok 15
ok 16
ok 17
ok 18
ok 19
ok 20
ok 21
ok
t/13_handles.t ......... 
1..12
# Running under perl version 5.020001 for linux
# Current time local: Wed Nov 26 15:49:45 2014
# Current time GMT:   Wed Nov 26 15:49:45 2014
# Using Test.pm version 1.26
ok 1
ok 2
ok 3
ok 4
ok 5
ok 6
ok 7
ok 8
ok 9
ok 10
ok 11
ok 12
ok
t/14_encoding.t ........ 
1..9
# Running under perl version 5.020001 for linux
# Current time local: Wed Nov 26 15:50:22 2014
# Current time GMT:   Wed Nov 26 15:50:22 2014
# Using Test.pm version 1.26
ok 1
ok 2
ok 3
ok 4
ok 5
ok 6
ok 7
ok 8
ok 9
ok
t/15_native_doubles.t .. 
1..3
# Running under perl version 5.020001 for linux
# Current time local: Wed Nov 26 15:50:55 2014
# Current time GMT:   Wed Nov 26 15:50:55 2014
# Using Test.pm version 1.26
Failed 3/3 subtests 
t/99_end.t ............. 
1..1
# Running under perl version 5.020001 for linux
# Current time local: Wed Nov 26 15:51:26 2014
# Current time GMT:   Wed Nov 26 15:51:26 2014
# Using Test.pm version 1.26
ok 1
ok

Test Summary Report
-------------------
t/04_members.t       (Wstat: 11 Tests: 0 Failed: 0)
  Non-zero wait status: 11
  Parse errors: Bad plan.  You planned 28 tests but ran 0.
t/05_arrays.t        (Wstat: 11 Tests: 0 Failed: 0)
  Non-zero wait status: 11
  Parse errors: Bad plan.  You planned 55 tests but ran 0.
t/07_polymorph.t     (Wstat: 11 Tests: 0 Failed: 0)
  Non-zero wait status: 11
  Parse errors: Bad plan.  You planned 24 tests but ran 0.
t/08_study.t         (Wstat: 11 Tests: 0 Failed: 0)
  Non-zero wait status: 11
  Parse errors: No plan found in TAP output
t/09_usages.t        (Wstat: 11 Tests: 0 Failed: 0)
  Non-zero wait status: 11
  Parse errors: Bad plan.  You planned 6 tests but ran 0.
t/15_native_doubles.t (Wstat: 11 Tests: 0 Failed: 0)
  Non-zero wait status: 11
Failed 6/20 test programs. 0/221 subtests failed.
  Parse errors: Bad plan.  You planned 3 tests but ran 0.
Files=20, Tests=221, 589 wallclock secs ( 0.87 usr  0.43 sys + 290.42 cusr 295.71 csys = 587.43 CPU)
Result: FAIL
make[1]: *** [test_dynamic] Error 255
Makefile:909: recipe for target 'test_dynamic' failed
make[1]: Leaving directory '/«PKGBUILDDIR»'
make: *** [debian/stamp-makefile-check] Error 2
/usr/share/cdbs/1/class/makefile.mk:67: recipe for target 'debian/stamp-makefile-check' failed
dpkg-buildpackage: error: debian/rules build-arch gave error exit status 2
────────────────────────────────────────────────────────────────────────────────
Build finished at 20141126-1651

Finished
────────

E: Build failure (dpkg-buildpackage died)
