AppleEvents/t/desc....1..2449
ok 1 - use Mac::AppleEvents;
not ok 2 - require '"$Bin/helper.pl"';

#   Failed test 'require '"$Bin/helper.pl"';'
#   in AppleEvents/t/desc.t at line 11.
#     Tried to require ''"$Bin/helper.pl"''.
#     Error:  Can't locate "$Bin/helper.pl" in @INC (@INC contains: blib/arch blib/lib /usr/local/lib/perl5/5.8.8/darwin-2level /usr/local/lib/perl5/5.8.8/darwin-2level /usr/local/lib/perl5/5.8.8 /usr/local/lib/perl5/site_perl/5.8.8/darwin-2level /usr/local/lib/perl5/site_perl/5.8.8/darwin-2level /usr/local/lib/perl5/site_perl/5.8.8 /usr/local/lib/perl5/site_perl/5.8.7/darwin-2level /usr/local/lib/perl5/site_perl/5.8.7/darwin-2level /usr/local/lib/perl5/site_perl/5.8.7 /usr/local/lib/perl5/site_perl/5.8.8/darwin-2level /usr/local/lib/perl5/site_perl/5.8.8 /usr/local/lib/perl5/site_perl/5.8.7/darwin-2level /usr/local/lib/perl5/site_perl/5.8.7 /usr/local/lib/perl5/site_perl . /usr/local/lib/perl5/5.8.8/darwin-2level /usr/local/lib/perl5/5.8.8 /usr/local/lib/perl5/site_perl/5.8.8/darwin-2level /usr/local/lib/perl5/site_perl/5.8.8 /usr/local/lib/perl5/site_perl/5.8.7/darwin-2level /usr/local/lib/perl5/site_perl/5.8.7 /usr/local/lib/perl5/site_perl /usr/local/lib/perl5/site_perl/5.8.7/darwin-2level /usr/local/lib/perl5/site_perl/5.8.7/darwin-2level /usr/local/lib/perl5/site_perl/5.8.7 /usr/local/lib/perl5/site_perl/5.8.8/darwin-2level /usr/local/lib/perl5/site_perl/5.8.8 /usr/local/lib/perl5/site_perl/5.8.7/darwin-2level /usr/local/lib/perl5/site_perl/5.8.7 /usr/local/lib/perl5/site_perl .) at (eval 7) line 2.
ok 3 - Create AEDesc
ok 4 - Check type
ok 5 - No data
ok 6 - Change type
ok 7 - No data
ok 8 - Create handle
ok 9 - Add handle
ok 10 - Check value
ok 11 - Change type
ok 12 - Add handle
ok 13 - Check value
ok 14 - Add handle
ok 15 - Check value
ok 16 - Add handle
ok 17 - Check value
ok 18 - Add handle
ok 19 - Check value
ok 20 - Add handle
ok 21 - Check value
ok 22 - Add handle
ok 23 - Check value
ok 24 - Dispose
ok 25 - Create AEList
ok 26 - Create AERecord
ok 27 - Create AEList
ok 28 - Create AERecord
ok 29 - Create AEStream list
ok 30 - OpenList
ok 31 - Create AEStream list
ok 32 - OpenRecord
Undefined subroutine &main::CheckDesc called at AppleEvents/t/desc.t line 175.
# Looks like you planned 2449 tests but only ran 32.
# Looks like you failed 1 test of 32 run.
# Looks like your test died just after 32.
dubious
	Test returned status 255 (wstat 65280, 0xff00)
DIED. FAILED tests 2, 33-2449
	Failed 2418/2449 tests, 1.27% okay
Failed Test          Stat Wstat Total Fail  List of Failed
-------------------------------------------------------------------------------
AppleEvents/t/desc.t  255 65280  2449 4835  2 33-2449
Failed 1/1 test scripts. 2418/2449 subtests failed.
Files=1, Tests=2449,  1 wallclock secs ( 0.18 cusr +  0.07 csys =  0.25 CPU)
Failed 1/1 test programs. 2418/2449 subtests failed.
