cpanm (App::cpanminus) 1.7042 on perl 5.022001 built for darwin-thread-multi-2level
Work directory is /Users/username/.cpanm/work/1470015289.70328
You have make /usr/bin/make
You have LWP 6.15
You have /usr/bin/tar: bsdtar 2.8.3 - libarchive 2.8.3
You have /usr/bin/unzip
Searching MARC::XML () on cpanmetadb ...
--> Working on MARC::XML
Fetching http://www.cpan.org/authors/id/B/BB/BBIRTH/MARC-XML-0.4.tar.gz
-> OK
Unpacking MARC-XML-0.4.tar.gz
Entering MARC-XML-0.4
META.yml/json not found. Creating skeleton for it.
Configuring MARC-XML-0.4
Running Makefile.PL
                        MARC::XML VERSION 0.4

                      No 'Makefile' will be created
                      Test with:    perl test.pl
                      Install with: perl install.pl

Creating new test.pl
mkdir ./lib
mkdir ./lib/MARC
mkdir ./html
mkdir ./html/MARC
Creating new install.pl
-> N/A
-> FAIL Configure failed for MARC-XML-0.4. See /Users/username/.cpanm/work/1470015289.70328/build.log for details.
