cpanm (App::cpanminus) 1.7042 on perl 5.010001 built for MSWin32-x86-multi-thread
Work directory is c:\home\tennis/.cpanm/work/1488070176.5640
You have make C:\Strawberry\c\bin\dmake.exe
You have LWP 5.837
Falling back to Archive::Tar 1.76
Searching Encode () on cpanmetadb ...
--> Working on Encode
Fetching http://www.cpan.org/authors/id/D/DA/DANKOGAI/Encode-2.88.tar.gz
-> OK
Unpacking Encode-2.88.tar.gz
Entering Encode-2.88
Checking configure dependencies from META.json
Checking if you have ExtUtils::MakeMaker 6.58 ... Yes (6.98)
Configuring Encode-2.88
Running Makefile.PL
Checking if your kit is complete...
Looks good
Generating a dmake-style Makefile
Writing Makefile for Encode::Byte
Writing MYMETA.yml and MYMETA.json
Generating a dmake-style Makefile
Writing Makefile for Encode::CN
Writing MYMETA.yml and MYMETA.json
Generating a dmake-style Makefile
Writing Makefile for Encode::EBCDIC
Writing MYMETA.yml and MYMETA.json
Generating a dmake-style Makefile
Writing Makefile for Encode::JP
Writing MYMETA.yml and MYMETA.json
Generating a dmake-style Makefile
Writing Makefile for Encode::KR
Writing MYMETA.yml and MYMETA.json
Generating a dmake-style Makefile
Writing Makefile for Encode::Symbol
Writing MYMETA.yml and MYMETA.json
Generating a dmake-style Makefile
Writing Makefile for Encode::TW
Writing MYMETA.yml and MYMETA.json
Generating a dmake-style Makefile
Writing Makefile for Encode::Unicode
Writing MYMETA.yml and MYMETA.json
Generating a dmake-style Makefile
Writing Makefile for Encode
Writing MYMETA.yml and MYMETA.json
-> OK
Checking dependencies from MYMETA.json ...
Checking if you have Test::More 0.81_01 ... Yes (1.302052)
Checking if you have parent 0.221 ... Yes (0.234)
Checking if you have ExtUtils::MakeMaker 0 ... Yes (6.98)
Checking if you have Exporter 5.57 ... Yes (5.63)
Building and testing Encode-2.88
cp lib/Encode/JP/H2Z.pm blib\lib\Encode\JP\H2Z.pm
cp lib/Encode/JP/JIS7.pm blib\lib\Encode\JP\JIS7.pm
cp lib/Encode/Alias.pm blib\lib\Encode\Alias.pm
cp Encode/README.e2x blib\lib\Encode\README.e2x
cp lib/Encode/MIME/Header/ISO_2022_JP.pm blib\lib\Encode\MIME\Header\ISO_2022_JP.pm
cp lib/Encode/PerlIO.pod blib\lib\Encode\PerlIO.pod
cp lib/Encode/GSM0338.pm blib\lib\Encode\GSM0338.pm
cp Encode.pm blib\lib\Encode.pm
cp Encode/Makefile_PL.e2x blib\lib\Encode\Makefile_PL.e2x
cp Encode/Changes.e2x blib\lib\Encode\Changes.e2x
cp lib/Encode/Encoding.pm blib\lib\Encode\Encoding.pm
cp Encode/ConfigLocal_PM.e2x blib\lib\Encode\ConfigLocal_PM.e2x
cp Encode/encode.h blib\lib\Encode\encode.h
cp lib/Encode/KR/2022_KR.pm blib\lib\Encode\KR\2022_KR.pm
cp lib/Encode/Guess.pm blib\lib\Encode\Guess.pm
cp encoding.pm blib\lib\encoding.pm
cp lib/Encode/MIME/Name.pm blib\lib\Encode\MIME\Name.pm
cp Encode/_T.e2x blib\lib\Encode\_T.e2x
cp lib/Encode/Config.pm blib\lib\Encode\Config.pm
cp lib/Encode/Encoder.pm blib\lib\Encode\Encoder.pm
cp lib/Encode/MIME/Header.pm blib\lib\Encode\MIME\Header.pm
cp Encode/_PM.e2x blib\lib\Encode\_PM.e2x
cp lib/Encode/CN/HZ.pm blib\lib\Encode\CN\HZ.pm
cp lib/Encode/CJKConstants.pm blib\lib\Encode\CJKConstants.pm
cp lib/Encode/Supported.pod blib\lib\Encode\Supported.pod
cp lib/Encode/Unicode/UTF7.pm blib\lib\Encode\Unicode\UTF7.pm
cp Byte.pm ..\blib\lib\Encode\Byte.pm
Running Mkbootstrap for Encode::Byte ()
C:\Strawberry\perl\bin\perl.exe -MExtUtils::Command -e chmod -- 644 Byte.bs
C:\Strawberry\perl\bin\perl.exe  ..\bin\enc2xs -"Q" -"O" -o byte_t.c -f byte_t.fnm
Reading iso-8859-2 (iso-8859-2)
Reading iso-8859-3 (iso-8859-3)
Reading iso-8859-4 (iso-8859-4)
Reading iso-8859-5 (iso-8859-5)
Reading iso-8859-6 (iso-8859-6)
Reading iso-8859-7 (iso-8859-7)
Reading iso-8859-8 (iso-8859-8)
Reading iso-8859-9 (iso-8859-9)
Reading iso-8859-10 (iso-8859-10)
Reading iso-8859-11 (iso-8859-11)
Reading iso-8859-13 (iso-8859-13)
Reading iso-8859-14 (iso-8859-14)
Reading iso-8859-15 (iso-8859-15)
Reading iso-8859-16 (iso-8859-16)
Reading AdobeStandardEncoding (AdobeStandardEncoding)
Reading cp1006 (cp1006)
Reading cp1250 (cp1250)
Reading cp1251 (cp1251)
Reading cp1253 (cp1253)
Reading cp1254 (cp1254)
Reading cp1255 (cp1255)
Reading cp1256 (cp1256)
Reading cp1257 (cp1257)
Reading cp1258 (cp1258)
Reading cp424 (cp424)
Reading cp437 (cp437)
Reading cp737 (cp737)
Reading cp775 (cp775)
Reading cp850 (cp850)
Reading cp852 (cp852)
Reading cp855 (cp855)
Reading cp856 (cp856)
Reading cp857 (cp857)
Reading cp858 (cp858)
Reading cp860 (cp860)
Reading cp861 (cp861)
Reading cp862 (cp862)
Reading cp863 (cp863)
Reading cp864 (cp864)
Reading cp865 (cp865)
Reading cp866 (cp866)
Reading cp869 (cp869)
Reading cp874 (cp874)
Reading hp-roman8 (hp-roman8)
Reading koi8-f (koi8-f)
Reading koi8-r (koi8-r)
Reading koi8-u (koi8-u)
Reading MacArabic (MacArabic)
Reading MacCentralEurRoman (MacCentralEurRoman)
Reading MacCroatian (MacCroatian)
Reading MacCyrillic (MacCyrillic)
Reading MacFarsi (MacFarsi)
Reading MacGreek (MacGreek)
Reading MacHebrew (MacHebrew)
Reading MacIcelandic (MacIcelandic)
Reading MacRomanian (MacRomanian)
Reading MacRumanian (MacRumanian)
Reading MacRoman (MacRoman)
Reading MacSami (MacSami)
Reading MacThai (MacThai)
Reading MacTurkish (MacTurkish)
Reading MacUkrainian (MacUkrainian)
Reading nextstep (nextstep)
Reading viscii (viscii)
C:\Strawberry\perl\bin\perl.exe C:\home\tennis\perl5\lib\perl5\ExtUtils\xsubpp  -nolinenumbers -typemap C:\strawberry\perl\lib\ExtUtils\typemap  Byte.xs > Byte.xsc && C:\Strawberry\perl\bin\perl.exe -MExtUtils::Command -e mv -- Byte.xsc Byte.c
gcc -c  -I../Encode 	-s -O2 -DWIN32 -DHAVE_DES_FCRYPT -DUSE_SITECUSTOMIZE -DPERL_IMPLICIT_CONTEXT -DPERL_IMPLICIT_SYS -fno-strict-aliasing -DPERL_MSVCRT_READFIX -s -O2 	  -DVERSION=\"2.04\" 	-DXS_VERSION=\"2.04\"  "-IC:\strawberry\perl\lib\CORE"   Byte.c
gcc -c  -I../Encode 	-s -O2 -DWIN32 -DHAVE_DES_FCRYPT -DUSE_SITECUSTOMIZE -DPERL_IMPLICIT_CONTEXT -DPERL_IMPLICIT_SYS -fno-strict-aliasing -DPERL_MSVCRT_READFIX -s -O2 	  -DVERSION=\"2.04\" 	-DXS_VERSION=\"2.04\"  "-IC:\strawberry\perl\lib\CORE"   byte_t.c
C:\Strawberry\perl\bin\perl.exe -MExtUtils::Mksymlists \
     -e "Mksymlists('NAME'=>\"Encode::Byte\", 'DLBASE' => 'Byte', 'DL_FUNCS' => {  }, 'FUNCLIST' => [], 'IMPORTS' => {  }, 'DL_VARS' => []);"
dlltool --def Byte.def --output-exp dll.exp
g++ -o ..\blib\arch\auto\Encode\Byte\Byte.dll -Wl,--base-file -Wl,dll.base -mdll -s -L"C:\strawberry\perl\lib\CORE" -L"C:\strawberry\c\lib" Byte.o 	byte_t.o   C:\strawberry\perl\lib\CORE\libperl510.a -lmoldname -lkernel32 -luser32 -lgdi32 -lwinspool -lcomdlg32 -ladvapi32 -lshell32 -lole32 -loleaut32 -lnetapi32 -luuid -lws2_32 -lmpr -lwinmm -lversion -lodbc32 -lodbccp32 dll.exp
dlltool --def Byte.def --base-file dll.base --output-exp dll.exp
g++ -o ..\blib\arch\auto\Encode\Byte\Byte.dll -mdll -s -L"C:\strawberry\perl\lib\CORE" -L"C:\strawberry\c\lib" Byte.o 	byte_t.o   C:\strawberry\perl\lib\CORE\libperl510.a -lmoldname -lkernel32 -luser32 -lgdi32 -lwinspool -lcomdlg32 -ladvapi32 -lshell32 -lole32 -loleaut32 -lnetapi32 -luuid -lws2_32 -lmpr -lwinmm -lversion -lodbc32 -lodbccp32 dll.exp 
C:\Strawberry\perl\bin\perl.exe -MExtUtils::Command -e chmod -- 755 ..\blib\arch\auto\Encode\Byte\Byte.dll
cp CN.pm ..\blib\lib\Encode\CN.pm
Running Mkbootstrap for Encode::CN ()
C:\Strawberry\perl\bin\perl.exe -MExtUtils::Command -e chmod -- 644 CN.bs
C:\Strawberry\perl\bin\perl.exe  ..\bin\enc2xs -"Q" -o cp_00_t.c -f cp_00_t.fnm
Reading cp936 (cp936)
C:\Strawberry\perl\bin\perl.exe  ..\bin\enc2xs -"Q" -o eu_01_t.c -f eu_01_t.fnm
Reading euc-cn (euc-cn)
C:\Strawberry\perl\bin\perl.exe  ..\bin\enc2xs -"Q" -o gb_02_t.c -f gb_02_t.fnm
Reading gb12345-raw (gb12345-raw)
C:\Strawberry\perl\bin\perl.exe  ..\bin\enc2xs -"Q" -o gb_03_t.c -f gb_03_t.fnm
Reading gb2312-raw (gb2312-raw)
C:\Strawberry\perl\bin\perl.exe  ..\bin\enc2xs -"Q" -o ir_04_t.c -f ir_04_t.fnm
Reading iso-ir-165 (iso-ir-165)
C:\Strawberry\perl\bin\perl.exe  ..\bin\enc2xs -"Q" -o ma_05_t.c -f ma_05_t.fnm
Reading MacChineseSimp (MacChineseSimp)
C:\Strawberry\perl\bin\perl.exe C:\home\tennis\perl5\lib\perl5\ExtUtils\xsubpp -noprototypes -nolinenumbers -typemap C:\strawberry\perl\lib\ExtUtils\typemap  CN.xs > CN.xsc && C:\Strawberry\perl\bin\perl.exe -MExtUtils::Command -e mv -- CN.xsc CN.c
gcc -c  -I../Encode 	-s -O2 -DWIN32 -DHAVE_DES_FCRYPT -DUSE_SITECUSTOMIZE -DPERL_IMPLICIT_CONTEXT -DPERL_IMPLICIT_SYS -fno-strict-aliasing -DPERL_MSVCRT_READFIX -s -O2 	  -DVERSION=\"2.03\" 	-DXS_VERSION=\"2.03\"  "-IC:\strawberry\perl\lib\CORE"   CN.c
gcc -c  -I../Encode 	-s -O2 -DWIN32 -DHAVE_DES_FCRYPT -DUSE_SITECUSTOMIZE -DPERL_IMPLICIT_CONTEXT -DPERL_IMPLICIT_SYS -fno-strict-aliasing -DPERL_MSVCRT_READFIX -s -O2 	  -DVERSION=\"2.03\" 	-DXS_VERSION=\"2.03\"  "-IC:\strawberry\perl\lib\CORE"   cp_00_t.c
gcc -c  -I../Encode 	-s -O2 -DWIN32 -DHAVE_DES_FCRYPT -DUSE_SITECUSTOMIZE -DPERL_IMPLICIT_CONTEXT -DPERL_IMPLICIT_SYS -fno-strict-aliasing -DPERL_MSVCRT_READFIX -s -O2 	  -DVERSION=\"2.03\" 	-DXS_VERSION=\"2.03\"  "-IC:\strawberry\perl\lib\CORE"   eu_01_t.c
gcc -c  -I../Encode 	-s -O2 -DWIN32 -DHAVE_DES_FCRYPT -DUSE_SITECUSTOMIZE -DPERL_IMPLICIT_CONTEXT -DPERL_IMPLICIT_SYS -fno-strict-aliasing -DPERL_MSVCRT_READFIX -s -O2 	  -DVERSION=\"2.03\" 	-DXS_VERSION=\"2.03\"  "-IC:\strawberry\perl\lib\CORE"   gb_02_t.c
gcc -c  -I../Encode 	-s -O2 -DWIN32 -DHAVE_DES_FCRYPT -DUSE_SITECUSTOMIZE -DPERL_IMPLICIT_CONTEXT -DPERL_IMPLICIT_SYS -fno-strict-aliasing -DPERL_MSVCRT_READFIX -s -O2 	  -DVERSION=\"2.03\" 	-DXS_VERSION=\"2.03\"  "-IC:\strawberry\perl\lib\CORE"   gb_03_t.c
gcc -c  -I../Encode 	-s -O2 -DWIN32 -DHAVE_DES_FCRYPT -DUSE_SITECUSTOMIZE -DPERL_IMPLICIT_CONTEXT -DPERL_IMPLICIT_SYS -fno-strict-aliasing -DPERL_MSVCRT_READFIX -s -O2 	  -DVERSION=\"2.03\" 	-DXS_VERSION=\"2.03\"  "-IC:\strawberry\perl\lib\CORE"   ir_04_t.c
gcc -c  -I../Encode 	-s -O2 -DWIN32 -DHAVE_DES_FCRYPT -DUSE_SITECUSTOMIZE -DPERL_IMPLICIT_CONTEXT -DPERL_IMPLICIT_SYS -fno-strict-aliasing -DPERL_MSVCRT_READFIX -s -O2 	  -DVERSION=\"2.03\" 	-DXS_VERSION=\"2.03\"  "-IC:\strawberry\perl\lib\CORE"   ma_05_t.c
C:\Strawberry\perl\bin\perl.exe -MExtUtils::Mksymlists \
     -e "Mksymlists('NAME'=>\"Encode::CN\", 'DLBASE' => 'CN', 'DL_FUNCS' => {  }, 'FUNCLIST' => [], 'IMPORTS' => {  }, 'DL_VARS' => []);"
dlltool --def CN.def --output-exp dll.exp
g++ -o ..\blib\arch\auto\Encode\CN\CN.dll -Wl,--base-file -Wl,dll.base -mdll -s -L"C:\strawberry\perl\lib\CORE" -L"C:\strawberry\c\lib" CN.o 	cp_00_t.o 	eu_01_t.o 	gb_02_t.o 	gb_03_t.o 	ir_04_t.o 	ma_05_t.o   C:\strawberry\perl\lib\CORE\libperl510.a -lmoldname -lkernel32 -luser32 -lgdi32 -lwinspool -lcomdlg32 -ladvapi32 -lshell32 -lole32 -loleaut32 -lnetapi32 -luuid -lws2_32 -lmpr -lwinmm -lversion -lodbc32 -lodbccp32 dll.exp
dlltool --def CN.def --base-file dll.base --output-exp dll.exp
g++ -o ..\blib\arch\auto\Encode\CN\CN.dll -mdll -s -L"C:\strawberry\perl\lib\CORE" -L"C:\strawberry\c\lib" CN.o 	cp_00_t.o 	eu_01_t.o 	gb_02_t.o 	gb_03_t.o 	ir_04_t.o 	ma_05_t.o   C:\strawberry\perl\lib\CORE\libperl510.a -lmoldname -lkernel32 -luser32 -lgdi32 -lwinspool -lcomdlg32 -ladvapi32 -lshell32 -lole32 -loleaut32 -lnetapi32 -luuid -lws2_32 -lmpr -lwinmm -lversion -lodbc32 -lodbccp32 dll.exp 
C:\Strawberry\perl\bin\perl.exe -MExtUtils::Command -e chmod -- 755 ..\blib\arch\auto\Encode\CN\CN.dll
cp EBCDIC.pm ..\blib\lib\Encode\EBCDIC.pm
Running Mkbootstrap for Encode::EBCDIC ()
C:\Strawberry\perl\bin\perl.exe -MExtUtils::Command -e chmod -- 644 EBCDIC.bs
C:\Strawberry\perl\bin\perl.exe  ..\bin\enc2xs -"Q" -"O" -o ebcdic_t.c -f ebcdic_t.fnm
Reading cp37 (cp37)
Reading cp1026 (cp1026)
Reading cp1047 (cp1047)
Reading cp500 (cp500)
Reading cp875 (cp875)
Reading posix-bc (posix-bc)
C:\Strawberry\perl\bin\perl.exe C:\home\tennis\perl5\lib\perl5\ExtUtils\xsubpp  -nolinenumbers -typemap C:\strawberry\perl\lib\ExtUtils\typemap  EBCDIC.xs > EBCDIC.xsc && C:\Strawberry\perl\bin\perl.exe -MExtUtils::Command -e mv -- EBCDIC.xsc EBCDIC.c
gcc -c  -I../Encode 	-s -O2 -DWIN32 -DHAVE_DES_FCRYPT -DUSE_SITECUSTOMIZE -DPERL_IMPLICIT_CONTEXT -DPERL_IMPLICIT_SYS -fno-strict-aliasing -DPERL_MSVCRT_READFIX -s -O2 	  -DVERSION=\"2.02\" 	-DXS_VERSION=\"2.02\"  "-IC:\strawberry\perl\lib\CORE"   EBCDIC.c
gcc -c  -I../Encode 	-s -O2 -DWIN32 -DHAVE_DES_FCRYPT -DUSE_SITECUSTOMIZE -DPERL_IMPLICIT_CONTEXT -DPERL_IMPLICIT_SYS -fno-strict-aliasing -DPERL_MSVCRT_READFIX -s -O2 	  -DVERSION=\"2.02\" 	-DXS_VERSION=\"2.02\"  "-IC:\strawberry\perl\lib\CORE"   ebcdic_t.c
C:\Strawberry\perl\bin\perl.exe -MExtUtils::Mksymlists \
     -e "Mksymlists('NAME'=>\"Encode::EBCDIC\", 'DLBASE' => 'EBCDIC', 'DL_FUNCS' => {  }, 'FUNCLIST' => [], 'IMPORTS' => {  }, 'DL_VARS' => []);"
dlltool --def EBCDIC.def --output-exp dll.exp
g++ -o ..\blib\arch\auto\Encode\EBCDIC\EBCDIC.dll -Wl,--base-file -Wl,dll.base -mdll -s -L"C:\strawberry\perl\lib\CORE" -L"C:\strawberry\c\lib" EBCDIC.o 	ebcdic_t.o   C:\strawberry\perl\lib\CORE\libperl510.a -lmoldname -lkernel32 -luser32 -lgdi32 -lwinspool -lcomdlg32 -ladvapi32 -lshell32 -lole32 -loleaut32 -lnetapi32 -luuid -lws2_32 -lmpr -lwinmm -lversion -lodbc32 -lodbccp32 dll.exp
dlltool --def EBCDIC.def --base-file dll.base --output-exp dll.exp
g++ -o ..\blib\arch\auto\Encode\EBCDIC\EBCDIC.dll -mdll -s -L"C:\strawberry\perl\lib\CORE" -L"C:\strawberry\c\lib" EBCDIC.o 	ebcdic_t.o   C:\strawberry\perl\lib\CORE\libperl510.a -lmoldname -lkernel32 -luser32 -lgdi32 -lwinspool -lcomdlg32 -ladvapi32 -lshell32 -lole32 -loleaut32 -lnetapi32 -luuid -lws2_32 -lmpr -lwinmm -lversion -lodbc32 -lodbccp32 dll.exp 
C:\Strawberry\perl\bin\perl.exe -MExtUtils::Command -e chmod -- 755 ..\blib\arch\auto\Encode\EBCDIC\EBCDIC.dll
cp JP.pm ..\blib\lib\Encode\JP.pm
Running Mkbootstrap for Encode::JP ()
C:\Strawberry\perl\bin\perl.exe -MExtUtils::Command -e chmod -- 644 JP.bs
C:\Strawberry\perl\bin\perl.exe  ..\bin\enc2xs -"Q" -o cp_00_t.c -f cp_00_t.fnm
Reading cp932 (cp932)
C:\Strawberry\perl\bin\perl.exe  ..\bin\enc2xs -"Q" -o eu_01_t.c -f eu_01_t.fnm
Reading euc-jp (euc-jp)
C:\Strawberry\perl\bin\perl.exe  ..\bin\enc2xs -"Q" -o ji_02_t.c -f ji_02_t.fnm
Reading jis0201-raw (jis0201-raw)
C:\Strawberry\perl\bin\perl.exe  ..\bin\enc2xs -"Q" -o ji_03_t.c -f ji_03_t.fnm
Reading jis0208-raw (jis0208-raw)
C:\Strawberry\perl\bin\perl.exe  ..\bin\enc2xs -"Q" -o ji_04_t.c -f ji_04_t.fnm
Reading jis0212-raw (jis0212-raw)
C:\Strawberry\perl\bin\perl.exe  ..\bin\enc2xs -"Q" -o ma_05_t.c -f ma_05_t.fnm
Reading MacJapanese (MacJapanese)
C:\Strawberry\perl\bin\perl.exe  ..\bin\enc2xs -"Q" -o sh_06_t.c -f sh_06_t.fnm
Reading shiftjis (shiftjis)
C:\Strawberry\perl\bin\perl.exe C:\home\tennis\perl5\lib\perl5\ExtUtils\xsubpp  -nolinenumbers -typemap C:\strawberry\perl\lib\ExtUtils\typemap  JP.xs > JP.xsc && C:\Strawberry\perl\bin\perl.exe -MExtUtils::Command -e mv -- JP.xsc JP.c
gcc -c  -I../Encode 	-s -O2 -DWIN32 -DHAVE_DES_FCRYPT -DUSE_SITECUSTOMIZE -DPERL_IMPLICIT_CONTEXT -DPERL_IMPLICIT_SYS -fno-strict-aliasing -DPERL_MSVCRT_READFIX -s -O2 	  -DVERSION=\"2.04\" 	-DXS_VERSION=\"2.04\"  "-IC:\strawberry\perl\lib\CORE"   JP.c
gcc -c  -I../Encode 	-s -O2 -DWIN32 -DHAVE_DES_FCRYPT -DUSE_SITECUSTOMIZE -DPERL_IMPLICIT_CONTEXT -DPERL_IMPLICIT_SYS -fno-strict-aliasing -DPERL_MSVCRT_READFIX -s -O2 	  -DVERSION=\"2.04\" 	-DXS_VERSION=\"2.04\"  "-IC:\strawberry\perl\lib\CORE"   cp_00_t.c
gcc -c  -I../Encode 	-s -O2 -DWIN32 -DHAVE_DES_FCRYPT -DUSE_SITECUSTOMIZE -DPERL_IMPLICIT_CONTEXT -DPERL_IMPLICIT_SYS -fno-strict-aliasing -DPERL_MSVCRT_READFIX -s -O2 	  -DVERSION=\"2.04\" 	-DXS_VERSION=\"2.04\"  "-IC:\strawberry\perl\lib\CORE"   eu_01_t.c
gcc -c  -I../Encode 	-s -O2 -DWIN32 -DHAVE_DES_FCRYPT -DUSE_SITECUSTOMIZE -DPERL_IMPLICIT_CONTEXT -DPERL_IMPLICIT_SYS -fno-strict-aliasing -DPERL_MSVCRT_READFIX -s -O2 	  -DVERSION=\"2.04\" 	-DXS_VERSION=\"2.04\"  "-IC:\strawberry\perl\lib\CORE"   ji_02_t.c
gcc -c  -I../Encode 	-s -O2 -DWIN32 -DHAVE_DES_FCRYPT -DUSE_SITECUSTOMIZE -DPERL_IMPLICIT_CONTEXT -DPERL_IMPLICIT_SYS -fno-strict-aliasing -DPERL_MSVCRT_READFIX -s -O2 	  -DVERSION=\"2.04\" 	-DXS_VERSION=\"2.04\"  "-IC:\strawberry\perl\lib\CORE"   ji_03_t.c
gcc -c  -I../Encode 	-s -O2 -DWIN32 -DHAVE_DES_FCRYPT -DUSE_SITECUSTOMIZE -DPERL_IMPLICIT_CONTEXT -DPERL_IMPLICIT_SYS -fno-strict-aliasing -DPERL_MSVCRT_READFIX -s -O2 	  -DVERSION=\"2.04\" 	-DXS_VERSION=\"2.04\"  "-IC:\strawberry\perl\lib\CORE"   ji_04_t.c
gcc -c  -I../Encode 	-s -O2 -DWIN32 -DHAVE_DES_FCRYPT -DUSE_SITECUSTOMIZE -DPERL_IMPLICIT_CONTEXT -DPERL_IMPLICIT_SYS -fno-strict-aliasing -DPERL_MSVCRT_READFIX -s -O2 	  -DVERSION=\"2.04\" 	-DXS_VERSION=\"2.04\"  "-IC:\strawberry\perl\lib\CORE"   ma_05_t.c
gcc -c  -I../Encode 	-s -O2 -DWIN32 -DHAVE_DES_FCRYPT -DUSE_SITECUSTOMIZE -DPERL_IMPLICIT_CONTEXT -DPERL_IMPLICIT_SYS -fno-strict-aliasing -DPERL_MSVCRT_READFIX -s -O2 	  -DVERSION=\"2.04\" 	-DXS_VERSION=\"2.04\"  "-IC:\strawberry\perl\lib\CORE"   sh_06_t.c
C:\Strawberry\perl\bin\perl.exe -MExtUtils::Mksymlists \
     -e "Mksymlists('NAME'=>\"Encode::JP\", 'DLBASE' => 'JP', 'DL_FUNCS' => {  }, 'FUNCLIST' => [], 'IMPORTS' => {  }, 'DL_VARS' => []);"
dlltool --def JP.def --output-exp dll.exp
g++ -o ..\blib\arch\auto\Encode\JP\JP.dll -Wl,--base-file -Wl,dll.base -mdll -s -L"C:\strawberry\perl\lib\CORE" -L"C:\strawberry\c\lib" JP.o 	cp_00_t.o 	eu_01_t.o 	ji_02_t.o 	ji_03_t.o 	ji_04_t.o 	ma_05_t.o 	sh_06_t.o   C:\strawberry\perl\lib\CORE\libperl510.a -lmoldname -lkernel32 -luser32 -lgdi32 -lwinspool -lcomdlg32 -ladvapi32 -lshell32 -lole32 -loleaut32 -lnetapi32 -luuid -lws2_32 -lmpr -lwinmm -lversion -lodbc32 -lodbccp32 dll.exp
dlltool --def JP.def --base-file dll.base --output-exp dll.exp
g++ -o ..\blib\arch\auto\Encode\JP\JP.dll -mdll -s -L"C:\strawberry\perl\lib\CORE" -L"C:\strawberry\c\lib" JP.o 	cp_00_t.o 	eu_01_t.o 	ji_02_t.o 	ji_03_t.o 	ji_04_t.o 	ma_05_t.o 	sh_06_t.o   C:\strawberry\perl\lib\CORE\libperl510.a -lmoldname -lkernel32 -luser32 -lgdi32 -lwinspool -lcomdlg32 -ladvapi32 -lshell32 -lole32 -loleaut32 -lnetapi32 -luuid -lws2_32 -lmpr -lwinmm -lversion -lodbc32 -lodbccp32 dll.exp 
C:\Strawberry\perl\bin\perl.exe -MExtUtils::Command -e chmod -- 755 ..\blib\arch\auto\Encode\JP\JP.dll
cp KR.pm ..\blib\lib\Encode\KR.pm
Running Mkbootstrap for Encode::KR ()
C:\Strawberry\perl\bin\perl.exe -MExtUtils::Command -e chmod -- 644 KR.bs
C:\Strawberry\perl\bin\perl.exe  ..\bin\enc2xs -"Q" -o cp_00_t.c -f cp_00_t.fnm
Reading cp949 (cp949)
C:\Strawberry\perl\bin\perl.exe  ..\bin\enc2xs -"Q" -o eu_01_t.c -f eu_01_t.fnm
Reading euc-kr (euc-kr)
C:\Strawberry\perl\bin\perl.exe  ..\bin\enc2xs -"Q" -o jo_02_t.c -f jo_02_t.fnm
Reading johab (johab)
C:\Strawberry\perl\bin\perl.exe  ..\bin\enc2xs -"Q" -o ks_03_t.c -f ks_03_t.fnm
Reading ksc5601-raw (ksc5601-raw)
C:\Strawberry\perl\bin\perl.exe  ..\bin\enc2xs -"Q" -o ma_04_t.c -f ma_04_t.fnm
Reading MacKorean (MacKorean)
C:\Strawberry\perl\bin\perl.exe C:\home\tennis\perl5\lib\perl5\ExtUtils\xsubpp  -nolinenumbers -typemap C:\strawberry\perl\lib\ExtUtils\typemap  KR.xs > KR.xsc && C:\Strawberry\perl\bin\perl.exe -MExtUtils::Command -e mv -- KR.xsc KR.c
gcc -c  -I../Encode 	-s -O2 -DWIN32 -DHAVE_DES_FCRYPT -DUSE_SITECUSTOMIZE -DPERL_IMPLICIT_CONTEXT -DPERL_IMPLICIT_SYS -fno-strict-aliasing -DPERL_MSVCRT_READFIX -s -O2 	  -DVERSION=\"2.03\" 	-DXS_VERSION=\"2.03\"  "-IC:\strawberry\perl\lib\CORE"   KR.c
gcc -c  -I../Encode 	-s -O2 -DWIN32 -DHAVE_DES_FCRYPT -DUSE_SITECUSTOMIZE -DPERL_IMPLICIT_CONTEXT -DPERL_IMPLICIT_SYS -fno-strict-aliasing -DPERL_MSVCRT_READFIX -s -O2 	  -DVERSION=\"2.03\" 	-DXS_VERSION=\"2.03\"  "-IC:\strawberry\perl\lib\CORE"   cp_00_t.c
gcc -c  -I../Encode 	-s -O2 -DWIN32 -DHAVE_DES_FCRYPT -DUSE_SITECUSTOMIZE -DPERL_IMPLICIT_CONTEXT -DPERL_IMPLICIT_SYS -fno-strict-aliasing -DPERL_MSVCRT_READFIX -s -O2 	  -DVERSION=\"2.03\" 	-DXS_VERSION=\"2.03\"  "-IC:\strawberry\perl\lib\CORE"   eu_01_t.c
gcc -c  -I../Encode 	-s -O2 -DWIN32 -DHAVE_DES_FCRYPT -DUSE_SITECUSTOMIZE -DPERL_IMPLICIT_CONTEXT -DPERL_IMPLICIT_SYS -fno-strict-aliasing -DPERL_MSVCRT_READFIX -s -O2 	  -DVERSION=\"2.03\" 	-DXS_VERSION=\"2.03\"  "-IC:\strawberry\perl\lib\CORE"   jo_02_t.c
gcc -c  -I../Encode 	-s -O2 -DWIN32 -DHAVE_DES_FCRYPT -DUSE_SITECUSTOMIZE -DPERL_IMPLICIT_CONTEXT -DPERL_IMPLICIT_SYS -fno-strict-aliasing -DPERL_MSVCRT_READFIX -s -O2 	  -DVERSION=\"2.03\" 	-DXS_VERSION=\"2.03\"  "-IC:\strawberry\perl\lib\CORE"   ks_03_t.c
gcc -c  -I../Encode 	-s -O2 -DWIN32 -DHAVE_DES_FCRYPT -DUSE_SITECUSTOMIZE -DPERL_IMPLICIT_CONTEXT -DPERL_IMPLICIT_SYS -fno-strict-aliasing -DPERL_MSVCRT_READFIX -s -O2 	  -DVERSION=\"2.03\" 	-DXS_VERSION=\"2.03\"  "-IC:\strawberry\perl\lib\CORE"   ma_04_t.c
C:\Strawberry\perl\bin\perl.exe -MExtUtils::Mksymlists \
     -e "Mksymlists('NAME'=>\"Encode::KR\", 'DLBASE' => 'KR', 'DL_FUNCS' => {  }, 'FUNCLIST' => [], 'IMPORTS' => {  }, 'DL_VARS' => []);"
dlltool --def KR.def --output-exp dll.exp
g++ -o ..\blib\arch\auto\Encode\KR\KR.dll -Wl,--base-file -Wl,dll.base -mdll -s -L"C:\strawberry\perl\lib\CORE" -L"C:\strawberry\c\lib" KR.o 	cp_00_t.o 	eu_01_t.o 	jo_02_t.o 	ks_03_t.o 	ma_04_t.o   C:\strawberry\perl\lib\CORE\libperl510.a -lmoldname -lkernel32 -luser32 -lgdi32 -lwinspool -lcomdlg32 -ladvapi32 -lshell32 -lole32 -loleaut32 -lnetapi32 -luuid -lws2_32 -lmpr -lwinmm -lversion -lodbc32 -lodbccp32 dll.exp
dlltool --def KR.def --base-file dll.base --output-exp dll.exp
g++ -o ..\blib\arch\auto\Encode\KR\KR.dll -mdll -s -L"C:\strawberry\perl\lib\CORE" -L"C:\strawberry\c\lib" KR.o 	cp_00_t.o 	eu_01_t.o 	jo_02_t.o 	ks_03_t.o 	ma_04_t.o   C:\strawberry\perl\lib\CORE\libperl510.a -lmoldname -lkernel32 -luser32 -lgdi32 -lwinspool -lcomdlg32 -ladvapi32 -lshell32 -lole32 -loleaut32 -lnetapi32 -luuid -lws2_32 -lmpr -lwinmm -lversion -lodbc32 -lodbccp32 dll.exp 
C:\Strawberry\perl\bin\perl.exe -MExtUtils::Command -e chmod -- 755 ..\blib\arch\auto\Encode\KR\KR.dll
cp Symbol.pm ..\blib\lib\Encode\Symbol.pm
Running Mkbootstrap for Encode::Symbol ()
C:\Strawberry\perl\bin\perl.exe -MExtUtils::Command -e chmod -- 644 Symbol.bs
C:\Strawberry\perl\bin\perl.exe  ..\bin\enc2xs -"Q" -"O" -o symbol_t.c -f symbol_t.fnm
Reading AdobeSymbol (AdobeSymbol)
Reading AdobeZdingbat (AdobeZdingbat)
Reading dingbats (dingbats)
Reading MacDingbats (MacDingbats)
Reading MacSymbol (MacSymbol)
Reading symbol (symbol)
C:\Strawberry\perl\bin\perl.exe C:\home\tennis\perl5\lib\perl5\ExtUtils\xsubpp  -nolinenumbers -typemap C:\strawberry\perl\lib\ExtUtils\typemap  Symbol.xs > Symbol.xsc && C:\Strawberry\perl\bin\perl.exe -MExtUtils::Command -e mv -- Symbol.xsc Symbol.c
gcc -c  -I../Encode 	-s -O2 -DWIN32 -DHAVE_DES_FCRYPT -DUSE_SITECUSTOMIZE -DPERL_IMPLICIT_CONTEXT -DPERL_IMPLICIT_SYS -fno-strict-aliasing -DPERL_MSVCRT_READFIX -s -O2 	  -DVERSION=\"2.02\" 	-DXS_VERSION=\"2.02\"  "-IC:\strawberry\perl\lib\CORE"   Symbol.c
gcc -c  -I../Encode 	-s -O2 -DWIN32 -DHAVE_DES_FCRYPT -DUSE_SITECUSTOMIZE -DPERL_IMPLICIT_CONTEXT -DPERL_IMPLICIT_SYS -fno-strict-aliasing -DPERL_MSVCRT_READFIX -s -O2 	  -DVERSION=\"2.02\" 	-DXS_VERSION=\"2.02\"  "-IC:\strawberry\perl\lib\CORE"   symbol_t.c
C:\Strawberry\perl\bin\perl.exe -MExtUtils::Mksymlists \
     -e "Mksymlists('NAME'=>\"Encode::Symbol\", 'DLBASE' => 'Symbol', 'DL_FUNCS' => {  }, 'FUNCLIST' => [], 'IMPORTS' => {  }, 'DL_VARS' => []);"
dlltool --def Symbol.def --output-exp dll.exp
g++ -o ..\blib\arch\auto\Encode\Symbol\Symbol.dll -Wl,--base-file -Wl,dll.base -mdll -s -L"C:\strawberry\perl\lib\CORE" -L"C:\strawberry\c\lib" Symbol.o 	symbol_t.o   C:\strawberry\perl\lib\CORE\libperl510.a -lmoldname -lkernel32 -luser32 -lgdi32 -lwinspool -lcomdlg32 -ladvapi32 -lshell32 -lole32 -loleaut32 -lnetapi32 -luuid -lws2_32 -lmpr -lwinmm -lversion -lodbc32 -lodbccp32 dll.exp
dlltool --def Symbol.def --base-file dll.base --output-exp dll.exp
g++ -o ..\blib\arch\auto\Encode\Symbol\Symbol.dll -mdll -s -L"C:\strawberry\perl\lib\CORE" -L"C:\strawberry\c\lib" Symbol.o 	symbol_t.o   C:\strawberry\perl\lib\CORE\libperl510.a -lmoldname -lkernel32 -luser32 -lgdi32 -lwinspool -lcomdlg32 -ladvapi32 -lshell32 -lole32 -loleaut32 -lnetapi32 -luuid -lws2_32 -lmpr -lwinmm -lversion -lodbc32 -lodbccp32 dll.exp 
C:\Strawberry\perl\bin\perl.exe -MExtUtils::Command -e chmod -- 755 ..\blib\arch\auto\Encode\Symbol\Symbol.dll
cp TW.pm ..\blib\lib\Encode\TW.pm
Running Mkbootstrap for Encode::TW ()
C:\Strawberry\perl\bin\perl.exe -MExtUtils::Command -e chmod -- 644 TW.bs
C:\Strawberry\perl\bin\perl.exe  ..\bin\enc2xs -"Q" -o bi_00_t.c -f bi_00_t.fnm
Reading big5-eten (big5-eten)
C:\Strawberry\perl\bin\perl.exe  ..\bin\enc2xs -"Q" -o bi_01_t.c -f bi_01_t.fnm
Reading big5-hkscs (big5-hkscs)
C:\Strawberry\perl\bin\perl.exe  ..\bin\enc2xs -"Q" -o cp_02_t.c -f cp_02_t.fnm
Reading cp950 (cp950)
C:\Strawberry\perl\bin\perl.exe  ..\bin\enc2xs -"Q" -o ma_03_t.c -f ma_03_t.fnm
Reading MacChineseTrad (MacChineseTrad)
C:\Strawberry\perl\bin\perl.exe C:\home\tennis\perl5\lib\perl5\ExtUtils\xsubpp  -nolinenumbers -typemap C:\strawberry\perl\lib\ExtUtils\typemap  TW.xs > TW.xsc && C:\Strawberry\perl\bin\perl.exe -MExtUtils::Command -e mv -- TW.xsc TW.c
gcc -c  -I../Encode 	-s -O2 -DWIN32 -DHAVE_DES_FCRYPT -DUSE_SITECUSTOMIZE -DPERL_IMPLICIT_CONTEXT -DPERL_IMPLICIT_SYS -fno-strict-aliasing -DPERL_MSVCRT_READFIX -s -O2 	  -DVERSION=\"2.03\" 	-DXS_VERSION=\"2.03\"  "-IC:\strawberry\perl\lib\CORE"   TW.c
gcc -c  -I../Encode 	-s -O2 -DWIN32 -DHAVE_DES_FCRYPT -DUSE_SITECUSTOMIZE -DPERL_IMPLICIT_CONTEXT -DPERL_IMPLICIT_SYS -fno-strict-aliasing -DPERL_MSVCRT_READFIX -s -O2 	  -DVERSION=\"2.03\" 	-DXS_VERSION=\"2.03\"  "-IC:\strawberry\perl\lib\CORE"   bi_00_t.c
gcc -c  -I../Encode 	-s -O2 -DWIN32 -DHAVE_DES_FCRYPT -DUSE_SITECUSTOMIZE -DPERL_IMPLICIT_CONTEXT -DPERL_IMPLICIT_SYS -fno-strict-aliasing -DPERL_MSVCRT_READFIX -s -O2 	  -DVERSION=\"2.03\" 	-DXS_VERSION=\"2.03\"  "-IC:\strawberry\perl\lib\CORE"   bi_01_t.c
gcc -c  -I../Encode 	-s -O2 -DWIN32 -DHAVE_DES_FCRYPT -DUSE_SITECUSTOMIZE -DPERL_IMPLICIT_CONTEXT -DPERL_IMPLICIT_SYS -fno-strict-aliasing -DPERL_MSVCRT_READFIX -s -O2 	  -DVERSION=\"2.03\" 	-DXS_VERSION=\"2.03\"  "-IC:\strawberry\perl\lib\CORE"   cp_02_t.c
gcc -c  -I../Encode 	-s -O2 -DWIN32 -DHAVE_DES_FCRYPT -DUSE_SITECUSTOMIZE -DPERL_IMPLICIT_CONTEXT -DPERL_IMPLICIT_SYS -fno-strict-aliasing -DPERL_MSVCRT_READFIX -s -O2 	  -DVERSION=\"2.03\" 	-DXS_VERSION=\"2.03\"  "-IC:\strawberry\perl\lib\CORE"   ma_03_t.c
C:\Strawberry\perl\bin\perl.exe -MExtUtils::Mksymlists \
     -e "Mksymlists('NAME'=>\"Encode::TW\", 'DLBASE' => 'TW', 'DL_FUNCS' => {  }, 'FUNCLIST' => [], 'IMPORTS' => {  }, 'DL_VARS' => []);"
dlltool --def TW.def --output-exp dll.exp
g++ -o ..\blib\arch\auto\Encode\TW\TW.dll -Wl,--base-file -Wl,dll.base -mdll -s -L"C:\strawberry\perl\lib\CORE" -L"C:\strawberry\c\lib" TW.o 	bi_00_t.o 	bi_01_t.o 	cp_02_t.o 	ma_03_t.o   C:\strawberry\perl\lib\CORE\libperl510.a -lmoldname -lkernel32 -luser32 -lgdi32 -lwinspool -lcomdlg32 -ladvapi32 -lshell32 -lole32 -loleaut32 -lnetapi32 -luuid -lws2_32 -lmpr -lwinmm -lversion -lodbc32 -lodbccp32 dll.exp
dlltool --def TW.def --base-file dll.base --output-exp dll.exp
g++ -o ..\blib\arch\auto\Encode\TW\TW.dll -mdll -s -L"C:\strawberry\perl\lib\CORE" -L"C:\strawberry\c\lib" TW.o 	bi_00_t.o 	bi_01_t.o 	cp_02_t.o 	ma_03_t.o   C:\strawberry\perl\lib\CORE\libperl510.a -lmoldname -lkernel32 -luser32 -lgdi32 -lwinspool -lcomdlg32 -ladvapi32 -lshell32 -lole32 -loleaut32 -lnetapi32 -luuid -lws2_32 -lmpr -lwinmm -lversion -lodbc32 -lodbccp32 dll.exp 
C:\Strawberry\perl\bin\perl.exe -MExtUtils::Command -e chmod -- 755 ..\blib\arch\auto\Encode\TW\TW.dll
cp Unicode.pm ..\blib\lib\Encode\Unicode.pm
Running Mkbootstrap for Encode::Unicode ()
C:\Strawberry\perl\bin\perl.exe -MExtUtils::Command -e chmod -- 644 Unicode.bs
C:\Strawberry\perl\bin\perl.exe C:\home\tennis\perl5\lib\perl5\ExtUtils\xsubpp  -typemap C:\strawberry\perl\lib\ExtUtils\typemap  Unicode.xs > Unicode.xsc && C:\Strawberry\perl\bin\perl.exe -MExtUtils::Command -e mv -- Unicode.xsc Unicode.c
gcc -c  -I../Encode 	-s -O2 -DWIN32 -DHAVE_DES_FCRYPT -DUSE_SITECUSTOMIZE -DPERL_IMPLICIT_CONTEXT -DPERL_IMPLICIT_SYS -fno-strict-aliasing -DPERL_MSVCRT_READFIX -s -O2 	  -DVERSION=\"2.15\" 	-DXS_VERSION=\"2.15\"  "-IC:\strawberry\perl\lib\CORE"   Unicode.c
C:\Strawberry\perl\bin\perl.exe -MExtUtils::Mksymlists \
     -e "Mksymlists('NAME'=>\"Encode::Unicode\", 'DLBASE' => 'Unicode', 'DL_FUNCS' => {  }, 'FUNCLIST' => [], 'IMPORTS' => {  }, 'DL_VARS' => []);"
dlltool --def Unicode.def --output-exp dll.exp
g++ -o ..\blib\arch\auto\Encode\Unicode\Unicode.dll -Wl,--base-file -Wl,dll.base -mdll -s -L"C:\strawberry\perl\lib\CORE" -L"C:\strawberry\c\lib" Unicode.o   C:\strawberry\perl\lib\CORE\libperl510.a -lmoldname -lkernel32 -luser32 -lgdi32 -lwinspool -lcomdlg32 -ladvapi32 -lshell32 -lole32 -loleaut32 -lnetapi32 -luuid -lws2_32 -lmpr -lwinmm -lversion -lodbc32 -lodbccp32 dll.exp
dlltool --def Unicode.def --base-file dll.base --output-exp dll.exp
g++ -o ..\blib\arch\auto\Encode\Unicode\Unicode.dll -mdll -s -L"C:\strawberry\perl\lib\CORE" -L"C:\strawberry\c\lib" Unicode.o   C:\strawberry\perl\lib\CORE\libperl510.a -lmoldname -lkernel32 -luser32 -lgdi32 -lwinspool -lcomdlg32 -ladvapi32 -lshell32 -lole32 -loleaut32 -lnetapi32 -luuid -lws2_32 -lmpr -lwinmm -lversion -lodbc32 -lodbccp32 dll.exp 
C:\Strawberry\perl\bin\perl.exe -MExtUtils::Command -e chmod -- 755 ..\blib\arch\auto\Encode\Unicode\Unicode.dll
Running Mkbootstrap for Encode ()
C:\Strawberry\perl\bin\perl.exe -MExtUtils::Command -e chmod -- 644 Encode.bs
C:\Strawberry\perl\bin\perl.exe C:\home\tennis\perl5\lib\perl5\ExtUtils\xsubpp  -typemap C:\strawberry\perl\lib\ExtUtils\typemap  Encode.xs > Encode.xsc && C:\Strawberry\perl\bin\perl.exe -MExtUtils::Command -e mv -- Encode.xsc Encode.c
C:\Strawberry\perl\bin\perl.exe  bin\enc2xs -"Q" -"O" -o def_t.c -f def_t.fnm
Reading iso-8859-1 (iso-8859-1)
Reading ascii (ascii)
Reading cp1252 (cp1252)
Reading ascii-ctrl (ascii-ctrl)
Reading null (null)
gcc -c  -IEncode 	-s -O2 -DWIN32 -DHAVE_DES_FCRYPT  -DUSE_SITECUSTOMIZE -DPERL_IMPLICIT_CONTEXT -DPERL_IMPLICIT_SYS -fno-strict-aliasing -DPERL_MSVCRT_READFIX -Werror=declaration-after-statement -Wpointer-sign -s -O2 	  -DVERSION=\"2.88\" 	-DXS_VERSION=\"2.88\"  "-IC:\strawberry\perl\lib\CORE"   Encode.c
cc1.exe: error: unrecognized command line option "-Werror=declaration-after-statement"
cc1.exe: error: unrecognized command line option "-Wpointer-sign"
dmake.exe:  Error code 129, while making 'Encode.o'
-> FAIL Installing Encode failed. See C:\home\tennis\.cpanm\work\1488070176.5640\build.log for details. Retry with --force to force install it.
