t/read.....1..301
ok 1 - Does it even load?
ok 2 - open ok3.gz with <:gzip
ok 3
ok 4 - should be end of file
ok 5 - close it again
ok 6 - open ok3.gz with <:gzip()
ok 7
ok 8 - should be end of file
ok 9 - close it again
ok 10 - open ok3.gz with <:gzip(gzip)
ok 11
ok 12 - should be end of file
ok 13 - close it again
ok 14 - open ok3.gz with <:gzip(lazy)
ok 15
ok 16 - should be end of file
ok 17 - close it again
ok 18 - open ok3.gz with <:gzip(gzip,lazy)
ok 19
ok 20 - should be end of file
ok 21 - close it again
ok 22 - README should open
ok 23 - README should not open [core perlio bug fixed post 5.7.2 12827]
ok 24 - open ok17.gz with <:gzip
ok 25
ok 26 - should be end of file
ok 27 - close it
ok 28 - open ok19 with <:gzip(none)
ok 29
ok 30 - open ok21 with <
ok 31
ok 32 - Ho ho ho. Switch to gunzip mid stream.
ok 33
ok 34 - open ok19 with <:gzip(auto)
ok 35
ok 36 - should be end of file
ok 37 - close it
ok 38 - open ok3.gz with <:gzip(auto)
ok 39
ok 40 - should be end of file
ok 41 - close it
ok 42 - open ok19 with <:gzip(lazy,auto)
ok 43
ok 44 - should be end of file
ok 45 - close it
ok 46 - open ok3.gz with <:gzip(auto,lazy)
ok 47
ok 48 - should be end of file
ok 49 - close it
ok 50 - README should open in lazy mode
ok 51 - but should fail on first read
ok 52 - README should open in auto mode
ok 53 - but should fail on first read
ok 54 - README should open in auto,lazy mode
ok 55 - but should fail on first read
# Attempting to run 'gzip -c --fast C:\Perl\bin\perl.exe >perl.gz'
ok 56 - open perl.gz
ok 57 - compare with original C:\Perl\bin\perl.exe
ok 58 - should be end of file
ok 59 - close perl.gz
ok 60 - open README with <:gzip(autopop)
ok 61 - read first line
ok 62 - check second line
ok 63 - open ok3.gz with <:gzip(autopop)
ok 64
ok 65 - open ok50.gz.short with <:gzip
ok 66
ok 67 - should be end of file
ok 68 - close should fail
ok 69 - open ok54.gz.len with <:gzip
ok 70
ok 71 - should be end of file
ok 72 - close should fail
ok 73 - open ok58.gz.crc with <:gzip
ok 74
ok 75 - should be end of file
ok 76 - close should fail
ok 77 - open ok3.gz with <:unix:gzip
ok 78
ok 79 - should be end of file
ok 80 - close it again
ok 81 - open ok3.gz with <:unix:gzip()
ok 82
ok 83 - should be end of file
ok 84 - close it again
ok 85 - open ok3.gz with <:unix:gzip(gzip)
ok 86
ok 87 - should be end of file
ok 88 - close it again
ok 89 - open ok3.gz with <:unix:gzip(lazy)
ok 90
ok 91 - should be end of file
ok 92 - close it again
ok 93 - open ok3.gz with <:unix:gzip(gzip,lazy)
ok 94
ok 95 - should be end of file
ok 96 - close it again
ok 97 - README should open
ok 98 - README should not open [core perlio bug fixed post 5.7.2 12827]
ok 99 - open ok17.gz with <:unix:gzip
ok 100
ok 101 - should be end of file
ok 102 - close it
ok 103 - open ok19 with <:unix:gzip(none)
ok 104
ok 105 - open ok21 with <:unix
ok 106
ok 107 - Ho ho ho. Switch to gunzip mid stream.
ok 108
ok 109 - open ok19 with <:unix:gzip(auto)
ok 110
ok 111 - should be end of file
ok 112 - close it
ok 113 - open ok3.gz with <:unix:gzip(auto)
ok 114
ok 115 - should be end of file
ok 116 - close it
ok 117 - open ok19 with <:unix:gzip(lazy,auto)
ok 118
ok 119 - should be end of file
ok 120 - close it
ok 121 - open ok3.gz with <:unix:gzip(auto,lazy)
ok 122
ok 123 - should be end of file
ok 124 - close it
ok 125 - README should open in lazy mode
ok 126 - but should fail on first read
ok 127 - README should open in auto mode
ok 128 - but should fail on first read
ok 129 - README should open in auto,lazy mode
ok 130 - but should fail on first read
ok 131 - open perl.gz
ok 132 - compare with original C:\Perl\bin\perl.exe
ok 133 - should be end of file
ok 134 - close perl.gz
ok 135 - open README with <:unix:gzip(autopop)
ok 136 - read first line
ok 137 - check second line
ok 138 - open ok3.gz with <:unix:gzip(autopop)
ok 139
ok 140 - open ok50.gz.short with <:unix:gzip
ok 141
ok 142 - should be end of file
ok 143 - close should fail
ok 144 - open ok54.gz.len with <:unix:gzip
ok 145
ok 146 - should be end of file
ok 147 - close should fail
ok 148 - open ok58.gz.crc with <:unix:gzip
ok 149
ok 150 - should be end of file
ok 151 - close should fail
ok 152 - open ok3.gz with <:stdio:gzip
ok 153
ok 154 - should be end of file
ok 155 - close it again
ok 156 - open ok3.gz with <:stdio:gzip()
ok 157
ok 158 - should be end of file
ok 159 - close it again
ok 160 - open ok3.gz with <:stdio:gzip(gzip)
ok 161
ok 162 - should be end of file
ok 163 - close it again
ok 164 - open ok3.gz with <:stdio:gzip(lazy)
ok 165
ok 166 - should be end of file
ok 167 - close it again
ok 168 - open ok3.gz with <:stdio:gzip(gzip,lazy)
ok 169
ok 170 - should be end of file
ok 171 - close it again
ok 172 - README should open
ok 173 - README should not open [core perlio bug fixed post 5.7.2 12827]
ok 174 - open ok17.gz with <:stdio:gzip
ok 175
ok 176 - should be end of file
ok 177 - close it
ok 178 - open ok19 with <:stdio:gzip(none)
ok 179
ok 180 - open ok21 with <:stdio
ok 181
ok 182 - Ho ho ho. Switch to gunzip mid stream.
ok 183
ok 184 - open ok19 with <:stdio:gzip(auto)
ok 185
ok 186 - should be end of file
ok 187 - close it
ok 188 - open ok3.gz with <:stdio:gzip(auto)
ok 189
ok 190 - should be end of file
ok 191 - close it
ok 192 - open ok19 with <:stdio:gzip(lazy,auto)
ok 193
ok 194 - should be end of file
ok 195 - close it
ok 196 - open ok3.gz with <:stdio:gzip(auto,lazy)
ok 197
ok 198 - should be end of file
ok 199 - close it
ok 200 - README should open in lazy mode
ok 201 - but should fail on first read
ok 202 - README should open in auto mode
ok 203 - but should fail on first read
ok 204 - README should open in auto,lazy mode
ok 205 - but should fail on first read
ok 206 - open perl.gz

#   Failed test 'compare with original C:\Perl\bin\perl.exe'
#   in t/read.t at line 135.
not ok 207 - compare with original C:\Perl\bin\perl.exe
ok 208 - should be end of file

#   Failed test 'close perl.gz'
#   in t/read.t at line 140.
not ok 209 - close perl.gz
ok 210 - open README with <:stdio:gzip(autopop)
ok 211 - read first line
ok 212 - check second line
ok 213 - open ok3.gz with <:stdio:gzip(autopop)
ok 214
ok 215 - open ok50.gz.short with <:stdio:gzip
ok 216
ok 217 - should be end of file
ok 218 - close should fail
ok 219 - open ok54.gz.len with <:stdio:gzip
ok 220
ok 221 - should be end of file
ok 222 - close should fail
ok 223 - open ok58.gz.crc with <:stdio:gzip
ok 224
ok 225 - should be end of file
ok 226 - close should fail
ok 227 - open ok3.gz with <:perlio:gzip
ok 228
ok 229 - should be end of file
ok 230 - close it again
ok 231 - open ok3.gz with <:perlio:gzip()
ok 232
ok 233 - should be end of file
ok 234 - close it again
ok 235 - open ok3.gz with <:perlio:gzip(gzip)
ok 236
ok 237 - should be end of file
ok 238 - close it again
ok 239 - open ok3.gz with <:perlio:gzip(lazy)
ok 240
ok 241 - should be end of file
ok 242 - close it again
ok 243 - open ok3.gz with <:perlio:gzip(gzip,lazy)
ok 244
ok 245 - should be end of file
ok 246 - close it again
ok 247 - README should open
ok 248 - README should not open [core perlio bug fixed post 5.7.2 12827]
ok 249 - open ok17.gz with <:perlio:gzip
ok 250
ok 251 - should be end of file
ok 252 - close it
ok 253 - open ok19 with <:perlio:gzip(none)
ok 254
ok 255 - open ok21 with <:perlio
ok 256
ok 257 - Ho ho ho. Switch to gunzip mid stream.
ok 258
ok 259 - open ok19 with <:perlio:gzip(auto)
ok 260
ok 261 - should be end of file
ok 262 - close it
ok 263 - open ok3.gz with <:perlio:gzip(auto)
ok 264
ok 265 - should be end of file
ok 266 - close it
ok 267 - open ok19 with <:perlio:gzip(lazy,auto)
ok 268
ok 269 - should be end of file
ok 270 - close it
ok 271 - open ok3.gz with <:perlio:gzip(auto,lazy)
ok 272
ok 273 - should be end of file
ok 274 - close it
ok 275 - README should open in lazy mode
ok 276 - but should fail on first read
ok 277 - README should open in auto mode
ok 278 - but should fail on first read
# Looks like you failed 2 tests of 301.
ok 279 - README should open in auto,lazy mode
ok 280 - but should fail on first read
ok 281 - open perl.gz
ok 282 - compare with original C:\Perl\bin\perl.exe
ok 283 - should be end of file
ok 284 - close perl.gz
ok 285 - open README with <:perlio:gzip(autopop)
ok 286 - read first line
ok 287 - check second line
ok 288 - open ok3.gz with <:perlio:gzip(autopop)
ok 289
ok 290 - open ok50.gz.short with <:perlio:gzip
ok 291
ok 292 - should be end of file
ok 293 - close should fail
ok 294 - open ok54.gz.len with <:perlio:gzip
ok 295
ok 296 - should be end of file
ok 297 - close should fail
ok 298 - open ok58.gz.crc with <:perlio:gzip
ok 299
ok 300 - should be end of file
ok 301 - close should fail
dubious
	Test returned status 2 (wstat 512, 0x200)
DIED. FAILED tests 207, 209
	Failed 2/301 tests, 99.34% okay
