connecting ssl-socket ... 
imap-client via ssl ... 
Using Mail::IMAPClient version 2.2.9 and perl version 5.8.0 (5.008)
connecting ...
Read: * OK [CAPABILITY IMAP4REV1 LOGIN-REFERRALS STARTTLS AUTH=LOGIN] mailin.lrz-muenchen.de IMAP4rev1 2001.315 at Mon, 9 Aug 2004 10:21:57 +0200 (CEST)

Connect: Received this from readline: 0/OUTPUT/* OK [CAPABILITY IMAP4REV1 LOGIN-REFERRALS STARTTLS AUTH=LOGIN] mailin.lrz-muenchen.de IMAP4rev1 2001.315 at Mon, 9 Aug 2004 10:21:57 +0200 (CEST)

login ...
Sending literal string in two parts: 1 Login "XXXXXXX" {9}

	then: XXXXXXX

Sending: 1 Login "XXXXXXXXX" {9}

Sent 23 bytes
Read: + Ready for argument

Sending: XXXXXXX

Sent 11 bytes
Read: 1 OK [CAPABILITY IMAP4REV1 IDLE NAMESPACE MAILBOX-REFERRALS SCAN SORT THREAD=REFERENCES THREAD=ORDEREDSUBJECT MULTIAPPEND] User XXXXXXX authenticated

Sending: 2 LOGOUT

Sent 10 bytes
Read: * BYE mailin.lrz-muenchen.de IMAP4rev1 server terminating connection
2 OK LOGOUT completed

last error : 0 
last error :  
last error :  
Report : 
* OK [CAPABILITY IMAP4REV1 LOGIN-REFERRALS STARTTLS AUTH=LOGIN] mailin.lrz-muenchen.de IMAP4rev1 2001.315 at Mon, 9 Aug 2004 10:21:57 +0200 (CEST)
1 LOGIN XXXXXXXX XXXXXXXX
XXXXXXX

+ Ready for argument
1 OK [CAPABILITY IMAP4REV1 IDLE NAMESPACE MAILBOX-REFERRALS SCAN SORT THREAD=REFERENCES THREAD=ORDEREDSUBJECT MULTIAPPEND] User XXXXXXX authenticated
Report done 

