cpanm (App::cpanminus) 1.7014 on perl 5.020001 built for darwin-2level
Work directory is /Users/jkeenan/.cpanm/work/1428951168.38901
You have make /usr/bin/make
You have LWP 6.04
You have /usr/bin/tar: bsdtar 2.8.3 - libarchive 2.8.3
You have /usr/bin/unzip
Checking if you have ExtUtils::MakeMaker 6.58 ... Yes (6.98)
Checking if you have ExtUtils::Install 1.46 ... Yes (1.67)
Searching DateTime on cpanmetadb ...
--> Working on DateTime
Fetching http://www.cpan.org/authors/id/D/DR/DROLSKY/DateTime-1.18.tar.gz
-> OK
Unpacking DateTime-1.18.tar.gz
Entering DateTime-1.18
Checking configure dependencies from META.json
Checking if you have Module::Build 0.28 ... Yes (0.4210)
Configuring DateTime-1.18
Running Build.PL
Checking prerequisites...
  requires:
    !  DateTime::TimeZone (1.42) is installed, but we need version >= 1.74

ERRORS/WARNINGS FOUND IN PREREQUISITES.  You may wish to install the versions
of the modules indicated above before proceeding with this installation

Created MYMETA.yml and MYMETA.json
Creating new 'Build' script for 'DateTime' version '1.18'
-> OK
Checking dependencies from MYMETA.json ...
Checking if you have warnings::register 0 ... Yes (1.03)
Checking if you have Try::Tiny 0 ... Yes (0.22)
Checking if you have integer 0 ... Yes (1.01)
Checking if you have Carp 0 ... Yes (1.3301)
Checking if you have Test::Fatal 0 ... Yes (0.008)
Checking if you have ExtUtils::CBuilder 0 ... Yes (0.280202)
Checking if you have strict 0 ... Yes (1.08)
Checking if you have Module::Build 0.28 ... Yes (0.4210)
Checking if you have DateTime::Locale 0.41 ... Yes (0.45)
Checking if you have Scalar::Util 0 ... Yes (1.38)
Checking if you have Storable 0 ... Yes (2.51)
Checking if you have Test::More 0.88 ... Yes (1.001003)
Checking if you have utf8 0 ... Yes (1.13_01)
Checking if you have DateTime::TimeZone 1.74 ... No (1.42 < 1.74)
Checking if you have vars 0 ... Yes (1.03)
Checking if you have constant 0 ... Yes (1.31)
Checking if you have base 0 ... Yes (2.18)
Checking if you have warnings 0 ... Yes (1.23)
Checking if you have POSIX 0 ... Yes (1.38_03)
Checking if you have overload 0 ... Yes (1.22)
Checking if you have XSLoader 0 ... Yes (0.17)
Checking if you have Params::Validate 0.76 ... Yes (1.13)
Checking if you have Test::Warnings 0.005 ... Yes (0.021)
Checking if you have ExtUtils::MakeMaker 0 ... Yes (6.98)
Checking if you have File::Spec 0 ... Yes (3.40)
==> Found dependencies: DateTime::TimeZone
Searching DateTime::TimeZone on cpanmetadb ...
--> Working on DateTime::TimeZone
Fetching http://www.cpan.org/authors/id/D/DR/DROLSKY/DateTime-TimeZone-1.86.tar.gz
-> OK
Unpacking DateTime-TimeZone-1.86.tar.gz
Entering DateTime-TimeZone-1.86
Checking configure dependencies from META.json
Checking if you have ExtUtils::MakeMaker 0 ... Yes (6.98)
Configuring DateTime-TimeZone-1.86
Running Makefile.PL
Checking if your kit is complete...
Looks good
Generating a Unix-style Makefile
Writing Makefile for DateTime::TimeZone
Writing MYMETA.yml and MYMETA.json
-> OK
Checking dependencies from MYMETA.json ...
Checking if you have Test::Fatal 0 ... Yes (0.008)
Checking if you have strict 0 ... Yes (1.08)
Checking if you have Try::Tiny 0 ... Yes (0.22)
Checking if you have Test::Requires 0 ... Yes (0.06)
Checking if you have File::Copy 0 ... Yes (2.30)
Checking if you have File::Basename 0 ... Yes (2.85)
Checking if you have File::Find 0 ... Yes (1.27)
Checking if you have File::Temp 0 ... Yes (0.2304)
Checking if you have Class::Singleton 1.03 ... Yes (1.4)
Checking if you have Storable 0 ... Yes (2.51)
Checking if you have Test::More 0.96 ... Yes (1.001003)
Checking if you have lib 0 ... Yes (0.63)
Checking if you have Module::Runtime 0 ... Yes (0.014)
Checking if you have parent 0 ... Yes (0.228)
Checking if you have File::Path 0 ... Yes (2.09)
Checking if you have vars 0 ... Yes (1.03)
Checking if you have File::Compare 0 ... Yes (1.1006)
Checking if you have ExtUtils::MakeMaker 0 ... Yes (6.98)
Checking if you have File::Spec 0 ... Yes (3.40)
Checking if you have overload 0 ... Yes (1.22)
Checking if you have List::AllUtils 0 ... Yes (0.09)
Checking if you have Params::Validate 0.72 ... Yes (1.13)
Checking if you have warnings 0 ... Yes (1.23)
Checking if you have constant 0 ... Yes (1.31)
Checking if you have Sys::Hostname 0 ... Yes (1.18)
Checking if you have List::Util 0 ... Yes (1.38)
Checking if you have Cwd 3 ... Yes (3.40)
Checking if you have base 0 ... Yes (2.18)
Checking if you have File::Spec::Functions 0 ... Yes (3.40)
Building and testing DateTime-TimeZone-1.86
cp lib/DateTime/TimeZone/Asia/Chita.pm blib/lib/DateTime/TimeZone/Asia/Chita.pm
cp lib/DateTime/TimeZone/America/Iqaluit.pm blib/lib/DateTime/TimeZone/America/Iqaluit.pm
cp lib/DateTime/TimeZone/Asia/Seoul.pm blib/lib/DateTime/TimeZone/Asia/Seoul.pm
cp lib/DateTime/TimeZone/America/Barbados.pm blib/lib/DateTime/TimeZone/America/Barbados.pm
cp lib/DateTime/TimeZone/Europe/Athens.pm blib/lib/DateTime/TimeZone/Europe/Athens.pm
cp lib/DateTime/TimeZone/America/Winnipeg.pm blib/lib/DateTime/TimeZone/America/Winnipeg.pm
cp lib/DateTime/TimeZone/Asia/Qatar.pm blib/lib/DateTime/TimeZone/Asia/Qatar.pm
cp lib/DateTime/TimeZone/Europe/Samara.pm blib/lib/DateTime/TimeZone/Europe/Samara.pm
cp lib/DateTime/TimeZone/Pacific/Bougainville.pm blib/lib/DateTime/TimeZone/Pacific/Bougainville.pm
cp lib/DateTime/TimeZone/America/Matamoros.pm blib/lib/DateTime/TimeZone/America/Matamoros.pm
cp lib/DateTime/TimeZone/Europe/Tirane.pm blib/lib/DateTime/TimeZone/Europe/Tirane.pm
cp lib/DateTime/TimeZone/Africa/Bissau.pm blib/lib/DateTime/TimeZone/Africa/Bissau.pm
cp lib/DateTime/TimeZone/Europe/Amsterdam.pm blib/lib/DateTime/TimeZone/Europe/Amsterdam.pm
cp lib/DateTime/TimeZone/Asia/Aqtobe.pm blib/lib/DateTime/TimeZone/Asia/Aqtobe.pm
cp lib/DateTime/TimeZone/Pacific/Rarotonga.pm blib/lib/DateTime/TimeZone/Pacific/Rarotonga.pm
cp lib/DateTime/TimeZone/Australia/Eucla.pm blib/lib/DateTime/TimeZone/Australia/Eucla.pm
cp lib/DateTime/TimeZone/America/Asuncion.pm blib/lib/DateTime/TimeZone/America/Asuncion.pm
cp lib/DateTime/TimeZone/Asia/Ashgabat.pm blib/lib/DateTime/TimeZone/Asia/Ashgabat.pm
cp lib/DateTime/TimeZone/EET.pm blib/lib/DateTime/TimeZone/EET.pm
cp lib/DateTime/TimeZone/Africa/Accra.pm blib/lib/DateTime/TimeZone/Africa/Accra.pm
cp lib/DateTime/TimeZone/Indian/Kerguelen.pm blib/lib/DateTime/TimeZone/Indian/Kerguelen.pm
cp lib/DateTime/TimeZone/Asia/Choibalsan.pm blib/lib/DateTime/TimeZone/Asia/Choibalsan.pm
cp lib/DateTime/TimeZone/Asia/Rangoon.pm blib/lib/DateTime/TimeZone/Asia/Rangoon.pm
cp lib/DateTime/TimeZone/America/Dawson.pm blib/lib/DateTime/TimeZone/America/Dawson.pm
cp lib/DateTime/TimeZone/America/Cancun.pm blib/lib/DateTime/TimeZone/America/Cancun.pm
cp lib/DateTime/TimeZone/OlsonDB/Rule.pm blib/lib/DateTime/TimeZone/OlsonDB/Rule.pm
cp lib/DateTime/TimeZone/Asia/Magadan.pm blib/lib/DateTime/TimeZone/Asia/Magadan.pm
cp lib/DateTime/TimeZone/Asia/Yakutsk.pm blib/lib/DateTime/TimeZone/Asia/Yakutsk.pm
cp lib/DateTime/TimeZone/America/Indiana/Indianapolis.pm blib/lib/DateTime/TimeZone/America/Indiana/Indianapolis.pm
cp lib/DateTime/TimeZone/America/Anchorage.pm blib/lib/DateTime/TimeZone/America/Anchorage.pm
cp lib/DateTime/TimeZone/Pacific/Guam.pm blib/lib/DateTime/TimeZone/Pacific/Guam.pm
cp lib/DateTime/TimeZone/America/Yakutat.pm blib/lib/DateTime/TimeZone/America/Yakutat.pm
cp lib/DateTime/TimeZone/Pacific/Wake.pm blib/lib/DateTime/TimeZone/Pacific/Wake.pm
cp lib/DateTime/TimeZone/Europe/Dublin.pm blib/lib/DateTime/TimeZone/Europe/Dublin.pm
cp lib/DateTime/TimeZone/Asia/Ust_Nera.pm blib/lib/DateTime/TimeZone/Asia/Ust_Nera.pm
cp lib/DateTime/TimeZone/America/Noronha.pm blib/lib/DateTime/TimeZone/America/Noronha.pm
cp lib/DateTime/TimeZone/Europe/Kiev.pm blib/lib/DateTime/TimeZone/Europe/Kiev.pm
cp lib/DateTime/TimeZone/Pacific/Auckland.pm blib/lib/DateTime/TimeZone/Pacific/Auckland.pm
cp lib/DateTime/TimeZone/Antarctica/Davis.pm blib/lib/DateTime/TimeZone/Antarctica/Davis.pm
cp lib/DateTime/TimeZone/America/Martinique.pm blib/lib/DateTime/TimeZone/America/Martinique.pm
cp lib/DateTime/TimeZone/America/Atikokan.pm blib/lib/DateTime/TimeZone/America/Atikokan.pm
cp lib/DateTime/TimeZone/HST.pm blib/lib/DateTime/TimeZone/HST.pm
cp lib/DateTime/TimeZone/Asia/Ho_Chi_Minh.pm blib/lib/DateTime/TimeZone/Asia/Ho_Chi_Minh.pm
cp lib/DateTime/TimeZone/Europe/Brussels.pm blib/lib/DateTime/TimeZone/Europe/Brussels.pm
cp lib/DateTime/TimeZone/Pacific/Fakaofo.pm blib/lib/DateTime/TimeZone/Pacific/Fakaofo.pm
cp lib/DateTime/TimeZone/America/Merida.pm blib/lib/DateTime/TimeZone/America/Merida.pm
cp lib/DateTime/TimeZone/Antarctica/Macquarie.pm blib/lib/DateTime/TimeZone/Antarctica/Macquarie.pm
cp lib/DateTime/TimeZone/Africa/Abidjan.pm blib/lib/DateTime/TimeZone/Africa/Abidjan.pm
cp lib/DateTime/TimeZone/America/Inuvik.pm blib/lib/DateTime/TimeZone/America/Inuvik.pm
cp lib/DateTime/TimeZone/America/Belize.pm blib/lib/DateTime/TimeZone/America/Belize.pm
cp lib/DateTime/TimeZone/Indian/Mahe.pm blib/lib/DateTime/TimeZone/Indian/Mahe.pm
cp lib/DateTime/TimeZone/Antarctica/Rothera.pm blib/lib/DateTime/TimeZone/Antarctica/Rothera.pm
cp lib/DateTime/TimeZone/Asia/Novokuznetsk.pm blib/lib/DateTime/TimeZone/Asia/Novokuznetsk.pm
cp lib/DateTime/TimeZone/America/Swift_Current.pm blib/lib/DateTime/TimeZone/America/Swift_Current.pm
cp lib/DateTime/TimeZone/Asia/Kamchatka.pm blib/lib/DateTime/TimeZone/Asia/Kamchatka.pm
cp lib/DateTime/TimeZone/Asia/Dushanbe.pm blib/lib/DateTime/TimeZone/Asia/Dushanbe.pm
cp lib/DateTime/TimeZone/Asia/Yerevan.pm blib/lib/DateTime/TimeZone/Asia/Yerevan.pm
cp lib/DateTime/TimeZone/Indian/Mauritius.pm blib/lib/DateTime/TimeZone/Indian/Mauritius.pm
cp lib/DateTime/TimeZone/America/Argentina/La_Rioja.pm blib/lib/DateTime/TimeZone/America/Argentina/La_Rioja.pm
cp lib/DateTime/TimeZone/America/Rio_Branco.pm blib/lib/DateTime/TimeZone/America/Rio_Branco.pm
cp lib/DateTime/TimeZone/Asia/Jerusalem.pm blib/lib/DateTime/TimeZone/Asia/Jerusalem.pm
cp lib/DateTime/TimeZone/Europe/Kaliningrad.pm blib/lib/DateTime/TimeZone/Europe/Kaliningrad.pm
cp lib/DateTime/TimeZone/America/Kentucky/Monticello.pm blib/lib/DateTime/TimeZone/America/Kentucky/Monticello.pm
cp lib/DateTime/TimeZone/Asia/Krasnoyarsk.pm blib/lib/DateTime/TimeZone/Asia/Krasnoyarsk.pm
cp lib/DateTime/TimeZone/Europe/Warsaw.pm blib/lib/DateTime/TimeZone/Europe/Warsaw.pm
cp lib/DateTime/TimeZone/Pacific/Wallis.pm blib/lib/DateTime/TimeZone/Pacific/Wallis.pm
cp lib/DateTime/TimeZone/Asia/Thimphu.pm blib/lib/DateTime/TimeZone/Asia/Thimphu.pm
cp lib/DateTime/TimeZone/America/Sitka.pm blib/lib/DateTime/TimeZone/America/Sitka.pm
cp lib/DateTime/TimeZone/America/Caracas.pm blib/lib/DateTime/TimeZone/America/Caracas.pm
cp lib/DateTime/TimeZone/America/Santa_Isabel.pm blib/lib/DateTime/TimeZone/America/Santa_Isabel.pm
cp lib/DateTime/TimeZone/Europe/Tallinn.pm blib/lib/DateTime/TimeZone/Europe/Tallinn.pm
cp lib/DateTime/TimeZone/America/Lima.pm blib/lib/DateTime/TimeZone/America/Lima.pm
cp lib/DateTime/TimeZone/Europe/Rome.pm blib/lib/DateTime/TimeZone/Europe/Rome.pm
cp lib/DateTime/TimeZone/Antarctica/Syowa.pm blib/lib/DateTime/TimeZone/Antarctica/Syowa.pm
cp lib/DateTime/TimeZone/Europe/Andorra.pm blib/lib/DateTime/TimeZone/Europe/Andorra.pm
cp lib/DateTime/TimeZone/Asia/Jayapura.pm blib/lib/DateTime/TimeZone/Asia/Jayapura.pm
cp lib/DateTime/TimeZone/Pacific/Galapagos.pm blib/lib/DateTime/TimeZone/Pacific/Galapagos.pm
cp lib/DateTime/TimeZone/Asia/Hong_Kong.pm blib/lib/DateTime/TimeZone/Asia/Hong_Kong.pm
cp lib/DateTime/TimeZone/Pacific/Efate.pm blib/lib/DateTime/TimeZone/Pacific/Efate.pm
cp lib/DateTime/TimeZone/America/Jamaica.pm blib/lib/DateTime/TimeZone/America/Jamaica.pm
cp lib/DateTime/TimeZone/America/North_Dakota/Center.pm blib/lib/DateTime/TimeZone/America/North_Dakota/Center.pm
cp lib/DateTime/TimeZone/Europe/Riga.pm blib/lib/DateTime/TimeZone/Europe/Riga.pm
cp lib/DateTime/TimeZone/America/Kentucky/Louisville.pm blib/lib/DateTime/TimeZone/America/Kentucky/Louisville.pm
cp lib/DateTime/TimeZone/America/Monterrey.pm blib/lib/DateTime/TimeZone/America/Monterrey.pm
cp lib/DateTime/TimeZone/Australia/Perth.pm blib/lib/DateTime/TimeZone/Australia/Perth.pm
cp lib/DateTime/TimeZone/Asia/Beirut.pm blib/lib/DateTime/TimeZone/Asia/Beirut.pm
cp lib/DateTime/TimeZone/Asia/Hovd.pm blib/lib/DateTime/TimeZone/Asia/Hovd.pm
cp lib/DateTime/TimeZone/America/Dawson_Creek.pm blib/lib/DateTime/TimeZone/America/Dawson_Creek.pm
cp lib/DateTime/TimeZone/Europe/Luxembourg.pm blib/lib/DateTime/TimeZone/Europe/Luxembourg.pm
cp lib/DateTime/TimeZone/Africa/Ceuta.pm blib/lib/DateTime/TimeZone/Africa/Ceuta.pm
cp lib/DateTime/TimeZone/America/Pangnirtung.pm blib/lib/DateTime/TimeZone/America/Pangnirtung.pm
cp lib/DateTime/TimeZone/America/Panama.pm blib/lib/DateTime/TimeZone/America/Panama.pm
cp lib/DateTime/TimeZone/Africa/El_Aaiun.pm blib/lib/DateTime/TimeZone/Africa/El_Aaiun.pm
cp lib/DateTime/TimeZone/America/Whitehorse.pm blib/lib/DateTime/TimeZone/America/Whitehorse.pm
cp lib/DateTime/TimeZone/Australia/Lord_Howe.pm blib/lib/DateTime/TimeZone/Australia/Lord_Howe.pm
cp lib/DateTime/TimeZone/America/Thule.pm blib/lib/DateTime/TimeZone/America/Thule.pm
cp lib/DateTime/TimeZone/Asia/Tbilisi.pm blib/lib/DateTime/TimeZone/Asia/Tbilisi.pm
cp lib/DateTime/TimeZone/Pacific/Chuuk.pm blib/lib/DateTime/TimeZone/Pacific/Chuuk.pm
cp lib/DateTime/TimeZone/Local/VMS.pm blib/lib/DateTime/TimeZone/Local/VMS.pm
cp lib/DateTime/TimeZone/Asia/Nicosia.pm blib/lib/DateTime/TimeZone/Asia/Nicosia.pm
cp lib/DateTime/TimeZone/Africa/Windhoek.pm blib/lib/DateTime/TimeZone/Africa/Windhoek.pm
cp lib/DateTime/TimeZone/America/Godthab.pm blib/lib/DateTime/TimeZone/America/Godthab.pm
cp lib/DateTime/TimeZone/OffsetOnly.pm blib/lib/DateTime/TimeZone/OffsetOnly.pm
cp lib/DateTime/TimeZone/Asia/Shanghai.pm blib/lib/DateTime/TimeZone/Asia/Shanghai.pm
cp lib/DateTime/TimeZone/America/Boa_Vista.pm blib/lib/DateTime/TimeZone/America/Boa_Vista.pm
cp lib/DateTime/TimeZone/Pacific/Chatham.pm blib/lib/DateTime/TimeZone/Pacific/Chatham.pm
cp lib/DateTime/TimeZone/America/Fortaleza.pm blib/lib/DateTime/TimeZone/America/Fortaleza.pm
cp lib/DateTime/TimeZone/America/Creston.pm blib/lib/DateTime/TimeZone/America/Creston.pm
cp lib/DateTime/TimeZone/Atlantic/Faroe.pm blib/lib/DateTime/TimeZone/Atlantic/Faroe.pm
cp lib/DateTime/TimeZone/America/Regina.pm blib/lib/DateTime/TimeZone/America/Regina.pm
cp lib/DateTime/TimeZone/Asia/Pyongyang.pm blib/lib/DateTime/TimeZone/Asia/Pyongyang.pm
cp lib/DateTime/TimeZone/Asia/Ulaanbaatar.pm blib/lib/DateTime/TimeZone/Asia/Ulaanbaatar.pm
cp lib/DateTime/TimeZone/Pacific/Port_Moresby.pm blib/lib/DateTime/TimeZone/Pacific/Port_Moresby.pm
cp lib/DateTime/TimeZone/Australia/Melbourne.pm blib/lib/DateTime/TimeZone/Australia/Melbourne.pm
cp lib/DateTime/TimeZone/America/Santarem.pm blib/lib/DateTime/TimeZone/America/Santarem.pm
cp lib/DateTime/TimeZone/Asia/Damascus.pm blib/lib/DateTime/TimeZone/Asia/Damascus.pm
cp lib/DateTime/TimeZone/OlsonDB/Change.pm blib/lib/DateTime/TimeZone/OlsonDB/Change.pm
cp lib/DateTime/TimeZone/Pacific/Marquesas.pm blib/lib/DateTime/TimeZone/Pacific/Marquesas.pm
cp lib/DateTime/TimeZone/America/Detroit.pm blib/lib/DateTime/TimeZone/America/Detroit.pm
cp lib/DateTime/TimeZone/Asia/Singapore.pm blib/lib/DateTime/TimeZone/Asia/Singapore.pm
cp lib/DateTime/TimeZone/CST6CDT.pm blib/lib/DateTime/TimeZone/CST6CDT.pm
cp lib/DateTime/TimeZone/Australia/Currie.pm blib/lib/DateTime/TimeZone/Australia/Currie.pm
cp lib/DateTime/TimeZone/Local/Unix.pm blib/lib/DateTime/TimeZone/Local/Unix.pm
cp lib/DateTime/TimeZone/Asia/Kuala_Lumpur.pm blib/lib/DateTime/TimeZone/Asia/Kuala_Lumpur.pm
cp lib/DateTime/TimeZone/Asia/Aqtau.pm blib/lib/DateTime/TimeZone/Asia/Aqtau.pm
cp lib/DateTime/TimeZone/America/Tijuana.pm blib/lib/DateTime/TimeZone/America/Tijuana.pm
cp lib/DateTime/TimeZone/Pacific/Tahiti.pm blib/lib/DateTime/TimeZone/Pacific/Tahiti.pm
cp lib/DateTime/TimeZone/Europe/Helsinki.pm blib/lib/DateTime/TimeZone/Europe/Helsinki.pm
cp lib/DateTime/TimeZone/America/New_York.pm blib/lib/DateTime/TimeZone/America/New_York.pm
cp lib/DateTime/TimeZone/Asia/Riyadh.pm blib/lib/DateTime/TimeZone/Asia/Riyadh.pm
cp lib/DateTime/TimeZone/America/Denver.pm blib/lib/DateTime/TimeZone/America/Denver.pm
cp lib/DateTime/TimeZone/America/Rainy_River.pm blib/lib/DateTime/TimeZone/America/Rainy_River.pm
cp lib/DateTime/TimeZone/America/Resolute.pm blib/lib/DateTime/TimeZone/America/Resolute.pm
cp lib/DateTime/TimeZone/America/Argentina/Catamarca.pm blib/lib/DateTime/TimeZone/America/Argentina/Catamarca.pm
cp lib/DateTime/TimeZone/EST.pm blib/lib/DateTime/TimeZone/EST.pm
cp lib/DateTime/TimeZone/Atlantic/Canary.pm blib/lib/DateTime/TimeZone/Atlantic/Canary.pm
cp lib/DateTime/TimeZone/Africa/Khartoum.pm blib/lib/DateTime/TimeZone/Africa/Khartoum.pm
cp lib/DateTime/TimeZone/Europe/Monaco.pm blib/lib/DateTime/TimeZone/Europe/Monaco.pm
cp lib/DateTime/TimeZone/Asia/Dili.pm blib/lib/DateTime/TimeZone/Asia/Dili.pm
cp lib/DateTime/TimeZone/Europe/Gibraltar.pm blib/lib/DateTime/TimeZone/Europe/Gibraltar.pm
cp lib/DateTime/TimeZone/America/Sao_Paulo.pm blib/lib/DateTime/TimeZone/America/Sao_Paulo.pm
cp lib/DateTime/TimeZone/Australia/Sydney.pm blib/lib/DateTime/TimeZone/Australia/Sydney.pm
cp lib/DateTime/TimeZone/Asia/Irkutsk.pm blib/lib/DateTime/TimeZone/Asia/Irkutsk.pm
cp lib/DateTime/TimeZone/America/Argentina/Salta.pm blib/lib/DateTime/TimeZone/America/Argentina/Salta.pm
cp lib/DateTime/TimeZone/Asia/Gaza.pm blib/lib/DateTime/TimeZone/Asia/Gaza.pm
cp lib/DateTime/TimeZone/America/St_Johns.pm blib/lib/DateTime/TimeZone/America/St_Johns.pm
cp lib/DateTime/TimeZone/Pacific/Guadalcanal.pm blib/lib/DateTime/TimeZone/Pacific/Guadalcanal.pm
cp lib/DateTime/TimeZone/Asia/Karachi.pm blib/lib/DateTime/TimeZone/Asia/Karachi.pm
cp lib/DateTime/TimeZone/America/Toronto.pm blib/lib/DateTime/TimeZone/America/Toronto.pm
cp lib/DateTime/TimeZone/America/Menominee.pm blib/lib/DateTime/TimeZone/America/Menominee.pm
cp lib/DateTime/TimeZone/America/Argentina/Ushuaia.pm blib/lib/DateTime/TimeZone/America/Argentina/Ushuaia.pm
cp lib/DateTime/TimeZone/America/Cuiaba.pm blib/lib/DateTime/TimeZone/America/Cuiaba.pm
cp lib/DateTime/TimeZone/America/Paramaribo.pm blib/lib/DateTime/TimeZone/America/Paramaribo.pm
cp lib/DateTime/TimeZone/Pacific/Fiji.pm blib/lib/DateTime/TimeZone/Pacific/Fiji.pm
cp lib/DateTime/TimeZone/Pacific/Apia.pm blib/lib/DateTime/TimeZone/Pacific/Apia.pm
cp lib/DateTime/TimeZone/Pacific/Kwajalein.pm blib/lib/DateTime/TimeZone/Pacific/Kwajalein.pm
cp lib/DateTime/TimeZone/Asia/Srednekolymsk.pm blib/lib/DateTime/TimeZone/Asia/Srednekolymsk.pm
cp lib/DateTime/TimeZone/Pacific/Nauru.pm blib/lib/DateTime/TimeZone/Pacific/Nauru.pm
cp lib/DateTime/TimeZone/Australia/Broken_Hill.pm blib/lib/DateTime/TimeZone/Australia/Broken_Hill.pm
cp lib/DateTime/TimeZone/Africa/Tunis.pm blib/lib/DateTime/TimeZone/Africa/Tunis.pm
cp lib/DateTime/TimeZone/Asia/Samarkand.pm blib/lib/DateTime/TimeZone/Asia/Samarkand.pm
cp lib/DateTime/TimeZone/America/Manaus.pm blib/lib/DateTime/TimeZone/America/Manaus.pm
cp lib/DateTime/TimeZone/America/Grand_Turk.pm blib/lib/DateTime/TimeZone/America/Grand_Turk.pm
cp lib/DateTime/TimeZone/Asia/Taipei.pm blib/lib/DateTime/TimeZone/Asia/Taipei.pm
cp lib/DateTime/TimeZone/America/Phoenix.pm blib/lib/DateTime/TimeZone/America/Phoenix.pm
cp lib/DateTime/TimeZone/Asia/Kabul.pm blib/lib/DateTime/TimeZone/Asia/Kabul.pm
cp lib/DateTime/TimeZone/America/Moncton.pm blib/lib/DateTime/TimeZone/America/Moncton.pm
cp lib/DateTime/TimeZone/Asia/Urumqi.pm blib/lib/DateTime/TimeZone/Asia/Urumqi.pm
cp lib/DateTime/TimeZone/America/Bogota.pm blib/lib/DateTime/TimeZone/America/Bogota.pm
cp lib/DateTime/TimeZone/Africa/Algiers.pm blib/lib/DateTime/TimeZone/Africa/Algiers.pm
cp lib/DateTime/TimeZone/Indian/Christmas.pm blib/lib/DateTime/TimeZone/Indian/Christmas.pm
cp lib/DateTime/TimeZone/Indian/Chagos.pm blib/lib/DateTime/TimeZone/Indian/Chagos.pm
cp lib/DateTime/TimeZone/America/Cayenne.pm blib/lib/DateTime/TimeZone/America/Cayenne.pm
cp lib/DateTime/TimeZone/WET.pm blib/lib/DateTime/TimeZone/WET.pm
cp lib/DateTime/TimeZone/Atlantic/Madeira.pm blib/lib/DateTime/TimeZone/Atlantic/Madeira.pm
cp lib/DateTime/TimeZone/Europe/Bucharest.pm blib/lib/DateTime/TimeZone/Europe/Bucharest.pm
cp lib/DateTime/TimeZone/Asia/Tokyo.pm blib/lib/DateTime/TimeZone/Asia/Tokyo.pm
cp lib/DateTime/TimeZone/Pacific/Noumea.pm blib/lib/DateTime/TimeZone/Pacific/Noumea.pm
cp lib/DateTime/TimeZone/Indian/Reunion.pm blib/lib/DateTime/TimeZone/Indian/Reunion.pm
cp lib/DateTime/TimeZone/America/Indiana/Marengo.pm blib/lib/DateTime/TimeZone/America/Indiana/Marengo.pm
cp lib/DateTime/TimeZone/America/Danmarkshavn.pm blib/lib/DateTime/TimeZone/America/Danmarkshavn.pm
cp lib/DateTime/TimeZone/Asia/Dhaka.pm blib/lib/DateTime/TimeZone/Asia/Dhaka.pm
cp lib/DateTime/TimeZone/MST.pm blib/lib/DateTime/TimeZone/MST.pm
cp lib/DateTime/TimeZone/Atlantic/Cape_Verde.pm blib/lib/DateTime/TimeZone/Atlantic/Cape_Verde.pm
cp lib/DateTime/TimeZone/America/Indiana/Knox.pm blib/lib/DateTime/TimeZone/America/Indiana/Knox.pm
cp lib/DateTime/TimeZone/America/Argentina/Jujuy.pm blib/lib/DateTime/TimeZone/America/Argentina/Jujuy.pm
cp lib/DateTime/TimeZone/America/Hermosillo.pm blib/lib/DateTime/TimeZone/America/Hermosillo.pm
cp lib/DateTime/TimeZone/Asia/Tehran.pm blib/lib/DateTime/TimeZone/Asia/Tehran.pm
cp lib/DateTime/TimeZone/EST5EDT.pm blib/lib/DateTime/TimeZone/EST5EDT.pm
cp lib/DateTime/TimeZone/Pacific/Tarawa.pm blib/lib/DateTime/TimeZone/Pacific/Tarawa.pm
cp lib/DateTime/TimeZone/America/Maceio.pm blib/lib/DateTime/TimeZone/America/Maceio.pm
cp lib/DateTime/TimeZone/Europe/Belgrade.pm blib/lib/DateTime/TimeZone/Europe/Belgrade.pm
cp lib/DateTime/TimeZone/America/Nassau.pm blib/lib/DateTime/TimeZone/America/Nassau.pm
cp lib/DateTime/TimeZone/America/Montevideo.pm blib/lib/DateTime/TimeZone/America/Montevideo.pm
cp lib/DateTime/TimeZone/America/Managua.pm blib/lib/DateTime/TimeZone/America/Managua.pm
cp lib/DateTime/TimeZone/Antarctica/Vostok.pm blib/lib/DateTime/TimeZone/Antarctica/Vostok.pm
cp lib/DateTime/TimeZone/Africa/Lagos.pm blib/lib/DateTime/TimeZone/Africa/Lagos.pm
cp lib/DateTime/TimeZone/OlsonDB.pm blib/lib/DateTime/TimeZone/OlsonDB.pm
cp lib/DateTime/TimeZone/Europe/Minsk.pm blib/lib/DateTime/TimeZone/Europe/Minsk.pm
cp lib/DateTime/TimeZone/America/Argentina/San_Juan.pm blib/lib/DateTime/TimeZone/America/Argentina/San_Juan.pm
cp lib/DateTime/TimeZone/Asia/Baghdad.pm blib/lib/DateTime/TimeZone/Asia/Baghdad.pm
cp lib/DateTime/TimeZone/CET.pm blib/lib/DateTime/TimeZone/CET.pm
cp lib/DateTime/TimeZone/America/Blanc_Sablon.pm blib/lib/DateTime/TimeZone/America/Blanc_Sablon.pm
cp lib/DateTime/TimeZone/America/Adak.pm blib/lib/DateTime/TimeZone/America/Adak.pm
cp lib/DateTime/TimeZone/America/Porto_Velho.pm blib/lib/DateTime/TimeZone/America/Porto_Velho.pm
cp lib/DateTime/TimeZone/America/Bahia_Banderas.pm blib/lib/DateTime/TimeZone/America/Bahia_Banderas.pm
cp lib/DateTime/TimeZone/America/Montreal.pm blib/lib/DateTime/TimeZone/America/Montreal.pm
cp lib/DateTime/TimeZone/Asia/Tashkent.pm blib/lib/DateTime/TimeZone/Asia/Tashkent.pm
cp lib/DateTime/TimeZone/America/Guayaquil.pm blib/lib/DateTime/TimeZone/America/Guayaquil.pm
cp lib/DateTime/TimeZone/Africa/Cairo.pm blib/lib/DateTime/TimeZone/Africa/Cairo.pm
cp lib/DateTime/TimeZone/OlsonDB/Observance.pm blib/lib/DateTime/TimeZone/OlsonDB/Observance.pm
cp lib/DateTime/TimeZone/America/North_Dakota/Beulah.pm blib/lib/DateTime/TimeZone/America/North_Dakota/Beulah.pm
cp lib/DateTime/TimeZone/Australia/Lindeman.pm blib/lib/DateTime/TimeZone/Australia/Lindeman.pm
cp lib/DateTime/TimeZone/Antarctica/Troll.pm blib/lib/DateTime/TimeZone/Antarctica/Troll.pm
cp lib/DateTime/TimeZone/Pacific/Kiritimati.pm blib/lib/DateTime/TimeZone/Pacific/Kiritimati.pm
cp lib/DateTime/TimeZone/Europe/Zaporozhye.pm blib/lib/DateTime/TimeZone/Europe/Zaporozhye.pm
cp lib/DateTime/TimeZone/America/Mexico_City.pm blib/lib/DateTime/TimeZone/America/Mexico_City.pm
cp lib/DateTime/TimeZone/Europe/Malta.pm blib/lib/DateTime/TimeZone/Europe/Malta.pm
cp lib/DateTime/TimeZone/Indian/Cocos.pm blib/lib/DateTime/TimeZone/Indian/Cocos.pm
cp lib/DateTime/TimeZone/Pacific/Enderbury.pm blib/lib/DateTime/TimeZone/Pacific/Enderbury.pm
cp lib/DateTime/TimeZone/America/Costa_Rica.pm blib/lib/DateTime/TimeZone/America/Costa_Rica.pm
cp lib/DateTime/TimeZone/Asia/Khandyga.pm blib/lib/DateTime/TimeZone/Asia/Khandyga.pm
cp lib/DateTime/TimeZone/America/Rankin_Inlet.pm blib/lib/DateTime/TimeZone/America/Rankin_Inlet.pm
cp lib/DateTime/TimeZone/America/Indiana/Tell_City.pm blib/lib/DateTime/TimeZone/America/Indiana/Tell_City.pm
cp lib/DateTime/TimeZone/America/Nome.pm blib/lib/DateTime/TimeZone/America/Nome.pm
cp lib/DateTime/TimeZone/Africa/Casablanca.pm blib/lib/DateTime/TimeZone/Africa/Casablanca.pm
cp lib/DateTime/TimeZone/Pacific/Majuro.pm blib/lib/DateTime/TimeZone/Pacific/Majuro.pm
cp lib/DateTime/TimeZone/Pacific/Tongatapu.pm blib/lib/DateTime/TimeZone/Pacific/Tongatapu.pm
cp lib/DateTime/TimeZone/Asia/Pontianak.pm blib/lib/DateTime/TimeZone/Asia/Pontianak.pm
cp lib/DateTime/TimeZone/Atlantic/South_Georgia.pm blib/lib/DateTime/TimeZone/Atlantic/South_Georgia.pm
cp lib/DateTime/TimeZone/Asia/Macau.pm blib/lib/DateTime/TimeZone/Asia/Macau.pm
cp lib/DateTime/TimeZone/America/Araguaina.pm blib/lib/DateTime/TimeZone/America/Araguaina.pm
cp lib/DateTime/TimeZone/Pacific/Pohnpei.pm blib/lib/DateTime/TimeZone/Pacific/Pohnpei.pm
cp lib/DateTime/TimeZone/America/Bahia.pm blib/lib/DateTime/TimeZone/America/Bahia.pm
cp lib/DateTime/TimeZone/Pacific/Pago_Pago.pm blib/lib/DateTime/TimeZone/Pacific/Pago_Pago.pm
cp lib/DateTime/TimeZone/Europe/Moscow.pm blib/lib/DateTime/TimeZone/Europe/Moscow.pm
cp lib/DateTime/TimeZone/Asia/Bangkok.pm blib/lib/DateTime/TimeZone/Asia/Bangkok.pm
cp lib/DateTime/TimeZone/Atlantic/Azores.pm blib/lib/DateTime/TimeZone/Atlantic/Azores.pm
cp lib/DateTime/TimeZone/America/Indiana/Vevay.pm blib/lib/DateTime/TimeZone/America/Indiana/Vevay.pm
cp lib/DateTime/TimeZone/UTC.pm blib/lib/DateTime/TimeZone/UTC.pm
cp lib/DateTime/TimeZone/Africa/Johannesburg.pm blib/lib/DateTime/TimeZone/Africa/Johannesburg.pm
cp lib/DateTime/TimeZone/Indian/Maldives.pm blib/lib/DateTime/TimeZone/Indian/Maldives.pm
cp lib/DateTime/TimeZone/Asia/Oral.pm blib/lib/DateTime/TimeZone/Asia/Oral.pm
cp lib/DateTime/TimeZone/America/Port_au_Prince.pm blib/lib/DateTime/TimeZone/America/Port_au_Prince.pm
cp lib/DateTime/TimeZone/Europe/Berlin.pm blib/lib/DateTime/TimeZone/Europe/Berlin.pm
cp lib/DateTime/TimeZone/Pacific/Honolulu.pm blib/lib/DateTime/TimeZone/Pacific/Honolulu.pm
cp lib/DateTime/TimeZone/America/Los_Angeles.pm blib/lib/DateTime/TimeZone/America/Los_Angeles.pm
cp lib/DateTime/TimeZone/America/Argentina/Tucuman.pm blib/lib/DateTime/TimeZone/America/Argentina/Tucuman.pm
cp lib/DateTime/TimeZone/Asia/Novosibirsk.pm blib/lib/DateTime/TimeZone/Asia/Novosibirsk.pm
cp lib/DateTime/TimeZone/Europe/Prague.pm blib/lib/DateTime/TimeZone/Europe/Prague.pm
cp lib/DateTime/TimeZone/America/Indiana/Winamac.pm blib/lib/DateTime/TimeZone/America/Indiana/Winamac.pm
cp lib/DateTime/TimeZone/Asia/Omsk.pm blib/lib/DateTime/TimeZone/Asia/Omsk.pm
cp lib/DateTime/TimeZone/Asia/Hebron.pm blib/lib/DateTime/TimeZone/Asia/Hebron.pm
cp lib/DateTime/TimeZone/Africa/Monrovia.pm blib/lib/DateTime/TimeZone/Africa/Monrovia.pm
cp lib/DateTime/TimeZone/America/Guatemala.pm blib/lib/DateTime/TimeZone/America/Guatemala.pm
cp lib/DateTime/TimeZone/America/Cambridge_Bay.pm blib/lib/DateTime/TimeZone/America/Cambridge_Bay.pm
cp lib/DateTime/TimeZone/America/Puerto_Rico.pm blib/lib/DateTime/TimeZone/America/Puerto_Rico.pm
cp lib/DateTime/TimeZone/Europe/Oslo.pm blib/lib/DateTime/TimeZone/Europe/Oslo.pm
cp lib/DateTime/TimeZone/America/Belem.pm blib/lib/DateTime/TimeZone/America/Belem.pm
cp lib/DateTime/TimeZone/Asia/Kolkata.pm blib/lib/DateTime/TimeZone/Asia/Kolkata.pm
cp lib/DateTime/TimeZone/Antarctica/Casey.pm blib/lib/DateTime/TimeZone/Antarctica/Casey.pm
cp lib/DateTime/TimeZone/Asia/Sakhalin.pm blib/lib/DateTime/TimeZone/Asia/Sakhalin.pm
cp lib/DateTime/TimeZone/Europe/Budapest.pm blib/lib/DateTime/TimeZone/Europe/Budapest.pm
cp lib/DateTime/TimeZone/Europe/Zurich.pm blib/lib/DateTime/TimeZone/Europe/Zurich.pm
cp lib/DateTime/TimeZone/America/Santiago.pm blib/lib/DateTime/TimeZone/America/Santiago.pm
cp lib/DateTime/TimeZone/Antarctica/Palmer.pm blib/lib/DateTime/TimeZone/Antarctica/Palmer.pm
cp lib/DateTime/TimeZone/America/Scoresbysund.pm blib/lib/DateTime/TimeZone/America/Scoresbysund.pm
cp lib/DateTime/TimeZone/Pacific/Kosrae.pm blib/lib/DateTime/TimeZone/Pacific/Kosrae.pm
cp lib/DateTime/TimeZone/Asia/Jakarta.pm blib/lib/DateTime/TimeZone/Asia/Jakarta.pm
cp lib/DateTime/TimeZone/America/Miquelon.pm blib/lib/DateTime/TimeZone/America/Miquelon.pm
cp lib/DateTime/TimeZone/Asia/Colombo.pm blib/lib/DateTime/TimeZone/Asia/Colombo.pm
cp lib/DateTime/TimeZone/Asia/Vladivostok.pm blib/lib/DateTime/TimeZone/Asia/Vladivostok.pm
cp lib/DateTime/TimeZone/America/Boise.pm blib/lib/DateTime/TimeZone/America/Boise.pm
cp lib/DateTime/TimeZone/America/Thunder_Bay.pm blib/lib/DateTime/TimeZone/America/Thunder_Bay.pm
cp lib/DateTime/TimeZone/Europe/Chisinau.pm blib/lib/DateTime/TimeZone/Europe/Chisinau.pm
cp lib/DateTime/TimeZone/Africa/Maputo.pm blib/lib/DateTime/TimeZone/Africa/Maputo.pm
cp lib/DateTime/TimeZone/Pacific/Norfolk.pm blib/lib/DateTime/TimeZone/Pacific/Norfolk.pm
cp lib/DateTime/TimeZone/Africa/Nairobi.pm blib/lib/DateTime/TimeZone/Africa/Nairobi.pm
cp lib/DateTime/TimeZone/Asia/Dubai.pm blib/lib/DateTime/TimeZone/Asia/Dubai.pm
cp lib/DateTime/TimeZone/America/Metlakatla.pm blib/lib/DateTime/TimeZone/America/Metlakatla.pm
cp lib/DateTime/TimeZone/America/Goose_Bay.pm blib/lib/DateTime/TimeZone/America/Goose_Bay.pm
cp lib/DateTime/TimeZone/America/Port_of_Spain.pm blib/lib/DateTime/TimeZone/America/Port_of_Spain.pm
cp lib/DateTime/TimeZone/America/Campo_Grande.pm blib/lib/DateTime/TimeZone/America/Campo_Grande.pm
cp lib/DateTime/TimeZone/America/Argentina/Cordoba.pm blib/lib/DateTime/TimeZone/America/Argentina/Cordoba.pm
cp lib/DateTime/TimeZone/Asia/Manila.pm blib/lib/DateTime/TimeZone/Asia/Manila.pm
cp lib/DateTime/TimeZone/Asia/Brunei.pm blib/lib/DateTime/TimeZone/Asia/Brunei.pm
cp lib/DateTime/TimeZone/America/Indiana/Vincennes.pm blib/lib/DateTime/TimeZone/America/Indiana/Vincennes.pm
cp lib/DateTime/TimeZone/MET.pm blib/lib/DateTime/TimeZone/MET.pm
cp lib/DateTime/TimeZone/America/Juneau.pm blib/lib/DateTime/TimeZone/America/Juneau.pm
cp lib/DateTime/TimeZone/Asia/Amman.pm blib/lib/DateTime/TimeZone/Asia/Amman.pm
cp lib/DateTime/TimeZone/Asia/Kathmandu.pm blib/lib/DateTime/TimeZone/Asia/Kathmandu.pm
cp lib/DateTime/TimeZone/Local.pm blib/lib/DateTime/TimeZone/Local.pm
cp lib/DateTime/TimeZone/America/North_Dakota/New_Salem.pm blib/lib/DateTime/TimeZone/America/North_Dakota/New_Salem.pm
cp lib/DateTime/TimeZone/America/Yellowknife.pm blib/lib/DateTime/TimeZone/America/Yellowknife.pm
cp lib/DateTime/TimeZone/Asia/Almaty.pm blib/lib/DateTime/TimeZone/Asia/Almaty.pm
cp lib/DateTime/TimeZone/Atlantic/Bermuda.pm blib/lib/DateTime/TimeZone/Atlantic/Bermuda.pm
cp lib/DateTime/TimeZone/Pacific/Pitcairn.pm blib/lib/DateTime/TimeZone/Pacific/Pitcairn.pm
cp lib/DateTime/TimeZone/Europe/Stockholm.pm blib/lib/DateTime/TimeZone/Europe/Stockholm.pm
cp lib/DateTime/TimeZone/Atlantic/Reykjavik.pm blib/lib/DateTime/TimeZone/Atlantic/Reykjavik.pm
cp lib/DateTime/TimeZone/America/Mazatlan.pm blib/lib/DateTime/TimeZone/America/Mazatlan.pm
cp lib/DateTime/TimeZone/Europe/Paris.pm blib/lib/DateTime/TimeZone/Europe/Paris.pm
cp lib/DateTime/TimeZone/America/Tegucigalpa.pm blib/lib/DateTime/TimeZone/America/Tegucigalpa.pm
cp lib/DateTime/TimeZone/Pacific/Gambier.pm blib/lib/DateTime/TimeZone/Pacific/Gambier.pm
cp lib/DateTime/TimeZone/America/Nipigon.pm blib/lib/DateTime/TimeZone/America/Nipigon.pm
cp lib/DateTime/TimeZone/America/Glace_Bay.pm blib/lib/DateTime/TimeZone/America/Glace_Bay.pm
cp lib/DateTime/TimeZone/America/Halifax.pm blib/lib/DateTime/TimeZone/America/Halifax.pm
cp lib/DateTime/TimeZone/Australia/Darwin.pm blib/lib/DateTime/TimeZone/Australia/Darwin.pm
cp lib/DateTime/TimeZone/America/Recife.pm blib/lib/DateTime/TimeZone/America/Recife.pm
cp lib/DateTime/TimeZone/America/Edmonton.pm blib/lib/DateTime/TimeZone/America/Edmonton.pm
cp lib/DateTime/TimeZone/America/Havana.pm blib/lib/DateTime/TimeZone/America/Havana.pm
cp lib/DateTime/TimeZone/Asia/Qyzylorda.pm blib/lib/DateTime/TimeZone/Asia/Qyzylorda.pm
cp lib/DateTime/TimeZone/Europe/Lisbon.pm blib/lib/DateTime/TimeZone/Europe/Lisbon.pm
cp lib/DateTime/TimeZone/America/Curacao.pm blib/lib/DateTime/TimeZone/America/Curacao.pm
cp lib/DateTime/TimeZone/Africa/Tripoli.pm blib/lib/DateTime/TimeZone/Africa/Tripoli.pm
cp lib/DateTime/TimeZone/America/Chicago.pm blib/lib/DateTime/TimeZone/America/Chicago.pm
cp lib/DateTime/TimeZone/America/El_Salvador.pm blib/lib/DateTime/TimeZone/America/El_Salvador.pm
cp lib/DateTime/TimeZone/Pacific/Easter.pm blib/lib/DateTime/TimeZone/Pacific/Easter.pm
cp lib/DateTime/TimeZone/Australia/Hobart.pm blib/lib/DateTime/TimeZone/Australia/Hobart.pm
cp lib/DateTime/TimeZone/Catalog.pm blib/lib/DateTime/TimeZone/Catalog.pm
cp lib/DateTime/TimeZone/Europe/Sofia.pm blib/lib/DateTime/TimeZone/Europe/Sofia.pm
cp lib/DateTime/TimeZone/Europe/Vienna.pm blib/lib/DateTime/TimeZone/Europe/Vienna.pm
cp lib/DateTime/TimeZone/Europe/Uzhgorod.pm blib/lib/DateTime/TimeZone/Europe/Uzhgorod.pm
cp lib/DateTime/TimeZone/Pacific/Funafuti.pm blib/lib/DateTime/TimeZone/Pacific/Funafuti.pm
cp lib/DateTime/TimeZone/Antarctica/DumontDUrville.pm blib/lib/DateTime/TimeZone/Antarctica/DumontDUrville.pm
cp lib/DateTime/TimeZone/Antarctica/Mawson.pm blib/lib/DateTime/TimeZone/Antarctica/Mawson.pm
cp lib/DateTime/TimeZone/Europe/Simferopol.pm blib/lib/DateTime/TimeZone/Europe/Simferopol.pm
cp lib/DateTime/TimeZone/Asia/Baku.pm blib/lib/DateTime/TimeZone/Asia/Baku.pm
cp lib/DateTime/TimeZone/America/Argentina/Mendoza.pm blib/lib/DateTime/TimeZone/America/Argentina/Mendoza.pm
cp lib/DateTime/TimeZone/Europe/Istanbul.pm blib/lib/DateTime/TimeZone/Europe/Istanbul.pm
cp lib/DateTime/TimeZone/America/La_Paz.pm blib/lib/DateTime/TimeZone/America/La_Paz.pm
cp lib/DateTime/TimeZone/America/Argentina/San_Luis.pm blib/lib/DateTime/TimeZone/America/Argentina/San_Luis.pm
cp lib/DateTime/TimeZone/Pacific/Palau.pm blib/lib/DateTime/TimeZone/Pacific/Palau.pm
cp lib/DateTime/TimeZone/Pacific/Niue.pm blib/lib/DateTime/TimeZone/Pacific/Niue.pm
cp lib/DateTime/TimeZone/Local/Android.pm blib/lib/DateTime/TimeZone/Local/Android.pm
cp lib/DateTime/TimeZone/America/Indiana/Petersburg.pm blib/lib/DateTime/TimeZone/America/Indiana/Petersburg.pm
cp lib/DateTime/TimeZone/America/Eirunepe.pm blib/lib/DateTime/TimeZone/America/Eirunepe.pm
cp lib/DateTime/TimeZone/Europe/Copenhagen.pm blib/lib/DateTime/TimeZone/Europe/Copenhagen.pm
cp lib/DateTime/TimeZone/Asia/Makassar.pm blib/lib/DateTime/TimeZone/Asia/Makassar.pm
cp lib/DateTime/TimeZone/MST7MDT.pm blib/lib/DateTime/TimeZone/MST7MDT.pm
cp lib/DateTime/TimeZone/America/Ojinaga.pm blib/lib/DateTime/TimeZone/America/Ojinaga.pm
cp lib/DateTime/TimeZone/Europe/Madrid.pm blib/lib/DateTime/TimeZone/Europe/Madrid.pm
cp lib/DateTime/TimeZone.pm blib/lib/DateTime/TimeZone.pm
cp lib/DateTime/TimeZone/Floating.pm blib/lib/DateTime/TimeZone/Floating.pm
cp lib/DateTime/TimeZone/Australia/Adelaide.pm blib/lib/DateTime/TimeZone/Australia/Adelaide.pm
cp lib/DateTime/TimeZone/America/Argentina/Buenos_Aires.pm blib/lib/DateTime/TimeZone/America/Argentina/Buenos_Aires.pm
cp lib/DateTime/TimeZone/Asia/Bishkek.pm blib/lib/DateTime/TimeZone/Asia/Bishkek.pm
cp lib/DateTime/TimeZone/America/Vancouver.pm blib/lib/DateTime/TimeZone/America/Vancouver.pm
cp lib/DateTime/TimeZone/Europe/Vilnius.pm blib/lib/DateTime/TimeZone/Europe/Vilnius.pm
cp lib/DateTime/TimeZone/America/Chihuahua.pm blib/lib/DateTime/TimeZone/America/Chihuahua.pm
cp lib/DateTime/TimeZone/Australia/Brisbane.pm blib/lib/DateTime/TimeZone/Australia/Brisbane.pm
cp lib/DateTime/TimeZone/Europe/London.pm blib/lib/DateTime/TimeZone/Europe/London.pm
cp lib/DateTime/TimeZone/Asia/Kuching.pm blib/lib/DateTime/TimeZone/Asia/Kuching.pm
cp lib/DateTime/TimeZone/America/Guyana.pm blib/lib/DateTime/TimeZone/America/Guyana.pm
cp lib/DateTime/TimeZone/OlsonDB/Zone.pm blib/lib/DateTime/TimeZone/OlsonDB/Zone.pm
cp lib/DateTime/TimeZone/America/Santo_Domingo.pm blib/lib/DateTime/TimeZone/America/Santo_Domingo.pm
cp lib/DateTime/TimeZone/Atlantic/Stanley.pm blib/lib/DateTime/TimeZone/Atlantic/Stanley.pm
cp lib/DateTime/TimeZone/Asia/Anadyr.pm blib/lib/DateTime/TimeZone/Asia/Anadyr.pm
cp lib/DateTime/TimeZone/America/Argentina/Rio_Gallegos.pm blib/lib/DateTime/TimeZone/America/Argentina/Rio_Gallegos.pm
cp lib/DateTime/TimeZone/Africa/Ndjamena.pm blib/lib/DateTime/TimeZone/Africa/Ndjamena.pm
cp lib/DateTime/TimeZone/Asia/Yekaterinburg.pm blib/lib/DateTime/TimeZone/Asia/Yekaterinburg.pm
cp lib/DateTime/TimeZone/Europe/Volgograd.pm blib/lib/DateTime/TimeZone/Europe/Volgograd.pm
cp lib/DateTime/TimeZone/PST8PDT.pm blib/lib/DateTime/TimeZone/PST8PDT.pm
Manifying blib/man3/DateTime::TimeZone.3
Manifying blib/man3/DateTime::TimeZone::Catalog.3
Manifying blib/man3/DateTime::TimeZone::Floating.3
Manifying blib/man3/DateTime::TimeZone::Local.3
Manifying blib/man3/DateTime::TimeZone::Local::Unix.3
Manifying blib/man3/DateTime::TimeZone::Local::VMS.3
Manifying blib/man3/DateTime::TimeZone::OffsetOnly.3
Manifying blib/man3/DateTime::TimeZone::OlsonDB.3
Manifying blib/man3/DateTime::TimeZone::UTC.3
PERL_DL_NONLAZY=1 /Users/jkeenan/perl5/perlbrew/perls/perl-5.20.1/bin/perl "-MExtUtils::Command::MM" "-MTest::Harness" "-e" "undef *Test::Harness::Switches; test_harness(0, 'blib/lib', 'blib/arch')" t/*.t
# 
# Versions for all modules listed in MYMETA.json (including optional ones):
# 
# === Configure Requires ===
# 
#     Module              Want Have
#     ------------------- ---- ----
#     ExtUtils::MakeMaker  any 6.98
# 
# === Build Requires ===
# 
#     Module              Want Have
#     ------------------- ---- ----
#     ExtUtils::MakeMaker  any 6.98
# 
# === Test Requires ===
# 
#     Module                Want     Have
#     --------------------- ---- --------
#     ExtUtils::MakeMaker    any     6.98
#     File::Copy             any     2.30
#     File::Path             any     2.09
#     File::Spec             any     3.40
#     File::Spec::Functions  any     3.40
#     File::Temp             any   0.2304
#     Storable               any     2.51
#     Sys::Hostname          any     1.18
#     Test::Fatal            any    0.008
#     Test::More            0.96 1.001003
#     Test::Requires         any     0.06
#     base                   any     2.18
#     lib                    any     0.63
#     overload               any     1.22
# 
# === Test Recommends ===
# 
#     Module         Want     Have
#     ---------- -------- --------
#     CPAN::Meta 2.120900 2.142690
# 
# === Runtime Requires ===
# 
#     Module           Want   Have
#     ---------------- ---- ------
#     Class::Singleton 1.03    1.4
#     Cwd                 3   3.40
#     File::Basename    any   2.85
#     File::Compare     any 1.1006
#     File::Find        any   1.27
#     File::Spec        any   3.40
#     List::AllUtils    any   0.09
#     List::Util        any   1.38
#     Module::Runtime   any  0.014
#     Params::Validate 0.72   1.13
#     Try::Tiny         any   0.22
#     constant          any   1.31
#     parent            any  0.228
#     strict            any   1.08
#     vars              any   1.03
#     warnings          any   1.23
# 
t/00-report-prereqs.t ....... ok
Use of uninitialized value in subroutine entry at /Users/jkeenan/adama/extlib/lib/perl5/DateTime/Locale.pm line 41.
t/02basic.t ................. 
No subtests run 
Use of uninitialized value in subroutine entry at /Users/jkeenan/adama/extlib/lib/perl5/DateTime/Locale.pm line 41.
t/03link.t .................. 
No subtests run 
Use of uninitialized value in subroutine entry at /Users/jkeenan/adama/extlib/lib/perl5/DateTime/Locale.pm line 41.
t/04local.t ................. 
No subtests run 
t/05offset.t ................ ok
Use of uninitialized value in subroutine entry at /Users/jkeenan/adama/extlib/lib/perl5/DateTime/Locale.pm line 41.
t/06no-dst.t ................ 
No subtests run 
Use of uninitialized value in subroutine entry at /Users/jkeenan/adama/extlib/lib/perl5/DateTime/Locale.pm line 41.
t/07offset-only.t ........... 
No subtests run 
Use of uninitialized value in subroutine entry at /Users/jkeenan/adama/extlib/lib/perl5/DateTime/Locale.pm line 41.
t/08name.t .................. 
No subtests run 
Use of uninitialized value in subroutine entry at /Users/jkeenan/adama/extlib/lib/perl5/DateTime/Locale.pm line 41.
t/09changes.t ............... 
No subtests run 
Use of uninitialized value in subroutine entry at /Users/jkeenan/adama/extlib/lib/perl5/DateTime/Locale.pm line 41.
t/11valid-name.t ............ 
No subtests run 
Use of uninitialized value in subroutine entry at /Users/jkeenan/adama/extlib/lib/perl5/DateTime/Locale.pm line 41.
t/12storable.t .............. 
No subtests run 
Use of uninitialized value in subroutine entry at /Users/jkeenan/adama/extlib/lib/perl5/DateTime/Locale.pm line 41.
t/13short-name-has-slash.t .. 
No subtests run 
Use of uninitialized value in subroutine entry at /Users/jkeenan/adama/extlib/lib/perl5/DateTime/Locale.pm line 41.
t/14invalid-name.t .......... 
No subtests run 
t/15catalog.t ............... ok
Use of uninitialized value in subroutine entry at /Users/jkeenan/adama/extlib/lib/perl5/DateTime/Locale.pm line 41.
t/16has-dst-changes.t ....... 
No subtests run 
Use of uninitialized value in subroutine entry at /Users/jkeenan/adama/extlib/lib/perl5/DateTime/Locale.pm line 41.
t/17special-names.t ......... 
No subtests run 
t/18olson-version-check.t ... skipped: Test requires module 'Test::Output' but it's not found
Use of uninitialized value in subroutine entry at /Users/jkeenan/.cpanm/work/1428951168.38901/DateTime-TimeZone-1.86/blib/lib/DateTime/TimeZone.pm line 35.
t/20local-subclass.t ........ 
No subtests run 
Use of uninitialized value in subroutine entry at /Users/jkeenan/adama/extlib/lib/perl5/DateTime/Locale.pm line 41.
t/21stack-corruption.t ...... 
No subtests run 
t/22taint-mode.t ............ skipped: Test requires module 'Test::Taint' but it's not found
t/author-eol.t .............. skipped: these tests are for testing by the author
t/author-no-tabs.t .......... skipped: these tests are for testing by the author
t/author-pod-spell.t ........ skipped: these tests are for testing by the author
t/release-pod-coverage.t .... skipped: these tests are for release candidate testing
t/release-pod-syntax.t ...... skipped: these tests are for release candidate testing
t/release-portability.t ..... skipped: these tests are for release candidate testing

Test Summary Report
-------------------
t/02basic.t               (Wstat: 11 Tests: 0 Failed: 0)
  Non-zero wait status: 11
  Parse errors: No plan found in TAP output
t/03link.t                (Wstat: 11 Tests: 0 Failed: 0)
  Non-zero wait status: 11
  Parse errors: No plan found in TAP output
t/04local.t               (Wstat: 11 Tests: 0 Failed: 0)
  Non-zero wait status: 11
  Parse errors: No plan found in TAP output
t/06no-dst.t              (Wstat: 11 Tests: 0 Failed: 0)
  Non-zero wait status: 11
  Parse errors: No plan found in TAP output
t/07offset-only.t         (Wstat: 11 Tests: 0 Failed: 0)
  Non-zero wait status: 11
  Parse errors: No plan found in TAP output
t/08name.t                (Wstat: 11 Tests: 0 Failed: 0)
  Non-zero wait status: 11
  Parse errors: No plan found in TAP output
t/09changes.t             (Wstat: 11 Tests: 0 Failed: 0)
  Non-zero wait status: 11
  Parse errors: No plan found in TAP output
t/11valid-name.t          (Wstat: 11 Tests: 0 Failed: 0)
  Non-zero wait status: 11
  Parse errors: No plan found in TAP output
t/12storable.t            (Wstat: 11 Tests: 0 Failed: 0)
  Non-zero wait status: 11
  Parse errors: No plan found in TAP output
t/13short-name-has-slash.t (Wstat: 11 Tests: 0 Failed: 0)
  Non-zero wait status: 11
  Parse errors: No plan found in TAP output
t/14invalid-name.t        (Wstat: 11 Tests: 0 Failed: 0)
  Non-zero wait status: 11
  Parse errors: No plan found in TAP output
t/16has-dst-changes.t     (Wstat: 11 Tests: 0 Failed: 0)
  Non-zero wait status: 11
  Parse errors: No plan found in TAP output
t/17special-names.t       (Wstat: 11 Tests: 0 Failed: 0)
  Non-zero wait status: 11
  Parse errors: No plan found in TAP output
t/20local-subclass.t      (Wstat: 11 Tests: 0 Failed: 0)
  Non-zero wait status: 11
  Parse errors: No plan found in TAP output
t/21stack-corruption.t    (Wstat: 11 Tests: 0 Failed: 0)
  Non-zero wait status: 11
  Parse errors: No plan found in TAP output
Files=26, Tests=65,  6 wallclock secs ( 0.08 usr  0.05 sys +  1.46 cusr  0.22 csys =  1.81 CPU)
Result: FAIL
Failed 15/26 test programs. 0/65 subtests failed.
make: *** [test_dynamic] Error 255
-> FAIL Installing DateTime::TimeZone failed. See /Users/jkeenan/.cpanm/work/1428951168.38901/build.log for details. Retry with --force to force install it.
-> FAIL Installing the dependencies failed: Installed version (1.42) of DateTime::TimeZone is not in range '1.74'
-> FAIL Bailing out the installation for DateTime-1.18.
