CPAN: Storable loaded ok
Going to read /usr/local/perl-current/cpan/Metadata
  Database was generated on Tue, 17 Sep 2002 04:22:06 GMT
Running install for module XML::SAX::Machines
Running make for R/RB/RBS/XML-SAX-Machines-0.4.tar.gz
CPAN: Digest::MD5 loaded ok
Checksum for /usr/local/perl-current/cpan/sources/authors/id/R/RB/RBS/XML-SAX-Machines-0.4.tar.gz ok
Scanning cache /usr/local/perl-current/cpan/build for sizes
XML-SAX-Machines-0.4/
XML-SAX-Machines-0.4/t/
XML-SAX-Machines-0.4/t/10docsplitter.t
XML-SAX-Machines-0.4/t/00machines.t
XML-SAX-Machines-0.4/t/10distributor.t
XML-SAX-Machines-0.4/t/09merger.t
XML-SAX-Machines-0.4/t/11byrecord.t
XML-SAX-Machines-0.4/t/11manifold.t
XML-SAX-Machines-0.4/t/10pipeline.t
XML-SAX-Machines-0.4/t/10bad_machine.t
XML-SAX-Machines-0.4/t/00config.t
XML-SAX-Machines-0.4/t/10tap.t
XML-SAX-Machines-0.4/t/01compile_spec.t
XML-SAX-Machines-0.4/t/09machine.t
XML-SAX-Machines-0.4/t/20saxt.t
XML-SAX-Machines-0.4/t/00xsw_version.t
XML-SAX-Machines-0.4/t/00eventmethodmaker.t
XML-SAX-Machines-0.4/t/lib/
XML-SAX-Machines-0.4/t/lib/XML/
XML-SAX-Machines-0.4/t/lib/XML/Filter/
XML-SAX-Machines-0.4/t/lib/XML/Filter/SAXT.pm
XML-SAX-Machines-0.4/t/02find_part.t
XML-SAX-Machines-0.4/t/00valid_name.t
XML-SAX-Machines-0.4/lib/
XML-SAX-Machines-0.4/lib/XML/
XML-SAX-Machines-0.4/lib/XML/SAX/
XML-SAX-Machines-0.4/lib/XML/SAX/EventMethodMaker.pm
XML-SAX-Machines-0.4/lib/XML/SAX/Machines/
XML-SAX-Machines-0.4/lib/XML/SAX/Machines/ConfigHelper.pm
XML-SAX-Machines-0.4/lib/XML/SAX/Machines/ConfigDefaults.pm
XML-SAX-Machines-0.4/lib/XML/SAX/Pipeline.pm
XML-SAX-Machines-0.4/lib/XML/SAX/ByRecord.pm
XML-SAX-Machines-0.4/lib/XML/SAX/Machine.pm
XML-SAX-Machines-0.4/lib/XML/SAX/Tap.pm
XML-SAX-Machines-0.4/lib/XML/SAX/Machines.pm
XML-SAX-Machines-0.4/lib/XML/SAX/Manifold.pm
XML-SAX-Machines-0.4/lib/XML/Filter/
XML-SAX-Machines-0.4/lib/XML/Filter/DocSplitter.pm
XML-SAX-Machines-0.4/lib/XML/Filter/Merger.pm
XML-SAX-Machines-0.4/lib/XML/Filter/Tee.pm
XML-SAX-Machines-0.4/lib/XML/Filter/Distributor.pm
XML-SAX-Machines-0.4/MANIFEST
XML-SAX-Machines-0.4/MANIFEST.SKIP
XML-SAX-Machines-0.4/examples/
XML-SAX-Machines-0.4/examples/xml_records_to_data_structures
XML-SAX-Machines-0.4/examples/xml_records_thru_libxslt
XML-SAX-Machines-0.4/examples/append_to_xml_file
XML-SAX-Machines-0.4/examples/output_to_process
XML-SAX-Machines-0.4/README
XML-SAX-Machines-0.4/CHANGES
XML-SAX-Machines-0.4/Makefile.PL
XML-SAX-Machines-0.4/TODO
Removing previously used /usr/local/perl-current/cpan/build/XML-SAX-Machines-0.4

  CPAN.pm: Going to build R/RB/RBS/XML-SAX-Machines-0.4.tar.gz

Checking if your kit is complete...
Looks good
Writing Makefile for XML::SAX::Machines
cp lib/XML/Filter/Merger.pm blib/lib/XML/Filter/Merger.pm
cp lib/XML/Filter/Tee.pm blib/lib/XML/Filter/Tee.pm
cp lib/XML/Filter/DocSplitter.pm blib/lib/XML/Filter/DocSplitter.pm
cp lib/XML/SAX/Machines/ConfigHelper.pm blib/lib/XML/SAX/Machines/ConfigHelper.pm
cp lib/XML/SAX/Tap.pm blib/lib/XML/SAX/Tap.pm
cp lib/XML/Filter/Distributor.pm blib/lib/XML/Filter/Distributor.pm
cp lib/XML/SAX/Machines.pm blib/lib/XML/SAX/Machines.pm
cp lib/XML/SAX/Machines/ConfigDefaults.pm blib/lib/XML/SAX/Machines/ConfigDefaults.pm
cp lib/XML/SAX/EventMethodMaker.pm blib/lib/XML/SAX/EventMethodMaker.pm
cp lib/XML/SAX/ByRecord.pm blib/lib/XML/SAX/ByRecord.pm
cp lib/XML/SAX/Machine.pm blib/lib/XML/SAX/Machine.pm
cp lib/XML/SAX/Pipeline.pm blib/lib/XML/SAX/Pipeline.pm
cp lib/XML/SAX/Manifold.pm blib/lib/XML/SAX/Manifold.pm
Manifying blib/man3/XML::Filter::Merger.3
Manifying blib/man3/XML::Filter::DocSplitter.3
Manifying blib/man3/XML::Filter::Tee.3
Manifying blib/man3/XML::SAX::Machines::ConfigHelper.3
Manifying blib/man3/XML::SAX::Tap.3
Manifying blib/man3/XML::Filter::Distributor.3
Manifying blib/man3/XML::SAX::Machines.3
Manifying blib/man3/XML::SAX::EventMethodMaker.3
Manifying blib/man3/XML::SAX::ByRecord.3
Manifying blib/man3/XML::SAX::Machine.3
Manifying blib/man3/XML::SAX::Pipeline.3
Manifying blib/man3/XML::SAX::Manifold.3
  /usr/bin/make  -- OK
Running make test
PERL_DL_NONLAZY=1 /usr/local/perl-current/bin/perl "-MExtUtils::Command::MM" "-e" "test_harness(0, 'blib/lib', 'blib/arch')" t/*.t
t/00config..............ok
t/00eventmethodmaker....ok
t/00machines............Not a HASH reference at /usr/local/perl-current/cpan/build/XML-SAX-Machines-0.4/blib/lib/XML/SAX/Machine.pm line 1479.
Not a HASH reference at /usr/local/perl-current/cpan/build/XML-SAX-Machines-0.4/blib/lib/XML/SAX/Machine.pm line 1479. at (eval 8) line 1
dubious
	Test returned status 255 (wstat 65280, 0xff00)
DIED. FAILED tests 2-4
	Failed 3/4 tests, 25.00% okay
t/00valid_name..........ok
t/00xsw_version.........ok
t/01compile_spec........# Test 1 got: 'Not a HASH reference at /usr/local/perl-current/cpan/build/XML-SAX-Machines-0.4/blib/lib/XML/SAX/Machine.pm line 1479. at t/01compile_spec.t line 107
' (t/01compile_spec.t at line 125)
#   Expected: '1' ($VAR1 = [
#          'XML::SAX::Machine'
#        ];
#)
#  t/01compile_spec.t line 125 is:         ok $got, $expected, $desc;
# Test 2 got: 'Not a HASH reference at /usr/local/perl-current/cpan/build/XML-SAX-Machines-0.4/blib/lib/XML/SAX/Machine.pm line 1479. at t/01compile_spec.t line 107
' (t/01compile_spec.t at line 125 fail #2)
#   Expected: '1' ($VAR1 = [
#          'XML::SAX::Manifold'
#        ];
#)
# Test 3 got: 'Not a HASH reference at /usr/local/perl-current/cpan/build/XML-SAX-Machines-0.4/blib/lib/XML/SAX/Machine.pm line 1479. at t/01compile_spec.t line 107
' (t/01compile_spec.t at line 125 fail #3)
#   Expected: '1' ($VAR1 = [
#          bless( {
#                   'A' => 1
#                 }, 'Preconstructed1' )
#        ];
#)
# Test 4 got: 'Not a HASH reference at /usr/local/perl-current/cpan/build/XML-SAX-Machines-0.4/blib/lib/XML/SAX/Machine.pm line 1479. at t/01compile_spec.t line 107
' (t/01compile_spec.t at line 125 fail #4)
#   Expected: '1' ($VAR1 = [
#          \*::STDOUT
#        ];
#)
# Test 5 got: 'Not a HASH reference at /usr/local/perl-current/cpan/build/XML-SAX-Machines-0.4/blib/lib/XML/SAX/Machine.pm line 1479. at t/01compile_spec.t line 107
' (t/01compile_spec.t at line 125 fail #5)
#   Expected: '1' ($VAR1 = [
#          [
#            'A',
#            bless( {
#                     'A' => 1
#                   }, 'Preconstructed1' )
#          ]
#        ];
#)
# Test 6 got: 'Not a HASH reference at /usr/local/perl-current/cpan/build/XML-SAX-Machines-0.4/blib/lib/XML/SAX/Machine.pm line 1479. at t/01compile_spec.t line 107
' (t/01compile_spec.t at line 125 fail #6)
#   Expected: '1' ($VAR1 = [
#          [
#            undef,
#            bless( {
#                     'A' => 1
#                   }, 'Preconstructed1' )
#          ]
#        ];
#)
# Test 7 got: 'Not a HASH reference at /usr/local/perl-current/cpan/build/XML-SAX-Machines-0.4/blib/lib/XML/SAX/Machine.pm line 1479. at t/01compile_spec.t line 107
' (t/01compile_spec.t at line 125 fail #7)
#   Expected: '1' ($VAR1 = [
#          [
#            bless( {
#                     'A' => 1
#                   }, 'Preconstructed1' )
#          ]
#        ];
#)
# Test 8 got: 'Not a HASH reference at /usr/local/perl-current/cpan/build/XML-SAX-Machines-0.4/blib/lib/XML/SAX/Machine.pm line 1479.
Not a HASH reference at /usr/local/perl-current/cpan/build/XML-SAX-Machines-0.4/blib/lib/XML/SAX/Machine.pm line 1479.
Not a HASH reference at /usr/local/perl-current/cpan/build/XML-SAX-Machines-0.4/blib/lib/XML/SAX/Machine.pm line 1479. at t/01compile_spec.t line 107
' (t/01compile_spec.t at line 125 fail #8)
#   Expected: '3' ($VAR1 = [
#          [
#            'A',
#            'XML::SAX::Machine',
#            'B'
#          ],
#          [
#            'B',
#            'XML::SAX::Machine',
#            'C'
#          ],
#          [
#            'C',
#            'XML::SAX::Machine'
#          ]
#        ];
#)
# Test 9 got: 'Not a HASH reference at /usr/local/perl-current/cpan/build/XML-SAX-Machines-0.4/blib/lib/XML/SAX/Machine.pm line 1479.
Not a HASH reference at /usr/local/perl-current/cpan/build/XML-SAX-Machines-0.4/blib/lib/XML/SAX/Machine.pm line 1479.
Not a HASH reference at /usr/local/perl-current/cpan/build/XML-SAX-Machines-0.4/blib/lib/XML/SAX/Machine.pm line 1479. at t/01compile_spec.t line 107
' (t/01compile_spec.t at line 125 fail #9)
#   Expected: '3' ($VAR1 = [
#          [
#            undef,
#            'XML::SAX::Machine',
#            1
#          ],
#          [
#            undef,
#            'XML::SAX::Machine',
#            2
#          ],
#          [
#            undef,
#            'XML::SAX::Machine'
#          ]
#        ];
#)
# Test 10 got: 'Not a HASH reference at /usr/local/perl-current/cpan/build/XML-SAX-Machines-0.4/blib/lib/XML/SAX/Machine.pm line 1479.
Not a HASH reference at /usr/local/perl-current/cpan/build/XML-SAX-Machines-0.4/blib/lib/XML/SAX/Machine.pm line 1479.
Not a HASH reference at /usr/local/perl-current/cpan/build/XML-SAX-Machines-0.4/blib/lib/XML/SAX/Machine.pm line 1479. at t/01compile_spec.t line 107
' (t/01compile_spec.t at line 125 fail #10)
#    Expected: '3' ($VAR1 = [
#          [
#            undef,
#            bless( {
#                     'A' => 1
#                   }, 'Preconstructed1' ),
#            bless( {
#                     'A' => 2
#                   }, 'Preconstructed2' )
#          ],
#          [
#            undef,
#            $VAR1->[0][2],
#            bless( {
#                     'A' => 3
#                   }, 'Preconstructed3' )
#          ],
#          [
#            undef,
#            $VAR1->[1][2]
#          ]
#        ];
#)
# Test 11 got: 'Not a HASH reference at /usr/local/perl-current/cpan/build/XML-SAX-Machines-0.4/blib/lib/XML/SAX/Machine.pm line 1479. at t/01compile_spec.t line 107
' (t/01compile_spec.t at line 125 fail #11)
#    Expected: '1' ($VAR1 = [
#          [
#            undef,
#            bless( {
#                     'A' => 1
#                   }, 'Preconstructed1' ),
#            bless( {
#                     'A' => 2
#                   }, 'Preconstructed2' )
#          ]
#        ];
#)
# Test 12 got: 'Not a HASH reference at /usr/local/perl-current/cpan/build/XML-SAX-Machines-0.4/blib/lib/XML/SAX/Machine.pm line 1479. at t/01compile_spec.t line 107
' (t/01compile_spec.t at line 120)
#    Expected: qr{(?-xism: My\WFilter.pm)} ($VAR1 = [
#          'My::Filter'
#        ];
#)
#  t/01compile_spec.t line 120 is:         $got =~ $expected
# Test 13 got: 'Not a HASH reference at /usr/local/perl-current/cpan/build/XML-SAX-Machines-0.4/blib/lib/XML/SAX/Machine.pm line 1479. at t/01compile_spec.t line 107
' (t/01compile_spec.t at line 120 fail #2)
#    Expected: qr{(?-xism:Regexp)} ($VAR1 = [
#          qr/(?-xism:^)/
#        ];
#)
# Test 15 got: 'Not a HASH reference at /usr/local/perl-current/cpan/build/XML-SAX-Machines-0.4/blib/lib/XML/SAX/Machine.pm line 1479. at t/01compile_spec.t line 107
' (t/01compile_spec.t at line 120 fail #4)
#    Expected: qr{(?-xism:CODE)} ($VAR1 = [
#          sub { "DUMMY" }
#        ];
#)
# Test 16 got: 'Not a HASH reference at /usr/local/perl-current/cpan/build/XML-SAX-Machines-0.4/blib/lib/XML/SAX/Machine.pm line 1479. at t/01compile_spec.t line 107
' (t/01compile_spec.t at line 120 fail #5)
#    Expected: qr{(?-xism:'42illegal')} ($VAR1 = [
#          [
#            '42illegal',
#            bless( {
#                     'A' => 1
#                   }, 'Preconstructed1' )
#          ]
#        ];
#)
# Test 17 got: 'Not a HASH reference at /usr/local/perl-current/cpan/build/XML-SAX-Machines-0.4/blib/lib/XML/SAX/Machine.pm line 1479. at t/01compile_spec.t line 107
' (t/01compile_spec.t at line 120 fail #6)
#    Expected: qr{(?-xism:'UndefName')} ($VAR1 = [
#          [
#            'A',
#            bless( {
#                     'A' => 1
#                   }, 'Preconstructed1' ),
#            'UndefName'
#          ]
#        ];
#)
# Test 18 got: 'Not a HASH reference at /usr/local/perl-current/cpan/build/XML-SAX-Machines-0.4/blib/lib/XML/SAX/Machine.pm line 1479. at t/01compile_spec.t line 107
' (t/01compile_spec.t at line 120 fail #7)
#    Expected: qr{(?-xism:'99999')} ($VAR1 = [
#          [
#            'A',
#            bless( {
#                     'A' => 1
#                   }, 'Preconstructed1' ),
#            99999
#          ]
#        ];
#)
# Test 19 got: 'Not a HASH reference at /usr/local/perl-current/cpan/build/XML-SAX-Machines-0.4/blib/lib/XML/SAX/Machine.pm line 1479.
Not a HASH reference at /usr/local/perl-current/cpan/build/XML-SAX-Machines-0.4/blib/lib/XML/SAX/Machine.pm line 1479. at t/01compile_spec.t line 107
' (t/01compile_spec.t at line 120 fail #8)
#    Expected: qr{(?-xism:'DupName')} ($VAR1 = [
#          [
#            'DupName',
#            bless( {
#                     'A' => 1
#                   }, 'Preconstructed1' )
#          ],
#          [
#            'DupName',
#            bless( {
#                     'A' => 2
#                   }, 'Preconstructed2' )
#          ]
#        ];
#)
# Test 20 got: 'Not a HASH reference at /usr/local/perl-current/cpan/build/XML-SAX-Machines-0.4/blib/lib/XML/SAX/Machine.pm line 1479.
Not a HASH reference at /usr/local/perl-current/cpan/build/XML-SAX-Machines-0.4/blib/lib/XML/SAX/Machine.pm line 1479. at t/01compile_spec.t line 107
' (t/01compile_spec.t at line 120 fail #9)
#    Expected: qr{(?s-xim:(('DupName'|'UndefName1'|'UndefName2').*){3})} ($VAR1 = [
#          [
#            'DupName',
#            bless( {
#                     'A' => 1
#                   }, 'Preconstructed1' ),
#            'UndefName1'
#          ],
#          [
#            'DupName',
#            bless( {
#                     'A' => 2
#                   }, 'Preconstructed2' ),
#            'UndefName2'
#          ]
#        ];
#)
# Test 21 got: 'Not a HASH reference at /usr/local/perl-current/cpan/build/XML-SAX-Machines-0.4/blib/lib/XML/SAX/Machine.pm line 1479. at t/01compile_spec.t line 107
' (t/01compile_spec.t at line 120 fail #10)
#    Expected: qr{(?-xism:Cyclical.*Cyclical)} ($VAR1 = [
#          [
#            'Cyclical',
#            bless( {
#                     'A' => 1
#                   }, 'Preconstructed1' ),
#            'Cyclical'
#          ]
#        ];
#)
# Test 22 got: 'Not a HASH reference at /usr/local/perl-current/cpan/build/XML-SAX-Machines-0.4/blib/lib/XML/SAX/Machine.pm line 1479.
Not a HASH reference at /usr/local/perl-current/cpan/build/XML-SAX-Machines-0.4/blib/lib/XML/SAX/Machine.pm line 1479. at t/01compile_spec.t line 107
' (t/01compile_spec.t at line 120 fail #11)
#    Expected: qr{(?-xism:Cyclical1.*Cyclical2.*Cyclical1)} ($VAR1 = [
#          [
#            'Cyclical1',
#            bless( {
#                     'A' => 1
#                   }, 'Preconstructed1' ),
#            'Cyclical2'
#          ],
#          [
#            'Cyclical2',
#            $VAR1->[0][1],
#            'Cyclical1'
#          ]
#        ];
#)
# Test 23 got: 'Not a HASH reference at /usr/local/perl-current/cpan/build/XML-SAX-Machines-0.4/blib/lib/XML/SAX/Machine.pm line 1479.
Not a HASH reference at /usr/local/perl-current/cpan/build/XML-SAX-Machines-0.4/blib/lib/XML/SAX/Machine.pm line 1479. at t/01compile_spec.t line 107
' (t/01compile_spec.t at line 120 fail #12)
#    Expected: qr{(?-xism:Cyclical1.*Cyclical2.*Cyclical1)} ($VAR1 = [
#          [
#            'Cyclical1',
#            bless( {
#                     'A' => 1
#                   }, 'Preconstructed1' ),
#            'Cyclical2'
#          ],
#          [
#            'Cyclical2',
#            $VAR1->[0][1],
#            'Cyclical1',
#            'Cyclical1'
#          ]
#        ];
#)
# Test 24 got: 'Not a HASH reference at /usr/local/perl-current/cpan/build/XML-SAX-Machines-0.4/blib/lib/XML/SAX/Machine.pm line 1479.
Not a HASH reference at /usr/local/perl-current/cpan/build/XML-SAX-Machines-0.4/blib/lib/XML/SAX/Machine.pm line 1479.
Not a HASH reference at /usr/local/perl-current/cpan/build/XML-SAX-Machines-0.4/blib/lib/XML/SAX/Machine.pm line 1479. at t/01compile_spec.t line 107
' (t/01compile_spec.t at line 120 fail #13)
#    Expected: qr{(?-xism:Cyclical1.*Cyclical2a.*Cyclical1(?s:.*)Cyclical1.*Cyclical2b.*Cyclical1)} ($VAR1 = [
#          [
#            'Cyclical1',
#            bless( {
#                     'A' => 1
#                   }, 'Preconstructed1' ),
#            'Cyclical2a',
#            'Cyclical2b'
#          ],
#          [
#            'Cyclical2a',
#            bless( {
#                     'A' => 2
#                   }, 'Preconstructed2' ),
#            'Cyclical1'
#          ],
#          [
#            'Cyclical2b',
#            bless( {
#                     'A' => 3
#                   }, 'Preconstructed3' ),
#            'Cyclical1'
#          ]
#        ];
#)
FAILED tests 1-13, 15-24
	Failed 23/24 tests, 4.17% okay
t/02find_part...........Not a HASH reference at /usr/local/perl-current/cpan/build/XML-SAX-Machines-0.4/blib/lib/XML/SAX/Machine.pm line 1479. at (eval 3) line 1
dubious
	Test returned status 255 (wstat 65280, 0xff00)
DIED. FAILED tests 1-9
	Failed 9/9 tests, 0.00% okay
t/09machine.............Not a HASH reference at /usr/local/perl-current/cpan/build/XML-SAX-Machines-0.4/blib/lib/XML/SAX/Machine.pm line 1479.
Not a HASH reference at /usr/local/perl-current/cpan/build/XML-SAX-Machines-0.4/blib/lib/XML/SAX/Machine.pm line 1479.
Not a HASH reference at /usr/local/perl-current/cpan/build/XML-SAX-Machines-0.4/blib/lib/XML/SAX/Machine.pm line 1479. at (eval 3) line 1
dubious
	Test returned status 255 (wstat 65280, 0xff00)
t/09merger..............ok
t/10bad_machine.........# Test 1 got: 'Not a HASH reference at /usr/local/perl-current/cpan/build/XML-SAX-Machines-0.4/blib/lib/XML/SAX/Machine.pm line 1479. at (eval 3) line 1
' (t/10bad_machine.t at line 13)
#   Expected: 'undef passed exception'
#  t/10bad_machine.t line 13 is:     ok $@ =~ /undef/ ? "undef passed exception" : $@, "undef passed exception";
# Test 2 got: 'Not a HASH reference at /usr/local/perl-current/cpan/build/XML-SAX-Machines-0.4/blib/lib/XML/SAX/Machine.pm line 1479. at (eval 3) line 1
' (t/10bad_machine.t at line 17)
#   Expected: 'empty string exception'
#  t/10bad_machine.t line 17 is:     ok $@ =~ /empty/i ? "empty string exception" : $@, "empty string exception";
# Test 3 got: 'Not a HASH reference at /usr/local/perl-current/cpan/build/XML-SAX-Machines-0.4/blib/lib/XML/SAX/Machine.pm line 1479. at (eval 3) line 1
' (t/10bad_machine.t at line 21)
#   Expected: 'missing filter exception'
#  t/10bad_machine.t line 21 is:     ok $@ =~ /BlarneyFilter/ ? "missing filter exception" : $@, "missing filter exception";
FAILED tests 1-3
	Failed 3/3 tests, 0.00% okay
t/10distributor.........Not a HASH reference at /usr/local/perl-current/cpan/build/XML-SAX-Machines-0.4/blib/lib/XML/SAX/Machine.pm line 1479.
Not a HASH reference at /usr/local/perl-current/cpan/build/XML-SAX-Machines-0.4/blib/lib/XML/SAX/Machine.pm line 1479.
Not a HASH reference at /usr/local/perl-current/cpan/build/XML-SAX-Machines-0.4/blib/lib/XML/SAX/Machine.pm line 1479.
Not a HASH reference at /usr/local/perl-current/cpan/build/XML-SAX-Machines-0.4/blib/lib/XML/SAX/Machine.pm line 1479.
Not a HASH reference at /usr/local/perl-current/cpan/build/XML-SAX-Machines-0.4/blib/lib/XML/SAX/Machine.pm line 1479. at (eval 3) line 1
dubious
	Test returned status 255 (wstat 65280, 0xff00)
DIED. FAILED tests 1-3
	Failed 3/3 tests, 0.00% okay
t/10docsplitter.........Not a HASH reference at /usr/local/perl-current/cpan/build/XML-SAX-Machines-0.4/blib/lib/XML/SAX/Machine.pm line 1479.
Not a HASH reference at /usr/local/perl-current/cpan/build/XML-SAX-Machines-0.4/blib/lib/XML/SAX/Machine.pm line 1479.
Not a HASH reference at /usr/local/perl-current/cpan/build/XML-SAX-Machines-0.4/blib/lib/XML/SAX/Machine.pm line 1479.
Not a HASH reference at /usr/local/perl-current/cpan/build/XML-SAX-Machines-0.4/blib/lib/XML/SAX/Machine.pm line 1479. at (eval 3) line 1
dubious
	Test returned status 255 (wstat 65280, 0xff00)
DIED. FAILED tests 1-3
	Failed 3/3 tests, 0.00% okay
t/10pipeline............Not a HASH reference at /usr/local/perl-current/cpan/build/XML-SAX-Machines-0.4/blib/lib/XML/SAX/Machine.pm line 1479. at (eval 3) line 1
dubious
	Test returned status 255 (wstat 65280, 0xff00)
t/10tap.................Not a HASH reference at /usr/local/perl-current/cpan/build/XML-SAX-Machines-0.4/blib/lib/XML/SAX/Machine.pm line 1479.
Not a HASH reference at /usr/local/perl-current/cpan/build/XML-SAX-Machines-0.4/blib/lib/XML/SAX/Machine.pm line 1479.
Not a HASH reference at /usr/local/perl-current/cpan/build/XML-SAX-Machines-0.4/blib/lib/XML/SAX/Machine.pm line 1479. at (eval 6) line 1
dubious
	Test returned status 255 (wstat 65280, 0xff00)
DIED. FAILED tests 1-4
	Failed 4/4 tests, 0.00% okay
t/11byrecord............Not a HASH reference at /usr/local/perl-current/cpan/build/XML-SAX-Machines-0.4/blib/lib/XML/SAX/Machine.pm line 1479.
Not a HASH reference at /usr/local/perl-current/cpan/build/XML-SAX-Machines-0.4/blib/lib/XML/SAX/Machine.pm line 1479.
Not a HASH reference at /usr/local/perl-current/cpan/build/XML-SAX-Machines-0.4/blib/lib/XML/SAX/Machine.pm line 1479. at (eval 7) line 1
dubious
	Test returned status 255 (wstat 65280, 0xff00)
DIED. FAILED tests 1-4
	Failed 4/4 tests, 0.00% okay
t/11manifold............Not a HASH reference at /usr/local/perl-current/cpan/build/XML-SAX-Machines-0.4/blib/lib/XML/SAX/Machine.pm line 1479.
Not a HASH reference at /usr/local/perl-current/cpan/build/XML-SAX-Machines-0.4/blib/lib/XML/SAX/Machine.pm line 1479.
Not a HASH reference at /usr/local/perl-current/cpan/build/XML-SAX-Machines-0.4/blib/lib/XML/SAX/Machine.pm line 1479.
Not a HASH reference at /usr/local/perl-current/cpan/build/XML-SAX-Machines-0.4/blib/lib/XML/SAX/Machine.pm line 1479. at (eval 7) line 1
dubious
	Test returned status 255 (wstat 65280, 0xff00)
DIED. FAILED tests 1-3
	Failed 3/3 tests, 0.00% okay
t/20saxt................Not a HASH reference at /usr/local/perl-current/cpan/build/XML-SAX-Machines-0.4/blib/lib/XML/SAX/Machine.pm line 1479.
Not a HASH reference at /usr/local/perl-current/cpan/build/XML-SAX-Machines-0.4/blib/lib/XML/SAX/Machine.pm line 1479.
Not a HASH reference at /usr/local/perl-current/cpan/build/XML-SAX-Machines-0.4/blib/lib/XML/SAX/Machine.pm line 1479.
Not a HASH reference at /usr/local/perl-current/cpan/build/XML-SAX-Machines-0.4/blib/lib/XML/SAX/Machine.pm line 1479.
Not a HASH reference at /usr/local/perl-current/cpan/build/XML-SAX-Machines-0.4/blib/lib/XML/SAX/Machine.pm line 1479.
Not a HASH reference at /usr/local/perl-current/cpan/build/XML-SAX-Machines-0.4/blib/lib/XML/SAX/Machine.pm line 1479.
Not a HASH reference at /usr/local/perl-current/cpan/build/XML-SAX-Machines-0.4/blib/lib/XML/SAX/Machine.pm line 1479. at (eval 3) line 1
dubious
	Test returned status 255 (wstat 65280, 0xff00)
DIED. FAILED tests 1-5
	Failed 5/5 tests, 0.00% okay
Failed 12/17 test scripts, 29.41% okay. 60/148 subtests failed, 59.46% okay.
Failed Test        Stat Wstat Total Fail  Failed  List of Failed
-------------------------------------------------------------------------------
t/00machines.t      255 65280     4    3  75.00%  2-4
t/01compile_spec.t               24   23  95.83%  1-13 15-24
t/02find_part.t     255 65280     9    9 100.00%  1-9
t/09machine.t       255 65280    ??   ??       %  ??
t/10bad_machine.t                 3    3 100.00%  1-3
t/10distributor.t   255 65280     3    3 100.00%  1-3
t/10docsplitter.t   255 65280     3    3 100.00%  1-3
t/10pipeline.t      255 65280    ??   ??       %  ??
t/10tap.t           255 65280     4    4 100.00%  1-4
t/11byrecord.t      255 65280     4    4 100.00%  1-4
t/11manifold.t      255 65280     3    3 100.00%  1-3
t/20saxt.t          255 65280     5    5 100.00%  1-5
make: *** [test_dynamic] Error 2
  /usr/bin/make test -- NOT OK
Running make install
  make test had returned bad status, won't install without force
