cpanm (App::cpanminus) 1.5011 on perl 5.014002 built for x86_64-linux
Work directory is /home/blastmaster/.cpanm/work/1339935598.2703
You have make /usr/bin/make
You have LWP 6.04
You have /bin/tar: tar (GNU tar) 1.23
Copyright © 2010 Free Software Foundation, Inc.
License GPLv3+: GNU GPL Version 3 oder später <http://gnu.org/licenses/gpl.html>
Dies ist freie Software: Sie dürfen sie ändern und weiter verbreiten.
Es gibt KEINERLEI GARANTIE, so weit das Gesetz es erlaubt.

Geschrieben von John Gilmore und Jay Fenlason.
You have /usr/bin/unzip
Searching Image::Magick on cpanmetadb ...
--> Working on Image::Magick
Fetching http://www.cpan.org/authors/id/J/JC/JCRISTY/PerlMagick-6.77.tar.gz
-> OK
Unpacking PerlMagick-6.77.tar.gz
Entering PerlMagick-6.77
META.yml not found or unparsable. Fetching META.yml from search.cpan.org
Configuring PerlMagick-6.77
Running Makefile.PL
Checking if your kit is complete...
Looks good
Writing Makefile for Image::Magick
Writing MYMETA.yml
-> OK
Checking dependencies from MYMETA.yml ...
Checking if you have ExtUtils::MakeMaker 0 ... Yes (6.57_05)
Building and testing Image-Magick-6.77
cp Magick.pm blib/lib/Image/Magick.pm
AutoSplitting blib/lib/Image/Magick.pm (blib/lib/auto/Image/Magick)
/home/blastmaster/perl5/perlbrew/perls/perl-5.14.2/bin/perl /home/blastmaster/perl5/perlbrew/perls/perl-5.14.2/lib/5.14.2/ExtUtils/xsubpp  -typemap /home/blastmaster/perl5/perlbrew/perls/perl-5.14.2/lib/5.14.2/ExtUtils/typemap -typemap typemap  Magick.xs > Magick.xsc && mv Magick.xsc Magick.c
cc -c  -I../ -I.. -pthread -I/usr/include/cairo -I/usr/include/glib-2.0 -I/usr/lib64/glib-2.0/include -I/usr/include/pixman-1 -I/usr/include/freetype2 -I/usr/include/libpng12 -pthread -I/usr/include/pango-1.0 -I/usr/include/freetype2 -I/usr/include/glib-2.0 -I/usr/lib64/glib-2.0/include -I/usr/include/graphviz -I/usr/include/freetype2 -I/usr/include/libxml2 -I"/usr/include/ImageMagick" -fno-strict-aliasing -pipe -fstack-protector -I/usr/local/include -D_LARGEFILE_SOURCE -D_FILE_OFFSET_BITS=64 -fopenmp -g -O2 -Wall -pthread -O2   -DVERSION=\"6.77\" -DXS_VERSION=\"6.77\" -fPIC "-I/home/blastmaster/perl5/perlbrew/perls/perl-5.14.2/lib/5.14.2/x86_64-linux/CORE"  -D_LARGE_FILES=1 -DHAVE_CONFIG_H Magick.c
Magick.xs:289: error: ‘MagickDirectionOptions’ undeclared here (not in a function)
Magick.xs:540: error: ‘MagickStatisticOptions’ undeclared here (not in a function)
Magick.xs: In function ‘GetPackageInfo’:
Magick.xs:979: warning: implicit declaration of function ‘FormatLocaleString’
Magick.xs: In function ‘SiPrefixToDoubleInterval’:
Magick.xs:1032: warning: implicit declaration of function ‘InterpretSiPrefixValue’
Magick.xs: In function ‘StringToDouble’:
Magick.xs:1040: warning: implicit declaration of function ‘InterpretLocaleValue’
Magick.xs: In function ‘SetAttribute’:
Magick.xs:1092: warning: implicit declaration of function ‘ParseCommandOption’
Magick.xs:1591: warning: implicit declaration of function ‘AcquireAuthenticCacheView’
Magick.xs:1591: warning: assignment makes pointer from integer without a cast
Magick.xs:1598: warning: implicit declaration of function ‘SetPixelIndex’
Magick.xs:1824: warning: assignment makes pointer from integer without a cast
Magick.xs:1846: warning: implicit declaration of function ‘SetPixelRed’
Magick.xs:1847: warning: implicit declaration of function ‘SetPixelGreen’
Magick.xs:1848: warning: implicit declaration of function ‘SetPixelBlue’
Magick.xs:1849: warning: implicit declaration of function ‘SetPixelOpacity’
Magick.xs: In function ‘XS_Image__Magick_Get’:
Magick.xs:4445: warning: implicit declaration of function ‘CommandOptionToMnemonic’
Magick.xs:4445: warning: passing argument 2 of ‘Perl_sv_setpv’ makes pointer from integer without a cast
/home/blastmaster/perl5/perlbrew/perls/perl-5.14.2/lib/5.14.2/x86_64-linux/CORE/proto.h:3954: note: expected ‘const char * const’ but argument is of type ‘int’
Magick.xs:4497: warning: passing argument 2 of ‘Perl_sv_setpv’ makes pointer from integer without a cast
/home/blastmaster/perl5/perlbrew/perls/perl-5.14.2/lib/5.14.2/x86_64-linux/CORE/proto.h:3954: note: expected ‘const char * const’ but argument is of type ‘int’
Magick.xs:4507: warning: passing argument 2 of ‘Perl_sv_setpv’ makes pointer from integer without a cast
/home/blastmaster/perl5/perlbrew/perls/perl-5.14.2/lib/5.14.2/x86_64-linux/CORE/proto.h:3954: note: expected ‘const char * const’ but argument is of type ‘int’
Magick.xs:4613: warning: passing argument 2 of ‘Perl_sv_setpv’ makes pointer from integer without a cast
/home/blastmaster/perl5/perlbrew/perls/perl-5.14.2/lib/5.14.2/x86_64-linux/CORE/proto.h:3954: note: expected ‘const char * const’ but argument is of type ‘int’
Magick.xs:4658: warning: passing argument 2 of ‘Perl_sv_setpv’ makes pointer from integer without a cast
/home/blastmaster/perl5/perlbrew/perls/perl-5.14.2/lib/5.14.2/x86_64-linux/CORE/proto.h:3954: note: expected ‘const char * const’ but argument is of type ‘int’
Magick.xs:4697: warning: passing argument 2 of ‘Perl_sv_setpv’ makes pointer from integer without a cast
/home/blastmaster/perl5/perlbrew/perls/perl-5.14.2/lib/5.14.2/x86_64-linux/CORE/proto.h:3954: note: expected ‘const char * const’ but argument is of type ‘int’
Magick.xs:4761: warning: passing argument 2 of ‘Perl_sv_setpv’ makes pointer from integer without a cast
/home/blastmaster/perl5/perlbrew/perls/perl-5.14.2/lib/5.14.2/x86_64-linux/CORE/proto.h:3954: note: expected ‘const char * const’ but argument is of type ‘int’
Magick.xs:4881: warning: implicit declaration of function ‘AcquireVirtualCacheView’
Magick.xs:4881: warning: assignment makes pointer from integer without a cast
Magick.xs:4887: warning: implicit declaration of function ‘GetPixelIndex’
Magick.xs:4921: warning: passing argument 2 of ‘Perl_sv_setpv’ makes pointer from integer without a cast
/home/blastmaster/perl5/perlbrew/perls/perl-5.14.2/lib/5.14.2/x86_64-linux/CORE/proto.h:3954: note: expected ‘const char * const’ but argument is of type ‘int’
Magick.xs:5075: warning: passing argument 2 of ‘Perl_sv_setpv’ makes pointer from integer without a cast
/home/blastmaster/perl5/perlbrew/perls/perl-5.14.2/lib/5.14.2/x86_64-linux/CORE/proto.h:3954: note: expected ‘const char * const’ but argument is of type ‘int’
Magick.xs:5149: warning: implicit declaration of function ‘GetPixelRed’
Magick.xs:5149: warning: implicit declaration of function ‘GetPixelGreen’
Magick.xs:5150: warning: implicit declaration of function ‘GetPixelBlue’
Magick.xs:5150: warning: implicit declaration of function ‘GetPixelOpacity’
Magick.xs:5171: warning: passing argument 2 of ‘Perl_sv_setpv’ makes pointer from integer without a cast
/home/blastmaster/perl5/perlbrew/perls/perl-5.14.2/lib/5.14.2/x86_64-linux/CORE/proto.h:3954: note: expected ‘const char * const’ but argument is of type ‘int’
Magick.xs:5210: warning: passing argument 2 of ‘Perl_sv_setpv’ makes pointer from integer without a cast
/home/blastmaster/perl5/perlbrew/perls/perl-5.14.2/lib/5.14.2/x86_64-linux/CORE/proto.h:3954: note: expected ‘const char * const’ but argument is of type ‘int’
Magick.xs:5358: warning: passing argument 2 of ‘Perl_sv_setpv’ makes pointer from integer without a cast
/home/blastmaster/perl5/perlbrew/perls/perl-5.14.2/lib/5.14.2/x86_64-linux/CORE/proto.h:3954: note: expected ‘const char * const’ but argument is of type ‘int’
Magick.xs:5427: warning: passing argument 2 of ‘Perl_sv_setpv’ makes pointer from integer without a cast
/home/blastmaster/perl5/perlbrew/perls/perl-5.14.2/lib/5.14.2/x86_64-linux/CORE/proto.h:3954: note: expected ‘const char * const’ but argument is of type ‘int’
Magick.xs: In function ‘XS_Image__Magick_Mogrify’:
Magick.xs:7510: error: ‘CommandOption’ undeclared (first use in this function)
Magick.xs:7510: error: (Each undeclared identifier is reported only once
Magick.xs:7510: error: for each function it appears in.)
Magick.xs:7510: error: expected ‘)’ before ‘pp’
Magick.xs:7793: warning: implicit declaration of function ‘StatisticImageChannel’
Magick.xs:7793: error: ‘MedianStatistic’ undeclared (first use in this function)
Magick.xs:7794: warning: assignment makes pointer from integer without a cast
Magick.xs:7825: error: ‘NonpeakStatistic’ undeclared (first use in this function)
Magick.xs:7826: warning: assignment makes pointer from integer without a cast
Magick.xs:8192: error: ‘DrawInfo’ has no member named ‘direction’
Magick.xs:8192: error: ‘DirectionType’ undeclared (first use in this function)
Magick.xs:8193: warning: statement with no effect
Magick.xs:8193: error: expected ‘;’ before ‘argument_list’
Magick.xs:8300: warning: assignment makes pointer from integer without a cast
Magick.xs:8479: warning: passing argument 2 of ‘CloneString’ makes pointer from integer without a cast
/usr/include/ImageMagick/magick/string_.h:46: note: expected ‘const char *’ but argument is of type ‘int’
Magick.xs:8502: warning: passing argument 2 of ‘ConcatenateString’ makes pointer from integer without a cast
/usr/include/ImageMagick/magick/string_.h:76: note: expected ‘const char *’ but argument is of type ‘int’
Magick.xs:8699: error: ‘DrawInfo’ has no member named ‘direction’
Magick.xs:8700: warning: statement with no effect
Magick.xs:8700: error: expected ‘;’ before ‘argument_list’
Magick.xs:10612: warning: implicit declaration of function ‘ColorMatrixImage’
Magick.xs:10612: warning: assignment makes pointer from integer without a cast
Magick.xs:10627: warning: implicit declaration of function ‘SetImageColor’
Magick.xs:10645: error: ‘ModeStatistic’ undeclared (first use in this function)
Magick.xs:10646: warning: assignment makes pointer from integer without a cast
Magick.xs:10651: error: ‘StatisticType’ undeclared (first use in this function)
Magick.xs:10652: warning: statement with no effect
Magick.xs:10652: error: expected ‘;’ before ‘statistic’
Magick.xs:10654: error: ‘statistic’ undeclared (first use in this function)
Magick.xs:10654: error: ‘UndefinedStatistic’ undeclared (first use in this function)
Magick.xs:10654: warning: statement with no effect
Magick.xs:10669: warning: statement with no effect
Magick.xs:10669: error: expected ‘;’ before ‘argument_list’
Magick.xs:10671: warning: assignment makes pointer from integer without a cast
Magick.xs: In function ‘XS_Image__Magick_QueryFont’:
Magick.xs:11893: warning: passing argument 1 of ‘Perl_newSVpv’ makes pointer from integer without a cast
/home/blastmaster/perl5/perlbrew/perls/perl-5.14.2/lib/5.14.2/x86_64-linux/CORE/proto.h:2624: note: expected ‘const char * const’ but argument is of type ‘int’
Magick.xs:11898: warning: passing argument 1 of ‘Perl_newSVpv’ makes pointer from integer without a cast
/home/blastmaster/perl5/perlbrew/perls/perl-5.14.2/lib/5.14.2/x86_64-linux/CORE/proto.h:2624: note: expected ‘const char * const’ but argument is of type ‘int’
Magick.xs: In function ‘XS_Image__Magick_QueryFontMetrics’:
Magick.xs:12058: error: ‘DrawInfo’ has no member named ‘direction’
Magick.xs:12058: error: ‘DirectionType’ undeclared (first use in this function)
Magick.xs:12058: warning: statement with no effect
Magick.xs:12058: error: expected ‘;’ before ‘ParseCommandOption’
Magick.xs: In function ‘XS_Image__Magick_QueryOption’:
Magick.xs:12851: warning: implicit declaration of function ‘GetCommandOptions’
Magick.xs:12851: error: ‘CommandOption’ undeclared (first use in this function)
Magick.xs:12851: error: expected ‘)’ before ‘option’
Magick.xs:12851: warning: assignment makes pointer from integer without a cast
Magick.xs: In function ‘XS_Image__Magick_Smush’:
Magick.xs:13583: warning: implicit declaration of function ‘SmushImages’
Magick.xs:13584: warning: assignment makes pointer from integer without a cast
make: *** [Magick.o] Fehler 1
-> FAIL Installing Image::Magick failed. See /home/blastmaster/.cpanm/build.log for details.
