cpan> install SVN::Hooks
CPAN: Storable loaded ok (v2.16)
Use of uninitialized value in string eq at C:/Perl/site/lib/File/Spec/Win32.pm line 152.
CPAN: LWP::UserAgent loaded ok (v2.036)
CPAN: Time::HiRes loaded ok (v1.9707)
Fetching with LWP:
  http://ppm.activestate.com/CPAN/authors/01mailrc.txt.gz
CPAN: YAML loaded ok (v0.70)
Going to read C:\Perl\cpan\sources\authors\01mailrc.txt.gz
............................................................................DONE

Use of uninitialized value in string eq at C:/Perl/site/lib/File/Spec/Win32.pm line 152.
Fetching with LWP:
  http://ppm.activestate.com/CPAN/modules/02packages.details.txt.gz
Going to read C:\Perl\cpan\sources\modules\02packages.details.txt.gz
  Database was generated on Mon, 05 Mar 2012 12:10:31 GMT
..............
  New CPAN.pm version (v1.9800) available.
  [Currently running version is v1.9102]
  You might want to try
    install CPAN
    reload cpan
  to both upgrade CPAN.pm and run the new version without leaving
  the current session.


..............................................................DONE
Use of uninitialized value in string eq at C:/Perl/site/lib/File/Spec/Win32.pm line 152.
Fetching with LWP:
  http://ppm.activestate.com/CPAN/modules/03modlist.data.gz
Going to read C:\Perl\cpan\sources\modules\03modlist.data.gz
............................................................................DONE

Going to write C:\Perl\cpan\Metadata
Running install for module 'SVN::Hooks'
Running make for G/GN/GNUSTAVO/SVN-Hooks-1.12.tar.gz
Fetching with LWP:
  http://ppm.activestate.com/CPAN/authors/id/G/GN/GNUSTAVO/SVN-Hooks-1.12.tar.gz

CPAN: Digest::SHA loaded ok (v5.47)
Fetching with LWP:
  http://ppm.activestate.com/CPAN/authors/id/G/GN/GNUSTAVO/CHECKSUMS
Checksum for C:\Perl\cpan\sources\authors\id\G\GN\GNUSTAVO\SVN-Hooks-1.12.tar.gz
 ok
Scanning cache C:\Perl/cpan/build for sizes
DONE
CPAN: Archive::Tar loaded ok (v1.3201)
SVN-Hooks-1.12/
SVN-Hooks-1.12/META.yml
SVN-Hooks-1.12/dist.ini
SVN-Hooks-1.12/Makefile.PL
SVN-Hooks-1.12/LICENSE
SVN-Hooks-1.12/MANIFEST
SVN-Hooks-1.12/t/
SVN-Hooks-1.12/t/02-denychanges.t
SVN-Hooks-1.12/t/02-updateconffile.t
SVN-Hooks-1.12/t/02-checkmimetypes.t
SVN-Hooks-1.12/t/02-checkjira.t
SVN-Hooks-1.12/t/author-critic.t
SVN-Hooks-1.12/t/release-pod-coverage.t
SVN-Hooks-1.12/t/release-pod-syntax.t
SVN-Hooks-1.12/t/02-checkstructure.t
SVN-Hooks-1.12/t/02-jiraacceptance.t
SVN-Hooks-1.12/t/02-allowpropchange.t
SVN-Hooks-1.12/t/02-allowlogchange.t
SVN-Hooks-1.12/t/02-checklog.t
SVN-Hooks-1.12/t/02-notify.t
SVN-Hooks-1.12/t/test-functions.pl
SVN-Hooks-1.12/t/02-checkproperty.t
SVN-Hooks-1.12/t/02-mailer.t
SVN-Hooks-1.12/t/02-checkstructurealone.t
SVN-Hooks-1.12/t/release-kwalitee.t
SVN-Hooks-1.12/t/00-load.t
SVN-Hooks-1.12/t/01-direct.t
SVN-Hooks-1.12/t/02-checkcapability.t
SVN-Hooks-1.12/t/02-denyfilenames.t
SVN-Hooks-1.12/t/02-generic.t
SVN-Hooks-1.12/perlcritic.rc
SVN-Hooks-1.12/TODO
SVN-Hooks-1.12/Changes
SVN-Hooks-1.12/lib/
SVN-Hooks-1.12/lib/SVN/
SVN-Hooks-1.12/lib/SVN/Hooks/
SVN-Hooks-1.12/lib/SVN/Hooks/DenyFilenames.pm
SVN-Hooks-1.12/lib/SVN/Hooks/CheckMimeTypes.pm
SVN-Hooks-1.12/lib/SVN/Hooks/DenyChanges.pm
SVN-Hooks-1.12/lib/SVN/Hooks/AllowPropChange.pm
SVN-Hooks-1.12/lib/SVN/Hooks/CheckProperty.pm
SVN-Hooks-1.12/lib/SVN/Hooks/Mailer.pm
SVN-Hooks-1.12/lib/SVN/Hooks/UpdateConfFile.pm
SVN-Hooks-1.12/lib/SVN/Hooks/Generic.pm
SVN-Hooks-1.12/lib/SVN/Hooks/AllowLogChange.pm
SVN-Hooks-1.12/lib/SVN/Hooks/CheckJira.pm
SVN-Hooks-1.12/lib/SVN/Hooks/JiraAcceptance.pm
SVN-Hooks-1.12/lib/SVN/Hooks/Notify.pm
SVN-Hooks-1.12/lib/SVN/Hooks/CheckCapability.pm
SVN-Hooks-1.12/lib/SVN/Hooks/CheckLog.pm
SVN-Hooks-1.12/lib/SVN/Hooks/CheckStructure.pm
SVN-Hooks-1.12/lib/SVN/Hooks.pm
SVN-Hooks-1.12/examples/
SVN-Hooks-1.12/examples/check-perl-critic.pl
SVN-Hooks-1.12/examples/README.txt
SVN-Hooks-1.12/examples/check-valid-utf8.pl
SVN-Hooks-1.12/examples/check-filesize-limit.pl
SVN-Hooks-1.12/examples/check-java-style.pl
SVN-Hooks-1.12/README
CPAN: File::Temp loaded ok (v0.18)

  CPAN.pm: Going to build G/GN/GNUSTAVO/SVN-Hooks-1.12.tar.gz

Checking if your kit is complete...
Looks good
Writing Makefile for SVN::Hooks
cp lib/SVN/Hooks/DenyFilenames.pm blib\lib\SVN\Hooks\DenyFilenames.pm
cp lib/SVN/Hooks/CheckMimeTypes.pm blib\lib\SVN\Hooks\CheckMimeTypes.pm
cp lib/SVN/Hooks/CheckCapability.pm blib\lib\SVN\Hooks\CheckCapability.pm
cp lib/SVN/Hooks/UpdateConfFile.pm blib\lib\SVN\Hooks\UpdateConfFile.pm
cp lib/SVN/Hooks/CheckProperty.pm blib\lib\SVN\Hooks\CheckProperty.pm
cp lib/SVN/Hooks/Notify.pm blib\lib\SVN\Hooks\Notify.pm
cp lib/SVN/Hooks.pm blib\lib\SVN\Hooks.pm
cp lib/SVN/Hooks/CheckJira.pm blib\lib\SVN\Hooks\CheckJira.pm
cp lib/SVN/Hooks/Generic.pm blib\lib\SVN\Hooks\Generic.pm
cp lib/SVN/Hooks/JiraAcceptance.pm blib\lib\SVN\Hooks\JiraAcceptance.pm
cp lib/SVN/Hooks/Mailer.pm blib\lib\SVN\Hooks\Mailer.pm
cp lib/SVN/Hooks/DenyChanges.pm blib\lib\SVN\Hooks\DenyChanges.pm
cp lib/SVN/Hooks/AllowLogChange.pm blib\lib\SVN\Hooks\AllowLogChange.pm
cp lib/SVN/Hooks/CheckStructure.pm blib\lib\SVN\Hooks\CheckStructure.pm
cp lib/SVN/Hooks/CheckLog.pm blib\lib\SVN\Hooks\CheckLog.pm
cp lib/SVN/Hooks/AllowPropChange.pm blib\lib\SVN\Hooks\AllowPropChange.pm
  GNUSTAVO/SVN-Hooks-1.12.tar.gz
  dmake -- OK
Running make test
C:\Perl\bin\perl.exe "-MExtUtils::Command::MM" "-e" "test_harness(0, 'blib\lib', 'blib\arch')" t/*.t
t/00-load...................ok
t/01-direct.................ok
t/02-allowlogchange.........ok
t/02-allowpropchange........ok
t/02-checkcapability........ok
t/02-checkjira..............ok
        5/15 skipped: various reasons
t/02-checklog...............ok
t/02-checkmimetypes.........ok
t/02-checkproperty..........ok
t/02-checkstructure.........ok
t/02-checkstructurealone....ok
t/02-denychanges............ok
t/02-denyfilenames..........ok
t/02-generic................ok 8/12
#   Failed test 'cry pre-unlock'
#   at t/test-functions.pl line 83.
t/02-generic................NOK 12/12#                   'svn: warning: W160037: Lock token URI '
# C:\Perl\cpan\build\SVN-Hooks-1.12-UnoZmY>C:\Perl\bin\perl.exe C:\Perl\cpan\build\SVN-Hooks-1.12-UnoZmY\t.DTd8\repo\hooks\svn-hooks.pl pre-lock C:\Perl\cpan\build\SVN-Hooks-1.12-UnoZmY\t.DTd8\repo /file.txt mbrimer "" 0
# ' has bad scheme; expected 'opaquelocktoken'
# svn: E195013: 'C:/Perl/cpan/build/SVN-Hooks-1.12-UnoZmY/t.DTd8/wc/file.txt' is not locked in this working copy
# '
#     doesn't match '(?-xism:C\:\\Perl\\cpan\\build\\SVN\-Hooks\-1\.12\-UnoZmY\\t\.DTd8\\repo,/?file.txt,)'
# Looks like you failed 1 test of 12.
t/02-generic................dubious
        Test returned status 1 (wstat 256, 0x100)
DIED. FAILED test 12
        Failed 1/12 tests, 91.67% okay
t/02-jiraacceptance.........ok
t/02-mailer.................ok
t/02-notify.................ok
t/02-updateconffile.........ok
t/author-critic.............skipped
        all skipped: these tests are for testing by the author
t/release-kwalitee..........skipped
        all skipped: these tests are for release candidate testing
t/release-pod-coverage......skipped
        all skipped: these tests are for release candidate testing
t/release-pod-syntax........skipped
        all skipped: these tests are for release candidate testing
Failed Test    Stat Wstat Total Fail  List of Failed
-------------------------------------------------------------------------------
t/02-generic.t    1   256    12    1  12
4 tests and 5 subtests skipped.
Failed 1/22 test scripts. 1/165 subtests failed.
Files=22, Tests=165, 81 wallclock secs ( 0.00 cusr +  0.00 csys =  0.00 CPU)
Failed 1/22 test programs. 1/165 subtests failed.
dmake.exe:  Error code 255, while making 'test_dynamic'
  GNUSTAVO/SVN-Hooks-1.12.tar.gz
  dmake test -- NOT OK
Running make install
  make test had returned bad status, won't install without force
Failed during this command:
 GNUSTAVO/SVN-Hooks-1.12.tar.gz               : make_test NO


cpan>