C:\home\heaven>cpan CHRISN/Net-SSLeay-1.89_02.tar.gz
CPAN: CPAN::SQLite loaded ok (v0.202)
Database was generated on Sun, 09 Aug 2020 03:06:08 GMT
CPAN: Digest::SHA loaded ok (v6.02)
CPAN: Compress::Zlib loaded ok (v2.096)
Checksum for C:\Strawberry\cpan\sources\authors\id\C\CH\CHRISN\Net-SSLeay-1.89_02.tar.gz ok
CPAN: Archive::Tar loaded ok (v2.32)
CPAN: YAML::XS loaded ok (v0.76_001)
CPAN: CPAN::Meta::Requirements loaded ok (v2.140)
CPAN: Parse::CPAN::Meta loaded ok (v2.150010)
CPAN: CPAN::Meta loaded ok (v2.150010)
CPAN: Module::CoreList loaded ok (v5.20200603)
Configuring C/CH/CHRISN/Net-SSLeay-1.89_02.tar.gz with Makefile.PL
CPAN: CPAN::Reporter loaded ok (v1.2018)
Do you want to run external tests?
These tests *will* *fail* if you do not have network connectivity. [n] n
WARNING: can't open config file: z:/strawberry_libs/build/_wrk_2013Q1_.out/ssl/openssl.cnf
*** Found OpenSSL-1.0.1e installed in C:\Strawberry\perl\..\c
*** Be sure to use the same compiler and options to compile your OpenSSL, perl,
    and Net::SSLeay. Mixing and matching compilers is not supported.
Checking if your kit is complete...
Looks good
Generating a dmake-style Makefile
Writing Makefile for Net::SSLeay
"\x{00a4}" does not map to cp932 at C:\home\heaven\perl5\lib\perl5/ExtUtils/MakeMaker.pm line 1271.
"\x{00a4}" does not map to cp932 at C:\home\heaven\perl5\lib\perl5/ExtUtils/MakeMaker.pm line 1271.
"\x{00a4}" does not map to cp932 at C:\home\heaven\perl5\lib\perl5/ExtUtils/MakeMaker.pm line 1271.
"\x{00a4}" does not map to cp932 at C:\home\heaven\perl5\lib\perl5/ExtUtils/MakeMaker.pm line 1271.
Writing MYMETA.yml and MYMETA.json
(C:\Strawberry\perl\bin\perl.exe Makefile.PL exited with 0)
CPAN::Reporter: Makefile.PL result is 'pass', No errors.
  CHRISN/Net-SSLeay-1.89_02.tar.gz
  C:\Strawberry\perl\bin\perl.exe Makefile.PL -- OK
Running make for C/CH/CHRISN/Net-SSLeay-1.89_02.tar.gz
cp lib/Net/SSLeay.pm blib\lib\Net\SSLeay.pm
AutoSplitting blib\lib\Net\SSLeay.pm (blib\lib\auto\Net\SSLeay)
blib\lib\Net\SSLeay.pm: some names are not unique when truncated to 8 characters:
 directory blib\lib\auto\Net\SSLeay:
  do_https3.al, do_https2.al, do_https4.al, do_https.al truncate to do_https
  do_httpx3.al, do_httpx2.al, do_httpx4.al truncate to do_httpx
  get_https.al, get_https3.al, get_https4.al, get_http.al, get_http3.al, get_http4.al, get_httpx.al, get_httpx3.al, get_httpx4.al truncate to get_http
  head_https.al, head_https3.al, head_https4.al, head_http.al, head_http3.al, head_http4.al, head_httpx.al, head_httpx3.al, head_httpx4.al truncate to head_htt
  post_https.al, post_https3.al, post_https4.al, post_http.al, post_http3.al, post_http4.al, post_httpx.al, post_httpx3.al, post_httpx4.al truncate to post_htt
  put_https.al, put_https3.al, put_https4.al, put_http.al, put_http3.al, put_http4.al, put_httpx.al, put_httpx3.al, put_httpx4.al truncate to put_http
  ssl_read_all.al, ssl_read_until.al, ssl_read_CRLF.al truncate to ssl_read
  ssl_write_all.al, ssl_write_CRLF.al truncate to ssl_writ
  tcp_read_all.al, tcp_read_until.al, tcp_read_CRLF.al truncate to tcp_read
  tcp_write_all.al, tcp_write_CRLF.al truncate to tcp_writ
cp lib/Net/SSLeay.pod blib\lib\Net\SSLeay.pod
cp lib/Net/SSLeay/Handle.pm blib\lib\Net\SSLeay\Handle.pm
Running Mkbootstrap for SSLeay ()
C:\"Strawberry\perl\bin\perl.exe" -MExtUtils::Command -e chmod -- 644 "SSLeay.bs"
C:\"Strawberry\perl\bin\perl.exe" -MExtUtils::Command::MM -e cp_nonempty -- SSLeay.bs blib\arch\auto\Net\SSLeay\SSLeay.bs 644
C:\"Strawberry\perl\bin\perl.exe" "C:\home\heaven\perl5\lib\perl5\ExtUtils\xsubpp"  -typemap C:\Strawberry\perl\lib\ExtUtils\typemap -typemap C:\Strawberry\cpan\build\Net-SSLeay-1.89_02-1\typemap  SSLeay.xs > SSLeay.xsc
C:\"Strawberry\perl\bin\perl.exe" -MExtUtils::Command -e mv -- SSLeay.xsc SSLeay.c
gcc -c  -I"C:\Strawberry\perl\..\c/include"     -s -O2 -DWIN32 -DPERL_TEXTMODE_SCRIPTS -DPERL_IMPLICIT_CONTEXT -DPERL_IMPLICIT_SYS -fno-strict-aliasing -mms-bitfields -s -O2     -DVERSION=\"1.89_02\"         -DXS_VERSION=\"1.89_02\"  "-IC:\Strawberry\perl\lib\CORE"   SSLeay.c
C:\"Strawberry\perl\bin\perl.exe" -MExtUtils::Mksymlists \
     -e "Mksymlists('NAME'=>\"Net::SSLeay\", 'DLBASE' => 'SSLeay', 'DL_FUNCS' => {  }, 'FUNCLIST' => [], 'IMPORTS' => {
 }, 'DL_VARS' => []);"
g++ SSLeay.def -o blib\arch\auto\Net\SSLeay\SSLeay.dll -mdll -s -LC:\Strawberry\perl\..\c/lib -L"C:\Strawberry\perl\lib\CORE" -L"C:\Strawberry\c\lib" SSLeay.o   "C:\Strawberry\perl\lib\CORE\libperl514.a" "C:\Strawberry\perl\..\c\lib\libeay32.a" "C:\Strawberry\perl\..\c\lib\libssl32.a" "C:\Strawberry\c\i686-w64-mingw32\lib\libcrypt32.a" "C:\Strawberry\c\i686-w64-mingw32\lib\libmoldname.a" "C:\Strawberry\c\i686-w64-mingw32\lib\libkernel32.a" "C:\Strawberry\c\i686-w64-mingw32\lib\libuser32.a" "C:\Strawberry\c\i686-w64-mingw32\lib\libgdi32.a" "C:\Strawberry\c\i686-w64-mingw32\lib\libwinspool.a" "C:\Strawberry\c\i686-w64-mingw32\lib\libcomdlg32.a" "C:\Strawberry\c\i686-w64-mingw32\lib\libadvapi32.a" "C:\Strawberry\c\i686-w64-mingw32\lib\libshell32.a" "C:\Strawberry\c\i686-w64-mingw32\lib\libole32.a" "C:\Strawberry\c\i686-w64-mingw32\lib\liboleaut32.a" "C:\Strawberry\c\i686-w64-mingw32\lib\libnetapi32.a" "C:\Strawberry\c\i686-w64-mingw32\lib\libuuid.a" "C:\Strawberry\c\i686-w64-mingw32\lib\libws2_32.a" "C:\Strawberry\c\i686-w64-mingw32\lib\libmpr.a" "C:\Strawberry\c\i686-w64-mingw32\lib\libwinmm.a" "C:\Strawberry\c\i686-w64-mingw32\lib\libversion.a" "C:\Strawberry\c\i686-w64-mingw32\lib\libodbc32.a" "C:\Strawberry\c\i686-w64-mingw32\lib\libodbccp32.a" "C:\Strawberry\c\i686-w64-mingw32\lib\libcomctl32.a" -Wl,--enable-auto-image-base
C:\"Strawberry\perl\bin\perl.exe" -MExtUtils::Command -e chmod -- 755 blib\arch\auto\Net\SSLeay\SSLeay.dll
(C:\Strawberry\c\bin\dmake.exe exited with 0)
CPAN::Reporter: dmake result is 'pass', No errors.
  CHRISN/Net-SSLeay-1.89_02.tar.gz
  C:\Strawberry\c\bin\dmake.exe -- OK
Running make test for CHRISN/Net-SSLeay-1.89_02.tar.gz
C:\"Strawberry\perl\bin\perl.exe" -MExtUtils::Command::MM -e cp_nonempty -- SSLeay.bs blib\arch\auto\Net\SSLeay\SSLeay.bs 644
C:\"Strawberry\perl\bin\perl.exe" "-MExtUtils::Command::MM" "-MTest::Harness" "-e" "undef *Test::Harness::Switches; test_harness(0, 'blib\lib', 'blib\arch')" t/local/*.t t/handle/local/*.t
t/handle/local/05_use.t ................ ok
t/local/01_pod.t ....................... ok
t/local/02_pod_coverage.t .............. skipped: These tests are for only for release candidate testing. Enable with RELEASE_TESTING=1
#
# Testing Net::SSLeay 1.89_02
#
# Perl information:
#   Version:         '5.014004'
#   Executable path: 'C:\Strawberry\perl\bin\perl.exe'
#
# libssl information:
#   SSLEAY_VERSION:      'OpenSSL 1.0.1e 11 Feb 2013'
#   SSLEAY_CFLAGS:       'compiler: gcc -D_WINDLL -DOPENSSL_USE_APPLINK -DOPENSSL_PIC -DZLIB -DOPENSSL_THREADS -D_MT -DDSO_WIN32 -DL_ENDIAN -DWIN32_LEAN_AND_MEAN -fomit-frame-pointer -O3 -march=i486 -Wall -DOPENSSL_BN_ASM_PART_WORDS -DOPENSSL_IA32_SSE2 -DOPENSSL_BN_ASM_MONT -DOPENSSL_BN_ASM_GF2m -DSHA1_ASM -DSHA256_ASM -DSHA512_ASM -DMD5_ASM -DRMD160_ASM -DAES_ASM -DVPAES_ASM -DWHIRLPOOL_ASM -DGHASH_ASM'
#   SSLEAY_BUILT_ON:     'built on: Sun Feb 17 22:50:46 GMT 2013'
#   SSLEAY_PLATFORM:     'platform: mingw'
#   SSLEAY_DIR:          'OPENSSLDIR: "z:/strawberry_libs/build/_wrk_2013Q1_.out/ssl"'
t/local/03_use.t ....................... ok
t/local/04_basic.t ..................... ok
t/local/05_passwd_cb.t ................. ok
t/local/06_tcpecho.t ................... ok
t/local/07_sslecho.t ................... ok
t/local/08_pipe.t ...................... skipped: fork() not natively supported on this system
t/local/09_ctx_new.t ................... ok
t/local/10_rand.t ...................... ok
t/local/11_read.t ...................... ok
t/local/15_bio.t ....................... ok
t/local/20_autoload.t .................. ok
t/local/21_constants.t ................. ok
t/local/30_error.t ..................... ok
t/local/31_rsa_generate_key.t .......... ok
t/local/32_x509_get_cert_info.t ........ ok
t/local/33_x509_create_cert.t .......... ok
t/local/34_x509_crl.t .................. ok
t/local/35_ephemeral.t ................. ok
t/local/36_verify.t .................... ok
t/local/37_asn1_time.t ................. ok
t/local/38_priv-key.t .................. ok
t/local/39_pkcs12.t .................... ok
t/local/40_npn_support.t ............... ok
t/local/41_alpn_support.t .............. skipped: OpenSSL 1.0.2 or above required
t/local/42_info_callback.t ............. ok
t/local/43_misc_functions.t ............ ok
Could not accept connection: Bad file descriptor at t/local/44_sess.t line 177.

