[MSG] [Mon Jun 13 10:47:33 2011] Checking if source files are up to date
[MSG] [Mon Jun 13 10:47:34 2011] Checking if your kit is complete...
Looks good
Prototype mismatch: sub main::prompt: none vs ($;$) at C:/strawberry/perl/lib/ExtUtils/MakeMaker.pm line 202
Writing Makefile for par.exe
Writing Makefile for PAR::Packer

[MSG] [Mon Jun 13 10:47:34 2011] DEFAULT 'filter_prereqs' HANDLER RETURNING 'sub return value'
[MSG] [Mon Jun 13 10:47:47 2011] cp lib/App/Packer/PAR.pm blib\lib\App\Packer\PAR.pm
cp lib/PAR/Packer.pm blib\lib\PAR\Packer.pm
cp lib/PAR/Filter/Obfuscate.pm blib\lib\PAR\Filter\Obfuscate.pm
cp lib/PAR/Filter/PodStrip.pm blib\lib\PAR\Filter\PodStrip.pm
cp lib/PAR/StrippedPARL/Base.pm blib\lib\PAR\StrippedPARL\Base.pm
cp lib/PAR/Filter.pm blib\lib\PAR\Filter.pm
cp lib/PAR/Filter/PatchContent.pm blib\lib\PAR\Filter\PatchContent.pm
cp lib/PAR/Filter/Bytecode.pm blib\lib\PAR\Filter\Bytecode.pm
cp lib/pp.pm blib\lib\pp.pm
cp lib/PAR/Filter/Bleach.pm blib\lib\PAR\Filter\Bleach.pm
C:\strawberry\perl\bin\perl.exe sha1.c.PL
gcc -c -s -O2 -DWIN32 -DHAVE_DES_FCRYPT -DWIN64 -DCONSERVATIVE  -DUSE_SITECUSTOMIZE -DPERL_IMPLICIT_CONTEXT -DPERL_IMPLICIT_SYS -fno-strict-aliasing -mms-bitfields -DPERL_MSVCRT_READFIX  -I"C:\strawberry\perl\lib\CORE"  -DLOAD_MY_LIBGCC -DPARL_EXE=\"parl.exe\" -s -O2 main.c
C:\strawberry\perl\bin\perl.exe file2c.pl -s ..\script\par.pl -l my_par_pl.c load_my_par_pl
gcc -c -s -O2 -DWIN32 -DHAVE_DES_FCRYPT -DWIN64 -DCONSERVATIVE  -DUSE_SITECUSTOMIZE -DPERL_IMPLICIT_CONTEXT -DPERL_IMPLICIT_SYS -fno-strict-aliasing -mms-bitfields -DPERL_MSVCRT_READFIX  -I"C:\strawberry\perl\lib\CORE"  -DLOAD_MY_LIBGCC -DPARL_EXE=\"parl.exe\" -s -O2 my_par_pl.c
g++ main.o my_par_pl.o win32.coff -s   -s -L"C:\strawberry\perl\lib\CORE" -L"C:\strawberry\c\lib"  C:\strawberry\perl\lib\CORE\libperl512.a C:\strawberry\c\x86_64-w64-mingw32\lib\libmoldname.a C:\strawberry\c\x86_64-w64-mingw32\lib\libkernel32.a C:\strawberry\c\x86_64-w64-mingw32\lib\libuser32.a C:\strawberry\c\x86_64-w64-mingw32\lib\libgdi32.a C:\strawberry\c\x86_64-w64-mingw32\lib\libwinspool.a C:\strawberry\c\x86_64-w64-mingw32\lib\libcomdlg32.a C:\strawberry\c\x86_64-w64-mingw32\lib\libadvapi32.a C:\strawberry\c\x86_64-w64-mingw32\lib\libshell32.a C:\strawberry\c\x86_64-w64-mingw32\lib\libole32.a C:\strawberry\c\x86_64-w64-mingw32\lib\liboleaut32.a C:\strawberry\c\x86_64-w64-mingw32\lib\libnetapi32.a C:\strawberry\c\x86_64-w64-mingw32\lib\libuuid.a C:\strawberry\c\x86_64-w64-mingw32\lib\libws2_32.a C:\strawberry\c\x86_64-w64-mingw32\lib\libmpr.a C:\strawberry\c\x86_64-w64-mingw32\lib\libwinmm.a C:\strawberry\c\x86_64-w64-mingw32\lib\libversion.a C:\strawberry\c\x86_64-w64-mingw32\lib\libodbc32.a C:\strawberry\c\x86_64-w64-mingw32\lib\libodbccp32.a C:\strawberry\c\x86_64-w64-mingw32\lib\libcomctl32.a -o par.exe
rem
C:\strawberry\perl\bin\perl.exe encode_append.pl Dynamic.in par.exe Dynamic.pm
C:\strawberry\perl\bin\perl.exe file2c.pl -l -c 30000 par.exe my_par.c load_my_par
C:\strawberry\perl\bin\perl.exe file2c.pl -l -c 30000 -n perl512.dll C:\strawberry\perl\bin\perl512.dll my_libperl.c load_my_libperl
C:\strawberry\perl\bin\perl.exe file2c.pl -l -c 30000 C:\strawberry\perl\bin\libgcc_s_sjlj-1.dll my_libgcc.c load_my_libgcc
gcc -c -s -O2 -DWIN32 -DHAVE_DES_FCRYPT -DWIN64 -DCONSERVATIVE  -DUSE_SITECUSTOMIZE -DPERL_IMPLICIT_CONTEXT -DPERL_IMPLICIT_SYS -fno-strict-aliasing -mms-bitfields -DPERL_MSVCRT_READFIX  -I"C:\strawberry\perl\lib\CORE"  -DLOAD_MY_LIBGCC -DPARL_EXE=\"parl.exe\" -s -O2 boot.c
In file included from mktmpdir.h:85,
                 from mktmpdir.c:1,
                 from boot.c:3:
sha1.c: In function 'sha_transform':
sha1.c:146: warning: right shift count >= width of type
boot.c: In function 'main':
boot.c:123: warning: passing argument 3 of 'spawnvpe' from incompatible pointer type
c:\strawberry\c\bin\../lib/gcc/x86_64-w64-mingw32/4.4.3/../../../../x86_64-w64-mingw32/include/process.h:169: note: expected 'char * const*' but argument is of type 'const char * const*'
boot.c:123: warning: passing argument 4 of 'spawnvpe' from incompatible pointer type
c:\strawberry\c\bin\../lib/gcc/x86_64-w64-mingw32/4.4.3/../../../../x86_64-w64-mingw32/include/process.h:169: note: expected 'char * const*' but argument is of type 'const char * const*'
g++ boot.o -s   -s -L"C:\strawberry\perl\lib\CORE" -L"C:\strawberry\c\lib"  C:\strawberry\perl\lib\CORE\libperl512.a C:\strawberry\c\x86_64-w64-mingw32\lib\libmoldname.a C:\strawberry\c\x86_64-w64-mingw32\lib\libkernel32.a C:\strawberry\c\x86_64-w64-mingw32\lib\libuser32.a C:\strawberry\c\x86_64-w64-mingw32\lib\libgdi32.a C:\strawberry\c\x86_64-w64-mingw32\lib\libwinspool.a C:\strawberry\c\x86_64-w64-mingw32\lib\libcomdlg32.a C:\strawberry\c\x86_64-w64-mingw32\lib\libadvapi32.a C:\strawberry\c\x86_64-w64-mingw32\lib\libshell32.a C:\strawberry\c\x86_64-w64-mingw32\lib\libole32.a C:\strawberry\c\x86_64-w64-mingw32\lib\liboleaut32.a C:\strawberry\c\x86_64-w64-mingw32\lib\libnetapi32.a C:\strawberry\c\x86_64-w64-mingw32\lib\libuuid.a C:\strawberry\c\x86_64-w64-mingw32\lib\libws2_32.a C:\strawberry\c\x86_64-w64-mingw32\lib\libmpr.a C:\strawberry\c\x86_64-w64-mingw32\lib\libwinmm.a C:\strawberry\c\x86_64-w64-mingw32\lib\libversion.a C:\strawberry\c\x86_64-w64-mingw32\lib\libodbc32.a C:\strawberry\c\x86_64-w64-mingw32\lib\libodbccp32.a C:\strawberry\c\x86_64-w64-mingw32\lib\libcomctl32.a win32.coff -o boot.exe
rem
C:\strawberry\perl\bin\perl.exe parlsig.pl boot.exe par.exe 1 30000
C:\strawberry\perl\bin\perl.exe encode_append.pl Static.in boot.exe Static.pm
cp Static.pm ..\blib\lib\PAR\StrippedPARL\Static.pm
cp Dynamic.pm ..\blib\lib\PAR\StrippedPARL\Dynamic.pm
C:\strawberry\perl\bin\perl.exe -Mblib run_with_inc.pl par.exe -q -B -Oparldyn.exe
C:\strawberry\perl\bin\perl.exe -MExtUtils::Command -e "cp" -- parldyn.exe ..\blib\script\parldyn.exe
rem ..\blib\script\parldyn.exe
C:\strawberry\perl\bin\perl.exe -Mblib run_with_inc.pl boot.exe -q -B -Oparl.exe
C:\strawberry\perl\bin\perl.exe -MExtUtils::Command -e "cp" -- parl.exe ..\blib\script\parl.exe
rem ..\blib\script\parl.exe
C:\strawberry\perl\bin\perl.exe "-Iinc" -MExtUtils::Command -e "cp" -- script/tkpp blib\script\tkpp
pl2bat.bat blib\script\tkpp
C:\strawberry\perl\bin\perl.exe "-Iinc" -MExtUtils::Command -e "cp" -- script/pp blib\script\pp
pl2bat.bat blib\script\pp
C:\strawberry\perl\bin\perl.exe "-Iinc" -MExtUtils::Command -e "cp" -- script/par.pl blib\script\par.pl
pl2bat.bat blib\script\par.pl

[ERROR] [Mon Jun 13 11:29:34 2011] MAKE TEST failed: C:\strawberry\perl\bin\perl.exe "-MExtUtils::Command::MM" "-e" "test_harness(0, 'inc', 'blib\lib', 'blib\arch')" t/00-pod.t t/10-parl-generation.t t/20-pp.t t/30-current_exec.t t/40-packer_cd_option.t t/90-rt59710.t
t/00-pod.t ............... skipped: Set environment variable PERL_TEST_POD=1 to test POD
t/10-parl-generation.t ... ok
The application has failed to start because its side-by-side configuration is incorrect. Please see the application event log or use the command-line sxstrace.exe tool for more detail.
C:\strawberry\cpanplus\5.12.3\build\PAR-Packer-1.009\blib\script/pp: Cannot open hello.exe for reading: No such file or directory at C:\strawberry\cpanplus\5.12.3\build\PAR-Packer-1.009\blib\lib/PAR/Packer.pm line 1172.

#   Failed test 'pp_gui_tests 
# amsg572: sub pp_gui_tests cannot system pp --gui --icon hi.ico -o hello.exe hello.pl:No such file or directory:
# '
#   at automated_pp_test.pl line 8445.
# Looks like you failed 1 test of 34.
t/20-pp.t ................ 
Dubious, test returned 1 (wstat 256, 0x100)
Failed 1/34 subtests 
# Please wait
t/30-current_exec.t ...... ok
t/40-packer_cd_option.t .. ok
t/90-rt59710.t ........... ok

Test Summary Report
-------------------
t/20-pp.t              (Wstat: 256 Tests: 34 Failed: 1)
  Failed test:  32
  Non-zero exit status: 1
Files=6, Tests=74, 2506 wallclock secs ( 0.09 usr +  0.05 sys =  0.14 CPU)
Result: FAIL
Failed 1/6 test programs. 1/74 subtests failed.
dmake.EXE:  Error code 255, while making 'test_dynamic'

[HISTORY] [Mon Jun 13 11:41:45 2011] Proceed anyway? [y/N]:  y
