bug(I): 14:59:35: logFile=G:/Perl/Home/test-csv/bug.log (2009-01-10 14:59:35)
bug(D): 14:59:35: Variables of main[bug.pl:47]: 
  $csv->error_diag () = '0||0';
  $csv->error_input() = undef;
  $csv->fields() = [
                   undef
                 ];
bug(D): 14:59:35: Variables of main[bug.pl:69]: 
  $csv->error_diag () = '0||0';
  $csv->error_input() = undef;
  $csv->fields() = [
                   'a',
                   'b',
                   'c',
                   'd',
                   'e
f'
                 ];
bug(E): 14:59:35: Execution ends with error (implicit destroy)! Statistics:
	Elapsed time => 
	nb D => 2
	nb E => 1
	nb I => 1
