  CPAN.pm: Going to build M/MI/MIYAGAWA/Starman-0.2012.tar.gz

Checking if your kit is complete...
Looks good
Writing Makefile for Starman
cp lib/Starman.pm blib/lib/Starman.pm
cp lib/Starman/Server.pm blib/lib/Starman/Server.pm
cp lib/HTTP/Server/PSGI/Net/Server/PreFork.pm blib/lib/HTTP/Server/PSGI/Net/Server/PreFork.pm
cp lib/Plack/Handler/Starman.pm blib/lib/Plack/Handler/Starman.pm
cp bin/starman blib/script/starman
/usr/pkg/bin/perl "-Iinc" -MExtUtils::MY -e 'MY->fixin(shift)' -- blib/script/starman
Manifying blib/man1/starman.1
Manifying blib/man3/Starman.3
Manifying blib/man3/Plack::Handler::Starman.3
  MIYAGAWA/Starman-0.2012.tar.gz
  make -- OK
Running make test
PERL_DL_NONLAZY=1 /usr/pkg/bin/perl "-MExtUtils::Command::MM" "-e" "test_harness(0, 'inc', 'blib/lib', 'blib/arch')" t/*.t
t/00_compile.t ........... ok   
t/chunked_req.t .......... 2011/06/24-09:32:40 Starman::Server (type Net::Server::PreFork) starting! pid(2002)
Binding to TCP port 10491 on host 127.0.0.1
Setting gid to "0 0 0 2 3 4 5 20 31"
t/chunked_req.t .......... 1/? 2011/06/24-09:32:41 Server closing!
t/chunked_req.t .......... ok   
t/chunked_zero_length.t .. 2011/06/24-09:32:41 Starman::Server (type Net::Server::PreFork) starting! pid(2009)
Binding to TCP port 10854 on host 127.0.0.1
Setting gid to "0 0 0 2 3 4 5 20 31"
t/chunked_zero_length.t .. 1/? 2011/06/24-09:32:42 Server closing!
t/chunked_zero_length.t .. ok   
t/findbin.t .............. 2011/06/24-09:32:42 Starman::Server (type Net::Server::PreFork) starting! pid(2016)
Binding to TCP port 10187 on host *
Setting gid to "0 0 0 2 3 4 5 20 31"
t/findbin.t .............. 2/? 2011/06/24-09:32:43 Server closing!
t/findbin.t .............. ok   
t/harakiri.t ............. 2011/06/24-09:32:43 Starman::Server (type Net::Server::PreFork) starting! pid(2021)
Binding to TCP port 10661 on host 127.0.0.1
Setting gid to "0 0 0 2 3 4 5 20 31"
t/harakiri.t ............. 1/? 
#   Failed test 'In non-harakiri mode, pid is reused'
#   at /usr/pkg/lib/perl5/vendor_perl/5.12.0/Test/More.pm line 372.
#          got: '2'
#     expected: '5'
2011/06/24-09:32:44 Server closing!
2011/06/24-09:32:44 Starman::Server (type Net::Server::PreFork) starting! pid(2027)
Binding to TCP port 10532 on host 127.0.0.1
Setting gid to "0 0 0 2 3 4 5 20 31"
t/harakiri.t ............. 2/? 2011/06/24-09:32:46 Server closing!
# Looks like you failed 1 test of 2.
t/harakiri.t ............. Dubious, test returned 1 (wstat 256, 0x100)
Failed 1/2 subtests 
t/rand.t ................. 2011/06/24-09:32:47 Starman::Server (type Net::Server::PreFork) starting! pid(2053)
Binding to TCP port 10818 on host *
Setting gid to "0 0 0 2 3 4 5 20 31"
t/rand.t ................. 1/? 2011/06/24-09:32:47 Server closing!
2011/06/24-09:32:48 Starman::Server (type Net::Server::PreFork) starting! pid(2057)
Binding to TCP port 10909 on host *
Setting gid to "0 0 0 2 3 4 5 20 31"
t/rand.t ................. 2/? 2011/06/24-09:32:48 Server closing!
t/rand.t ................. ok   
t/suite.t ................ 2011/06/24-09:32:52 Starman::Server (type Net::Server::PreFork) starting! pid(2062)
Binding to TCP port 10041 on host 127.0.0.1
Setting gid to "0 0 0 2 3 4 5 20 31"
t/suite.t ................ 49/? 2011/06/24-09:32:55 Server closing!
t/suite.t ................ ok     

Test Summary Report
-------------------
t/harakiri.t           (Wstat: 256 Tests: 2 Failed: 1)
  Failed test:  1
  Non-zero exit status: 1
Files=7, Tests=115, 16 wallclock secs ( 0.13 usr  0.03 sys +  3.91 cusr  1.55 csys =  5.63 CPU)
Result: FAIL
Failed 1/7 test programs. 1/115 subtests failed.
*** Error code 255

Stop in /tmp/.cpan/build/Starman-0.2012-Y4GXTE.
  MIYAGAWA/Starman-0.2012.tar.gz
  make test -- NOT OK

# uname -a
DragonFly lap 2.11-DEVELOPMENT DragonFly v2.11.0.281.g34c13-DEVELOPMENT #12: Sat May 28 00:09:01 CEST 2011     ferz@lap:/usr/obj/mnt2/usr/src/sys/GENERIC  i386
# perl -V
Summary of my perl5 (revision 5 version 12 subversion 2) configuration:
   
  Platform:
    osname=dragonfly, osvers=2.9-development, archname=i386-dragonfly-thread-multi
    uname='dragonfly avalon.theshell.com 2.9-development dragonfly v2.9.0.19.g24872-development #21: thu oct 21 01:25:00 utc 2010 dillon@avalon.theshell.com:usrobjusrsrcsysavalon i386 '
    config_args='-sde -Duseshrplib -Duseithreads -Uusemymalloc'
    hint=recommended, useposix=true, d_sigaction=define
    useithreads=define, usemultiplicity=define
    useperlio=define, d_sfio=undef, uselargefiles=define, usesocks=undef
    use64bitint=undef, use64bitall=undef, uselongdouble=undef
    usemymalloc=n, bincompat5005=undef
  Compiler:
    cc='cc', ccflags ='-DHAS_FPSETMASK -DHAS_FLOATINGPOINT_H -fno-strict-aliasing -pipe -fstack-protector',
    optimize='-O2  -pthread  -I/usr/include',
    cppflags='-DHAS_FPSETMASK -DHAS_FLOATINGPOINT_H -fno-strict-aliasing -pipe -fstack-protector'
    ccversion='', gccversion='4.1.2 (DragonFly)', gccosandvers=''
    intsize=4, longsize=4, ptrsize=4, doublesize=8, byteorder=1234
    d_longlong=define, longlongsize=8, d_longdbl=define, longdblsize=12
    ivtype='long', ivsize=4, nvtype='double', nvsize=8, Off_t='off_t', lseeksize=8
    alignbytes=4, prototype=define
  Linker and Libraries:
    ld='cc', ldflags ='-Wl,-R/usr/pkg/lib -pthread -Wl,-E  -fstack-protector'
    libpth=/usr/lib
    libs=-lm -lcrypt -lpthread -lrt
    perllibs=-lm -lcrypt -lpthread -lrt
    libc=, so=so, useshrplib=true, libperl=libperl.so
    gnulibc_version=''
  Dynamic Linking:
    dlsrc=dl_dlopen.xs, dlext=so, d_dlsymun=undef, ccdlflags='  -Wl,-R/usr/pkg/lib/perl5/5.12.0/i386-dragonfly-thread-multi/CORE'
    cccdlflags='-DPIC -fPIC', lddlflags='-Wl,-R/usr/pkg/lib -shared  -fstack-protector'


Characteristics of this binary (from libperl): 
  Compile-time options: MULTIPLICITY PERL_DONT_CREATE_GVSV
                        PERL_IMPLICIT_CONTEXT PERL_MALLOC_WRAP USE_ITHREADS
                        USE_LARGE_FILES USE_PERLIO USE_PERL_ATOF
                        USE_REENTRANT_API
  Built under dragonfly
  Compiled at Oct 21 2010 03:31:25
  @INC:
    /usr/pkg/lib/perl5/site_perl/5.12.0/i386-dragonfly-thread-multi
    /usr/pkg/lib/perl5/site_perl/5.12.0
    /usr/pkg/lib/perl5/vendor_perl/5.12.0/i386-dragonfly-thread-multi
    /usr/pkg/lib/perl5/vendor_perl/5.12.0
    /usr/pkg/lib/perl5/5.12.0/i386-dragonfly-thread-multi
    /usr/pkg/lib/perl5/5.12.0
    .
