From: srezic@cpan.org
Subject: FAIL CPANPLUS-Daemon-0.02 i386-freebsd 6.1-release-p23
Report: This distribution has been tested as part of the cpan-testers
effort to test as many new uploads to CPAN as possible.  See
http://testers.cpan.org/


--
Dear Jos Boumans,
    
This is a computer-generated report for CPANPLUS-Daemon-0.02
on perl 5.8.8, created by CPAN-Reporter-1.1702. 

Thank you for uploading your work to CPAN.  However, there was a problem
testing your distribution.

If you think this report is invalid, please consult the CPAN Testers Wiki
for suggestions on how to avoid getting FAIL reports for missing library
or binary dependencies, unsupported operating systems, and so on:

http://cpantest.grango.org/wiki/CPANAuthorNotes

Sections of this report:

    * Tester comments
    * Program output
    * Prerequisites
    * Environment and other context

------------------------------
TESTER COMMENTS
------------------------------

Additional comments from tester: 

none provided

------------------------------
PROGRAM OUTPUT
------------------------------

Output from '/usr/bin/make test':

PERL_DL_NONLAZY=1 /usr/perl5.8.8@RELEASE/bin/perl "-MExtUtils::Command::MM" "-e" "test_harness(0, 'blib/lib', 'blib/arch')" t/*.t
t/00_basic....Unable to get Terminal Size. The TIOCGWINSZ ioctl didn't work. The COLUMNS and LINES environment variables didn't work. The resize program didn't work. at /usr/perl5.8.8@RELEASE/lib/site_perl/5.8.8/i386-freebsd/Term/ReadKey.pm line 362.
Compilation failed in require at /usr/perl5.8.8@RELEASE/lib/site_perl/5.8.8/Term/ReadLine/Perl.pm line 63.
# Looks like your test died before it could output anything.
 Dubious, test returned 255 (wstat 65280, 0xff00)
 No subtests run 

Test Summary Report
-------------------
t/00_basic (Wstat: 65280 Tests: 0 Failed: 0)
  Non-zero exit status: 255
  Parse errors: No plan found in TAP output
Files=1, Tests=0,  0 wallclock secs ( 0.02 usr  0.04 sys +  0.34 cusr  0.24 csys =  0.64 CPU)
Result: FAIL
Failed 1/1 test programs. 0/0 subtests failed.
*** Error code 255

Stop in /var/tmp/CPAN-build/CPANPLUS-Daemon-0.02-c342Eu.

------------------------------
PREREQUISITES
------------------------------

Prerequisite modules loaded:

requires:

    Module                   Need  Have 
    ------------------------ ----- -----
    CPANPLUS                 0.081 0.84 
    Getopt::Std              0     1.05 
    IO::String               0     1.08 
    Locale::Maketext::Simple 0     0.18 
    Object::Accessor         0.02  0.34 
    Params::Check            0.22  0.26 
    POE                      0     1.003
    Test::More               0     0.62 

------------------------------
ENVIRONMENT AND OTHER CONTEXT
------------------------------

Environment variables:

    PATH = /usr/local/bin:/usr/X11R6/bin:/usr/X11/bin:/usr/perl5.8.0/bin:/usr/bin:/bin:/usr/local/sbin:/usr/sbin:/sbin:/usr/local/pilot/bin:/home/cpansand/bin/freebsd6.1:/home/cpansand/bin/sh:/home/cpansand/bin:/usr/X386/bin:/usr/games:/home/cpansand/devel:/usr/home/e/eserte/work/srezic-misc/scripts
    PERL5LIB = /usr/local/src/CPAN/build/POE-1.003-TEw5Qm/blib/arch:/usr/local/src/CPAN/build/POE-1.003-TEw5Qm/blib/lib:/usr/local/src/CPAN/build/POE-Test-Loops-1.002-OHpDb4/blib/arch:/usr/local/src/CPAN/build/POE-Test-Loops-1.002-OHpDb4/blib/lib:/usr/local/src/CPAN/build/Storable-2.18-t6ZnR3/blib/arch:/usr/local/src/CPAN/build/Storable-2.18-t6ZnR3/blib/lib:/usr/local/src/CPAN/build/IO-1.2301-AuKb6v/blib/arch:/usr/local/src/CPAN/build/IO-1.2301-AuKb6v/blib/lib:/usr/local/src/CPAN/build/CPANPLUS-0.84-lVe7NB/blib/arch:/usr/local/src/CPAN/build/CPANPLUS-0.84-lVe7NB/blib/lib:/usr/local/src/CPAN/build/Module-CoreList-2.15-mjjo6s/blib/arch:/usr/local/src/CPAN/build/Module-CoreList-2.15-mjjo6s/blib/lib:/usr/local/src/CPAN/build/Archive-Extract-0.28-O98RkE/blib/arch:/usr/local/src/CPAN/build/Archive-Extract-0.28-O98RkE/blib/lib:/usr/local/src/CPAN/build/Module-Loaded-0.01-IJoLKU/blib/arch:/usr/local/src/CPAN/build/Module-Loaded-0.01-IJoLKU/blib/lib:/usr/local/src/CPAN/build/File-Fetch-0.16-NUnkaz/blib/arch:/usr/local/src/CPAN/build/File-Fetch-0.16-NUnkaz/blib/lib:/usr/local/src/CPAN/build/IPC-Cmd-0.42-e6iIeY/blib/arch:/usr/local/src/CPAN/build/IPC-Cmd-0.42-e6iIeY/blib/lib:/usr/local/src/CPAN/build/Term-UI-0.18-sleNXA/blib/arch:/usr/local/src/CPAN/build/Term-UI-0.18-sleNXA/blib/lib:/usr/local/src/CPAN/build/Log-Message-Simple-0.04-ZYdPkO/blib/arch:/usr/local/src/CPAN/build/Log-Message-Simple-0.04-ZYdPkO/blib/lib:/usr/local/src/CPAN/build/Log-Message-0.01-svTPxf/blib/arch:/usr/local/src/CPAN/build/Log-Message-0.01-svTPxf/blib/lib:/usr/local/src/CPAN/build/Module-Pluggable-3.8-F1XnRK/blib/arch:/usr/local/src/CPAN/build/Module-Pluggable-3.8-F1XnRK/blib/lib:/usr/local/src/CPAN/build/Module-Load-Conditional-0.26-xEe88r/blib/arch:/usr/local/src/CPAN/build/Module-Load-Conditional-0.26-xEe88r/blib/lib:/usr/local/src/CPAN/build/version-0.76-9dfVaB/blib/arch:/usr/local/src/CPAN/build/version-0.76-9dfVaB/blib/lib:/usr/local/src/CPAN/build/Archive-Tar-1.40-eRYRN1/blib/arch:/usr/local/src/CPAN/build/Archive-Tar-1.40-eRYRN1/blib/lib:/usr/local/src/CPAN/build/IO-Compress-Bzip2-2.015-3R8bBk/blib/arch:/usr/local/src/CPAN/build/IO-Compress-Bzip2-2.015-3R8bBk/blib/lib:/usr/local/src/CPAN/build/Compress-Raw-Bzip2-2.015-hIbbit/blib/arch:/usr/local/src/CPAN/build/Compress-Raw-Bzip2-2.015-hIbbit/blib/lib:/usr/local/src/CPAN/build/IO-Zlib-1.09-InXXEQ/blib/arch:/usr/local/src/CPAN/build/IO-Zlib-1.09-InXXEQ/blib/lib:/usr/local/src/CPAN/build/Package-Constants-0.01-N6Ocbq/blib/arch:/usr/local/src/CPAN/build/Package-Constants-0.01-N6Ocbq/blib/lib:/usr/local/src/CPAN/build/Module-Load-0.12-IVrJvq/blib/arch:/usr/local/src/CPAN/build/Module-Load-0.12-IVrJvq/blib/lib:/usr/local/src/CPAN/build/Object-Accessor-0.34-ny6vqx/blib/arch:/usr/local/src/CPAN/build/Object-Accessor-0.34-ny6vqx/blib/lib:/usr/local/src/CPAN/build/Params-Check-0.26-QbKrzp/blib/arch:/usr/local/src/CPAN/build/Params-Check-0.26-QbKrzp/blib/lib:/usr/local/src/CPAN/build/Locale-Maketext-Simple-0.18-fnt01g/blib/arch:/usr/local/src/CPAN/build/Locale-Maketext-Simple-0.18-fnt01g/blib/lib:/usr/local/src/CPAN/build/IO-String-1.08-hw9vZK/blib/arch:/usr/local/src/CPAN/build/IO-String-1.08-hw9vZK/blib/lib:/usr/local/src/CPAN/build/Locale-US-1.2-rfzUtK/blib/arch:/usr/local/src/CPAN/build/Locale-US-1.2-rfzUtK/blib/lib:/usr/local/src/CPAN/build/Geo-OGC-Geometry-0.02-mEzSBF/blib/arch:/usr/local/src/CPAN/build/Geo-OGC-Geometry-0.02-mEzSBF/blib/lib:/usr/local/src/CPAN/build/Apache-StrReplace-0.03-VcvVOJ/blib/arch:/usr/local/src/CPAN/build/Apache-StrReplace-0.03-VcvVOJ/blib/lib
    PERL5OPT = -I/tmp/CPAN-Reporter-lib-jWxZ -MDevel::Autoflush
    PERL5_CPANPLUS_IS_RUNNING = 18516
    PERL5_CPAN_IS_RUNNING = 18516
    PERL5_CPAN_IS_RUNNING_IN_RECURSION = 79485,18516
    PERL_BATCH = yes
    PERL_CPAN_REPORTER_DIR = /home/cpansand/.cpanreporter/set2
    PERL_EXTUTILS_AUTOINSTALL = --defaultdeps
    PERL_HTML_DISPLAY_CLASS = HTML::Display::Mozilla
    SHELL = /usr/local/bin/zsh
    TERM = screen

Perl special variables (and OS-specific diagnostics, for MSWin32):

    $^X = /usr/perl5.8.8@RELEASE/bin/perl
    $UID/$EUID = 1023 / 1023
    $GID = 1023 1023 1023
    $EGID = 1023 1023 1023

Perl module toolchain versions installed:

    Module              Have   
    ------------------- -------
    CPAN                1.92_66
    Cwd                 3.2701 
    ExtUtils::CBuilder  n/a    
    ExtUtils::Command   1.14   
    ExtUtils::Install   1.50   
    ExtUtils::MakeMaker 6.46   
    ExtUtils::Manifest  1.54   
    ExtUtils::ParseXS   n/a    
    File::Spec          3.2701 
    Module::Build       0.30   
    Module::Signature   n/a    
    Test::Harness       3.14   
    Test::More          0.62   
    YAML                n/a    
    YAML::Syck          1.05   
    version             0.76   


--

Summary of my perl5 (revision 5 version 8 subversion 8) configuration:
  Platform:
    osname=freebsd, osvers=6.1-release-p23, archname=i386-freebsd
    uname='freebsd biokovo.herceg.de 6.1-release-p23 freebsd 6.1-release-p23 #0: wed feb 13 10:36:51 utc 2008 root@i386-builder.daemonology.net:usrobjusrsrcsysgeneric i386 '
    config_args='-ds -e -Dprefix=/usr/perl5.8.8@RELEASE'
    hint=recommended, useposix=true, d_sigaction=define
    usethreads=undef use5005threads=undef useithreads=undef usemultiplicity=undef
    useperlio=define d_sfio=undef uselargefiles=define usesocks=undef
    use64bitint=undef use64bitall=undef uselongdouble=undef
    usemymalloc=n, bincompat5005=undef
  Compiler:
    cc='cc', ccflags ='-DHAS_FPSETMASK -DHAS_FLOATINGPOINT_H -fno-strict-aliasing -pipe -Wdeclaration-after-statement -I/usr/local/include',
    optimize='-O',
    cppflags='-DHAS_FPSETMASK -DHAS_FLOATINGPOINT_H -fno-strict-aliasing -pipe -Wdeclaration-after-statement -I/usr/local/include'
    ccversion='', gccversion='3.4.4 [FreeBSD] 20050518', gccosandvers=''
    intsize=4, longsize=4, ptrsize=4, doublesize=8, byteorder=1234
    d_longlong=define, longlongsize=8, d_longdbl=define, longdblsize=12
    ivtype='long', ivsize=4, nvtype='double', nvsize=8, Off_t='off_t', lseeksize=8
    alignbytes=4, prototype=define
  Linker and Libraries:
    ld='cc', ldflags ='-Wl,-E  -L/usr/local/lib'
    libpth=/usr/lib /usr/local/lib
    libs=-lgdbm -lm -lcrypt -lutil -lc
    perllibs=-lm -lcrypt -lutil -lc
    libc=, so=so, useshrplib=false, libperl=libperl.a
    gnulibc_version=''
  Dynamic Linking:
    dlsrc=dl_dlopen.xs, dlext=so, d_dlsymun=undef, ccdlflags=' '
    cccdlflags='-DPIC -fPIC', lddlflags='-shared  -L/usr/local/lib'