This file contains any messages produced by compilers while
running configure, to aid debugging if configure makes a mistake.

It was created by Authen::PAM configure 0.15, which was
generated by GNU Autoconf 2.53.  Invocation command line was

  $ ./configure 

## --------- ##
## Platform. ##
## --------- ##

hostname = mybox
uname -m = i686
uname -r = 2.6.8-gentoo-r10
uname -s = Linux
uname -v = #1 SMP Fri Oct 22 05:05:22 EDT 2004

/usr/bin/uname -p = Intel(R) Pentium(R) 4 CPU 3.00GHz
/bin/uname -X     = unknown

/bin/arch              = i686
/usr/bin/arch -k       = unknown
/usr/convex/getsysinfo = unknown
hostinfo               = unknown
/bin/machine           = unknown
/usr/bin/oslevel       = unknown
/bin/universe          = unknown

PATH: /sbin
PATH: /usr/sbin
PATH: /usr/lib/portage/bin
PATH: /bin
PATH: /usr/bin
PATH: /opt/bin
PATH: /usr/i686-pc-linux-gnu/gcc-bin/3.3
PATH: /opt/Acrobat5
PATH: /usr/X11R6/bin
PATH: /opt/blackdown-jdk-1.4.2/bin
PATH: /opt/blackdown-jdk-1.4.2/jre/bin
PATH: /usr/qt/3/bin
PATH: /usr/kde/3.3/sbin
PATH: /usr/kde/3.3/bin
PATH: /usr/kde/3.2/sbin
PATH: /usr/kde/3.2/bin
PATH: /usr/kde/3.1/sbin
PATH: /usr/kde/3.1/bin
PATH: /opt/vmware/bin


## ----------- ##
## Core tests. ##
## ----------- ##

configure:1205: checking for gcc
configure:1231: result: gcc
configure:1475: checking for C compiler version
configure:1478: gcc --version </dev/null >&5
gcc (GCC) 3.3.4 20040623 (Gentoo Linux 3.3.4-r1, ssp-3.3.2-2, pie-8.7.6)
Copyright (C) 2003 Free Software Foundation, Inc.
This is free software; see the source for copying conditions.  There is NO
warranty; not even for MERCHANTABILITY or FITNESS FOR A PARTICULAR PURPOSE.

configure:1481: $? = 0
configure:1483: gcc -v </dev/null >&5
Reading specs from /usr/lib/gcc-lib/i686-pc-linux-gnu/3.3.4/specs
Configured with: /var/tmp/portage/gcc-3.3.4-r1/work/gcc-3.3.4/configure --prefix=/usr --bindir=/usr/i686-pc-linux-gnu/gcc-bin/3.3 --includedir=/usr/lib/gcc-lib/i686-pc-linux-gnu/3.3.4/include --datadir=/usr/share/gcc-data/i686-pc-linux-gnu/3.3 --mandir=/usr/share/gcc-data/i686-pc-linux-gnu/3.3/man --infodir=/usr/share/gcc-data/i686-pc-linux-gnu/3.3/info --enable-shared --host=i686-pc-linux-gnu --target=i686-pc-linux-gnu --with-system-zlib --enable-languages=c,c++ --enable-threads=posix --enable-long-long --disable-checking --disable-libunwind-exceptions --enable-cstdio=stdio --enable-version-specific-runtime-libs --with-gxx-include-dir=/usr/lib/gcc-lib/i686-pc-linux-gnu/3.3.4/include/g++-v3 --with-local-prefix=/usr/local --enable-shared --disable-nls --disable-multilib --enable-__cxa_atexit --enable-clocale=generic
Thread model: posix
gcc version 3.3.4 20040623 (Gentoo Linux 3.3.4-r1, ssp-3.3.2-2, pie-8.7.6)
configure:1486: $? = 0
configure:1488: gcc -V </dev/null >&5
gcc: `-V' option must have argument
configure:1491: $? = 1
configure:1517: checking for C compiler default output
configure:1520: gcc -O2 -march=pentium4 -pipe   conftest.c  >&5
configure:1523: $? = 0
configure:1556: result: a.out
configure:1561: checking whether the C compiler works
configure:1567: ./a.out
configure:1570: $? = 0
configure:1585: result: yes
configure:1592: checking whether we are cross compiling
configure:1594: result: no
configure:1597: checking for suffix of executables
configure:1599: gcc -o conftest -O2 -march=pentium4 -pipe   conftest.c  >&5
configure:1602: $? = 0
configure:1624: result: 
configure:1630: checking for suffix of object files
configure:1654: gcc -c -O2 -march=pentium4 -pipe  conftest.c >&5
configure:1657: $? = 0
configure:1676: result: o
configure:1680: checking whether we are using the GNU C compiler
configure:1707: gcc -c -O2 -march=pentium4 -pipe  conftest.c >&5
configure:1710: $? = 0
configure:1713: test -s conftest.o
configure:1716: $? = 0
configure:1728: result: yes
configure:1734: checking whether gcc accepts -g
configure:1758: gcc -c -g  conftest.c >&5
configure:1761: $? = 0
configure:1764: test -s conftest.o
configure:1767: $? = 0
configure:1777: result: yes
configure:1804: gcc -c -O2 -march=pentium4 -pipe  conftest.c >&5
conftest.c:2: error: syntax error before "me"
configure:1807: $? = 1
configure: failed program was:
#ifndef __cplusplus
  choke me
#endif
configure:1922: checking how to run the C preprocessor
configure:1948: gcc -E  conftest.c
configure:1954: $? = 0
configure:1981: gcc -E  conftest.c
configure:1977:28: ac_nonexistent.h: No such file or directory
configure:1987: $? = 1
configure: failed program was:
#line 1976 "configure"
#include "confdefs.h"
#include <ac_nonexistent.h>
configure:2024: result: gcc -E
configure:2039: gcc -E  conftest.c
configure:2045: $? = 0
configure:2072: gcc -E  conftest.c
configure:2068:28: ac_nonexistent.h: No such file or directory
configure:2078: $? = 1
configure: failed program was:
#line 2067 "configure"
#include "confdefs.h"
#include <ac_nonexistent.h>
configure:2119: checking for pam header files in
configure:2126: gcc -E  conftest.c
configure:2132: $? = 0
configure:2190: result: security
configure:2207: checking for pam_getenv
configure:2250: gcc -o conftest -O2 -march=pentium4 -pipe   conftest.c -lpam  >&5
configure:2253: $? = 0
configure:2256: test -s conftest
configure:2259: $? = 0
configure:2269: result: yes
configure:2280: checking if pam_strerror takes a pam_handle_t argument
configure:2305: gcc -c -O2 -march=pentium4 -pipe  conftest.c >&5
configure:2308: $? = 0
configure:2311: test -s conftest.o
configure:2314: $? = 0
configure:2324: result: yes
configure:2336: checking for PAM_AUTHTOKEN_REQD
configure:2360: gcc -c -O2 -march=pentium4 -pipe  conftest.c >&5
configure: In function `main':
configure:2353: error: `PAM_AUTHTOKEN_REQD' undeclared (first use in this function)
configure:2353: error: (Each undeclared identifier is reported only once
configure:2353: error: for each function it appears in.)
configure:2363: $? = 1
configure: failed program was:
#line 2341 "configure"
#include "confdefs.h"
#include <security/pam_appl.h>
#ifdef F77_DUMMY_MAIN
#  ifdef __cplusplus
     extern "C"
#  endif
   int F77_DUMMY_MAIN() { return 1; }
#endif
int
main ()
{
int i = PAM_AUTHTOKEN_REQD
  ;
  return 0;
}
configure:2379: result: no
configure:2389: checking for PAM_NEW_AUTHTOK_REQD
configure:2413: gcc -c -O2 -march=pentium4 -pipe  conftest.c >&5
configure:2416: $? = 0
configure:2419: test -s conftest.o
configure:2422: $? = 0
configure:2432: result: yes
configure:2442: checking for PAM_AUTHTOK_EXPIRED
configure:2466: gcc -c -O2 -march=pentium4 -pipe  conftest.c >&5
configure:2469: $? = 0
configure:2472: test -s conftest.o
configure:2475: $? = 0
configure:2485: result: yes
configure:2495: checking for PAM_AUTHTOK_RECOVER
configure:2519: gcc -c -O2 -march=pentium4 -pipe  conftest.c >&5
configure: In function `main':
configure:2512: error: `PAM_AUTHTOK_RECOVER' undeclared (first use in this function)
configure:2512: error: (Each undeclared identifier is reported only once
configure:2512: error: for each function it appears in.)
configure:2522: $? = 1
configure: failed program was:
#line 2500 "configure"
#include "confdefs.h"
#include <security/pam_appl.h>
#ifdef F77_DUMMY_MAIN
#  ifdef __cplusplus
     extern "C"
#  endif
   int F77_DUMMY_MAIN() { return 1; }
#endif
int
main ()
{
int i = PAM_AUTHTOK_RECOVER
  ;
  return 0;
}
configure:2538: result: no
configure:2548: checking for PAM_AUTHTOK_RECOVERY
configure:2572: gcc -c -O2 -march=pentium4 -pipe  conftest.c >&5
configure: In function `main':
configure:2565: error: `PAM_AUTHTOK_RECOVERY' undeclared (first use in this function)
configure:2565: error: (Each undeclared identifier is reported only once
configure:2565: error: for each function it appears in.)
configure:2575: $? = 1
configure: failed program was:
#line 2553 "configure"
#include "confdefs.h"
#include <security/pam_appl.h>
#ifdef F77_DUMMY_MAIN
#  ifdef __cplusplus
     extern "C"
#  endif
   int F77_DUMMY_MAIN() { return 1; }
#endif
int
main ()
{
int i = PAM_AUTHTOK_RECOVERY
  ;
  return 0;
}
configure:2591: result: no
configure:2601: checking for PAM_BAD_ITEM
configure:2625: gcc -c -O2 -march=pentium4 -pipe  conftest.c >&5
configure:2628: $? = 0
configure:2631: test -s conftest.o
configure:2634: $? = 0
configure:2644: result: yes
configure:2654: checking for PAM_CONV_AGAIN
configure:2678: gcc -c -O2 -march=pentium4 -pipe  conftest.c >&5
configure:2681: $? = 0
configure:2684: test -s conftest.o
configure:2687: $? = 0
configure:2697: result: yes
configure:2707: checking for PAM_CRED_DELETE
configure:2731: gcc -c -O2 -march=pentium4 -pipe  conftest.c >&5
configure: In function `main':
configure:2724: error: `PAM_CRED_DELETE' undeclared (first use in this function)
configure:2724: error: (Each undeclared identifier is reported only once
configure:2724: error: for each function it appears in.)
configure:2734: $? = 1
configure: failed program was:
#line 2712 "configure"
#include "confdefs.h"
#include <security/pam_appl.h>
#ifdef F77_DUMMY_MAIN
#  ifdef __cplusplus
     extern "C"
#  endif
   int F77_DUMMY_MAIN() { return 1; }
#endif
int
main ()
{
int i = PAM_CRED_DELETE
  ;
  return 0;
}
configure:2750: result: no
configure:2760: checking for PAM_CRED_ESTABLISH
configure:2784: gcc -c -O2 -march=pentium4 -pipe  conftest.c >&5
configure: In function `main':
configure:2777: error: `PAM_CRED_ESTABLISH' undeclared (first use in this function)
configure:2777: error: (Each undeclared identifier is reported only once
configure:2777: error: for each function it appears in.)
configure:2787: $? = 1
configure: failed program was:
#line 2765 "configure"
#include "confdefs.h"
#include <security/pam_appl.h>
#ifdef F77_DUMMY_MAIN
#  ifdef __cplusplus
     extern "C"
#  endif
   int F77_DUMMY_MAIN() { return 1; }
#endif
int
main ()
{
int i = PAM_CRED_ESTABLISH
  ;
  return 0;
}
configure:2803: result: no
configure:2813: checking for PAM_CRED_REFRESH
configure:2837: gcc -c -O2 -march=pentium4 -pipe  conftest.c >&5
configure: In function `main':
configure:2830: error: `PAM_CRED_REFRESH' undeclared (first use in this function)
configure:2830: error: (Each undeclared identifier is reported only once
configure:2830: error: for each function it appears in.)
configure:2840: $? = 1
configure: failed program was:
#line 2818 "configure"
#include "confdefs.h"
#include <security/pam_appl.h>
#ifdef F77_DUMMY_MAIN
#  ifdef __cplusplus
     extern "C"
#  endif
   int F77_DUMMY_MAIN() { return 1; }
#endif
int
main ()
{
int i = PAM_CRED_REFRESH
  ;
  return 0;
}
configure:2856: result: no
configure:2866: checking for PAM_CRED_REINITIALIZE
configure:2890: gcc -c -O2 -march=pentium4 -pipe  conftest.c >&5
configure: In function `main':
configure:2883: error: `PAM_CRED_REINITIALIZE' undeclared (first use in this function)
configure:2883: error: (Each undeclared identifier is reported only once
configure:2883: error: for each function it appears in.)
configure:2893: $? = 1
configure: failed program was:
#line 2871 "configure"
#include "confdefs.h"
#include <security/pam_appl.h>
#ifdef F77_DUMMY_MAIN
#  ifdef __cplusplus
     extern "C"
#  endif
   int F77_DUMMY_MAIN() { return 1; }
#endif
int
main ()
{
int i = PAM_CRED_REINITIALIZE
  ;
  return 0;
}
configure:2909: result: no
configure:2919: checking for PAM_DELETE_CRED
configure:2943: gcc -c -O2 -march=pentium4 -pipe  conftest.c >&5
configure:2946: $? = 0
configure:2949: test -s conftest.o
configure:2952: $? = 0
configure:2962: result: yes
configure:2972: checking for PAM_ESTABLISH_CRED
configure:2996: gcc -c -O2 -march=pentium4 -pipe  conftest.c >&5
configure:2999: $? = 0
configure:3002: test -s conftest.o
configure:3005: $? = 0
configure:3015: result: yes
configure:3025: checking for PAM_REFRESH_CRED
configure:3049: gcc -c -O2 -march=pentium4 -pipe  conftest.c >&5
configure:3052: $? = 0
configure:3055: test -s conftest.o
configure:3058: $? = 0
configure:3068: result: yes
configure:3078: checking for PAM_REINITIALIZE_CRED
configure:3102: gcc -c -O2 -march=pentium4 -pipe  conftest.c >&5
configure:3105: $? = 0
configure:3108: test -s conftest.o
configure:3111: $? = 0
configure:3121: result: yes
configure:3131: checking for PAM_INCOMPLETE
configure:3155: gcc -c -O2 -march=pentium4 -pipe  conftest.c >&5
configure:3158: $? = 0
configure:3161: test -s conftest.o
configure:3164: $? = 0
configure:3174: result: yes
configure:3184: checking for PAM_MODULE_UNKNOWN
configure:3208: gcc -c -O2 -march=pentium4 -pipe  conftest.c >&5
configure:3211: $? = 0
configure:3214: test -s conftest.o
configure:3217: $? = 0
configure:3227: result: yes
configure:3237: checking for PAM_RADIO_TYPE
configure:3261: gcc -c -O2 -march=pentium4 -pipe  conftest.c >&5
configure:3264: $? = 0
configure:3267: test -s conftest.o
configure:3270: $? = 0
configure:3280: result: yes
configure:3295: checking whether RTLD_GLOBAL is declared
configure:3323: gcc -c -O2 -march=pentium4 -pipe  conftest.c >&5
configure:3326: $? = 0
configure:3329: test -s conftest.o
configure:3332: $? = 0
configure:3342: result: yes
configure:3435: creating ./config.status

## ---------------------- ##
## Running config.status. ##
## ---------------------- ##

This file was extended by Authen::PAM config.status 0.15, which was
generated by GNU Autoconf 2.53.  Invocation command line was

  CONFIG_FILES    = 
  CONFIG_HEADERS  = 
  CONFIG_LINKS    = 
  CONFIG_COMMANDS = 
  $ ./config.status 

on sys947

config.status:560: creating pam.cfg
config.status:560: creating PAM.pm
config.status:663: creating PAM_config.h

## ---------------- ##
## Cache variables. ##
## ---------------- ##

ac_cv_c_compiler_gnu=yes
ac_cv_env_CC_set=set
ac_cv_env_CC_value=gcc
ac_cv_env_CFLAGS_set=set
ac_cv_env_CFLAGS_value='-O2 -march=pentium4 -pipe'
ac_cv_env_CPPFLAGS_set=
ac_cv_env_CPPFLAGS_value=
ac_cv_env_CPP_set=
ac_cv_env_CPP_value=
ac_cv_env_LDFLAGS_set=
ac_cv_env_LDFLAGS_value=
ac_cv_env_build_alias_set=
ac_cv_env_build_alias_value=
ac_cv_env_host_alias_set=
ac_cv_env_host_alias_value=
ac_cv_env_target_alias_set=
ac_cv_env_target_alias_value=
ac_cv_exeext=
ac_cv_func_pam_getenv=yes
ac_cv_have_PAM_AUTHTOKEN_REQD=no
ac_cv_have_PAM_AUTHTOK_EXPIRED=yes
ac_cv_have_PAM_AUTHTOK_RECOVER=no
ac_cv_have_PAM_AUTHTOK_RECOVERY=no
ac_cv_have_PAM_BAD_ITEM=yes
ac_cv_have_PAM_CONV_AGAIN=yes
ac_cv_have_PAM_CRED_DELETE=no
ac_cv_have_PAM_CRED_ESTABLISH=no
ac_cv_have_PAM_CRED_REFRESH=no
ac_cv_have_PAM_CRED_REINITIALIZE=no
ac_cv_have_PAM_DELETE_CRED=yes
ac_cv_have_PAM_ESTABLISH_CRED=yes
ac_cv_have_PAM_INCOMPLETE=yes
ac_cv_have_PAM_MODULE_UNKNOWN=yes
ac_cv_have_PAM_NEW_AUTHTOK_REQD=yes
ac_cv_have_PAM_RADIO_TYPE=yes
ac_cv_have_PAM_REFRESH_CRED=yes
ac_cv_have_PAM_REINITIALIZE_CRED=yes
ac_cv_have_decl_RTLD_GLOBAL=yes
ac_cv_objext=o
ac_cv_pam_strerror_needs_pamh=yes
ac_cv_prog_CPP='gcc -E'
ac_cv_prog_ac_ct_CC=gcc
ac_cv_prog_cc_g=yes

## ----------- ##
## confdefs.h. ##
## ----------- ##

#define PACKAGE_NAME "Authen::PAM"
#define PACKAGE_TARNAME "Authen-PAM"
#define PACKAGE_VERSION "0.15"
#define PACKAGE_STRING "Authen::PAM 0.15"
#define PACKAGE_BUGREPORT ""
#define HAVE_SECURITY_PAM_APPL_H 1
#define HAVE_PAM_GETENV 1
#define PAM_STRERROR_NEEDS_PAMH 1
#define HAVE_PAM_NEW_AUTHTOK_REQD 1
#define HAVE_PAM_AUTHTOK_EXPIRED 1
#define HAVE_PAM_BAD_ITEM 1
#define HAVE_PAM_CONV_AGAIN 1
#define HAVE_PAM_DELETE_CRED 1
#define HAVE_PAM_ESTABLISH_CRED 1
#define HAVE_PAM_REFRESH_CRED 1
#define HAVE_PAM_REINITIALIZE_CRED 1
#define HAVE_PAM_INCOMPLETE 1
#define HAVE_PAM_MODULE_UNKNOWN 1
#define HAVE_PAM_RADIO_TYPE 1

configure: exit 0
