cpanm (App::cpanminus) 1.7001 on perl 5.020000 built for darwin-2level
Work directory is /Users/ether/.cpanm/work/1404261708.35506
You have make /usr/bin/make
You have LWP 6.06
You have /usr/bin/tar: bsdtar 2.8.3 - libarchive 2.8.3
You have /usr/bin/unzip
Checking if you have ExtUtils::MakeMaker 6.31 ... Yes (6.98)
Checking if you have ExtUtils::Install 1.46 ... Yes (1.67)
Searching Encode on mirror http://mirrors.gossamer-threads.com/CPAN ...
Downloading index file http://mirrors.gossamer-threads.com/CPAN/modules/02packages.details.txt.gz ...
Uncompressing index file...
--> Working on Encode
Fetching http://mirrors.gossamer-threads.com/CPAN/authors/id/D/DA/DANKOGAI/Encode-2.62.tar.gz
-> OK
Unpacking Encode-2.62.tar.gz
Entering Encode-2.62
Checking configure dependencies from META.json
Checking if you have ExtUtils::MakeMaker 0 ... Yes (6.98)
Configuring Encode-2.62
Running Makefile.PL
Checking if your kit is complete...
Looks good
Generating a Unix-style Makefile
Writing Makefile for Encode::Byte
Writing MYMETA.yml and MYMETA.json
Generating a Unix-style Makefile
Writing Makefile for Encode::CN
Writing MYMETA.yml and MYMETA.json
Generating a Unix-style Makefile
Writing Makefile for Encode::EBCDIC
Writing MYMETA.yml and MYMETA.json
Generating a Unix-style Makefile
Writing Makefile for Encode::JP
Writing MYMETA.yml and MYMETA.json
Generating a Unix-style Makefile
Writing Makefile for Encode::KR
Writing MYMETA.yml and MYMETA.json
Generating a Unix-style Makefile
Writing Makefile for Encode::Symbol
Writing MYMETA.yml and MYMETA.json
Generating a Unix-style Makefile
Writing Makefile for Encode::TW
Writing MYMETA.yml and MYMETA.json
Generating a Unix-style Makefile
Writing Makefile for Encode::Unicode
Writing MYMETA.yml and MYMETA.json
Generating a Unix-style Makefile
Writing Makefile for Encode
Writing MYMETA.yml and MYMETA.json
-> OK
Checking dependencies from MYMETA.json ...
Checking if you have parent 0.221 ... Yes (0.228)
Checking if you have ExtUtils::MakeMaker 0 ... Yes (6.98)
Checking if you have Exporter 5.57 ... Yes (5.70)
Building and testing Encode-2.62
cp Encode/encode.h blib/lib/Encode/encode.h
cp lib/Encode/JP/JIS7.pm blib/lib/Encode/JP/JIS7.pm
cp lib/Encode/Encoding.pm blib/lib/Encode/Encoding.pm
cp lib/Encode/CN/HZ.pm blib/lib/Encode/CN/HZ.pm
cp lib/Encode/MIME/Header.pm blib/lib/Encode/MIME/Header.pm
cp lib/Encode/GSM0338.pm blib/lib/Encode/GSM0338.pm
cp Encode/Makefile_PL.e2x blib/lib/Encode/Makefile_PL.e2x
cp Encode/Changes.e2x blib/lib/Encode/Changes.e2x
cp lib/Encode/Config.pm blib/lib/Encode/Config.pm
cp Encode/README.e2x blib/lib/Encode/README.e2x
cp lib/Encode/MIME/Name.pm blib/lib/Encode/MIME/Name.pm
cp lib/Encode/JP/H2Z.pm blib/lib/Encode/JP/H2Z.pm
cp Encode.pm blib/lib/Encode.pm
cp lib/Encode/Supported.pod blib/lib/Encode/Supported.pod
cp Encode/_T.e2x blib/lib/Encode/_T.e2x
cp Encode/_PM.e2x blib/lib/Encode/_PM.e2x
cp encoding.pm blib/lib/encoding.pm
cp lib/Encode/CJKConstants.pm blib/lib/Encode/CJKConstants.pm
cp lib/Encode/KR/2022_KR.pm blib/lib/Encode/KR/2022_KR.pm
cp lib/Encode/Unicode/UTF7.pm blib/lib/Encode/Unicode/UTF7.pm
cp Encode/ConfigLocal_PM.e2x blib/lib/Encode/ConfigLocal_PM.e2x
cp lib/Encode/MIME/Header/ISO_2022_JP.pm blib/lib/Encode/MIME/Header/ISO_2022_JP.pm
cp lib/Encode/PerlIO.pod blib/lib/Encode/PerlIO.pod
cp lib/Encode/Encoder.pm blib/lib/Encode/Encoder.pm
cp lib/Encode/Alias.pm blib/lib/Encode/Alias.pm
cp lib/Encode/Guess.pm blib/lib/Encode/Guess.pm
cp Byte.pm ../blib/lib/Encode/Byte.pm
Running Mkbootstrap for Encode::Byte ()
chmod 644 Byte.bs
/Users/ether/perl5/perlbrew/perls/20.0/bin/perl  ../bin/enc2xs -"Q" -"O" -o byte_t.c -f byte_t.fnm
Writing compiled form
12946 bytes in string tables
4452 bytes (25.6%) saved spotting duplicates
7 bytes (0.054%) saved using substrings
Reading iso-8859-2 (iso-8859-2)
Reading iso-8859-3 (iso-8859-3)
Reading iso-8859-4 (iso-8859-4)
Reading iso-8859-5 (iso-8859-5)
Reading iso-8859-6 (iso-8859-6)
Reading iso-8859-7 (iso-8859-7)
Reading iso-8859-8 (iso-8859-8)
Reading iso-8859-9 (iso-8859-9)
Reading iso-8859-10 (iso-8859-10)
Reading iso-8859-11 (iso-8859-11)
Reading iso-8859-13 (iso-8859-13)
Reading iso-8859-14 (iso-8859-14)
Reading iso-8859-15 (iso-8859-15)
Reading iso-8859-16 (iso-8859-16)
Reading AdobeStandardEncoding (AdobeStandardEncoding)
Reading cp1006 (cp1006)
Reading cp1250 (cp1250)
Reading cp1251 (cp1251)
Reading cp1252 (cp1252)
Reading cp1253 (cp1253)
Reading cp1254 (cp1254)
Reading cp1255 (cp1255)
Reading cp1256 (cp1256)
Reading cp1257 (cp1257)
Reading cp1258 (cp1258)
Reading cp424 (cp424)
Reading cp437 (cp437)
Reading cp737 (cp737)
Reading cp775 (cp775)
Reading cp850 (cp850)
Reading cp852 (cp852)
Reading cp855 (cp855)
Reading cp856 (cp856)
Reading cp857 (cp857)
Reading cp858 (cp858)
Reading cp860 (cp860)
Reading cp861 (cp861)
Reading cp862 (cp862)
Reading cp863 (cp863)
Reading cp864 (cp864)
Reading cp865 (cp865)
Reading cp866 (cp866)
Reading cp869 (cp869)
Reading cp874 (cp874)
Reading hp-roman8 (hp-roman8)
Reading koi8-f (koi8-f)
Reading koi8-r (koi8-r)
Reading koi8-u (koi8-u)
Reading MacArabic (MacArabic)
Reading MacCentralEurRoman (MacCentralEurRoman)
Reading MacCroatian (MacCroatian)
Reading MacCyrillic (MacCyrillic)
Reading MacFarsi (MacFarsi)
Reading MacGreek (MacGreek)
Reading MacHebrew (MacHebrew)
Reading MacIcelandic (MacIcelandic)
Reading MacRomanian (MacRomanian)
Reading MacRumanian (MacRumanian)
Reading MacRoman (MacRoman)
Reading MacSami (MacSami)
Reading MacThai (MacThai)
Reading MacTurkish (MacTurkish)
Reading MacUkrainian (MacUkrainian)
Reading nextstep (nextstep)
Reading viscii (viscii)
/Users/ether/perl5/perlbrew/perls/20.0/bin/perl /Users/ether/perl5/perlbrew/perls/20.0/lib/5.20.0/ExtUtils/xsubpp  -nolinenumbers -typemap /Users/ether/perl5/perlbrew/perls/20.0/lib/5.20.0/ExtUtils/typemap  Byte.xs > Byte.xsc && mv Byte.xsc Byte.c
cc -c  -I../Encode -fno-common -DPERL_DARWIN -fno-strict-aliasing -pipe -fstack-protector -I/opt/local/include -O3   -DVERSION=\"2.04\" -DXS_VERSION=\"2.04\"  "-I/Users/ether/perl5/perlbrew/perls/20.0/lib/5.20.0/darwin-2level/CORE"   Byte.c
cc -c  -I../Encode -fno-common -DPERL_DARWIN -fno-strict-aliasing -pipe -fstack-protector -I/opt/local/include -O3   -DVERSION=\"2.04\" -DXS_VERSION=\"2.04\"  "-I/Users/ether/perl5/perlbrew/perls/20.0/lib/5.20.0/darwin-2level/CORE"   byte_t.c
rm -f ../blib/arch/auto/Encode/Byte/Byte.bundle
env MACOSX_DEPLOYMENT_TARGET=10.3 cc  -bundle -undefined dynamic_lookup -L/opt/local/lib -fstack-protector Byte.o byte_t.o  -o ../blib/arch/auto/Encode/Byte/Byte.bundle 	\
	     	\
	  
chmod 755 ../blib/arch/auto/Encode/Byte/Byte.bundle
/Users/ether/perl5/perlbrew/perls/20.0/bin/perl -MExtUtils::Command::MM -e 'cp_nonempty' -- Byte.bs ../blib/arch/auto/Encode/Byte/Byte.bs 644
cp CN.pm ../blib/lib/Encode/CN.pm
Running Mkbootstrap for Encode::CN ()
chmod 644 CN.bs
/Users/ether/perl5/perlbrew/perls/20.0/bin/perl  ../bin/enc2xs -"Q" -o cp_00_t.c -f cp_00_t.fnm
Writing compiled form
120296 bytes in string tables
138 bytes (0.115%) saved spotting duplicates
Reading cp936 (cp936)
/Users/ether/perl5/perlbrew/perls/20.0/bin/perl  ../bin/enc2xs -"Q" -o ma_05_t.c -f ma_05_t.fnm
Writing compiled form
34801 bytes in string tables
2601 bytes (6.95%) saved spotting duplicates
Reading MacChineseSimp (MacChineseSimp)
/Users/ether/perl5/perlbrew/perls/20.0/bin/perl  ../bin/enc2xs -"Q" -o gb_02_t.c -f gb_02_t.fnm
Writing compiled form
34800 bytes in string tables
2786 bytes (7.41%) saved spotting duplicates
Reading gb12345-raw (gb12345-raw)
/Users/ether/perl5/perlbrew/perls/20.0/bin/perl  ../bin/enc2xs -"Q" -o ir_04_t.c -f ir_04_t.fnm
Writing compiled form
38113 bytes in string tables
2548 bytes (6.27%) saved spotting duplicates
Reading iso-ir-165 (iso-ir-165)
/Users/ether/perl5/perlbrew/perls/20.0/bin/perl  ../bin/enc2xs -"Q" -o gb_03_t.c -f gb_03_t.fnm
Writing compiled form
34764 bytes in string tables
2312 bytes (6.24%) saved spotting duplicates
Reading gb2312-raw (gb2312-raw)
/Users/ether/perl5/perlbrew/perls/20.0/bin/perl  ../bin/enc2xs -"Q" -o eu_01_t.c -f eu_01_t.fnm
Writing compiled form
34638 bytes in string tables
2566 bytes (6.9%) saved spotting duplicates
Reading euc-cn (euc-cn)
/Users/ether/perl5/perlbrew/perls/20.0/bin/perl /Users/ether/perl5/perlbrew/perls/20.0/lib/5.20.0/ExtUtils/xsubpp -noprototypes -nolinenumbers -typemap /Users/ether/perl5/perlbrew/perls/20.0/lib/5.20.0/ExtUtils/typemap  CN.xs > CN.xsc && mv CN.xsc CN.c
cc -c  -I../Encode -fno-common -DPERL_DARWIN -fno-strict-aliasing -pipe -fstack-protector -I/opt/local/include -O3   -DVERSION=\"2.03\" -DXS_VERSION=\"2.03\"  "-I/Users/ether/perl5/perlbrew/perls/20.0/lib/5.20.0/darwin-2level/CORE"   CN.c
cc -c  -I../Encode -fno-common -DPERL_DARWIN -fno-strict-aliasing -pipe -fstack-protector -I/opt/local/include -O3   -DVERSION=\"2.03\" -DXS_VERSION=\"2.03\"  "-I/Users/ether/perl5/perlbrew/perls/20.0/lib/5.20.0/darwin-2level/CORE"   cp_00_t.c
cc -c  -I../Encode -fno-common -DPERL_DARWIN -fno-strict-aliasing -pipe -fstack-protector -I/opt/local/include -O3   -DVERSION=\"2.03\" -DXS_VERSION=\"2.03\"  "-I/Users/ether/perl5/perlbrew/perls/20.0/lib/5.20.0/darwin-2level/CORE"   eu_01_t.c
cc -c  -I../Encode -fno-common -DPERL_DARWIN -fno-strict-aliasing -pipe -fstack-protector -I/opt/local/include -O3   -DVERSION=\"2.03\" -DXS_VERSION=\"2.03\"  "-I/Users/ether/perl5/perlbrew/perls/20.0/lib/5.20.0/darwin-2level/CORE"   gb_02_t.c
cc -c  -I../Encode -fno-common -DPERL_DARWIN -fno-strict-aliasing -pipe -fstack-protector -I/opt/local/include -O3   -DVERSION=\"2.03\" -DXS_VERSION=\"2.03\"  "-I/Users/ether/perl5/perlbrew/perls/20.0/lib/5.20.0/darwin-2level/CORE"   gb_03_t.c
cc -c  -I../Encode -fno-common -DPERL_DARWIN -fno-strict-aliasing -pipe -fstack-protector -I/opt/local/include -O3   -DVERSION=\"2.03\" -DXS_VERSION=\"2.03\"  "-I/Users/ether/perl5/perlbrew/perls/20.0/lib/5.20.0/darwin-2level/CORE"   ir_04_t.c
cc -c  -I../Encode -fno-common -DPERL_DARWIN -fno-strict-aliasing -pipe -fstack-protector -I/opt/local/include -O3   -DVERSION=\"2.03\" -DXS_VERSION=\"2.03\"  "-I/Users/ether/perl5/perlbrew/perls/20.0/lib/5.20.0/darwin-2level/CORE"   ma_05_t.c
rm -f ../blib/arch/auto/Encode/CN/CN.bundle
env MACOSX_DEPLOYMENT_TARGET=10.3 cc  -bundle -undefined dynamic_lookup -L/opt/local/lib -fstack-protector CN.o cp_00_t.o eu_01_t.o gb_02_t.o gb_03_t.o ir_04_t.o ma_05_t.o  -o ../blib/arch/auto/Encode/CN/CN.bundle 	\
	     	\
	  
chmod 755 ../blib/arch/auto/Encode/CN/CN.bundle
/Users/ether/perl5/perlbrew/perls/20.0/bin/perl -MExtUtils::Command::MM -e 'cp_nonempty' -- CN.bs ../blib/arch/auto/Encode/CN/CN.bs 644
cp EBCDIC.pm ../blib/lib/Encode/EBCDIC.pm
Running Mkbootstrap for Encode::EBCDIC ()
chmod 644 EBCDIC.bs
/Users/ether/perl5/perlbrew/perls/20.0/bin/perl  ../bin/enc2xs -"Q" -"O" -o ebcdic_t.c -f ebcdic_t.fnm
Writing compiled form
2174 bytes in string tables
367 bytes (14.4%) saved spotting duplicates
1 bytes (0.046%) saved using substrings
Reading cp37 (cp37)
Reading cp1026 (cp1026)
Reading cp1047 (cp1047)
Reading cp500 (cp500)
Reading cp875 (cp875)
Reading posix-bc (posix-bc)
/Users/ether/perl5/perlbrew/perls/20.0/bin/perl /Users/ether/perl5/perlbrew/perls/20.0/lib/5.20.0/ExtUtils/xsubpp  -nolinenumbers -typemap /Users/ether/perl5/perlbrew/perls/20.0/lib/5.20.0/ExtUtils/typemap  EBCDIC.xs > EBCDIC.xsc && mv EBCDIC.xsc EBCDIC.c
cc -c  -I../Encode -fno-common -DPERL_DARWIN -fno-strict-aliasing -pipe -fstack-protector -I/opt/local/include -O3   -DVERSION=\"2.02\" -DXS_VERSION=\"2.02\"  "-I/Users/ether/perl5/perlbrew/perls/20.0/lib/5.20.0/darwin-2level/CORE"   EBCDIC.c
cc -c  -I../Encode -fno-common -DPERL_DARWIN -fno-strict-aliasing -pipe -fstack-protector -I/opt/local/include -O3   -DVERSION=\"2.02\" -DXS_VERSION=\"2.02\"  "-I/Users/ether/perl5/perlbrew/perls/20.0/lib/5.20.0/darwin-2level/CORE"   ebcdic_t.c
rm -f ../blib/arch/auto/Encode/EBCDIC/EBCDIC.bundle
env MACOSX_DEPLOYMENT_TARGET=10.3 cc  -bundle -undefined dynamic_lookup -L/opt/local/lib -fstack-protector EBCDIC.o ebcdic_t.o  -o ../blib/arch/auto/Encode/EBCDIC/EBCDIC.bundle 	\
	     	\
	  
chmod 755 ../blib/arch/auto/Encode/EBCDIC/EBCDIC.bundle
/Users/ether/perl5/perlbrew/perls/20.0/bin/perl -MExtUtils::Command::MM -e 'cp_nonempty' -- EBCDIC.bs ../blib/arch/auto/Encode/EBCDIC/EBCDIC.bs 644
cp JP.pm ../blib/lib/Encode/JP.pm
Running Mkbootstrap for Encode::JP ()
chmod 644 JP.bs
/Users/ether/perl5/perlbrew/perls/20.0/bin/perl  ../bin/enc2xs -"Q" -o ji_02_t.c -f ji_02_t.fnm
Writing compiled form
479 bytes in string tables
Reading jis0201-raw (jis0201-raw)
/Users/ether/perl5/perlbrew/perls/20.0/bin/perl  ../bin/enc2xs -"Q" -o eu_01_t.c -f eu_01_t.fnm
Writing compiled form
78376 bytes in string tables
5448 bytes (6.5%) saved spotting duplicates
Reading euc-jp (euc-jp)
/Users/ether/perl5/perlbrew/perls/20.0/bin/perl  ../bin/enc2xs -"Q" -o sh_06_t.c -f sh_06_t.fnm
Writing compiled form
32924 bytes in string tables
1726 bytes (4.98%) saved spotting duplicates
Reading shiftjis (shiftjis)
/Users/ether/perl5/perlbrew/perls/20.0/bin/perl  ../bin/enc2xs -"Q" -o ji_03_t.c -f ji_03_t.fnm
Writing compiled form
31800 bytes in string tables
2470 bytes (7.21%) saved spotting duplicates
Reading jis0208-raw (jis0208-raw)
/Users/ether/perl5/perlbrew/perls/20.0/bin/perl  ../bin/enc2xs -"Q" -o ji_04_t.c -f ji_04_t.fnm
Writing compiled form
27241 bytes in string tables
2829 bytes (9.41%) saved spotting duplicates
Reading jis0212-raw (jis0212-raw)
/Users/ether/perl5/perlbrew/perls/20.0/bin/perl  ../bin/enc2xs -"Q" -o cp_00_t.c -f cp_00_t.fnm
Writing compiled form
45234 bytes in string tables
2360 bytes (4.96%) saved spotting duplicates
Reading cp932 (cp932)
/Users/ether/perl5/perlbrew/perls/20.0/bin/perl  ../bin/enc2xs -"Q" -o ma_05_t.c -f ma_05_t.fnm
Writing compiled form
34511 bytes in string tables
1922 bytes (5.28%) saved spotting duplicates
Reading MacJapanese (MacJapanese)
/Users/ether/perl5/perlbrew/perls/20.0/bin/perl /Users/ether/perl5/perlbrew/perls/20.0/lib/5.20.0/ExtUtils/xsubpp  -nolinenumbers -typemap /Users/ether/perl5/perlbrew/perls/20.0/lib/5.20.0/ExtUtils/typemap  JP.xs > JP.xsc && mv JP.xsc JP.c
cc -c  -I../Encode -fno-common -DPERL_DARWIN -fno-strict-aliasing -pipe -fstack-protector -I/opt/local/include -O3   -DVERSION=\"2.04\" -DXS_VERSION=\"2.04\"  "-I/Users/ether/perl5/perlbrew/perls/20.0/lib/5.20.0/darwin-2level/CORE"   JP.c
cc -c  -I../Encode -fno-common -DPERL_DARWIN -fno-strict-aliasing -pipe -fstack-protector -I/opt/local/include -O3   -DVERSION=\"2.04\" -DXS_VERSION=\"2.04\"  "-I/Users/ether/perl5/perlbrew/perls/20.0/lib/5.20.0/darwin-2level/CORE"   cp_00_t.c
cc -c  -I../Encode -fno-common -DPERL_DARWIN -fno-strict-aliasing -pipe -fstack-protector -I/opt/local/include -O3   -DVERSION=\"2.04\" -DXS_VERSION=\"2.04\"  "-I/Users/ether/perl5/perlbrew/perls/20.0/lib/5.20.0/darwin-2level/CORE"   eu_01_t.c
cc -c  -I../Encode -fno-common -DPERL_DARWIN -fno-strict-aliasing -pipe -fstack-protector -I/opt/local/include -O3   -DVERSION=\"2.04\" -DXS_VERSION=\"2.04\"  "-I/Users/ether/perl5/perlbrew/perls/20.0/lib/5.20.0/darwin-2level/CORE"   ji_02_t.c
cc -c  -I../Encode -fno-common -DPERL_DARWIN -fno-strict-aliasing -pipe -fstack-protector -I/opt/local/include -O3   -DVERSION=\"2.04\" -DXS_VERSION=\"2.04\"  "-I/Users/ether/perl5/perlbrew/perls/20.0/lib/5.20.0/darwin-2level/CORE"   ji_03_t.c
cc -c  -I../Encode -fno-common -DPERL_DARWIN -fno-strict-aliasing -pipe -fstack-protector -I/opt/local/include -O3   -DVERSION=\"2.04\" -DXS_VERSION=\"2.04\"  "-I/Users/ether/perl5/perlbrew/perls/20.0/lib/5.20.0/darwin-2level/CORE"   ji_04_t.c
cc -c  -I../Encode -fno-common -DPERL_DARWIN -fno-strict-aliasing -pipe -fstack-protector -I/opt/local/include -O3   -DVERSION=\"2.04\" -DXS_VERSION=\"2.04\"  "-I/Users/ether/perl5/perlbrew/perls/20.0/lib/5.20.0/darwin-2level/CORE"   ma_05_t.c
cc -c  -I../Encode -fno-common -DPERL_DARWIN -fno-strict-aliasing -pipe -fstack-protector -I/opt/local/include -O3   -DVERSION=\"2.04\" -DXS_VERSION=\"2.04\"  "-I/Users/ether/perl5/perlbrew/perls/20.0/lib/5.20.0/darwin-2level/CORE"   sh_06_t.c
rm -f ../blib/arch/auto/Encode/JP/JP.bundle
env MACOSX_DEPLOYMENT_TARGET=10.3 cc  -bundle -undefined dynamic_lookup -L/opt/local/lib -fstack-protector JP.o cp_00_t.o eu_01_t.o ji_02_t.o ji_03_t.o ji_04_t.o ma_05_t.o sh_06_t.o  -o ../blib/arch/auto/Encode/JP/JP.bundle 	\
	     	\
	  
chmod 755 ../blib/arch/auto/Encode/JP/JP.bundle
/Users/ether/perl5/perlbrew/perls/20.0/bin/perl -MExtUtils::Command::MM -e 'cp_nonempty' -- JP.bs ../blib/arch/auto/Encode/JP/JP.bs 644
cp KR.pm ../blib/lib/Encode/KR.pm
Running Mkbootstrap for Encode::KR ()
chmod 644 KR.bs
/Users/ether/perl5/perlbrew/perls/20.0/bin/perl  ../bin/enc2xs -"Q" -o jo_02_t.c -f jo_02_t.fnm
Writing compiled form
83424 bytes in string tables
1772 bytes (2.08%) saved spotting duplicates
Reading johab (johab)
/Users/ether/perl5/perlbrew/perls/20.0/bin/perl  ../bin/enc2xs -"Q" -o ks_03_t.c -f ks_03_t.fnm
Writing compiled form
36921 bytes in string tables
4038 bytes (9.86%) saved spotting duplicates
Reading ksc5601-raw (ksc5601-raw)
/Users/ether/perl5/perlbrew/perls/20.0/bin/perl  ../bin/enc2xs -"Q" -o eu_01_t.c -f eu_01_t.fnm
Writing compiled form
36763 bytes in string tables
4318 bytes (10.5%) saved spotting duplicates
Reading euc-kr (euc-kr)
/Users/ether/perl5/perlbrew/perls/20.0/bin/perl  ../bin/enc2xs -"Q" -o cp_00_t.c -f cp_00_t.fnm
Writing compiled form
83711 bytes in string tables
3158 bytes (3.64%) saved spotting duplicates
Reading cp949 (cp949)
/Users/ether/perl5/perlbrew/perls/20.0/bin/perl  ../bin/enc2xs -"Q" -o ma_04_t.c -f ma_04_t.fnm
Writing compiled form
43458 bytes in string tables
4417 bytes (9.23%) saved spotting duplicates
Reading MacKorean (MacKorean)
/Users/ether/perl5/perlbrew/perls/20.0/bin/perl /Users/ether/perl5/perlbrew/perls/20.0/lib/5.20.0/ExtUtils/xsubpp  -nolinenumbers -typemap /Users/ether/perl5/perlbrew/perls/20.0/lib/5.20.0/ExtUtils/typemap  KR.xs > KR.xsc && mv KR.xsc KR.c
cc -c  -I../Encode -fno-common -DPERL_DARWIN -fno-strict-aliasing -pipe -fstack-protector -I/opt/local/include -O3   -DVERSION=\"2.03\" -DXS_VERSION=\"2.03\"  "-I/Users/ether/perl5/perlbrew/perls/20.0/lib/5.20.0/darwin-2level/CORE"   KR.c
cc -c  -I../Encode -fno-common -DPERL_DARWIN -fno-strict-aliasing -pipe -fstack-protector -I/opt/local/include -O3   -DVERSION=\"2.03\" -DXS_VERSION=\"2.03\"  "-I/Users/ether/perl5/perlbrew/perls/20.0/lib/5.20.0/darwin-2level/CORE"   cp_00_t.c
cc -c  -I../Encode -fno-common -DPERL_DARWIN -fno-strict-aliasing -pipe -fstack-protector -I/opt/local/include -O3   -DVERSION=\"2.03\" -DXS_VERSION=\"2.03\"  "-I/Users/ether/perl5/perlbrew/perls/20.0/lib/5.20.0/darwin-2level/CORE"   eu_01_t.c
cc -c  -I../Encode -fno-common -DPERL_DARWIN -fno-strict-aliasing -pipe -fstack-protector -I/opt/local/include -O3   -DVERSION=\"2.03\" -DXS_VERSION=\"2.03\"  "-I/Users/ether/perl5/perlbrew/perls/20.0/lib/5.20.0/darwin-2level/CORE"   jo_02_t.c
cc -c  -I../Encode -fno-common -DPERL_DARWIN -fno-strict-aliasing -pipe -fstack-protector -I/opt/local/include -O3   -DVERSION=\"2.03\" -DXS_VERSION=\"2.03\"  "-I/Users/ether/perl5/perlbrew/perls/20.0/lib/5.20.0/darwin-2level/CORE"   ks_03_t.c
cc -c  -I../Encode -fno-common -DPERL_DARWIN -fno-strict-aliasing -pipe -fstack-protector -I/opt/local/include -O3   -DVERSION=\"2.03\" -DXS_VERSION=\"2.03\"  "-I/Users/ether/perl5/perlbrew/perls/20.0/lib/5.20.0/darwin-2level/CORE"   ma_04_t.c
rm -f ../blib/arch/auto/Encode/KR/KR.bundle
env MACOSX_DEPLOYMENT_TARGET=10.3 cc  -bundle -undefined dynamic_lookup -L/opt/local/lib -fstack-protector KR.o cp_00_t.o eu_01_t.o jo_02_t.o ks_03_t.o ma_04_t.o  -o ../blib/arch/auto/Encode/KR/KR.bundle 	\
	     	\
	  
chmod 755 ../blib/arch/auto/Encode/KR/KR.bundle
/Users/ether/perl5/perlbrew/perls/20.0/bin/perl -MExtUtils::Command::MM -e 'cp_nonempty' -- KR.bs ../blib/arch/auto/Encode/KR/KR.bs 644
cp Symbol.pm ../blib/lib/Encode/Symbol.pm
Running Mkbootstrap for Encode::Symbol ()
chmod 644 Symbol.bs
/Users/ether/perl5/perlbrew/perls/20.0/bin/perl  ../bin/enc2xs -"Q" -"O" -o symbol_t.c -f symbol_t.fnm
Writing compiled form
1859 bytes in string tables
305 bytes (14.1%) saved spotting duplicates
Reading AdobeSymbol (AdobeSymbol)
Reading AdobeZdingbat (AdobeZdingbat)
Reading dingbats (dingbats)
Reading MacDingbats (MacDingbats)
Reading MacSymbol (MacSymbol)
Reading symbol (symbol)
/Users/ether/perl5/perlbrew/perls/20.0/bin/perl /Users/ether/perl5/perlbrew/perls/20.0/lib/5.20.0/ExtUtils/xsubpp  -nolinenumbers -typemap /Users/ether/perl5/perlbrew/perls/20.0/lib/5.20.0/ExtUtils/typemap  Symbol.xs > Symbol.xsc && mv Symbol.xsc Symbol.c
cc -c  -I../Encode -fno-common -DPERL_DARWIN -fno-strict-aliasing -pipe -fstack-protector -I/opt/local/include -O3   -DVERSION=\"2.02\" -DXS_VERSION=\"2.02\"  "-I/Users/ether/perl5/perlbrew/perls/20.0/lib/5.20.0/darwin-2level/CORE"   Symbol.c
cc -c  -I../Encode -fno-common -DPERL_DARWIN -fno-strict-aliasing -pipe -fstack-protector -I/opt/local/include -O3   -DVERSION=\"2.02\" -DXS_VERSION=\"2.02\"  "-I/Users/ether/perl5/perlbrew/perls/20.0/lib/5.20.0/darwin-2level/CORE"   symbol_t.c
rm -f ../blib/arch/auto/Encode/Symbol/Symbol.bundle
env MACOSX_DEPLOYMENT_TARGET=10.3 cc  -bundle -undefined dynamic_lookup -L/opt/local/lib -fstack-protector Symbol.o symbol_t.o  -o ../blib/arch/auto/Encode/Symbol/Symbol.bundle 	\
	     	\
	  
chmod 755 ../blib/arch/auto/Encode/Symbol/Symbol.bundle
/Users/ether/perl5/perlbrew/perls/20.0/bin/perl -MExtUtils::Command::MM -e 'cp_nonempty' -- Symbol.bs ../blib/arch/auto/Encode/Symbol/Symbol.bs 644
cp TW.pm ../blib/lib/Encode/TW.pm
Running Mkbootstrap for Encode::TW ()
chmod 644 TW.bs
/Users/ether/perl5/perlbrew/perls/20.0/bin/perl  ../bin/enc2xs -"Q" -o ma_03_t.c -f ma_03_t.fnm
Writing compiled form
66317 bytes in string tables
1102 bytes (1.63%) saved spotting duplicates
Reading MacChineseTrad (MacChineseTrad)
/Users/ether/perl5/perlbrew/perls/20.0/bin/perl  ../bin/enc2xs -"Q" -o bi_00_t.c -f bi_00_t.fnm
Writing compiled form
68325 bytes in string tables
1191 bytes (1.71%) saved spotting duplicates
Reading big5-eten (big5-eten)
/Users/ether/perl5/perlbrew/perls/20.0/bin/perl  ../bin/enc2xs -"Q" -o cp_02_t.c -f cp_02_t.fnm
Writing compiled form
98212 bytes in string tables
1314 bytes (1.32%) saved spotting duplicates
Reading cp950 (cp950)
/Users/ether/perl5/perlbrew/perls/20.0/bin/perl  ../bin/enc2xs -"Q" -o bi_01_t.c -f bi_01_t.fnm
Writing compiled form
91321 bytes in string tables
3227 bytes (3.41%) saved spotting duplicates
Reading big5-hkscs (big5-hkscs)
/Users/ether/perl5/perlbrew/perls/20.0/bin/perl /Users/ether/perl5/perlbrew/perls/20.0/lib/5.20.0/ExtUtils/xsubpp  -nolinenumbers -typemap /Users/ether/perl5/perlbrew/perls/20.0/lib/5.20.0/ExtUtils/typemap  TW.xs > TW.xsc && mv TW.xsc TW.c
cc -c  -I../Encode -fno-common -DPERL_DARWIN -fno-strict-aliasing -pipe -fstack-protector -I/opt/local/include -O3   -DVERSION=\"2.03\" -DXS_VERSION=\"2.03\"  "-I/Users/ether/perl5/perlbrew/perls/20.0/lib/5.20.0/darwin-2level/CORE"   TW.c
cc -c  -I../Encode -fno-common -DPERL_DARWIN -fno-strict-aliasing -pipe -fstack-protector -I/opt/local/include -O3   -DVERSION=\"2.03\" -DXS_VERSION=\"2.03\"  "-I/Users/ether/perl5/perlbrew/perls/20.0/lib/5.20.0/darwin-2level/CORE"   bi_00_t.c
cc -c  -I../Encode -fno-common -DPERL_DARWIN -fno-strict-aliasing -pipe -fstack-protector -I/opt/local/include -O3   -DVERSION=\"2.03\" -DXS_VERSION=\"2.03\"  "-I/Users/ether/perl5/perlbrew/perls/20.0/lib/5.20.0/darwin-2level/CORE"   bi_01_t.c
cc -c  -I../Encode -fno-common -DPERL_DARWIN -fno-strict-aliasing -pipe -fstack-protector -I/opt/local/include -O3   -DVERSION=\"2.03\" -DXS_VERSION=\"2.03\"  "-I/Users/ether/perl5/perlbrew/perls/20.0/lib/5.20.0/darwin-2level/CORE"   cp_02_t.c
cc -c  -I../Encode -fno-common -DPERL_DARWIN -fno-strict-aliasing -pipe -fstack-protector -I/opt/local/include -O3   -DVERSION=\"2.03\" -DXS_VERSION=\"2.03\"  "-I/Users/ether/perl5/perlbrew/perls/20.0/lib/5.20.0/darwin-2level/CORE"   ma_03_t.c
rm -f ../blib/arch/auto/Encode/TW/TW.bundle
env MACOSX_DEPLOYMENT_TARGET=10.3 cc  -bundle -undefined dynamic_lookup -L/opt/local/lib -fstack-protector TW.o bi_00_t.o bi_01_t.o cp_02_t.o ma_03_t.o  -o ../blib/arch/auto/Encode/TW/TW.bundle 	\
	     	\
	  
chmod 755 ../blib/arch/auto/Encode/TW/TW.bundle
/Users/ether/perl5/perlbrew/perls/20.0/bin/perl -MExtUtils::Command::MM -e 'cp_nonempty' -- TW.bs ../blib/arch/auto/Encode/TW/TW.bs 644
cp Unicode.pm ../blib/lib/Encode/Unicode.pm
Running Mkbootstrap for Encode::Unicode ()
chmod 644 Unicode.bs
/Users/ether/perl5/perlbrew/perls/20.0/bin/perl /Users/ether/perl5/perlbrew/perls/20.0/lib/5.20.0/ExtUtils/xsubpp  -typemap /Users/ether/perl5/perlbrew/perls/20.0/lib/5.20.0/ExtUtils/typemap  Unicode.xs > Unicode.xsc && mv Unicode.xsc Unicode.c
cc -c  -I../Encode -fno-common -DPERL_DARWIN -fno-strict-aliasing -pipe -fstack-protector -I/opt/local/include -O3   -DVERSION=\"2.09\" -DXS_VERSION=\"2.09\"  "-I/Users/ether/perl5/perlbrew/perls/20.0/lib/5.20.0/darwin-2level/CORE"   Unicode.c
Unicode.xs:175:6: warning: expression result unused [-Wunused-value]
            hv_store((HV *)SvRV(obj),"endian",6,newSVpv((char *)&endian,1),0);
            ^~~~~~~~~~~~~~~~~~~~~~~~~~~~~~~~~~~~~~~~~~~~~~~~~~~~~~~~~~~~~~~~~
/Users/ether/perl5/perlbrew/perls/20.0/lib/5.20.0/darwin-2level/CORE/hv.h:473:6: note: expanded from macro 'hv_store'
    ((SV**) hv_common_key_len((hv), (key), (klen),                      \
     ^      ~~~~~~~~~~~~~~~~~~~~~~~~~~~~~~~~~~~~~~~~~~~~~~~~~~~~~~~~~~~~~
Unicode.xs:340:6: warning: expression result unused [-Wunused-value]
            hv_store((HV *)SvRV(obj),"endian",6,newSVpv((char *)&endian,1),0);
            ^~~~~~~~~~~~~~~~~~~~~~~~~~~~~~~~~~~~~~~~~~~~~~~~~~~~~~~~~~~~~~~~~
/Users/ether/perl5/perlbrew/perls/20.0/lib/5.20.0/darwin-2level/CORE/hv.h:473:6: note: expanded from macro 'hv_store'
    ((SV**) hv_common_key_len((hv), (key), (klen),                      \
     ^      ~~~~~~~~~~~~~~~~~~~~~~~~~~~~~~~~~~~~~~~~~~~~~~~~~~~~~~~~~~~~~
2 warnings generated.
rm -f ../blib/arch/auto/Encode/Unicode/Unicode.bundle
env MACOSX_DEPLOYMENT_TARGET=10.3 cc  -bundle -undefined dynamic_lookup -L/opt/local/lib -fstack-protector Unicode.o  -o ../blib/arch/auto/Encode/Unicode/Unicode.bundle 	\
	     	\
	  
chmod 755 ../blib/arch/auto/Encode/Unicode/Unicode.bundle
/Users/ether/perl5/perlbrew/perls/20.0/bin/perl -MExtUtils::Command::MM -e 'cp_nonempty' -- Unicode.bs ../blib/arch/auto/Encode/Unicode/Unicode.bs 644
Running Mkbootstrap for Encode ()
chmod 644 Encode.bs
/Users/ether/perl5/perlbrew/perls/20.0/bin/perl /Users/ether/perl5/perlbrew/perls/20.0/lib/5.20.0/ExtUtils/xsubpp  -typemap /Users/ether/perl5/perlbrew/perls/20.0/lib/5.20.0/ExtUtils/typemap  Encode.xs > Encode.xsc && mv Encode.xsc Encode.c
/Users/ether/perl5/perlbrew/perls/20.0/bin/perl  bin/enc2xs -"Q" -"O" -o def_t.c -f def_t.fnm
Writing compiled form
512 bytes in string tables
32 bytes (5.88%) saved spotting duplicates
Reading iso-8859-1 (iso-8859-1)
Reading ascii (ascii)
Reading ascii-ctrl (ascii-ctrl)
Reading null (null)
cc -c  -I./Encode -fno-common -DPERL_DARWIN -fno-strict-aliasing -pipe -fstack-protector -I/opt/local/include -O3   -DVERSION=\"2.62\" -DXS_VERSION=\"2.62\"  "-I/Users/ether/perl5/perlbrew/perls/20.0/lib/5.20.0/darwin-2level/CORE"   Encode.c
cc -c  -I./Encode -fno-common -DPERL_DARWIN -fno-strict-aliasing -pipe -fstack-protector -I/opt/local/include -O3   -DVERSION=\"2.62\" -DXS_VERSION=\"2.62\"  "-I/Users/ether/perl5/perlbrew/perls/20.0/lib/5.20.0/darwin-2level/CORE"   def_t.c
cc -c  -I./Encode -fno-common -DPERL_DARWIN -fno-strict-aliasing -pipe -fstack-protector -I/opt/local/include -O3   -DVERSION=\"2.62\" -DXS_VERSION=\"2.62\"  "-I/Users/ether/perl5/perlbrew/perls/20.0/lib/5.20.0/darwin-2level/CORE"   encengine.c
rm -f blib/arch/auto/Encode/Encode.bundle
env MACOSX_DEPLOYMENT_TARGET=10.3 cc  -bundle -undefined dynamic_lookup -L/opt/local/lib -fstack-protector Encode.o def_t.o encengine.o  -o blib/arch/auto/Encode/Encode.bundle 	\
	     	\
	  
chmod 755 blib/arch/auto/Encode/Encode.bundle
/Users/ether/perl5/perlbrew/perls/20.0/bin/perl -MExtUtils::Command::MM -e 'cp_nonempty' -- Encode.bs blib/arch/auto/Encode/Encode.bs 644
cp bin/piconv blib/script/piconv
/Users/ether/perl5/perlbrew/perls/20.0/bin/perl -MExtUtils::MY -e 'MY->fixin(shift)' -- blib/script/piconv
cp bin/enc2xs blib/script/enc2xs
/Users/ether/perl5/perlbrew/perls/20.0/bin/perl -MExtUtils::MY -e 'MY->fixin(shift)' -- blib/script/enc2xs
Manifying blib/man1/enc2xs.0
Manifying blib/man1/piconv.0
Manifying blib/man3/Encode.0
Manifying blib/man3/encoding.0
Manifying blib/man3/Encode::Alias.0
Manifying blib/man3/Encode::CJKConstants.0
Manifying blib/man3/Encode::CN::HZ.0
Manifying blib/man3/Encode::Config.0
Manifying blib/man3/Encode::Encoder.0
Manifying blib/man3/Encode::Encoding.0
Manifying blib/man3/Encode::GSM0338.0
Manifying blib/man3/Encode::Guess.0
Manifying blib/man3/Encode::JP::H2Z.0
Manifying blib/man3/Encode::JP::JIS7.0
Manifying blib/man3/Encode::KR::2022_KR.0
Manifying blib/man3/Encode::MIME::Header.0
Manifying blib/man3/Encode::MIME::Name.0
Manifying blib/man3/Encode::PerlIO.0
Manifying blib/man3/Encode::Supported.0
Manifying blib/man3/Encode::Unicode::UTF7.0
Running Mkbootstrap for Encode::Byte ()
chmod 644 Byte.bs
Running Mkbootstrap for Encode::CN ()
chmod 644 CN.bs
Running Mkbootstrap for Encode::EBCDIC ()
chmod 644 EBCDIC.bs
Running Mkbootstrap for Encode::JP ()
chmod 644 JP.bs
Running Mkbootstrap for Encode::KR ()
chmod 644 KR.bs
Running Mkbootstrap for Encode::Symbol ()
chmod 644 Symbol.bs
Running Mkbootstrap for Encode::TW ()
chmod 644 TW.bs
Running Mkbootstrap for Encode::Unicode ()
chmod 644 Unicode.bs
Running Mkbootstrap for Encode ()
chmod 644 Encode.bs
PERL_DL_NONLAZY=1 /Users/ether/perl5/perlbrew/perls/20.0/bin/perl "-MExtUtils::Command::MM" "-MTest::Harness" "-e" "undef *Test::Harness::Switches; test_harness(0, 'blib/lib', 'blib/arch')" t/*.t
t/cow.t .................... ok
t/decode.t ................. ok
t/at-tw.t .................. ok
t/at-cn.t .................. ok
t/enc_utf8.t: failed to open 'f1' for reading: No such file or directory at t/enc_utf8.t line 42, <F> line 1.
t/enc_utf8.t ............... 
Dubious, test returned 2 (wstat 512, 0x200)
Failed 4/5 subtests 
t/enc_eucjp.t .............. ok
t/enc_data.t ............... ok
t/enc_module.t ............. ok
t/from_to.t ................ ok
t/fallback.t ............... ok
t/encoding.t ............... ok
t/jis7-fallback.t .......... ok
t/grow.t ................... ok
t/guess.t .................. ok
t/jperl.t .................. ok
t/mime-header.t ............ ok
t/mime_header_iso2022jp.t .. ok
t/Encoder.t ................ ok
t/mime-name.t .............. ok
t/utf8ref.t ................ ok
t/utf8strict.t ............. ok
t/taint.t .................. ok
t/piconv.t ................. ok
t/Unicode.t ................ ok
t/gsm0338.t ................ ok
t/CJKT.t ................... ok
t/Aliases.t ................ ok
t/Encode.t ................. ok
t/perlio.t ................. ok

Test Summary Report
-------------------
t/enc_utf8.t             (Wstat: 512 Tests: 1 Failed: 0)
  Non-zero exit status: 2
  Parse errors: Bad plan.  You planned 5 tests but ran 1.
Files=29, Tests=5833,  2 wallclock secs ( 0.79 usr  0.08 sys +  4.78 cusr  0.44 csys =  6.09 CPU)
Result: FAIL
Failed 1/29 test programs. 0/5833 subtests failed.
make: *** [test_dynamic] Error 255
-> FAIL Installing Encode failed. See /Users/ether/.cpanm/work/1404261708.35506/build.log for details. Retry with --force to force install it.
Expiring 75 work directories. This might take long...
