=~=~=~=~=~=~=~=~=~=~=~= PuTTY log 2006.05.15 10:30:54 =~=~=~=~=~=~=~=~=~=~=~=
perl Makefile.PL
Checking if your kit is complete...
Looks good
Writing Makefile for TeX::Encode
moondance# make
cp lib/TeX/Encode.pm blib/lib/TeX/Encode.pm
AutoSplitting blib/lib/TeX/Encode.pm (blib/lib/auto/TeX/Encode)
Manifying blib/man3/TeX::Encode.3
moondance# make test
PERL_DL_NONLAZY=1 /usr/bin/perl "-MExtUtils::Command::MM" "-e" "test_harness(0, 'blib/lib', 'blib/arch')" t/*.t
t/01ltgt..........Use of uninitialized value in hash element at /home/aaron/BSD/p5-TeX-Encode/work/TeX-Encode-0.4/blib/lib/TeX/Encode.pm line 30.
Use of uninitialized value in hash element at /home/aaron/BSD/p5-TeX-Encode/work/TeX-Encode-0.4/blib/lib/TeX/Encode.pm line 30.
Use of uninitialized value in hash element at /home/aaron/BSD/p5-TeX-Encode/work/TeX-Encode-0.4/blib/lib/TeX/Encode.pm line 30.
Use of uninitialized value in hash element at /home/aaron/BSD/p5-TeX-Encode/work/TeX-Encode-0.4/blib/lib/TeX/Encode.pm line 30.
Use of uninitialized value in hash element at /home/aaron/BSD/p5-TeX-Encode/work/TeX-Encode-0.4/blib/lib/TeX/Encode.pm line 30.
Use of uninitialized value in hash element at /home/aaron/BSD/p5-TeX-Encode/work/TeX-Encode-0.4/blib/lib/TeX/Encode.pm line 30.
Use of uninitialized value in hash element at /home/aaron/BSD/p5-TeX-Encode/work/TeX-Encode-0.4/blib/lib/TeX/Encode.pm line 30.
Use of uninitialized value in hash element at /home/aaron/BSD/p5-TeX-Encode/work/TeX-Encode-0.4/blib/lib/TeX/Encode.pm line 30.
Use of uninitialized value in hash element at /home/aaron/BSD/p5-TeX-Encode/work/TeX-Encode-0.4/blib/lib/TeX/Encode.pm line 30.
Use of uninitialized value in hash element at /home/aaron/BSD/p5-TeX-Encode/work/TeX-Encode-0.4/blib/lib/TeX/Encode.pm line 30.
Use of uninitialized value in hash element at /home/aaron/BSD/p5-TeX-Encode/work/TeX-Encode-0.4/blib/lib/TeX/Encode.pm line 30.
Use of uninitialized value in hash element at /home/aaron/BSD/p5-TeX-Encode/work/TeX-Encode-0.4/blib/lib/TeX/Encode.pm line 30.
Use of uninitialized value in hash element at /home/aaron/BSD/p5-TeX-Encode/work/TeX-Encode-0.4/blib/lib/TeX/Encode.pm line 30.
Use of uninitialized value in hash element at /home/aaron/BSD/p5-TeX-Encode/work/TeX-Encode-0.4/blib/lib/TeX/Encode.pm line 30.
Use of uninitialized value in hash element at /home/aaron/BSD/p5-TeX-Encode/work/TeX-Encode-0.4/blib/lib/TeX/Encode.pm line 30.
Use of uninitialized value in hash element at /home/aaron/BSD/p5-TeX-Encode/work/TeX-Encode-0.4/blib/lib/TeX/Encode.pm line 30.
Use of uninitialized value in hash element at /home/aaron/BSD/p5-TeX-Encode/work/TeX-Encode-0.4/blib/lib/TeX/Encode.pm line 30.
Use of uninitialized value in hash element at /home/aaron/BSD/p5-TeX-Encode/work/TeX-Encode-0.4/blib/lib/TeX/Encode.pm line 30.
Use of uninitialized value in hash element at /home/aaron/BSD/p5-TeX-Encode/work/TeX-Encode-0.4/blib/lib/TeX/Encode.pm line 30.
Use of uninitialized value in hash element at /home/aaron/BSD/p5-TeX-Encode/work/TeX-Encode-0.4/blib/lib/TeX/Encode.pm line 30.
Use of uninitialized value in hash element at /home/aaron/BSD/p5-TeX-Encode/work/TeX-Encode-0.4/blib/lib/TeX/Encode.pm line 30.
Use of uninitialized value in hash element at /home/aaron/BSD/p5-TeX-Encode/work/TeX-Encode-0.4/blib/lib/TeX/Encode.pm line 30.
Use of uninitialized value in hash element at /home/aaron/BSD/p5-TeX-Encode/work/TeX-Encode-0.4/blib/lib/TeX/Encode.pm line 30.
Use of uninitialized value in hash element at /home/aaron/BSD/p5-TeX-Encode/work/TeX-Encode-0.4/blib/lib/TeX/Encode.pm line 30.
Use of uninitialized value in hash element at /home/aaron/BSD/p5-TeX-Encode/work/TeX-Encode-0.4/blib/lib/TeX/Encode.pm line 30.
Use of uninitialized value in hash element at /home/aaron/BSD/p5-TeX-Encode/work/TeX-Encode-0.4/blib/lib/TeX/Encode.pm line 30.
Use of uninitialized value in hash element at /home/aaron/BSD/p5-TeX-Encode/work/TeX-Encode-0.4/blib/lib/TeX/Encode.pm line 30.
Use of uninitialized value in hash element at /home/aaron/BSD/p5-TeX-Encode/work/TeX-Encode-0.4/blib/lib/TeX/Encode.pm line 30.
Use of uninitialized value in hash element at /home/aaron/BSD/p5-TeX-Encode/work/TeX-Encode-0.4/blib/lib/TeX/Encode.pm line 30.
Use of uninitialized value in hash element at /home/aaron/BSD/p5-TeX-Encode/work/TeX-Encode-0.4/blib/lib/TeX/Encode.pm line 30.
Use of uninitialized value in hash element at /home/aaron/BSD/p5-TeX-Encode/work/TeX-Encode-0.4/blib/lib/TeX/Encode.pm line 30.
Use of uninitialized value in hash element at /home/aaron/BSD/p5-TeX-Encode/work/TeX-Encode-0.4/blib/lib/TeX/Encode.pm line 30.
Use of uninitialized value in hash element at /home/aaron/BSD/p5-TeX-Encode/work/TeX-Encode-0.4/blib/lib/TeX/Encode.pm line 30.
Use of uninitialized value in hash element at /home/aaron/BSD/p5-TeX-Encode/work/TeX-Encode-0.4/blib/lib/TeX/Encode.pm line 30.
Use of uninitialized value in hash element at /home/aaron/BSD/p5-TeX-Encode/work/TeX-Encode-0.4/blib/lib/TeX/Encode.pm line 30.
Use of uninitialized value in hash element at /home/aaron/BSD/p5-TeX-Encode/work/TeX-Encode-0.4/blib/lib/TeX/Encode.pm line 30.
Use of uninitialized value in hash element at /home/aaron/BSD/p5-TeX-Encode/work/TeX-Encode-0.4/blib/lib/TeX/Encode.pm line 30.
Use of uninitialized value in hash element at /home/aaron/BSD/p5-TeX-Encode/work/TeX-Encode-0.4/blib/lib/TeX/Encode.pm line 30.
Use of uninitialized value in hash element at /home/aaron/BSD/p5-TeX-Encode/work/TeX-Encode-0.4/blib/lib/TeX/Encode.pm line 30.
Use of uninitialized value in hash element at /home/aaron/BSD/p5-TeX-Encode/work/TeX-Encode-0.4/blib/lib/TeX/Encode.pm line 30.
Use of uninitialized value in hash element at /home/aaron/BSD/p5-TeX-Encode/work/TeX-Encode-0.4/blib/lib/TeX/Encode.pm line 30.
Use of uninitialized value in hash element at /home/aaron/BSD/p5-TeX-Encode/work/TeX-Encode-0.4/blib/lib/TeX/Encode.pm line 30.
Use of uninitialized value in hash element at /home/aaron/BSD/p5-TeX-Encode/work/TeX-Encode-0.4/blib/lib/TeX/Encode.pm line 30.
Use of uninitialized value in hash element at /home/aaron/BSD/p5-TeX-Encode/work/TeX-Encode-0.4/blib/lib/TeX/Encode.pm line 30.
Use of uninitialized value in hash element at /home/aaron/BSD/p5-TeX-Encode/work/TeX-Encode-0.4/blib/lib/TeX/Encode.pm line 30.
Use of uninitialized value in hash element at /home/aaron/BSD/p5-TeX-Encode/work/TeX-Encode-0.4/blib/lib/TeX/Encode.pm line 30.
Use of uninitialized value in hash element at /home/aaron/BSD/p5-TeX-Encode/work/TeX-Encode-0.4/blib/lib/TeX/Encode.pm line 30.
Use of uninitialized value in hash element at /home/aaron/BSD/p5-TeX-Encode/work/TeX-Encode-0.4/blib/lib/TeX/Encode.pm line 30.
Use of uninitialized value in hash element at /home/aaron/BSD/p5-TeX-Encode/work/TeX-Encode-0.4/blib/lib/TeX/Encode.pm line 30.
Use of uninitialized value in hash element at /home/aaron/BSD/p5-TeX-Encode/work/TeX-Encode-0.4/blib/lib/TeX/Encode.pm line 30.
Use of uninitialized value in hash element at /home/aaron/BSD/p5-TeX-Encode/work/TeX-Encode-0.4/blib/lib/TeX/Encode.pm line 30.
Use of uninitialized value in hash element at /home/aaron/BSD/p5-TeX-Encode/work/TeX-Encode-0.4/blib/lib/TeX/Encode.pm line 30.
Use of uninitialized value in hash element at /home/aaron/BSD/p5-TeX-Encode/work/TeX-Encode-0.4/blib/lib/TeX/Encode.pm line 30.
Use of uninitialized value in hash element at /home/aaron/BSD/p5-TeX-Encode/work/TeX-Encode-0.4/blib/lib/TeX/Encode.pm line 30.
Use of uninitialized value in hash element at /home/aaron/BSD/p5-TeX-Encode/work/TeX-Encode-0.4/blib/lib/TeX/Encode.pm line 30.
Use of uninitialized value in hash element at /home/aaron/BSD/p5-TeX-Encode/work/TeX-Encode-0.4/blib/lib/TeX/Encode.pm line 30.
Use of uninitialized value in hash element at /home/aaron/BSD/p5-TeX-Encode/work/TeX-Encode-0.4/blib/lib/TeX/Encode.pm line 30.
Use of uninitialized value in hash element at /home/aaron/BSD/p5-TeX-Encode/work/TeX-Encode-0.4/blib/lib/TeX/Encode.pm line 30.
Use of uninitialized value in hash element at /home/aaron/BSD/p5-TeX-Encode/work/TeX-Encode-0.4/blib/lib/TeX/Encode.pm line 30.
Use of uninitialized value in hash element at /home/aaron/BSD/p5-TeX-Encode/work/TeX-Encode-0.4/blib/lib/TeX/Encode.pm line 30.
Use of uninitialized value in hash element at /home/aaron/BSD/p5-TeX-Encode/work/TeX-Encode-0.4/blib/lib/TeX/Encode.pm line 30.
Use of uninitialized value in hash element at /home/aaron/BSD/p5-TeX-Encode/work/TeX-Encode-0.4/blib/lib/TeX/Encode.pm line 30.
Use of uninitialized value in hash element at /home/aaron/BSD/p5-TeX-Encode/work/TeX-Encode-0.4/blib/lib/TeX/Encode.pm line 30.
Use of uninitialized value in hash element at /home/aaron/BSD/p5-TeX-Encode/work/TeX-Encode-0.4/blib/lib/TeX/Encode.pm line 30.
Use of uninitialized value in hash element at /home/aaron/BSD/p5-TeX-Encode/work/TeX-Encode-0.4/blib/lib/TeX/Encode.pm line 30.
Use of uninitialized value in hash element at /home/aaron/BSD/p5-TeX-Encode/work/TeX-Encode-0.4/blib/lib/TeX/Encode.pm line 30.
Use of uninitialized value in hash element at /home/aaron/BSD/p5-TeX-Encode/work/TeX-Encode-0.4/blib/lib/TeX/Encode.pm line 30.
Use of uninitialized value in hash element at /home/aaron/BSD/p5-TeX-Encode/work/TeX-Encode-0.4/blib/lib/TeX/Encode.pm line 30.
Use of uninitialized value in hash element at /home/aaron/BSD/p5-TeX-Encode/work/TeX-Encode-0.4/blib/lib/TeX/Encode.pm line 30.
Use of uninitialized value in hash element at /home/aaron/BSD/p5-TeX-Encode/work/TeX-Encode-0.4/blib/lib/TeX/Encode.pm line 30.
Use of uninitialized value in hash element at /home/aaron/BSD/p5-TeX-Encode/work/TeX-Encode-0.4/blib/lib/TeX/Encode.pm line 30.
Use of uninitialized value in hash element at /home/aaron/BSD/p5-TeX-Encode/work/TeX-Encode-0.4/blib/lib/TeX/Encode.pm line 30.
Use of uninitialized value in hash element at /home/aaron/BSD/p5-TeX-Encode/work/TeX-Encode-0.4/blib/lib/TeX/Encode.pm line 30.
Use of uninitialized value in hash element at /home/aaron/BSD/p5-TeX-Encode/work/TeX-Encode-0.4/blib/lib/TeX/Encode.pm line 30.
Use of uninitialized value in hash element at /home/aaron/BSD/p5-TeX-Encode/work/TeX-Encode-0.4/blib/lib/TeX/Encode.pm line 30.
Use of uninitialized value in hash element at /home/aaron/BSD/p5-TeX-Encode/work/TeX-Encode-0.4/blib/lib/TeX/Encode.pm line 30.
Use of uninitialized value in hash element at /home/aaron/BSD/p5-TeX-Encode/work/TeX-Encode-0.4/blib/lib/TeX/Encode.pm line 30.
Use of uninitialized value in hash element at /home/aaron/BSD/p5-TeX-Encode/work/TeX-Encode-0.4/blib/lib/TeX/Encode.pm line 30.
Use of uninitialized value in hash element at /home/aaron/BSD/p5-TeX-Encode/work/TeX-Encode-0.4/blib/lib/TeX/Encode.pm line 30.
Use of uninitialized value in hash element at /home/aaron/BSD/p5-TeX-Encode/work/TeX-Encode-0.4/blib/lib/TeX/Encode.pm line 30.
Use of uninitialized value in hash element at /home/aaron/BSD/p5-TeX-Encode/work/TeX-Encode-0.4/blib/lib/TeX/Encode.pm line 30.
Use of uninitialized value in hash element at /home/aaron/BSD/p5-TeX-Encode/work/TeX-Encode-0.4/blib/lib/TeX/Encode.pm line 30.
Use of uninitialized value in hash element at /home/aaron/BSD/p5-TeX-Encode/work/TeX-Encode-0.4/blib/lib/TeX/Encode.pm line 30.
Use of uninitialized value in hash element at /home/aaron/BSD/p5-TeX-Encode/work/TeX-Encode-0.4/blib/lib/TeX/Encode.pm line 30.
Use of uninitialized value in hash element at /home/aaron/BSD/p5-TeX-Encode/work/TeX-Encode-0.4/blib/lib/TeX/Encode.pm line 30.
Use of uninitialized value in hash element at /home/aaron/BSD/p5-TeX-Encode/work/TeX-Encode-0.4/blib/lib/TeX/Encode.pm line 30.
Use of uninitialized value in hash element at /home/aaron/BSD/p5-TeX-Encode/work/TeX-Encode-0.4/blib/lib/TeX/Encode.pm line 30.
Use of uninitialized value in hash element at /home/aaron/BSD/p5-TeX-Encode/work/TeX-Encode-0.4/blib/lib/TeX/Encode.pm line 30.
Use of uninitialized value in hash element at /home/aaron/BSD/p5-TeX-Encode/work/TeX-Encode-0.4/blib/lib/TeX/Encode.pm line 30.
Use of uninitialized value in hash element at /home/aaron/BSD/p5-TeX-Encode/work/TeX-Encode-0.4/blib/lib/TeX/Encode.pm line 30.
Use of uninitialized value in hash element at /home/aaron/BSD/p5-TeX-Encode/work/TeX-Encode-0.4/blib/lib/TeX/Encode.pm line 30.
Use of uninitialized value in hash element at /home/aaron/BSD/p5-TeX-Encode/work/TeX-Encode-0.4/blib/lib/TeX/Encode.pm line 30.
Use of uninitialized value in hash element at /home/aaron/BSD/p5-TeX-Encode/work/TeX-Encode-0.4/blib/lib/TeX/Encode.pm line 30.
Use of uninitialized value in hash element at /home/aaron/BSD/p5-TeX-Encode/work/TeX-Encode-0.4/blib/lib/TeX/Encode.pm line 30.
Use of uninitialized value in hash element at /home/aaron/BSD/p5-TeX-Encode/work/TeX-Encode-0.4/blib/lib/TeX/Encode.pm line 30.
Use of uninitialized value in hash element at /home/aaron/BSD/p5-TeX-Encode/work/TeX-Encode-0.4/blib/lib/TeX/Encode.pm line 30.
Use of uninitialized value in hash element at /home/aaron/BSD/p5-TeX-Encode/work/TeX-Encode-0.4/blib/lib/TeX/Encode.pm line 30.
Use of uninitialized value in hash element at /home/aaron/BSD/p5-TeX-Encode/work/TeX-Encode-0.4/blib/lib/TeX/Encode.pm line 30.
Use of uninitialized value in hash element at /home/aaron/BSD/p5-TeX-Encode/work/TeX-Encode-0.4/blib/lib/TeX/Encode.pm line 30.
Use of uninitialized value in hash element at /home/aaron/BSD/p5-TeX-Encode/work/TeX-Encode-0.4/blib/lib/TeX/Encode.pm line 30.
Use of uninitialized value in hash element at /home/aaron/BSD/p5-TeX-Encode/work/TeX-Encode-0.4/blib/lib/TeX/Encode.pm line 30.
Use of uninitialized value in hash element at /home/aaron/BSD/p5-TeX-Encode/work/TeX-Encode-0.4/blib/lib/TeX/Encode.pm line 30.
Use of uninitialized value in hash element at /home/aaron/BSD/p5-TeX-Encode/work/TeX-Encode-0.4/blib/lib/TeX/Encode.pm line 30.
Use of uninitialized value in hash element at /home/aaron/BSD/p5-TeX-Encode/work/TeX-Encode-0.4/blib/lib/TeX/Encode.pm line 30.
Use of uninitialized value in hash element at /home/aaron/BSD/p5-TeX-Encode/work/TeX-Encode-0.4/blib/lib/TeX/Encode.pm line 30.
Use of uninitialized value in hash element at /home/aaron/BSD/p5-TeX-Encode/work/TeX-Encode-0.4/blib/lib/TeX/Encode.pm line 30.
Use of uninitialized value in hash element at /home/aaron/BSD/p5-TeX-Encode/work/TeX-Encode-0.4/blib/lib/TeX/Encode.pm line 30.
Use of uninitialized value in hash element at /home/aaron/BSD/p5-TeX-Encode/work/TeX-Encode-0.4/blib/lib/TeX/Encode.pm line 30.
Use of uninitialized value in hash element at /home/aaron/BSD/p5-TeX-Encode/work/TeX-Encode-0.4/blib/lib/TeX/Encode.pm line 30.
Use of uninitialized value in hash element at /home/aaron/BSD/p5-TeX-Encode/work/TeX-Encode-0.4/blib/lib/TeX/Encode.pm line 30.
Use of uninitialized value in hash element at /home/aaron/BSD/p5-TeX-Encode/work/TeX-Encode-0.4/blib/lib/TeX/Encode.pm line 30.
Use of uninitialized value in hash element at /home/aaron/BSD/p5-TeX-Encode/work/TeX-Encode-0.4/blib/lib/TeX/Encode.pm line 30.
Use of uninitialized value in hash element at /home/aaron/BSD/p5-TeX-Encode/work/TeX-Encode-0.4/blib/lib/TeX/Encode.pm line 30.
Use of uninitialized value in hash element at /home/aaron/BSD/p5-TeX-Encode/work/TeX-Encode-0.4/blib/lib/TeX/Encode.pm line 30.
Use of uninitialized value in hash element at /home/aaron/BSD/p5-TeX-Encode/work/TeX-Encode-0.4/blib/lib/TeX/Encode.pm line 30.
Use of uninitialized value in hash element at /home/aaron/BSD/p5-TeX-Encode/work/TeX-Encode-0.4/blib/lib/TeX/Encode.pm line 30.
Use of uninitialized value in hash element at /home/aaron/BSD/p5-TeX-Encode/work/TeX-Encode-0.4/blib/lib/TeX/Encode.pm line 30.
Use of uninitialized value in hash element at /home/aaron/BSD/p5-TeX-Encode/work/TeX-Encode-0.4/blib/lib/TeX/Encode.pm line 30.
Use of uninitialized value in hash element at /home/aaron/BSD/p5-TeX-Encode/work/TeX-Encode-0.4/blib/lib/TeX/Encode.pm line 30.
Use of uninitialized value in hash element at /home/aaron/BSD/p5-TeX-Encode/work/TeX-Encode-0.4/blib/lib/TeX/Encode.pm line 30.
Use of uninitialized value in hash element at /home/aaron/BSD/p5-TeX-Encode/work/TeX-Encode-0.4/blib/lib/TeX/Encode.pm line 30.
Use of uninitialized value in hash element at /home/aaron/BSD/p5-TeX-Encode/work/TeX-Encode-0.4/blib/lib/TeX/Encode.pm line 30.
Use of uninitialized value in hash element at /home/aaron/BSD/p5-TeX-Encode/work/TeX-Encode-0.4/blib/lib/TeX/Encode.pm line 30.
Use of uninitialized value in hash element at /home/aaron/BSD/p5-TeX-Encode/work/TeX-Encode-0.4/blib/lib/TeX/Encode.pm line 30.
Use of uninitialized value in hash element at /home/aaron/BSD/p5-TeX-Encode/work/TeX-Encode-0.4/blib/lib/TeX/Encode.pm line 30.
Use of uninitialized value in hash element at /home/aaron/BSD/p5-TeX-Encode/work/TeX-Encode-0.4/blib/lib/TeX/Encode.pm line 30.
Use of uninitialized value in hash element at /home/aaron/BSD/p5-TeX-Encode/work/TeX-Encode-0.4/blib/lib/TeX/Encode.pm line 30.
Use of uninitialized value in hash element at /home/aaron/BSD/p5-TeX-Encode/work/TeX-Encode-0.4/blib/lib/TeX/Encode.pm line 30.
Use of uninitialized value in hash element at /home/aaron/BSD/p5-TeX-Encode/work/TeX-Encode-0.4/blib/lib/TeX/Encode.pm line 30.
Use of uninitialized value in hash element at /home/aaron/BSD/p5-TeX-Encode/work/TeX-Encode-0.4/blib/lib/TeX/Encode.pm line 30.
Use of uninitialized value in hash element at /home/aaron/BSD/p5-TeX-Encode/work/TeX-Encode-0.4/blib/lib/TeX/Encode.pm line 30.
Use of uninitialized value in hash element at /home/aaron/BSD/p5-TeX-Encode/work/TeX-Encode-0.4/blib/lib/TeX/Encode.pm line 30.
Use of uninitialized value in hash element at /home/aaron/BSD/p5-TeX-Encode/work/TeX-Encode-0.4/blib/lib/TeX/Encode.pm line 30.
Use of uninitialized value in hash element at /home/aaron/BSD/p5-TeX-Encode/work/TeX-Encode-0.4/blib/lib/TeX/Encode.pm line 30.
Use of uninitialized value in hash element at /home/aaron/BSD/p5-TeX-Encode/work/TeX-Encode-0.4/blib/lib/TeX/Encode.pm line 30.
Use of uninitialized value in hash element at /home/aaron/BSD/p5-TeX-Encode/work/TeX-Encode-0.4/blib/lib/TeX/Encode.pm line 30.
Use of uninitialized value in hash element at /home/aaron/BSD/p5-TeX-Encode/work/TeX-Encode-0.4/blib/lib/TeX/Encode.pm line 30.
Use of uninitialized value in hash element at /home/aaron/BSD/p5-TeX-Encode/work/TeX-Encode-0.4/blib/lib/TeX/Encode.pm line 30.
Use of uninitialized value in hash element at /home/aaron/BSD/p5-TeX-Encode/work/TeX-Encode-0.4/blib/lib/TeX/Encode.pm line 30.
Use of uninitialized value in hash element at /home/aaron/BSD/p5-TeX-Encode/work/TeX-Encode-0.4/blib/lib/TeX/Encode.pm line 30.
Use of uninitialized value in hash element at /home/aaron/BSD/p5-TeX-Encode/work/TeX-Encode-0.4/blib/lib/TeX/Encode.pm line 30.
Use of uninitialized value in hash element at /home/aaron/BSD/p5-TeX-Encode/work/TeX-Encode-0.4/blib/lib/TeX/Encode.pm line 30.
Use of uninitialized value in hash element at /home/aaron/BSD/p5-TeX-Encode/work/TeX-Encode-0.4/blib/lib/TeX/Encode.pm line 30.
                                                                             t/01ltgt..........ok 1/3                                                                             t/01ltgt..........ok
t/Encode-LaTeX....Use of uninitialized value in hash element at /home/aaron/BSD/p5-TeX-Encode/work/TeX-Encode-0.4/blib/lib/TeX/Encode.pm line 30.
Use of uninitialized value in hash element at /home/aaron/BSD/p5-TeX-Encode/work/TeX-Encode-0.4/blib/lib/TeX/Encode.pm line 30.
Use of uninitialized value in hash element at /home/aaron/BSD/p5-TeX-Encode/work/TeX-Encode-0.4/blib/lib/TeX/Encode.pm line 30.
Use of uninitialized value in hash element at /home/aaron/BSD/p5-TeX-Encode/work/TeX-Encode-0.4/blib/lib/TeX/Encode.pm line 30.
Use of uninitialized value in hash element at /home/aaron/BSD/p5-TeX-Encode/work/TeX-Encode-0.4/blib/lib/TeX/Encode.pm line 30.
Use of uninitialized value in hash element at /home/aaron/BSD/p5-TeX-Encode/work/TeX-Encode-0.4/blib/lib/TeX/Encode.pm line 30.
Use of uninitialized value in hash element at /home/aaron/BSD/p5-TeX-Encode/work/TeX-Encode-0.4/blib/lib/TeX/Encode.pm line 30.
Use of uninitialized value in hash element at /home/aaron/BSD/p5-TeX-Encode/work/TeX-Encode-0.4/blib/lib/TeX/Encode.pm line 30.
Use of uninitialized value in hash element at /home/aaron/BSD/p5-TeX-Encode/work/TeX-Encode-0.4/blib/lib/TeX/Encode.pm line 30.
Use of uninitialized value in hash element at /home/aaron/BSD/p5-TeX-Encode/work/TeX-Encode-0.4/blib/lib/TeX/Encode.pm line 30.
Use of uninitialized value in hash element at /home/aaron/BSD/p5-TeX-Encode/work/TeX-Encode-0.4/blib/lib/TeX/Encode.pm line 30.
Use of uninitialized value in hash element at /home/aaron/BSD/p5-TeX-Encode/work/TeX-Encode-0.4/blib/lib/TeX/Encode.pm line 30.
Use of uninitialized value in hash element at /home/aaron/BSD/p5-TeX-Encode/work/TeX-Encode-0.4/blib/lib/TeX/Encode.pm line 30.
Use of uninitialized value in hash element at /home/aaron/BSD/p5-TeX-Encode/work/TeX-Encode-0.4/blib/lib/TeX/Encode.pm line 30.
Use of uninitialized value in hash element at /home/aaron/BSD/p5-TeX-Encode/work/TeX-Encode-0.4/blib/lib/TeX/Encode.pm line 30.
Use of uninitialized value in hash element at /home/aaron/BSD/p5-TeX-Encode/work/TeX-Encode-0.4/blib/lib/TeX/Encode.pm line 30.
Use of uninitialized value in hash element at /home/aaron/BSD/p5-TeX-Encode/work/TeX-Encode-0.4/blib/lib/TeX/Encode.pm line 30.
Use of uninitialized value in hash element at /home/aaron/BSD/p5-TeX-Encode/work/TeX-Encode-0.4/blib/lib/TeX/Encode.pm line 30.
Use of uninitialized value in hash element at /home/aaron/BSD/p5-TeX-Encode/work/TeX-Encode-0.4/blib/lib/TeX/Encode.pm line 30.
Use of uninitialized value in hash element at /home/aaron/BSD/p5-TeX-Encode/work/TeX-Encode-0.4/blib/lib/TeX/Encode.pm line 30.
Use of uninitialized value in hash element at /home/aaron/BSD/p5-TeX-Encode/work/TeX-Encode-0.4/blib/lib/TeX/Encode.pm line 30.
Use of uninitialized value in hash element at /home/aaron/BSD/p5-TeX-Encode/work/TeX-Encode-0.4/blib/lib/TeX/Encode.pm line 30.
Use of uninitialized value in hash element at /home/aaron/BSD/p5-TeX-Encode/work/TeX-Encode-0.4/blib/lib/TeX/Encode.pm line 30.
Use of uninitialized value in hash element at /home/aaron/BSD/p5-TeX-Encode/work/TeX-Encode-0.4/blib/lib/TeX/Encode.pm line 30.
Use of uninitialized value in hash element at /home/aaron/BSD/p5-TeX-Encode/work/TeX-Encode-0.4/blib/lib/TeX/Encode.pm line 30.
Use of uninitialized value in hash element at /home/aaron/BSD/p5-TeX-Encode/work/TeX-Encode-0.4/blib/lib/TeX/Encode.pm line 30.
Use of uninitialized value in hash element at /home/aaron/BSD/p5-TeX-Encode/work/TeX-Encode-0.4/blib/lib/TeX/Encode.pm line 30.
Use of uninitialized value in hash element at /home/aaron/BSD/p5-TeX-Encode/work/TeX-Encode-0.4/blib/lib/TeX/Encode.pm line 30.
Use of uninitialized value in hash element at /home/aaron/BSD/p5-TeX-Encode/work/TeX-Encode-0.4/blib/lib/TeX/Encode.pm line 30.
Use of uninitialized value in hash element at /home/aaron/BSD/p5-TeX-Encode/work/TeX-Encode-0.4/blib/lib/TeX/Encode.pm line 30.
Use of uninitialized value in hash element at /home/aaron/BSD/p5-TeX-Encode/work/TeX-Encode-0.4/blib/lib/TeX/Encode.pm line 30.
Use of uninitialized value in hash element at /home/aaron/BSD/p5-TeX-Encode/work/TeX-Encode-0.4/blib/lib/TeX/Encode.pm line 30.
Use of uninitialized value in hash element at /home/aaron/BSD/p5-TeX-Encode/work/TeX-Encode-0.4/blib/lib/TeX/Encode.pm line 30.
Use of uninitialized value in hash element at /home/aaron/BSD/p5-TeX-Encode/work/TeX-Encode-0.4/blib/lib/TeX/Encode.pm line 30.
Use of uninitialized value in hash element at /home/aaron/BSD/p5-TeX-Encode/work/TeX-Encode-0.4/blib/lib/TeX/Encode.pm line 30.
Use of uninitialized value in hash element at /home/aaron/BSD/p5-TeX-Encode/work/TeX-Encode-0.4/blib/lib/TeX/Encode.pm line 30.
Use of uninitialized value in hash element at /home/aaron/BSD/p5-TeX-Encode/work/TeX-Encode-0.4/blib/lib/TeX/Encode.pm line 30.
Use of uninitialized value in hash element at /home/aaron/BSD/p5-TeX-Encode/work/TeX-Encode-0.4/blib/lib/TeX/Encode.pm line 30.
Use of uninitialized value in hash element at /home/aaron/BSD/p5-TeX-Encode/work/TeX-Encode-0.4/blib/lib/TeX/Encode.pm line 30.
Use of uninitialized value in hash element at /home/aaron/BSD/p5-TeX-Encode/work/TeX-Encode-0.4/blib/lib/TeX/Encode.pm line 30.
Use of uninitialized value in hash element at /home/aaron/BSD/p5-TeX-Encode/work/TeX-Encode-0.4/blib/lib/TeX/Encode.pm line 30.
Use of uninitialized value in hash element at /home/aaron/BSD/p5-TeX-Encode/work/TeX-Encode-0.4/blib/lib/TeX/Encode.pm line 30.
Use of uninitialized value in hash element at /home/aaron/BSD/p5-TeX-Encode/work/TeX-Encode-0.4/blib/lib/TeX/Encode.pm line 30.
Use of uninitialized value in hash element at /home/aaron/BSD/p5-TeX-Encode/work/TeX-Encode-0.4/blib/lib/TeX/Encode.pm line 30.
Use of uninitialized value in hash element at /home/aaron/BSD/p5-TeX-Encode/work/TeX-Encode-0.4/blib/lib/TeX/Encode.pm line 30.
Use of uninitialized value in hash element at /home/aaron/BSD/p5-TeX-Encode/work/TeX-Encode-0.4/blib/lib/TeX/Encode.pm line 30.
Use of uninitialized value in hash element at /home/aaron/BSD/p5-TeX-Encode/work/TeX-Encode-0.4/blib/lib/TeX/Encode.pm line 30.
Use of uninitialized value in hash element at /home/aaron/BSD/p5-TeX-Encode/work/TeX-Encode-0.4/blib/lib/TeX/Encode.pm line 30.
Use of uninitialized value in hash element at /home/aaron/BSD/p5-TeX-Encode/work/TeX-Encode-0.4/blib/lib/TeX/Encode.pm line 30.
Use of uninitialized value in hash element at /home/aaron/BSD/p5-TeX-Encode/work/TeX-Encode-0.4/blib/lib/TeX/Encode.pm line 30.
Use of uninitialized value in hash element at /home/aaron/BSD/p5-TeX-Encode/work/TeX-Encode-0.4/blib/lib/TeX/Encode.pm line 30.
Use of uninitialized value in hash element at /home/aaron/BSD/p5-TeX-Encode/work/TeX-Encode-0.4/blib/lib/TeX/Encode.pm line 30.
Use of uninitialized value in hash element at /home/aaron/BSD/p5-TeX-Encode/work/TeX-Encode-0.4/blib/lib/TeX/Encode.pm line 30.
Use of uninitialized value in hash element at /home/aaron/BSD/p5-TeX-Encode/work/TeX-Encode-0.4/blib/lib/TeX/Encode.pm line 30.
Use of uninitialized value in hash element at /home/aaron/BSD/p5-TeX-Encode/work/TeX-Encode-0.4/blib/lib/TeX/Encode.pm line 30.
Use of uninitialized value in hash element at /home/aaron/BSD/p5-TeX-Encode/work/TeX-Encode-0.4/blib/lib/TeX/Encode.pm line 30.
Use of uninitialized value in hash element at /home/aaron/BSD/p5-TeX-Encode/work/TeX-Encode-0.4/blib/lib/TeX/Encode.pm line 30.
Use of uninitialized value in hash element at /home/aaron/BSD/p5-TeX-Encode/work/TeX-Encode-0.4/blib/lib/TeX/Encode.pm line 30.
Use of uninitialized value in hash element at /home/aaron/BSD/p5-TeX-Encode/work/TeX-Encode-0.4/blib/lib/TeX/Encode.pm line 30.
Use of uninitialized value in hash element at /home/aaron/BSD/p5-TeX-Encode/work/TeX-Encode-0.4/blib/lib/TeX/Encode.pm line 30.
Use of uninitialized value in hash element at /home/aaron/BSD/p5-TeX-Encode/work/TeX-Encode-0.4/blib/lib/TeX/Encode.pm line 30.
Use of uninitialized value in hash element at /home/aaron/BSD/p5-TeX-Encode/work/TeX-Encode-0.4/blib/lib/TeX/Encode.pm line 30.
Use of uninitialized value in hash element at /home/aaron/BSD/p5-TeX-Encode/work/TeX-Encode-0.4/blib/lib/TeX/Encode.pm line 30.
Use of uninitialized value in hash element at /home/aaron/BSD/p5-TeX-Encode/work/TeX-Encode-0.4/blib/lib/TeX/Encode.pm line 30.
Use of uninitialized value in hash element at /home/aaron/BSD/p5-TeX-Encode/work/TeX-Encode-0.4/blib/lib/TeX/Encode.pm line 30.
Use of uninitialized value in hash element at /home/aaron/BSD/p5-TeX-Encode/work/TeX-Encode-0.4/blib/lib/TeX/Encode.pm line 30.
Use of uninitialized value in hash element at /home/aaron/BSD/p5-TeX-Encode/work/TeX-Encode-0.4/blib/lib/TeX/Encode.pm line 30.
Use of uninitialized value in hash element at /home/aaron/BSD/p5-TeX-Encode/work/TeX-Encode-0.4/blib/lib/TeX/Encode.pm line 30.
Use of uninitialized value in hash element at /home/aaron/BSD/p5-TeX-Encode/work/TeX-Encode-0.4/blib/lib/TeX/Encode.pm line 30.
Use of uninitialized value in hash element at /home/aaron/BSD/p5-TeX-Encode/work/TeX-Encode-0.4/blib/lib/TeX/Encode.pm line 30.
Use of uninitialized value in hash element at /home/aaron/BSD/p5-TeX-Encode/work/TeX-Encode-0.4/blib/lib/TeX/Encode.pm line 30.
Use of uninitialized value in hash element at /home/aaron/BSD/p5-TeX-Encode/work/TeX-Encode-0.4/blib/lib/TeX/Encode.pm line 30.
Use of uninitialized value in hash element at /home/aaron/BSD/p5-TeX-Encode/work/TeX-Encode-0.4/blib/lib/TeX/Encode.pm line 30.
Use of uninitialized value in hash element at /home/aaron/BSD/p5-TeX-Encode/work/TeX-Encode-0.4/blib/lib/TeX/Encode.pm line 30.
Use of uninitialized value in hash element at /home/aaron/BSD/p5-TeX-Encode/work/TeX-Encode-0.4/blib/lib/TeX/Encode.pm line 30.
Use of uninitialized value in hash element at /home/aaron/BSD/p5-TeX-Encode/work/TeX-Encode-0.4/blib/lib/TeX/Encode.pm line 30.
Use of uninitialized value in hash element at /home/aaron/BSD/p5-TeX-Encode/work/TeX-Encode-0.4/blib/lib/TeX/Encode.pm line 30.
Use of uninitialized value in hash element at /home/aaron/BSD/p5-TeX-Encode/work/TeX-Encode-0.4/blib/lib/TeX/Encode.pm line 30.
Use of uninitialized value in hash element at /home/aaron/BSD/p5-TeX-Encode/work/TeX-Encode-0.4/blib/lib/TeX/Encode.pm line 30.
Use of uninitialized value in hash element at /home/aaron/BSD/p5-TeX-Encode/work/TeX-Encode-0.4/blib/lib/TeX/Encode.pm line 30.
Use of uninitialized value in hash element at /home/aaron/BSD/p5-TeX-Encode/work/TeX-Encode-0.4/blib/lib/TeX/Encode.pm line 30.
Use of uninitialized value in hash element at /home/aaron/BSD/p5-TeX-Encode/work/TeX-Encode-0.4/blib/lib/TeX/Encode.pm line 30.
Use of uninitialized value in hash element at /home/aaron/BSD/p5-TeX-Encode/work/TeX-Encode-0.4/blib/lib/TeX/Encode.pm line 30.
Use of uninitialized value in hash element at /home/aaron/BSD/p5-TeX-Encode/work/TeX-Encode-0.4/blib/lib/TeX/Encode.pm line 30.
Use of uninitialized value in hash element at /home/aaron/BSD/p5-TeX-Encode/work/TeX-Encode-0.4/blib/lib/TeX/Encode.pm line 30.
Use of uninitialized value in hash element at /home/aaron/BSD/p5-TeX-Encode/work/TeX-Encode-0.4/blib/lib/TeX/Encode.pm line 30.
Use of uninitialized value in hash element at /home/aaron/BSD/p5-TeX-Encode/work/TeX-Encode-0.4/blib/lib/TeX/Encode.pm line 30.
Use of uninitialized value in hash element at /home/aaron/BSD/p5-TeX-Encode/work/TeX-Encode-0.4/blib/lib/TeX/Encode.pm line 30.
Use of uninitialized value in hash element at /home/aaron/BSD/p5-TeX-Encode/work/TeX-Encode-0.4/blib/lib/TeX/Encode.pm line 30.
Use of uninitialized value in hash element at /home/aaron/BSD/p5-TeX-Encode/work/TeX-Encode-0.4/blib/lib/TeX/Encode.pm line 30.
Use of uninitialized value in hash element at /home/aaron/BSD/p5-TeX-Encode/work/TeX-Encode-0.4/blib/lib/TeX/Encode.pm line 30.
Use of uninitialized value in hash element at /home/aaron/BSD/p5-TeX-Encode/work/TeX-Encode-0.4/blib/lib/TeX/Encode.pm line 30.
Use of uninitialized value in hash element at /home/aaron/BSD/p5-TeX-Encode/work/TeX-Encode-0.4/blib/lib/TeX/Encode.pm line 30.
Use of uninitialized value in hash element at /home/aaron/BSD/p5-TeX-Encode/work/TeX-Encode-0.4/blib/lib/TeX/Encode.pm line 30.
Use of uninitialized value in hash element at /home/aaron/BSD/p5-TeX-Encode/work/TeX-Encode-0.4/blib/lib/TeX/Encode.pm line 30.
Use of uninitialized value in hash element at /home/aaron/BSD/p5-TeX-Encode/work/TeX-Encode-0.4/blib/lib/TeX/Encode.pm line 30.
Use of uninitialized value in hash element at /home/aaron/BSD/p5-TeX-Encode/work/TeX-Encode-0.4/blib/lib/TeX/Encode.pm line 30.
Use of uninitialized value in hash element at /home/aaron/BSD/p5-TeX-Encode/work/TeX-Encode-0.4/blib/lib/TeX/Encode.pm line 30.
Use of uninitialized value in hash element at /home/aaron/BSD/p5-TeX-Encode/work/TeX-Encode-0.4/blib/lib/TeX/Encode.pm line 30.
Use of uninitialized value in hash element at /home/aaron/BSD/p5-TeX-Encode/work/TeX-Encode-0.4/blib/lib/TeX/Encode.pm line 30.
Use of uninitialized value in hash element at /home/aaron/BSD/p5-TeX-Encode/work/TeX-Encode-0.4/blib/lib/TeX/Encode.pm line 30.
Use of uninitialized value in hash element at /home/aaron/BSD/p5-TeX-Encode/work/TeX-Encode-0.4/blib/lib/TeX/Encode.pm line 30.
Use of uninitialized value in hash element at /home/aaron/BSD/p5-TeX-Encode/work/TeX-Encode-0.4/blib/lib/TeX/Encode.pm line 30.
Use of uninitialized value in hash element at /home/aaron/BSD/p5-TeX-Encode/work/TeX-Encode-0.4/blib/lib/TeX/Encode.pm line 30.
Use of uninitialized value in hash element at /home/aaron/BSD/p5-TeX-Encode/work/TeX-Encode-0.4/blib/lib/TeX/Encode.pm line 30.
Use of uninitialized value in hash element at /home/aaron/BSD/p5-TeX-Encode/work/TeX-Encode-0.4/blib/lib/TeX/Encode.pm line 30.
Use of uninitialized value in hash element at /home/aaron/BSD/p5-TeX-Encode/work/TeX-Encode-0.4/blib/lib/TeX/Encode.pm line 30.
Use of uninitialized value in hash element at /home/aaron/BSD/p5-TeX-Encode/work/TeX-Encode-0.4/blib/lib/TeX/Encode.pm line 30.
Use of uninitialized value in hash element at /home/aaron/BSD/p5-TeX-Encode/work/TeX-Encode-0.4/blib/lib/TeX/Encode.pm line 30.
Use of uninitialized value in hash element at /home/aaron/BSD/p5-TeX-Encode/work/TeX-Encode-0.4/blib/lib/TeX/Encode.pm line 30.
Use of uninitialized value in hash element at /home/aaron/BSD/p5-TeX-Encode/work/TeX-Encode-0.4/blib/lib/TeX/Encode.pm line 30.
Use of uninitialized value in hash element at /home/aaron/BSD/p5-TeX-Encode/work/TeX-Encode-0.4/blib/lib/TeX/Encode.pm line 30.
Use of uninitialized value in hash element at /home/aaron/BSD/p5-TeX-Encode/work/TeX-Encode-0.4/blib/lib/TeX/Encode.pm line 30.
Use of uninitialized value in hash element at /home/aaron/BSD/p5-TeX-Encode/work/TeX-Encode-0.4/blib/lib/TeX/Encode.pm line 30.
Use of uninitialized value in hash element at /home/aaron/BSD/p5-TeX-Encode/work/TeX-Encode-0.4/blib/lib/TeX/Encode.pm line 30.
Use of uninitialized value in hash element at /home/aaron/BSD/p5-TeX-Encode/work/TeX-Encode-0.4/blib/lib/TeX/Encode.pm line 30.
Use of uninitialized value in hash element at /home/aaron/BSD/p5-TeX-Encode/work/TeX-Encode-0.4/blib/lib/TeX/Encode.pm line 30.
Use of uninitialized value in hash element at /home/aaron/BSD/p5-TeX-Encode/work/TeX-Encode-0.4/blib/lib/TeX/Encode.pm line 30.
Use of uninitialized value in hash element at /home/aaron/BSD/p5-TeX-Encode/work/TeX-Encode-0.4/blib/lib/TeX/Encode.pm line 30.
Use of uninitialized value in hash element at /home/aaron/BSD/p5-TeX-Encode/work/TeX-Encode-0.4/blib/lib/TeX/Encode.pm line 30.
Use of uninitialized value in hash element at /home/aaron/BSD/p5-TeX-Encode/work/TeX-Encode-0.4/blib/lib/TeX/Encode.pm line 30.
Use of uninitialized value in hash element at /home/aaron/BSD/p5-TeX-Encode/work/TeX-Encode-0.4/blib/lib/TeX/Encode.pm line 30.
Use of uninitialized value in hash element at /home/aaron/BSD/p5-TeX-Encode/work/TeX-Encode-0.4/blib/lib/TeX/Encode.pm line 30.
Use of uninitialized value in hash element at /home/aaron/BSD/p5-TeX-Encode/work/TeX-Encode-0.4/blib/lib/TeX/Encode.pm line 30.
Use of uninitialized value in hash element at /home/aaron/BSD/p5-TeX-Encode/work/TeX-Encode-0.4/blib/lib/TeX/Encode.pm line 30.
Use of uninitialized value in hash element at /home/aaron/BSD/p5-TeX-Encode/work/TeX-Encode-0.4/blib/lib/TeX/Encode.pm line 30.
Use of uninitialized value in hash element at /home/aaron/BSD/p5-TeX-Encode/work/TeX-Encode-0.4/blib/lib/TeX/Encode.pm line 30.
Use of uninitialized value in hash element at /home/aaron/BSD/p5-TeX-Encode/work/TeX-Encode-0.4/blib/lib/TeX/Encode.pm line 30.
Use of uninitialized value in hash element at /home/aaron/BSD/p5-TeX-Encode/work/TeX-Encode-0.4/blib/lib/TeX/Encode.pm line 30.
Use of uninitialized value in hash element at /home/aaron/BSD/p5-TeX-Encode/work/TeX-Encode-0.4/blib/lib/TeX/Encode.pm line 30.
Use of uninitialized value in hash element at /home/aaron/BSD/p5-TeX-Encode/work/TeX-Encode-0.4/blib/lib/TeX/Encode.pm line 30.
Use of uninitialized value in hash element at /home/aaron/BSD/p5-TeX-Encode/work/TeX-Encode-0.4/blib/lib/TeX/Encode.pm line 30.
Use of uninitialized value in hash element at /home/aaron/BSD/p5-TeX-Encode/work/TeX-Encode-0.4/blib/lib/TeX/Encode.pm line 30.
Use of uninitialized value in hash element at /home/aaron/BSD/p5-TeX-Encode/work/TeX-Encode-0.4/blib/lib/TeX/Encode.pm line 30.
Use of uninitialized value in hash element at /home/aaron/BSD/p5-TeX-Encode/work/TeX-Encode-0.4/blib/lib/TeX/Encode.pm line 30.
Use of uninitialized value in hash element at /home/aaron/BSD/p5-TeX-Encode/work/TeX-Encode-0.4/blib/lib/TeX/Encode.pm line 30.
Use of uninitialized value in hash element at /home/aaron/BSD/p5-TeX-Encode/work/TeX-Encode-0.4/blib/lib/TeX/Encode.pm line 30.
Use of uninitialized value in hash element at /home/aaron/BSD/p5-TeX-Encode/work/TeX-Encode-0.4/blib/lib/TeX/Encode.pm line 30.
Use of uninitialized value in hash element at /home/aaron/BSD/p5-TeX-Encode/work/TeX-Encode-0.4/blib/lib/TeX/Encode.pm line 30.
Use of uninitialized value in hash element at /home/aaron/BSD/p5-TeX-Encode/work/TeX-Encode-0.4/blib/lib/TeX/Encode.pm line 30.
Use of uninitialized value in hash element at /home/aaron/BSD/p5-TeX-Encode/work/TeX-Encode-0.4/blib/lib/TeX/Encode.pm line 30.
Use of uninitialized value in hash element at /home/aaron/BSD/p5-TeX-Encode/work/TeX-Encode-0.4/blib/lib/TeX/Encode.pm line 30.
Use of uninitialized value in hash element at /home/aaron/BSD/p5-TeX-Encode/work/TeX-Encode-0.4/blib/lib/TeX/Encode.pm line 30.
                                                                             t/Encode-LaTeX....ok 1/7                                                                             t/Encode-LaTeX....ok
All tests successful.
Files=2, Tests=10,  1 wallclock secs ( 0.84 cusr +  0.16 csys =  0.99 CPU)
moondance# 