>>>>>>>>>>>>>>>>>>>>>
'<?xml version="1.0" encoding="UTF-8"?>'
'<RESPONSE CID="UeEDi7BO0nwL8" UID="0" DAEMON="rpcd" JID="62">'
'  <DONE RETCODE="0" STATE="2" STATENAME="STARTED"/>'
'</RESPONSE>'
doc 'RESPONSE' ok
------------------------------------------------------------
'<?xml version="1.0" encoding="UTF-8"?>'
'<RESPONSE CID="UeEDi7BO0nwL8" UID="0" DAEMON="rpcd" JID="62">'
'  <RDY RDY="1"/>'
'</RESPONSE>'
doc 'RESPONSE' ok
------------------------------------------------------------
'<?xml version="1.0" encoding="UTF-8"?>'
'<RESPONSE CID="UeEDqf3xMjx1H" UID="0" DAEMON="rpcd" JID="32">'
' 
<MSG>**************************************************************</MSG>'
'  <MSG>Collector Versions : </MSG>'
'  <MSG>  running : COLL 20.95 700 - v2.12, AMD/Intel x86_64 with Linux </MSG>'
'  <MSG>  dialog  : COLL 20.95 700 - v2.12, AMD/Intel x86_64 with Linux, 2008/01/02 </MSG>'
'  <MSG>Shared Memory       : attached</MSG>'
'  <MSG>Number of records   : 6587 </MSG>'
'  <MSG>Active Flag         : active (01) </MSG>'
'  <MSG>Operating System    : Linux byjk04 2.6.9-67.0.1.ELsmp #1 SMP Fri Nov 30  </MSG>'
'  <MSG>Collector PID       : 5930 (0000172A)</MSG>'
'  <MSG>Collector           : not running (process ID not found).</MSG>'
'  <MSG>Start time coll.    : Fri May 22 10:26:50 2009</MSG>'
'  <MSG/>'
'  <MSG>Current Time        : Mon May 25 16:04:31 2009</MSG>'
'  <MSG/>'
'  <MSG>Last write access   : Sat May 23 23:13:42 2009</MSG>'
------------------------------------------------------------
'  <MSG/>'
doc 'MSG' ok
------------------------------------------------------------
ln3adm@byjk04 BDCappld.pl/17256 [#error(core)]: Received XML message is neither a REQUEST nor a RESPONSE but MSG
'  <MSG>Last Read  Access   : Fri May 22 16:40:13 2009</MSG>'
doc 'MSG' ok
------------------------------------------------------------
ln3adm@byjk04 BDCappld.pl/17256 [#error(core)]: Received XML message is neither a REQUEST nor a RESPONSE but MSG
'  <MSG/>'
doc 'MSG' ok
------------------------------------------------------------
ln3adm@byjk04 BDCappld.pl/17256 [#error(core)]: Received XML message is neither a REQUEST nor a RESPONSE but MSG
'  <MSG>Collection Interval : 60 sec (next delay).</MSG>'
doc 'MSG' ok
------------------------------------------------------------
ln3adm@byjk04 BDCappld.pl/17256 [#error(core)]: Received XML message is neither a REQUEST nor a RESPONSE but MSG
'  <MSG>Collection Interval : 60 sec (last ).</MSG>'
doc 'MSG' ok
------------------------------------------------------------
ln3adm@byjk04 BDCappld.pl/17256 [#error(core)]: Received XML message is neither a REQUEST nor a RESPONSE but MSG
'  <MSG>Status              : write </MSG>'
doc 'MSG' ok
------------------------------------------------------------
ln3adm@byjk04 BDCappld.pl/17256 [#error(core)]: Received XML message is neither a REQUEST nor a RESPONSE but MSG
'  <MSG>Collect Details     : required </MSG>'
doc 'MSG' ok
------------------------------------------------------------
ln3adm@byjk04 BDCappld.pl/17256 [#error(core)]: Received XML message is neither a REQUEST nor a RESPONSE but MSG
'  <MSG>Refresh             : required</MSG>'
doc 'MSG' ok
------------------------------------------------------------
ln3adm@byjk04 BDCappld.pl/17256 [#error(core)]: Received XML message is neither a REQUEST nor a RESPONSE but MSG
'  <MSG/>'
doc 'MSG' ok
------------------------------------------------------------
ln3adm@byjk04 BDCappld.pl/17256 [#error(core)]: Received XML message is neither a REQUEST nor a RESPONSE but MSG
'  <MSG>Header Extention Structure</MSG>'
doc 'MSG' ok
------------------------------------------------------------
ln3adm@byjk04 BDCappld.pl/17256 [#error(core)]: Received XML message is neither a REQUEST nor a RESPONSE but MSG
'  <MSG>Number of x-header      Records : 1 </MSG>'
doc 'MSG' ok
------------------------------------------------------------
ln3adm@byjk04 BDCappld.pl/17256 [#error(core)]: Received XML message is neither a REQUEST nor a RESPONSE but MSG
'  <MSG>Number of Communication Records : 60 </MSG>'
doc 'MSG' ok
------------------------------------------------------------
ln3adm@byjk04 BDCappld.pl/17256 [#error(core)]: Received XML message is neither a REQUEST nor a RESPONSE but MSG
'  <MSG>Number of free Com.     Records : 60 </MSG>'
doc 'MSG' ok
------------------------------------------------------------
ln3adm@byjk04 BDCappld.pl/17256 [#error(core)]: Received XML message is neither a REQUEST nor a RESPONSE but MSG
'  <MSG>Resulting offset to 1.data rec. : 61 </MSG>'
doc 'MSG' ok
------------------------------------------------------------
ln3adm@byjk04 BDCappld.pl/17256 [#error(core)]: Received XML message is neither a REQUEST nor a RESPONSE but MSG
'  <MSG/>'
doc 'MSG' ok
------------------------------------------------------------
ln3adm@byjk04 BDCappld.pl/17256 [#error(core)]: Received XML message is neither a REQUEST nor a RESPONSE but MSG
'  <MSG>Trace level             : 2 </MSG>'
doc 'MSG' ok
------------------------------------------------------------
ln3adm@byjk04 BDCappld.pl/17256 [#error(core)]: Received XML message is neither a REQUEST nor a RESPONSE but MSG
'  <MSG/>'
doc 'MSG' ok
------------------------------------------------------------
ln3adm@byjk04 BDCappld.pl/17256 [#error(core)]: Received XML message is neither a REQUEST nor a RESPONSE but MSG
'  <MSG>Collector in IDLE - mode ? : YES</MSG>'
doc 'MSG' ok
------------------------------------------------------------
ln3adm@byjk04 BDCappld.pl/17256 [#error(core)]: Received XML message is neither a REQUEST nor a RESPONSE but MSG
'  <MSG>  become idle after 300 sec without read access.</MSG>'
doc 'MSG' ok
------------------------------------------------------------
ln3adm@byjk04 BDCappld.pl/17256 [#error(core)]: Received XML message is neither a REQUEST nor a RESPONSE but MSG
'  <MSG>  Length of Idle Interval  : 60 sec </MSG>'
doc 'MSG' ok
------------------------------------------------------------
ln3adm@byjk04 BDCappld.pl/17256 [#error(core)]: Received XML message is neither a REQUEST nor a RESPONSE but MSG
'  <MSG>  Length of norm.Interval  : 10 sec </MSG>'
doc 'MSG' ok
------------------------------------------------------------
ln3adm@byjk04 BDCappld.pl/17256 [#error(core)]: Received XML message is neither a REQUEST nor a RESPONSE but MSG
' 
<MSG>**************************************************************</MSG>'
doc 'MSG' ok
------------------------------------------------------------
ln3adm@byjk04 BDCappld.pl/17256 [#error(core)]: Received XML message is neither a REQUEST nor a RESPONSE but MSG
'</RESPONSE>'
'<?xml version="1.0" encoding="UTF-8"?>'
'<RESPONSE CID="UeEDqf3xMjx1H" UID="0" DAEMON="rpcd" JID="32">'
'  <DONE RETCODE="0" STATE="2" STATENAME="STARTED"/>'
'</RESPONSE>'
'<?xml version="1.0" encoding="UTF-8"?>'
'<RESPONSE CID="UeEDqf3xMjx1H" UID="0" DAEMON="rpcd" JID="32">'
'  <RDY RDY="1"/>'
'</RESPONSE>'
<<<<<<<<<<<<<<<<<<<<
