PERL_DL_NONLAZY=1 /Users/stas/perl5/perlbrew/perls/perl-5.18.2/bin/perl "-MExtUtils::Command::MM" "-MTest::Harness" "-e" "undef *Test::Harness::Switches; test_harness(0, 'blib/lib', 'blib/arch')" t/*.t
t/01loadmodule.t ........... ok
t/acceptSSL-timeout.t ...... ok
t/auto_verify_hostname.t ... ok
t/cert_no_file.t ........... ok
t/compatibility.t .......... ok
t/connectSSL-timeout.t ..... ok
t/core.t ................... ok
t/dhe.t .................... ok
t/ecdhe.t .................. ok
IO::Socket::IP defines neither package nor VERSION--version check failed at /Users/stas/perl5/perlbrew/perls/perl-5.18.2/lib/site_perl/5.18.2/IO/Socket/INET.pm line 28.
BEGIN failed--compilation aborted at /Users/stas/perl5/perlbrew/perls/perl-5.18.2/lib/site_perl/5.18.2/IO/Socket/INET.pm line 28.
Compilation failed in require at /Users/stas/perl5/perlbrew/perls/perl-5.18.2/lib/5.18.2/darwin-2level/IO/Socket.pm line 22.
Compilation failed in require at /Users/stas/smoke/IO-Socket-SSL-1.962/blib/lib/IO/Socket/SSL.pm line 16.
BEGIN failed--compilation aborted at /Users/stas/smoke/IO-Socket-SSL-1.962/blib/lib/IO/Socket/SSL.pm line 16.
Compilation failed in require at t/io-socket-inet6.t line 10.
BEGIN failed--compilation aborted at t/io-socket-inet6.t line 10.
t/io-socket-inet6.t ........ 
Dubious, test returned 255 (wstat 65280, 0xff00)
No subtests run 
t/io-socket-ip.t ........... ok
t/memleak_bad_handshake.t .. ok
t/mitm.t ................... ok
t/nonblock.t ............... ok
t/npn.t .................... ok
t/readline.t ............... ok
t/sessions.t ............... ok
t/signal-readline.t ........ ok
t/sni.t .................... ok
t/start-stopssl.t .......... ok
t/startssl-failed.t ........ ok
t/startssl.t ............... ok
t/sysread_write.t .......... ok
t/verify_hostname.t ........ ok

Test Summary Report
-------------------
t/io-socket-inet6.t      (Wstat: 65280 Tests: 0 Failed: 0)
  Non-zero exit status: 255
  Parse errors: No plan found in TAP output
Files=24, Tests=348, 40 wallclock secs ( 0.14 usr  0.05 sys +  4.56 cusr  0.80 csys =  5.55 CPU)
Result: FAIL
Failed 1/24 test programs. 0/348 subtests failed.
make: *** [test_dynamic] Error 255
