cpanm (App::cpanminus) 1.7001 on perl 5.019005 built for darwin-2level
Work directory is /Users/ether/.cpanm/work/1384740838.30122
You have make /usr/bin/make
You have LWP 6.05
You have /usr/bin/tar: bsdtar 2.6.2 - libarchive 2.6.2
You have /usr/bin/unzip
Checking if you have ExtUtils::MakeMaker 6.31 ... Yes (6.83_02)
Checking if you have ExtUtils::Install 1.46 ... Yes (1.61)
Searching Data::Dump::Streamer on mirror http://mirrors.gossamer-threads.com/CPAN ...
Downloading index file http://mirrors.gossamer-threads.com/CPAN/modules/02packages.details.txt.gz ...
--> Working on Data::Dump::Streamer
Fetching http://mirrors.gossamer-threads.com/CPAN/authors/id/Y/YV/YVES/Data-Dump-Streamer-2.36.tar.gz
-> OK
Unpacking Data-Dump-Streamer-2.36.tar.gz
Entering Data-Dump-Streamer-2.36
Checking configure dependencies from META.json
Checking if you have ExtUtils::Depends 0 ... Yes (0.306)
Checking if you have Module::Build 0 ... Yes (0.4200)
Checking if you have Module::Build 0.36 ... Yes (0.4200)
Configuring Data-Dump-Streamer-2.36
Running Build.PL
Installing Data::Dump::Streamer

I can install a shortcut so you can use the package 'DDS'
as though it was 'Data::Dump::Streamer'. This is handy for oneliners.
*Note* that if you select 'no' below and you already
have it installed then it will be removed.

Would you like me to install the shortcut? (yes/no) [no ]no 
Created MYMETA.yml and MYMETA.json
Creating new 'Build' script for 'Data-Dump-Streamer' version '2.36'
-> OK
Checking dependencies from MYMETA.json ...
Checking if you have vars 0 ... Yes (1.03)
Checking if you have Devel::Peek 0 ... Yes (1.14)
Checking if you have Test::More 0 ... Yes (1.001002)
Checking if you have warnings 0 ... Yes (1.20)
Checking if you have utf8 0 ... Yes (1.13)
Checking if you have ExtUtils::CBuilder 0 ... Yes (0.280212)
Checking if you have B::Deparse 0 ... Yes (1.23)
Checking if you have strict 0 ... Yes (1.08)
Checking if you have DynaLoader 0 ... Yes (1.20)
Checking if you have Carp 0 ... Yes (1.32)
Checking if you have IO::File 0 ... Yes (1.16)
Checking if you have Config 0 ... Yes (5.019005)
Checking if you have Text::Balanced 0 ... Yes (2.02)
Checking if you have re 0 ... Yes (0.26)
Checking if you have Symbol 0 ... Yes (1.07)
Checking if you have B::Utils 0 ... Yes (0.21)
Checking if you have Text::Abbrev 0 ... Yes (1.02)
Checking if you have overload 0 ... Yes (1.22)
Checking if you have warnings::register 0 ... Yes (1.02)
Checking if you have Data::Dumper 0 ... Yes (2.149)
Checking if you have B 0 ... Yes (1.46)
Checking if you have Exporter 0 ... Yes (5.70)
Checking if you have Hash::Util 0 ... Yes (0.16)
Checking if you have base 0 ... Yes (2.19)
Checking if you have MIME::Base64 0 ... Yes (3.14)
Checking if you have Algorithm::Diff 0 ... Yes (1.1902)
Checking if you have PadWalker 0.99 ... Yes (1.98)
Checking if you have Compress::Zlib 0 ... Yes (2.062)
Checking if you have JSON::XS 0 ... Yes (2.34)
Building and testing Data-Dump-Streamer-2.36
Building Data-Dump-Streamer
cc -I/Users/ether/perl5/perlbrew/perls/19.5/lib/5.19.5/darwin-2level/CORE -DXS_VERSION="2.36" -DVERSION="2.36" -c -fno-common -DPERL_DARWIN -fno-strict-aliasing -pipe -fstack-protector -I/usr/local/include -I/opt/local/include -O3 -o lib/Data/Dump/Streamer.o lib/Data/Dump/Streamer.c
ExtUtils::Mkbootstrap::Mkbootstrap('blib/arch/auto/Data/Dump/Streamer/Streamer.bs')
env MACOSX_DEPLOYMENT_TARGET=10.3 cc -bundle -undefined dynamic_lookup -L/usr/local/lib -L/opt/local/lib -fstack-protector -o blib/arch/auto/Data/Dump/Streamer/Streamer.bundle lib/Data/Dump/Streamer.o
t/as.t .............. ok
t/blessed.t ......... ok
t/dogpound.t ........ ok

#   Failed test 'Many Refs ( $x, $y ) No declare 2'
#   at t/test_helper.pl line 341.

#   Failed test 'Many Refs Declare ( $x, $y ) 2'
#   at t/test_helper.pl line 341.

#   Failed test 'Many Refs Declare ( $y, $x ) 2'
#   at t/test_helper.pl line 341.

#   Failed test 'Many Refs ( $y, $x ) No Declare 2'
#   at t/test_helper.pl line 341.

#   Failed test 'Many Refs ( $x, $y ) No declare 3'
#   at t/test_helper.pl line 341.

#   Failed test 'Many Refs Declare ( $x, $y ) 3'
#   at t/test_helper.pl line 341.

#   Failed test 'Many Refs Declare ( $y, $x ) 3'
#   at t/test_helper.pl line 341.

#   Failed test 'Many Refs ( $y, $x ) No Declare 3'
#   at t/test_helper.pl line 341.
# Looks like you failed 8 tests of 49.
t/dump.t ............ 
Dubious, test returned 8 (wstat 2048, 0x800)
Failed 8/49 subtests 
t/filter.t .......... ok

#   Failed test 'data slots (empty FORMAT)'
#   at t/test_helper.pl line 114.
# Looks like you failed 1 test of 19.
t/globtest.t ........ 
Dubious, test returned 1 (wstat 256, 0x100)
Failed 1/19 subtests 
t/hardrefs.t ........ ok
t/impure_madness.t .. ok
# 
# PadWalker 1.98 is installed
t/lexicals.t ........ ok
t/locked.t .......... ok

#   Failed test 'Total Madness'
#   at t/test_helper.pl line 341.
# Looks like you failed 1 test of 7.
t/madness.t ......... 
Dubious, test returned 1 (wstat 256, 0x100)
Failed 1/7 subtests 

#   Failed test 'Total Madness'
#   at t/test_helper.pl line 341.
# Looks like you failed 1 test of 7.
t/madness_json.t .... 
Dubious, test returned 1 (wstat 256, 0x100)
Failed 1/7 subtests 

#   Failed test 'Total Madness'
#   at t/test_helper.pl line 341.
# Looks like you failed 1 test of 6.
t/madness_w.t ....... 
Dubious, test returned 1 (wstat 256, 0x100)
Failed 1/6 subtests 
t/names.t ........... ok
t/overload.t ........ ok
t/readonly.t ........ ok
t/refaddr.t ......... ok
t/refcount.t ........ ok
t/refelem.t ......... ok
t/reftype.t ......... ok
t/sortkeys.t ........ ok
t/tree.t ............ ok
t/usage.t ........... ok
t/xs_subs.t ......... ok

Test Summary Report
-------------------
t/dump.t          (Wstat: 2048 Tests: 49 Failed: 8)
  Failed tests:  12-19
  Non-zero exit status: 8
t/globtest.t      (Wstat: 256 Tests: 19 Failed: 1)
  Failed test:  8
  Non-zero exit status: 1
t/madness.t       (Wstat: 256 Tests: 7 Failed: 1)
  Failed test:  4
  Non-zero exit status: 1
t/madness_json.t  (Wstat: 256 Tests: 7 Failed: 1)
  Failed test:  4
  Non-zero exit status: 1
t/madness_w.t     (Wstat: 256 Tests: 6 Failed: 1)
  Failed test:  4
  Non-zero exit status: 1
Files=24, Tests=369,  5 wallclock secs ( 0.17 usr  0.11 sys +  3.88 cusr  0.50 csys =  4.66 CPU)
Result: FAIL
Failed 5/24 test programs. 12/369 subtests failed.
-> FAIL Installing Data::Dump::Streamer failed. See /Users/ether/.cpanm/work/1384740838.30122/build.log for details. Retry with --force to force install it.
