Name " Term::ProgressBar::get_max_update_rate" used only once: possible typo at /usr/lib/perl5/site_perl/5.10.0/i686-linux/Class/MethodMaker/Engine.pm line 781.
Name " Term::ProgressBar::max_update_rate" used only once: possible typo at /usr/lib/perl5/site_perl/5.10.0/i686-linux/Class/MethodMaker/Engine.pm line 781.
Name " Term::ProgressBar::major_units" used only once: possible typo at /usr/lib/perl5/site_perl/5.10.0/i686-linux/Class/MethodMaker/Engine.pm line 781.
Name " Term::ProgressBar::get_term" used only once: possible typo at /usr/lib/perl5/site_perl/5.10.0/i686-linux/Class/MethodMaker/Engine.pm line 781.
Name " Term::ProgressBar::get_minor_units" used only once: possible typo at /usr/lib/perl5/site_perl/5.10.0/i686-linux/Class/MethodMaker/Engine.pm line 781.
Name " Term::ProgressBar::clear_scale" used only once: possible typo at /usr/lib/perl5/site_perl/5.10.0/i686-linux/Class/MethodMaker/Engine.pm line 781.
Name " Term::ProgressBar::set_remove" used only once: possible typo at /usr/lib/perl5/site_perl/5.10.0/i686-linux/Class/MethodMaker/Engine.pm line 781.
Name " Term::ProgressBar::get_last_update" used only once: possible typo at /usr/lib/perl5/site_perl/5.10.0/i686-linux/Class/MethodMaker/Engine.pm line 781.
Name " Term::ProgressBar::max_update_rate_isset" used only once: possible typo at /usr/lib/perl5/site_perl/5.10.0/i686-linux/Class/MethodMaker/Engine.pm line 781.
Name " Term::ProgressBar::fh_isset" used only once: possible typo at /usr/lib/perl5/site_perl/5.10.0/i686-linux/Class/MethodMaker/Engine.pm line 781.
Name " Term::ProgressBar::rbrack_isset" used only once: possible typo at /usr/lib/perl5/site_perl/5.10.0/i686-linux/Class/MethodMaker/Engine.pm line 781.
Name " Term::ProgressBar::last_update_zero" used only once: possible typo at /usr/lib/perl5/site_perl/5.10.0/i686-linux/Class/MethodMaker/Engine.pm line 781.
Name " Term::ProgressBar::name_reset" used only once: possible typo at /usr/lib/perl5/site_perl/5.10.0/i686-linux/Class/MethodMaker/Engine.pm line 781.
Name " Term::ProgressBar::major_units_isset" used only once: possible typo at /usr/lib/perl5/site_perl/5.10.0/i686-linux/Class/MethodMaker/Engine.pm line 781.
Name " Term::ProgressBar::set_name_printed" used only once: possible typo at /usr/lib/perl5/site_perl/5.10.0/i686-linux/Class/MethodMaker/Engine.pm line 781.
Name " Term::ProgressBar::clear_max_update_rate" used only once: possible typo at /usr/lib/perl5/site_perl/5.10.0/i686-linux/Class/MethodMaker/Engine.pm line 781.
Name " Term::ProgressBar::last_update_reset" used only once: possible typo at /usr/lib/perl5/site_perl/5.10.0/i686-linux/Class/MethodMaker/Engine.pm line 781.
Name " Term::ProgressBar::major_char_reset" used only once: possible typo at /usr/lib/perl5/site_perl/5.10.0/i686-linux/Class/MethodMaker/Engine.pm line 781.
Name " Term::ProgressBar::clear_minor_char" used only once: possible typo at /usr/lib/perl5/site_perl/5.10.0/i686-linux/Class/MethodMaker/Engine.pm line 781.
Name " Term::ProgressBar::clear_minor_units" used only once: possible typo at /usr/lib/perl5/site_perl/5.10.0/i686-linux/Class/MethodMaker/Engine.pm line 781.
Name " Term::ProgressBar::set_pb_ended" used only once: possible typo at /usr/lib/perl5/site_perl/5.10.0/i686-linux/Class/MethodMaker/Engine.pm line 781.
Name " Term::ProgressBar::minor_units" used only once: possible typo at /usr/lib/perl5/site_perl/5.10.0/i686-linux/Class/MethodMaker/Engine.pm line 781.
Name " Term::ProgressBar::clear_offset" used only once: possible typo at /usr/lib/perl5/site_perl/5.10.0/i686-linux/Class/MethodMaker/Engine.pm line 781.
Name " Term::ProgressBar::name" used only once: possible typo at /usr/lib/perl5/site_perl/5.10.0/i686-linux/Class/MethodMaker/Engine.pm line 781.
Name " Term::ProgressBar::set_minor_units" used only once: possible typo at /usr/lib/perl5/site_perl/5.10.0/i686-linux/Class/MethodMaker/Engine.pm line 781.
Name " Term::ProgressBar::clear_last_position" used only once: possible typo at /usr/lib/perl5/site_perl/5.10.0/i686-linux/Class/MethodMaker/Engine.pm line 781.
Name " Term::ProgressBar::minor_char" used only once: possible typo at /usr/lib/perl5/site_perl/5.10.0/i686-linux/Class/MethodMaker/Engine.pm line 781.
Name " Term::ProgressBar::clear_major_units" used only once: possible typo at /usr/lib/perl5/site_perl/5.10.0/i686-linux/Class/MethodMaker/Engine.pm line 781.
Name " Term::ProgressBar::last_update_isset" used only once: possible typo at /usr/lib/perl5/site_perl/5.10.0/i686-linux/Class/MethodMaker/Engine.pm line 781.
Name " Term::ProgressBar::max_update_rate_reset" used only once: possible typo at /usr/lib/perl5/site_perl/5.10.0/i686-linux/Class/MethodMaker/Engine.pm line 781.
Name " Term::ProgressBar::clear_pb_ended" used only once: possible typo at /usr/lib/perl5/site_perl/5.10.0/i686-linux/Class/MethodMaker/Engine.pm line 781.
Name " Term::ProgressBar::clear_start" used only once: possible typo at /usr/lib/perl5/site_perl/5.10.0/i686-linux/Class/MethodMaker/Engine.pm line 781.
Name " Term::ProgressBar::start" used only once: possible typo at /usr/lib/perl5/site_perl/5.10.0/i686-linux/Class/MethodMaker/Engine.pm line 781.
Name " Term::ProgressBar::term_reset" used only once: possible typo at /usr/lib/perl5/site_perl/5.10.0/i686-linux/Class/MethodMaker/Engine.pm line 781.
Name " Term::ProgressBar::minor_char_isset" used only once: possible typo at /usr/lib/perl5/site_perl/5.10.0/i686-linux/Class/MethodMaker/Engine.pm line 781.
Name " Term::ProgressBar::minor_units_isset" used only once: possible typo at /usr/lib/perl5/site_perl/5.10.0/i686-linux/Class/MethodMaker/Engine.pm line 781.
Name " Term::ProgressBar::bit_fields" used only once: possible typo at /usr/lib/perl5/site_perl/5.10.0/i686-linux/Class/MethodMaker/Engine.pm line 781.
Name " Term::ProgressBar::last_update" used only once: possible typo at /usr/lib/perl5/site_perl/5.10.0/i686-linux/Class/MethodMaker/Engine.pm line 781.
Name " Term::ProgressBar::clear_major_char" used only once: possible typo at /usr/lib/perl5/site_perl/5.10.0/i686-linux/Class/MethodMaker/Engine.pm line 781.
Name " Term::ProgressBar::offset_isset" used only once: possible typo at /usr/lib/perl5/site_perl/5.10.0/i686-linux/Class/MethodMaker/Engine.pm line 781.
Name " Term::ProgressBar::last_update_decr" used only once: possible typo at /usr/lib/perl5/site_perl/5.10.0/i686-linux/Class/MethodMaker/Engine.pm line 781.
Name " Term::ProgressBar::pb_ended" used only once: possible typo at /usr/lib/perl5/site_perl/5.10.0/i686-linux/Class/MethodMaker/Engine.pm line 781.
Name " Term::ProgressBar::clear_rbrack" used only once: possible typo at /usr/lib/perl5/site_perl/5.10.0/i686-linux/Class/MethodMaker/Engine.pm line 781.
Name " Term::ProgressBar::get_offset" used only once: possible typo at /usr/lib/perl5/site_perl/5.10.0/i686-linux/Class/MethodMaker/Engine.pm line 781.
Name " Term::ProgressBar::minor" used only once: possible typo at /usr/lib/perl5/site_perl/5.10.0/i686-linux/Class/MethodMaker/Engine.pm line 781.
Name " Term::ProgressBar::last_update_incr" used only once: possible typo at /usr/lib/perl5/site_perl/5.10.0/i686-linux/Class/MethodMaker/Engine.pm line 781.
Name " Term::ProgressBar::major_char_isset" used only once: possible typo at /usr/lib/perl5/site_perl/5.10.0/i686-linux/Class/MethodMaker/Engine.pm line 781.
Name " Term::ProgressBar::get_fh" used only once: possible typo at /usr/lib/perl5/site_perl/5.10.0/i686-linux/Class/MethodMaker/Engine.pm line 781.
Name " Term::ProgressBar::set_term" used only once: possible typo at /usr/lib/perl5/site_perl/5.10.0/i686-linux/Class/MethodMaker/Engine.pm line 781.
Name " Term::ProgressBar::major_units_reset" used only once: possible typo at /usr/lib/perl5/site_perl/5.10.0/i686-linux/Class/MethodMaker/Engine.pm line 781.
Name " Term::ProgressBar::fh" used only once: possible typo at /usr/lib/perl5/site_perl/5.10.0/i686-linux/Class/MethodMaker/Engine.pm line 781.
Name " Term::ProgressBar::set_minor" used only once: possible typo at /usr/lib/perl5/site_perl/5.10.0/i686-linux/Class/MethodMaker/Engine.pm line 781.
Name " Term::ProgressBar::last_position_incr" used only once: possible typo at /usr/lib/perl5/site_perl/5.10.0/i686-linux/Class/MethodMaker/Engine.pm line 781.
Name " Term::ProgressBar::set_last_update" used only once: possible typo at /usr/lib/perl5/site_perl/5.10.0/i686-linux/Class/MethodMaker/Engine.pm line 781.
Name " Term::ProgressBar::get_scale" used only once: possible typo at /usr/lib/perl5/site_perl/5.10.0/i686-linux/Class/MethodMaker/Engine.pm line 781.
Name " Term::ProgressBar::remove" used only once: possible typo at /usr/lib/perl5/site_perl/5.10.0/i686-linux/Class/MethodMaker/Engine.pm line 781.
Name " Term::ProgressBar::last_position_reset" used only once: possible typo at /usr/lib/perl5/site_perl/5.10.0/i686-linux/Class/MethodMaker/Engine.pm line 781.
Name " Term::ProgressBar::set_scale" used only once: possible typo at /usr/lib/perl5/site_perl/5.10.0/i686-linux/Class/MethodMaker/Engine.pm line 781.
Name " Term::ProgressBar::set_last_position" used only once: possible typo at /usr/lib/perl5/site_perl/5.10.0/i686-linux/Class/MethodMaker/Engine.pm line 781.
Name " Term::ProgressBar::set_major_char" used only once: possible typo at /usr/lib/perl5/site_perl/5.10.0/i686-linux/Class/MethodMaker/Engine.pm line 781.
Name " Term::ProgressBar::scale_isset" used only once: possible typo at /usr/lib/perl5/site_perl/5.10.0/i686-linux/Class/MethodMaker/Engine.pm line 781.
Name " Term::ProgressBar::clear_minor" used only once: possible typo at /usr/lib/perl5/site_perl/5.10.0/i686-linux/Class/MethodMaker/Engine.pm line 781.
Name " Term::ProgressBar::set_max_update_rate" used only once: possible typo at /usr/lib/perl5/site_perl/5.10.0/i686-linux/Class/MethodMaker/Engine.pm line 781.
Name " Term::ProgressBar::set_rbrack" used only once: possible typo at /usr/lib/perl5/site_perl/5.10.0/i686-linux/Class/MethodMaker/Engine.pm line 781.
Name " Term::ProgressBar::bits" used only once: possible typo at /usr/lib/perl5/site_perl/5.10.0/i686-linux/Class/MethodMaker/Engine.pm line 781.
Name " Term::ProgressBar::new" used only once: possible typo at /usr/lib/perl5/site_perl/5.10.0/i686-linux/Class/MethodMaker/Engine.pm line 781.
Name " Term::ProgressBar::last_position_decr" used only once: possible typo at /usr/lib/perl5/site_perl/5.10.0/i686-linux/Class/MethodMaker/Engine.pm line 781.
Name " Term::ProgressBar::name_printed" used only once: possible typo at /usr/lib/perl5/site_perl/5.10.0/i686-linux/Class/MethodMaker/Engine.pm line 781.
Name " Term::ProgressBar::last_position" used only once: possible typo at /usr/lib/perl5/site_perl/5.10.0/i686-linux/Class/MethodMaker/Engine.pm line 781.
Name " Term::ProgressBar::start_isset" used only once: possible typo at /usr/lib/perl5/site_perl/5.10.0/i686-linux/Class/MethodMaker/Engine.pm line 781.
Name " Term::ProgressBar::term_isset" used only once: possible typo at /usr/lib/perl5/site_perl/5.10.0/i686-linux/Class/MethodMaker/Engine.pm line 781.
Name " Term::ProgressBar::major_char" used only once: possible typo at /usr/lib/perl5/site_perl/5.10.0/i686-linux/Class/MethodMaker/Engine.pm line 781.
Name " Term::ProgressBar::lbrack" used only once: possible typo at /usr/lib/perl5/site_perl/5.10.0/i686-linux/Class/MethodMaker/Engine.pm line 781.
Name " Term::ProgressBar::set_lbrack" used only once: possible typo at /usr/lib/perl5/site_perl/5.10.0/i686-linux/Class/MethodMaker/Engine.pm line 781.
Name " Term::ProgressBar::start_reset" used only once: possible typo at /usr/lib/perl5/site_perl/5.10.0/i686-linux/Class/MethodMaker/Engine.pm line 781.
Name " Term::ProgressBar::get_lbrack" used only once: possible typo at /usr/lib/perl5/site_perl/5.10.0/i686-linux/Class/MethodMaker/Engine.pm line 781.
Name " Term::ProgressBar::get_rbrack" used only once: possible typo at /usr/lib/perl5/site_perl/5.10.0/i686-linux/Class/MethodMaker/Engine.pm line 781.
Name " Term::ProgressBar::clear_last_update" used only once: possible typo at /usr/lib/perl5/site_perl/5.10.0/i686-linux/Class/MethodMaker/Engine.pm line 781.
Name " Term::ProgressBar::clear_remove" used only once: possible typo at /usr/lib/perl5/site_perl/5.10.0/i686-linux/Class/MethodMaker/Engine.pm line 781.
Name " Term::ProgressBar::minor_char_reset" used only once: possible typo at /usr/lib/perl5/site_perl/5.10.0/i686-linux/Class/MethodMaker/Engine.pm line 781.
Name " Term::ProgressBar::rbrack" used only once: possible typo at /usr/lib/perl5/site_perl/5.10.0/i686-linux/Class/MethodMaker/Engine.pm line 781.
Name " Term::ProgressBar::scale" used only once: possible typo at /usr/lib/perl5/site_perl/5.10.0/i686-linux/Class/MethodMaker/Engine.pm line 781.
Name " Term::ProgressBar::clear_fh" used only once: possible typo at /usr/lib/perl5/site_perl/5.10.0/i686-linux/Class/MethodMaker/Engine.pm line 781.
Name " Term::ProgressBar::clear_name_printed" used only once: possible typo at /usr/lib/perl5/site_perl/5.10.0/i686-linux/Class/MethodMaker/Engine.pm line 781.
Name " Term::ProgressBar::hash_init" used only once: possible typo at /usr/lib/perl5/site_perl/5.10.0/i686-linux/Class/MethodMaker/Engine.pm line 781.
Name " Term::ProgressBar::fh_reset" used only once: possible typo at /usr/lib/perl5/site_perl/5.10.0/i686-linux/Class/MethodMaker/Engine.pm line 781.
Name " Term::ProgressBar::set_start" used only once: possible typo at /usr/lib/perl5/site_perl/5.10.0/i686-linux/Class/MethodMaker/Engine.pm line 781.
Name " Term::ProgressBar::bit_dump" used only once: possible typo at /usr/lib/perl5/site_perl/5.10.0/i686-linux/Class/MethodMaker/Engine.pm line 781.
Name " Term::ProgressBar::lbrack_isset" used only once: possible typo at /usr/lib/perl5/site_perl/5.10.0/i686-linux/Class/MethodMaker/Engine.pm line 781.
Name " Term::ProgressBar::set_name" used only once: possible typo at /usr/lib/perl5/site_perl/5.10.0/i686-linux/Class/MethodMaker/Engine.pm line 781.
Name " Term::ProgressBar::rbrack_reset" used only once: possible typo at /usr/lib/perl5/site_perl/5.10.0/i686-linux/Class/MethodMaker/Engine.pm line 781.
Name " Term::ProgressBar::term" used only once: possible typo at /usr/lib/perl5/site_perl/5.10.0/i686-linux/Class/MethodMaker/Engine.pm line 781.
Name " Term::ProgressBar::get_last_position" used only once: possible typo at /usr/lib/perl5/site_perl/5.10.0/i686-linux/Class/MethodMaker/Engine.pm line 781.
Name " Term::ProgressBar::last_position_isset" used only once: possible typo at /usr/lib/perl5/site_perl/5.10.0/i686-linux/Class/MethodMaker/Engine.pm line 781.
Name " Term::ProgressBar::clear_lbrack" used only once: possible typo at /usr/lib/perl5/site_perl/5.10.0/i686-linux/Class/MethodMaker/Engine.pm line 781.
Name " Term::ProgressBar::clear_name" used only once: possible typo at /usr/lib/perl5/site_perl/5.10.0/i686-linux/Class/MethodMaker/Engine.pm line 781.
Name " Term::ProgressBar::clear_term" used only once: possible typo at /usr/lib/perl5/site_perl/5.10.0/i686-linux/Class/MethodMaker/Engine.pm line 781.
Name " Term::ProgressBar::last_position_zero" used only once: possible typo at /usr/lib/perl5/site_perl/5.10.0/i686-linux/Class/MethodMaker/Engine.pm line 781.
Name " Term::ProgressBar::offset" used only once: possible typo at /usr/lib/perl5/site_perl/5.10.0/i686-linux/Class/MethodMaker/Engine.pm line 781.
Name " Term::ProgressBar::get_start" used only once: possible typo at /usr/lib/perl5/site_perl/5.10.0/i686-linux/Class/MethodMaker/Engine.pm line 781.
Name " Term::ProgressBar::lbrack_reset" used only once: possible typo at /usr/lib/perl5/site_perl/5.10.0/i686-linux/Class/MethodMaker/Engine.pm line 781.
Name " Term::ProgressBar::set_fh" used only once: possible typo at /usr/lib/perl5/site_perl/5.10.0/i686-linux/Class/MethodMaker/Engine.pm line 781.
Name " Term::ProgressBar::name_isset" used only once: possible typo at /usr/lib/perl5/site_perl/5.10.0/i686-linux/Class/MethodMaker/Engine.pm line 781.
Name " Term::ProgressBar::set_major_units" used only once: possible typo at /usr/lib/perl5/site_perl/5.10.0/i686-linux/Class/MethodMaker/Engine.pm line 781.
Name " Term::ProgressBar::get_minor_char" used only once: possible typo at /usr/lib/perl5/site_perl/5.10.0/i686-linux/Class/MethodMaker/Engine.pm line 781.
Name " Term::ProgressBar::scale_reset" used only once: possible typo at /usr/lib/perl5/site_perl/5.10.0/i686-linux/Class/MethodMaker/Engine.pm line 781.
Name " Term::ProgressBar::set_minor_char" used only once: possible typo at /usr/lib/perl5/site_perl/5.10.0/i686-linux/Class/MethodMaker/Engine.pm line 781.
Name " Term::ProgressBar::get_major_char" used only once: possible typo at /usr/lib/perl5/site_perl/5.10.0/i686-linux/Class/MethodMaker/Engine.pm line 781.
Name " Term::ProgressBar::set_offset" used only once: possible typo at /usr/lib/perl5/site_perl/5.10.0/i686-linux/Class/MethodMaker/Engine.pm line 781.
Name " Term::ProgressBar::minor_units_reset" used only once: possible typo at /usr/lib/perl5/site_perl/5.10.0/i686-linux/Class/MethodMaker/Engine.pm line 781.
Name " Term::ProgressBar::offset_reset" used only once: possible typo at /usr/lib/perl5/site_perl/5.10.0/i686-linux/Class/MethodMaker/Engine.pm line 781.
Name " Term::ProgressBar::get_major_units" used only once: possible typo at /usr/lib/perl5/site_perl/5.10.0/i686-linux/Class/MethodMaker/Engine.pm line 781.
Name " Term::ProgressBar::get_name" used only once: possible typo at /usr/lib/perl5/site_perl/5.10.0/i686-linux/Class/MethodMaker/Engine.pm line 781.
#--------------------------------------------------------------
