
Net-FTPSSL Version: 0.19_06

Perl: 5.008008  [5.8.8],  OS: linux

Server (port): ftp.storesonlinepro.com (990)

Keys: OverridePASV, Debug, Trace, Encryption, Port, LocalAddr, Timeout, DebugLogFile
Values: (ftp.storesonlinepro.com), (1), (on), (I), (990), (174.122.123.200), (120), (/tmp/ftpssl.log)

<<< 220 FTP Server Ready
====== (2) =======
>>> USER +++++++
<<< 3
<<< 31 User name accepted, password required.
====== (3) =======
>>> PASS *******
<<< 2
<<< 30-Welcome <++++++>
<<< 230 
====== (2) =======
>>> TYPE I
<<< 2
<<< 00 Type set to I.
====== (2) =======
>>> CWD /uploaded/links
<<< 2
<<< 50 CWD command successful.
====== (2) =======
>>> PWD
<<< 2
<<< 57 "/uploaded/links/" is the current directory.
====== (2) =======
====== In put (/tmp/candlelight_1324570256_14399, add_link.html) --- Calling prep_data_channel () ======
>>> PBSZ 0
<<< 2
<<< 00 Protection Buffer Size set: 0.
====== (2) =======
>>> PROT P
<<< 2
<<< 00 Protection Levet set: P.
====== (2) =======
====== In prep_data_channel past PBSZ & PROT calls! =======
>>> PASV
<<< 2
<<< 27 Entering passive mode (10,5,3,130,231,217).
====== (2) =======
--- Overriding PASV IP Address 10.5.3.130 with ftp.storesonlinepro.com
--- Host (ftp.storesonlinepro.com)  Port (59353)
====== Call to prep_data_channel worked! =======
>>> HELP
<<< 5
<<< 00 'HELP': command not understood.
====== (5) =======
<<+ 502 Unknown command ALLO.
>>> STOR add_link.html
<<< 1
<<< 50 Opening BINARY mode data connection for add_link.html.
====== (1) =======
<<< 2
<<< 26 Transfer complete.
====== (2) =======
====== In put (/tmp/candlelight_1324570258_99163, arts-and-crafts.html) --- Calling prep_data_channel () ======
>>> PBSZ 0
<<< 2
<<< 00 Protection Buffer Size set: 0.
====== (2) =======
>>> PROT P
<<< 2
<<< 00 Protection Levet set: P.
====== (2) =======
====== In prep_data_channel past PBSZ & PROT calls! =======
>>> PASV
<<< 2
<<< 27 Entering passive mode (10,5,3,130,231,218).
====== (2) =======
--- Overriding PASV IP Address 10.5.3.130 with ftp.storesonlinepro.com
--- Host (ftp.storesonlinepro.com)  Port (59354)
====== Call to prep_data_channel worked! =======
<<+ 502 Unknown command ALLO.
>>> STOR arts-and-crafts.html
<<< 1
<<< 50 Opening BINARY mode data connection for arts-and-crafts.html.
====== (1) =======
<<< 2
<<< 26 Transfer complete.
====== (2) =======
====== In put (/tmp/candlelight_1324570259_90354, beauty-health-and-fitness.html) --- Calling prep_data_channel () ======
>>> PBSZ 0
<<< 2
<<< 00 Protection Buffer Size set: 0.
====== (2) =======
>>> PROT P
<<< 2
<<< 00 Protection Levet set: P.
====== (2) =======
====== In prep_data_channel past PBSZ & PROT calls! =======
>>> PASV
<<< 2
<<< 27 Entering passive mode (10,5,3,130,231,219).
====== (2) =======
--- Overriding PASV IP Address 10.5.3.130 with ftp.storesonlinepro.com
--- Host (ftp.storesonlinepro.com)  Port (59355)
====== Call to prep_data_channel worked! =======
<<+ 502 Unknown command ALLO.
>>> STOR beauty-health-and-fitness.html
<<< 1
<<< 50 Opening BINARY mode data connection for beauty-health-and-fitness.html.
====== (1) =======
<<< 2
<<< 26 Transfer complete.
====== (2) =======
====== In put (/tmp/candlelight_1324570260_4391, brranding.html) --- Calling prep_data_channel () ======
>>> PBSZ 0
<<< 2
<<< 00 Protection Buffer Size set: 0.
====== (2) =======
>>> PROT P
<<< 2
<<< 00 Protection Levet set: P.
====== (2) =======
====== In prep_data_channel past PBSZ & PROT calls! =======
>>> PASV
<<< 2
<<< 27 Entering passive mode (10,5,3,130,231,220).
====== (2) =======
--- Overriding PASV IP Address 10.5.3.130 with ftp.storesonlinepro.com
--- Host (ftp.storesonlinepro.com)  Port (59356)
====== Call to prep_data_channel worked! =======
<<+ 502 Unknown command ALLO.
>>> STOR brranding.html
<<< 1
<<< 50 Opening BINARY mode data connection for brranding.html.
====== (1) =======
<<< 2
<<< 26 Transfer complete.
====== (2) =======
====== In put (/tmp/candlelight_1324570261_91812, clothing-and-accessories.html) --- Calling prep_data_channel () ======
>>> PBSZ 0
<<< 2
<<< 00 Protection Buffer Size set: 0.
====== (2) =======
>>> PROT P
<<< 2
<<< 00 Protection Levet set: P.
====== (2) =======
====== In prep_data_channel past PBSZ & PROT calls! =======
>>> PASV
<<< 2
<<< 27 Entering passive mode (10,5,3,130,231,221).
====== (2) =======
--- Overriding PASV IP Address 10.5.3.130 with ftp.storesonlinepro.com
--- Host (ftp.storesonlinepro.com)  Port (59357)
====== Call to prep_data_channel worked! =======
<<+ 502 Unknown command ALLO.
>>> STOR clothing-and-accessories.html
<<< 1
<<< 50 Opening BINARY mode data connection for clothing-and-accessories.html.
====== (1) =======
<<< 2
<<< 26 Transfer complete.
====== (2) =======
====== In put (/tmp/candlelight_1324570262_21731, family-and-community-connections.html) --- Calling prep_data_channel () ======
>>> PBSZ 0
<<< 2
<<< 00 Protection Buffer Size set: 0.
====== (2) =======
>>> PROT P
<<< 2
<<< 00 Protection Levet set: P.
====== (2) =======
====== In prep_data_channel past PBSZ & PROT calls! =======
>>> PASV
<<< 2
<<< 27 Entering passive mode (10,5,3,130,231,222).
====== (2) =======
--- Overriding PASV IP Address 10.5.3.130 with ftp.storesonlinepro.com
--- Host (ftp.storesonlinepro.com)  Port (59358)
====== Call to prep_data_channel worked! =======
<<+ 502 Unknown command ALLO.
>>> STOR family-and-community-connections.html
<<< 1
<<< 50 Opening BINARY mode data connection for family-and-community-connections.html.
====== (1) =======
<<< 2
<<< 26 Transfer complete.
====== (2) =======
====== In put (/tmp/candlelight_1324570263_30333, general-tools-and-resources.html) --- Calling prep_data_channel () ======
>>> PBSZ 0
<<< 2
<<< 00 Protection Buffer Size set: 0.
====== (2) =======
>>> PROT P
<<< 2
<<< 00 Protection Levet set: P.
====== (2) =======
====== In prep_data_channel past PBSZ & PROT calls! =======
>>> PASV
<<< 2
<<< 27 Entering passive mode (10,5,3,130,231,223).
====== (2) =======
--- Overriding PASV IP Address 10.5.3.130 with ftp.storesonlinepro.com
--- Host (ftp.storesonlinepro.com)  Port (59359)
====== Call to prep_data_channel worked! =======
<<+ 502 Unknown command ALLO.
>>> STOR general-tools-and-resources.html
<<< 1
<<< 50 Opening BINARY mode data connection for general-tools-and-resources.html.
====== (1) =======
<<< 2
<<< 26 Transfer complete.
====== (2) =======
====== In put (/tmp/candlelight_1324570264_12085, gifts-gadgets-and-toys.html) --- Calling prep_data_channel () ======
>>> PBSZ 0
<<< 2
<<< 00 Protection Buffer Size set: 0.
====== (2) =======
>>> PROT P
<<< 2
<<< 00 Protection Levet set: P.
====== (2) =======
====== In prep_data_channel past PBSZ & PROT calls! =======
>>> PASV
<<< 2
<<< 27 Entering passive mode (10,5,3,130,231,224).
====== (2) =======
--- Overriding PASV IP Address 10.5.3.130 with ftp.storesonlinepro.com
--- Host (ftp.storesonlinepro.com)  Port (59360)
====== Call to prep_data_channel worked! =======
<<+ 502 Unknown command ALLO.
>>> STOR gifts-gadgets-and-toys.html
<<< 1
<<< 50 Opening BINARY mode data connection for gifts-gadgets-and-toys.html.
====== (1) =======
<<< 2
<<< 26 Transfer complete.
====== (2) =======
====== In put (/tmp/candlelight_1324570266_4990, home-and-garden.html) --- Calling prep_data_channel () ======
>>> PBSZ 0
<<< 2
<<< 00 Protection Buffer Size set: 0.
====== (2) =======
>>> PROT P
<<< 2
<<< 00 Protection Levet set: P.
====== (2) =======
====== In prep_data_channel past PBSZ & PROT calls! =======
>>> PASV
<<< 2
<<< 27 Entering passive mode (10,5,3,130,231,225).
====== (2) =======
--- Overriding PASV IP Address 10.5.3.130 with ftp.storesonlinepro.com
--- Host (ftp.storesonlinepro.com)  Port (59361)
====== Call to prep_data_channel worked! =======
<<+ 502 Unknown command ALLO.
>>> STOR home-and-garden.html
<<< 1
<<< 50 Opening BINARY mode data connection for home-and-garden.html.
====== (1) =======
<<< 2
<<< 26 Transfer complete.
====== (2) =======
====== In put (/tmp/candlelight_1324570267_42677, home-and-garden_2.html) --- Calling prep_data_channel () ======
>>> PBSZ 0
<<< 2
<<< 00 Protection Buffer Size set: 0.
====== (2) =======
>>> PROT P
<<< 2
<<< 00 Protection Levet set: P.
====== (2) =======
====== In prep_data_channel past PBSZ & PROT calls! =======
>>> PASV
<<< 2
<<< 27 Entering passive mode (10,5,3,130,231,226).
====== (2) =======
--- Overriding PASV IP Address 10.5.3.130 with ftp.storesonlinepro.com
--- Host (ftp.storesonlinepro.com)  Port (59362)
====== Call to prep_data_channel worked! =======
<<+ 502 Unknown command ALLO.
>>> STOR home-and-garden_2.html
<<< 1
<<< 50 Opening BINARY mode data connection for home-and-garden_2.html.
====== (1) =======
<<< 2
<<< 26 Transfer complete.
====== (2) =======
====== In put (/tmp/candlelight_1324570268_54261, links.html) --- Calling prep_data_channel () ======
>>> PBSZ 0
<<< 2
<<< 00 Protection Buffer Size set: 0.
====== (2) =======
>>> PROT P
<<< 2
<<< 00 Protection Levet set: P.
====== (2) =======
====== In prep_data_channel past PBSZ & PROT calls! =======
>>> PASV
<<< 2
<<< 27 Entering passive mode (10,5,3,130,231,227).
====== (2) =======
--- Overriding PASV IP Address 10.5.3.130 with ftp.storesonlinepro.com
--- Host (ftp.storesonlinepro.com)  Port (59363)
====== Call to prep_data_channel worked! =======
<<+ 502 Unknown command ALLO.
>>> STOR links.html
<<< 1
<<< 50 Opening BINARY mode data connection for links.html.
====== (1) =======
<<< 2
<<< 26 Transfer complete.
====== (2) =======
====== In put (/tmp/candlelight_1324570269_20172, modify.html) --- Calling prep_data_channel () ======
>>> PBSZ 0
<<< 2
<<< 00 Protection Buffer Size set: 0.
====== (2) =======
>>> PROT P
<<< 2
<<< 00 Protection Levet set: P.
====== (2) =======
====== In prep_data_channel past PBSZ & PROT calls! =======
>>> PASV
<<< 2
<<< 27 Entering passive mode (10,5,3,130,231,228).
====== (2) =======
--- Overriding PASV IP Address 10.5.3.130 with ftp.storesonlinepro.com
--- Host (ftp.storesonlinepro.com)  Port (59364)
====== Call to prep_data_channel worked! =======
<<+ 502 Unknown command ALLO.
>>> STOR modify.html
<<< 1
<<< 50 Opening BINARY mode data connection for modify.html.
====== (1) =======
<<< 2
<<< 26 Transfer complete.
====== (2) =======
====== In put (/tmp/candlelight_1324570270_96449, search-and-directory.html) --- Calling prep_data_channel () ======
>>> PBSZ 0
<<< 2
<<< 00 Protection Buffer Size set: 0.
====== (2) =======
>>> PROT P
<<< 2
<<< 00 Protection Levet set: P.
====== (2) =======
====== In prep_data_channel past PBSZ & PROT calls! =======
>>> PASV
<<< 2
<<< 27 Entering passive mode (10,5,3,130,231,229).
====== (2) =======
--- Overriding PASV IP Address 10.5.3.130 with ftp.storesonlinepro.com
--- Host (ftp.storesonlinepro.com)  Port (59365)
====== Call to prep_data_channel worked! =======
<<+ 502 Unknown command ALLO.
>>> STOR search-and-directory.html
<<< 1
<<< 50 Opening BINARY mode data connection for search-and-directory.html.
====== (1) =======
<<< 2
<<< 26 Transfer complete.
====== (2) =======
====== In put (/tmp/candlelight_1324570271_92148, search-engine-optimization.html) --- Calling prep_data_channel () ======
>>> PBSZ 0
<<< 2
<<< 00 Protection Buffer Size set: 0.
====== (2) =======
>>> PROT P
<<< 2
<<< 00 Protection Levet set: P.
====== (2) =======
====== In prep_data_channel past PBSZ & PROT calls! =======
>>> PASV
<<< 2
<<< 27 Entering passive mode (10,5,3,130,231,230).
====== (2) =======
--- Overriding PASV IP Address 10.5.3.130 with ftp.storesonlinepro.com
--- Host (ftp.storesonlinepro.com)  Port (59366)
====== Call to prep_data_channel worked! =======
<<+ 502 Unknown command ALLO.
>>> STOR search-engine-optimization.html
<<< 1
<<< 50 Opening BINARY mode data connection for search-engine-optimization.html.
====== (1) =======
<<< 2
<<< 26 Transfer complete.
====== (2) =======
====== In put (/tmp/candlelight_1324570272_26729, send_password.html) --- Calling prep_data_channel () ======
>>> PBSZ 0
<<< 2
<<< 00 Protection Buffer Size set: 0.
====== (2) =======
>>> PROT P
<<< 2
<<< 00 Protection Levet set: P.
====== (2) =======
====== In prep_data_channel past PBSZ & PROT calls! =======
>>> PASV
<<< 2
<<< 27 Entering passive mode (10,5,3,130,231,231).
====== (2) =======
--- Overriding PASV IP Address 10.5.3.130 with ftp.storesonlinepro.com
--- Host (ftp.storesonlinepro.com)  Port (59367)
====== Call to prep_data_channel worked! =======
<<+ 502 Unknown command ALLO.
>>> STOR send_password.html
<<< 1
<<< 50 Opening BINARY mode data connection for send_password.html.
====== (1) =======
<<< 2
<<< 26 Transfer complete.
====== (2) =======
====== In put (/tmp/candlelight_1324570275_39653, suppliers-and-distributors.html) --- Calling prep_data_channel () ======
>>> PBSZ 0
<<< 2
<<< 00 Protection Buffer Size set: 0.
====== (2) =======
>>> PROT P
<<< 2
<<< 00 Protection Levet set: P.
====== (2) =======
====== In prep_data_channel past PBSZ & PROT calls! =======
>>> PASV
<<< 2
<<< 27 Entering passive mode (10,5,3,130,231,232).
====== (2) =======
--- Overriding PASV IP Address 10.5.3.130 with ftp.storesonlinepro.com
--- Host (ftp.storesonlinepro.com)  Port (59368)
====== Call to prep_data_channel worked! =======
<<+ 502 Unknown command ALLO.
>>> STOR suppliers-and-distributors.html
<<< 1
<<< 50 Opening BINARY mode data connection for suppliers-and-distributors.html.
====== (1) =======
<<< 2
<<< 26 Transfer complete.
====== (2) =======
====== In put (/tmp/candlelight_1324570276_34577, travel-and-entertainment.html) --- Calling prep_data_channel () ======
>>> PBSZ 0
<<< 2
<<< 00 Protection Buffer Size set: 0.
====== (2) =======
>>> PROT P
<<< 2
<<< 00 Protection Levet set: P.
====== (2) =======
====== In prep_data_channel past PBSZ & PROT calls! =======
>>> PASV
<<< 2
<<< 27 Entering passive mode (10,5,3,130,231,233).
====== (2) =======
--- Overriding PASV IP Address 10.5.3.130 with ftp.storesonlinepro.com
--- Host (ftp.storesonlinepro.com)  Port (59369)
====== Call to prep_data_channel worked! =======
<<+ 502 Unknown command ALLO.
>>> STOR travel-and-entertainment.html
<<< 1
<<< 50 Opening BINARY mode data connection for travel-and-entertainment.html.
====== (1) =======
<<< 2
<<< 26 Transfer complete.
====== (2) =======
====== In put (/tmp/candlelight_1324570277_40023, webmaster-tools-and-resources.html) --- Calling prep_data_channel () ======
>>> PBSZ 0
<<< 2
<<< 00 Protection Buffer Size set: 0.
====== (2) =======
>>> PROT P
<<< 2
<<< 00 Protection Levet set: P.
====== (2) =======
====== In prep_data_channel past PBSZ & PROT calls! =======
>>> PASV
<<< 2
<<< 27 Entering passive mode (10,5,3,130,231,234).
====== (2) =======
--- Overriding PASV IP Address 10.5.3.130 with ftp.storesonlinepro.com
--- Host (ftp.storesonlinepro.com)  Port (59370)
====== Call to prep_data_channel worked! =======
<<+ 502 Unknown command ALLO.
>>> STOR webmaster-tools-and-resources.html
<<< 1
<<< 50 Opening BINARY mode data connection for webmaster-tools-and-resources.html.
====== (1) =======
<<< 2
<<< 26 Transfer complete.
====== (2) =======
>>> CWD lmimages
<<< 2
<<< 50 CWD command successful.
====== (2) =======
>>> PWD
<<< 2
<<< 57 "/uploaded/links/lmimages/" is the current directory.
====== (2) =======
<<+ 555 Can't open local file! (IO::String=GLOB(0xc2d2960))
<<+ 555 Can't open local file! (IO::String=GLOB(0xc2d2bd0))
<<+ 555 Can't open local file! (IO::String=GLOB(0xc2d9cd0))
<<+ 555 Can't open local file! (IO::String=GLOB(0xc2d2960))
<<+ 555 Can't open local file! (IO::String=GLOB(0xc2d2bd0))
<<+ 555 Can't open local file! (IO::String=GLOB(0xc2d9cd0))
<<+ 555 Can't open local file! (IO::String=GLOB(0xc2d2960))
<<+ 555 Can't open local file! (IO::String=GLOB(0xc2d2bd0))
<<+ 555 Can't open local file! (IO::String=GLOB(0xc2d9cd0))
<<+ 555 Can't open local file! (IO::String=GLOB(0xc2d2960))
<<+ 555 Can't open local file! (IO::String=GLOB(0xc2d2bd0))
<<+ 555 Can't open local file! (IO::String=GLOB(0xc2d9cd0))
<<+ 555 Can't open local file! (IO::String=GLOB(0xc2d2960))
<<+ 555 Can't open local file! (IO::String=GLOB(0xc2d2bd0))
<<+ 555 Can't open local file! (IO::String=GLOB(0xc2d9cd0))
<<+ 555 Can't open local file! (IO::String=GLOB(0xc2d2960))
<<+ 555 Can't open local file! (IO::String=GLOB(0xc2d2bd0))
<<+ 555 Can't open local file! (IO::String=GLOB(0xc2d9cd0))
<<+ 555 Can't open local file! (IO::String=GLOB(0xc2d2960))
<<+ 555 Can't open local file! (IO::String=GLOB(0xc2d2bd0))
<<+ 555 Can't open local file! (IO::String=GLOB(0xc2d9cd0))
<<+ 555 Can't open local file! (IO::String=GLOB(0xc2d2960))
<<+ 555 Can't open local file! (IO::String=GLOB(0xc2d2bd0))
<<+ 555 Can't open local file! (IO::String=GLOB(0xc2d9cd0))
<<+ 555 Can't open local file! (IO::String=GLOB(0xc2d2960))
<<+ 555 Can't open local file! (IO::String=GLOB(0xc2d2bd0))
<<+ 555 Can't open local file! (IO::String=GLOB(0xc2d9cd0))
<<+ 555 Can't open local file! (IO::String=GLOB(0xc2d2960))
>>> QUIT
<<< 2
<<< 00 Goodbye.
====== (2) =======
