Running install for module 'Geometry::Primitive'
Running make for G/GP/GPHAT/Geometry-Primitive-0.12.tar.gz
Checksum for /root/.cpan/sources/authors/id/G/GP/GPHAT/Geometry-Primitive-0.12.tar.gz ok
x Geometry-Primitive-0.12/
x Geometry-Primitive-0.12/Changes
x Geometry-Primitive-0.12/inc/
x Geometry-Primitive-0.12/inc/Module/
x Geometry-Primitive-0.12/inc/Module/Install/
x Geometry-Primitive-0.12/inc/Module/Install/Base.pm
x Geometry-Primitive-0.12/inc/Module/Install/Can.pm
x Geometry-Primitive-0.12/inc/Module/Install/Fetch.pm
x Geometry-Primitive-0.12/inc/Module/Install/Makefile.pm
x Geometry-Primitive-0.12/inc/Module/Install/Metadata.pm
x Geometry-Primitive-0.12/inc/Module/Install/Win32.pm
x Geometry-Primitive-0.12/inc/Module/Install/WriteAll.pm
x Geometry-Primitive-0.12/inc/Module/Install.pm
x Geometry-Primitive-0.12/lib/
x Geometry-Primitive-0.12/lib/Geometry/
x Geometry-Primitive-0.12/lib/Geometry/Primitive/
x Geometry-Primitive-0.12/lib/Geometry/Primitive/Arc.pm
x Geometry-Primitive-0.12/lib/Geometry/Primitive/Bezier.pm
x Geometry-Primitive-0.12/lib/Geometry/Primitive/Circle.pm
x Geometry-Primitive-0.12/lib/Geometry/Primitive/Ellipse.pm
x Geometry-Primitive-0.12/lib/Geometry/Primitive/Equal.pm
x Geometry-Primitive-0.12/lib/Geometry/Primitive/Line.pm
x Geometry-Primitive-0.12/lib/Geometry/Primitive/Point.pm
x Geometry-Primitive-0.12/lib/Geometry/Primitive/Polygon.pm
x Geometry-Primitive-0.12/lib/Geometry/Primitive/Rectangle.pm
x Geometry-Primitive-0.12/lib/Geometry/Primitive/Shape.pm
x Geometry-Primitive-0.12/lib/Geometry/Primitive.pm
x Geometry-Primitive-0.12/Makefile.PL
x Geometry-Primitive-0.12/MANIFEST
x Geometry-Primitive-0.12/META.yml
x Geometry-Primitive-0.12/README
x Geometry-Primitive-0.12/t/
x Geometry-Primitive-0.12/t/00-load.t
x Geometry-Primitive-0.12/t/000-point.t
x Geometry-Primitive-0.12/t/001-arc.t
x Geometry-Primitive-0.12/t/001-ellipse.t
x Geometry-Primitive-0.12/t/001-line.t
x Geometry-Primitive-0.12/t/001-polygon.t
x Geometry-Primitive-0.12/t/002-bezier.t
x Geometry-Primitive-0.12/t/002-circle.t
x Geometry-Primitive-0.12/t/002-rectangle.pm
x Geometry-Primitive-0.12/t/010-serialize.t
x Geometry-Primitive-0.12/t/pod-coverage.t
x Geometry-Primitive-0.12/t/pod.t

  CPAN.pm: Going to build G/GP/GPHAT/Geometry-Primitive-0.12.tar.gz

Cannot determine perl version info from lib/Geometry/Primitive.pm
Checking if your kit is complete...
Looks good
Writing Makefile for Geometry::Primitive
cp lib/Geometry/Primitive/Polygon.pm blib/lib/Geometry/Primitive/Polygon.pm
cp lib/Geometry/Primitive/Shape.pm blib/lib/Geometry/Primitive/Shape.pm
cp lib/Geometry/Primitive/Arc.pm blib/lib/Geometry/Primitive/Arc.pm
cp lib/Geometry/Primitive/Ellipse.pm blib/lib/Geometry/Primitive/Ellipse.pm
cp lib/Geometry/Primitive.pm blib/lib/Geometry/Primitive.pm
cp lib/Geometry/Primitive/Line.pm blib/lib/Geometry/Primitive/Line.pm
cp lib/Geometry/Primitive/Rectangle.pm blib/lib/Geometry/Primitive/Rectangle.pm
cp lib/Geometry/Primitive/Circle.pm blib/lib/Geometry/Primitive/Circle.pm
cp lib/Geometry/Primitive/Point.pm blib/lib/Geometry/Primitive/Point.pm
cp lib/Geometry/Primitive/Equal.pm blib/lib/Geometry/Primitive/Equal.pm
cp lib/Geometry/Primitive/Bezier.pm blib/lib/Geometry/Primitive/Bezier.pm
Manifying blib/man3/Geometry::Primitive::Polygon.3
Manifying blib/man3/Geometry::Primitive::Shape.3
Manifying blib/man3/Geometry::Primitive::Arc.3
Manifying blib/man3/Geometry::Primitive::Ellipse.3
Manifying blib/man3/Geometry::Primitive.3
Manifying blib/man3/Geometry::Primitive::Line.3
Manifying blib/man3/Geometry::Primitive::Rectangle.3
Manifying blib/man3/Geometry::Primitive::Circle.3
Manifying blib/man3/Geometry::Primitive::Bezier.3
Manifying blib/man3/Geometry::Primitive::Equal.3
Manifying blib/man3/Geometry::Primitive::Point.3
  GPHAT/Geometry-Primitive-0.12.tar.gz
  /usr/bin/make -- OK
Running make test
PERL_DL_NONLAZY=1 /usr/pkg/bin/perl "-MExtUtils::Command::MM" "-e" "test_harness(0, 'inc', 'blib/lib', 'blib/arch')" t/*.t
t/00-load............1/1 # Testing Geometry::Primitive 0.12, Perl 5.008008, /usr/pkg/bin/perl
t/00-load............ok
t/000-point..........ok
t/001-arc............ok
t/001-ellipse........ok
t/001-line...........ok
t/001-polygon........ok
t/002-bezier.........ok
t/002-circle.........ok
t/010-serialize......ok
t/pod-coverage.......1/11 
#   Failed test 'Pod coverage on Geometry::Primitive::Polygon'
#   at /usr/pkg/lib/perl5/site_perl/5.8.0/Test/Pod/Coverage.pm line 126.
# Coverage for Geometry::Primitive::Polygon is 95.0%, with 1 naked subroutine:
# 	Storage

#   Failed test 'Pod coverage on Geometry::Primitive::Arc'
#   at /usr/pkg/lib/perl5/site_perl/5.8.0/Test/Pod/Coverage.pm line 126.
# Coverage for Geometry::Primitive::Arc is 95.0%, with 1 naked subroutine:
# 	Storage
t/pod-coverage.......5/11 
#   Failed test 'Pod coverage on Geometry::Primitive::Ellipse'
#   at /usr/pkg/lib/perl5/site_perl/5.8.0/Test/Pod/Coverage.pm line 126.
# Coverage for Geometry::Primitive::Ellipse is 94.4%, with 1 naked subroutine:
# 	Storage

#   Failed test 'Pod coverage on Geometry::Primitive::Line'
#   at /usr/pkg/lib/perl5/site_perl/5.8.0/Test/Pod/Coverage.pm line 126.
# Coverage for Geometry::Primitive::Line is 95.7%, with 1 naked subroutine:
# 	Storage

#   Failed test 'Pod coverage on Geometry::Primitive::Rectangle'
#   at /usr/pkg/lib/perl5/site_perl/5.8.0/Test/Pod/Coverage.pm line 126.
# Coverage for Geometry::Primitive::Rectangle is 94.7%, with 1 naked subroutine:
# 	Storage

#   Failed test 'Pod coverage on Geometry::Primitive::Circle'
#   at /usr/pkg/lib/perl5/site_perl/5.8.0/Test/Pod/Coverage.pm line 126.
# Coverage for Geometry::Primitive::Circle is 94.7%, with 1 naked subroutine:
# 	Storage

#   Failed test 'Pod coverage on Geometry::Primitive::Point'
#   at /usr/pkg/lib/perl5/site_perl/5.8.0/Test/Pod/Coverage.pm line 126.
# Coverage for Geometry::Primitive::Point is 87.5%, with 1 naked subroutine:
# 	Storage

#   Failed test 'Pod coverage on Geometry::Primitive::Bezier'
#   at /usr/pkg/lib/perl5/site_perl/5.8.0/Test/Pod/Coverage.pm line 126.
# Coverage for Geometry::Primitive::Bezier is 94.7%, with 1 naked subroutine:
# 	Storage
# Looks like you failed 8 tests of 11.
t/pod-coverage....... Dubious, test returned 8 (wstat 2048, 0x800)
 Failed 8/11 subtests 
t/pod................ok

Test Summary Report
-------------------
t/pod-coverage.t (Wstat: 2048 Tests: 11 Failed: 8)
  Failed tests:  2, 4-9, 11
  Non-zero exit status: 8
Files=11, Tests=81,  9 wallclock secs ( 0.07 usr  0.02 sys +  7.84 cusr  0.45 csys =  8.38 CPU)
Result: FAIL
Failed 1/11 test programs. 8/81 subtests failed.
*** Error code 255

Stop in /root/.cpan/build/Geometry-Primitive-0.12-YAkT0H.
  GPHAT/Geometry-Primitive-0.12.tar.gz
  /usr/bin/make test -- NOT OK
