
Cygwin Win95/NT Configuration Diagnostics
Current System Time: Tue Feb 24 21:18:46 2004

Windows 2000 Professional Ver 5.0 Build 2195 Service Pack 4

Path:	C:\cygwin\usr\local\bin
	C:\cygwin\bin
	C:\cygwin\bin
	C:\cygwin\usr\X11R6\bin
	c:\WINNT\system32
	c:\WINNT
	c:\WINNT\System32\Wbem
	C:\cygwin\bin
	c:\Program Files\ATI Technologies\ATI Control Panel
	c:\Program Files\Microsoft Visual Studio\VC98\bin
	c:\mssql7\BINN
	c:\Program Files\WMI\Bin\
	c:\Program Files\WMI\Bin\WinNT\
	.

Output from C:\cygwin\bin\id.exe (nontsec)
UID: 14461(mgodshall) GID: 10513(mkgroup_l_d)
10513(mkgroup_l_d)

Output from C:\cygwin\bin\id.exe (ntsec)
UID: 14461(mgodshall) GID: 10513(mkgroup_l_d)
547(Power Users)      545(Users)
10513(mkgroup_l_d)

SysDir: C:\WINNT\system32
WinDir: C:\WINNT

HOME = `h:\'
MAKE_MODE = `unix'
PWD = `/cygdrive/h'
USER = `mgodshall'

ALLUSERSPROFILE = `C:\Documents and Settings\All Users'
APPDATA = `C:\Documents and Settings\mgodshall.HOMESERVICES\Application Data'
BASEMAKE = `C:\Program Files\WMI\Include\BKOffice.Mak'
BKOFFICE = `C:\Program Files\WMI\.'
COMMONPROGRAMFILES = `C:\Program Files\Common Files'
COMPUTERNAME = `USILWDRL55829'
COMSPEC = `C:\WINNT\system32\cmd.exe'
CVS_RSH = `/bin/ssh'
DBI_DSN = `dbi:ODBC:PostgreSQL'
DBI_PASS = `512Lllll'
DBI_USER = `mgodshall'
HOMEDRIVE = `C:'
HOMEPATH = `\Documents and Settings\mgodshall.HOMESERVICES'
HOMESHARE = `\\usilwdrfps01\plabelle$'
HOSTNAME = `USILWDRL55829'
INCLUDE = `C:\Program Files\WMI\Include\.;C:\Program Files\WMI\include'
INETSDK = `C:\Program Files\WMI\.'
INFOPATH = `/usr/local/info:/usr/info:/usr/share/info:/usr/autotool/devel/info:/usr/autotool/stable/info:'
LIB = `C:\Program Files\WMI\Lib\.;C:\Program Files\WMI\lib'
LOGONSERVER = `\\USPAGHSAPP02'
MANPATH = `/usr/local/man:/usr/man:/usr/share/man:/usr/autotool/devel/man:'
MSSDK = `C:\Program Files\WMI\.'
MSTOOLS = `C:\Program Files\WMI\.'
NUMBER_OF_PROCESSORS = `1'
OLDPWD = `/usr/bin'
OS2LIBPATH = `C:\WINNT\system32\os2\dll;'
OS = `Windows_NT'
PATHEXT = `.COM;.EXE;.BAT;.CMD;.VBS;.VBE;.JS;.JSE;.WSF;.WSH'
PROCESSOR_ARCHITECTURE = `x86'
PROCESSOR_IDENTIFIER = `x86 Family 6 Model 11 Stepping 4, GenuineIntel'
PROCESSOR_LEVEL = `6'
PROCESSOR_REVISION = `0b04'
PROGRAMFILES = `C:\Program Files'
PROMPT = `$P$G'
PS1 = `\[\033]0;\w\007
\033[32m\]\u@\h \[\033[33m\w\033[0m\]
$ '
SHLVL = `1'
SYSTEMDRIVE = `C:'
SYSTEMROOT = `C:\WINNT'
TEMP = `c:\DOCUME~1\MGODSH~1.HOM\LOCALS~1\Temp'
TERM = `cygwin'
TMP = `c:\DOCUME~1\MGODSH~1.HOM\LOCALS~1\Temp'
USERDOMAIN = `HOMESERVICES'
USERNAME = `mgodshall'
USERPROFILE = `C:\Documents and Settings\mgodshall.HOMESERVICES'
WINDIR = `C:\WINNT'
_ = `/usr/bin/cygcheck'

HKEY_CURRENT_USER\Software\Cygnus Solutions
HKEY_CURRENT_USER\Software\Cygnus Solutions\Cygwin
HKEY_CURRENT_USER\Software\Cygnus Solutions\Cygwin\mounts v2
  (default) = `/cygdrive'
  cygdrive flags = 0x00000022
HKEY_CURRENT_USER\Software\Cygnus Solutions\Cygwin\mounts v2\/
  (default) = `C:\cygwin'
  flags = 0x00000002
HKEY_CURRENT_USER\Software\Cygnus Solutions\Cygwin\mounts v2\/usr/bin
  (default) = `C:\cygwin/bin'
  flags = 0x00000002
HKEY_CURRENT_USER\Software\Cygnus Solutions\Cygwin\mounts v2\/usr/lib
  (default) = `C:\cygwin/lib'
  flags = 0x00000002
HKEY_CURRENT_USER\Software\Cygnus Solutions\Cygwin\Program Options
HKEY_LOCAL_MACHINE\SOFTWARE\Cygnus Solutions
HKEY_LOCAL_MACHINE\SOFTWARE\Cygnus Solutions\Cygwin
HKEY_LOCAL_MACHINE\SOFTWARE\Cygnus Solutions\Cygwin\mounts v2
  (default) = `/cygdrive'
  cygdrive flags = 0x00000022
HKEY_LOCAL_MACHINE\SOFTWARE\Cygnus Solutions\Cygwin\mounts v2\/
  (default) = `C:\cygwin'
  flags = 0x0000000a
HKEY_LOCAL_MACHINE\SOFTWARE\Cygnus Solutions\Cygwin\mounts v2\/usr/bin
  (default) = `C:\cygwin/bin'
  flags = 0x0000000a
HKEY_LOCAL_MACHINE\SOFTWARE\Cygnus Solutions\Cygwin\mounts v2\/usr/lib
  (default) = `C:\cygwin/lib'
  flags = 0x0000000a
HKEY_LOCAL_MACHINE\SOFTWARE\Cygnus Solutions\Cygwin\mounts v2\/usr/X11R6/lib/X11/fonts
  (default) = `C:\cygwin\usr\X11R6\lib\X11\fonts'
  flags = 0x0000000a
HKEY_LOCAL_MACHINE\SOFTWARE\Cygnus Solutions\Cygwin\Program Options

c:  hd  FAT32   9576Mb  88% CP    UN           
d:  cd  CDFS       0Mb -2147483548%    CS              Audio CD
e:  net NTFS   26651Mb  95% CP CS UN PA FC     Data
h:  net NTFS   26651Mb  95% CP CS UN PA FC     Data
i:  net NTFS   65363Mb  85% CP CS UN PA FC     
l:  net NTFS   65363Mb  85% CP CS UN PA FC     
m:  net NTFS   65363Mb  85% CP CS UN PA FC     
s:  net NTFS   26651Mb  95% CP CS UN PA FC     Data

C:\cygwin                          /                         user    binmode
C:\cygwin/bin                      /usr/bin                  user    binmode
C:\cygwin/lib                      /usr/lib                  user    binmode
.                                  /cygdrive                 user    binmode,cygdrive
C:\cygwin                          /                         system  binmode
C:\cygwin/bin                      /usr/bin                  system  binmode
C:\cygwin/lib                      /usr/lib                  system  binmode
C:\cygwin\usr\X11R6\lib\X11\fonts  /usr/X11R6/lib/X11/fonts  system  binmode
.                                  /cygdrive                 system  binmode,cygdrive

Found: C:\cygwin\bin\awk.exe
Found: C:\cygwin\bin\bash.exe
Found: C:\cygwin\bin\cat.exe
Found: C:\cygwin\bin\cp.exe
Found: C:\cygwin\bin\cpp.exe
Found: C:\cygwin\bin\find.exe
Found: C:\cygwin\bin\gcc.exe
Not Found: gdb
Found: C:\cygwin\bin\grep.exe
Found: C:\cygwin\bin\ld.exe
Found: C:\cygwin\bin\ls.exe
Found: C:\cygwin\bin\make.exe
Found: C:\cygwin\bin\mv.exe
Found: C:\cygwin\bin\rm.exe
Found: C:\cygwin\bin\sed.exe
Found: C:\cygwin\bin\sh.exe
Found: C:\cygwin\bin\tar.exe

   61k 2003/08/09 C:\cygwin\bin\cygbz2-1.dll - os=4.0 img=1.0 sys=4.0
                  "cygbz2-1.dll" v0.0 ts=2003/8/9 1:35
  380k 2002/07/24 C:\cygwin\bin\cygdb-3.1.dll - os=4.0 img=1.0 sys=4.0
                  "cygdb-3.1.dll" v0.0 ts=2002/7/24 11:24
  487k 2002/07/24 C:\cygwin\bin\cygdb_cxx-3.1.dll - os=4.0 img=1.0 sys=4.0
                  "cygdb_cxx-3.1.dll" v0.0 ts=2002/7/24 11:25
   19k 2003/03/22 C:\cygwin\bin\cyggdbm.dll - os=4.0 img=1.0 sys=4.0
                  "cyggdbm.dll" v0.0 ts=2002/2/19 21:05
   28k 2003/07/20 C:\cygwin\bin\cyggdbm-3.dll - os=4.0 img=1.0 sys=4.0
                  "cyggdbm-3.dll" v0.0 ts=2003/7/20 2:58
   15k 2003/07/20 C:\cygwin\bin\cyggdbm_compat-3.dll - os=4.0 img=1.0 sys=4.0
                  "cyggdbm_compat-3.dll" v0.0 ts=2003/7/20 3:00
   30k 2003/08/11 C:\cygwin\bin\cyggdbm-4.dll - os=4.0 img=1.0 sys=4.0
                  "cyggdbm-4.dll" v0.0 ts=2003/8/10 21:12
   15k 2003/08/11 C:\cygwin\bin\cyggdbm_compat-4.dll - os=4.0 img=1.0 sys=4.0
                  "cyggdbm_compat-4.dll" v0.0 ts=2003/8/10 21:13
   12k 2003/08/10 C:\cygwin\bin\cyggettextpo-0.dll - os=4.0 img=1.0 sys=4.0
                  "cyggettextpo-0.dll" v0.0 ts=2003/8/10 17:11
   69k 2003/08/10 C:\cygwin\bin\cyggettextlib-0-12-1.dll - os=4.0 img=1.0 sys=4.0
                  "cyggettextlib-0-12-1.dll" v0.0 ts=2003/8/10 17:10
  134k 2003/08/10 C:\cygwin\bin\cyggettextsrc-0-12-1.dll - os=4.0 img=1.0 sys=4.0
                  "cyggettextsrc-0-12-1.dll" v0.0 ts=2003/8/10 17:10
   22k 2001/12/13 C:\cygwin\bin\cygintl-1.dll - os=4.0 img=1.0 sys=4.0
                  "cygintl-1.dll" v0.0 ts=2001/12/13 3:28
   45k 2001/04/25 C:\cygwin\bin\cygform5.dll - os=4.0 img=1.0 sys=4.0
                  "cygform5.dll" v0.0 ts=2001/4/25 0:28
   26k 2001/04/25 C:\cygwin\bin\cygmenu5.dll - os=4.0 img=1.0 sys=4.0
                  "cygmenu5.dll" v0.0 ts=2001/4/25 0:27
  156k 2001/04/25 C:\cygwin\bin\cygncurses++5.dll - os=4.0 img=1.0 sys=4.0
                  "cygncurses++5.dll" v0.0 ts=2001/4/25 0:29
  226k 2001/04/25 C:\cygwin\bin\cygncurses5.dll - os=4.0 img=1.0 sys=4.0
                  "cygncurses5.dll" v0.0 ts=2001/4/25 0:17
   15k 2001/04/25 C:\cygwin\bin\cygpanel5.dll - os=4.0 img=1.0 sys=4.0
                  "cygpanel5.dll" v0.0 ts=2001/4/25 0:27
   35k 2002/01/09 C:\cygwin\bin\cygform6.dll - os=4.0 img=1.0 sys=4.0
                  "cygform6.dll" v0.0 ts=2002/1/9 0:03
   20k 2002/01/09 C:\cygwin\bin\cygmenu6.dll - os=4.0 img=1.0 sys=4.0
                  "cygmenu6.dll" v0.0 ts=2002/1/9 0:03
  175k 2002/01/09 C:\cygwin\bin\cygncurses++6.dll - os=4.0 img=1.0 sys=4.0
                  "cygncurses++6.dll" v0.0 ts=2002/1/9 0:03
  202k 2002/01/09 C:\cygwin\bin\cygncurses6.dll - os=4.0 img=1.0 sys=4.0
                  "cygncurses6.dll" v0.0 ts=2002/1/9 0:03
   12k 2002/01/09 C:\cygwin\bin\cygpanel6.dll - os=4.0 img=1.0 sys=4.0
                  "cygpanel6.dll" v0.0 ts=2002/1/9 0:03
   48k 2003/08/09 C:\cygwin\bin\cygform7.dll - os=4.0 img=1.0 sys=4.0
                  "cygform7.dll" v0.0 ts=2003/8/9 4:25
   63k 2003/04/11 C:\cygwin\bin\cygpcre.dll - os=4.0 img=1.0 sys=4.0
                  "cygpcre.dll" v0.0 ts=2003/4/11 3:31
   61k 2003/04/11 C:\cygwin\bin\cygpcreposix.dll - os=4.0 img=1.0 sys=4.0
                  "cygpcreposix.dll" v0.0 ts=2003/4/11 3:31
   17k 2001/06/28 C:\cygwin\bin\cyghistory4.dll - os=4.0 img=1.0 sys=4.0
                  "cyghistory4.dll" v0.0 ts=2001/1/6 22:34
  108k 2001/06/28 C:\cygwin\bin\cygreadline4.dll - os=4.0 img=1.0 sys=4.0
                  "cygreadline4.dll" v0.0 ts=2001/1/6 22:34
  958k 2003/08/10 C:\cygwin\bin\cygiconv-2.dll - os=4.0 img=1.0 sys=4.0
                  "cygiconv-2.dll" v0.0 ts=2003/8/10 15:57
   37k 2003/08/10 C:\cygwin\bin\cygintl-2.dll - os=4.0 img=1.0 sys=4.0
                  "cygintl-2.dll" v0.0 ts=2003/8/10 16:50
   29k 2003/08/09 C:\cygwin\bin\cygmenu7.dll - os=4.0 img=1.0 sys=4.0
                  "cygmenu7.dll" v0.0 ts=2003/8/9 4:25
  224k 2003/08/09 C:\cygwin\bin\cygncurses7.dll - os=4.0 img=1.0 sys=4.0
                  "cygncurses7.dll" v0.0 ts=2003/8/9 4:24
   19k 2003/08/09 C:\cygwin\bin\cygpanel7.dll - os=4.0 img=1.0 sys=4.0
                  "cygpanel7.dll" v0.0 ts=2003/8/9 4:24
  155k 2004/01/07 C:\cygwin\bin\cygexpat-0.dll - os=4.0 img=1.0 sys=4.0
                  "cygexpat-0.dll" v0.0 ts=2004/1/7 10:14
  131k 2003/10/28 C:\cygwin\bin\cygfontconfig-1.dll - os=4.0 img=1.0 sys=4.0
                  "cygfontconfig-1.dll" v0.0 ts=2003/10/28 16:44
  361k 2003/10/25 C:\cygwin\bin\cygfreetype-6.dll - os=4.0 img=1.0 sys=4.0
                  "cygfreetype-6.dll" v0.0 ts=2003/10/21 23:18
   40k 2004/01/02 C:\cygwin\bin\cyglber-2.dll - os=4.0 img=1.0 sys=4.0
                  "cyglber-2.dll" v0.0 ts=2004/1/2 5:11
   22k 2002/06/09 C:\cygwin\bin\cygpopt-0.dll - os=4.0 img=1.0 sys=4.0
                  "cygpopt-0.dll" v0.0 ts=2002/6/9 0:45
   29k 2003/08/11 C:\cygwin\bin\cyghistory5.dll - os=4.0 img=1.0 sys=4.0
                  "cyghistory5.dll" v0.0 ts=2003/8/10 18:16
  148k 2003/08/11 C:\cygwin\bin\cygreadline5.dll - os=4.0 img=1.0 sys=4.0
                  "cygreadline5.dll" v0.0 ts=2003/8/10 18:16
  194k 2004/01/02 C:\cygwin\bin\cygldap-2.dll - os=4.0 img=1.0 sys=4.0
                  "cygldap-2.dll" v0.0 ts=2004/1/2 5:27
  202k 2004/01/02 C:\cygwin\bin\cygldap_r-2.dll - os=4.0 img=1.0 sys=4.0
                  "cygldap_r-2.dll" v0.0 ts=2004/1/2 5:27
   62k 2003/12/11 C:\cygwin\bin\cygpcre-0.dll - os=4.0 img=1.0 sys=4.0
                  "cygpcre-0.dll" v0.0 ts=2003/12/11 11:01
    9k 2003/12/11 C:\cygwin\bin\cygpcreposix-0.dll - os=4.0 img=1.0 sys=4.0
                  "cygpcreposix-0.dll" v0.0 ts=2003/12/11 11:01
   15k 2003/11/20 C:\cygwin\bin\cygminires.dll - os=4.0 img=0.97 sys=4.0
                  "cygminires.dll" v0.0 ts=2003/11/19 19:55
   22k 2004/02/10 C:\cygwin\bin\cygcygipc-2.dll - os=4.0 img=1.0 sys=4.0
                  "cygcygipc-2.dll" v0.0 ts=2004/2/9 20:48
 1100k 2003/08/29 C:\cygwin\bin\cygperl5_8_0.dll - os=4.0 img=1.0 sys=4.0
                  "cygperl5_8_0.dll" v0.0 ts=2003/8/29 5:20
 1049k 2003/11/07 C:\cygwin\bin\cygperl5_8_2.dll - os=4.0 img=1.0 sys=4.0
                  "cygperl5_8_2.dll" v0.0 ts=2003/11/7 5:08
   21k 2001/06/20 C:\cygwin\bin\cygintl.dll - os=4.0 img=1.0 sys=4.0
                  "cygintl.dll" v0.0 ts=2001/6/20 12:09
   61k 2003/12/04 C:\cygwin\bin\cygz.dll - os=4.0 img=1.0 sys=4.0
                  "cygz.dll" v0.0 ts=2003/12/3 21:03
  165k 2003/04/11 C:\cygwin\bin\cygssl.dll - os=4.0 img=1.0 sys=4.0
                  "cygssl.dll" v0.0 ts=2003/4/11 5:37
    7k 2003/10/19 C:\cygwin\bin\cygcrypt-0.dll - os=4.0 img=1.0 sys=4.0
                  "cygcrypt-0.dll" v0.0 ts=2003/10/19 2:57
  842k 2003/09/30 C:\cygwin\bin\cygcrypto-0.9.7.dll - os=4.0 img=1.0 sys=4.0
                  "cygcrypto-0.9.7.dll" v0.0 ts=2003/9/30 11:49
  171k 2003/09/30 C:\cygwin\bin\cygssl-0.9.7.dll - os=4.0 img=1.0 sys=4.0
                  "cygssl-0.9.7.dll" v0.0 ts=2003/9/30 11:49
  645k 2003/04/11 C:\cygwin\bin\cygcrypto.dll - os=4.0 img=1.0 sys=4.0
                  "cygcrypto.dll" v0.0 ts=2003/4/11 5:37
  831k 2003/09/20 C:\cygwin\bin\cygdb-4.1.dll - os=4.0 img=1.0 sys=4.0
                  "cygdb-4.1.dll" v0.0 ts=2003/9/20 16:51
 1080k 2003/09/20 C:\cygwin\bin\cygdb_cxx-4.1.dll - os=4.0 img=1.0 sys=4.0
                  "cygdb_cxx-4.1.dll" v0.0 ts=2003/9/20 16:53
 1083k 2004/01/31 C:\cygwin\bin\cygwin1.dll - os=4.0 img=1.0 sys=4.0
                  "cygwin1.dll" v0.0 ts=2004/1/30 18:32
    Cygwin DLL version info:
        DLL version: 1.5.7
        DLL epoch: 19
        DLL bad signal mask: 19005
        DLL old termios: 5
        DLL malloc env: 28
        API major: 0
        API minor: 109
        Shared data: 3
        DLL identifier: cygwin1
        Mount registry: 2
        Cygnus registry name: Cygnus Solutions
        Cygwin registry name: Cygwin
        Program options name: Program Options
        Cygwin mount registry name: mounts v2
        Cygdrive flags: cygdrive flags
        Cygdrive prefix: cygdrive prefix
        Cygdrive default prefix: 
        Build date: Fri Jan 30 19:32:04 EST 2004
        CVS tag: cr-0x9e
        Shared id: cygwin1S3

  237k 2003/11/18 C:\cygwin\usr\X11R6\bin\cygdps-1.dll - os=4.0 img=1.0 sys=4.0
                  "cygdps-1.dll" v0.0 ts=2003/11/17 19:41
  121k 2003/11/18 C:\cygwin\usr\X11R6\bin\cygdpstk-1.dll - os=4.0 img=1.0 sys=4.0
                  "cygdpstk-1.dll" v0.0 ts=2003/11/17 19:41
  373k 2003/11/18 C:\cygwin\usr\X11R6\bin\cygGL-1.dll - os=4.0 img=1.0 sys=4.0
                  "cygGL-1.dll" v0.0 ts=2003/11/17 19:39
  439k 2003/11/18 C:\cygwin\usr\X11R6\bin\cygGLU-1.dll - os=4.0 img=1.0 sys=4.0
                  "cygGLU-1.dll" v0.0 ts=2003/11/17 19:40
   74k 2003/11/18 C:\cygwin\usr\X11R6\bin\cygICE-6.dll - os=4.0 img=1.0 sys=4.0
                  "cygICE-6.dll" v0.0 ts=2003/11/17 19:30
    9k 2003/11/18 C:\cygwin\usr\X11R6\bin\cygoldX-6.dll - os=4.0 img=1.0 sys=4.0
                  "cygoldX-6.dll" v0.0 ts=2003/11/17 19:30
 1271k 2003/11/18 C:\cygwin\usr\X11R6\bin\cygOSMesa-4.dll - os=4.0 img=1.0 sys=4.0
                  "cygOSMesa-4.dll" v0.0 ts=2003/11/17 19:39
   20k 2003/11/18 C:\cygwin\usr\X11R6\bin\cygpsres-1.dll - os=4.0 img=1.0 sys=4.0
                  "cygpsres-1.dll" v0.0 ts=2003/11/17 19:42
   30k 2003/11/18 C:\cygwin\usr\X11R6\bin\cygSM-6.dll - os=4.0 img=1.0 sys=4.0
                  "cygSM-6.dll" v0.0 ts=2003/11/17 19:30
  864k 2003/11/18 C:\cygwin\usr\X11R6\bin\cygX11-6.dll - os=4.0 img=1.0 sys=4.0
                  "cygX11-6.dll" v0.0 ts=2003/11/17 19:30
  253k 2003/11/18 C:\cygwin\usr\X11R6\bin\cygXaw-6.dll - os=4.0 img=1.0 sys=4.0
                  "cygXaw-6.dll" v0.0 ts=2003/11/17 19:33
  355k 2003/11/18 C:\cygwin\usr\X11R6\bin\cygXaw-7.dll - os=4.0 img=1.0 sys=4.0
                  "cygXaw-7.dll" v0.0 ts=2003/11/17 19:34
   36k 2003/11/18 C:\cygwin\usr\X11R6\bin\cygXcursor-1.dll - os=4.0 img=1.0 sys=4.0
                  "cygXcursor-1.dll" v0.0 ts=2003/11/17 19:43
   49k 2003/11/18 C:\cygwin\usr\X11R6\bin\cygXext-6.dll - os=4.0 img=1.0 sys=4.0
                  "cygXext-6.dll" v0.0 ts=2003/11/17 19:30
   56k 2003/11/18 C:\cygwin\usr\X11R6\bin\cygXft-1.dll - os=4.0 img=1.0 sys=4.0
                  "cygXft-1.dll" v0.0 ts=2003/11/17 19:42
   74k 2003/11/18 C:\cygwin\usr\X11R6\bin\cygXft-2.dll - os=4.0 img=1.0 sys=4.0
                  "cygXft-2.dll" v0.0 ts=2003/11/17 19:42
   27k 2003/11/18 C:\cygwin\usr\X11R6\bin\cygXi-6.dll - os=4.0 img=1.0 sys=4.0
                  "cygXi-6.dll" v0.0 ts=2003/11/17 19:34
   76k 2003/11/18 C:\cygwin\usr\X11R6\bin\cygXmu-6.dll - os=4.0 img=1.0 sys=4.0
                  "cygXmu-6.dll" v0.0 ts=2003/11/17 19:32
   11k 2003/11/18 C:\cygwin\usr\X11R6\bin\cygXmuu-1.dll - os=4.0 img=1.0 sys=4.0
                  "cygXmuu-1.dll" v0.0 ts=2003/11/17 19:32
   26k 2003/11/18 C:\cygwin\usr\X11R6\bin\cygXp-6.dll - os=4.0 img=1.0 sys=4.0
                  "cygXp-6.dll" v0.0 ts=2003/11/17 19:35
   51k 2003/11/18 C:\cygwin\usr\X11R6\bin\cygXpm-4.dll - os=4.0 img=1.0 sys=4.0
                  "cygXpm-4.dll" v0.0 ts=2003/11/17 19:32
   14k 2003/11/18 C:\cygwin\usr\X11R6\bin\cygXrandr-2.dll - os=4.0 img=1.0 sys=4.0
                  "cygXrandr-2.dll" v0.0 ts=2003/11/17 19:43
   26k 2003/11/18 C:\cygwin\usr\X11R6\bin\cygXrender-1.dll - os=4.0 img=1.0 sys=4.0
                  "cygXrender-1.dll" v0.0 ts=2003/11/17 19:42
  282k 2003/11/18 C:\cygwin\usr\X11R6\bin\cygXt-6.dll - os=4.0 img=1.0 sys=4.0
                  "cygXt-6.dll" v0.0 ts=2003/11/17 19:31
   27k 2003/11/18 C:\cygwin\usr\X11R6\bin\cygXTrap-6.dll - os=4.0 img=1.0 sys=4.0
                  "cygXTrap-6.dll" v0.0 ts=2003/11/17 19:43
   17k 2003/11/18 C:\cygwin\usr\X11R6\bin\cygXtst-6.dll - os=4.0 img=1.0 sys=4.0
                  "cygXtst-6.dll" v0.0 ts=2003/11/17 19:34
   15k 2003/11/18 C:\cygwin\usr\X11R6\bin\cygXv-1.dll - os=4.0 img=1.0 sys=4.0
                  "cygXv-1.dll" v0.0 ts=2003/11/17 19:35
  282k 2003/10/28 C:\cygwin\usr\X11R6\bin\cygfreetype-9.dll - os=4.0 img=1.0 sys=4.0
                  "cygfreetype-9.dll" v0.0 ts=2003/10/18 1:44

Cygwin Package Information
Last downloaded files to: C:\my docs of stuff not to backup\ftp%3a%2f%2fmirror.mcs.anl.gov%2fpub%2fcygwin.com
Last downloaded files from: ftp://mirror.mcs.anl.gov/pub/cygwin.com

Package                 Version            
_update-info-dir        00226-1            
ash                     20040127-1         
base-files              2.6-1              
base-passwd             1.1-1              
bash                    2.05b-16           
binutils                20030901-1         
bzip2                   1.0.2-5            
check                   0.8.4-1            
cron                    3.0.1-11           
crypt                   1.1-1              
cvs                     1.11.6-3           
cygipc                  2.03-2             
cygrunsrv               0.98-1             
cygwin                  1.5.7-1            
diffutils               2.8.4-1            
editrights              1.01-1             
expat                   1.95.7-1           
fileutils               4.1-2              
findutils               4.1.7-4            
fontconfig              2.2.0-1            
freetype2               2.1.5-1            
gawk                    3.1.3-4            
gcc                     3.3.1-3            
gcc-g++                 3.3.1-3            
gcc-mingw               20030911-4         
gcc-mingw-core          20031020-1         
gcc-mingw-g++           20031020-1         
gcc2                    2.95.3-10          
gdbm                    1.8.3-7            
gettext                 0.12.1-3           
grep                    2.5-1              
groff                   1.18.1-2           
gzip                    1.3.5-1            
less                    381-1              
libbz2_1                1.0.2-5            
libdb3.1                3.1.17-2           
libdb4.1                4.1.25-1           
libfontconfig1          2.2.0-1            
libfreetype26           2.1.5-1            
libgdbm                 1.8.0-5            
libgdbm-devel           1.8.3-7            
libgdbm3                1.8.3-3            
libgdbm4                1.8.3-7            
libgettextpo0           0.12.1-3           
libiconv2               1.9.1-3            
libintl                 0.10.38-3          
libintl1                0.10.40-1          
libintl2                0.12.1-3           
libncurses5             5.2-1              
libncurses6             5.2-8              
libncurses7             5.3-4              
libopenldap2            2.1.25-1           
libpcre                 4.1-1              
libpcre0                4.5-1              
libpopt0                1.6.4-4            
libreadline4            4.1-2              
libreadline5            4.3-5              
login                   1.9-7              
make                    3.80-1             
man                     1.5k-2             
mingw-runtime           3.2-1              
minires                 0.97-1             
mktemp                  1.5-3              
ncurses                 5.3-4              
openldap                2.1.25-1           
openldap-devel          2.1.25-1           
openssl                 0.9.7c-1           
openssl-devel           0.9.7c-1           
openssl096              0.9.6j-1           
pcre                    4.5-1              
pcre-doc                4.5-1              
perl                    5.8.2-1            
postgresql              7.4.1-3            
readline                4.3-5              
rebase                  2.2-3              
rsync                   2.6.0-1            
sed                     4.0.8-1            
sh-utils                2.0.15-4           
shutdown                1.4-1              
ssmtp                   2.60.4-3           
tar                     1.13.25-5          
termcap                 20021106-2         
terminfo                5.3_20030726-1     
texinfo                 4.2-4              
textutils               2.0.21-1           
unzip                   5.50-5             
vim                     6.2.098-1          
w32api                  2.5-1              
which                   1.5-2              
XFree86-base            4.3.0-1            
XFree86-bin             4.3.0-8            
XFree86-etc             4.3.0-6            
XFree86-fenc            4.2.0-3            
XFree86-fnts            4.2.0-3            
XFree86-lib             4.3.0-1            
XFree86-lib-compat      4.3.0-2            
XFree86-startup-scripts 4.2.0-5            
XFree86-xserv           4.3.0-46           
zip                     2.3-5              
zlib                    1.2.1-1            
Use -h to see help about each section
