You have make /usr/bin/make
You have LWP 5.835
You have /bin/tar: tar (GNU tar) 1.23
Copyright (C) 2010 Free Software Foundation, Inc.
License GPLv3+: GNU GPL version 3 or later <http://gnu.org/licenses/gpl.html>.
This is free software: you are free to change and redistribute it.
There is NO WARRANTY, to the extent permitted by law.

Written by John Gilmore and Jay Fenlason.
You have /usr/bin/unzip
Searching Module::Install on cpanmetadb ...
Fetching http://search.cpan.org/CPAN/authors/id/A/AD/ADAMK/Module-Install-0.96.tar.gz ... OK
Unpacking Module-Install-0.96.tar.gz
Module-Install-0.96/
Module-Install-0.96/Makefile.PL
Module-Install-0.96/META.yml
Module-Install-0.96/LICENSE
Module-Install-0.96/README
Module-Install-0.96/xt/
Module-Install-0.96/xt/licenses.t
Module-Install-0.96/xt/meta.t
Module-Install-0.96/xt/pmv.t
Module-Install-0.96/xt/pod.t
Module-Install-0.96/inc/
Module-Install-0.96/inc/Module/
Module-Install-0.96/inc/Module/Install.pm
Module-Install-0.96/inc/Module/Install/
Module-Install-0.96/inc/Module/Install/Can.pm
Module-Install-0.96/inc/Module/Install/Fetch.pm
Module-Install-0.96/inc/Module/Install/Win32.pm
Module-Install-0.96/inc/Module/Install/WriteAll.pm
Module-Install-0.96/inc/Module/Install/Metadata.pm
Module-Install-0.96/inc/Module/Install/Base.pm
Module-Install-0.96/inc/Module/Install/Makefile.pm
Module-Install-0.96/MANIFEST
Module-Install-0.96/Changes
Module-Install-0.96/t/
Module-Install-0.96/t/12_eumm_params.t
Module-Install-0.96/t/20_authors_with_special_characters.t
Module-Install-0.96/t/10_test.t
Module-Install-0.96/t/07_perl_version.t
Module-Install-0.96/t/13_author_tests_ext.t
Module-Install-0.96/t/27_build_requires_and_include.t
Module-Install-0.96/t/08_dsl.t
Module-Install-0.96/t/23_pl_files.t
Module-Install-0.96/t/19_authors.t
Module-Install-0.96/t/11_extraction.t
Module-Install-0.96/t/05_share.t
Module-Install-0.96/t/22_installdirs.t
Module-Install-0.96/t/13_author_tests_ext2.t
Module-Install-0.96/t/29_requires_from.t
Module-Install-0.96/t/24_multiple_license_blocks.t
Module-Install-0.96/t/26_unknown_func.t
Module-Install-0.96/t/25_perl_version_from.t
Module-Install-0.96/t/04_version.t
Module-Install-0.96/t/06_ppport.t
Module-Install-0.96/t/17_sign.t
Module-Install-0.96/t/30_build_subdirs.t
Module-Install-0.96/t/21_makemaker_args.t
Module-Install-0.96/t/02_mymeta.t
Module-Install-0.96/t/13_author_tests.t
Module-Install-0.96/t/18_all_from.t
Module-Install-0.96/t/lib/
Module-Install-0.96/t/lib/Test.pm
Module-Install-0.96/t/recursive/
Module-Install-0.96/t/recursive/test.t
Module-Install-0.96/t/01_compile.t
Module-Install-0.96/t/03_autoinstall.t
Module-Install-0.96/t/28_makemaker_args.t
Module-Install-0.96/t/15_wrong_usage.t
Module-Install-0.96/t/14_auto_include_deps_with_version.t
Module-Install-0.96/t/16_require.t
Module-Install-0.96/t/09_read.t
Module-Install-0.96/lib/
Module-Install-0.96/lib/inc/
Module-Install-0.96/lib/inc/Module/
Module-Install-0.96/lib/inc/Module/Install.pm
Module-Install-0.96/lib/inc/Module/Install/
Module-Install-0.96/lib/inc/Module/Install/DSL.pm
Module-Install-0.96/lib/Module/
Module-Install-0.96/lib/Module/Install.pm
Module-Install-0.96/lib/Module/Install.pod
Module-Install-0.96/lib/Module/AutoInstall.pm
Module-Install-0.96/lib/Module/Install/
Module-Install-0.96/lib/Module/Install/Philosophy.pod
Module-Install-0.96/lib/Module/Install/MakeMaker.pm
Module-Install-0.96/lib/Module/Install/Base.pm
Module-Install-0.96/lib/Module/Install/Share.pm
Module-Install-0.96/lib/Module/Install/FAQ.pod
Module-Install-0.96/lib/Module/Install/External.pm
Module-Install-0.96/lib/Module/Install/WriteAll.pm
Module-Install-0.96/lib/Module/Install/Include.pm
Module-Install-0.96/lib/Module/Install/Compiler.pm
Module-Install-0.96/lib/Module/Install/Deprecated.pm
Module-Install-0.96/lib/Module/Install/DSL.pm
Module-Install-0.96/lib/Module/Install/Run.pm
Module-Install-0.96/lib/Module/Install/Inline.pm
Module-Install-0.96/lib/Module/Install/Win32.pm
Module-Install-0.96/lib/Module/Install/API.pod
Module-Install-0.96/lib/Module/Install/Scripts.pm
Module-Install-0.96/lib/Module/Install/Bundle.pm
Module-Install-0.96/lib/Module/Install/Makefile.pm
Module-Install-0.96/lib/Module/Install/Metadata.pm
Module-Install-0.96/lib/Module/Install/Fetch.pm
Module-Install-0.96/lib/Module/Install/PAR.pm
Module-Install-0.96/lib/Module/Install/Admin.pm
Module-Install-0.96/lib/Module/Install/Can.pm
Module-Install-0.96/lib/Module/Install/With.pm
Module-Install-0.96/lib/Module/Install/AutoInstall.pm
Module-Install-0.96/lib/Module/Install/Admin/
Module-Install-0.96/lib/Module/Install/Admin/Metadata.pm
Module-Install-0.96/lib/Module/Install/Admin/Makefile.pm
Module-Install-0.96/lib/Module/Install/Admin/Find.pm
Module-Install-0.96/lib/Module/Install/Admin/ScanDeps.pm
Module-Install-0.96/lib/Module/Install/Admin/Manifest.pm
Module-Install-0.96/lib/Module/Install/Admin/Include.pm
Module-Install-0.96/lib/Module/Install/Admin/WriteAll.pm
Module-Install-0.96/lib/Module/Install/Admin/Compiler.pm
Module-Install-0.96/lib/Module/Install/Admin/Bundle.pm
Entering Module-Install-0.96
Checking if you have YAML::Tiny 1.33 ... Yes (1.41)
Checking if you have ExtUtils::MakeMaker 6.42 ... Yes (6.56)
Configuring Module-Install-0.96 ... Running Makefile.PL
Checking if your kit is complete...
Looks good
Writing Makefile for Module::Install
Writing MYMETA.yml
OK
Checking dependencies from MYMETA.yml ...
Finding PREREQ from Makefile ...
Checking if you have Parse::CPAN::Meta 1.39 ... Yes (1.40)
Checking if you have File::Remove 1.42 ... Yes (1.42)
Checking if you have YAML::Tiny 1.38 ... Yes (1.41)
Checking if you have File::Spec 3.28 ... Yes (3.31)
Checking if you have ExtUtils::ParseXS 2.19 ... Yes (2.2205)
Checking if you have Devel::PPPort 3.16 ... Yes (3.19)
Checking if you have ExtUtils::Install 1.52 ... Yes (1.55)
Checking if you have PAR::Dist 0.29 ... Yes (0.47)
Checking if you have Module::ScanDeps 0.89 ... Yes (0.97)
Checking if you have Module::CoreList 2.17 ... Yes (2.31)
Checking if you have Archive::Tar 1.44 ... Yes (1.60)
Checking if you have JSON 2.14 ... Yes (2.21)
Checking if you have Module::Build 0.29 ... Yes (0.3607)
Checking if you have Test::More 0.86 ... Yes (0.94)
Checking if you have Test::Harness 3.13 ... Yes (3.21)
Checking if you have ExtUtils::MakeMaker 6.42 ... Yes (6.56)
Checking if you have File::Remove 1.42 ... Yes (1.42)
Checking if you have File::Spec 3.28 ... Yes (3.31)
Checking if you have ExtUtils::Install 1.52 ... Yes (1.55)
Checking if you have Archive::Tar 1.44 ... Yes (1.60)
Checking if you have Module::Build 0.29 ... Yes (0.3607)
Checking if you have Parse::CPAN::Meta 1.39 ... Yes (1.40)
Checking if you have Test::Harness 3.13 ... Yes (3.21)
Checking if you have YAML::Tiny 1.33 ... Yes (1.41)
Checking if you have ExtUtils::ParseXS 2.19 ... Yes (2.2205)
Checking if you have ExtUtils::MakeMaker 6.42 ... Yes (6.56)
Checking if you have Devel::PPPort 3.16 ... Yes (3.19)
Checking if you have PAR::Dist 0.29 ... Yes (0.47)
Checking if you have Test::More 0.86 ... Yes (0.94)
Checking if you have Module::ScanDeps 0.89 ... Yes (0.97)
Checking if you have JSON 2.14 ... Yes (2.21)
Checking if you have Module::CoreList 2.17 ... Yes (2.31)
Building and testing Module-Install-0.96 for Module::Install ... cp lib/Module/Install/Admin/Bundle.pm blib/lib/Module/Install/Admin/Bundle.pm
cp lib/Module/Install/AutoInstall.pm blib/lib/Module/Install/AutoInstall.pm
cp lib/Module/Install/With.pm blib/lib/Module/Install/With.pm
cp lib/Module/Install/Run.pm blib/lib/Module/Install/Run.pm
cp lib/Module/Install/DSL.pm blib/lib/Module/Install/DSL.pm
cp lib/Module/Install/Can.pm blib/lib/Module/Install/Can.pm
cp lib/Module/Install/Admin.pm blib/lib/Module/Install/Admin.pm
cp lib/Module/Install/PAR.pm blib/lib/Module/Install/PAR.pm
cp lib/Module/Install/Fetch.pm blib/lib/Module/Install/Fetch.pm
cp lib/Module/Install/Admin/Compiler.pm blib/lib/Module/Install/Admin/Compiler.pm
cp lib/Module/Install/Admin/ScanDeps.pm blib/lib/Module/Install/Admin/ScanDeps.pm
cp lib/Module/Install/Deprecated.pm blib/lib/Module/Install/Deprecated.pm
cp lib/Module/Install/Admin/Find.pm blib/lib/Module/Install/Admin/Find.pm
cp lib/Module/Install/Metadata.pm blib/lib/Module/Install/Metadata.pm
cp lib/Module/Install/Makefile.pm blib/lib/Module/Install/Makefile.pm
cp lib/Module/Install/Bundle.pm blib/lib/Module/Install/Bundle.pm
cp lib/inc/Module/Install.pm blib/lib/inc/Module/Install.pm
cp lib/inc/Module/Install/DSL.pm blib/lib/inc/Module/Install/DSL.pm
cp lib/Module/Install/Admin/WriteAll.pm blib/lib/Module/Install/Admin/WriteAll.pm
cp lib/Module/Install/Compiler.pm blib/lib/Module/Install/Compiler.pm
cp lib/Module/Install.pm blib/lib/Module/Install.pm
cp lib/Module/Install/WriteAll.pm blib/lib/Module/Install/WriteAll.pm
cp lib/Module/Install/Include.pm blib/lib/Module/Install/Include.pm
cp lib/Module/Install/Scripts.pm blib/lib/Module/Install/Scripts.pm
cp lib/Module/AutoInstall.pm blib/lib/Module/AutoInstall.pm
cp lib/Module/Install/API.pod blib/lib/Module/Install/API.pod
cp lib/Module/Install/External.pm blib/lib/Module/Install/External.pm
cp lib/Module/Install/Admin/Include.pm blib/lib/Module/Install/Admin/Include.pm
cp lib/Module/Install/Win32.pm blib/lib/Module/Install/Win32.pm
cp lib/Module/Install/Admin/Makefile.pm blib/lib/Module/Install/Admin/Makefile.pm
cp lib/Module/Install/Admin/Manifest.pm blib/lib/Module/Install/Admin/Manifest.pm
cp lib/Module/Install/FAQ.pod blib/lib/Module/Install/FAQ.pod
cp lib/Module/Install/Share.pm blib/lib/Module/Install/Share.pm
cp lib/Module/Install/Base.pm blib/lib/Module/Install/Base.pm
cp lib/Module/Install/Admin/Metadata.pm blib/lib/Module/Install/Admin/Metadata.pm
cp lib/Module/Install/MakeMaker.pm blib/lib/Module/Install/MakeMaker.pm
cp lib/Module/Install/Philosophy.pod blib/lib/Module/Install/Philosophy.pod
cp lib/Module/Install/Inline.pm blib/lib/Module/Install/Inline.pm
cp lib/Module/Install.pod blib/lib/Module/Install.pod
Manifying blib/man3/Module::Install::With.3
Manifying blib/man3/Module::Install::Makefile.3
Manifying blib/man3/Module::Install::Bundle.3
Manifying blib/man3/inc::Module::Install.3
Manifying blib/man3/inc::Module::Install::DSL.3
Manifying blib/man3/Module::Install::Compiler.3
Manifying blib/man3/Module::Install::Admin.3
Manifying blib/man3/Module::AutoInstall.3
Manifying blib/man3/Module::Install::Can.3
Manifying blib/man3/Module::Install::PAR.3
Manifying blib/man3/Module::Install::API.3
Manifying blib/man3/Module::Install::External.3
Manifying blib/man3/Module::Install::Admin::Include.3
Manifying blib/man3/Module::Install::Admin::Manifest.3
Manifying blib/man3/Module::Install::FAQ.3
Manifying blib/man3/Module::Install::Share.3
Manifying blib/man3/Module::Install::Base.3
Manifying blib/man3/Module::Install::Philosophy.3
Manifying blib/man3/Module::Install::Deprecated.3
Manifying blib/man3/Module::Install.3
PERL_DL_NONLAZY=1 /home/rafl/.perl/bin/perl "-MExtUtils::Command::MM" "-e" "test_harness(0, 'inc', 'blib/lib', 'blib/arch')" t/*.t t/recursive/*.t
t/01_compile.t .......................... ok
t/03_autoinstall.t ...................... skipped: Skipping dangerous test
t/04_version.t .......................... ok
/bin/pwd: couldn't find directory entry in `..' with matching i-node
mkdir inc: No such file or directory at ../../lib/Module/Install/Admin.pm line 132

#   Failed test 'build_dist'
#   at t/02_mymeta.t line 16.

#   Failed test at t/02_mymeta.t line 17.

#   Failed test at t/02_mymeta.t line 18.

#   Failed test at t/02_mymeta.t line 21.
Cannot find current script 'Makefile.PL' at /home/rafl/.perl/lib/5.12.0/FindBin.pm line 205
BEGIN failed--compilation aborted at /home/rafl/.perl/lib/5.12.0/FindBin.pm line 205.
Compilation failed in require at ../../lib/Module/Install.pm line 24.
BEGIN failed--compilation aborted at ../../lib/Module/Install.pm line 24.
Compilation failed in require at ../../lib/inc/Module/Install.pm line 42.
Compilation failed in require at Makefile.PL line 1.
BEGIN failed--compilation aborted at Makefile.PL line 1.

#   Failed test 'build_dist'
#   at t/05_share.t line 34.

#   Failed test 'make'
#   at t/05_share.t line 36.

#   Failed test 'Found install_share in correct dist_dir location'
#   at t/05_share.t line 39.

#   Failed test 'Found expected file in dist_dir location'
#   at t/05_share.t line 42.
open(t/Foo/blib/lib/auto/share/dist/Foo/dist_file.txt): No such file or directory at (eval 14) line 3.
# Looks like you planned 22 tests but ran 6.
# Looks like you failed 4 tests of 6 run.
# Looks like your test exited with 2 just after 6.
t/05_share.t ............................ 
Dubious, test returned 2 (wstat 512, 0x200)
Failed 20/22 subtests 
Use of uninitialized value $cwd_untainted in chdir at /home/rafl/.perl/lib/5.12.0/File/Find.pm line 773.
Use of chdir('') or chdir(undef) as chdir() is deprecated at /home/rafl/.perl/lib/5.12.0/File/Find.pm line 773.
Can't open ../../lib/Module/Install/Metadata.pm for input:
No such file or directory at ../../lib/Module/Install/Admin.pm line 137.

#   Failed test 'build_dist'
#   at t/02_mymeta.t line 28.

#   Failed test at t/02_mymeta.t line 29.

#   Failed test at t/02_mymeta.t line 30.

#   Failed test at t/02_mymeta.t line 31.
Use of uninitialized value $cwd_untainted in chdir at /home/rafl/.perl/lib/5.12.0/File/Find.pm line 773.
Use of chdir('') or chdir(undef) as chdir() is deprecated at /home/rafl/.perl/lib/5.12.0/File/Find.pm line 773.
Can't open ../../lib/Module/Install/Metadata.pm for input:
No such file or directory at ../../lib/Module/Install/Admin.pm line 137.

#   Failed test 'build_dist'
#   at t/06_ppport.t line 29.
Use of uninitialized value $cwd_untainted in chdir at /home/rafl/.perl/lib/5.12.0/File/Find.pm line 773.
Use of chdir('') or chdir(undef) as chdir() is deprecated at /home/rafl/.perl/lib/5.12.0/File/Find.pm line 773.
Can't open ../../lib/Module/Install/Metadata.pm for input:
No such file or directory at ../../lib/Module/Install/Admin.pm line 137.

#   Failed test 'build_dist'
#   at t/02_mymeta.t line 40.

#   Failed test at t/02_mymeta.t line 41.

#   Failed test at t/02_mymeta.t line 42.

#   Failed test at t/02_mymeta.t line 44.
# Looks like you failed 12 tests of 24.
t/02_mymeta.t ........................... 
Dubious, test returned 12 (wstat 3072, 0xc00)
Failed 12/24 subtests 
t/07_perl_version.t ..................... ok
Use of uninitialized value $cwd_untainted in chdir at /home/rafl/.perl/lib/5.12.0/File/Find.pm line 773.
Use of chdir('') or chdir(undef) as chdir() is deprecated at /home/rafl/.perl/lib/5.12.0/File/Find.pm line 773.
Can't open ../../lib/Module/Install/Metadata.pm for input:
No such file or directory at ../../lib/Module/Install/Admin.pm line 137.

#   Failed test 'build_dist'
#   at t/06_ppport.t line 45.

#   Failed test 'Found ppport.h'
#   at t/06_ppport.t line 47.
# Looks like you failed 3 tests of 8.
t/06_ppport.t ........................... 
Dubious, test returned 3 (wstat 768, 0x300)
Failed 3/8 subtests 
Use of uninitialized value $cwd_untainted in chdir at /home/rafl/.perl/lib/5.12.0/File/Find.pm line 773.
Use of chdir('') or chdir(undef) as chdir() is deprecated at /home/rafl/.perl/lib/5.12.0/File/Find.pm line 773.
Can't open ../../lib/Module/Install/DSL.pm for input:
No such file or directory at ../../lib/Module/Install/Admin.pm line 137.
BEGIN failed--compilation aborted at Makefile.PL line 1.

#   Failed test 'build_dist'
#   at t/08_dsl.t line 51.

#   Failed test at t/08_dsl.t line 52.

#   Failed test at t/08_dsl.t line 53.
# Looks like you failed 3 tests of 7.
t/08_dsl.t .............................. 
Dubious, test returned 3 (wstat 768, 0x300)
Failed 3/7 subtests 
Use of uninitialized value $cwd_untainted in chdir at /home/rafl/.perl/lib/5.12.0/File/Find.pm line 773.
Use of chdir('') or chdir(undef) as chdir() is deprecated at /home/rafl/.perl/lib/5.12.0/File/Find.pm line 773.
Can't open ../../lib/Module/Install/Metadata.pm for input:
No such file or directory at ../../lib/Module/Install/Admin.pm line 137.

#   Failed test 'built dist'
#   at t/09_read.t line 17.

#   Failed test 'require 't/Foo/inc/Module/Install.pm';'
#   at t/09_read.t line 18.
#     Tried to require ''t/Foo/inc/Module/Install.pm''.
#     Error:  Can't locate t/Foo/inc/Module/Install.pm in @INC (@INC contains: /home/rafl/.cpanm/work/1273438229.15664/Module-Install-0.96/inc /home/rafl/.cpanm/work/1273438229.15664/Module-Install-0.96/blib/lib /home/rafl/.cpanm/work/1273438229.15664/Module-Install-0.96/blib/arch /home/rafl/.perl/lib/site_perl/5.12.0/x86_64-linux-thread-multi /home/rafl/.perl/lib/site_perl/5.12.0 /home/rafl/.perl/lib/5.12.0/x86_64-linux-thread-multi /home/rafl/.perl/lib/5.12.0 .) at (eval 15) line 2.

#   Failed test 'Found test file 't/Foo/lib/Foo.pm''
#   at t/09_read.t line 21.
Undefined subroutine &Module::Install::_readpod called at t/09_read.t line 22.
# Looks like you planned 7 tests but ran 4.
# Looks like you failed 3 tests of 4 run.
# Looks like your test exited with 2 just after 4.
t/09_read.t ............................. 
Dubious, test returned 2 (wstat 512, 0x200)
Failed 6/7 subtests 
t/11_extraction.t ....................... ok
Use of uninitialized value $cwd_untainted in chdir at /home/rafl/.perl/lib/5.12.0/File/Find.pm line 773.
Use of chdir('') or chdir(undef) as chdir() is deprecated at /home/rafl/.perl/lib/5.12.0/File/Find.pm line 773.
Can't open ../../lib/Module/Install/Metadata.pm for input:
No such file or directory at ../../lib/Module/Install/Admin.pm line 137.

#   Failed test 'build dist'
#   at t/10_test.t line 54.

#   Failed test 'META.yml created'
#   at t/10_test.t line 57.
Failed to load YAML document from 't/Foo/META.yml' at t/10_test.t line 59
# Looks like you planned 14 tests but ran 7.
# Looks like you failed 2 tests of 7 run.
# Looks like your test exited with 2 just after 7.
t/10_test.t ............................. 
Dubious, test returned 2 (wstat 512, 0x200)
Failed 9/14 subtests 
/bin/pwd: couldn't find directory entry in `..' with matching i-node
/bin/pwd: couldn't find directory entry in `..' with matching i-node
/bin/pwd: couldn't find directory entry in `..' with matching i-node
/bin/pwd: couldn't find directory entry in `..' with matching i-node
/bin/pwd: couldn't find directory entry in `..' with matching i-node
/bin/pwd: couldn't find directory entry in `..' with matching i-node
/bin/pwd: couldn't find directory entry in `..' with matching i-node
/bin/pwd: couldn't find directory entry in `..' with matching i-node
/bin/pwd: couldn't find directory entry in `..' with matching i-node
/bin/pwd: couldn't find directory entry in `..' with matching i-node
/bin/pwd: couldn't find directory entry in `..' with matching i-node
/bin/pwd: couldn't find directory entry in `..' with matching i-node
/bin/pwd: couldn't find directory entry in `..' with matching i-node
/bin/pwd: couldn't find directory entry in `..' with matching i-node
/bin/pwd: couldn't find directory entry in `..' with matching i-node
/bin/pwd: couldn't find directory entry in `..' with matching i-node
/bin/pwd: couldn't find directory entry in `..' with matching i-node
/bin/pwd: couldn't find directory entry in `..' with matching i-node
/bin/pwd: couldn't find directory entry in `..' with matching i-node
/bin/pwd: couldn't find directory entry in `..' with matching i-node
/bin/pwd: couldn't find directory entry in `..' with matching i-node
/bin/pwd: couldn't find directory entry in `..' with matching i-node
/bin/pwd: couldn't find directory entry in `..' with matching i-node
/bin/pwd: couldn't find directory entry in `..' with matching i-node
/bin/pwd: couldn't find directory entry in `..' with matching i-node
/bin/pwd: couldn't find directory entry in `..' with matching i-node
/bin/pwd: couldn't find directory entry in `..' with matching i-node
/bin/pwd: couldn't find directory entry in `..' with matching i-node
/bin/pwd: couldn't find directory entry in `..' with matching i-node
/bin/pwd: couldn't find directory entry in `..' with matching i-node

#   Failed test at t/12_eumm_params.t line 30.
open(t/Foo/test): No such file or directory at (eval 14) line 3.
# Looks like you planned 11 tests but ran 3.
# Looks like you failed 1 test of 3 run.
# Looks like your test exited with 2 just after 3.
t/12_eumm_params.t ...................... 
Dubious, test returned 2 (wstat 512, 0x200)
Failed 9/11 subtests 
Use of uninitialized value $cwd_untainted in chdir at /home/rafl/.perl/lib/5.12.0/File/Find.pm line 773.
Use of chdir('') or chdir(undef) as chdir() is deprecated at /home/rafl/.perl/lib/5.12.0/File/Find.pm line 773.
Can't open ../../lib/Module/Install/Metadata.pm for input:
No such file or directory at ../../lib/Module/Install/Admin.pm line 137.

#   Failed test 'build_dist'
#   at t/13_author_tests.t line 28.

#   Failed test at t/13_author_tests.t line 30.
open(t/Foo/Makefile): No such file or directory at (eval 14) line 3.
# Looks like you planned 15 tests but ran 4.
# Looks like you failed 2 tests of 4 run.
# Looks like your test exited with 2 just after 4.
t/13_author_tests.t ..................... 
Dubious, test returned 2 (wstat 512, 0x200)
Failed 13/15 subtests 
/bin/pwd: couldn't find directory entry in `..' with matching i-node
mkdir inc: No such file or directory at ../../lib/Module/Install/Admin.pm line 132

#   Failed test 'build_dist'
#   at t/13_author_tests_ext.t line 31.

#   Failed test at t/13_author_tests_ext.t line 33.
open(t/Foo/Makefile): No such file or directory at (eval 14) line 3.
# Looks like you planned 36 tests but ran 4.
# Looks like you failed 2 tests of 4 run.
# Looks like your test exited with 2 just after 4.
t/13_author_tests_ext.t ................. 
Dubious, test returned 2 (wstat 512, 0x200)
Failed 34/36 subtests 
t/14_auto_include_deps_with_version.t ... skipped: your perl is new enough to have File::Spec 3.30 in core
t/15_wrong_usage.t ...................... ok
Can't cd to /home/rafl/.cpanm/work/1273438229.15664/Module-Install-0.96/t/Foo: No such file or directory
BEGIN failed--compilation aborted at Makefile.PL line 1.

#   Failed test 'build_dist'
#   at t/13_author_tests_ext2.t line 32.

#   Failed test at t/13_author_tests_ext2.t line 34.
open(t/Foo/Makefile): No such file or directory at (eval 14) line 3.
# Looks like you planned 38 tests but ran 5.
# Looks like you failed 2 tests of 5 run.
# Looks like your test exited with 2 just after 5.
t/13_author_tests_ext2.t ................ 
Dubious, test returned 2 (wstat 512, 0x200)
Failed 35/38 subtests 
t/16_require.t .......................... ok
Use of uninitialized value $cwd_untainted in chdir at /home/rafl/.perl/lib/5.12.0/File/Find.pm line 773.
Use of chdir('') or chdir(undef) as chdir() is deprecated at /home/rafl/.perl/lib/5.12.0/File/Find.pm line 773.
Can't open ../../lib/Module/Install/Metadata.pm for input:
No such file or directory at ../../lib/Module/Install/Admin.pm line 137.

#   Failed test 'build_dist'
#   at t/17_sign.t line 30.

#   Failed test at t/17_sign.t line 32.
open(t/Foo/Makefile): No such file or directory at (eval 14) line 3.
# Looks like you planned 12 tests but ran 3.
# Looks like you failed 2 tests of 3 run.
# Looks like your test exited with 2 just after 3.
t/17_sign.t ............................. 
Dubious, test returned 2 (wstat 512, 0x200)
Failed 11/12 subtests 
/bin/pwd: couldn't find directory entry in `..' with matching i-node
/bin/pwd: couldn't find directory entry in `..' with matching i-node
/bin/pwd: couldn't find directory entry in `..' with matching i-node
/bin/pwd: couldn't find directory entry in `..' with matching i-node
/bin/pwd: couldn't find directory entry in `..' with matching i-node
/bin/pwd: couldn't find directory entry in `..' with matching i-node
/bin/pwd: couldn't find directory entry in `..' with matching i-node
/bin/pwd: couldn't find directory entry in `..' with matching i-node
/bin/pwd: couldn't find directory entry in `..' with matching i-node
/bin/pwd: couldn't find directory entry in `..' with matching i-node
Could not open 'lib/Foo.pm': No such file or directory at /home/rafl/.perl/lib/5.12.0/ExtUtils/MM_Unix.pm line 2631.

#   Failed test 'build_dist'
#   at t/18_all_from.t line 27.

#   Failed test at t/18_all_from.t line 29.
open(t/Foo/Makefile): No such file or directory at (eval 14) line 3.
# Looks like you planned 18 tests but ran 3.
# Looks like you failed 2 tests of 3 run.
# Looks like your test exited with 2 just after 3.
t/18_all_from.t ......................... 
Dubious, test returned 2 (wstat 512, 0x200)
Failed 17/18 subtests 
Use of uninitialized value $cwd_untainted in chdir at /home/rafl/.perl/lib/5.12.0/File/Find.pm line 773.
Use of chdir('') or chdir(undef) as chdir() is deprecated at /home/rafl/.perl/lib/5.12.0/File/Find.pm line 773.
Can't open ../../lib/Module/Install/Metadata.pm for input:
No such file or directory at ../../lib/Module/Install/Admin.pm line 137.

#   Failed test 'build_dist'
#   at t/19_authors.t line 26.

#   Failed test at t/19_authors.t line 28.
open(t/Foo/Makefile): No such file or directory at (eval 15) line 3.
# Looks like you planned 32 tests but ran 3.
# Looks like you failed 2 tests of 3 run.
# Looks like your test exited with 2 just after 3.
t/19_authors.t .......................... 
Dubious, test returned 2 (wstat 512, 0x200)
Failed 31/32 subtests 
/bin/pwd: couldn't find directory entry in `..' with matching i-node
mkdir inc: No such file or directory at ../../lib/Module/Install/Admin.pm line 132

#   Failed test 'build_dist'
#   at t/20_authors_with_special_characters.t line 43.

#   Failed test at t/20_authors_with_special_characters.t line 45.
open(t/Foo/Makefile): No such file or directory at (eval 15) line 3.
# Looks like you planned 26 tests but ran 4.
# Looks like you failed 2 tests of 4 run.
# Looks like your test exited with 2 just after 4.
t/20_authors_with_special_characters.t .. 
Dubious, test returned 2 (wstat 512, 0x200)
Failed 24/26 subtests 
Unable to open MakeMaker.tmp: No such file or directory at /home/rafl/.perl/lib/5.12.0/ExtUtils/MakeMaker.pm line 997.

#   Failed test 'build_dist'
#   at t/21_makemaker_args.t line 47.

#   Failed test 'Makefile exists'
#   at t/21_makemaker_args.t line 49.
open(t/Foo/Makefile): No such file or directory at (eval 14) line 3.
# Looks like you planned 45 tests but ran 9.
# Looks like you failed 2 tests of 9 run.
# Looks like your test exited with 2 just after 9.
t/21_makemaker_args.t ................... 
Dubious, test returned 2 (wstat 512, 0x200)
Failed 38/45 subtests 
Use of uninitialized value $cwd_untainted in chdir at /home/rafl/.perl/lib/5.12.0/File/Find.pm line 773.
Use of chdir('') or chdir(undef) as chdir() is deprecated at /home/rafl/.perl/lib/5.12.0/File/Find.pm line 773.
Can't open ../../lib/Module/Install/Metadata.pm for input:
No such file or directory at ../../lib/Module/Install/Admin.pm line 137.

#   Failed test 'build_dist'
#   at t/22_installdirs.t line 26.

#   Failed test at t/22_installdirs.t line 28.
open(t/Foo/Makefile): No such file or directory at (eval 15) line 3.
# Looks like you planned 24 tests but ran 3.
# Looks like you failed 2 tests of 3 run.
# Looks like your test exited with 2 just after 3.
t/22_installdirs.t ...................... 
Dubious, test returned 2 (wstat 512, 0x200)
Failed 23/24 subtests 
t/24_multiple_license_blocks.t .......... ok
Unable to open MakeMaker.tmp: No such file or directory at /home/rafl/.perl/lib/5.12.0/ExtUtils/MakeMaker.pm line 997.

#   Failed test 'build_dist'
#   at t/23_pl_files.t line 45.

#   Failed test at t/23_pl_files.t line 47.
open(t/Foo/Makefile): No such file or directory at (eval 14) line 3.
# Looks like you planned 35 tests but ran 11.
# Looks like you failed 2 tests of 11 run.
# Looks like your test exited with 2 just after 11.
t/23_pl_files.t ......................... 
Dubious, test returned 2 (wstat 512, 0x200)
Failed 26/35 subtests 
Use of uninitialized value $cwd_untainted in chdir at /home/rafl/.perl/lib/5.12.0/File/Find.pm line 773.
Use of chdir('') or chdir(undef) as chdir() is deprecated at /home/rafl/.perl/lib/5.12.0/File/Find.pm line 773.
Can't open ../../lib/Module/Install/Metadata.pm for input:
No such file or directory at ../../lib/Module/Install/Admin.pm line 137.

#   Failed test 'build_dist'
#   at t/25_perl_version_from.t line 40.

#   Failed test 'Makefile exists'
#   at t/25_perl_version_from.t line 42.
open(t/Foo/Makefile): No such file or directory at (eval 14) line 3.
# Looks like you planned 36 tests but ran 4.
# Looks like you failed 2 tests of 4 run.
# Looks like your test exited with 2 just after 4.
t/25_perl_version_from.t ................ 
Dubious, test returned 2 (wstat 512, 0x200)
Failed 34/36 subtests 

#   Failed test 'correct error'
#   at t/26_unknown_func.t line 33.
Cannot find current script 'Makefile.PL' at /home/rafl/.perl/lib/5.12.0/FindBin.pm line 205
BEGIN failed--compilation aborted at /home/rafl/.perl/lib/5.12.0/FindBin.pm line 205.
Compilation failed in require at ../../lib/Module/Install.pm line 24.
BEGIN failed--compilation aborted at ../../lib/Module/Install.pm line 24.
Compilation failed in require at ../../lib/inc/Module/Install.pm line 42.
Compilation failed in require at Makefile.PL line 3.
BEGIN failed--compilation aborted at Makefile.PL line 3.

#   Failed test 'build dist'
#   at t/27_build_requires_and_include.t line 29.

#   Failed test 'has META.yml'
#   at t/27_build_requires_and_include.t line 31.
Failed to load YAML document from 't/Foo/META.yml' at t/27_build_requires_and_include.t line 33
# Looks like you planned 14 tests but ran 3.
# Looks like you failed 2 tests of 3 run.
# Looks like your test exited with 2 just after 3.
t/27_build_requires_and_include.t ....... 
Dubious, test returned 2 (wstat 512, 0x200)
Failed 13/14 subtests 
Use of uninitialized value $cwd_untainted in chdir at /home/rafl/.perl/lib/5.12.0/File/Find.pm line 773.
Use of chdir('') or chdir(undef) as chdir() is deprecated at /home/rafl/.perl/lib/5.12.0/File/Find.pm line 773.
Can't open ../../lib/Module/Install/Metadata.pm for input:
No such file or directory at ../../lib/Module/Install/Admin.pm line 137.

#   Failed test 'build_dist'
#   at t/28_makemaker_args.t line 29.

#   Failed test 'has Makefile'
#   at t/28_makemaker_args.t line 31.
open(t/Foo/Makefile): No such file or directory at (eval 14) line 3.
# Looks like you planned 6 tests but ran 3.
# Looks like you failed 2 tests of 3 run.
# Looks like your test exited with 2 just after 3.
t/28_makemaker_args.t ................... 
Dubious, test returned 2 (wstat 512, 0x200)
Failed 5/6 subtests 
# Looks like you failed 1 test of 18.
t/26_unknown_func.t ..................... 
Dubious, test returned 1 (wstat 256, 0x100)
Failed 1/18 subtests 
Can't cd to /home/rafl/.cpanm/work/1273438229.15664/Module-Install-0.96/t/Foo: No such file or directory
BEGIN failed--compilation aborted at Makefile.PL line 1.

#   Failed test 'build_dist'
#   at t/29_requires_from.t line 26.

#   Failed test at t/29_requires_from.t line 28.
open(t/Foo/test): No such file or directory at (eval 14) line 3.
# Looks like you planned 19 tests but ran 3.
# Looks like you failed 2 tests of 3 run.
# Looks like your test exited with 2 just after 3.
t/29_requires_from.t .................... 
Dubious, test returned 2 (wstat 512, 0x200)
Failed 18/19 subtests 
t/recursive/test.t ...................... ok
t/30_build_subdirs.t .................... ok

Test Summary Report
-------------------
t/05_share.t                          (Wstat: 512 Tests: 6 Failed: 4)
  Failed tests:  3-6
  Non-zero exit status: 2
  Parse errors: Bad plan.  You planned 22 tests but ran 6.
t/02_mymeta.t                         (Wstat: 3072 Tests: 24 Failed: 12)
  Failed tests:  2-4, 7, 10-13, 18-20, 22
  Non-zero exit status: 12
t/06_ppport.t                         (Wstat: 768 Tests: 8 Failed: 3)
  Failed tests:  2, 6-7
  Non-zero exit status: 3
t/08_dsl.t                            (Wstat: 768 Tests: 7 Failed: 3)
  Failed tests:  4-6
  Non-zero exit status: 3
t/09_read.t                           (Wstat: 512 Tests: 4 Failed: 3)
  Failed tests:  2-4
  Non-zero exit status: 2
  Parse errors: Bad plan.  You planned 7 tests but ran 4.
t/10_test.t                           (Wstat: 512 Tests: 7 Failed: 2)
  Failed tests:  6-7
  Non-zero exit status: 2
  Parse errors: Bad plan.  You planned 14 tests but ran 7.
t/12_eumm_params.t                    (Wstat: 512 Tests: 3 Failed: 1)
  Failed test:  3
  Non-zero exit status: 2
  Parse errors: Bad plan.  You planned 11 tests but ran 3.
t/13_author_tests.t                   (Wstat: 512 Tests: 4 Failed: 2)
  Failed tests:  3-4
  Non-zero exit status: 2
  Parse errors: Bad plan.  You planned 15 tests but ran 4.
t/13_author_tests_ext.t               (Wstat: 512 Tests: 4 Failed: 2)
  Failed tests:  3-4
  Non-zero exit status: 2
  Parse errors: Bad plan.  You planned 36 tests but ran 4.
t/13_author_tests_ext2.t              (Wstat: 512 Tests: 5 Failed: 2)
  Failed tests:  4-5
  Non-zero exit status: 2
  Parse errors: Bad plan.  You planned 38 tests but ran 5.
t/17_sign.t                           (Wstat: 512 Tests: 3 Failed: 2)
  Failed tests:  2-3
  Non-zero exit status: 2
  Parse errors: Bad plan.  You planned 12 tests but ran 3.
t/18_all_from.t                       (Wstat: 512 Tests: 3 Failed: 2)
  Failed tests:  2-3
  Non-zero exit status: 2
  Parse errors: Bad plan.  You planned 18 tests but ran 3.
t/19_authors.t                        (Wstat: 512 Tests: 3 Failed: 2)
  Failed tests:  2-3
  Non-zero exit status: 2
  Parse errors: Bad plan.  You planned 32 tests but ran 3.
t/20_authors_with_special_characters.t (Wstat: 512 Tests: 4 Failed: 2)
  Failed tests:  3-4
  Non-zero exit status: 2
  Parse errors: Bad plan.  You planned 26 tests but ran 4.
t/21_makemaker_args.t                 (Wstat: 512 Tests: 9 Failed: 2)
  Failed tests:  8-9
  Non-zero exit status: 2
  Parse errors: Bad plan.  You planned 45 tests but ran 9.
t/22_installdirs.t                    (Wstat: 512 Tests: 3 Failed: 2)
  Failed tests:  2-3
  Non-zero exit status: 2
  Parse errors: Bad plan.  You planned 24 tests but ran 3.
t/23_pl_files.t                       (Wstat: 512 Tests: 11 Failed: 2)
  Failed tests:  10-11
  Non-zero exit status: 2
  Parse errors: Bad plan.  You planned 35 tests but ran 11.
t/25_perl_version_from.t              (Wstat: 512 Tests: 4 Failed: 2)
  Failed tests:  3-4
  Non-zero exit status: 2
  Parse errors: Bad plan.  You planned 36 tests but ran 4.
t/27_build_requires_and_include.t     (Wstat: 512 Tests: 3 Failed: 2)
  Failed tests:  2-3
  Non-zero exit status: 2
  Parse errors: Bad plan.  You planned 14 tests but ran 3.
t/28_makemaker_args.t                 (Wstat: 512 Tests: 3 Failed: 2)
  Failed tests:  2-3
  Non-zero exit status: 2
  Parse errors: Bad plan.  You planned 6 tests but ran 3.
t/26_unknown_func.t                   (Wstat: 256 Tests: 18 Failed: 1)
  Failed test:  3
  Non-zero exit status: 1
t/29_requires_from.t                  (Wstat: 512 Tests: 3 Failed: 2)
  Failed tests:  2-3
  Non-zero exit status: 2
  Parse errors: Bad plan.  You planned 19 tests but ran 3.
Files=33, Tests=306, 28 wallclock secs ( 0.53 usr  0.10 sys + 44.26 cusr  2.44 csys = 47.33 CPU)
Result: FAIL
Failed 22/33 test programs. 57/306 subtests failed.
make: *** [test_dynamic] Error 255
FAIL
! Installing Module::Install failed. See /home/rafl/.cpanm/build.log for details.
