0 windhund ~/devel/Text-Metaphone$ cover -delete
Deleting database /Users/schwern/devel/Text-Metaphone/cover_db
0 windhund ~/devel/Text-Metaphone$ make realclean
rm -f \
  *.a core \
  core.[0-9] blib/arch/auto/Text/Metaphone/extralibs.all \
  core.[0-9][0-9] Metaphone.bso \
  pm_to_blib.ts core.[0-9][0-9][0-9][0-9] \
  Metaphone.x Metaphone.bs \
  perl tmon.out \
  *.o pm_to_blib \
  blib/arch/auto/Text/Metaphone/extralibs.ld blibdirs.ts \
  core.[0-9][0-9][0-9][0-9][0-9] *perl.core \
  core.*perl.*.? Makefile.aperl \
  Metaphone.c perl \
  Metaphone.def core.[0-9][0-9][0-9] \
  mon.out libMetaphone.def \
  perlmain.c perl.exe \
  so_locations Metaphone.exp 
rm -rf \
  blib 
mv Makefile Makefile.old > /dev/null 2>&1
rm -f \
  metaphone_c.o my_memory.o Metaphone.o Makefile.old \
  Makefile 
rm -rf \
  Text-Metaphone-2.00 
0 windhund ~/devel/Text-Metaphone$ perl Makefile.PL 
Checking if your kit is complete...
Looks good
Writing Makefile for Text::Metaphone
0 windhund ~/devel/Text-Metaphone$ make
cp Metaphone.pm blib/lib/Text/Metaphone.pm
cc -c   -I/sw/include -fno-common -DPERL_DARWIN -no-cpp-precomp -fno-strict-aliasing -pipe -Wdeclaration-after-statement -I/opt/local/include -O3   -DVERSION=\"2.00\" -DXS_VERSION=\"2.00\"  "-I/usr/local/perl/5.8.8/lib/darwin-thread-multi-2level/CORE"   my_memory.c
cc -c   -I/sw/include -fno-common -DPERL_DARWIN -no-cpp-precomp -fno-strict-aliasing -pipe -Wdeclaration-after-statement -I/opt/local/include -O3   -DVERSION=\"2.00\" -DXS_VERSION=\"2.00\"  "-I/usr/local/perl/5.8.8/lib/darwin-thread-multi-2level/CORE"   metaphone_c.c
/usr/local/bin/perl /usr/local/perl/5.8.8/lib/ExtUtils/xsubpp  -typemap /usr/local/perl/5.8.8/lib/ExtUtils/typemap -typemap typemap  Metaphone.xs > Metaphone.xsc && mv Metaphone.xsc Metaphone.c
cc -c   -I/sw/include -fno-common -DPERL_DARWIN -no-cpp-precomp -fno-strict-aliasing -pipe -Wdeclaration-after-statement -I/opt/local/include -O3   -DVERSION=\"2.00\" -DXS_VERSION=\"2.00\"  "-I/usr/local/perl/5.8.8/lib/darwin-thread-multi-2level/CORE"   Metaphone.c
Metaphone.c: In function ‘XS_Text__Metaphone_Metaphone’:
Metaphone.c:26: warning: useless type name in empty declaration
Running Mkbootstrap for Text::Metaphone ()
chmod 644 Metaphone.bs
rm -f blib/arch/auto/Text/Metaphone/Metaphone.bundle
env MACOSX_DEPLOYMENT_TARGET=10.3 cc  -L/sw/lib -bundle -undefined dynamic_lookup -L/usr/local/lib -L/opt/local/lib metaphone_c.o my_memory.o Metaphone.o  -o blib/arch/auto/Text/Metaphone/Metaphone.bundle    \
        \
  
chmod 755 blib/arch/auto/Text/Metaphone/Metaphone.bundle
cp Metaphone.bs blib/arch/auto/Text/Metaphone/Metaphone.bs
chmod 644 blib/arch/auto/Text/Metaphone/Metaphone.bs
Manifying blib/man3/Text::Metaphone.3
0 windhund ~/devel/Text-Metaphone$ cover -test
Deleting database /Users/schwern/devel/Text-Metaphone/cover_db
cover: running make test CCFLAGS=-O0\ -fprofile-arcs\ -ftest-coverage OTHERLDFLAGS=-fprofile-arcs\ -ftest-coverage
/usr/local/bin/perl /usr/local/perl/5.8.8/lib/ExtUtils/xsubpp  -typemap /usr/local/perl/5.8.8/lib/ExtUtils/typemap -typemap typemap  Metaphone.xs > Metaphone.xsc && mv Metaphone.xsc Metaphone.c
cc -c   -O0 -fprofile-arcs -ftest-coverage -O3   -DVERSION=\"2.00\" -DXS_VERSION=\"2.00\"  "-I/usr/local/perl/5.8.8/lib/darwin-thread-multi-2level/CORE"   Metaphone.c
Metaphone.c: In function ‘XS_Text__Metaphone_Metaphone’:
Metaphone.c:26: warning: useless type name in empty declaration
rm -f blib/arch/auto/Text/Metaphone/Metaphone.bundle
env MACOSX_DEPLOYMENT_TARGET=10.3 cc  -L/sw/lib -bundle -undefined dynamic_lookup -L/usr/local/lib -L/opt/local/lib metaphone_c.o my_memory.o Metaphone.o -fprofile-arcs -ftest-coverage -o blib/arch/auto/Text/Metaphone/Metaphone.bundle     \
        \
  
chmod 755 blib/arch/auto/Text/Metaphone/Metaphone.bundle
PERL_DL_NONLAZY=1 /usr/local/bin/perl "-MExtUtils::Command::MM" "-e" "test_harness(0, 'blib/lib', 'blib/arch')" t/*.t
t/metaphone......ok    
All tests successful.
Files=1, Tests=19,  3 wallclock secs ( 0.01 usr  0.00 sys +  2.44 cusr  0.06 csys =  2.51 CPU)
Result: PASS
cover: running gcov Metaphone.xs
Metaphone.gcno:cannot open graph file
Reading database from /Users/schwern/devel/Text-Metaphone/cover_db


---------------------------- ------ ------ ------ ------ ------ ------ ------
File                           stmt   bran   cond    sub    pod   time  total
---------------------------- ------ ------ ------ ------ ------ ------ ------
blib/lib/Text/Metaphone.pm    100.0    n/a    n/a  100.0    n/a  100.0  100.0
Total                         100.0    n/a    n/a  100.0    n/a  100.0  100.0
---------------------------- ------ ------ ------ ------ ------ ------ ------


Writing HTML output to /Users/schwern/devel/Text-Metaphone/cover_db/coverage.html ...
done.