Summary of my perl5 (revision 5 version 10 subversion 0) configuration:
  Platform:
    osname=linux, osvers=2.6.18-164.el5, archname=x86_64-linux-thread-multi
    uname='linux x86-1.fedora.phx.redhat.com 2.6.18-164.el5 #1 smp tue aug 18 15:51:48 edt 2009 x86_64 x86_64 x86_64 gnulinux '
    config_args='-des -Doptimize=-O2 -g -pipe -Wall -Wp,-D_FORTIFY_SOURCE=2 -fexceptions -fstack-protector --param=ssp-buffer-size=4 -m64 -mtune=generic -Accflags=-DPERL_USE_SAFE_PUTENV -Dversion=5.10.0 -Dmyhostname=localhost -Dperladmin=root@localhost -Dcc=gcc -Dcf_by=Red Hat, Inc. -Dprefix=/usr -Dvendorprefix=/usr -Dsiteprefix=/usr/local -Dprivlib=/usr/lib/perl5/5.10.0 -Dsitelib=/usr/local/lib/perl5/site_perl/5.10.0 -Dvendorlib=/usr/lib/perl5/vendor_perl/5.10.0 -Darchlib=/usr/lib64/perl5/5.10.0/x86_64-linux-thread-multi -Dsitearch=/usr/local/lib64/perl5/site_perl/5.10.0/x86_64-linux-thread-multi -Dvendorarch=/usr/lib64/perl5/vendor_perl/5.10.0/x86_64-linux-thread-multi -Dinc_version_list=none -Darchname=x86_64-linux-thread-multi -Dlibpth=/usr/local/lib64 /lib64 /usr/lib64 -Duseshrplib -Dusethreads -Duseithreads -Duselargefiles -Dd_dosuid -Dd_semctl_semun -Di_db -Ui_ndbm -Di_gdbm -Di_shadow -Di_syslog -Dman3ext=3pm -Duseperlio -Dinstallusrbinperl=n -Ubincompat5005 -Uversiononly -Dpager=/usr/bin/less -isr -Dd_gethostent_r_proto -Ud_endhostent_r_proto -Ud_sethostent_r_proto -Ud_endprotoent_r_proto -Ud_setprotoent_r_proto -Ud_endservent_r_proto -Ud_setservent_r_proto -Dscriptdir=/usr/bin -Dotherlibdirs=/usr/lib/perl5/site_perl'
    hint=recommended, useposix=true, d_sigaction=define
    useithreads=define, usemultiplicity=define
    useperlio=define, d_sfio=undef, uselargefiles=define, usesocks=undef
    use64bitint=define, use64bitall=define, uselongdouble=undef
    usemymalloc=n, bincompat5005=undef
  Compiler:
    cc='gcc', ccflags ='-D_REENTRANT -D_GNU_SOURCE -DPERL_USE_SAFE_PUTENV -DDEBUGGING -fno-strict-aliasing -pipe -I/usr/local/include -D_LARGEFILE_SOURCE -D_FILE_OFFSET_BITS=64 -I/usr/include/gdbm',
    optimize='-O2 -g -pipe -Wall -Wp,-D_FORTIFY_SOURCE=2 -fexceptions -fstack-protector --param=ssp-buffer-size=4 -m64 -mtune=generic',
    cppflags='-D_REENTRANT -D_GNU_SOURCE -DPERL_USE_SAFE_PUTENV -DDEBUGGING -fno-strict-aliasing -pipe -I/usr/local/include -I/usr/include/gdbm'
    ccversion='', gccversion='4.4.1 20090725 (Red Hat 4.4.1-2)', gccosandvers=''
    intsize=4, longsize=8, ptrsize=8, doublesize=8, byteorder=12345678
    d_longlong=define, longlongsize=8, d_longdbl=define, longdblsize=16
    ivtype='long', ivsize=8, nvtype='double', nvsize=8, Off_t='off_t', lseeksize=8
    alignbytes=8, prototype=define
  Linker and Libraries:
    ld='gcc', ldflags =''
    libpth=/usr/local/lib64 /lib64 /usr/lib64
    libs=-lresolv -lnsl -lgdbm -ldb -ldl -lm -lcrypt -lutil -lpthread -lc
    perllibs=-lresolv -lnsl -ldl -lm -lcrypt -lutil -lpthread -lc
    libc=, so=so, useshrplib=true, libperl=libperl.so
    gnulibc_version='2.10.1'
  Dynamic Linking:
    dlsrc=dl_dlopen.xs, dlext=so, d_dlsymun=undef, ccdlflags='-Wl,-E -Wl,-rpath,/usr/lib64/perl5/5.10.0/x86_64-linux-thread-multi/CORE'
    cccdlflags='-fPIC', lddlflags='-shared -O2 -g -pipe -Wall -Wp,-D_FORTIFY_SOURCE=2 -fexceptions -fstack-protector --param=ssp-buffer-size=4 -m64 -mtune=generic'


Characteristics of this binary (from libperl):
  Compile-time options: DEBUGGING MULTIPLICITY PERL_DONT_CREATE_GVSV
                        PERL_IMPLICIT_CONTEXT PERL_MALLOC_WRAP
                        PERL_TRACK_MEMPOOL PERL_USE_SAFE_PUTENV
                        USE_64_BIT_ALL USE_64_BIT_INT USE_ITHREADS
                        USE_LARGE_FILES USE_PERLIO USE_REENTRANT_API
  Built under linux
  Compiled at Sep 18 2009 15:01:19
  @INC:
    /usr/local/lib64/perl5/site_perl/5.10.0/x86_64-linux-thread-multi
    /usr/local/lib/perl5/site_perl/5.10.0
    /usr/lib64/perl5/vendor_perl/5.10.0/x86_64-linux-thread-multi
    /usr/lib/perl5/vendor_perl/5.10.0
    /usr/lib/perl5/vendor_perl
    /usr/lib64/perl5/5.10.0/x86_64-linux-thread-multi
    /usr/lib/perl5/5.10.0
    /usr/lib/perl5/site_perl
