cpanm (App::cpanminus) 1.5015 on perl 5.016000 built for darwin-2level
Work directory is /Users/watase_yusuke/.cpanm/work/1345814419.1598
You have make /usr/bin/make
You have /usr/local/bin/wget
You have /usr/bin/tar: bsdtar 2.8.3 - libarchive 2.8.3
You have /usr/bin/unzip
Searching Text::Markdown::Discount on cpanmetadb ...
--> Working on Text::Markdown::Discount
Fetching http://www.cpan.org/authors/id/S/SE/SEKIMURA/Text-Markdown-Discount-0.02.tar.gz
-> OK
Unpacking Text-Markdown-Discount-0.02.tar.gz
Entering Text-Markdown-Discount-0.02
Checking configure dependencies from META.yml
Checking if you have ExtUtils::MakeMaker 0 ... Yes (6.63_02)
Configuring Text-Markdown-Discount-0.02
Running Makefile.PL
Checking if your kit is complete...
Looks good
Warning: -Ldiscount-2.1.2 changed to -L/Users/watase_yusuke/.cpanm/work/1345814419.1598/Text-Markdown-Discount-0.02/discount-2.1.2
Writing Makefile for Text::Markdown::Discount
Writing MYMETA.yml and MYMETA.json
-> OK
Checking dependencies from MYMETA.json ...
Checking if you have ExtUtils::MakeMaker 0 ... Yes (6.63_02)
Building and testing Text-Markdown-Discount-0.02
cp lib/Text/Markdown/Discount.pm blib/lib/Text/Markdown/Discount.pm
( cd discount-2.1.2; CC='cc -fPIC' sh configure.sh; make )
Configuring for [markdown]
Looking for cpp (/usr/bin/cpp) ok
looking for install (/usr/bin/install)
checking the C compiler (cc -fPIC) ok
looking for ar (/usr/bin/ar)
looking for ranlib (/usr/bin/ranlib)
checking for "volatile" keyword (found)
checking for "const" keyword (found)
Checking for "inline" keyword (found)
defining WORD & DWORD scalar types ** FAILED **
make[1]: *** No targets specified and no makefile found.  Stop.
make: *** [discount-2.1.2/libmarkdown.a] Error 2
-> FAIL Installing Text::Markdown::Discount failed. See /Users/watase_yusuke/.cpanm/build.log for details.
Expiring 12 work directories.
