cpan> install XML::Compile::SOAP
Running install for module 'XML::Compile::SOAP'
Running make for M/MA/MARKOV/XML-Compile-SOAP-0.76.tar.gz
CPAN: Digest::SHA loaded ok (v5.47)
Checksum for /mathworks/devel/sandbox/jloverso/cpan-mirror/authors/id/M/MA/MARKOV/XML-Compile-SOAP-0.76.tar.gz ok
Scanning cache //mathworks/devel/sandbox/jloverso/perl-xml/.cpan/build for sizes
DONE
XML-Compile-SOAP-0.76/
XML-Compile-SOAP-0.76/t/
XML-Compile-SOAP-0.76/t/51wsdl11enc.t
XML-Compile-SOAP-0.76/t/pod.t
XML-Compile-SOAP-0.76/t/13enc11.t
XML-Compile-SOAP-0.76/t/52wsdl11one.t
XML-Compile-SOAP-0.76/t/53wsdl11fault.t
XML-Compile-SOAP-0.76/t/14dec11.t
XML-Compile-SOAP-0.76/t/12must11.t
XML-Compile-SOAP-0.76/t/16rpcenc11.t
XML-Compile-SOAP-0.76/t/TestTools.pm
XML-Compile-SOAP-0.76/t/30charset.t
XML-Compile-SOAP-0.76/t/15rpclit11.t
XML-Compile-SOAP-0.76/t/01use.t
XML-Compile-SOAP-0.76/t/11fault11.t
XML-Compile-SOAP-0.76/t/10soap11.t
XML-Compile-SOAP-0.76/t/50wsdl11.t
XML-Compile-SOAP-0.76/lib/
XML-Compile-SOAP-0.76/lib/XML/
XML-Compile-SOAP-0.76/lib/XML/Compile/
XML-Compile-SOAP-0.76/lib/XML/Compile/SOAP/
XML-Compile-SOAP-0.76/lib/XML/Compile/SOAP/Tester.pod
XML-Compile-SOAP-0.76/lib/XML/Compile/SOAP/Util.pm
XML-Compile-SOAP-0.76/lib/XML/Compile/SOAP/Client.pm
XML-Compile-SOAP-0.76/lib/XML/Compile/SOAP/Server.pod
XML-Compile-SOAP-0.76/lib/XML/Compile/SOAP/Client.pod
XML-Compile-SOAP-0.76/lib/XML/Compile/SOAP/Tester.pm
XML-Compile-SOAP-0.76/lib/XML/Compile/SOAP/Trace.pod
XML-Compile-SOAP-0.76/lib/XML/Compile/SOAP/Util.pod
XML-Compile-SOAP-0.76/lib/XML/Compile/SOAP/Trace.pm
XML-Compile-SOAP-0.76/lib/XML/Compile/SOAP/Encoding.pod
XML-Compile-SOAP-0.76/lib/XML/Compile/SOAP/Server.pm
XML-Compile-SOAP-0.76/lib/XML/Compile/SOAP/Encoding.pm
XML-Compile-SOAP-0.76/lib/XML/Compile/SOAP11/
XML-Compile-SOAP-0.76/lib/XML/Compile/SOAP11/xsd/
XML-Compile-SOAP-0.76/lib/XML/Compile/SOAP11/xsd/soap-envelope.xsd
XML-Compile-SOAP-0.76/lib/XML/Compile/SOAP11/xsd/soap-encoding.xsd
XML-Compile-SOAP-0.76/lib/XML/Compile/SOAP11/Client.pm
XML-Compile-SOAP-0.76/lib/XML/Compile/SOAP11/Server.pod
XML-Compile-SOAP-0.76/lib/XML/Compile/SOAP11/Client.pod
XML-Compile-SOAP-0.76/lib/XML/Compile/SOAP11/Server.pm
XML-Compile-SOAP-0.76/lib/XML/Compile/SOAP12/
XML-Compile-SOAP-0.76/lib/XML/Compile/SOAP12/xsd/
XML-Compile-SOAP-0.76/lib/XML/Compile/SOAP12/xsd/2003-soap-encoding.xsd
XML-Compile-SOAP-0.76/lib/XML/Compile/SOAP12/xsd/2003-soap-rpc.xsd
XML-Compile-SOAP-0.76/lib/XML/Compile/SOAP12/xsd/2003-soap-envelope.xsd
XML-Compile-SOAP-0.76/lib/XML/Compile/SOAP12/Client.pm
XML-Compile-SOAP-0.76/lib/XML/Compile/SOAP12/Server.pod
XML-Compile-SOAP-0.76/lib/XML/Compile/SOAP12/Client.pod
XML-Compile-SOAP-0.76/lib/XML/Compile/SOAP12/Server.pm
XML-Compile-SOAP-0.76/lib/XML/Compile/SOAP.pm
XML-Compile-SOAP-0.76/lib/XML/Compile/WSDL11/
XML-Compile-SOAP-0.76/lib/XML/Compile/WSDL11/xsd/
XML-Compile-SOAP-0.76/lib/XML/Compile/WSDL11/xsd/wsdl-soap.xsd
XML-Compile-SOAP-0.76/lib/XML/Compile/WSDL11/xsd/wsdl-http.xsd
XML-Compile-SOAP-0.76/lib/XML/Compile/WSDL11/xsd/wsdl-mime.xsd
XML-Compile-SOAP-0.76/lib/XML/Compile/WSDL11/xsd/wsdl-soap12.xsd
XML-Compile-SOAP-0.76/lib/XML/Compile/WSDL11/xsd/wsdl.xsd
XML-Compile-SOAP-0.76/lib/XML/Compile/WSDL11/Operation.pod
XML-Compile-SOAP-0.76/lib/XML/Compile/WSDL11/Operation.pm
XML-Compile-SOAP-0.76/lib/XML/Compile/Transport.pod
XML-Compile-SOAP-0.76/lib/XML/Compile/WSDL11.pod
XML-Compile-SOAP-0.76/lib/XML/Compile/SOAP.pod
XML-Compile-SOAP-0.76/lib/XML/Compile/Transport/
XML-Compile-SOAP-0.76/lib/XML/Compile/Transport/SOAPHTTP.pod
XML-Compile-SOAP-0.76/lib/XML/Compile/Transport/SOAPHTTP.pm
XML-Compile-SOAP-0.76/lib/XML/Compile/SOAP11.pm
XML-Compile-SOAP-0.76/lib/XML/Compile/SOAP12.pm
XML-Compile-SOAP-0.76/lib/XML/Compile/Transport.pm
XML-Compile-SOAP-0.76/lib/XML/Compile/SOAP11.pod
XML-Compile-SOAP-0.76/lib/XML/Compile/SOAP12.pod
XML-Compile-SOAP-0.76/lib/XML/Compile/WSDL11.pm
XML-Compile-SOAP-0.76/TODO
XML-Compile-SOAP-0.76/README
XML-Compile-SOAP-0.76/Makefile.PL
XML-Compile-SOAP-0.76/META.yml
XML-Compile-SOAP-0.76/examples/
XML-Compile-SOAP-0.76/examples/namesservice/
XML-Compile-SOAP-0.76/examples/namesservice/rpc-literal.pl
XML-Compile-SOAP-0.76/examples/namesservice/rpc-literal2.pl
XML-Compile-SOAP-0.76/examples/namesservice/rpc-encoded.pl
XML-Compile-SOAP-0.76/examples/namesservice/README
XML-Compile-SOAP-0.76/examples/namesservice/has_schema.pl
XML-Compile-SOAP-0.76/examples/namesservice/namesservice.wsdl
XML-Compile-SOAP-0.76/examples/namesservice/namesservice.xsd
XML-Compile-SOAP-0.76/examples/namesservice/rpc-encoded2.pl
XML-Compile-SOAP-0.76/examples/namesservice/has_wsdl.pl
XML-Compile-SOAP-0.76/examples/namesservice/has_wsdl2.pl
XML-Compile-SOAP-0.76/examples/namesservice/has_schema2.pl
XML-Compile-SOAP-0.76/examples/wssecurity/
XML-Compile-SOAP-0.76/examples/wssecurity/README
XML-Compile-SOAP-0.76/examples/wssecurity/security.pm
XML-Compile-SOAP-0.76/ChangeLog
XML-Compile-SOAP-0.76/MANIFEST
CPAN: YAML::Syck loaded ok (v1.05)

  CPAN.pm: Going to build M/MA/MARKOV/XML-Compile-SOAP-0.76.tar.gz

WARNING: LICENSE is not a known parameter.
Checking if your kit is complete...
Looks good
'LICENSE' is not a known MakeMaker parameter name.
Writing Makefile for XML::Compile::SOAP
cp lib/XML/Compile/SOAP11/xsd/soap-encoding.xsd blib/lib/XML/Compile/SOAP11/xsd/soap-encoding.xsd
cp lib/XML/Compile/SOAP12/Server.pod blib/lib/XML/Compile/SOAP12/Server.pod
cp lib/XML/Compile/WSDL11/xsd/wsdl.xsd blib/lib/XML/Compile/WSDL11/xsd/wsdl.xsd
cp lib/XML/Compile/SOAP/Trace.pod blib/lib/XML/Compile/SOAP/Trace.pod
cp lib/XML/Compile/SOAP/Util.pm blib/lib/XML/Compile/SOAP/Util.pm
cp lib/XML/Compile/SOAP11/Server.pm blib/lib/XML/Compile/SOAP11/Server.pm
cp lib/XML/Compile/SOAP12/Client.pod blib/lib/XML/Compile/SOAP12/Client.pod
cp lib/XML/Compile/SOAP/Trace.pm blib/lib/XML/Compile/SOAP/Trace.pm
cp lib/XML/Compile/SOAP11/Client.pm blib/lib/XML/Compile/SOAP11/Client.pm
cp lib/XML/Compile/SOAP/Encoding.pod blib/lib/XML/Compile/SOAP/Encoding.pod
cp lib/XML/Compile/SOAP/Util.pod blib/lib/XML/Compile/SOAP/Util.pod
cp lib/XML/Compile/SOAP11.pod blib/lib/XML/Compile/SOAP11.pod
cp lib/XML/Compile/SOAP12/xsd/2003-soap-encoding.xsd blib/lib/XML/Compile/SOAP12/xsd/2003-soap-encoding.xsd
cp lib/XML/Compile/WSDL11/xsd/wsdl-soap.xsd blib/lib/XML/Compile/WSDL11/xsd/wsdl-soap.xsd
cp lib/XML/Compile/SOAP12/xsd/2003-soap-rpc.xsd blib/lib/XML/Compile/SOAP12/xsd/2003-soap-rpc.xsd
cp lib/XML/Compile/SOAP/Server.pm blib/lib/XML/Compile/SOAP/Server.pm
cp lib/XML/Compile/SOAP12/Client.pm blib/lib/XML/Compile/SOAP12/Client.pm
cp lib/XML/Compile/SOAP12/Server.pm blib/lib/XML/Compile/SOAP12/Server.pm
cp lib/XML/Compile/SOAP.pm blib/lib/XML/Compile/SOAP.pm
cp lib/XML/Compile/SOAP/Encoding.pm blib/lib/XML/Compile/SOAP/Encoding.pm
cp lib/XML/Compile/SOAP11/Client.pod blib/lib/XML/Compile/SOAP11/Client.pod
cp lib/XML/Compile/WSDL11/xsd/wsdl-http.xsd blib/lib/XML/Compile/WSDL11/xsd/wsdl-http.xsd
cp lib/XML/Compile/WSDL11/xsd/wsdl-mime.xsd blib/lib/XML/Compile/WSDL11/xsd/wsdl-mime.xsd
cp lib/XML/Compile/SOAP12.pod blib/lib/XML/Compile/SOAP12.pod
cp lib/XML/Compile/SOAP12/xsd/2003-soap-envelope.xsd blib/lib/XML/Compile/SOAP12/xsd/2003-soap-envelope.xsd
cp lib/XML/Compile/SOAP.pod blib/lib/XML/Compile/SOAP.pod
cp lib/XML/Compile/Transport/SOAPHTTP.pod blib/lib/XML/Compile/Transport/SOAPHTTP.pod
cp lib/XML/Compile/SOAP11/Server.pod blib/lib/XML/Compile/SOAP11/Server.pod
cp lib/XML/Compile/WSDL11/Operation.pm blib/lib/XML/Compile/WSDL11/Operation.pm
cp lib/XML/Compile/SOAP12.pm blib/lib/XML/Compile/SOAP12.pm
cp lib/XML/Compile/SOAP/Server.pod blib/lib/XML/Compile/SOAP/Server.pod
cp lib/XML/Compile/WSDL11.pod blib/lib/XML/Compile/WSDL11.pod
cp lib/XML/Compile/SOAP11/xsd/soap-envelope.xsd blib/lib/XML/Compile/SOAP11/xsd/soap-envelope.xsd
cp lib/XML/Compile/WSDL11.pm blib/lib/XML/Compile/WSDL11.pm
cp lib/XML/Compile/SOAP/Client.pm blib/lib/XML/Compile/SOAP/Client.pm
cp lib/XML/Compile/Transport.pod blib/lib/XML/Compile/Transport.pod
cp lib/XML/Compile/SOAP/Tester.pm blib/lib/XML/Compile/SOAP/Tester.pm
cp lib/XML/Compile/SOAP/Client.pod blib/lib/XML/Compile/SOAP/Client.pod
cp lib/XML/Compile/Transport/SOAPHTTP.pm blib/lib/XML/Compile/Transport/SOAPHTTP.pm
cp lib/XML/Compile/SOAP11.pm blib/lib/XML/Compile/SOAP11.pm
cp lib/XML/Compile/Transport.pm blib/lib/XML/Compile/Transport.pm
cp lib/XML/Compile/WSDL11/xsd/wsdl-soap12.xsd blib/lib/XML/Compile/WSDL11/xsd/wsdl-soap12.xsd
cp lib/XML/Compile/SOAP/Tester.pod blib/lib/XML/Compile/SOAP/Tester.pod
cp lib/XML/Compile/WSDL11/Operation.pod blib/lib/XML/Compile/WSDL11/Operation.pod
Manifying blib/man3/XML::Compile::SOAP12::Server.3
Manifying blib/man3/XML::Compile::Transport::SOAPHTTP.3
Manifying blib/man3/XML::Compile::SOAP11::Server.3
Manifying blib/man3/XML::Compile::Transport.3
Manifying blib/man3/XML::Compile::SOAP::Client.3
Manifying blib/man3/XML::Compile::SOAP::Trace.3
Manifying blib/man3/XML::Compile::SOAP::Server.3
Manifying blib/man3/XML::Compile::SOAP12::Client.3
Manifying blib/man3/XML::Compile::SOAP::Encoding.3
Manifying blib/man3/XML::Compile::SOAP11::Client.3
Manifying blib/man3/XML::Compile::SOAP::Util.3
Manifying blib/man3/XML::Compile::SOAP11.3
Manifying blib/man3/XML::Compile::SOAP::Tester.3
Manifying blib/man3/XML::Compile::WSDL11::Operation.3
Manifying blib/man3/XML::Compile::WSDL11.3
Manifying blib/man3/XML::Compile::SOAP12.3
Manifying blib/man3/XML::Compile::SOAP.3
  MARKOV/XML-Compile-SOAP-0.76.tar.gz
  /usr/bin/make -- OK
Running make test
PERL_DL_NONLAZY=1 /mathworks/devel/sandbox/jloverso/ws/3rdparty/release/glnxa64/perl-5.8.8-tmw-026/bin/perl "-MExtUtils::Command::MM" "-e" "test_harness(0, 'blib/lib', 'blib/arch')" t/*.t
t/01use............Test::More version 0.8
Test::Deep version 0.103
XML::Compile version 0.93
XML::Compile::Tester version 0.02
XML::LibXML version 1.66
Math::BigInt version 1.77
libxml2 2.6.27
t/01use............ok 1/16
t/10soap11.........ok 9/10
t/11fault11........ok 1/37
t/12must11.........ok 1/19
t/13enc11..........ok 1/65
t/14dec11..........ok 1/98
t/15rpclit11.......ok 9/12
t/16rpcenc11.......ok 1/8
t/30charset........skipped
	all skipped: test needs fixing
t/50wsdl11.........ok 1/42error: no definitions for `service' found
# Looks like you planned 42 tests but only ran 3.
# Looks like your test died just after 3.
t/50wsdl11.........dubious
	Test returned status 255 (wstat 65280, 0xff00)
DIED. FAILED tests 4-42
	Failed 39/42 tests, 7.14% okay
t/51wsdl11enc......ok 1/13error: no definitions for `service' found
# Looks like you planned 13 tests but only ran 3.
# Looks like your test died just after 3.
t/51wsdl11enc......dubious
	Test returned status 255 (wstat 65280, 0xff00)
DIED. FAILED tests 4-13
	Failed 10/13 tests, 23.08% okay
t/52wsdl11one......NOK14/12
#   Failed test 'existing operation'
#   at t/52wsdl11one.t line 82.
t/52wsdl11one......NOK 5/12
#   Failed test 'no errors'
#   at t/52wsdl11one.t line 83.
#	   got: 'error: no definitions for `service' found
# '
#     expected: ''
t/52wsdl11one......NOK 6/12
#   Failed test 'The object isa XML::Compile::WSDL11::Operation'
#   at t/52wsdl11one.t line 84.
#     The object isn't defined
Can't call method "kind" on an undefined value at t/52wsdl11one.t line 85.
# Looks like you planned 12 tests but only ran 6.
# Looks like you failed 3 tests of 6 run.
# Looks like your test died just after 6.
t/52wsdl11one......dubious
	Test returned status 255 (wstat 65280, 0xff00)
DIED. FAILED tests 4-12
	Failed 9/12 tests, 25.00% okay
t/53wsdl11fault....NOK14/12
#   Failed test 'existing operation'
#   at t/53wsdl11fault.t line 101.
t/53wsdl11fault....NOK 5/12
#   Failed test 'no errors'
#   at t/53wsdl11fault.t line 102.
#	   got: 'error: no definitions for `service' found
# '
#     expected: ''
t/53wsdl11fault....NOK 6/12
#   Failed test 'The object isa XML::Compile::WSDL11::Operation'
#   at t/53wsdl11fault.t line 103.
#     The object isn't defined
Can't call method "kind" on an undefined value at t/53wsdl11fault.t line 104.
# Looks like you planned 12 tests but only ran 6.
# Looks like you failed 3 tests of 6 run.
# Looks like your test died just after 6.
t/53wsdl11fault....dubious
	Test returned status 255 (wstat 65280, 0xff00)
DIED. FAILED tests 4-12
	Failed 9/12 tests, 25.00% okay
t/pod..............ok 1/34
Failed Test	  Stat Wstat Total Fail  List of Failed
-------------------------------------------------------------------------------
t/50wsdl11.t	   255 65280	42   78  4-42
t/51wsdl11enc.t    255 65280	13   20  4-13
t/52wsdl11one.t    255 65280	12   15  4-12
t/53wsdl11fault.t  255 65280	12   15  4-12
1 test skipped.
Failed 4/14 test scripts. 67/378 subtests failed.
Files=14, Tests=378,  6 wallclock secs ( 3.75 cusr +  0.74 csys =  4.49 CPU)
Failed 4/14 test programs. 67/378 subtests failed.
make: *** [test_dynamic] Error 255
  MARKOV/XML-Compile-SOAP-0.76.tar.gz
  /usr/bin/make test -- NOT OK
//hint// to see the cpan-testers results for installing this module, try:
  reports MARKOV/XML-Compile-SOAP-0.76.tar.gz
Running make install
  make test had returned bad status, won't install without force
Failed during this command:
 MARKOV/XML-Compile-SOAP-0.76.tar.gz	      : make_test NO


cpan> install M/MA/MARKOV/XML-Compile-0.92.tar.gz
Running make for M/MA/MARKOV/XML-Compile-0.92.tar.gz
Checksum for /mathworks/devel/sandbox/jloverso/cpan-mirror/authors/id/M/MA/MARKOV/XML-Compile-0.92.tar.gz ok
XML-Compile-0.92/
XML-Compile-0.92/t/
XML-Compile-0.92/t/47ctsres.t
XML-Compile-0.92/t/50union.t
XML-Compile-0.92/t/48subst.t
XML-Compile-0.92/t/61hooks_w.t
XML-Compile-0.92/t/pod.t
XML-Compile-0.92/t/63mixed.t
XML-Compile-0.92/t/72typemap.t
XML-Compile-0.92/t/49list.t
XML-Compile-0.92/t/43group.t
XML-Compile-0.92/t/33ref.t
XML-Compile-0.92/t/40seq.t
XML-Compile-0.92/t/42all.t
XML-Compile-0.92/t/31elem.t
XML-Compile-0.92/t/73rewrite.t
XML-Compile-0.92/t/46ctsext.t
XML-Compile-0.92/t/56pats.t
XML-Compile-0.92/t/58default.t
XML-Compile-0.92/t/32attr.t
XML-Compile-0.92/t/51any.t
XML-Compile-0.92/t/54nil.t
XML-Compile-0.92/t/62recurse.t
XML-Compile-0.92/t/30compile.t
XML-Compile-0.92/t/TestTools.pm
XML-Compile-0.92/t/59big.t
XML-Compile-0.92/t/55facet.t
XML-Compile-0.92/t/44stres.t
XML-Compile-0.92/t/45ctcext.t
XML-Compile-0.92/t/45ctcres.t
XML-Compile-0.92/t/39ns.t
XML-Compile-0.92/t/41choice.t
XML-Compile-0.92/t/01use.t
XML-Compile-0.92/t/20spec.t
XML-Compile-0.92/t/34abstract.t
XML-Compile-0.92/t/60hooks_r.t
XML-Compile-0.92/t/22call.t
XML-Compile-0.92/t/71nons.t
XML-Compile-0.92/t/70templ.t
XML-Compile-0.92/t/21types.t
XML-Compile-0.92/t/81-2000.t
XML-Compile-0.92/t/74qname.t
XML-Compile-0.92/t/57fixed.t
XML-Compile-0.92/bin/
XML-Compile-0.92/bin/xml2yaml
XML-Compile-0.92/bin/schema2example
XML-Compile-0.92/lib/
XML-Compile-0.92/lib/XML/
XML-Compile-0.92/lib/XML/Compile.pm
XML-Compile-0.92/lib/XML/Compile/
XML-Compile-0.92/lib/XML/Compile/xsd/
XML-Compile-0.92/lib/XML/Compile/xsd/1998-namespace.xsd
XML-Compile-0.92/lib/XML/Compile/xsd/2000-XMLSchema.xsd
XML-Compile-0.92/lib/XML/Compile/xsd/2001-XMLSchema.dtd
XML-Compile-0.92/lib/XML/Compile/xsd/2001-XMLSchema.xsd
XML-Compile-0.92/lib/XML/Compile/xsd/1999-XMLSchema-part2.xsd
XML-Compile-0.92/lib/XML/Compile/xsd/2001-XMLSchema-instance.xsd
XML-Compile-0.92/lib/XML/Compile/xsd/2001-datatypes.dtd
XML-Compile-0.92/lib/XML/Compile/xsd/1999-XMLSchema.xsd
XML-Compile-0.92/lib/XML/Compile/Util.pm
XML-Compile-0.92/lib/XML/Compile/Translate.pm
XML-Compile-0.92/lib/XML/Compile/Schema/
XML-Compile-0.92/lib/XML/Compile/Schema/NameSpaces.pod
XML-Compile-0.92/lib/XML/Compile/Schema/Instance.pod
XML-Compile-0.92/lib/XML/Compile/Schema/BuiltInFacets.pm
XML-Compile-0.92/lib/XML/Compile/Schema/Specs.pod
XML-Compile-0.92/lib/XML/Compile/Schema/BuiltInFacets.pod
XML-Compile-0.92/lib/XML/Compile/Schema/BuiltInTypes.pm
XML-Compile-0.92/lib/XML/Compile/Schema/BuiltInTypes.pod
XML-Compile-0.92/lib/XML/Compile/Schema/NameSpaces.pm
XML-Compile-0.92/lib/XML/Compile/Schema/Instance.pm
XML-Compile-0.92/lib/XML/Compile/Schema/Specs.pm
XML-Compile-0.92/lib/XML/Compile/Iterator.pm
XML-Compile-0.92/lib/XML/Compile/Util.pod
XML-Compile-0.92/lib/XML/Compile/Translate/
XML-Compile-0.92/lib/XML/Compile/Translate/Template.pm
XML-Compile-0.92/lib/XML/Compile/Translate/Writer.pod
XML-Compile-0.92/lib/XML/Compile/Translate/Template.pod
XML-Compile-0.92/lib/XML/Compile/Translate/Reader.pod
XML-Compile-0.92/lib/XML/Compile/Translate/Reader.pm
XML-Compile-0.92/lib/XML/Compile/Translate/Writer.pm
XML-Compile-0.92/lib/XML/Compile/Iterator.pod
XML-Compile-0.92/lib/XML/Compile/Schema.pod
XML-Compile-0.92/lib/XML/Compile/Translate.pod
XML-Compile-0.92/lib/XML/Compile/Schema.pm
XML-Compile-0.92/lib/XML/Compile.pod
XML-Compile-0.92/html/
XML-Compile-0.92/html/other/
XML-Compile-0.92/html/other/details/
XML-Compile-0.92/html/other/details/index.html
XML-Compile-0.92/html/other/xml.css
XML-Compile-0.92/html/other/manuals/
XML-Compile-0.92/html/other/manuals/head.html
XML-Compile-0.92/html/other/manuals/index.html
XML-Compile-0.92/html/other/manuals/list.html
XML-Compile-0.92/html/other/index.html
XML-Compile-0.92/html/other/methods/
XML-Compile-0.92/html/other/methods/index.html
XML-Compile-0.92/html/other/jump.cgi
XML-Compile-0.92/html/other/diagnostics/
XML-Compile-0.92/html/other/diagnostics/index.html
XML-Compile-0.92/html/manual/
XML-Compile-0.92/html/manual/head.html
XML-Compile-0.92/html/manual/index.html
XML-Compile-0.92/html/manual/grouped.html
XML-Compile-0.92/html/manual/relations.html
XML-Compile-0.92/html/manual/sorted.html
XML-Compile-0.92/html/manual/doclist.html
XML-Compile-0.92/html/manual/methods.html
XML-Compile-0.92/html/manual/main.html
XML-Compile-0.92/README
XML-Compile-0.92/Makefile.PL
XML-Compile-0.92/META.yml
XML-Compile-0.92/README.todo
XML-Compile-0.92/ChangeLog
XML-Compile-0.92/MANIFEST

  CPAN.pm: Going to build M/MA/MARKOV/XML-Compile-0.92.tar.gz

WARNING: LICENSE is not a known parameter.
Checking if your kit is complete...
Looks good
'LICENSE' is not a known MakeMaker parameter name.
Writing Makefile for XML::Compile
cp lib/XML/Compile.pm blib/lib/XML/Compile.pm
cp lib/XML/Compile/Schema/NameSpaces.pod blib/lib/XML/Compile/Schema/NameSpaces.pod
cp lib/XML/Compile/Schema/Specs.pod blib/lib/XML/Compile/Schema/Specs.pod
cp lib/XML/Compile.pod blib/lib/XML/Compile.pod
cp lib/XML/Compile/Schema/Instance.pod blib/lib/XML/Compile/Schema/Instance.pod
cp lib/XML/Compile/Schema.pod blib/lib/XML/Compile/Schema.pod
cp lib/XML/Compile/Schema.pm blib/lib/XML/Compile/Schema.pm
cp lib/XML/Compile/Iterator.pod blib/lib/XML/Compile/Iterator.pod
cp lib/XML/Compile/Translate.pod blib/lib/XML/Compile/Translate.pod
cp lib/XML/Compile/xsd/2001-XMLSchema.xsd blib/lib/XML/Compile/xsd/2001-XMLSchema.xsd
cp lib/XML/Compile/xsd/1999-XMLSchema.xsd blib/lib/XML/Compile/xsd/1999-XMLSchema.xsd
cp lib/XML/Compile/Iterator.pm blib/lib/XML/Compile/Iterator.pm
cp lib/XML/Compile/Schema/BuiltInFacets.pod blib/lib/XML/Compile/Schema/BuiltInFacets.pod
cp lib/XML/Compile/Schema/BuiltInFacets.pm blib/lib/XML/Compile/Schema/BuiltInFacets.pm
cp lib/XML/Compile/xsd/2001-XMLSchema.dtd blib/lib/XML/Compile/xsd/2001-XMLSchema.dtd
cp lib/XML/Compile/Schema/NameSpaces.pm blib/lib/XML/Compile/Schema/NameSpaces.pm
cp lib/XML/Compile/Translate/Reader.pm blib/lib/XML/Compile/Translate/Reader.pm
cp lib/XML/Compile/Util.pm blib/lib/XML/Compile/Util.pm
cp lib/XML/Compile/Schema/BuiltInTypes.pod blib/lib/XML/Compile/Schema/BuiltInTypes.pod
cp lib/XML/Compile/xsd/2001-XMLSchema-instance.xsd blib/lib/XML/Compile/xsd/2001-XMLSchema-instance.xsd
cp lib/XML/Compile/xsd/1999-XMLSchema-part2.xsd blib/lib/XML/Compile/xsd/1999-XMLSchema-part2.xsd
cp lib/XML/Compile/Translate/Template.pm blib/lib/XML/Compile/Translate/Template.pm
cp lib/XML/Compile/Translate/Reader.pod blib/lib/XML/Compile/Translate/Reader.pod
cp lib/XML/Compile/Schema/Instance.pm blib/lib/XML/Compile/Schema/Instance.pm
cp lib/XML/Compile/Schema/Specs.pm blib/lib/XML/Compile/Schema/Specs.pm
cp lib/XML/Compile/Util.pod blib/lib/XML/Compile/Util.pod
cp lib/XML/Compile/Translate.pm blib/lib/XML/Compile/Translate.pm
cp lib/XML/Compile/Translate/Template.pod blib/lib/XML/Compile/Translate/Template.pod
cp lib/XML/Compile/Schema/BuiltInTypes.pm blib/lib/XML/Compile/Schema/BuiltInTypes.pm
cp lib/XML/Compile/xsd/2001-datatypes.dtd blib/lib/XML/Compile/xsd/2001-datatypes.dtd
cp lib/XML/Compile/xsd/1998-namespace.xsd blib/lib/XML/Compile/xsd/1998-namespace.xsd
cp lib/XML/Compile/Translate/Writer.pm blib/lib/XML/Compile/Translate/Writer.pm
cp lib/XML/Compile/xsd/2000-XMLSchema.xsd blib/lib/XML/Compile/xsd/2000-XMLSchema.xsd
cp lib/XML/Compile/Translate/Writer.pod blib/lib/XML/Compile/Translate/Writer.pod
cp bin/schema2example blib/script/schema2example
/mathworks/devel/sandbox/jloverso/ws/3rdparty/release/glnxa64/perl-5.8.8-tmw-026/bin/perl "-MExtUtils::MY" -e "MY->fixin(shift)" blib/script/schema2example
cp bin/xml2yaml blib/script/xml2yaml
/mathworks/devel/sandbox/jloverso/ws/3rdparty/release/glnxa64/perl-5.8.8-tmw-026/bin/perl "-MExtUtils::MY" -e "MY->fixin(shift)" blib/script/xml2yaml
Manifying blib/man1/schema2example.1
Manifying blib/man1/xml2yaml.1
Manifying blib/man3/XML::Compile::Util.3
Manifying blib/man3/XML::Compile::Translate::Template.3
Manifying blib/man3/XML::Compile::Schema::NameSpaces.3
Manifying blib/man3/XML::Compile::Schema::Specs.3
Manifying blib/man3/XML::Compile::Translate.3
Manifying blib/man3/XML::Compile.3
Manifying blib/man3/XML::Compile::Schema::BuiltInTypes.3
Manifying blib/man3/XML::Compile::Schema.3
Manifying blib/man3/XML::Compile::Translate::Writer.3
Manifying blib/man3/XML::Compile::Schema::Instance.3
Manifying blib/man3/XML::Compile::Schema::BuiltInFacets.3
Manifying blib/man3/XML::Compile::Translate::Reader.3
Manifying blib/man3/XML::Compile::Iterator.3
  MARKOV/XML-Compile-0.92.tar.gz
  /usr/bin/make -- OK
Running make test
PERL_DL_NONLAZY=1 /mathworks/devel/sandbox/jloverso/ws/3rdparty/release/glnxa64/perl-5.8.8-tmw-026/bin/perl "-MExtUtils::Command::MM" "-e" "test_harness(0, 'blib/lib', 'blib/arch')" t/*.t
t/01use.........Test::More version 0.8
Test::Deep version 0.103
XML::LibXML version 1.66
Math::BigInt version 1.77
XML::Compile version 0.92
XML::Compile::SOAP not installed
XML::Compile::Tester version 0.02
XML::Compile::Dumper version 0.10
XML::Compile::Cache version 0.13
libxml2 2.6.27
t/01use.........ok 1/13
t/20spec........ok 1/22
t/21types.......ok 1/78
t/22call........ok 1/11
t/30compile.....ok 1/14
t/31elem........ok 1/57
t/32attr........ok 1/86
t/33ref.........ok 1/22
t/34abstract....ok 1/11
t/39ns..........ok 1/46
t/40seq.........ok 1/167
t/41choice......ok 2/195
t/42all.........ok 1/172
t/43group.......ok 1/15
t/44stres.......ok 1/70
t/45ctcext......ok 1/43
t/45ctcres......ok 1/8
t/46ctsext......ok 1/29
t/47ctsres......ok 1/22
t/48subst.......ok 1/51
t/49list........ok 1/57
t/50union.......ok 1/54
t/51any.........ok 1/76
t/54nil.........ok 1/42
t/55facet.......ok 1/231
t/56pats........ok 1/17
t/57fixed.......ok 1/45
t/58default.....ok 1/81
t/59big.........ok 1/66
t/60hooks_r.....ok 1/44
t/61hooks_w.....ok 1/30
t/62recurse.....ok 1/57
t/63mixed.......ok 1/39
t/70templ.......ok 2/5
t/71nons........ok 1/24
t/72typemap.....ok 1/57
t/73rewrite.....ok 2/39
t/74qname.......ok 1/29
t/81-2000.......ok 1/8
t/pod...........ok 15/28
All tests successful.
Files=40, Tests=2161, 15 wallclock secs ( 9.43 cusr +  2.10 csys = 11.53 CPU)
  MARKOV/XML-Compile-0.92.tar.gz
  /usr/bin/make test -- OK
Running make install
Prepending /mathworks/devel/sandbox/jloverso/perl-xml/.cpan/build/XML-Compile-0.92/blib/arch /mathworks/devel/sandbox/jloverso/perl-xml/.cpan/build/XML-Compile-0.92/blib/lib to PERL5LIB for 'install'
Installing /mathworks/devel/sandbox/jloverso/perl-xml/lib/XML/Compile.pm
Installing /mathworks/devel/sandbox/jloverso/perl-xml/lib/XML/Compile.pod
Installing /mathworks/devel/sandbox/jloverso/perl-xml/lib/XML/Compile/Schema.pod
Installing /mathworks/devel/sandbox/jloverso/perl-xml/lib/XML/Compile/Schema.pm
Installing /mathworks/devel/sandbox/jloverso/perl-xml/lib/XML/Compile/Iterator.pod
Installing /mathworks/devel/sandbox/jloverso/perl-xml/lib/XML/Compile/Translate.pod
Installing /mathworks/devel/sandbox/jloverso/perl-xml/lib/XML/Compile/Iterator.pm
Installing /mathworks/devel/sandbox/jloverso/perl-xml/lib/XML/Compile/Util.pm
Installing /mathworks/devel/sandbox/jloverso/perl-xml/lib/XML/Compile/Util.pod
Installing /mathworks/devel/sandbox/jloverso/perl-xml/lib/XML/Compile/Translate.pm
Installing /mathworks/devel/sandbox/jloverso/perl-xml/lib/XML/Compile/Schema/NameSpaces.pod
Installing /mathworks/devel/sandbox/jloverso/perl-xml/lib/XML/Compile/Schema/Specs.pod
Installing /mathworks/devel/sandbox/jloverso/perl-xml/lib/XML/Compile/Schema/Instance.pod
Installing /mathworks/devel/sandbox/jloverso/perl-xml/lib/XML/Compile/Schema/BuiltInFacets.pod
Installing /mathworks/devel/sandbox/jloverso/perl-xml/lib/XML/Compile/Schema/BuiltInFacets.pm
Installing /mathworks/devel/sandbox/jloverso/perl-xml/lib/XML/Compile/Schema/NameSpaces.pm
Installing /mathworks/devel/sandbox/jloverso/perl-xml/lib/XML/Compile/Schema/BuiltInTypes.pod
Installing /mathworks/devel/sandbox/jloverso/perl-xml/lib/XML/Compile/Schema/Instance.pm
Installing /mathworks/devel/sandbox/jloverso/perl-xml/lib/XML/Compile/Schema/Specs.pm
Installing /mathworks/devel/sandbox/jloverso/perl-xml/lib/XML/Compile/Schema/BuiltInTypes.pm
Installing /mathworks/devel/sandbox/jloverso/perl-xml/lib/XML/Compile/xsd/2001-XMLSchema.xsd
Installing /mathworks/devel/sandbox/jloverso/perl-xml/lib/XML/Compile/xsd/1999-XMLSchema.xsd
Installing /mathworks/devel/sandbox/jloverso/perl-xml/lib/XML/Compile/xsd/2001-XMLSchema.dtd
Installing /mathworks/devel/sandbox/jloverso/perl-xml/lib/XML/Compile/xsd/2001-XMLSchema-instance.xsd
Installing /mathworks/devel/sandbox/jloverso/perl-xml/lib/XML/Compile/xsd/1999-XMLSchema-part2.xsd
Installing /mathworks/devel/sandbox/jloverso/perl-xml/lib/XML/Compile/xsd/2001-datatypes.dtd
Installing /mathworks/devel/sandbox/jloverso/perl-xml/lib/XML/Compile/xsd/1998-namespace.xsd
Installing /mathworks/devel/sandbox/jloverso/perl-xml/lib/XML/Compile/xsd/2000-XMLSchema.xsd
Installing /mathworks/devel/sandbox/jloverso/perl-xml/lib/XML/Compile/Translate/Reader.pm
Installing /mathworks/devel/sandbox/jloverso/perl-xml/lib/XML/Compile/Translate/Template.pm
Installing /mathworks/devel/sandbox/jloverso/perl-xml/lib/XML/Compile/Translate/Reader.pod
Installing /mathworks/devel/sandbox/jloverso/perl-xml/lib/XML/Compile/Translate/Template.pod
Installing /mathworks/devel/sandbox/jloverso/perl-xml/lib/XML/Compile/Translate/Writer.pm
Installing /mathworks/devel/sandbox/jloverso/perl-xml/lib/XML/Compile/Translate/Writer.pod
Installing /mathworks/devel/sandbox/jloverso/perl-xml/man/man1/schema2example.1
Installing /mathworks/devel/sandbox/jloverso/perl-xml/man/man1/xml2yaml.1
Installing /mathworks/devel/sandbox/jloverso/perl-xml/man/man3/XML::Compile::Util.3
Installing /mathworks/devel/sandbox/jloverso/perl-xml/man/man3/XML::Compile::Translate::Template.3
Installing /mathworks/devel/sandbox/jloverso/perl-xml/man/man3/XML::Compile::Schema::NameSpaces.3
Installing /mathworks/devel/sandbox/jloverso/perl-xml/man/man3/XML::Compile::Schema::Specs.3
Installing /mathworks/devel/sandbox/jloverso/perl-xml/man/man3/XML::Compile::Translate.3
Installing /mathworks/devel/sandbox/jloverso/perl-xml/man/man3/XML::Compile.3
Installing /mathworks/devel/sandbox/jloverso/perl-xml/man/man3/XML::Compile::Schema::BuiltInTypes.3
Installing /mathworks/devel/sandbox/jloverso/perl-xml/man/man3/XML::Compile::Schema.3
Installing /mathworks/devel/sandbox/jloverso/perl-xml/man/man3/XML::Compile::Translate::Writer.3
Installing /mathworks/devel/sandbox/jloverso/perl-xml/man/man3/XML::Compile::Schema::Instance.3
Installing /mathworks/devel/sandbox/jloverso/perl-xml/man/man3/XML::Compile::Schema::BuiltInFacets.3
Installing /mathworks/devel/sandbox/jloverso/perl-xml/man/man3/XML::Compile::Translate::Reader.3
Installing /mathworks/devel/sandbox/jloverso/perl-xml/man/man3/XML::Compile::Iterator.3
Installing /mathworks/devel/sandbox/jloverso/perl-xml/bin/schema2example
Installing /mathworks/devel/sandbox/jloverso/perl-xml/bin/xml2yaml
Writing /mathworks/devel/sandbox/jloverso/perl-xml/lib/x86_64-linux-thread-multi/auto/XML/Compile/.packlist
Appending installation info to /mathworks/devel/sandbox/jloverso/perl-xml/lib/x86_64-linux-thread-multi/perllocal.pod
  MARKOV/XML-Compile-0.92.tar.gz
  /usr/bin/make install  -- OK




cpan> test XML::Compile::SOAP
Running test for module 'XML::Compile::SOAP'
Running make for M/MA/MARKOV/XML-Compile-SOAP-0.76.tar.gz
  Has already been unwrapped into directory /mathworks/devel/sandbox/jloverso/perl-xml/.cpan/build/XML-Compile-SOAP-0.76
  Has already been made
Running make test
PERL_DL_NONLAZY=1 /mathworks/devel/sandbox/jloverso/ws/3rdparty/release/glnxa64/perl-5.8.8-tmw-026/bin/perl "-MExtUtils::Command::MM" "-e" "test_harness(0, 'blib/lib', 'blib/arch')" t/*.t
t/01use............Test::More version 0.8
Test::Deep version 0.103
XML::Compile version 0.92
XML::Compile::Tester version 0.02
XML::LibXML version 1.66
Math::BigInt version 1.77
libxml2 2.6.27
t/01use............ok 14/16
t/10soap11.........ok 1/10
t/11fault11........ok 1/37
t/12must11.........ok 1/19
t/13enc11..........ok 1/65
t/14dec11..........ok 92/98
t/15rpclit11.......ok 1/12
t/16rpcenc11.......ok 1/8
t/30charset........skipped
	all skipped: test needs fixing
t/50wsdl11.........ok 1/42
t/51wsdl11enc......ok 1/13
t/52wsdl11one......ok 1/12
t/53wsdl11fault....ok 1/12
t/pod..............ok 1/34
All tests successful, 1 test skipped.
Files=14, Tests=378,  6 wallclock secs ( 3.86 cusr +  0.92 csys =  4.78 CPU)
  MARKOV/XML-Compile-SOAP-0.76.tar.gz
  /usr/bin/make test -- OK

cpan>
