cpanm (App::cpanminus) 1.6924 on perl 5.014002 built for MSWin32-x86-multi-thread
Work directory is C:\DOCUME~1\mgatto/.cpanm/work/1375520248.4464
You have make C:\Languages\Perl\c\bin\dmake.exe
You have LWP 6.03
Falling back to Archive::Tar 1.80
Searching Text::Hunspell on cpanmetadb ...
--> Working on Text::Hunspell
Fetching http://www.cpan.org/authors/id/C/CO/COSIMO/Text-Hunspell-2.08.tar.gz
-> OK
Unpacking Text-Hunspell-2.08.tar.gz
Entering Text-Hunspell-2.08
Checking configure dependencies from META.json
Checking if you have ExtUtils::MakeMaker 0 ... Yes (6.62)
Configuring Text-Hunspell-2.08
Running Makefile.PL
Found 'C:\Languages\Perl\c\i686-w64-mingw32\lib/libhunspell.dll'. Good.
Checking if your kit is complete...
Looks good
Writing Makefile for Text::Hunspell
Writing MYMETA.yml and MYMETA.json
-> OK
Checking dependencies from MYMETA.json ...
Checking if you have ExtUtils::MakeMaker 0 ... Yes (6.62)
Building Text-Hunspell-2.08
cp Hunspell.pm blib\lib\Text\Hunspell.pm
C:\Languages\Perl\perl\bin\perl.exe C:\Languages\Perl\perl\lib\ExtUtils\xsubpp  -C++ -typemap C:\Languages\Perl\perl\lib\ExtUtils\typemap -typemap perlobject.map -typemap typemap -typemap typemap  Hunspell.xs > Hunspell.xsc && C:\Languages\Perl\perl\bin\perl.exe -MExtUtils::Command -e mv -- Hunspell.xsc Hunspell.c
g++ -c   	-s -O2 -DWIN32 -DPERL_TEXTMODE_SCRIPTS -DUSE_SITECUSTOMIZE -DPERL_IMPLICIT_CONTEXT -DPERL_IMPLICIT_SYS -fno-strict-aliasing -mms-bitfields -s -O2 	  -DVERSION=\"2.08\" 	-DXS_VERSION=\"2.08\"  "-IC:\Languages\Perl\perl\lib\CORE"   Hunspell.c
Running Mkbootstrap for Text::Hunspell ()
C:\Languages\Perl\perl\bin\perl.exe -MExtUtils::Command -e chmod -- 644 Hunspell.bs
C:\Languages\Perl\perl\bin\perl.exe -MExtUtils::Mksymlists \
     -e "Mksymlists('NAME'=>\"Text::Hunspell\", 'DLBASE' => 'Hunspell', 'DL_FUNCS' => {  }, 'FUNCLIST' => [], 'IMPORTS' => {  }, 'DL_VARS' => []);"
dlltool --def Hunspell.def --output-exp dll.exp
g++ -o blib\arch\auto\Text\Hunspell\Hunspell.dll -Wl,--base-file -Wl,dll.base -mdll -s -L"C:\Languages\Perl\perl\lib\CORE" -L"C:\Languages\Perl\c\lib" Hunspell.o   C:\Languages\Perl\perl\lib\CORE\libperl514.a C:\Languages\Perl\c\lib\libhunspell.a C:\Languages\Perl\c\i686-w64-mingw32\lib\libmoldname.a C:\Languages\Perl\c\i686-w64-mingw32\lib\libkernel32.a C:\Languages\Perl\c\i686-w64-mingw32\lib\libuser32.a C:\Languages\Perl\c\i686-w64-mingw32\lib\libgdi32.a C:\Languages\Perl\c\i686-w64-mingw32\lib\libwinspool.a C:\Languages\Perl\c\i686-w64-mingw32\lib\libcomdlg32.a C:\Languages\Perl\c\i686-w64-mingw32\lib\libadvapi32.a C:\Languages\Perl\c\i686-w64-mingw32\lib\libshell32.a C:\Languages\Perl\c\i686-w64-mingw32\lib\libole32.a C:\Languages\Perl\c\i686-w64-mingw32\lib\liboleaut32.a C:\Languages\Perl\c\i686-w64-mingw32\lib\libnetapi32.a C:\Languages\Perl\c\i686-w64-mingw32\lib\libuuid.a C:\Languages\Perl\c\i686-w64-mingw32\lib\libws2_32.a C:\Languages\Perl\c\i686-w64-mingw32\lib\libmpr.a C:\Languages\Perl\c\i686-w64-mingw32\lib\libwinmm.a C:\Languages\Perl\c\i686-w64-mingw32\lib\libversion.a C:\Languages\Perl\c\i686-w64-mingw32\lib\libodbc32.a C:\Languages\Perl\c\i686-w64-mingw32\lib\libodbccp32.a C:\Languages\Perl\c\i686-w64-mingw32\lib\libcomctl32.a dll.exp
Hunspell.o:Hunspell.c:(.text+0x55e): undefined reference to `_imp___ZN8Hunspell8generateEPPPcPKcS1_i'
Hunspell.o:Hunspell.c:(.text+0x80a): undefined reference to `_imp___ZN8Hunspell8generateEPPPcPKcS4_'
Hunspell.o:Hunspell.c:(.text+0xa1a): undefined reference to `_imp___ZN8Hunspell4stemEPPPcPKc'
Hunspell.o:Hunspell.c:(.text+0xc2a): undefined reference to `_imp___ZN8Hunspell7analyzeEPPPcPKc'
Hunspell.o:Hunspell.c:(.text+0xe3a): undefined reference to `_imp___ZN8Hunspell7suggestEPPPcPKc'
Hunspell.o:Hunspell.c:(.text+0x1099): undefined reference to `_imp___ZN8Hunspell5spellEPKcPiPPc'
Hunspell.o:Hunspell.c:(.text+0x14dd): undefined reference to `_imp___ZN8Hunspell7add_dicEPKcS1_'
Hunspell.o:Hunspell.c:(.text+0x162f): undefined reference to `_imp___ZN8HunspellD1Ev'
Hunspell.o:Hunspell.c:(.text+0x182c): undefined reference to `_imp___ZN8HunspellC1EPKcS1_S1_'
collect2: ld returned 1 exit status
dmake.exe:  Error code 129, while making 'blib\arch\auto\Text\Hunspell\Hunspell.dll'
-> FAIL Installing Text::Hunspell failed. See C:\DOCUME~1\mgatto\.cpanm\work\1375520248.4464\build.log for details. Retry with --force to force install it.
