===============================================================================
Modules versions:
===============================================================================
ExtUtils::MakeMaker     7.04
Inline::MakeMaker       0.78
Inline::C       		0.68
Inline  				0.78

===============================================================================
perl -V output
===============================================================================
Summary of my perl5 (revision 5 version 20 subversion 1) configuration:

  Platform:
    osname=MSWin32, osvers=6.3, archname=MSWin32-x64-multi-thread
    uname='Win32 strawberry-perl 5.20.1.1 #1 Mon Sep 15 13:26:45 2014 x64'
    config_args='undef'
    hint=recommended, useposix=true, d_sigaction=undef
    useithreads=define, usemultiplicity=define
    use64bitint=define, use64bitall=undef, uselongdouble=undef
    usemymalloc=n, bincompat5005=undef
  Compiler:
    cc='gcc', ccflags =' -s -O2 -DWIN32 -DWIN64 -DCONSERVATIVE  -DPERL_TEXTMODE_SCRIPTS -DPERL_IMPLICIT_CONTEXT
 -DPERL_IMPLICIT_SYS -DUSE_PERLIO -fwrapv -fno-strict-aliasing -mms-bitfields',
    optimize='-s -O2',
    cppflags='-DWIN32'
    ccversion='', gccversion='4.8.3', gccosandvers=''
    intsize=4, longsize=4, ptrsize=8, doublesize=8, byteorder=12345678
    d_longlong=define, longlongsize=8, d_longdbl=define, longdblsize=12
    ivtype='long long', ivsize=8, nvtype='double', nvsize=8, Off_t='long long', lseeksize=8
    alignbytes=8, prototype=define
  Linker and Libraries:
    ld='g++.exe', ldflags ='-s -L"C:\SPerl\5.20.1.1\perl\lib\CORE" -L"C:\SPerl\5.20.1.1\c\lib"'
    libpth=C:\SPerl\5.20.1.1\c\lib C:\SPerl\5.20.1.1\c\x86_64-w64-mingw32\lib C:\SPerl\5.20.1.1\c\lib\gcc\x86_6
4-w64-mingw32\4.8.3
    libs=-lmoldname -lkernel32 -luser32 -lgdi32 -lwinspool -lcomdlg32 -ladvapi32 -lshell32 -lole32 -loleaut32 -
lnetapi32 -luuid -lws2_32 -lmpr -lwinmm -lversion -lodbc32 -lodbccp32 -lcomctl32
    perllibs=-lmoldname -lkernel32 -luser32 -lgdi32 -lwinspool -lcomdlg32 -ladvapi32 -lshell32 -lole32 -loleaut
32 -lnetapi32 -luuid -lws2_32 -lmpr -lwinmm -lversion -lodbc32 -lodbccp32 -lcomctl32
    libc=, so=dll, useshrplib=true, libperl=libperl520.a
    gnulibc_version=''
  Dynamic Linking:
    dlsrc=dl_win32.xs, dlext=xs.dll, d_dlsymun=undef, ccdlflags=' '
    cccdlflags=' ', lddlflags='-mdll -s -L"C:\SPerl\5.20.1.1\perl\lib\CORE" -L"C:\SPerl\5.20.1.1\c\lib"'


Characteristics of this binary (from libperl):
  Compile-time options: HAS_TIMES HAVE_INTERP_INTERN MULTIPLICITY
                        PERLIO_LAYERS PERL_DONT_CREATE_GVSV
                        PERL_HASH_FUNC_ONE_AT_A_TIME_HARD
                        PERL_IMPLICIT_CONTEXT PERL_IMPLICIT_SYS
                        PERL_MALLOC_WRAP PERL_NEW_COPY_ON_WRITE
                        PERL_PRESERVE_IVUV USE_64_BIT_INT USE_ITHREADS
                        USE_LARGE_FILES USE_LOCALE USE_LOCALE_COLLATE
                        USE_LOCALE_CTYPE USE_LOCALE_NUMERIC USE_PERLIO
                        USE_PERL_ATOF
  Built under MSWin32
  Compiled at Sep 15 2014 13:30:55
  @INC:
    c:/SPerl/5.20.1.1/perl/site/lib
    c:/SPerl/5.20.1.1/perl/vendor/lib
    c:/SPerl/5.20.1.1/perl/lib
    .

===============================================================================
gcc -v output
===============================================================================
Using built-in specs.
COLLECT_GCC=C:\SPerl\5.20.1.1\c\bin\gcc.exe
COLLECT_LTO_WRAPPER=C:/SPerl/5.20.1.1/c/bin/../libexec/gcc/x86_64-w64-mingw32/4.8.3/lto-wrapper.exe
Target: x86_64-w64-mingw32
Configured with: ../../../src/gcc-4.8.3/configure --host=x86_64-w64-mingw32 --build=x86_64-w64-mingw32 --target
=x86_64-w64-mingw32 --prefix=/mingw64 --with-gxx-include-dir=/mingw64/x86_64-w64-mingw32/include/c++ --enable-s
hared --enable-static --disable-multilib --enable-languages=c,c++,fortran,lto --enable-libstdcxx-time=yes --ena
ble-threads=posix --enable-libgomp --enable-lto --enable-graphite --enable-checking=release --enable-fully-dyna
mic-string --enable-version-specific-runtime-libs --enable-sjlj-exceptions --disable-isl-version-check --disabl
e-cloog-version-check --disable-libstdcxx-pch --disable-libstdcxx-debug --disable-bootstrap --disable-rpath --d
isable-win32-registry --disable-nls --disable-werror --disable-symvers --with-gnu-as --with-gnu-ld --with-arch=
nocona --with-tune=core2 --with-libiconv --with-system-zlib --with-gmp=/opt/build/prerequisites/x86_64-w64-ming
w32-static --with-mpfr=/opt/build/prerequisites/x86_64-w64-mingw32-static --with-mpc=/opt/build/prerequisites/x
86_64-w64-mingw32-static --with-isl=/opt/build/prerequisites/x86_64-w64-mingw32-static --with-cloog=/opt/build/
prerequisites/x86_64-w64-mingw32-static --enable-cloog-backend=isl --with-pkgversion='x86_64-posix-sjlj, built
by strawberryperl.com project' CFLAGS='-O2 -pipe -I/opt/build/x86_64-483-posix-sjlj-rt_v3/mingw64/opt/include -
I/opt/build/prerequisites/x86_64-zlib-static/include -I/opt/build/prerequisites/x86_64-w64-mingw32-static/inclu
de' CXXFLAGS='-O2 -pipe -I/opt/build/x86_64-483-posix-sjlj-rt_v3/mingw64/opt/include -I/opt/build/prerequisites
/x86_64-zlib-static/include -I/opt/build/prerequisites/x86_64-w64-mingw32-static/include' CPPFLAGS= LDFLAGS='-p
ipe -L/opt/build/x86_64-483-posix-sjlj-rt_v3/mingw64/opt/lib -L/opt/build/prerequisites/x86_64-zlib-static/lib
-L/opt/build/prerequisites/x86_64-w64-mingw32-static/lib'
Thread model: posix
gcc version 4.8.3 (x86_64-posix-sjlj, built by strawberryperl.com project)

