/usr/bin/perl.exe "-MExtUtils::Command::MM" "-e" "test_harness(1, 'blib/lib', 'blib/arch')" t/01_Archive-Extract.t
t/01_Archive-Extract....ok 1 - use Archive::Extract;
ok 2 - The object isa Archive::Extract
ok 3 - Archive type recognized properly
ok 4 - extract() for 'y.tar.gz' reports success
ok 5 - Found correct number of output files
ok 6 - Found correct output file 'y/z'
ok 7 - Output file '/Archive-Extract-0.11_02/t/out/y/z' exists
ok 8 - Extract dir found
ok 9 - Extract dir exists
ok 10 - Extract dir is expected '/Archive-Extract-0.11_02/t/out/y'
ok 11 - Output file successfully removed
ok 12 -    rmtree gave no error
ok 13 -    Extract dir succesfully removed
ok 14 - extract() for 'y.tar.gz' reports success
ok 15 - Found correct number of output files
ok 16 - Found correct output file 'y/z'
ok 17 - Output file '/Archive-Extract-0.11_02/t/out/y/z' exists
ok 18 - Extract dir found
ok 19 - Extract dir exists
ok 20 - Extract dir is expected '/Archive-Extract-0.11_02/t/out/y'
ok 21 - Output file successfully removed
ok 22 -    rmtree gave no error
ok 23 -    Extract dir succesfully removed
ok 24 - The object isa Archive::Extract
ok 25 - Archive type recognized properly
Use of uninitialized value in string eq at /usr/lib/perl5/5.8/cygwin/File/Spec/Cygwin.pm line 50.
Use of uninitialized value in string eq at /usr/lib/perl5/5.8/cygwin/File/Spec/Cygwin.pm line 50.
ok 26 - extract() for 'double_dir.zip' reports success
ok 27 - Found correct number of output files
ok 28 - Found correct output file 'x/w'
ok 29 - Output file '/Archive-Extract-0.11_02/t/out/x/w' exists
ok 30 - Extract dir found
ok 31 - Extract dir exists
ok 32 - Extract dir is expected '/Archive-Extract-0.11_02/t/out/x'
ok 33 - Output file successfully removed
ok 34 -    rmtree gave no error
ok 35 -    Extract dir succesfully removed
Use of uninitialized value in string eq at /usr/lib/perl5/5.8/cygwin/File/Spec/Cygwin.pm line 50.
Use of uninitialized value in string eq at /usr/lib/perl5/5.8/cygwin/File/Spec/Cygwin.pm line 50.
ok 36 - extract() for 'double_dir.zip' reports success
ok 37 - Found correct number of output files
ok 38 - Found correct output file 'x/w'
ok 39 - Output file '/Archive-Extract-0.11_02/t/out/x/w' exists
ok 40 - Extract dir found
ok 41 - Extract dir exists
ok 42 - Extract dir is expected '/Archive-Extract-0.11_02/t/out/x'
ok 43 - Output file successfully removed
ok 44 -    rmtree gave no error
ok 45 -    Extract dir succesfully removed
ok 46 - The object isa Archive::Extract
Use of uninitialized value in string eq at /usr/lib/perl5/5.8/cygwin/File/Spec/Cygwin.pm line 50.
ok 47 - Archive type recognized properly
Use of uninitialized value in string eq at /usr/lib/perl5/5.8/cygwin/File/Spec/Cygwin.pm line 50.
Use of uninitialized value in string eq at /usr/lib/perl5/5.8/cygwin/File/Spec/Cygwin.pm line 50.
Use of uninitialized value in string eq at /usr/lib/perl5/5.8/cygwin/File/Spec/Cygwin.pm line 50.
Use of uninitialized value in string eq at /usr/lib/perl5/5.8/cygwin/File/Spec/Cygwin.pm line 50.
Use of uninitialized value in string eq at /usr/lib/perl5/5.8/cygwin/File/Spec/Cygwin.pm line 50.
ok 48 - extract() for 'y.jar' reports success
ok 49 - Found correct number of output files
ok 50 - Found correct output file 'y/z'
ok 51 - Output file '/Archive-Extract-0.11_02/t/out/y/z' exists
ok 52 - Extract dir found
ok 53 - Extract dir exists
ok 54 - Extract dir is expected '/Archive-Extract-0.11_02/t/out/y'
ok 55 - Output file successfully removed
Use of uninitialized value in string eq at /usr/lib/perl5/5.8/cygwin/File/Spec/Cygwin.pm line 50.
Use of uninitialized value in string eq at /usr/lib/perl5/5.8/cygwin/File/Spec/Cygwin.pm line 50.
Use of uninitialized value in string eq at /usr/lib/perl5/5.8/cygwin/File/Spec/Cygwin.pm line 50.
Use of uninitialized value in string eq at /usr/lib/perl5/5.8/cygwin/File/Spec/Cygwin.pm line 50.
Use of uninitialized value in string eq at /usr/lib/perl5/5.8/cygwin/File/Spec/Cygwin.pm line 50.
Use of uninitialized value in string eq at /usr/lib/perl5/5.8/cygwin/File/Spec/Cygwin.pm line 50.
ok 56 -    rmtree gave no error
ok 57 -    Extract dir succesfully removed
ok 58 - extract() for 'y.jar' reports success
ok 59 - Found correct number of output files
ok 60 - Found correct output file 'y/z'
ok 61 - Output file '/Archive-Extract-0.11_02/t/out/y/z' exists
ok 62 - Extract dir found
ok 63 - Extract dir exists
ok 64 - Extract dir is expected '/Archive-Extract-0.11_02/t/out/y'
ok 65 - Output file successfully removed
Use of uninitialized value in split at /usr/lib/perl5/site_perl/5.8/Module/Load/Conditional.pm line 158.
Use of uninitialized value in substitution (s///) at /usr/lib/perl5/5.8/cygwin/File/Spec/Cygwin.pm line 42.
Use of uninitialized value in substitution (s///) at /usr/lib/perl5/5.8/cygwin/File/Spec/Unix.pm line 52.
Use of uninitialized value in substitution (s///) at /usr/lib/perl5/5.8/cygwin/File/Spec/Unix.pm line 60.
Use of uninitialized value in substitution (s///) at /usr/lib/perl5/5.8/cygwin/File/Spec/Unix.pm line 61.
Use of uninitialized value in string eq at /usr/lib/perl5/5.8/cygwin/File/Spec/Unix.pm line 62.
Use of uninitialized value in substitution (s///) at /usr/lib/perl5/5.8/cygwin/File/Spec/Unix.pm line 62.
Use of uninitialized value in substitution (s///) at /usr/lib/perl5/5.8/cygwin/File/Spec/Unix.pm line 63.
Use of uninitialized value in substitution (s///) at /usr/lib/perl5/5.8/cygwin/File/Spec/Unix.pm line 64.
Use of uninitialized value in string eq at /usr/lib/perl5/5.8/cygwin/File/Spec/Unix.pm line 65.
Use of uninitialized value in substitution (s///) at /usr/lib/perl5/5.8/cygwin/File/Spec/Unix.pm line 65.
Use of uninitialized value in concatenation (.) or string at /usr/lib/perl5/5.8/cygwin/File/Spec/Unix.pm line 66.
ok 66 -    rmtree gave no error
ok 67 -    Extract dir succesfully removed
ok 68 - The object isa Archive::Extract
ok 69 - Archive type recognized properly
ok 70 - extract() for 'x.bz2' reports success
ok 71 # skip No buffers available
ok 72 # skip No buffers available
ok 73 # skip No buffers available
ok 74 # skip No buffers available
ok 75 # skip No buffers available
ok 76 # skip No buffers available
ok 77 - Output file successfully removed
ok 78 -    rmtree gave no error
ok 79 -    Extract dir succesfully removed
ok 80 - extract() for 'x.bz2' reports success
ok 81 # skip No buffers available
ok 82 # skip No buffers available
ok 83 # skip No buffers available
ok 84 # skip No buffers available
ok 85 # skip No buffers available
ok 86 # skip No buffers available
ok 87 - Output file successfully removed
ok 88 -    rmtree gave no error
ok 89 -    Extract dir succesfully removed
ok 90 - The object isa Archive::Extract
ok 91 - Archive type recognized properly
ok 92 - extract() for 'y.tgz' reports success
ok 93 # skip No buffers available
ok 94 # skip No buffers available
ok 95 # skip No buffers available
ok 96 # skip No buffers available
ok 97 # skip No buffers available
ok 98 # skip No buffers available
ok 99 - Output file successfully removed
ok 100 -    rmtree gave no error
ok 101 -    Extract dir succesfully removed
ok 102 - extract() for 'y.tgz' reports success
ok 103 # skip No buffers available
ok 104 # skip No buffers available
ok 105 # skip No buffers available
ok 106 # skip No buffers available
ok 107 # skip No buffers available
ok 108 # skip No buffers available
ok 109 - Output file successfully removed
ok 110 -    rmtree gave no error
ok 111 -    Extract dir succesfully removed
Use of uninitialized value in string eq at /usr/lib/perl5/5.8/cygwin/File/Spec/Cygwin.pm line 50.
Use of uninitialized value in string eq at /usr/lib/perl5/5.8/cygwin/File/Spec/Cygwin.pm line 50.
Use of uninitialized value in string eq at /usr/lib/perl5/5.8/cygwin/File/Spec/Cygwin.pm line 50.
Use of uninitialized value in string eq at /usr/lib/perl5/5.8/cygwin/File/Spec/Cygwin.pm line 50.
Use of uninitialized value in string eq at /usr/lib/perl5/5.8/cygwin/File/Spec/Cygwin.pm line 50.
Use of uninitialized value in string eq at /usr/lib/perl5/5.8/cygwin/File/Spec/Cygwin.pm line 50.
ok 112 - The object isa Archive::Extract
ok 113 - Archive type recognized properly
ok 114 - extract() for 'y.zip' reports success
ok 115 # skip No buffers available
ok 116 # skip No buffers available
ok 117 # skip No buffers available
ok 118 # skip No buffers available
ok 119 # skip No buffers available
ok 120 # skip No buffers available
ok 121 - Output file successfully removed
ok 122 -    rmtree gave no error
ok 123 -    Extract dir succesfully removed
Use of uninitialized value in string eq at /usr/lib/perl5/5.8/cygwin/File/Spec/Cygwin.pm line 50.
Use of uninitialized value in string eq at /usr/lib/perl5/5.8/cygwin/File/Spec/Cygwin.pm line 50.
Use of uninitialized value in string eq at /usr/lib/perl5/5.8/cygwin/File/Spec/Cygwin.pm line 50.
Use of uninitialized value in string eq at /usr/lib/perl5/5.8/cygwin/File/Spec/Cygwin.pm line 50.
Use of uninitialized value in string eq at /usr/lib/perl5/5.8/cygwin/File/Spec/Cygwin.pm line 50.
Use of uninitialized value in string eq at /usr/lib/perl5/5.8/cygwin/File/Spec/Cygwin.pm line 50.
ok 124 - extract() for 'y.zip' reports success
ok 125 # skip No buffers available
ok 126 # skip No buffers available
ok 127 # skip No buffers available
ok 128 # skip No buffers available
ok 129 # skip No buffers available
ok 130 # skip No buffers available
ok 131 - Output file successfully removed
ok 132 -    rmtree gave no error
ok 133 -    Extract dir succesfully removed
ok 134 - The object isa Archive::Extract
ok 135 - Archive type recognized properly
ok 136 - extract() for 'x.tar.gz' reports success
ok 137 # skip No buffers available
ok 138 # skip No buffers available
ok 139 # skip No buffers available
ok 140 # skip No buffers available
ok 141 # skip No buffers available
ok 142 # skip No buffers available
ok 143 - Output file successfully removed
ok 144 -    rmtree gave no error
ok 145 -    Extract dir succesfully removed
ok 146 - extract() for 'x.tar.gz' reports success
ok 147 # skip No buffers available
ok 148 # skip No buffers available
ok 149 # skip No buffers available
ok 150 # skip No buffers available
ok 151 # skip No buffers available
ok 152 # skip No buffers available
ok 153 - Output file successfully removed
ok 154 -    rmtree gave no error
ok 155 -    Extract dir succesfully removed
ok 156 - The object isa Archive::Extract
ok 157 - Archive type recognized properly
ok 158 - extract() for 'y.tar' reports success
ok 159 # skip No buffers available
ok 160 # skip No buffers available
ok 161 # skip No buffers available
ok 162 # skip No buffers available
ok 163 # skip No buffers available
ok 164 # skip No buffers available
ok 165 - Output file successfully removed
ok 166 -    rmtree gave no error
ok 167 -    Extract dir succesfully removed
ok 168 - extract() for 'y.tar' reports success
ok 169 # skip No buffers available
ok 170 # skip No buffers available
ok 171 # skip No buffers available
ok 172 # skip No buffers available
ok 173 # skip No buffers available
ok 174 # skip No buffers available
ok 175 - Output file successfully removed
ok 176 -    rmtree gave no error
ok 177 -    Extract dir succesfully removed
ok 178 - The object isa Archive::Extract
ok 179 - Archive type recognized properly
ok 180 - extract() for 'x.tgz' reports success
ok 181 # skip No buffers available
ok 182 # skip No buffers available
ok 183 # skip No buffers available
ok 184 # skip No buffers available
ok 185 # skip No buffers available
ok 186 # skip No buffers available
ok 187 - Output file successfully removed
ok 188 -    rmtree gave no error
ok 189 -    Extract dir succesfully removed
ok 190 - extract() for 'x.tgz' reports success
ok 191 # skip No buffers available
ok 192 # skip No buffers available
ok 193 # skip No buffers available
ok 194 # skip No buffers available
ok 195 # skip No buffers available
ok 196 # skip No buffers available
ok 197 - Output file successfully removed
ok 198 -    rmtree gave no error
ok 199 -    Extract dir succesfully removed
Use of uninitialized value in string eq at /usr/lib/perl5/5.8/cygwin/File/Spec/Cygwin.pm line 50.
Use of uninitialized value in string eq at /usr/lib/perl5/5.8/cygwin/File/Spec/Cygwin.pm line 50.
Use of uninitialized value in string eq at /usr/lib/perl5/5.8/cygwin/File/Spec/Cygwin.pm line 50.
Use of uninitialized value in string eq at /usr/lib/perl5/5.8/cygwin/File/Spec/Cygwin.pm line 50.
Use of uninitialized value in string eq at /usr/lib/perl5/5.8/cygwin/File/Spec/Cygwin.pm line 50.
Use of uninitialized value in string eq at /usr/lib/perl5/5.8/cygwin/File/Spec/Cygwin.pm line 50.
ok 200 - The object isa Archive::Extract
ok 201 - Archive type recognized properly
Use of uninitialized value in string eq at /usr/lib/perl5/5.8/cygwin/File/Spec/Cygwin.pm line 50.
Use of uninitialized value in string eq at /usr/lib/perl5/5.8/cygwin/File/Spec/Cygwin.pm line 50.
Use of uninitialized value in string eq at /usr/lib/perl5/5.8/cygwin/File/Spec/Cygwin.pm line 50.
Use of uninitialized value in string eq at /usr/lib/perl5/5.8/cygwin/File/Spec/Cygwin.pm line 50.
ok 202 - extract() for 'y.par' reports success
Use of uninitialized value in string eq at /usr/lib/perl5/5.8/cygwin/File/Spec/Cygwin.pm line 50.
Use of uninitialized value in string eq at /usr/lib/perl5/5.8/cygwin/File/Spec/Cygwin.pm line 50.
ok 203 # skip No buffers available
ok 204 # skip No buffers available
ok 205 # skip No buffers available
ok 206 # skip No buffers available
ok 207 # skip No buffers available
ok 208 # skip No buffers available
ok 209 - Output file successfully removed
ok 210 -    rmtree gave no error
ok 211 -    Extract dir succesfully removed
ok 212 - extract() for 'y.par' reports success
ok 213 # skip No buffers available
ok 214 # skip No buffers available
ok 215 # skip No buffers available
ok 216 # skip No buffers available
ok 217 # skip No buffers available
Use of uninitialized value in split at /usr/lib/perl5/site_perl/5.8/Module/Load/Conditional.pm line 158.
Use of uninitialized value in substitution (s///) at /usr/lib/perl5/5.8/cygwin/File/Spec/Cygwin.pm line 42.
Use of uninitialized value in substitution (s///) at /usr/lib/perl5/5.8/cygwin/File/Spec/Unix.pm line 52.
Use of uninitialized value in substitution (s///) at /usr/lib/perl5/5.8/cygwin/File/Spec/Unix.pm line 60.
Use of uninitialized value in substitution (s///) at /usr/lib/perl5/5.8/cygwin/File/Spec/Unix.pm line 61.
Use of uninitialized value in string eq at /usr/lib/perl5/5.8/cygwin/File/Spec/Unix.pm line 62.
Use of uninitialized value in substitution (s///) at /usr/lib/perl5/5.8/cygwin/File/Spec/Unix.pm line 62.
Use of uninitialized value in substitution (s///) at /usr/lib/perl5/5.8/cygwin/File/Spec/Unix.pm line 63.
Use of uninitialized value in substitution (s///) at /usr/lib/perl5/5.8/cygwin/File/Spec/Unix.pm line 64.
Use of uninitialized value in string eq at /usr/lib/perl5/5.8/cygwin/File/Spec/Unix.pm line 65.
Use of uninitialized value in substitution (s///) at /usr/lib/perl5/5.8/cygwin/File/Spec/Unix.pm line 65.
Use of uninitialized value in concatenation (.) or string at /usr/lib/perl5/5.8/cygwin/File/Spec/Unix.pm line 66.
ok 218 # skip No buffers available
ok 219 - Output file successfully removed
ok 220 -    rmtree gave no error
ok 221 -    Extract dir succesfully removed
ok 222 - The object isa Archive::Extract
ok 223 - Archive type recognized properly
ok 224 - extract() for 'y.tbz' reports success
ok 225 # skip No buffers available
ok 226 # skip No buffers available
ok 227 # skip No buffers available
ok 228 # skip No buffers available
ok 229 # skip No buffers available
ok 230 # skip No buffers available
ok 231 - Output file successfully removed
ok 232 -    rmtree gave no error
ok 233 -    Extract dir succesfully removed
ok 234 - extract() for 'y.tbz' reports success
ok 235 # skip No buffers available
ok 236 # skip No buffers available
ok 237 # skip No buffers available
ok 238 # skip No buffers available
ok 239 # skip No buffers available
ok 240 # skip No buffers available
ok 241 - Output file successfully removed
ok 242 -    rmtree gave no error
ok 243 -    Extract dir succesfully removed
ok 244 - The object isa Archive::Extract
ok 245 - Archive type recognized properly
ok 246 - extract() for 'x.tar' reports success
ok 247 # skip No buffers available
ok 248 # skip No buffers available
ok 249 # skip No buffers available
ok 250 # skip No buffers available
ok 251 # skip No buffers available
ok 252 # skip No buffers available
ok 253 - Output file successfully removed
ok 254 -    rmtree gave no error
ok 255 -    Extract dir succesfully removed
ok 256 - extract() for 'x.tar' reports success
ok 257 # skip No buffers available
ok 258 # skip No buffers available
ok 259 # skip No buffers available
ok 260 # skip No buffers available
ok 261 # skip No buffers available
ok 262 # skip No buffers available
ok 263 - Output file successfully removed
ok 264 -    rmtree gave no error
ok 265 -    Extract dir succesfully removed
ok 266 - The object isa Archive::Extract
ok 267 - Archive type recognized properly
ok 268 - extract() for 'x.gz' reports success
ok 269 # skip No buffers available
ok 270 # skip No buffers available
ok 271 # skip No buffers available
ok 272 # skip No buffers available
ok 273 # skip No buffers available
ok 274 # skip No buffers available
ok 275 - Output file successfully removed
ok 276 -    rmtree gave no error
ok 277 -    Extract dir succesfully removed
ok 278 - extract() for 'x.gz' reports success
ok 279 # skip No buffers available
ok 280 # skip No buffers available
ok 281 # skip No buffers available
ok 282 # skip No buffers available
ok 283 # skip No buffers available
ok 284 # skip No buffers available
ok 285 - Output file successfully removed
ok 286 -    rmtree gave no error
ok 287 -    Extract dir succesfully removed
Use of uninitialized value in string eq at /usr/lib/perl5/5.8/cygwin/File/Spec/Cygwin.pm line 50.
Use of uninitialized value in string eq at /usr/lib/perl5/5.8/cygwin/File/Spec/Cygwin.pm line 50.
Use of uninitialized value in string eq at /usr/lib/perl5/5.8/cygwin/File/Spec/Cygwin.pm line 50.
ok 288 - The object isa Archive::Extract
Use of uninitialized value in string eq at /usr/lib/perl5/5.8/cygwin/File/Spec/Cygwin.pm line 50.
ok 289 - Archive type recognized properly
ok 290 - extract() for 'x.jar' reports success
ok 291 # skip No buffers available
ok 292 # skip No buffers available
ok 293 # skip No buffers available
ok 294 # skip No buffers available
ok 295 # skip No buffers available
ok 296 # skip No buffers available
ok 297 - Output file successfully removed
Use of uninitialized value in string eq at /usr/lib/perl5/5.8/cygwin/File/Spec/Cygwin.pm line 50.
Use of uninitialized value in string eq at /usr/lib/perl5/5.8/cygwin/File/Spec/Cygwin.pm line 50.
ok 298 -    rmtree gave no error
ok 299 -    Extract dir succesfully removed
Use of uninitialized value in string eq at /usr/lib/perl5/5.8/cygwin/File/Spec/Cygwin.pm line 50.
Use of uninitialized value in string eq at /usr/lib/perl5/5.8/cygwin/File/Spec/Cygwin.pm line 50.
ok 300 - extract() for 'x.jar' reports success
ok 301 # skip No buffers available
ok 302 # skip No buffers available
ok 303 # skip No buffers available
ok 304 # skip No buffers available
ok 305 # skip No buffers available
ok 306 # skip No buffers available
ok 307 - Output file successfully removed
ok 308 -    rmtree gave no error
ok 309 -    Extract dir succesfully removed
Use of uninitialized value in string eq at /usr/lib/perl5/5.8/cygwin/File/Spec/Cygwin.pm line 50.
Use of uninitialized value in string eq at /usr/lib/perl5/5.8/cygwin/File/Spec/Cygwin.pm line 50.
Use of uninitialized value in string eq at /usr/lib/perl5/5.8/cygwin/File/Spec/Cygwin.pm line 50.
ok 310 - The object isa Archive::Extract
Use of uninitialized value in string eq at /usr/lib/perl5/5.8/cygwin/File/Spec/Cygwin.pm line 50.
ok 311 - Archive type recognized properly
ok 312 - extract() for 'x.par' reports success
ok 313 # skip No buffers available
ok 314 # skip No buffers available
ok 315 # skip No buffers available
ok 316 # skip No buffers available
ok 317 # skip No buffers available
Use of uninitialized value in string eq at /usr/lib/perl5/5.8/cygwin/File/Spec/Cygwin.pm line 50.
Use of uninitialized value in string eq at /usr/lib/perl5/5.8/cygwin/File/Spec/Cygwin.pm line 50.
Use of uninitialized value in string eq at /usr/lib/perl5/5.8/cygwin/File/Spec/Cygwin.pm line 50.
Use of uninitialized value in string eq at /usr/lib/perl5/5.8/cygwin/File/Spec/Cygwin.pm line 50.
ok 318 # skip No buffers available
ok 319 - Output file successfully removed
ok 320 -    rmtree gave no error
ok 321 -    Extract dir succesfully removed
ok 322 - extract() for 'x.par' reports success
ok 323 # skip No buffers available
ok 324 # skip No buffers available
ok 325 # skip No buffers available
ok 326 # skip No buffers available
ok 327 # skip No buffers available
Use of uninitialized value in split at /usr/lib/perl5/site_perl/5.8/Module/Load/Conditional.pm line 158.
Use of uninitialized value in substitution (s///) at /usr/lib/perl5/5.8/cygwin/File/Spec/Cygwin.pm line 42.
Use of uninitialized value in substitution (s///) at /usr/lib/perl5/5.8/cygwin/File/Spec/Unix.pm line 52.
Use of uninitialized value in substitution (s///) at /usr/lib/perl5/5.8/cygwin/File/Spec/Unix.pm line 60.
Use of uninitialized value in substitution (s///) at /usr/lib/perl5/5.8/cygwin/File/Spec/Unix.pm line 61.
Use of uninitialized value in string eq at /usr/lib/perl5/5.8/cygwin/File/Spec/Unix.pm line 62.
Use of uninitialized value in substitution (s///) at /usr/lib/perl5/5.8/cygwin/File/Spec/Unix.pm line 62.
Use of uninitialized value in substitution (s///) at /usr/lib/perl5/5.8/cygwin/File/Spec/Unix.pm line 63.
Use of uninitialized value in substitution (s///) at /usr/lib/perl5/5.8/cygwin/File/Spec/Unix.pm line 64.
Use of uninitialized value in string eq at /usr/lib/perl5/5.8/cygwin/File/Spec/Unix.pm line 65.
Use of uninitialized value in substitution (s///) at /usr/lib/perl5/5.8/cygwin/File/Spec/Unix.pm line 65.
ok 328 # skip No buffers available
ok 329 - Output file successfully removed
ok 330 -    rmtree gave no error
ok 331 -    Extract dir succesfully removed
Use of uninitialized value in concatenation (.) or string at /usr/lib/perl5/5.8/cygwin/File/Spec/Unix.pm line 66.
ok 332 - The object isa Archive::Extract
ok 333 - Archive type recognized properly
ok 334 - extract() for 'y.tar.bz2' reports success
ok 335 # skip No buffers available
ok 336 # skip No buffers available
ok 337 # skip No buffers available
ok 338 # skip No buffers available
ok 339 # skip No buffers available
ok 340 # skip No buffers available
ok 341 - Output file successfully removed
ok 342 -    rmtree gave no error
ok 343 -    Extract dir succesfully removed
ok 344 - extract() for 'y.tar.bz2' reports success
ok 345 # skip No buffers available
ok 346 # skip No buffers available
Use of uninitialized value in string eq at /usr/lib/perl5/5.8/cygwin/File/Spec/Cygwin.pm line 50.
Use of uninitialized value in string eq at /usr/lib/perl5/5.8/cygwin/File/Spec/Cygwin.pm line 50.
Use of uninitialized value in string eq at /usr/lib/perl5/5.8/cygwin/File/Spec/Cygwin.pm line 50.
ok 347 # skip No buffers available
ok 348 # skip No buffers available
ok 349 # skip No buffers available
ok 350 # skip No buffers available
ok 351 - Output file successfully removed
ok 352 -    rmtree gave no error
ok 353 -    Extract dir succesfully removed
Use of uninitialized value in string eq at /usr/lib/perl5/5.8/cygwin/File/Spec/Cygwin.pm line 50.
ok 354 - The object isa Archive::Extract
ok 355 - Archive type recognized properly
ok 356 - extract() for 'x.zip' reports success
ok 357 # skip No buffers available
ok 358 # skip No buffers available
ok 359 # skip No buffers available
ok 360 # skip No buffers available
ok 361 # skip No buffers available
ok 362 # skip No buffers available
Use of uninitialized value in string eq at /usr/lib/perl5/5.8/cygwin/File/Spec/Cygwin.pm line 50.
Use of uninitialized value in string eq at /usr/lib/perl5/5.8/cygwin/File/Spec/Cygwin.pm line 50.
Use of uninitialized value in string eq at /usr/lib/perl5/5.8/cygwin/File/Spec/Cygwin.pm line 50.
Use of uninitialized value in string eq at /usr/lib/perl5/5.8/cygwin/File/Spec/Cygwin.pm line 50.
ok 363 - Output file successfully removed
ok 364 -    rmtree gave no error
ok 365 -    Extract dir succesfully removed
ok 366 - extract() for 'x.zip' reports success
ok 367 # skip No buffers available
ok 368 # skip No buffers available
ok 369 # skip No buffers available
ok 370 # skip No buffers available
ok 371 # skip No buffers available
ok 372 # skip No buffers available
ok 373 - Output file successfully removed
ok 374 -    rmtree gave no error
ok 375 -    Extract dir succesfully removed
ok 376 - The object isa Archive::Extract
ok 377 - Archive type recognized properly
ok 378 - extract() for 'y.tar.gz' reports success
ok 379 # skip No buffers available
ok 380 # skip No buffers available
ok 381 # skip No buffers available
ok 382 # skip No buffers available
ok 383 # skip No buffers available
ok 384 # skip No buffers available
ok 385 - Output file successfully removed
ok 386 -    rmtree gave no error
ok 387 -    Extract dir succesfully removed
ok 388 - extract() for 'y.tar.gz' reports success
ok 389 # skip No buffers available
ok 390 # skip No buffers available
ok 391 # skip No buffers available
ok 392 # skip No buffers available
ok 393 # skip No buffers available
ok 394 # skip No buffers available
ok 395 - Output file successfully removed
ok 396 # skip No extract path captured, can't remove paths
ok 397 # skip No extract path captured, can't remove paths
ok 398 - The object isa Archive::Extract
ok 399 - Archive type recognized properly
ok 400 - extract() for 'double_dir.zip' reports success
ok 401 # skip No buffers available
ok 402 # skip No buffers available
ok 403 # skip No buffers available
ok 404 # skip No buffers available
ok 405 # skip No buffers available
ok 406 # skip No buffers available
ok 407 - Output file successfully removed
ok 408 -    rmtree gave no error
ok 409 -    Extract dir succesfully removed
ok 410 - extract() for 'double_dir.zip' reports success
ok 411 # skip No buffers available
ok 412 # skip No buffers available
ok 413 # skip No buffers available
ok 414 # skip No buffers available
ok 415 # skip No buffers available
ok 416 # skip No buffers available
ok 417 - Output file successfully removed
ok 418 -    rmtree gave no error
ok 419 -    Extract dir succesfully removed
ok 420 - The object isa Archive::Extract
ok 421 - Archive type recognized properly
ok 422 - extract() for 'y.jar' reports success
ok 423 # skip No buffers available
ok 424 # skip No buffers available
ok 425 # skip No buffers available
ok 426 # skip No buffers available
ok 427 # skip No buffers available
ok 428 # skip No buffers available
ok 429 - Output file successfully removed
ok 430 -    rmtree gave no error
ok 431 -    Extract dir succesfully removed
ok 432 - extract() for 'y.jar' reports success
ok 433 # skip No buffers available
ok 434 # skip No buffers available
ok 435 # skip No buffers available
Use of uninitialized value in split at /usr/lib/perl5/site_perl/5.8/Module/Load/Conditional.pm line 158.
Use of uninitialized value in substitution (s///) at /usr/lib/perl5/5.8/cygwin/File/Spec/Cygwin.pm line 42.
Use of uninitialized value in substitution (s///) at /usr/lib/perl5/5.8/cygwin/File/Spec/Unix.pm line 52.
Use of uninitialized value in substitution (s///) at /usr/lib/perl5/5.8/cygwin/File/Spec/Unix.pm line 60.
Use of uninitialized value in substitution (s///) at /usr/lib/perl5/5.8/cygwin/File/Spec/Unix.pm line 61.
Use of uninitialized value in string eq at /usr/lib/perl5/5.8/cygwin/File/Spec/Unix.pm line 62.
Use of uninitialized value in substitution (s///) at /usr/lib/perl5/5.8/cygwin/File/Spec/Unix.pm line 62.
Use of uninitialized value in substitution (s///) at /usr/lib/perl5/5.8/cygwin/File/Spec/Unix.pm line 63.
Use of uninitialized value in substitution (s///) at /usr/lib/perl5/5.8/cygwin/File/Spec/Unix.pm line 64.
Use of uninitialized value in string eq at /usr/lib/perl5/5.8/cygwin/File/Spec/Unix.pm line 65.
Use of uninitialized value in substitution (s///) at /usr/lib/perl5/5.8/cygwin/File/Spec/Unix.pm line 65.
Use of uninitialized value in concatenation (.) or string at /usr/lib/perl5/5.8/cygwin/File/Spec/Unix.pm line 66.
ok 436 # skip No buffers available
ok 437 # skip No buffers available
ok 438 # skip No buffers available
ok 439 - Output file successfully removed
ok 440 -    rmtree gave no error
ok 441 -    Extract dir succesfully removed
ok 442 - The object isa Archive::Extract
ok 443 - Archive type recognized properly
ok 444 - extract() for 'x.bz2' reports success
ok 445 # skip No buffers available
ok 446 # skip No buffers available
ok 447 # skip No buffers available
ok 448 # skip No buffers available
ok 449 # skip No buffers available
ok 450 # skip No buffers available
ok 451 - Output file successfully removed
ok 452 -    rmtree gave no error
ok 453 -    Extract dir succesfully removed
ok 454 - extract() for 'x.bz2' reports success
ok 455 # skip No buffers available
ok 456 # skip No buffers available
ok 457 # skip No buffers available
ok 458 # skip No buffers available
ok 459 # skip No buffers available
ok 460 # skip No buffers available
ok 461 - Output file successfully removed
ok 462 -    rmtree gave no error
ok 463 -    Extract dir succesfully removed
ok 464 - The object isa Archive::Extract
ok 465 - Archive type recognized properly
ok 466 - extract() for 'y.tgz' reports success
ok 467 # skip No buffers available
ok 468 # skip No buffers available
ok 469 # skip No buffers available
ok 470 # skip No buffers available
ok 471 # skip No buffers available
ok 472 # skip No buffers available
ok 473 - Output file successfully removed
ok 474 -    rmtree gave no error
ok 475 -    Extract dir succesfully removed
ok 476 - extract() for 'y.tgz' reports success
ok 477 # skip No buffers available
ok 478 # skip No buffers available
ok 479 # skip No buffers available
ok 480 # skip No buffers available
ok 481 # skip No buffers available
ok 482 # skip No buffers available
ok 483 - Output file successfully removed
ok 484 # skip No extract path captured, can't remove paths
ok 485 # skip No extract path captured, can't remove paths
ok 486 - The object isa Archive::Extract
ok 487 - Archive type recognized properly
ok 488 - extract() for 'y.zip' reports success
ok 489 # skip No buffers available
ok 490 # skip No buffers available
ok 491 # skip No buffers available
ok 492 # skip No buffers available
ok 493 # skip No buffers available
ok 494 # skip No buffers available
ok 495 - Output file successfully removed
ok 496 -    rmtree gave no error
ok 497 -    Extract dir succesfully removed
ok 498 - extract() for 'y.zip' reports success
ok 499 # skip No buffers available
ok 500 # skip No buffers available
ok 501 # skip No buffers available
ok 502 # skip No buffers available
ok 503 # skip No buffers available
ok 504 # skip No buffers available
ok 505 - Output file successfully removed
ok 506 -    rmtree gave no error
ok 507 -    Extract dir succesfully removed
ok 508 - The object isa Archive::Extract
ok 509 - Archive type recognized properly
ok 510 - extract() for 'x.tar.gz' reports success
ok 511 # skip No buffers available
ok 512 # skip No buffers available
ok 513 # skip No buffers available
ok 514 # skip No buffers available
ok 515 # skip No buffers available
ok 516 # skip No buffers available
ok 517 - Output file successfully removed
ok 518 -    rmtree gave no error
ok 519 -    Extract dir succesfully removed
ok 520 - extract() for 'x.tar.gz' reports success
ok 521 # skip No buffers available
ok 522 # skip No buffers available
ok 523 # skip No buffers available
ok 524 # skip No buffers available
ok 525 # skip No buffers available
ok 526 # skip No buffers available
ok 527 - Output file successfully removed
ok 528 # skip No extract path captured, can't remove paths
ok 529 # skip No extract path captured, can't remove paths
ok 530 - The object isa Archive::Extract
ok 531 - Archive type recognized properly
ok 532 - extract() for 'y.tar' reports success
ok 533 # skip No buffers available
ok 534 # skip No buffers available
ok 535 # skip No buffers available
ok 536 # skip No buffers available
ok 537 # skip No buffers available
ok 538 # skip No buffers available
ok 539 - Output file successfully removed
ok 540 -    rmtree gave no error
ok 541 -    Extract dir succesfully removed
ok 542 - extract() for 'y.tar' reports success
ok 543 # skip No buffers available
ok 544 # skip No buffers available
ok 545 # skip No buffers available
ok 546 # skip No buffers available
ok 547 # skip No buffers available
ok 548 # skip No buffers available
ok 549 - Output file successfully removed
ok 550 # skip No extract path captured, can't remove paths
ok 551 # skip No extract path captured, can't remove paths
ok 552 - The object isa Archive::Extract
ok 553 - Archive type recognized properly
ok 554 - extract() for 'x.tgz' reports success
ok 555 # skip No buffers available
ok 556 # skip No buffers available
ok 557 # skip No buffers available
ok 558 # skip No buffers available
ok 559 # skip No buffers available
ok 560 # skip No buffers available
ok 561 - Output file successfully removed
ok 562 -    rmtree gave no error
ok 563 -    Extract dir succesfully removed
ok 564 - extract() for 'x.tgz' reports success
ok 565 # skip No buffers available
ok 566 # skip No buffers available
ok 567 # skip No buffers available
ok 568 # skip No buffers available
ok 569 # skip No buffers available
ok 570 # skip No buffers available
ok 571 - Output file successfully removed
ok 572 # skip No extract path captured, can't remove paths
ok 573 # skip No extract path captured, can't remove paths
ok 574 - The object isa Archive::Extract
ok 575 - Archive type recognized properly
ok 576 - extract() for 'y.par' reports success
ok 577 # skip No buffers available
ok 578 # skip No buffers available
ok 579 # skip No buffers available
ok 580 # skip No buffers available
ok 581 # skip No buffers available
ok 582 # skip No buffers available
ok 583 - Output file successfully removed
ok 584 -    rmtree gave no error
ok 585 -    Extract dir succesfully removed
ok 586 - extract() for 'y.par' reports success
ok 587 # skip No buffers available
ok 588 # skip No buffers available
Use of uninitialized value in split at /usr/lib/perl5/site_perl/5.8/Module/Load/Conditional.pm line 158.
Use of uninitialized value in substitution (s///) at /usr/lib/perl5/5.8/cygwin/File/Spec/Cygwin.pm line 42.
Use of uninitialized value in substitution (s///) at /usr/lib/perl5/5.8/cygwin/File/Spec/Unix.pm line 52.
Use of uninitialized value in substitution (s///) at /usr/lib/perl5/5.8/cygwin/File/Spec/Unix.pm line 60.
Use of uninitialized value in substitution (s///) at /usr/lib/perl5/5.8/cygwin/File/Spec/Unix.pm line 61.
Use of uninitialized value in string eq at /usr/lib/perl5/5.8/cygwin/File/Spec/Unix.pm line 62.
ok 589 # skip No buffers available
ok 590 # skip No buffers available
ok 591 # skip No buffers available
ok 592 # skip No buffers available
ok 593 - Output file successfully removed
Use of uninitialized value in substitution (s///) at /usr/lib/perl5/5.8/cygwin/File/Spec/Unix.pm line 62.
Use of uninitialized value in substitution (s///) at /usr/lib/perl5/5.8/cygwin/File/Spec/Unix.pm line 63.
Use of uninitialized value in substitution (s///) at /usr/lib/perl5/5.8/cygwin/File/Spec/Unix.pm line 64.
Use of uninitialized value in string eq at /usr/lib/perl5/5.8/cygwin/File/Spec/Unix.pm line 65.
Use of uninitialized value in substitution (s///) at /usr/lib/perl5/5.8/cygwin/File/Spec/Unix.pm line 65.
Use of uninitialized value in concatenation (.) or string at /usr/lib/perl5/5.8/cygwin/File/Spec/Unix.pm line 66.
ok 594 -    rmtree gave no error
ok 595 -    Extract dir succesfully removed
ok 596 - The object isa Archive::Extract
ok 597 - Archive type recognized properly
ok 598 - extract() for 'y.tbz' reports success
ok 599 # skip No buffers available
ok 600 # skip No buffers available
ok 601 # skip No buffers available
ok 602 # skip No buffers available
ok 603 # skip No buffers available
ok 604 # skip No buffers available
ok 605 - Output file successfully removed
ok 606 -    rmtree gave no error
ok 607 -    Extract dir succesfully removed
ok 608 - extract() for 'y.tbz' reports success
ok 609 # skip No buffers available
ok 610 # skip No buffers available
ok 611 # skip No buffers available
ok 612 # skip No buffers available
ok 613 # skip No buffers available
ok 614 # skip No buffers available
ok 615 - Output file successfully removed
ok 616 # skip No extract path captured, can't remove paths
ok 617 # skip No extract path captured, can't remove paths
ok 618 - The object isa Archive::Extract
ok 619 - Archive type recognized properly
ok 620 - extract() for 'x.tar' reports success
ok 621 # skip No buffers available
ok 622 # skip No buffers available
ok 623 # skip No buffers available
ok 624 # skip No buffers available
ok 625 # skip No buffers available
ok 626 # skip No buffers available
ok 627 - Output file successfully removed
ok 628 -    rmtree gave no error
ok 629 -    Extract dir succesfully removed
ok 630 - extract() for 'x.tar' reports success
ok 631 # skip No buffers available
ok 632 # skip No buffers available
ok 633 # skip No buffers available
ok 634 # skip No buffers available
ok 635 # skip No buffers available
ok 636 # skip No buffers available
ok 637 - Output file successfully removed
ok 638 # skip No extract path captured, can't remove paths
ok 639 # skip No extract path captured, can't remove paths
ok 640 - The object isa Archive::Extract
ok 641 - Archive type recognized properly
ok 642 - extract() for 'x.gz' reports success
ok 643 # skip No buffers available
ok 644 # skip No buffers available
ok 645 # skip No buffers available
ok 646 # skip No buffers available
ok 647 # skip No buffers available
ok 648 # skip No buffers available
ok 649 - Output file successfully removed
ok 650 -    rmtree gave no error
ok 651 -    Extract dir succesfully removed
ok 652 - extract() for 'x.gz' reports success
ok 653 # skip No buffers available
ok 654 # skip No buffers available
ok 655 # skip No buffers available
ok 656 # skip No buffers available
ok 657 # skip No buffers available
ok 658 # skip No buffers available
ok 659 - Output file successfully removed
ok 660 -    rmtree gave no error
ok 661 -    Extract dir succesfully removed
ok 662 - The object isa Archive::Extract
ok 663 - Archive type recognized properly
ok 664 - extract() for 'x.jar' reports success
ok 665 # skip No buffers available
ok 666 # skip No buffers available
ok 667 # skip No buffers available
ok 668 # skip No buffers available
ok 669 # skip No buffers available
ok 670 # skip No buffers available
ok 671 - Output file successfully removed
ok 672 -    rmtree gave no error
ok 673 -    Extract dir succesfully removed
ok 674 - extract() for 'x.jar' reports success
ok 675 # skip No buffers available
ok 676 # skip No buffers available
ok 677 # skip No buffers available
ok 678 # skip No buffers available
ok 679 # skip No buffers available
ok 680 # skip No buffers available
ok 681 - Output file successfully removed
ok 682 -    rmtree gave no error
ok 683 -    Extract dir succesfully removed
ok 684 - The object isa Archive::Extract
ok 685 - Archive type recognized properly
ok 686 - extract() for 'x.par' reports success
ok 687 # skip No buffers available
ok 688 # skip No buffers available
ok 689 # skip No buffers available
ok 690 # skip No buffers available
ok 691 # skip No buffers available
ok 692 # skip No buffers available
ok 693 - Output file successfully removed
ok 694 -    rmtree gave no error
ok 695 -    Extract dir succesfully removed
ok 696 - extract() for 'x.par' reports success
Use of uninitialized value in split at /usr/lib/perl5/site_perl/5.8/Module/Load/Conditional.pm line 158.
ok 697 # skip No buffers available
ok 698 # skip No buffers available
Use of uninitialized value in substitution (s///) at /usr/lib/perl5/5.8/cygwin/File/Spec/Cygwin.pm line 42.
Use of uninitialized value in substitution (s///) at /usr/lib/perl5/5.8/cygwin/File/Spec/Unix.pm line 52.
Use of uninitialized value in substitution (s///) at /usr/lib/perl5/5.8/cygwin/File/Spec/Unix.pm line 60.
Use of uninitialized value in substitution (s///) at /usr/lib/perl5/5.8/cygwin/File/Spec/Unix.pm line 61.
Use of uninitialized value in string eq at /usr/lib/perl5/5.8/cygwin/File/Spec/Unix.pm line 62.
Use of uninitialized value in substitution (s///) at /usr/lib/perl5/5.8/cygwin/File/Spec/Unix.pm line 62.
ok 699 # skip No buffers available
ok 700 # skip No buffers available
ok 701 # skip No buffers available
ok 702 # skip No buffers available
ok 703 - Output file successfully removed
Use of uninitialized value in substitution (s///) at /usr/lib/perl5/5.8/cygwin/File/Spec/Unix.pm line 63.
Use of uninitialized value in substitution (s///) at /usr/lib/perl5/5.8/cygwin/File/Spec/Unix.pm line 64.
Use of uninitialized value in string eq at /usr/lib/perl5/5.8/cygwin/File/Spec/Unix.pm line 65.
Use of uninitialized value in substitution (s///) at /usr/lib/perl5/5.8/cygwin/File/Spec/Unix.pm line 65.
Use of uninitialized value in concatenation (.) or string at /usr/lib/perl5/5.8/cygwin/File/Spec/Unix.pm line 66.
ok 704 -    rmtree gave no error
ok 705 -    Extract dir succesfully removed
ok 706 - The object isa Archive::Extract
ok 707 - Archive type recognized properly
ok 708 - extract() for 'y.tar.bz2' reports success
ok 709 # skip No buffers available
ok 710 # skip No buffers available
ok 711 # skip No buffers available
ok 712 # skip No buffers available
ok 713 # skip No buffers available
ok 714 # skip No buffers available
ok 715 - Output file successfully removed
ok 716 -    rmtree gave no error
ok 717 -    Extract dir succesfully removed
ok 718 - extract() for 'y.tar.bz2' reports success
ok 719 # skip No buffers available
ok 720 # skip No buffers available
ok 721 # skip No buffers available
ok 722 # skip No buffers available
ok 723 # skip No buffers available
ok 724 # skip No buffers available
ok 725 - Output file successfully removed
ok 726 # skip No extract path captured, can't remove paths
ok 727 # skip No extract path captured, can't remove paths
ok 728 - The object isa Archive::Extract
ok 729 - Archive type recognized properly
ok 730 - extract() for 'x.zip' reports success
ok 731 # skip No buffers available
ok 732 # skip No buffers available
ok 733 # skip No buffers available
ok 734 # skip No buffers available
ok 735 # skip No buffers available
ok 736 # skip No buffers available
ok 737 - Output file successfully removed
ok 738 -    rmtree gave no error
ok 739 -    Extract dir succesfully removed
ok 740 - extract() for 'x.zip' reports success
ok 741 # skip No buffers available
ok 742 # skip No buffers available
ok 743 # skip No buffers available
ok 744 # skip No buffers available
ok 745 # skip No buffers available
ok 746 # skip No buffers available
ok 747 - Output file successfully removed
ok 748 -    rmtree gave no error
ok 749 -    Extract dir succesfully removed
1..749
ok
        388/749 skipped: various reasons
All tests successful, 388 subtests skipped.
Files=1, Tests=749, 23 wallclock secs ( 7.13 cusr + 12.58 csys = 19.71 CPU)
