/usr/bin/perl5.8.8 Build --makefile_env_macros 1
cc -Isrc -I/usr/lib/perl5/5.8.8/i486-linux-thread-multi/CORE -fPIC -x c++ -Iinclude -c -D_REENTRANT -D_GNU_SOURCE -DTHREADS_HAVE_PIDS -fno-strict-aliasing -pipe -Wdeclaration-after-statement -I/usr/local/include -D_LARGEFILE_SOURCE -D_FILE_OFFSET_BITS=64 -O2 -march=i486 -mtune=i686 -o src/LangHebrewModel.o src/LangHebrewModel.cpp
cc1plus: warning: command line option "-Wdeclaration-after-statement" is valid for C/ObjC but not for C++
cc -Isrc -I/usr/lib/perl5/5.8.8/i486-linux-thread-multi/CORE -fPIC -x c++ -Iinclude -c -D_REENTRANT -D_GNU_SOURCE -DTHREADS_HAVE_PIDS -fno-strict-aliasing -pipe -Wdeclaration-after-statement -I/usr/local/include -D_LARGEFILE_SOURCE -D_FILE_OFFSET_BITS=64 -O2 -march=i486 -mtune=i686 -o src/LangHungarianModel.o src/LangHungarianModel.cpp
cc1plus: warning: command line option "-Wdeclaration-after-statement" is valid for C/ObjC but not for C++
cc -Isrc -I/usr/lib/perl5/5.8.8/i486-linux-thread-multi/CORE -fPIC -x c++ -Iinclude -c -D_REENTRANT -D_GNU_SOURCE -DTHREADS_HAVE_PIDS -fno-strict-aliasing -pipe -Wdeclaration-after-statement -I/usr/local/include -D_LARGEFILE_SOURCE -D_FILE_OFFSET_BITS=64 -O2 -march=i486 -mtune=i686 -o src/LangGreekModel.o src/LangGreekModel.cpp
cc1plus: warning: command line option "-Wdeclaration-after-statement" is valid for C/ObjC but not for C++
cc -Isrc -I/usr/lib/perl5/5.8.8/i486-linux-thread-multi/CORE -fPIC -x c++ -Iinclude -c -D_REENTRANT -D_GNU_SOURCE -DTHREADS_HAVE_PIDS -fno-strict-aliasing -pipe -Wdeclaration-after-statement -I/usr/local/include -D_LARGEFILE_SOURCE -D_FILE_OFFSET_BITS=64 -O2 -march=i486 -mtune=i686 -o src/nsSBCSGroupProber.o src/nsSBCSGroupProber.cpp
cc1plus: warning: command line option "-Wdeclaration-after-statement" is valid for C/ObjC but not for C++
cc -Isrc -I/usr/lib/perl5/5.8.8/i486-linux-thread-multi/CORE -fPIC -x c++ -Iinclude -c -D_REENTRANT -D_GNU_SOURCE -DTHREADS_HAVE_PIDS -fno-strict-aliasing -pipe -Wdeclaration-after-statement -I/usr/local/include -D_LARGEFILE_SOURCE -D_FILE_OFFSET_BITS=64 -O2 -march=i486 -mtune=i686 -o src/nsBig5Prober.o src/nsBig5Prober.cpp
cc1plus: warning: command line option "-Wdeclaration-after-statement" is valid for C/ObjC but not for C++
cc -Isrc -I/usr/lib/perl5/5.8.8/i486-linux-thread-multi/CORE -fPIC -x c++ -Iinclude -c -D_REENTRANT -D_GNU_SOURCE -DTHREADS_HAVE_PIDS -fno-strict-aliasing -pipe -Wdeclaration-after-statement -I/usr/local/include -D_LARGEFILE_SOURCE -D_FILE_OFFSET_BITS=64 -O2 -march=i486 -mtune=i686 -o src/LangCyrillicModel.o src/LangCyrillicModel.cpp
cc1plus: warning: command line option "-Wdeclaration-after-statement" is valid for C/ObjC but not for C++
cc -Isrc -I/usr/lib/perl5/5.8.8/i486-linux-thread-multi/CORE -fPIC -x c++ -Iinclude -c -D_REENTRANT -D_GNU_SOURCE -DTHREADS_HAVE_PIDS -fno-strict-aliasing -pipe -Wdeclaration-after-statement -I/usr/local/include -D_LARGEFILE_SOURCE -D_FILE_OFFSET_BITS=64 -O2 -march=i486 -mtune=i686 -o src/JpCntx.o src/JpCntx.cpp
cc1plus: warning: command line option "-Wdeclaration-after-statement" is valid for C/ObjC but not for C++
cc -Isrc -I/usr/lib/perl5/5.8.8/i486-linux-thread-multi/CORE -fPIC -x c++ -Iinclude -c -D_REENTRANT -D_GNU_SOURCE -DTHREADS_HAVE_PIDS -fno-strict-aliasing -pipe -Wdeclaration-after-statement -I/usr/local/include -D_LARGEFILE_SOURCE -D_FILE_OFFSET_BITS=64 -O2 -march=i486 -mtune=i686 -o src/nsLatin1Prober.o src/nsLatin1Prober.cpp
cc1plus: warning: command line option "-Wdeclaration-after-statement" is valid for C/ObjC but not for C++
cc -Isrc -I/usr/lib/perl5/5.8.8/i486-linux-thread-multi/CORE -fPIC -x c++ -Iinclude -c -D_REENTRANT -D_GNU_SOURCE -DTHREADS_HAVE_PIDS -fno-strict-aliasing -pipe -Wdeclaration-after-statement -I/usr/local/include -D_LARGEFILE_SOURCE -D_FILE_OFFSET_BITS=64 -O2 -march=i486 -mtune=i686 -o src/nsEUCTWProber.o src/nsEUCTWProber.cpp
cc1plus: warning: command line option "-Wdeclaration-after-statement" is valid for C/ObjC but not for C++
cc -Isrc -I/usr/lib/perl5/5.8.8/i486-linux-thread-multi/CORE -fPIC -x c++ -Iinclude -c -D_REENTRANT -D_GNU_SOURCE -DTHREADS_HAVE_PIDS -fno-strict-aliasing -pipe -Wdeclaration-after-statement -I/usr/local/include -D_LARGEFILE_SOURCE -D_FILE_OFFSET_BITS=64 -O2 -march=i486 -mtune=i686 -o src/nsEUCKRProber.o src/nsEUCKRProber.cpp
cc1plus: warning: command line option "-Wdeclaration-after-statement" is valid for C/ObjC but not for C++
cc -Isrc -I/usr/lib/perl5/5.8.8/i486-linux-thread-multi/CORE -fPIC -x c++ -Iinclude -c -D_REENTRANT -D_GNU_SOURCE -DTHREADS_HAVE_PIDS -fno-strict-aliasing -pipe -Wdeclaration-after-statement -I/usr/local/include -D_LARGEFILE_SOURCE -D_FILE_OFFSET_BITS=64 -O2 -march=i486 -mtune=i686 -o src/nsUTF8Prober.o src/nsUTF8Prober.cpp
cc1plus: warning: command line option "-Wdeclaration-after-statement" is valid for C/ObjC but not for C++
cc -Isrc -I/usr/lib/perl5/5.8.8/i486-linux-thread-multi/CORE -fPIC -x c++ -Iinclude -c -D_REENTRANT -D_GNU_SOURCE -DTHREADS_HAVE_PIDS -fno-strict-aliasing -pipe -Wdeclaration-after-statement -I/usr/local/include -D_LARGEFILE_SOURCE -D_FILE_OFFSET_BITS=64 -O2 -march=i486 -mtune=i686 -o src/nsGB2312Prober.o src/nsGB2312Prober.cpp
cc1plus: warning: command line option "-Wdeclaration-after-statement" is valid for C/ObjC but not for C++
cc -Isrc -I/usr/lib/perl5/5.8.8/i486-linux-thread-multi/CORE -fPIC -x c++ -Iinclude -c -D_REENTRANT -D_GNU_SOURCE -DTHREADS_HAVE_PIDS -fno-strict-aliasing -pipe -Wdeclaration-after-statement -I/usr/local/include -D_LARGEFILE_SOURCE -D_FILE_OFFSET_BITS=64 -O2 -march=i486 -mtune=i686 -o src/nsHebrewProber.o src/nsHebrewProber.cpp
cc1plus: warning: command line option "-Wdeclaration-after-statement" is valid for C/ObjC but not for C++
cc -Isrc -I/usr/lib/perl5/5.8.8/i486-linux-thread-multi/CORE -fPIC -x c++ -Iinclude -c -D_REENTRANT -D_GNU_SOURCE -DTHREADS_HAVE_PIDS -fno-strict-aliasing -pipe -Wdeclaration-after-statement -I/usr/local/include -D_LARGEFILE_SOURCE -D_FILE_OFFSET_BITS=64 -O2 -march=i486 -mtune=i686 -o src/nsEscSM.o src/nsEscSM.cpp
cc1plus: warning: command line option "-Wdeclaration-after-statement" is valid for C/ObjC but not for C++
cc -Isrc -I/usr/lib/perl5/5.8.8/i486-linux-thread-multi/CORE -fPIC -x c++ -Iinclude -c -D_REENTRANT -D_GNU_SOURCE -DTHREADS_HAVE_PIDS -fno-strict-aliasing -pipe -Wdeclaration-after-statement -I/usr/local/include -D_LARGEFILE_SOURCE -D_FILE_OFFSET_BITS=64 -O2 -march=i486 -mtune=i686 -o src/nsEscCharsetProber.o src/nsEscCharsetProber.cpp
cc1plus: warning: command line option "-Wdeclaration-after-statement" is valid for C/ObjC but not for C++
cc -Isrc -I/usr/lib/perl5/5.8.8/i486-linux-thread-multi/CORE -fPIC -x c++ -Iinclude -c -D_REENTRANT -D_GNU_SOURCE -DTHREADS_HAVE_PIDS -fno-strict-aliasing -pipe -Wdeclaration-after-statement -I/usr/local/include -D_LARGEFILE_SOURCE -D_FILE_OFFSET_BITS=64 -O2 -march=i486 -mtune=i686 -o src/nsMBCSGroupProber.o src/nsMBCSGroupProber.cpp
cc1plus: warning: command line option "-Wdeclaration-after-statement" is valid for C/ObjC but not for C++
cc -Isrc -I/usr/lib/perl5/5.8.8/i486-linux-thread-multi/CORE -fPIC -x c++ -Iinclude -c -D_REENTRANT -D_GNU_SOURCE -DTHREADS_HAVE_PIDS -fno-strict-aliasing -pipe -Wdeclaration-after-statement -I/usr/local/include -D_LARGEFILE_SOURCE -D_FILE_OFFSET_BITS=64 -O2 -march=i486 -mtune=i686 -o src/nsEUCJPProber.o src/nsEUCJPProber.cpp
cc1plus: warning: command line option "-Wdeclaration-after-statement" is valid for C/ObjC but not for C++
cc -Isrc -I/usr/lib/perl5/5.8.8/i486-linux-thread-multi/CORE -fPIC -x c++ -Iinclude -c -D_REENTRANT -D_GNU_SOURCE -DTHREADS_HAVE_PIDS -fno-strict-aliasing -pipe -Wdeclaration-after-statement -I/usr/local/include -D_LARGEFILE_SOURCE -D_FILE_OFFSET_BITS=64 -O2 -march=i486 -mtune=i686 -o src/nsSBCharSetProber.o src/nsSBCharSetProber.cpp
cc1plus: warning: command line option "-Wdeclaration-after-statement" is valid for C/ObjC but not for C++
cc -Isrc -I/usr/lib/perl5/5.8.8/i486-linux-thread-multi/CORE -fPIC -x c++ -Iinclude -c -D_REENTRANT -D_GNU_SOURCE -DTHREADS_HAVE_PIDS -fno-strict-aliasing -pipe -Wdeclaration-after-statement -I/usr/local/include -D_LARGEFILE_SOURCE -D_FILE_OFFSET_BITS=64 -O2 -march=i486 -mtune=i686 -o src/nsMBCSSM.o src/nsMBCSSM.cpp
cc1plus: warning: command line option "-Wdeclaration-after-statement" is valid for C/ObjC but not for C++
cc -Isrc -I/usr/lib/perl5/5.8.8/i486-linux-thread-multi/CORE -fPIC -x c++ -Iinclude -c -D_REENTRANT -D_GNU_SOURCE -DTHREADS_HAVE_PIDS -fno-strict-aliasing -pipe -Wdeclaration-after-statement -I/usr/local/include -D_LARGEFILE_SOURCE -D_FILE_OFFSET_BITS=64 -O2 -march=i486 -mtune=i686 -o src/LangBulgarianModel.o src/LangBulgarianModel.cpp
cc1plus: warning: command line option "-Wdeclaration-after-statement" is valid for C/ObjC but not for C++
cc -Isrc -I/usr/lib/perl5/5.8.8/i486-linux-thread-multi/CORE -fPIC -x c++ -Iinclude -c -D_REENTRANT -D_GNU_SOURCE -DTHREADS_HAVE_PIDS -fno-strict-aliasing -pipe -Wdeclaration-after-statement -I/usr/local/include -D_LARGEFILE_SOURCE -D_FILE_OFFSET_BITS=64 -O2 -march=i486 -mtune=i686 -o src/CharDistribution.o src/CharDistribution.cpp
cc1plus: warning: command line option "-Wdeclaration-after-statement" is valid for C/ObjC but not for C++
cc -Isrc -I/usr/lib/perl5/5.8.8/i486-linux-thread-multi/CORE -fPIC -x c++ -Iinclude -c -D_REENTRANT -D_GNU_SOURCE -DTHREADS_HAVE_PIDS -fno-strict-aliasing -pipe -Wdeclaration-after-statement -I/usr/local/include -D_LARGEFILE_SOURCE -D_FILE_OFFSET_BITS=64 -O2 -march=i486 -mtune=i686 -o src/LangThaiModel.o src/LangThaiModel.cpp
cc1plus: warning: command line option "-Wdeclaration-after-statement" is valid for C/ObjC but not for C++
cc -Isrc -I/usr/lib/perl5/5.8.8/i486-linux-thread-multi/CORE -fPIC -x c++ -Iinclude -c -D_REENTRANT -D_GNU_SOURCE -DTHREADS_HAVE_PIDS -fno-strict-aliasing -pipe -Wdeclaration-after-statement -I/usr/local/include -D_LARGEFILE_SOURCE -D_FILE_OFFSET_BITS=64 -O2 -march=i486 -mtune=i686 -o src/nsUniversalDetector.o src/nsUniversalDetector.cpp
cc1plus: warning: command line option "-Wdeclaration-after-statement" is valid for C/ObjC but not for C++
cc -Isrc -I/usr/lib/perl5/5.8.8/i486-linux-thread-multi/CORE -fPIC -x c++ -Iinclude -c -D_REENTRANT -D_GNU_SOURCE -DTHREADS_HAVE_PIDS -fno-strict-aliasing -pipe -Wdeclaration-after-statement -I/usr/local/include -D_LARGEFILE_SOURCE -D_FILE_OFFSET_BITS=64 -O2 -march=i486 -mtune=i686 -o src/nsCharSetProber.o src/nsCharSetProber.cpp
cc1plus: warning: command line option "-Wdeclaration-after-statement" is valid for C/ObjC but not for C++
cc -Isrc -I/usr/lib/perl5/5.8.8/i486-linux-thread-multi/CORE -fPIC -x c++ -Iinclude -c -D_REENTRANT -D_GNU_SOURCE -DTHREADS_HAVE_PIDS -fno-strict-aliasing -pipe -Wdeclaration-after-statement -I/usr/local/include -D_LARGEFILE_SOURCE -D_FILE_OFFSET_BITS=64 -O2 -march=i486 -mtune=i686 -o src/nsSJISProber.o src/nsSJISProber.cpp
cc1plus: warning: command line option "-Wdeclaration-after-statement" is valid for C/ObjC but not for C++
Copying Detect.pm -> blib/lib/Encode/Detect.pm
Copying Detector.pm -> blib/lib/Encode/Detect/Detector.pm
Copying Detector.xs -> lib/Encode/Detect/Detector.xs
lib/Encode/Detect/Detector.xs -> lib/Encode/Detect/Detector.c
/usr/bin/perl5.8.8 -I/usr/lib/perl5/5.8.8/i486-linux-thread-multi -I/usr/lib/perl5/5.8.8 /usr/lib/perl5/5.8.8/ExtUtils/xsubpp -noprototypes -typemap /usr/lib/perl5/5.8.8/ExtUtils/typemap lib/Encode/Detect/Detector.xs
cc -Isrc -I/usr/lib/perl5/5.8.8/i486-linux-thread-multi/CORE -DXS_VERSION="1.01" -DVERSION="1.01" -fPIC -x c++ -Iinclude -c -D_REENTRANT -D_GNU_SOURCE -DTHREADS_HAVE_PIDS -fno-strict-aliasing -pipe -Wdeclaration-after-statement -I/usr/local/include -D_LARGEFILE_SOURCE -D_FILE_OFFSET_BITS=64 -O2 -march=i486 -mtune=i686 -o lib/Encode/Detect/Detector.o lib/Encode/Detect/Detector.c
cc1plus: warning: command line option "-Wdeclaration-after-statement" is valid for C/ObjC but not for C++
Detector.c: In function 'void boot_Encode__Detect__Detector(PerlInterpreter*, CV*)':
Detector.c:249: warning: deprecated conversion from string constant to 'char*'
Detector.c:253: warning: deprecated conversion from string constant to 'char*'
Detector.c:254: warning: deprecated conversion from string constant to 'char*'
Detector.c:255: warning: deprecated conversion from string constant to 'char*'
Detector.c:256: warning: deprecated conversion from string constant to 'char*'
Detector.c:257: warning: deprecated conversion from string constant to 'char*'
Detector.c:258: warning: deprecated conversion from string constant to 'char*'
Detector.c:259: warning: deprecated conversion from string constant to 'char*'
ExtUtils::Mkbootstrap::Mkbootstrap('blib/arch/auto/Encode/Detect/Detector/Detector.bs')
cc -shared -L/usr/local/lib -o blib/arch/auto/Encode/Detect/Detector/Detector.so lib/Encode/Detect/Detector.o src/LangHebrewModel.o src/LangHungarianModel.o src/LangGreekModel.o src/nsSBCSGroupProber.o src/nsBig5Prober.o src/LangCyrillicModel.o src/JpCntx.o src/nsLatin1Prober.o src/nsEUCTWProber.o src/nsEUCKRProber.o src/nsUTF8Prober.o src/nsGB2312Prober.o src/nsHebrewProber.o src/nsEscSM.o src/nsEscCharsetProber.o src/nsMBCSGroupProber.o src/nsEUCJPProber.o src/nsSBCharSetProber.o src/nsMBCSSM.o src/LangBulgarianModel.o src/CharDistribution.o src/LangThaiModel.o src/nsUniversalDetector.o src/nsCharSetProber.o src/nsSJISProber.o -lstdc++
Manifying blib/lib/Encode/Detect.pm -> blib/libdoc/Encode::Detect.3
Manifying blib/lib/Encode/Detect/Detector.pm -> blib/libdoc/Encode::Detect::Detector.3
