cpanm (App::cpanminus) 1.7042 on perl 5.024001 built for MSWin32-x64-multi-thread
Work directory is C:\Users\CGONZA~1/.cpanm/work/1492959208.5992
You have make C:\Strawberry\c\bin\dmake.exe
You have LWP 6.15
Falling back to Archive::Tar 2.24
Searching Image::Magick () on cpanmetadb ...
--> Working on Image::Magick
Fetching http://www.cpan.org/authors/id/J/JC/JCRISTY/PerlMagick-6.89-1.tar.gz
-> OK
Unpacking PerlMagick-6.89-1.tar.gz
Entering PerlMagick-6.89
META.yml/json not found. Creating skeleton for it.
Configuring PerlMagick-6.89-1
Running Makefile.PL
################################### WARNING! ###################################
# It seems that you are trying to install Perl::Magick on a MS Windows box with
# perl + gcc compiler (e.g. strawberry perl), however we cannot find ImageMagick
# binaries installed on your system.
#
# Please check the following prerequisites:
#
# 1) You need to have installed ImageMagick Windows binaries from
#    http://www.imagemagick.org/script/binary-releases.php#windows
#
# 2) We only support dynamic (DLL) ImageMagick binaries
#    note: it is not possible to mix 32/64-bit binaries of perl and ImageMagick
#
# 3) During installation select that you want to install ImageMagick's
#    development files (libraries+headers)
#
# 4) You also need to have ImageMagick's directory in your PATH
#    note: we are checking the presence of convert.exe and/or identify.exe tools
#
# 5) You might need Visual C++ Redistributable Package installed on your system
#    see instructions on ImageMagick's Binary Release webpage
#
# We are gonna continue, but chances for successful build are very low!
################################################################################
Checking if your kit is complete...
Looks good
Warning (mostly harmless): No library found for -lMagickCore
Generating a dmake-style Makefile
Writing Makefile for Image::Magick
Writing MYMETA.yml and MYMETA.json
-> OK
Checking dependencies from MYMETA.json ...
Checking if you have ExtUtils::MakeMaker 0 ... Yes (7.24)
Building and testing Image-Magick-6.89
cp Magick.pm blib\lib\Image\Magick.pm
AutoSplitting blib\lib\Image\Magick.pm (blib\lib\auto\Image\Magick)
Running Mkbootstrap for Magick ()
"C:\Strawberry\perl\bin\perl.exe" -MExtUtils::Command -e chmod -- 644 "Magick.bs"
"C:\Strawberry\perl\bin\perl.exe" -MExtUtils::Command::MM -e cp_nonempty -- Magick.bs blib\arch\auto\Image\Magick\Magick.bs 644
"C:\Strawberry\perl\bin\perl.exe" "C:\Strawberry\perl\lib\ExtUtils\xsubpp"  -typemap C:\STRAWB~1\perl\lib\ExtUtils\typemap -typemap C:\Users\CGONZA~1\.cpanm\work\1492959208.5992\PerlMagick-6.89\typemap  Magick.xs > Magick.xsc
"C:\Strawberry\perl\bin\perl.exe" -MExtUtils::Command -e mv -- Magick.xsc Magick.c
gcc -c   	-s -O2 -DWIN32 -DWIN64 -DCONSERVATIVE  -DPERL_TEXTMODE_SCRIPTS -DPERL_IMPLICIT_CONTEXT -DPERL_IMPLICIT_SYS -fwrapv -fno-strict-aliasing -mms-bitfields -s -O2 	  -DVERSION=\"6.89\" 	-DXS_VERSION=\"6.89\"  "-IC:\STRAWB~1\perl\lib\CORE"  -D_LARGE_FILES=1 -DHAVE_CONFIG_H Magick.c
Magick.xs:60:31: fatal error: magick/MagickCore.h: No such file or directory
 #include <magick/MagickCore.h>
                               ^
compilation terminated.
dmake.exe:  Error code 129, while making 'Magick.o'
-> FAIL Installing Image::Magick failed. See C:\Users\CGONZA~1\.cpanm\work\1492959208.5992\build.log for details. Retry with --force to force install it.
