t/15time_zone....1..14
ok 1 - got 2001-11-22T00:00:00 - min
ok 2 - got time zone name from set
ok 3 - got 2001-11-22T10:00:00 - min
ok 4 - got 2002-11-22T10:00:00 - max
ok 5 - got 2001-11-22T00:00:00 - min
ok 6 - got 2002-11-22T00:00:00 - max
_callback_previous: Delta components are: months 0 days 0 minutes 0 seconds 0 nanoseconds 0
_callback_previous: iterator can't find a previous value, got 2001-12-31 after 2001-12-02 at blib/lib/DateTime/Set.pm line 338.
_callback_previous: Delta components are: months 0 days 0 minutes 0 seconds 0 nanoseconds 0
_callback_previous: iterator can't find a previous value, got 2001-12-31 after 2001-12-02 at blib/lib/DateTime/Set.pm line 338.
not ok 7 - recurrence with time zone

#     Failed test (t/15time_zone.t at line 60)
#          got: '2001-12-02T00:00:00 Asia/Taipei'
#     expected: '2001-12-01T00:00:00 Asia/Taipei'
ok 8 - does not mutate arg
ok 9 - recurrence without time zone, arg without time zone
_callback_previous: Delta components are: months 0 days 0 minutes 0 seconds 0 nanoseconds 0
_callback_previous: iterator can't find a previous value, got 2001-12-31 after 2001-12-02 at blib/lib/DateTime/Set.pm line 338.
not ok 10 - recurrence with time zone, arg without time zone

#     Failed test (t/15time_zone.t at line 87)
#          got: '2001-12-02T00:00:00 Asia/Taipei'
#     expected: '2001-12-01T00:00:00 Asia/Taipei'
ok 11 - recurrence with time zone, arg without time zone
_callback_previous: Delta components are: months 0 days 0 minutes 0 seconds 0 nanoseconds 0
_callback_previous: iterator can't find a previous value, got 2001-12-31 after 2001-12-02 at blib/lib/DateTime/Set.pm line 338.
not ok 12 - recurrence with time zone, arg with time zone

#     Failed test (t/15time_zone.t at line 102)
#          got: '2001-12-01T14:00:00 America/Sao_Paulo'
#     expected: '2001-11-30T14:00:00 America/Sao_Paulo'
_callback_previous: Delta components are: months 0 days 0 minutes 0 seconds 0 nanoseconds 0
_callback_previous: iterator can't find a previous value, got 2001-12-31 after 2001-12-02 at blib/lib/DateTime/Set.pm line 338.
_callback_previous: Delta components are: months 0 days 0 minutes 0 seconds 0 nanoseconds 0
_callback_previous: iterator can't find a previous value, got 2001-12-31 after 2001-12-31 at blib/lib/DateTime/Set.pm line 338.
_callback_previous: Delta components are: months 0 days 0 minutes 0 seconds 0 nanoseconds 0
_callback_previous: iterator can't find a previous value, got 2001-12-31 after 2001-12-31 at blib/lib/DateTime/Set.pm line 338.
_callback_previous: Delta components are: months 0 days 0 minutes 0 seconds 0 nanoseconds 0
_callback_previous: iterator can't find a previous value, got 2001-12-31 after 2001-12-31 at blib/lib/DateTime/Set.pm line 338.
_callback_previous: Delta components are: months 0 days 0 minutes 0 seconds 0 nanoseconds 0
_callback_previous: iterator can't find a previous value, got 2001-12-31 after 2001-12-31 at blib/lib/DateTime/Set.pm line 338.
_callback_previous: Delta components are: months 0 days 0 minutes 0 seconds 0 nanoseconds 0
_callback_previous: iterator can't find a previous value, got 2001-12-31 after 2001-12-31 at blib/lib/DateTime/Set.pm line 338.
_callback_previous: Delta components are: months 0 days 0 minutes 0 seconds 0 nanoseconds 0
_callback_previous: iterator can't find a previous value, got 2001-12-31 after 2001-12-31 at blib/lib/DateTime/Set.pm line 338.
_callback_previous: Delta components are: months 0 days 0 minutes 0 seconds 0 nanoseconds 0
_callback_previous: iterator can't find a previous value, got 2001-12-31 after 2001-12-31 at blib/lib/DateTime/Set.pm line 338.
_callback_previous: Delta components are: months 0 days 0 minutes 0 seconds 0 nanoseconds 0
_callback_previous: iterator can't find a previous value, got 2001-12-31 after 2001-12-31 at blib/lib/DateTime/Set.pm line 338.
_callback_previous: Delta components are: months 0 days 0 minutes 0 seconds 0 nanoseconds 0
_callback_previous: iterator can't find a previous value, got 2001-12-31 after 2001-12-31 at blib/lib/DateTime/Set.pm line 338.
_callback_previous: Delta components are: months 0 days 0 minutes 0 seconds 0 nanoseconds 0
_callback_previous: iterator can't find a previous value, got 2001-12-31 after 2001-12-31 at blib/lib/DateTime/Set.pm line 338.
_callback_previous: Delta components are: months 0 days 0 minutes 0 seconds 0 nanoseconds 0
_callback_previous: iterator can't find a previous value, got 2001-12-31 after 2001-12-31 at blib/lib/DateTime/Set.pm line 338.
_callback_previous: Delta components are: months 0 days 0 minutes 0 seconds 0 nanoseconds 0
_callback_previous: iterator can't find a previous value, got 2001-12-31 after 2001-12-31 at blib/lib/DateTime/Set.pm line 338.
_callback_previous: Delta components are: months 0 days 0 minutes 0 seconds 0 nanoseconds 0
_callback_previous: iterator can't find a previous value, got 2001-12-31 after 2001-12-31 at blib/lib/DateTime/Set.pm line 338.
_callback_previous: Delta components are: months 0 days 0 minutes 0 seconds 0 nanoseconds 0
_callback_previous: iterator can't find a previous value, got 2001-12-31 after 2001-12-31 at blib/lib/DateTime/Set.pm line 338.
_callback_previous: Delta components are: months 0 days 0 minutes 0 seconds 0 nanoseconds 0
_callback_previous: iterator can't find a previous value, got 2001-12-31 after 2001-12-31 at blib/lib/DateTime/Set.pm line 338.
_callback_previous: Delta components are: months 0 days 0 minutes 0 seconds 0 nanoseconds 0
_callback_previous: iterator can't find a previous value, got 2001-12-31 after 2001-12-31 at blib/lib/DateTime/Set.pm line 338.
_callback_previous: Delta components are: months 0 days 0 minutes 0 seconds 0 nanoseconds 0
_callback_previous: iterator can't find a previous value, got 2001-12-31 after 2001-12-31 at blib/lib/DateTime/Set.pm line 338.
_callback_previous: Delta components are: months 0 days 0 minutes 0 seconds 0 nanoseconds 0
_callback_previous: iterator can't find a previous value, got 2001-12-31 after 2001-12-31 at blib/lib/DateTime/Set.pm line 338.
_callback_previous: Delta components are: months 0 days 0 minutes 0 seconds 0 nanoseconds 0
_callback_previous: iterator can't find a previous value, got 2001-12-31 after 2001-12-31 at blib/lib/DateTime/Set.pm line 338.
_callback_previous: Delta components are: months 0 days 0 minutes 0 seconds 0 nanoseconds 0
_callback_previous: iterator can't find a previous value, got 2001-12-31 after 2001-12-31 at blib/lib/DateTime/Set.pm line 338.
_callback_previous: Delta components are: months 0 days 0 minutes 0 seconds 0 nanoseconds 0
_callback_previous: iterator can't find a previous value, got 2001-12-31 after 2001-12-31 at blib/lib/DateTime/Set.pm line 338.
_callback_previous: Delta components are: months 0 days 0 minutes 0 seconds 0 nanoseconds 0
_callback_previous: iterator can't find a previous value, got 2001-12-31 after 2001-12-31 at blib/lib/DateTime/Set.pm line 338.
_callback_previous: Delta components are: months 0 days 0 minutes 0 seconds 0 nanoseconds 0
_callback_previous: iterator can't find a previous value, got 2001-12-31 after 2001-12-31 at blib/lib/DateTime/Set.pm line 338.
_callback_previous: Delta components are: months 0 days 0 minutes 0 seconds 0 nanoseconds 0
_callback_previous: iterator can't find a previous value, got 2001-12-31 after 2001-12-31 at blib/lib/DateTime/Set.pm line 338.
_callback_previous: Delta components are: months 0 days 0 minutes 0 seconds 0 nanoseconds 0
_callback_previous: iterator can't find a previous value, got 2001-12-31 after 2001-12-31 at blib/lib/DateTime/Set.pm line 338.
_callback_previous: Delta components are: months 0 days 0 minutes 0 seconds 0 nanoseconds 0
_callback_previous: iterator can't find a previous value, got 2001-12-31 after 2001-12-31 at blib/lib/DateTime/Set.pm line 338.
_callback_previous: Delta components are: months 0 days 0 minutes 0 seconds 0 nanoseconds 0
_callback_previous: iterator can't find a previous value, got 2001-12-31 after 2001-12-31 at blib/lib/DateTime/Set.pm line 338.
_callback_previous: Delta components are: months 0 days 0 minutes 0 seconds 0 nanoseconds 0
_callback_previous: iterator can't find a previous value, got 2001-12-31 after 2001-12-31 at blib/lib/DateTime/Set.pm line 338.
_callback_previous: Delta components are: months 0 days 0 minutes 0 seconds 0 nanoseconds 0
_callback_previous: iterator can't find a previous value, got 2001-12-31 after 2001-12-31 at blib/lib/DateTime/Set.pm line 338.
_callback_previous: Delta components are: months 0 days 0 minutes 0 seconds 0 nanoseconds 0
_callback_previous: iterator can't find a previous value, got 2001-12-31 after 2001-12-31 at blib/lib/DateTime/Set.pm line 338.
not ok 13 - default locale

#     Failed test (t/15time_zone.t at line 119)
#          got: 'Mon'
#     expected: 'Sun'
_callback_previous: Delta components are: months 0 days 0 minutes 0 seconds 0 nanoseconds 0
_callback_previous: iterator can't find a previous value, got 2001-12-02 after 2001-11-21 at blib/lib/DateTime/Set.pm line 338.
_callback_previous: Delta components are: months 0 days 0 minutes 0 seconds 0 nanoseconds 0
_callback_previous: iterator can't find a previous value, got 2001-12-31 after 2001-12-02 at blib/lib/DateTime/Set.pm line 338.
_callback_previous: Delta components are: months 0 days 0 minutes 0 seconds 0 nanoseconds 0
_callback_previous: iterator can't find a previous value, got 2001-12-02 after 2001-11-21 at blib/lib/DateTime/Set.pm line 338.
_callback_previous: Delta components are: months 0 days 0 minutes 0 seconds 0 nanoseconds 0
_callback_previous: iterator can't find a previous value, got 2001-12-31 after 2001-12-02 at blib/lib/DateTime/Set.pm line 338.
_callback_previous: Delta components are: months 0 days 0 minutes 0 seconds 0 nanoseconds 0
_callback_previous: iterator can't find a previous value, got 2001-12-31 after 2001-12-31 at blib/lib/DateTime/Set.pm line 338.
_callback_previous: Delta components are: months 0 days 0 minutes 0 seconds 0 nanoseconds 0
_callback_previous: iterator can't find a previous value, got 2001-12-31 after 2001-12-31 at blib/lib/DateTime/Set.pm line 338.
_callback_previous: Delta components are: months 0 days 0 minutes 0 seconds 0 nanoseconds 0
_callback_previous: iterator can't find a previous value, got 2001-12-01 after 2001-11-22 at blib/lib/DateTime/Set.pm line 338.
_callback_previous: Delta components are: months 0 days 0 minutes 0 seconds 0 nanoseconds 0
_callback_previous: iterator can't find a previous value, got 2002-01-01 after 2001-12-01 at blib/lib/DateTime/Set.pm line 338.
_callback_previous: Delta components are: months 0 days 0 minutes 0 seconds 0 nanoseconds 0
_callback_previous: iterator can't find a previous value, got 2002-02-01 after 2002-01-01 at blib/lib/DateTime/Set.pm line 338.
_callback_previous: Delta components are: months 0 days 0 minutes 0 seconds 0 nanoseconds 0
_callback_previous: iterator can't find a previous value, got 2002-02-01 after 2002-01-01 at blib/lib/DateTime/Set.pm line 338.
_callback_previous: Delta components are: months 0 days 0 minutes 0 seconds 0 nanoseconds 0
_callback_previous: iterator can't find a previous value, got 2001-12-31 after 2001-12-31 at blib/lib/DateTime/Set.pm line 338.
_callback_previous: Delta components are: months 0 days 0 minutes 0 seconds 0 nanoseconds 0
_callback_previous: iterator can't find a previous value, got 2001-12-31 after 2001-12-31 at blib/lib/DateTime/Set.pm line 338.
_callback_previous: Delta components are: months 0 days 0 minutes 0 seconds 0 nanoseconds 0
_callback_previous: iterator can't find a previous value, got 2001-12-01 after 2001-11-22 at blib/lib/DateTime/Set.pm line 338.
_callback_previous: Delta components are: months 0 days 0 minutes 0 seconds 0 nanoseconds 0
_callback_previous: iterator can't find a previous value, got 2002-01-01 after 2001-12-01 at blib/lib/DateTime/Set.pm line 338.
_callback_previous: Delta components are: months 0 days 0 minutes 0 seconds 0 nanoseconds 0
_callback_previous: iterator can't find a previous value, got 2002-02-01 after 2002-01-01 at blib/lib/DateTime/Set.pm line 338.
_callback_previous: Delta components are: months 0 days 0 minutes 0 seconds 0 nanoseconds 0
_callback_previous: iterator can't find a previous value, got 2002-02-01 after 2002-01-01 at blib/lib/DateTime/Set.pm line 338.
_callback_previous: Delta components are: months 0 days 0 minutes 0 seconds 0 nanoseconds 0
_callback_previous: iterator can't find a previous value, got 2001-12-31 after 2001-12-31 at blib/lib/DateTime/Set.pm line 338.
_callback_previous: Delta components are: months 0 days 0 minutes 0 seconds 0 nanoseconds 0
_callback_previous: iterator can't find a previous value, got 2001-12-31 after 2001-12-31 at blib/lib/DateTime/Set.pm line 338.
_callback_previous: Delta components are: months 0 days 0 minutes 0 seconds 0 nanoseconds 0
_callback_previous: iterator can't find a previous value, got 2001-12-01 after 2001-11-22 at blib/lib/DateTime/Set.pm line 338.
_callback_previous: Delta components are: months 0 days 0 minutes 0 seconds 0 nanoseconds 0
_callback_previous: iterator can't find a previous value, got 2002-01-01 after 2001-12-01 at blib/lib/DateTime/Set.pm line 338.
_callback_previous: Delta components are: months 0 days 0 minutes 0 seconds 0 nanoseconds 0
_callback_previous: iterator can't find a previous value, got 2002-02-01 after 2002-01-01 at blib/lib/DateTime/Set.pm line 338.
_callback_previous: Delta components are: months 0 days 0 minutes 0 seconds 0 nanoseconds 0
_callback_previous: iterator can't find a previous value, got 2002-02-01 after 2002-01-01 at blib/lib/DateTime/Set.pm line 338.
_callback_previous: Delta components are: months 0 days 0 minutes 0 seconds 0 nanoseconds 0
_callback_previous: iterator can't find a previous value, got 2001-12-31 after 2001-12-31 at blib/lib/DateTime/Set.pm line 338.
_callback_previous: Delta components are: months 0 days 0 minutes 0 seconds 0 nanoseconds 0
_callback_previous: iterator can't find a previous value, got 2001-12-31 after 2001-12-31 at blib/lib/DateTime/Set.pm line 338.
_callback_previous: Delta components are: months 0 days 0 minutes 0 seconds 0 nanoseconds 0
_callback_previous: iterator can't find a previous value, got 2001-12-01 after 2001-11-22 at blib/lib/DateTime/Set.pm line 338.
_callback_previous: Delta components are: months 0 days 0 minutes 0 seconds 0 nanoseconds 0
_callback_previous: iterator can't find a previous value, got 2002-01-01 after 2001-12-01 at blib/lib/DateTime/Set.pm line 338.
_callback_previous: Delta components are: months 0 days 0 minutes 0 seconds 0 nanoseconds 0
_callback_previous: iterator can't find a previous value, got 2002-02-01 after 2002-01-01 at blib/lib/DateTime/Set.pm line 338.
_callback_previous: Delta components are: months 0 days 0 minutes 0 seconds 0 nanoseconds 0
_callback_previous: iterator can't find a previous value, got 2002-02-01 after 2002-01-01 at blib/lib/DateTime/Set.pm line 338.
_callback_previous: Delta components are: months 0 days 0 minutes 0 seconds 0 nanoseconds 0
_callback_previous: iterator can't find a previous value, got 2001-12-01 after 2001-11-22 at blib/lib/DateTime/Set.pm line 338.
_callback_previous: Delta components are: months 0 days 0 minutes 0 seconds 0 nanoseconds 0
_callback_previous: iterator can't find a previous value, got 2002-01-01 after 2001-12-01 at blib/lib/DateTime/Set.pm line 338.
_callback_previous: Delta components are: months 0 days 0 minutes 0 seconds 0 nanoseconds 0
_callback_previous: iterator can't find a previous value, got 2002-02-01 after 2002-01-01 at blib/lib/DateTime/Set.pm line 338.
_callback_previous: Delta components are: months 0 days 0 minutes 0 seconds 0 nanoseconds 0
_callback_previous: iterator can't find a previous value, got 2002-02-01 after 2002-01-01 at blib/lib/DateTime/Set.pm line 338.
_callback_previous: Delta components are: months 0 days 0 minutes 0 seconds 0 nanoseconds 0
_callback_previous: iterator can't find a previous value, got 2001-12-31 after 2001-12-02 at blib/lib/DateTime/Set.pm line 338.
_callback_previous: Delta components are: months 0 days 0 minutes 0 seconds 0 nanoseconds 0
_callback_previous: iterator can't find a previous value, got 2001-12-31 after 2001-12-31 at blib/lib/DateTime/Set.pm line 338.
_callback_previous: Delta components are: months 0 days 0 minutes 0 seconds 0 nanoseconds 0
_callback_previous: iterator can't find a previous value, got 2001-12-31 after 2001-12-31 at blib/lib/DateTime/Set.pm line 338.
_callback_previous: Delta components are: months 0 days 0 minutes 0 seconds 0 nanoseconds 0
_callback_previous: iterator can't find a previous value, got 2001-12-31 after 2001-12-31 at blib/lib/DateTime/Set.pm line 338.
_callback_previous: Delta components are: months 0 days 0 minutes 0 seconds 0 nanoseconds 0
_callback_previous: iterator can't find a previous value, got 2001-12-31 after 2001-12-31 at blib/lib/DateTime/Set.pm line 338.
_callback_previous: Delta components are: months 0 days 0 minutes 0 seconds 0 nanoseconds 0
_callback_previous: iterator can't find a previous value, got 2001-12-31 after 2001-12-31 at blib/lib/DateTime/Set.pm line 338.
_callback_previous: Delta components are: months 0 days 0 minutes 0 seconds 0 nanoseconds 0
_callback_previous: iterator can't find a previous value, got 2001-12-31 after 2001-12-31 at blib/lib/DateTime/Set.pm line 338.
_callback_previous: Delta components are: months 0 days 0 minutes 0 seconds 0 nanoseconds 0
_callback_previous: iterator can't find a previous value, got 2001-12-31 after 2001-12-31 at blib/lib/DateTime/Set.pm line 338.
_callback_previous: Delta components are: months 0 days 0 minutes 0 seconds 0 nanoseconds 0
_callback_previous: iterator can't find a previous value, got 2001-12-31 after 2001-12-31 at blib/lib/DateTime/Set.pm line 338.
_callback_previous: Delta components are: months 0 days 0 minutes 0 seconds 0 nanoseconds 0
_callback_previous: iterator can't find a previous value, got 2001-12-31 after 2001-12-31 at blib/lib/DateTime/Set.pm line 338.
_callback_previous: Delta components are: months 0 days 0 minutes 0 seconds 0 nanoseconds 0
_callback_previous: iterator can't find a previous value, got 2001-12-31 after 2001-12-31 at blib/lib/DateTime/Set.pm line 338.
_callback_previous: Delta components are: months 0 days 0 minutes 0 seconds 0 nanoseconds 0
_callback_previous: iterator can't find a previous value, got 2001-12-31 after 2001-12-31 at blib/lib/DateTime/Set.pm line 338.
_callback_previous: Delta components are: months 0 days 0 minutes 0 seconds 0 nanoseconds 0
_callback_previous: iterator can't find a previous value, got 2001-12-31 after 2001-12-31 at blib/lib/DateTime/Set.pm line 338.
_callback_previous: Delta components are: months 0 days 0 minutes 0 seconds 0 nanoseconds 0
_callback_previous: iterator can't find a previous value, got 2001-12-31 after 2001-12-31 at blib/lib/DateTime/Set.pm line 338.
_callback_previous: Delta components are: months 0 days 0 minutes 0 seconds 0 nanoseconds 0
_callback_previous: iterator can't find a previous value, got 2001-12-31 after 2001-12-31 at blib/lib/DateTime/Set.pm line 338.
_callback_previous: Delta components are: months 0 days 0 minutes 0 seconds 0 nanoseconds 0
_callback_previous: iterator can't find a previous value, got 2001-12-31 after 2001-12-31 at blib/lib/DateTime/Set.pm line 338.
_callback_previous: Delta components are: months 0 days 0 minutes 0 seconds 0 nanoseconds 0
_callback_previous: iterator can't find a previous value, got 2001-12-31 after 2001-12-31 at blib/lib/DateTime/Set.pm line 338.
_callback_previous: Delta components are: months 0 days 0 minutes 0 seconds 0 nanoseconds 0
_callback_previous: iterator can't find a previous value, got 2001-12-31 after 2001-12-31 at blib/lib/DateTime/Set.pm line 338.
_callback_previous: Delta components are: months 0 days 0 minutes 0 seconds 0 nanoseconds 0
_callback_previous: iterator can't find a previous value, got 2001-12-31 after 2001-12-31 at blib/lib/DateTime/Set.pm line 338.
_callback_previous: Delta components are: months 0 days 0 minutes 0 seconds 0 nanoseconds 0
_callback_previous: iterator can't find a previous value, got 2001-12-31 after 2001-12-31 at blib/lib/DateTime/Set.pm line 338.
_callback_previous: Delta components are: months 0 days 0 minutes 0 seconds 0 nanoseconds 0
_callback_previous: iterator can't find a previous value, got 2001-12-31 after 2001-12-31 at blib/lib/DateTime/Set.pm line 338.
_callback_previous: Delta components are: months 0 days 0 minutes 0 seconds 0 nanoseconds 0
_callback_previous: iterator can't find a previous value, got 2001-12-31 after 2001-12-31 at blib/lib/DateTime/Set.pm line 338.
_callback_previous: Delta components are: months 0 days 0 minutes 0 seconds 0 nanoseconds 0
_callback_previous: iterator can't find a previous value, got 2001-12-31 after 2001-12-31 at blib/lib/DateTime/Set.pm line 338.
_callback_previous: Delta components are: months 0 days 0 minutes 0 seconds 0 nanoseconds 0
_callback_previous: iterator can't find a previous value, got 2001-12-31 after 2001-12-31 at blib/lib/DateTime/Set.pm line 338.
_callback_previous: Delta components are: months 0 days 0 minutes 0 seconds 0 nanoseconds 0
_callback_previous: iterator can't find a previous value, got 2001-12-31 after 2001-12-31 at blib/lib/DateTime/Set.pm line 338.
_callback_previous: Delta components are: months 0 days 0 minutes 0 seconds 0 nanoseconds 0
_callback_previous: iterator can't find a previous value, got 2001-12-31 after 2001-12-31 at blib/lib/DateTime/Set.pm line 338.
_callback_previous: Delta components are: months 0 days 0 minutes 0 seconds 0 nanoseconds 0
_callback_previous: iterator can't find a previous value, got 2001-12-31 after 2001-12-31 at blib/lib/DateTime/Set.pm line 338.
_callback_previous: Delta components are: months 0 days 0 minutes 0 seconds 0 nanoseconds 0
_callback_previous: iterator can't find a previous value, got 2001-12-31 after 2001-12-31 at blib/lib/DateTime/Set.pm line 338.
_callback_previous: Delta components are: months 0 days 0 minutes 0 seconds 0 nanoseconds 0
_callback_previous: iterator can't find a previous value, got 2001-12-31 after 2001-12-31 at blib/lib/DateTime/Set.pm line 338.
_callback_previous: Delta components are: months 0 days 0 minutes 0 seconds 0 nanoseconds 0
_callback_previous: iterator can't find a previous value, got 2001-12-31 after 2001-12-31 at blib/lib/DateTime/Set.pm line 338.
_callback_previous: Delta components are: months 0 days 0 minutes 0 seconds 0 nanoseconds 0
_callback_previous: iterator can't find a previous value, got 2001-12-31 after 2001-12-31 at blib/lib/DateTime/Set.pm line 338.
_callback_previous: Delta components are: months 0 days 0 minutes 0 seconds 0 nanoseconds 0
_callback_previous: iterator can't find a previous value, got 2001-12-31 after 2001-12-31 at blib/lib/DateTime/Set.pm line 338.
_callback_previous: Delta components are: months 0 days 0 minutes 0 seconds 0 nanoseconds 0
_callback_previous: iterator can't find a previous value, got 2001-12-31 after 2001-12-31 at blib/lib/DateTime/Set.pm line 338.
_callback_previous: Delta components are: months 0 days 0 minutes 0 seconds 0 nanoseconds 0
_callback_previous: iterator can't find a previous value, got 2001-12-31 after 2001-12-31 at blib/lib/DateTime/Set.pm line 338.
_callback_previous: Delta components are: months 0 days 0 minutes 0 seconds 0 nanoseconds 0
_callback_previous: iterator can't find a previous value, got 2001-12-31 after 2001-12-31 at blib/lib/DateTime/Set.pm line 338.
_callback_previous: Delta components are: months 0 days 0 minutes 0 seconds 0 nanoseconds 0
_callback_previous: iterator can't find a previous value, got 2001-12-31 after 2001-12-31 at blib/lib/DateTime/Set.pm line 338.
_callback_previous: Delta components are: months 0 days 0 minutes 0 seconds 0 nanoseconds 0
_callback_previous: iterator can't find a previous value, got 2001-12-31 after 2001-12-31 at blib/lib/DateTime/Set.pm line 338.
_callback_previous: Delta components are: months 0 days 0 minutes 0 seconds 0 nanoseconds 0
_callback_previous: iterator can't find a previous value, got 2001-12-31 after 2001-12-31 at blib/lib/DateTime/Set.pm line 338.
_callback_previous: Delta components are: months 0 days 0 minutes 0 seconds 0 nanoseconds 0
_callback_previous: iterator can't find a previous value, got 2001-12-31 after 2001-12-31 at blib/lib/DateTime/Set.pm line 338.
_callback_previous: Delta components are: months 0 days 0 minutes 0 seconds 0 nanoseconds 0
_callback_previous: iterator can't find a previous value, got 2001-12-31 after 2001-12-31 at blib/lib/DateTime/Set.pm line 338.
_callback_previous: Delta components are: months 0 days 0 minutes 0 seconds 0 nanoseconds 0
_callback_previous: iterator can't find a previous value, got 2001-12-31 after 2001-12-31 at blib/lib/DateTime/Set.pm line 338.
_callback_previous: Delta components are: months 0 days 0 minutes 0 seconds 0 nanoseconds 0
_callback_previous: iterator can't find a previous value, got 2001-12-31 after 2001-12-31 at blib/lib/DateTime/Set.pm line 338.
_callback_previous: Delta components are: months 0 days 0 minutes 0 seconds 0 nanoseconds 0
_callback_previous: iterator can't find a previous value, got 2001-12-31 after 2001-12-31 at blib/lib/DateTime/Set.pm line 338.
_callback_previous: Delta components are: months 0 days 0 minutes 0 seconds 0 nanoseconds 0
_callback_previous: iterator can't find a previous value, got 2001-12-31 after 2001-12-31 at blib/lib/DateTime/Set.pm line 338.
_callback_previous: Delta components are: months 0 days 0 minutes 0 seconds 0 nanoseconds 0
_callback_previous: iterator can't find a previous value, got 2001-12-31 after 2001-12-31 at blib/lib/DateTime/Set.pm line 338.
_callback_previous: Delta components are: months 0 days 0 minutes 0 seconds 0 nanoseconds 0
_callback_previous: iterator can't find a previous value, got 2001-12-31 after 2001-12-31 at blib/lib/DateTime/Set.pm line 338.
_callback_previous: Delta components are: months 0 days 0 minutes 0 seconds 0 nanoseconds 0
_callback_previous: iterator can't find a previous value, got 2001-12-31 after 2001-12-31 at blib/lib/DateTime/Set.pm line 338.
_callback_previous: Delta components are: months 0 days 0 minutes 0 seconds 0 nanoseconds 0
_callback_previous: iterator can't find a previous value, got 2001-12-31 after 2001-12-31 at blib/lib/DateTime/Set.pm line 338.
_callback_previous: Delta components are: months 0 days 0 minutes 0 seconds 0 nanoseconds 0
_callback_previous: iterator can't find a previous value, got 2001-12-31 after 2001-12-31 at blib/lib/DateTime/Set.pm line 338.
_callback_previous: Delta components are: months 0 days 0 minutes 0 seconds 0 nanoseconds 0
_callback_previous: iterator can't find a previous value, got 2001-12-31 after 2001-12-31 at blib/lib/DateTime/Set.pm line 338.
_callback_previous: Delta components are: months 0 days 0 minutes 0 seconds 0 nanoseconds 0
_callback_previous: iterator can't find a previous value, got 2001-12-31 after 2001-12-31 at blib/lib/DateTime/Set.pm line 338.
_callback_previous: Delta components are: months 0 days 0 minutes 0 seconds 0 nanoseconds 0
_callback_previous: iterator can't find a previous value, got 2001-12-31 after 2001-12-31 at blib/lib/DateTime/Set.pm line 338.
_callback_previous: Delta components are: months 0 days 0 minutes 0 seconds 0 nanoseconds 0
_callback_previous: iterator can't find a previous value, got 2001-12-31 after 2001-12-31 at blib/lib/DateTime/Set.pm line 338.
_callback_previous: Delta components are: months 0 days 0 minutes 0 seconds 0 nanoseconds 0
_callback_previous: iterator can't find a previous value, got 2001-12-31 after 2001-12-31 at blib/lib/DateTime/Set.pm line 338.
_callback_previous: Delta components are: months 0 days 0 minutes 0 seconds 0 nanoseconds 0
_callback_previous: iterator can't find a previous value, got 2001-12-31 after 2001-12-31 at blib/lib/DateTime/Set.pm line 338.
_callback_previous: Delta components are: months 0 days 0 minutes 0 seconds 0 nanoseconds 0
_callback_previous: iterator can't find a previous value, got 2001-12-31 after 2001-12-31 at blib/lib/DateTime/Set.pm line 338.
_callback_previous: Delta components are: months 0 days 0 minutes 0 seconds 0 nanoseconds 0
_callback_previous: iterator can't find a previous value, got 2001-12-31 after 2001-12-31 at blib/lib/DateTime/Set.pm line 338.
_callback_previous: Delta components are: months 0 days 0 minutes 0 seconds 0 nanoseconds 0
_callback_previous: iterator can't find a previous value, got 2001-12-31 after 2001-12-31 at blib/lib/DateTime/Set.pm line 338.
_callback_previous: Delta components are: months 0 days 0 minutes 0 seconds 0 nanoseconds 0
_callback_previous: iterator can't find a previous value, got 2001-12-31 after 2001-12-31 at blib/lib/DateTime/Set.pm line 338.
_callback_previous: Delta components are: months 0 days 0 minutes 0 seconds 0 nanoseconds 0
_callback_previous: iterator can't find a previous value, got 2001-12-31 after 2001-12-31 at blib/lib/DateTime/Set.pm line 338.
_callback_previous: Delta components are: months 0 days 0 minutes 0 seconds 0 nanoseconds 0
_callback_previous: iterator can't find a previous value, got 2001-12-31 after 2001-12-31 at blib/lib/DateTime/Set.pm line 338.
_callback_previous: Delta components are: months 0 days 0 minutes 0 seconds 0 nanoseconds 0
_callback_previous: iterator can't find a previous value, got 2001-12-31 after 2001-12-31 at blib/lib/DateTime/Set.pm line 338.
_callback_previous: Delta components are: months 0 days 0 minutes 0 seconds 0 nanoseconds 0
_callback_previous: iterator can't find a previous value, got 2001-12-31 after 2001-12-31 at blib/lib/DateTime/Set.pm line 338.
_callback_previous: Delta components are: months 0 days 0 minutes 0 seconds 0 nanoseconds 0
_callback_previous: iterator can't find a previous value, got 2001-12-31 after 2001-12-31 at blib/lib/DateTime/Set.pm line 338.
_callback_previous: Delta components are: months 0 days 0 minutes 0 seconds 0 nanoseconds 0
_callback_previous: iterator can't find a previous value, got 2001-12-31 after 2001-12-31 at blib/lib/DateTime/Set.pm line 338.
_callback_previous: Delta components are: months 0 days 0 minutes 0 seconds 0 nanoseconds 0
_callback_previous: iterator can't find a previous value, got 2001-12-31 after 2001-12-31 at blib/lib/DateTime/Set.pm line 338.
_callback_previous: Delta components are: months 0 days 0 minutes 0 seconds 0 nanoseconds 0
_callback_previous: iterator can't find a previous value, got 2001-12-31 after 2001-12-31 at blib/lib/DateTime/Set.pm line 338.
_callback_previous: Delta components are: months 0 days 0 minutes 0 seconds 0 nanoseconds 0
_callback_previous: iterator can't find a previous value, got 2001-12-31 after 2001-12-31 at blib/lib/DateTime/Set.pm line 338.
_callback_previous: Delta components are: months 0 days 0 minutes 0 seconds 0 nanoseconds 0
_callback_previous: iterator can't find a previous value, got 2001-12-31 after 2001-12-31 at blib/lib/DateTime/Set.pm line 338.
_callback_previous: Delta components are: months 0 days 0 minutes 0 seconds 0 nanoseconds 0
_callback_previous: iterator can't find a previous value, got 2001-12-31 after 2001-12-31 at blib/lib/DateTime/Set.pm line 338.
_callback_previous: Delta components are: months 0 days 0 minutes 0 seconds 0 nanoseconds 0
_callback_previous: iterator can't find a previous value, got 2001-12-31 after 2001-12-31 at blib/lib/DateTime/Set.pm line 338.
_callback_previous: Delta components are: months 0 days 0 minutes 0 seconds 0 nanoseconds 0
_callback_previous: iterator can't find a previous value, got 2001-12-31 after 2001-12-31 at blib/lib/DateTime/Set.pm line 338.
_callback_previous: Delta components are: months 0 days 0 minutes 0 seconds 0 nanoseconds 0
_callback_previous: iterator can't find a previous value, got 2001-12-31 after 2001-12-31 at blib/lib/DateTime/Set.pm line 338.
_callback_previous: Delta components are: months 0 days 0 minutes 0 seconds 0 nanoseconds 0
_callback_previous: iterator can't find a previous value, got 2001-12-31 after 2001-12-31 at blib/lib/DateTime/Set.pm line 338.
_callback_previous: Delta components are: months 0 days 0 minutes 0 seconds 0 nanoseconds 0
_callback_previous: iterator can't find a previous value, got 2001-12-31 after 2001-12-31 at blib/lib/DateTime/Set.pm line 338.
_callback_previous: Delta components are: months 0 days 0 minutes 0 seconds 0 nanoseconds 0
_callback_previous: iterator can't find a previous value, got 2001-12-31 after 2001-12-31 at blib/lib/DateTime/Set.pm line 338.
_callback_previous: Delta components are: months 0 days 0 minutes 0 seconds 0 nanoseconds 0
_callback_previous: iterator can't find a previous value, got 2001-12-31 after 2001-12-31 at blib/lib/DateTime/Set.pm line 338.
_callback_previous: Delta components are: months 0 days 0 minutes 0 seconds 0 nanoseconds 0
_callback_previous: iterator can't find a previous value, got 2001-12-31 after 2001-12-31 at blib/lib/DateTime/Set.pm line 338.
_callback_previous: Delta components are: months 0 days 0 minutes 0 seconds 0 nanoseconds 0
_callback_previous: iterator can't find a previous value, got 2001-12-31 after 2001-12-31 at blib/lib/DateTime/Set.pm line 338.
_callback_previous: Delta components are: months 0 days 0 minutes 0 seconds 0 nanoseconds 0
_callback_previous: iterator can't find a previous value, got 2001-12-31 after 2001-12-31 at blib/lib/DateTime/Set.pm line 338.
_callback_previous: Delta components are: months 0 days 0 minutes 0 seconds 0 nanoseconds 0
_callback_previous: iterator can't find a previous value, got 2001-12-31 after 2001-12-31 at blib/lib/DateTime/Set.pm line 338.
_callback_previous: Delta components are: months 0 days 0 minutes 0 seconds 0 nanoseconds 0
_callback_previous: iterator can't find a previous value, got 2001-12-31 after 2001-12-31 at blib/lib/DateTime/Set.pm line 338.
_callback_previous: Delta components are: months 0 days 0 minutes 0 seconds 0 nanoseconds 0
_callback_previous: iterator can't find a previous value, got 2001-12-31 after 2001-12-31 at blib/lib/DateTime/Set.pm line 338.
_callback_previous: Delta components are: months 0 days 0 minutes 0 seconds 0 nanoseconds 0
_callback_previous: iterator can't find a previous value, got 2001-12-31 after 2001-12-31 at blib/lib/DateTime/Set.pm line 338.
_callback_previous: Delta components are: months 0 days 0 minutes 0 seconds 0 nanoseconds 0
_callback_previous: iterator can't find a previous value, got 2001-12-31 after 2001-12-31 at blib/lib/DateTime/Set.pm line 338.
_callback_previous: Delta components are: months 0 days 0 minutes 0 seconds 0 nanoseconds 0
_callback_previous: iterator can't find a previous value, got 2001-12-31 after 2001-12-31 at blib/lib/DateTime/Set.pm line 338.
_callback_previous: Delta components are: months 0 days 0 minutes 0 seconds 0 nanoseconds 0
_callback_previous: iterator can't find a previous value, got 2001-12-31 after 2001-12-31 at blib/lib/DateTime/Set.pm line 338.
_callback_previous: Delta components are: months 0 days 0 minutes 0 seconds 0 nanoseconds 0
_callback_previous: iterator can't find a previous value, got 2001-12-31 after 2001-12-31 at blib/lib/DateTime/Set.pm line 338.
_callback_previous: Delta components are: months 0 days 0 minutes 0 seconds 0 nanoseconds 0
_callback_previous: iterator can't find a previous value, got 2001-12-31 after 2001-12-31 at blib/lib/DateTime/Set.pm line 338.
_callback_previous: Delta components are: months 0 days 0 minutes 0 seconds 0 nanoseconds 0
_callback_previous: iterator can't find a previous value, got 2001-12-31 after 2001-12-31 at blib/lib/DateTime/Set.pm line 338.
_callback_previous: Delta components are: months 0 days 0 minutes 0 seconds 0 nanoseconds 0
_callback_previous: iterator can't find a previous value, got 2001-12-31 after 2001-12-31 at blib/lib/DateTime/Set.pm line 338.
_callback_previous: Delta components are: months 0 days 0 minutes 0 seconds 0 nanoseconds 0
_callback_previous: iterator can't find a previous value, got 2001-12-31 after 2001-12-31 at blib/lib/DateTime/Set.pm line 338.
_callback_previous: Delta components are: months 0 days 0 minutes 0 seconds 0 nanoseconds 0
_callback_previous: iterator can't find a previous value, got 2001-12-31 after 2001-12-31 at blib/lib/DateTime/Set.pm line 338.
_callback_previous: Delta components are: months 0 days 0 minutes 0 seconds 0 nanoseconds 0
_callback_previous: iterator can't find a previous value, got 2001-12-31 after 2001-12-31 at blib/lib/DateTime/Set.pm line 338.
_callback_previous: Delta components are: months 0 days 0 minutes 0 seconds 0 nanoseconds 0
_callback_previous: iterator can't find a previous value, got 2001-12-31 after 2001-12-31 at blib/lib/DateTime/Set.pm line 338.
_callback_previous: Delta components are: months 0 days 0 minutes 0 seconds 0 nanoseconds 0
_callback_previous: iterator can't find a previous value, got 2001-12-31 after 2001-12-31 at blib/lib/DateTime/Set.pm line 338.
_callback_previous: Delta components are: months 0 days 0 minutes 0 seconds 0 nanoseconds 0
_callback_previous: iterator can't find a previous value, got 2001-12-31 after 2001-12-31 at blib/lib/DateTime/Set.pm line 338.
_callback_previous: Delta components are: months 0 days 0 minutes 0 seconds 0 nanoseconds 0
_callback_previous: iterator can't find a previous value, got 2001-12-31 after 2001-12-31 at blib/lib/DateTime/Set.pm line 338.
_callback_previous: Delta components are: months 0 days 0 minutes 0 seconds 0 nanoseconds 0
_callback_previous: iterator can't find a previous value, got 2001-12-31 after 2001-12-31 at blib/lib/DateTime/Set.pm line 338.
_callback_previous: Delta components are: months 0 days 0 minutes 0 seconds 0 nanoseconds 0
_callback_previous: iterator can't find a previous value, got 2001-12-31 after 2001-12-31 at blib/lib/DateTime/Set.pm line 338.
_callback_previous: Delta components are: months 0 days 0 minutes 0 seconds 0 nanoseconds 0
_callback_previous: iterator can't find a previous value, got 2001-12-31 after 2001-12-31 at blib/lib/DateTime/Set.pm line 338.
_callback_previous: Delta components are: months 0 days 0 minutes 0 seconds 0 nanoseconds 0
_callback_previous: iterator can't find a previous value, got 2001-12-31 after 2001-12-31 at blib/lib/DateTime/Set.pm line 338.
_callback_previous: Delta components are: months 0 days 0 minutes 0 seconds 0 nanoseconds 0
_callback_previous: iterator can't find a previous value, got 2001-12-31 after 2001-12-31 at blib/lib/DateTime/Set.pm line 338.
_callback_previous: Delta components are: months 0 days 0 minutes 0 seconds 0 nanoseconds 0
_callback_previous: iterator can't find a previous value, got 2001-12-31 after 2001-12-31 at blib/lib/DateTime/Set.pm line 338.
_callback_previous: Delta components are: months 0 days 0 minutes 0 seconds 0 nanoseconds 0
_callback_previous: iterator can't find a previous value, got 2001-12-31 after 2001-12-31 at blib/lib/DateTime/Set.pm line 338.
_callback_previous: Delta components are: months 0 days 0 minutes 0 seconds 0 nanoseconds 0
_callback_previous: iterator can't find a previous value, got 2001-12-31 after 2001-12-31 at blib/lib/DateTime/Set.pm line 338.
_callback_previous: Delta components are: months 0 days 0 minutes 0 seconds 0 nanoseconds 0
_callback_previous: iterator can't find a previous value, got 2001-12-31 after 2001-12-31 at blib/lib/DateTime/Set.pm line 338.
_callback_previous: Delta components are: months 0 days 0 minutes 0 seconds 0 nanoseconds 0
_callback_previous: iterator can't find a previous value, got 2001-12-31 after 2001-12-31 at blib/lib/DateTime/Set.pm line 338.
_callback_previous: Delta components are: months 0 days 0 minutes 0 seconds 0 nanoseconds 0
_callback_previous: iterator can't find a previous value, got 2001-12-31 after 2001-12-31 at blib/lib/DateTime/Set.pm line 338.
_callback_previous: Delta components are: months 0 days 0 minutes 0 seconds 0 nanoseconds 0
_callback_previous: iterator can't find a previous value, got 2001-12-31 after 2001-12-31 at blib/lib/DateTime/Set.pm line 338.
_callback_previous: Delta components are: months 0 days 0 minutes 0 seconds 0 nanoseconds 0
_callback_previous: iterator can't find a previous value, got 2001-12-31 after 2001-12-31 at blib/lib/DateTime/Set.pm line 338.
_callback_previous: Delta components are: months 0 days 0 minutes 0 seconds 0 nanoseconds 0
_callback_previous: iterator can't find a previous value, got 2001-12-31 after 2001-12-31 at blib/lib/DateTime/Set.pm line 338.
_callback_previous: Delta components are: months 0 days 0 minutes 0 seconds 0 nanoseconds 0
_callback_previous: iterator can't find a previous value, got 2001-12-31 after 2001-12-31 at blib/lib/DateTime/Set.pm line 338.
_callback_previous: Delta components are: months 0 days 0 minutes 0 seconds 0 nanoseconds 0
_callback_previous: iterator can't find a previous value, got 2001-12-31 after 2001-12-31 at blib/lib/DateTime/Set.pm line 338.
_callback_previous: Delta components are: months 0 days 0 minutes 0 seconds 0 nanoseconds 0
_callback_previous: iterator can't find a previous value, got 2001-12-31 after 2001-12-31 at blib/lib/DateTime/Set.pm line 338.
_callback_previous: Delta components are: months 0 days 0 minutes 0 seconds 0 nanoseconds 0
_callback_previous: iterator can't find a previous value, got 2001-12-31 after 2001-12-31 at blib/lib/DateTime/Set.pm line 338.
_callback_previous: Delta components are: months 0 days 0 minutes 0 seconds 0 nanoseconds 0
_callback_previous: iterator can't find a previous value, got 2001-12-31 after 2001-12-31 at blib/lib/DateTime/Set.pm line 338.
_callback_previous: Delta components are: months 0 days 0 minutes 0 seconds 0 nanoseconds 0
_callback_previous: iterator can't find a previous value, got 2001-12-31 after 2001-12-31 at blib/lib/DateTime/Set.pm line 338.
_callback_previous: Delta components are: months 0 days 0 minutes 0 seconds 0 nanoseconds 0
_callback_previous: iterator can't find a previous value, got 2001-12-31 after 2001-12-31 at blib/lib/DateTime/Set.pm line 338.
_callback_previous: Delta components are: months 0 days 0 minutes 0 seconds 0 nanoseconds 0
_callback_previous: iterator can't find a previous value, got 2001-12-31 after 2001-12-31 at blib/lib/DateTime/Set.pm line 338.
_callback_previous: Delta components are: months 0 days 0 minutes 0 seconds 0 nanoseconds 0
_callback_previous: iterator can't find a previous value, got 2001-12-31 after 2001-12-31 at blib/lib/DateTime/Set.pm line 338.
_callback_previous: Delta components are: months 0 days 0 minutes 0 seconds 0 nanoseconds 0
_callback_previous: iterator can't find a previous value, got 2001-12-31 after 2001-12-31 at blib/lib/DateTime/Set.pm line 338.
_callback_previous: Delta components are: months 0 days 0 minutes 0 seconds 0 nanoseconds 0
_callback_previous: iterator can't find a previous value, got 2001-12-31 after 2001-12-31 at blib/lib/DateTime/Set.pm line 338.
_callback_previous: Delta components are: months 0 days 0 minutes 0 seconds 0 nanoseconds 0
_callback_previous: iterator can't find a previous value, got 2001-12-31 after 2001-12-31 at blib/lib/DateTime/Set.pm line 338.
_callback_previous: Delta components are: months 0 days 0 minutes 0 seconds 0 nanoseconds 0
_callback_previous: iterator can't find a previous value, got 2001-12-31 after 2001-12-31 at blib/lib/DateTime/Set.pm line 338.
_callback_previous: Delta components are: months 0 days 0 minutes 0 seconds 0 nanoseconds 0
_callback_previous: iterator can't find a previous value, got 2001-12-31 after 2001-12-31 at blib/lib/DateTime/Set.pm line 338.
_callback_previous: Delta components are: months 0 days 0 minutes 0 seconds 0 nanoseconds 0
_callback_previous: iterator can't find a previous value, got 2001-12-31 after 2001-12-31 at blib/lib/DateTime/Set.pm line 338.
_callback_previous: Delta components are: months 0 days 0 minutes 0 seconds 0 nanoseconds 0
_callback_previous: iterator can't find a previous value, got 2001-12-31 after 2001-12-31 at blib/lib/DateTime/Set.pm line 338.
_callback_previous: Delta components are: months 0 days 0 minutes 0 seconds 0 nanoseconds 0
_callback_previous: iterator can't find a previous value, got 2001-12-31 after 2001-12-31 at blib/lib/DateTime/Set.pm line 338.
_callback_previous: Delta components are: months 0 days 0 minutes 0 seconds 0 nanoseconds 0
_callback_previous: iterator can't find a previous value, got 2001-12-31 after 2001-12-31 at blib/lib/DateTime/Set.pm line 338.
_callback_previous: Delta components are: months 0 days 0 minutes 0 seconds 0 nanoseconds 0
_callback_previous: iterator can't find a previous value, got 2001-12-31 after 2001-12-31 at blib/lib/DateTime/Set.pm line 338.
_callback_previous: Delta components are: months 0 days 0 minutes 0 seconds 0 nanoseconds 0
_callback_previous: iterator can't find a previous value, got 2001-12-31 after 2001-12-31 at blib/lib/DateTime/Set.pm line 338.
_callback_previous: Delta components are: months 0 days 0 minutes 0 seconds 0 nanoseconds 0
_callback_previous: iterator can't find a previous value, got 2001-12-31 after 2001-12-31 at blib/lib/DateTime/Set.pm line 338.
_callback_previous: Delta components are: months 0 days 0 minutes 0 seconds 0 nanoseconds 0
_callback_previous: iterator can't find a previous value, got 2001-12-31 after 2001-12-31 at blib/lib/DateTime/Set.pm line 338.
_callback_previous: Delta components are: months 0 days 0 minutes 0 seconds 0 nanoseconds 0
_callback_previous: iterator can't find a previous value, got 2001-12-31 after 2001-12-31 at blib/lib/DateTime/Set.pm line 338.
_callback_previous: Delta components are: months 0 days 0 minutes 0 seconds 0 nanoseconds 0
_callback_previous: iterator can't find a previous value, got 2001-12-31 after 2001-12-31 at blib/lib/DateTime/Set.pm line 338.
_callback_previous: Delta components are: months 0 days 0 minutes 0 seconds 0 nanoseconds 0
_callback_previous: iterator can't find a previous value, got 2001-12-31 after 2001-12-31 at blib/lib/DateTime/Set.pm line 338.
_callback_previous: Delta components are: months 0 days 0 minutes 0 seconds 0 nanoseconds 0
_callback_previous: iterator can't find a previous value, got 2001-12-31 after 2001-12-31 at blib/lib/DateTime/Set.pm line 338.
_callback_previous: Delta components are: months 0 days 0 minutes 0 seconds 0 nanoseconds 0
_callback_previous: iterator can't find a previous value, got 2001-12-31 after 2001-12-31 at blib/lib/DateTime/Set.pm line 338.
_callback_previous: Delta components are: months 0 days 0 minutes 0 seconds 0 nanoseconds 0
_callback_previous: iterator can't find a previous value, got 2001-12-31 after 2001-12-31 at blib/lib/DateTime/Set.pm line 338.
_callback_previous: Delta components are: months 0 days 0 minutes 0 seconds 0 nanoseconds 0
_callback_previous: iterator can't find a previous value, got 2001-12-31 after 2001-12-31 at blib/lib/DateTime/Set.pm line 338.
_callback_previous: Delta components are: months 0 days 0 minutes 0 seconds 0 nanoseconds 0
_callback_previous: iterator can't find a previous value, got 2001-12-31 after 2001-12-31 at blib/lib/DateTime/Set.pm line 338.
_callback_previous: Delta components are: months 0 days 0 minutes 0 seconds 0 nanoseconds 0
_callback_previous: iterator can't find a previous value, got 2001-12-31 after 2001-12-31 at blib/lib/DateTime/Set.pm line 338.
_callback_previous: Delta components are: months 0 days 0 minutes 0 seconds 0 nanoseconds 0
_callback_previous: iterator can't find a previous value, got 2001-12-31 after 2001-12-31 at blib/lib/DateTime/Set.pm line 338.
_callback_previous: Delta components are: months 0 days 0 minutes 0 seconds 0 nanoseconds 0
_callback_previous: iterator can't find a previous value, got 2001-12-31 after 2001-12-31 at blib/lib/DateTime/Set.pm line 338.
_callback_previous: Delta components are: months 0 days 0 minutes 0 seconds 0 nanoseconds 0
_callback_previous: iterator can't find a previous value, got 2001-12-31 after 2001-12-31 at blib/lib/DateTime/Set.pm line 338.
_callback_previous: Delta components are: months 0 days 0 minutes 0 seconds 0 nanoseconds 0
_callback_previous: iterator can't find a previous value, got 2001-12-31 after 2001-12-31 at blib/lib/DateTime/Set.pm line 338.
_callback_previous: Delta components are: months 0 days 0 minutes 0 seconds 0 nanoseconds 0
_callback_previous: iterator can't find a previous value, got 2001-12-31 after 2001-12-31 at blib/lib/DateTime/Set.pm line 338.
_callback_previous: Delta components are: months 0 days 0 minutes 0 seconds 0 nanoseconds 0
_callback_previous: iterator can't find a previous value, got 2001-12-31 after 2001-12-31 at blib/lib/DateTime/Set.pm line 338.
_callback_previous: Delta components are: months 0 days 0 minutes 0 seconds 0 nanoseconds 0
_callback_previous: iterator can't find a previous value, got 2001-12-31 after 2001-12-31 at blib/lib/DateTime/Set.pm line 338.
_callback_previous: Delta components are: months 0 days 0 minutes 0 seconds 0 nanoseconds 0
_callback_previous: iterator can't find a previous value, got 2001-12-31 after 2001-12-31 at blib/lib/DateTime/Set.pm line 338.
_callback_previous: Delta components are: months 0 days 0 minutes 0 seconds 0 nanoseconds 0
_callback_previous: iterator can't find a previous value, got 2001-12-31 after 2001-12-31 at blib/lib/DateTime/Set.pm line 338.
_callback_previous: Delta components are: months 0 days 0 minutes 0 seconds 0 nanoseconds 0
_callback_previous: iterator can't find a previous value, got 2001-12-31 after 2001-12-31 at blib/lib/DateTime/Set.pm line 338.
_callback_previous: Delta components are: months 0 days 0 minutes 0 seconds 0 nanoseconds 0
_callback_previous: iterator can't find a previous value, got 2001-12-31 after 2001-12-31 at blib/lib/DateTime/Set.pm line 338.
_callback_previous: Delta components are: months 0 days 0 minutes 0 seconds 0 nanoseconds 0
_callback_previous: iterator can't find a previous value, got 2001-12-31 after 2001-12-31 at blib/lib/DateTime/Set.pm line 338.
_callback_previous: Delta components are: months 0 days 0 minutes 0 seconds 0 nanoseconds 0
_callback_previous: iterator can't find a previous value, got 2001-12-31 after 2001-12-31 at blib/lib/DateTime/Set.pm line 338.
_callback_previous: Delta components are: months 0 days 0 minutes 0 seconds 0 nanoseconds 0
_callback_previous: iterator can't find a previous value, got 2001-12-31 after 2001-12-31 at blib/lib/DateTime/Set.pm line 338.
_callback_previous: Delta components are: months 0 days 0 minutes 0 seconds 0 nanoseconds 0
_callback_previous: iterator can't find a previous value, got 2001-12-31 after 2001-12-31 at blib/lib/DateTime/Set.pm line 338.
_callback_previous: Delta components are: months 0 days 0 minutes 0 seconds 0 nanoseconds 0
_callback_previous: iterator can't find a previous value, got 2001-12-31 after 2001-12-31 at blib/lib/DateTime/Set.pm line 338.
_callback_previous: Delta components are: months 0 days 0 minutes 0 seconds 0 nanoseconds 0
_callback_previous: iterator can't find a previous value, got 2001-12-31 after 2001-12-31 at blib/lib/DateTime/Set.pm line 338.
_callback_previous: Delta components are: months 0 days 0 minutes 0 seconds 0 nanoseconds 0
_callback_previous: iterator can't find a previous value, got 2001-12-31 after 2001-12-31 at blib/lib/DateTime/Set.pm line 338.
_callback_previous: Delta components are: months 0 days 0 minutes 0 seconds 0 nanoseconds 0
_callback_previous: iterator can't find a previous value, got 2001-12-31 after 2001-12-31 at blib/lib/DateTime/Set.pm line 338.
_callback_previous: Delta components are: months 0 days 0 minutes 0 seconds 0 nanoseconds 0
_callback_previous: iterator can't find a previous value, got 2001-12-31 after 2001-12-31 at blib/lib/DateTime/Set.pm line 338.
_callback_previous: Delta components are: months 0 days 0 minutes 0 seconds 0 nanoseconds 0
_callback_previous: iterator can't find a previous value, got 2001-12-31 after 2001-12-31 at blib/lib/DateTime/Set.pm line 338.
_callback_previous: Delta components are: months 0 days 0 minutes 0 seconds 0 nanoseconds 0
_callback_previous: iterator can't find a previous value, got 2001-12-31 after 2001-12-31 at blib/lib/DateTime/Set.pm line 338.
_callback_previous: Delta components are: months 0 days 0 minutes 0 seconds 0 nanoseconds 0
_callback_previous: iterator can't find a previous value, got 2001-12-31 after 2001-12-31 at blib/lib/DateTime/Set.pm line 338.
_callback_previous: Delta components are: months 0 days 0 minutes 0 seconds 0 nanoseconds 0
_callback_previous: iterator can't find a previous value, got 2001-12-31 after 2001-12-31 at blib/lib/DateTime/Set.pm line 338.
_callback_previous: Delta components are: months 0 days 0 minutes 0 seconds 0 nanoseconds 0
_callback_previous: iterator can't find a previous value, got 2001-12-31 after 2001-12-31 at blib/lib/DateTime/Set.pm line 338.
_callback_previous: Delta components are: months 0 days 0 minutes 0 seconds 0 nanoseconds 0
_callback_previous: iterator can't find a previous value, got 2001-12-31 after 2001-12-31 at blib/lib/DateTime/Set.pm line 338.
_callback_previous: Delta components are: months 0 days 0 minutes 0 seconds 0 nanoseconds 0
_callback_previous: iterator can't find a previous value, got 2001-12-31 after 2001-12-31 at blib/lib/DateTime/Set.pm line 338.
_callback_previous: Delta components are: months 0 days 0 minutes 0 seconds 0 nanoseconds 0
_callback_previous: iterator can't find a previous value, got 2001-12-31 after 2001-12-31 at blib/lib/DateTime/Set.pm line 338.
_callback_previous: Delta components are: months 0 days 0 minutes 0 seconds 0 nanoseconds 0
_callback_previous: iterator can't find a previous value, got 2001-12-31 after 2001-12-31 at blib/lib/DateTime/Set.pm line 338.
_callback_previous: Delta components are: months 0 days 0 minutes 0 seconds 0 nanoseconds 0
_callback_previous: iterator can't find a previous value, got 2001-12-31 after 2001-12-31 at blib/lib/DateTime/Set.pm line 338.
_callback_previous: Delta components are: months 0 days 0 minutes 0 seconds 0 nanoseconds 0
_callback_previous: iterator can't find a previous value, got 2001-12-31 after 2001-12-31 at blib/lib/DateTime/Set.pm line 338.
_callback_previous: Delta components are: months 0 days 0 minutes 0 seconds 0 nanoseconds 0
_callback_previous: iterator can't find a previous value, got 2001-12-31 after 2001-12-31 at blib/lib/DateTime/Set.pm line 338.
_callback_previous: Delta components are: months 0 days 0 minutes 0 seconds 0 nanoseconds 0
_callback_previous: iterator can't find a previous value, got 2001-12-31 after 2001-12-31 at blib/lib/DateTime/Set.pm line 338.
_callback_previous: Delta components are: months 0 days 0 minutes 0 seconds 0 nanoseconds 0
_callback_previous: iterator can't find a previous value, got 2001-12-31 after 2001-12-31 at blib/lib/DateTime/Set.pm line 338.
_callback_previous: Delta components are: months 0 days 0 minutes 0 seconds 0 nanoseconds 0
_callback_previous: iterator can't find a previous value, got 2001-12-31 after 2001-12-31 at blib/lib/DateTime/Set.pm line 338.
_callback_previous: Delta components are: months 0 days 0 minutes 0 seconds 0 nanoseconds 0
_callback_previous: iterator can't find a previous value, got 2001-12-31 after 2001-12-31 at blib/lib/DateTime/Set.pm line 338.
_callback_previous: Delta components are: months 0 days 0 minutes 0 seconds 0 nanoseconds 0
_callback_previous: iterator can't find a previous value, got 2001-12-31 after 2001-12-31 at blib/lib/DateTime/Set.pm line 338.
_callback_previous: Delta components are: months 0 days 0 minutes 0 seconds 0 nanoseconds 0
_callback_previous: iterator can't find a previous value, got 2001-12-31 after 2001-12-31 at blib/lib/DateTime/Set.pm line 338.
_callback_previous: Delta components are: months 0 days 0 minutes 0 seconds 0 nanoseconds 0
_callback_previous: iterator can't find a previous value, got 2001-12-31 after 2001-12-31 at blib/lib/DateTime/Set.pm line 338.
_callback_previous: Delta components are: months 0 days 0 minutes 0 seconds 0 nanoseconds 0
_callback_previous: iterator can't find a previous value, got 2001-12-31 after 2001-12-31 at blib/lib/DateTime/Set.pm line 338.
_callback_previous: Delta components are: months 0 days 0 minutes 0 seconds 0 nanoseconds 0
_callback_previous: iterator can't find a previous value, got 2001-12-31 after 2001-12-31 at blib/lib/DateTime/Set.pm line 338.
_callback_previous: Delta components are: months 0 days 0 minutes 0 seconds 0 nanoseconds 0
_callback_previous: iterator can't find a previous value, got 2001-12-31 after 2001-12-31 at blib/lib/DateTime/Set.pm line 338.
_callback_previous: Delta components are: months 0 days 0 minutes 0 seconds 0 nanoseconds 0
_callback_previous: iterator can't find a previous value, got 2001-12-31 after 2001-12-31 at blib/lib/DateTime/Set.pm line 338.
_callback_previous: Delta components are: months 0 days 0 minutes 0 seconds 0 nanoseconds 0
_callback_previous: iterator can't find a previous value, got 2001-12-31 after 2001-12-31 at blib/lib/DateTime/Set.pm line 338.
_callback_previous: Delta components are: months 0 days 0 minutes 0 seconds 0 nanoseconds 0
_callback_previous: iterator can't find a previous value, got 2001-12-31 after 2001-12-31 at blib/lib/DateTime/Set.pm line 338.
_callback_previous: Delta components are: months 0 days 0 minutes 0 seconds 0 nanoseconds 0
_callback_previous: iterator can't find a previous value, got 2001-12-31 after 2001-12-31 at blib/lib/DateTime/Set.pm line 338.
_callback_previous: Delta components are: months 0 days 0 minutes 0 seconds 0 nanoseconds 0
_callback_previous: iterator can't find a previous value, got 2001-12-31 after 2001-12-31 at blib/lib/DateTime/Set.pm line 338.
_callback_previous: Delta components are: months 0 days 0 minutes 0 seconds 0 nanoseconds 0
_callback_previous: iterator can't find a previous value, got 2001-12-31 after 2001-12-31 at blib/lib/DateTime/Set.pm line 338.
_callback_previous: Delta components are: months 0 days 0 minutes 0 seconds 0 nanoseconds 0
_callback_previous: iterator can't find a previous value, got 2001-12-31 after 2001-12-31 at blib/lib/DateTime/Set.pm line 338.
_callback_previous: Delta components are: months 0 days 0 minutes 0 seconds 0 nanoseconds 0
_callback_previous: iterator can't find a previous value, got 2001-12-31 after 2001-12-31 at blib/lib/DateTime/Set.pm line 338.
_callback_previous: Delta components are: months 0 days 0 minutes 0 seconds 0 nanoseconds 0
_callback_previous: iterator can't find a previous value, got 2001-12-31 after 2001-12-31 at blib/lib/DateTime/Set.pm line 338.
_callback_previous: Delta components are: months 0 days 0 minutes 0 seconds 0 nanoseconds 0
_callback_previous: iterator can't find a previous value, got 2001-12-31 after 2001-12-31 at blib/lib/DateTime/Set.pm line 338.
_callback_previous: Delta components are: months 0 days 0 minutes 0 seconds 0 nanoseconds 0
_callback_previous: iterator can't find a previous value, got 2001-12-31 after 2001-12-31 at blib/lib/DateTime/Set.pm line 338.
_callback_previous: Delta components are: months 0 days 0 minutes 0 seconds 0 nanoseconds 0
_callback_previous: iterator can't find a previous value, got 2001-12-31 after 2001-12-31 at blib/lib/DateTime/Set.pm line 338.
_callback_previous: Delta components are: months 0 days 0 minutes 0 seconds 0 nanoseconds 0
_callback_previous: iterator can't find a previous value, got 2001-12-31 after 2001-12-31 at blib/lib/DateTime/Set.pm line 338.
_callback_previous: Delta components are: months 0 days 0 minutes 0 seconds 0 nanoseconds 0
_callback_previous: iterator can't find a previous value, got 2001-12-31 after 2001-12-31 at blib/lib/DateTime/Set.pm line 338.
_callback_previous: Delta components are: months 0 days 0 minutes 0 seconds 0 nanoseconds 0
_callback_previous: iterator can't find a previous value, got 2001-12-31 after 2001-12-31 at blib/lib/DateTime/Set.pm line 338.
_callback_previous: Delta components are: months 0 days 0 minutes 0 seconds 0 nanoseconds 0
_callback_previous: iterator can't find a previous value, got 2001-12-31 after 2001-12-31 at blib/lib/DateTime/Set.pm line 338.
_callback_previous: Delta components are: months 0 days 0 minutes 0 seconds 0 nanoseconds 0
_callback_previous: iterator can't find a previous value, got 2001-12-31 after 2001-12-31 at blib/lib/DateTime/Set.pm line 338.
_callback_previous: Delta components are: months 0 days 0 minutes 0 seconds 0 nanoseconds 0
_callback_previous: iterator can't find a previous value, got 2001-12-31 after 2001-12-31 at blib/lib/DateTime/Set.pm line 338.
_callback_previous: Delta components are: months 0 days 0 minutes 0 seconds 0 nanoseconds 0
_callback_previous: iterator can't find a previous value, got 2001-12-31 after 2001-12-31 at blib/lib/DateTime/Set.pm line 338.
_callback_previous: Delta components are: months 0 days 0 minutes 0 seconds 0 nanoseconds 0
_callback_previous: iterator can't find a previous value, got 2001-12-31 after 2001-12-31 at blib/lib/DateTime/Set.pm line 338.
_callback_previous: Delta components are: months 0 days 0 minutes 0 seconds 0 nanoseconds 0
_callback_previous: iterator can't find a previous value, got 2001-12-31 after 2001-12-31 at blib/lib/DateTime/Set.pm line 338.
_callback_previous: Delta components are: months 0 days 0 minutes 0 seconds 0 nanoseconds 0
_callback_previous: iterator can't find a previous value, got 2001-12-31 after 2001-12-31 at blib/lib/DateTime/Set.pm line 338.
_callback_previous: Delta components are: months 0 days 0 minutes 0 seconds 0 nanoseconds 0
_callback_previous: iterator can't find a previous value, got 2001-12-31 after 2001-12-31 at blib/lib/DateTime/Set.pm line 338.
_callback_previous: Delta components are: months 0 days 0 minutes 0 seconds 0 nanoseconds 0
_callback_previous: iterator can't find a previous value, got 2001-12-31 after 2001-12-31 at blib/lib/DateTime/Set.pm line 338.
_callback_previous: Delta components are: months 0 days 0 minutes 0 seconds 0 nanoseconds 0
_callback_previous: iterator can't find a previous value, got 2001-12-31 after 2001-12-31 at blib/lib/DateTime/Set.pm line 338.
_callback_previous: Delta components are: months 0 days 0 minutes 0 seconds 0 nanoseconds 0
_callback_previous: iterator can't find a previous value, got 2001-12-31 after 2001-12-31 at blib/lib/DateTime/Set.pm line 338.
_callback_previous: Delta components are: months 0 days 0 minutes 0 seconds 0 nanoseconds 0
_callback_previous: iterator can't find a previous value, got 2001-12-31 after 2001-12-31 at blib/lib/DateTime/Set.pm line 338.
_callback_previous: Delta components are: months 0 days 0 minutes 0 seconds 0 nanoseconds 0
_callback_previous: iterator can't find a previous value, got 2001-12-31 after 2001-12-31 at blib/lib/DateTime/Set.pm line 338.
_callback_previous: Delta components are: months 0 days 0 minutes 0 seconds 0 nanoseconds 0
_callback_previous: iterator can't find a previous value, got 2001-12-31 after 2001-12-31 at blib/lib/DateTime/Set.pm line 338.
_callback_previous: Delta components are: months 0 days 0 minutes 0 seconds 0 nanoseconds 0
_callback_previous: iterator can't find a previous value, got 2001-12-31 after 2001-12-31 at blib/lib/DateTime/Set.pm line 338.
_callback_previous: Delta components are: months 0 days 0 minutes 0 seconds 0 nanoseconds 0
_callback_previous: iterator can't find a previous value, got 2001-12-31 after 2001-12-31 at blib/lib/DateTime/Set.pm line 338.
_callback_previous: Delta components are: months 0 days 0 minutes 0 seconds 0 nanoseconds 0
_callback_previous: iterator can't find a previous value, got 2001-12-31 after 2001-12-31 at blib/lib/DateTime/Set.pm line 338.
_callback_previous: Delta components are: months 0 days 0 minutes 0 seconds 0 nanoseconds 0
_callback_previous: iterator can't find a previous value, got 2001-12-31 after 2001-12-31 at blib/lib/DateTime/Set.pm line 338.
_callback_previous: Delta components are: months 0 days 0 minutes 0 seconds 0 nanoseconds 0
_callback_previous: iterator can't find a previous value, got 2001-12-31 after 2001-12-31 at blib/lib/DateTime/Set.pm line 338.
_callback_previous: Delta components are: months 0 days 0 minutes 0 seconds 0 nanoseconds 0
_callback_previous: iterator can't find a previous value, got 2001-12-31 after 2001-12-31 at blib/lib/DateTime/Set.pm line 338.
_callback_previous: Delta components are: months 0 days 0 minutes 0 seconds 0 nanoseconds 0
_callback_previous: iterator can't find a previous value, got 2001-12-31 after 2001-12-31 at blib/lib/DateTime/Set.pm line 338.
_callback_previous: Delta components are: months 0 days 0 minutes 0 seconds 0 nanoseconds 0
_callback_previous: iterator can't find a previous value, got 2001-12-31 after 2001-12-31 at blib/lib/DateTime/Set.pm line 338.
_callback_previous: Delta components are: months 0 days 0 minutes 0 seconds 0 nanoseconds 0
_callback_previous: iterator can't find a previous value, got 2001-12-31 after 2001-12-31 at blib/lib/DateTime/Set.pm line 338.
_callback_previous: Delta components are: months 0 days 0 minutes 0 seconds 0 nanoseconds 0
_callback_previous: iterator can't find a previous value, got 2001-12-31 after 2001-12-31 at blib/lib/DateTime/Set.pm line 338.
_callback_previous: Delta components are: months 0 days 0 minutes 0 seconds 0 nanoseconds 0
_callback_previous: iterator can't find a previous value, got 2001-12-31 after 2001-12-31 at blib/lib/DateTime/Set.pm line 338.
_callback_previous: Delta components are: months 0 days 0 minutes 0 seconds 0 nanoseconds 0
_callback_previous: iterator can't find a previous value, got 2001-12-31 after 2001-12-31 at blib/lib/DateTime/Set.pm line 338.
_callback_previous: Delta components are: months 0 days 0 minutes 0 seconds 0 nanoseconds 0
_callback_previous: iterator can't find a previous value, got 2001-12-31 after 2001-12-31 at blib/lib/DateTime/Set.pm line 338.
_callback_previous: Delta components are: months 0 days 0 minutes 0 seconds 0 nanoseconds 0
_callback_previous: iterator can't find a previous value, got 2001-12-31 after 2001-12-31 at blib/lib/DateTime/Set.pm line 338.
_callback_previous: Delta components are: months 0 days 0 minutes 0 seconds 0 nanoseconds 0
_callback_previous: iterator can't find a previous value, got 2001-12-31 after 2001-12-31 at blib/lib/DateTime/Set.pm line 338.
_callback_previous: Delta components are: months 0 days 0 minutes 0 seconds 0 nanoseconds 0
_callback_previous: iterator can't find a previous value, got 2001-12-31 after 2001-12-31 at blib/lib/DateTime/Set.pm line 338.
_callback_previous: Delta components are: months 0 days 0 minutes 0 seconds 0 nanoseconds 0
_callback_previous: iterator can't find a previous value, got 2001-12-31 after 2001-12-31 at blib/lib/DateTime/Set.pm line 338.
_callback_previous: Delta components are: months 0 days 0 minutes 0 seconds 0 nanoseconds 0
_callback_previous: iterator can't find a previous value, got 2001-12-31 after 2001-12-31 at blib/lib/DateTime/Set.pm line 338.
_callback_previous: Delta components are: months 0 days 0 minutes 0 seconds 0 nanoseconds 0
_callback_previous: iterator can't find a previous value, got 2001-12-31 after 2001-12-31 at blib/lib/DateTime/Set.pm line 338.
_callback_previous: Delta components are: months 0 days 0 minutes 0 seconds 0 nanoseconds 0
_callback_previous: iterator can't find a previous value, got 2001-12-31 after 2001-12-31 at blib/lib/DateTime/Set.pm line 338.
_callback_previous: Delta components are: months 0 days 0 minutes 0 seconds 0 nanoseconds 0
_callback_previous: iterator can't find a previous value, got 2001-12-31 after 2001-12-31 at blib/lib/DateTime/Set.pm line 338.
_callback_previous: Delta components are: months 0 days 0 minutes 0 seconds 0 nanoseconds 0
_callback_previous: iterator can't find a previous value, got 2001-12-31 after 2001-12-31 at blib/lib/DateTime/Set.pm line 338.
_callback_previous: Delta components are: months 0 days 0 minutes 0 seconds 0 nanoseconds 0
_callback_previous: iterator can't find a previous value, got 2001-12-31 after 2001-12-31 at blib/lib/DateTime/Set.pm line 338.
_callback_previous: Delta components are: months 0 days 0 minutes 0 seconds 0 nanoseconds 0
_callback_previous: iterator can't find a previous value, got 2001-12-31 after 2001-12-31 at blib/lib/DateTime/Set.pm line 338.
_callback_previous: Delta components are: months 0 days 0 minutes 0 seconds 0 nanoseconds 0
_callback_previous: iterator can't find a previous value, got 2001-12-31 after 2001-12-31 at blib/lib/DateTime/Set.pm line 338.
_callback_previous: Delta components are: months 0 days 0 minutes 0 seconds 0 nanoseconds 0
_callback_previous: iterator can't find a previous value, got 2001-12-31 after 2001-12-31 at blib/lib/DateTime/Set.pm line 338.
_callback_previous: Delta components are: months 0 days 0 minutes 0 seconds 0 nanoseconds 0
_callback_previous: iterator can't find a previous value, got 2001-12-31 after 2001-12-31 at blib/lib/DateTime/Set.pm line 338.
_callback_previous: Delta components are: months 0 days 0 minutes 0 seconds 0 nanoseconds 0
_callback_previous: iterator can't find a previous value, got 2001-12-31 after 2001-12-31 at blib/lib/DateTime/Set.pm line 338.
_callback_previous: Delta components are: months 0 days 0 minutes 0 seconds 0 nanoseconds 0
_callback_previous: iterator can't find a previous value, got 2001-12-31 after 2001-12-31 at blib/lib/DateTime/Set.pm line 338.
_callback_previous: Delta components are: months 0 days 0 minutes 0 seconds 0 nanoseconds 0
_callback_previous: iterator can't find a previous value, got 2001-12-31 after 2001-12-31 at blib/lib/DateTime/Set.pm line 338.
_callback_previous: Delta components are: months 0 days 0 minutes 0 seconds 0 nanoseconds 0
_callback_previous: iterator can't find a previous value, got 2001-12-31 after 2001-12-31 at blib/lib/DateTime/Set.pm line 338.
_callback_previous: Delta components are: months 0 days 0 minutes 0 seconds 0 nanoseconds 0
_callback_previous: iterator can't find a previous value, got 2001-12-31 after 2001-12-31 at blib/lib/DateTime/Set.pm line 338.
_callback_previous: Delta components are: months 0 days 0 minutes 0 seconds 0 nanoseconds 0
_callback_previous: iterator can't find a previous value, got 2001-12-31 after 2001-12-31 at blib/lib/DateTime/Set.pm line 338.
_callback_previous: Delta components are: months 0 days 0 minutes 0 seconds 0 nanoseconds 0
_callback_previous: iterator can't find a previous value, got 2001-12-31 after 2001-12-31 at blib/lib/DateTime/Set.pm line 338.
_callback_previous: Delta components are: months 0 days 0 minutes 0 seconds 0 nanoseconds 0
_callback_previous: iterator can't find a previous value, got 2001-12-31 after 2001-12-31 at blib/lib/DateTime/Set.pm line 338.
_callback_previous: Delta components are: months 0 days 0 minutes 0 seconds 0 nanoseconds 0
_callback_previous: iterator can't find a previous value, got 2001-12-31 after 2001-12-31 at blib/lib/DateTime/Set.pm line 338.
_callback_previous: Delta components are: months 0 days 0 minutes 0 seconds 0 nanoseconds 0
_callback_previous: iterator can't find a previous value, got 2001-12-31 after 2001-12-31 at blib/lib/DateTime/Set.pm line 338.
_callback_previous: Delta components are: months 0 days 0 minutes 0 seconds 0 nanoseconds 0
_callback_previous: iterator can't find a previous value, got 2001-12-31 after 2001-12-31 at blib/lib/DateTime/Set.pm line 338.
_callback_previous: Delta components are: months 0 days 0 minutes 0 seconds 0 nanoseconds 0
_callback_previous: iterator can't find a previous value, got 2001-12-31 after 2001-12-31 at blib/lib/DateTime/Set.pm line 338.
_callback_previous: Delta components are: months 0 days 0 minutes 0 seconds 0 nanoseconds 0
_callback_previous: iterator can't find a previous value, got 2001-12-31 after 2001-12-31 at blib/lib/DateTime/Set.pm line 338.
_callback_previous: Delta components are: months 0 days 0 minutes 0 seconds 0 nanoseconds 0
_callback_previous: iterator can't find a previous value, got 2001-12-31 after 2001-12-31 at blib/lib/DateTime/Set.pm line 338.
_callback_previous: Delta components are: months 0 days 0 minutes 0 seconds 0 nanoseconds 0
_callback_previous: iterator can't find a previous value, got 2001-12-31 after 2001-12-31 at blib/lib/DateTime/Set.pm line 338.
_callback_previous: Delta components are: months 0 days 0 minutes 0 seconds 0 nanoseconds 0
_callback_previous: iterator can't find a previous value, got 2001-12-31 after 2001-12-31 at blib/lib/DateTime/Set.pm line 338.
_callback_previous: Delta components are: months 0 days 0 minutes 0 seconds 0 nanoseconds 0
_callback_previous: iterator can't find a previous value, got 2001-12-31 after 2001-12-31 at blib/lib/DateTime/Set.pm line 338.
_callback_previous: Delta components are: months 0 days 0 minutes 0 seconds 0 nanoseconds 0
_callback_previous: iterator can't find a previous value, got 2001-12-31 after 2001-12-31 at blib/lib/DateTime/Set.pm line 338.
_callback_previous: Delta components are: months 0 days 0 minutes 0 seconds 0 nanoseconds 0
_callback_previous: iterator can't find a previous value, got 2001-12-31 after 2001-12-31 at blib/lib/DateTime/Set.pm line 338.
_callback_previous: Delta components are: months 0 days 0 minutes 0 seconds 0 nanoseconds 0
_callback_previous: iterator can't find a previous value, got 2001-12-31 after 2001-12-31 at blib/lib/DateTime/Set.pm line 338.
_callback_previous: Delta components are: months 0 days 0 minutes 0 seconds 0 nanoseconds 0
_callback_previous: iterator can't find a previous value, got 2001-12-31 after 2001-12-31 at blib/lib/DateTime/Set.pm line 338.
_callback_previous: Delta components are: months 0 days 0 minutes 0 seconds 0 nanoseconds 0
_callback_previous: iterator can't find a previous value, got 2001-12-31 after 2001-12-31 at blib/lib/DateTime/Set.pm line 338.
_callback_previous: Delta components are: months 0 days 0 minutes 0 seconds 0 nanoseconds 0
_callback_previous: iterator can't find a previous value, got 2001-12-31 after 2001-12-31 at blib/lib/DateTime/Set.pm line 338.
_callback_previous: Delta components are: months 0 days 0 minutes 0 seconds 0 nanoseconds 0
_callback_previous: iterator can't find a previous value, got 2001-12-31 after 2001-12-31 at blib/lib/DateTime/Set.pm line 338.
_callback_previous: Delta components are: months 0 days 0 minutes 0 seconds 0 nanoseconds 0
_callback_previous: iterator can't find a previous value, got 2001-12-31 after 2001-12-31 at blib/lib/DateTime/Set.pm line 338.
_callback_previous: Delta components are: months 0 days 0 minutes 0 seconds 0 nanoseconds 0
_callback_previous: iterator can't find a previous value, got 2001-12-31 after 2001-12-31 at blib/lib/DateTime/Set.pm line 338.
_callback_previous: Delta components are: months 0 days 0 minutes 0 seconds 0 nanoseconds 0
_callback_previous: iterator can't find a previous value, got 2001-12-31 after 2001-12-31 at blib/lib/DateTime/Set.pm line 338.
_callback_previous: Delta components are: months 0 days 0 minutes 0 seconds 0 nanoseconds 0
_callback_previous: iterator can't find a previous value, got 2001-12-31 after 2001-12-31 at blib/lib/DateTime/Set.pm line 338.
_callback_previous: Delta components are: months 0 days 0 minutes 0 seconds 0 nanoseconds 0
_callback_previous: iterator can't find a previous value, got 2001-12-31 after 2001-12-31 at blib/lib/DateTime/Set.pm line 338.
_callback_previous: Delta components are: months 0 days 0 minutes 0 seconds 0 nanoseconds 0
_callback_previous: iterator can't find a previous value, got 2001-12-31 after 2001-12-31 at blib/lib/DateTime/Set.pm line 338.
_callback_previous: Delta components are: months 0 days 0 minutes 0 seconds 0 nanoseconds 0
_callback_previous: iterator can't find a previous value, got 2001-12-31 after 2001-12-31 at blib/lib/DateTime/Set.pm line 338.
_callback_previous: Delta components are: months 0 days 0 minutes 0 seconds 0 nanoseconds 0
_callback_previous: iterator can't find a previous value, got 2001-12-31 after 2001-12-31 at blib/lib/DateTime/Set.pm line 338.
_callback_previous: Delta components are: months 0 days 0 minutes 0 seconds 0 nanoseconds 0
_callback_previous: iterator can't find a previous value, got 2001-12-31 after 2001-12-31 at blib/lib/DateTime/Set.pm line 338.
_callback_previous: Delta components are: months 0 days 0 minutes 0 seconds 0 nanoseconds 0
_callback_previous: iterator can't find a previous value, got 2001-12-31 after 2001-12-31 at blib/lib/DateTime/Set.pm line 338.
_callback_previous: Delta components are: months 0 days 0 minutes 0 seconds 0 nanoseconds 0
_callback_previous: iterator can't find a previous value, got 2001-12-31 after 2001-12-31 at blib/lib/DateTime/Set.pm line 338.
_callback_previous: Delta components are: months 0 days 0 minutes 0 seconds 0 nanoseconds 0
_callback_previous: iterator can't find a previous value, got 2001-12-31 after 2001-12-31 at blib/lib/DateTime/Set.pm line 338.
_callback_previous: Delta components are: months 0 days 0 minutes 0 seconds 0 nanoseconds 0
_callback_previous: iterator can't find a previous value, got 2001-12-31 after 2001-12-31 at blib/lib/DateTime/Set.pm line 338.
_callback_previous: Delta components are: months 0 days 0 minutes 0 seconds 0 nanoseconds 0
_callback_previous: iterator can't find a previous value, got 2001-12-31 after 2001-12-31 at blib/lib/DateTime/Set.pm line 338.
_callback_previous: Delta components are: months 0 days 0 minutes 0 seconds 0 nanoseconds 0
_callback_previous: iterator can't find a previous value, got 2001-12-31 after 2001-12-31 at blib/lib/DateTime/Set.pm line 338.
_callback_previous: Delta components are: months 0 days 0 minutes 0 seconds 0 nanoseconds 0
_callback_previous: iterator can't find a previous value, got 2001-12-31 after 2001-12-31 at blib/lib/DateTime/Set.pm line 338.
_callback_previous: Delta components are: months 0 days 0 minutes 0 seconds 0 nanoseconds 0
_callback_previous: iterator can't find a previous value, got 2001-12-31 after 2001-12-31 at blib/lib/DateTime/Set.pm line 338.
_callback_previous: Delta components are: months 0 days 0 minutes 0 seconds 0 nanoseconds 0
_callback_previous: iterator can't find a previous value, got 2001-12-31 after 2001-12-31 at blib/lib/DateTime/Set.pm line 338.
_callback_previous: Delta components are: months 0 days 0 minutes 0 seconds 0 nanoseconds 0
_callback_previous: iterator can't find a previous value, got 2001-12-31 after 2001-12-31 at blib/lib/DateTime/Set.pm line 338.
_callback_previous: Delta components are: months 0 days 0 minutes 0 seconds 0 nanoseconds 0
_callback_previous: iterator can't find a previous value, got 2001-12-31 after 2001-12-31 at blib/lib/DateTime/Set.pm line 338.
_callback_previous: Delta components are: months 0 days 0 minutes 0 seconds 0 nanoseconds 0
_callback_previous: iterator can't find a previous value, got 2001-12-31 after 2001-12-31 at blib/lib/DateTime/Set.pm line 338.
_callback_previous: Delta components are: months 0 days 0 minutes 0 seconds 0 nanoseconds 0
_callback_previous: iterator can't find a previous value, got 2001-12-31 after 2001-12-31 at blib/lib/DateTime/Set.pm line 338.
_callback_previous: Delta components are: months 0 days 0 minutes 0 seconds 0 nanoseconds 0
_callback_previous: iterator can't find a previous value, got 2001-12-31 after 2001-12-31 at blib/lib/DateTime/Set.pm line 338.
_callback_previous: Delta components are: months 0 days 0 minutes 0 seconds 0 nanoseconds 0
_callback_previous: iterator can't find a previous value, got 2001-12-31 after 2001-12-31 at blib/lib/DateTime/Set.pm line 338.
_callback_previous: Delta components are: months 0 days 0 minutes 0 seconds 0 nanoseconds 0
_callback_previous: iterator can't find a previous value, got 2001-12-31 after 2001-12-31 at blib/lib/DateTime/Set.pm line 338.
_callback_previous: Delta components are: months 0 days 0 minutes 0 seconds 0 nanoseconds 0
_callback_previous: iterator can't find a previous value, got 2001-12-31 after 2001-12-31 at blib/lib/DateTime/Set.pm line 338.
_callback_previous: Delta components are: months 0 days 0 minutes 0 seconds 0 nanoseconds 0
_callback_previous: iterator can't find a previous value, got 2001-12-31 after 2001-12-31 at blib/lib/DateTime/Set.pm line 338.
_callback_previous: Delta components are: months 0 days 0 minutes 0 seconds 0 nanoseconds 0
_callback_previous: iterator can't find a previous value, got 2001-12-31 after 2001-12-31 at blib/lib/DateTime/Set.pm line 338.
_callback_previous: Delta components are: months 0 days 0 minutes 0 seconds 0 nanoseconds 0
_callback_previous: iterator can't find a previous value, got 2001-12-31 after 2001-12-31 at blib/lib/DateTime/Set.pm line 338.
_callback_previous: Delta components are: months 0 days 0 minutes 0 seconds 0 nanoseconds 0
_callback_previous: iterator can't find a previous value, got 2001-12-31 after 2001-12-31 at blib/lib/DateTime/Set.pm line 338.
_callback_previous: Delta components are: months 0 days 0 minutes 0 seconds 0 nanoseconds 0
_callback_previous: iterator can't find a previous value, got 2001-12-31 after 2001-12-31 at blib/lib/DateTime/Set.pm line 338.
not ok 14 - new locale

#     Failed test (t/15time_zone.t at line 124)
#          got: 'Mon'
#     expected: 'Sun'
# Looks like you failed 5 tests of 14.
dubious
	Test returned status 5 (wstat 1280, 0x500)
DIED. FAILED tests 7, 10, 12-14
	Failed 5/14 tests, 64.29% okay
Failed Test     Stat Wstat Total Fail  Failed  List of Failed
-------------------------------------------------------------------------------
t/15time_zone.t    5  1280    14    5  35.71%  7 10 12-14
Failed 1/1 test scripts, 0.00% okay. 5/14 subtests failed, 64.29% okay.
