/usr/local/bin/perl script/copy_files.pl files.lst
cp cpp/overload.h blib/lib/Wx/cpp/overload.h
cp cpp/wxapi.h blib/lib/Wx/cpp/wxapi.h
cp cpp/constants.h blib/lib/Wx/cpp/constants.h
cp cpp/helpers.h blib/lib/Wx/cpp/helpers.h
cp cpp/setup.h blib/lib/Wx/cpp/setup.h
cp cpp/streams.h blib/lib/Wx/cpp/streams.h
cp cpp/chkconfig.h blib/lib/Wx/cpp/chkconfig.h
cp cpp/compat.h blib/lib/Wx/cpp/compat.h
cp Opt blib/arch/Wx/build/Opt.pm
cp cpp/v_cback.h blib/lib/Wx/cpp/v_cback.h
cp cpp/event.h blib/lib/Wx/cpp/event.h
cp typemap blib/lib/Wx/typemap
cp cpp/e_cback.h blib/lib/Wx/cpp/e_cback.h
touch copy_files
cp lib/Wx/Event.pm blib/lib/Wx/Event.pm
cp build/Wx/build/MakeMaker/Win32_MinGW.pm blib/lib/Wx/build/MakeMaker/Win32_MinGW.pm
cp build/Wx/build/MakeMaker.pm blib/lib/Wx/build/MakeMaker.pm
cp lib/Wx/Region.pm blib/lib/Wx/Region.pm
cp lib/Wx/App.pm blib/lib/Wx/App.pm
cp build/Wx/build/MakeMaker/Hacks.pm blib/lib/Wx/build/MakeMaker/Hacks.pm
cp lib/Wx/Mini.pm blib/lib/Wx/Mini.pm
cp build/Wx/build/MakeMaker/Any_wx_config.pm blib/lib/Wx/build/MakeMaker/Any_wx_config.pm
cp build/Wx/build/MakeMaker/Core.pm blib/lib/Wx/build/MakeMaker/Core.pm
cp lib/Wx/Timer.pm blib/lib/Wx/Timer.pm
cp build/Wx/build/Options.pm blib/lib/Wx/build/Options.pm
cp lib/Wx/Locale.pm blib/lib/Wx/Locale.pm
cp build/Wx/build/Utils.pm blib/lib/Wx/build/Utils.pm
cp lib/Wx/Api.pod blib/lib/Wx/Api.pod
cp build/Wx/build/MakeMaker/MacOSX_GCC.pm blib/lib/Wx/build/MakeMaker/MacOSX_GCC.pm
cp lib/Wx/ArtProvider.pm blib/lib/Wx/ArtProvider.pm
cp build/Wx/build/MakeMaker/Any_OS.pm blib/lib/Wx/build/MakeMaker/Any_OS.pm
cp lib/Wx/RadioBox.pm blib/lib/Wx/RadioBox.pm
cp lib/Wx/Menu.pm blib/lib/Wx/Menu.pm
cp Wx.pm blib/lib/Wx.pm
cp build/Wx/build/MakeMaker/Win32.pm blib/lib/Wx/build/MakeMaker/Win32.pm
cp build/Wx/build/MakeMaker/Win32_MSVC.pm blib/lib/Wx/build/MakeMaker/Win32_MSVC.pm
/usr/local/bin/perl script/make_ovl_list.pl foo_unused cpp/ovl_const.cpp cpp/ovl_const.h ./Controls.xs ./Window.xs ./Wx.xs ./build/Wx/build/Utils.pm ./ext/calendar/XS/CalendarCtrl.xsp ./ext/calendar/XS/DatePickerCtrl.xsp ./ext/dnd/lib/Wx/DropSource.pm ./ext/grid/lib/Wx/Grid.pm ./ext/media/XS/MediaCtrl.xsp ./ext/xrc/XS/XmlResource.xs ./lib/Wx/Locale.pm ./lib/Wx/Menu.pm ./lib/Wx/RadioBox.pm ./lib/Wx/Region.pm ./lib/Wx/Timer.pm ./XS/Bitmap.xs ./XS/BitmapButton.xs ./XS/Brush.xs ./XS/Button.xs ./XS/Caret.xs ./XS/CheckBox.xs ./XS/CheckListBox.xs ./XS/Choice.xs ./XS/Choicebook.xsp ./XS/Colour.xs ./XS/ComboBox.xs ./XS/Cursor.xs ./XS/DC.xs ./XS/Dialog.xs ./XS/Font.xs ./XS/Frame.xs ./XS/Gauge.xs ./XS/Geom.xs ./XS/GridBagSizer.xsp ./XS/Icon.xs ./XS/IconBundle.xsp ./XS/Image.xs ./XS/ImageList.xs ./XS/Listbook.xsp ./XS/ListBox.xs ./XS/ListCtrl.xs ./XS/Notebook.xs ./XS/Panel.xs ./XS/Pen.xs ./XS/PlWindow.xsp ./XS/PopupWindow.xsp ./XS/RadioBox.xs ./XS/RadioButton.xs ./XS/SashWindow.xs ./XS/ScrollBar.xs ./XS/ScrolledWindow.xs ./XS/Sizer.xs ./XS/Slider.xs ./XS/SpinButton.xs ./XS/SpinCtrl.xs ./XS/SplitterWindow.xs ./XS/StaticBitmap.xs ./XS/TextCtrl.xs ./XS/ToggleButton.xs ./XS/ToolBar.xs ./XS/TopLevelWindow.xsp ./XS/TreeCtrl.xs ./XS/Wizard.xs
Writing 'cpp/ovl_const.h.
Writing 'cpp/ovl_const.cpp.
touch overload
cp lib/Wx/Grid.pm ../../blib/lib/Wx/Grid.pm
/usr/local/bin/perl /usr/local/lib/perl5/5.8.8/ExtUtils/xsubpp  -noprototypes -nolinenumbers  -typemap /usr/local/lib/perl5/5.8.8/ExtUtils/typemap -typemap ../../typemap -typemap typemap  Grid.xs > Grid.xsc && mv Grid.xsc Grid.c
g++ -c  -I. -I../.. -I/usr/local/lib/perl5/site_perl/5.8.8/darwin-2level/Alien/wxWidgets/mac_2_6_3/lib/wx/include/mac-ansi-release-2.6 -I/usr/local/lib/perl5/site_perl/5.8.8/darwin-2level/Alien/wxWidgets/mac_2_6_3/include/wx-2.6  -UWX_PRECOMP   -Os   -DVERSION=\"0.01\" -DXS_VERSION=\"0.01\"  "-I/usr/local/lib/perl5/5.8.8/darwin-2level/CORE"  -DWXPL_EXT -D__WXMAC__ -D_FILE_OFFSET_BITS=64 -D_LARGE_FILES -DNO_GCC_PRAGMA   Grid.c
Grid.c:51: error: parse error before `__attribute__'
Grid.c: In function `void XS_Wx__GridCellEditor_DESTROY(...)':
Grid.c:52: error: parse error before `__attribute__'
Grid.c: In function `void XS_Wx__GridCellEditor_DESTROY(...)':
Grid.c:52: error: redefinition of `void XS_Wx__GridCellEditor_DESTROY(...)'
Grid.c:51: error: `void XS_Wx__GridCellEditor_DESTROY(...)' previously defined 
   here
Grid.c:52: error: redefinition of `void XS_Wx__GridCellEditor_DESTROY(...)'
Grid.c:51: error: `void XS_Wx__GridCellEditor_DESTROY(...)' previously defined 
   here
Grid.c:54: error: `sp' undeclared (first use this function)
Grid.c:54: error: (Each undeclared identifier is reported only once for each 
   function it appears in.)
Grid.c:55: error: parse error before `if'
Grid.c:57: error: parse error before `void'
Grid.c:63: warning: ISO C++ forbids declaration of `PL_stack_sp' with no type
Grid.c:63: warning: type mismatch with previous external decl
/usr/local/lib/perl5/5.8.8/darwin-2level/CORE/thrdvar.h:34: warning: previous 
   external decl of `SV**PL_stack_sp'
Grid.c:63: error: `tmpXSoff' undeclared (first use this function)
Grid.c:63: error: parse error before `return'
Grid.c:67: error: parse error before `__attribute__'
Grid.c: In function `void XS_Wx__GridCellEditor_IsCreated(...)':
Grid.c:68: error: parse error before `__attribute__'
Grid.c: In function `void XS_Wx__GridCellEditor_IsCreated(...)':
Grid.c:68: error: redefinition of `void XS_Wx__GridCellEditor_IsCreated(...)'
Grid.c:67: error: `void XS_Wx__GridCellEditor_IsCreated(...)' previously 
   defined here
Grid.c:68: error: redefinition of `void XS_Wx__GridCellEditor_IsCreated(...)'
Grid.c:67: error: `void XS_Wx__GridCellEditor_IsCreated(...)' previously 
   defined here
Grid.c:70: error: redefinition of `I32 ax'
Grid.c:54: error: `I32 ax' previously declared here
Grid.c:70: error: redefinition of `SV**mark'
Grid.c:54: error: `SV**mark' previously declared here
Grid.c:70: error: redefinition of `I32 items'
Grid.c:54: error: `I32 items' previously defined here
Grid.c:71: error: parse error before `if'
Grid.c:73: error: parse error before `void'
Grid.c:78: warning: ISO C++ forbids declaration of `RETVAL' with no type
Grid.c:78: error: conflicting types for `int RETVAL'
Grid.c:76: error: previous declaration as `bool RETVAL'
Grid.c:78: error: `THIS' undeclared (first use this function)
Grid.c:79: warning: ISO C++ forbids declaration of `PL_stack_base' with no type
Grid.c:79: error: variable-size type declared outside of any function
Grid.c:79: warning: type mismatch with previous external decl
/usr/local/lib/perl5/5.8.8/darwin-2level/CORE/thrdvar.h:42: warning: previous 
   external decl of `SV**PL_stack_base'
Grid.c:79: error: invalid initializer
Grid.c:80: warning: ISO C++ forbids declaration of `Perl_sv_2mortal' with no 
   type
Grid.c:80: error: `int Perl_sv_2mortal' redeclared as different kind of symbol
/usr/local/lib/perl5/5.8.8/darwin-2level/CORE/proto.h:1143: error: previous 
   declaration of `SV* Perl_sv_2mortal(SV*)'
Grid.c:81: error: parse error before `}' token
Grid.c:82: warning: ISO C++ forbids declaration of `PL_stack_sp' with no type
Grid.c:82: error: redefinition of `int PL_stack_sp'
Grid.c:63: error: `int PL_stack_sp' previously defined here
Grid.c:82: error: parse error before `return'
Grid.c:86: error: parse error before `__attribute__'
Grid.c: In function `void XS_Wx__GridCellEditor_GetControl(...)':
Grid.c:87: error: parse error before `__attribute__'
Grid.c: In function `void XS_Wx__GridCellEditor_GetControl(...)':
Grid.c:87: error: redefinition of `void XS_Wx__GridCellEditor_GetControl(...)'
Grid.c:86: error: `void XS_Wx__GridCellEditor_GetControl(...)' previously 
   defined here
Grid.c:87: error: redefinition of `void XS_Wx__GridCellEditor_GetControl(...)'
Grid.c:86: error: `void XS_Wx__GridCellEditor_GetControl(...)' previously 
   defined here
Grid.c:89: error: redefinition of `I32 ax'
Grid.c:70: error: `I32 ax' previously declared here
Grid.c:89: error: redefinition of `SV**mark'
Grid.c:70: error: `SV**mark' previously declared here
Grid.c:89: error: cannot convert `int*' to `SV**' in initialization
Grid.c:89: error: redefinition of `I32 items'
Grid.c:70: error: `I32 items' previously defined here
Grid.c:90: error: parse error before `if'
Grid.c:92: error: parse error before `void'
Grid.c:95: warning: type mismatch with previous external decl
Grid.c:78: warning: previous external decl of `int RETVAL'
Grid.c:97: warning: ISO C++ forbids declaration of `RETVAL' with no type
Grid.c:97: error: conflicting types for `int RETVAL'
Grid.c:95: error: previous declaration as `wxControl*RETVAL'
Grid.c:98: warning: ISO C++ forbids declaration of `PL_stack_base' with no type
Grid.c:98: error: variable-size type declared outside of any function
Grid.c:98: error: redefinition of `int PL_stack_base[2]'
Grid.c:79: error: `int PL_stack_base[2]' previously defined here
Grid.c:98: error: invalid initializer
Grid.c:99: warning: ISO C++ forbids declaration of `wxPli_object_2_sv' with no 
   type
Grid.c:99: error: `int wxPli_object_2_sv' redeclared as different kind of 
   symbol
../../cpp/helpers.h:157: error: previous declaration of `SV* 
   wxPli_object_2_sv(SV*, wxObject*)'
Grid.c:99: warning: initializer list being treated as compound expression
Grid.c:101: error: parse error before `}' token
Grid.c:102: warning: ISO C++ forbids declaration of `PL_stack_sp' with no type
Grid.c:102: error: redefinition of `int PL_stack_sp'
Grid.c:82: error: `int PL_stack_sp' previously defined here
Grid.c:102: error: parse error before `return'
Grid.c:106: error: parse error before `__attribute__'
Grid.c: In function `void XS_Wx__GridCellEditor_SetControl(...)':
Grid.c:107: error: parse error before `__attribute__'
Grid.c: In function `void XS_Wx__GridCellEditor_SetControl(...)':
Grid.c:107: error: redefinition of `void XS_Wx__GridCellEditor_SetControl(...)'
Grid.c:106: error: `void XS_Wx__GridCellEditor_SetControl(...)' previously 
   defined here
Grid.c:107: error: redefinition of `void XS_Wx__GridCellEditor_SetControl(...)'
Grid.c:106: error: `void XS_Wx__GridCellEditor_SetControl(...)' previously 
   defined here
Grid.c:109: error: redefinition of `I32 ax'
Grid.c:89: error: `I32 ax' previously declared here
Grid.c:109: error: redefinition of `SV**mark'
Grid.c:89: error: `SV**mark' previously defined here
Grid.c:109: error: cannot convert `int*' to `SV**' in initialization
Grid.c:109: error: redefinition of `I32 items'
Grid.c:89: error: `I32 items' previously defined here
Grid.c:110: error: parse error before `if'
Grid.c:112: error: parse error before `void'
Grid.c:115: error: `wxGridCellEditor*THIS' used prior to declaration
Grid.c:115: warning: invalid conversion from `int' to `SV*'
Grid.c:117: error: syntax error before `->' token
Grid.c:119: warning: ISO C++ forbids declaration of `PL_stack_sp' with no type
Grid.c:119: error: redefinition of `int PL_stack_sp'
Grid.c:102: error: `int PL_stack_sp' previously defined here
Grid.c:119: error: parse error before `return'
Grid.c:123: error: parse error before `__attribute__'
Grid.c: In function `void XS_Wx__GridCellEditor_SetSize(...)':
Grid.c:124: error: parse error before `__attribute__'
Grid.c: In function `void XS_Wx__GridCellEditor_SetSize(...)':
Grid.c:124: error: redefinition of `void XS_Wx__GridCellEditor_SetSize(...)'
Grid.c:123: error: `void XS_Wx__GridCellEditor_SetSize(...)' previously defined 
   here
Grid.c:124: error: redefinition of `void XS_Wx__GridCellEditor_SetSize(...)'
Grid.c:123: error: `void XS_Wx__GridCellEditor_SetSize(...)' previously defined 
   here
Grid.c:126: error: redefinition of `I32 ax'
Grid.c:109: error: `I32 ax' previously declared here
Grid.c:126: error: redefinition of `SV**mark'
Grid.c:109: error: `SV**mark' previously defined here
Grid.c:126: error: cannot convert `int*' to `SV**' in initialization
Grid.c:126: error: redefinition of `I32 items'
Grid.c:109: error: `I32 items' previously defined here
Grid.c:127: error: parse error before `if'
Grid.c:129: error: parse error before `void'
Grid.c:132: error: redefinition of `wxGridCellEditor*THIS'
Grid.c:115: error: `wxGridCellEditor*THIS' previously declared here
Grid.c:132: warning: invalid conversion from `int' to `SV*'
Grid.c:133: error: syntax error before `->' token
Grid.c:135: warning: ISO C++ forbids declaration of `PL_stack_sp' with no type
Grid.c:135: error: redefinition of `int PL_stack_sp'
Grid.c:119: error: `int PL_stack_sp' previously defined here
Grid.c:135: error: parse error before `return'
Grid.c:139: error: parse error before `__attribute__'
Grid.c: In function `void XS_Wx__GridCellEditor_Show(...)':
Grid.c:140: error: parse error before `__attribute__'
Grid.c: In function `void XS_Wx__GridCellEditor_Show(...)':
Grid.c:140: error: redefinition of `void XS_Wx__GridCellEditor_Show(...)'
Grid.c:139: error: `void XS_Wx__GridCellEditor_Show(...)' previously defined 
   here
Grid.c:140: error: redefinition of `void XS_Wx__GridCellEditor_Show(...)'
Grid.c:139: error: `void XS_Wx__GridCellEditor_Show(...)' previously defined 
   here
Grid.c:142: error: redefinition of `I32 ax'
Grid.c:126: error: `I32 ax' previously declared here
Grid.c:142: error: redefinition of `SV**mark'
Grid.c:126: error: `SV**mark' previously defined here
Grid.c:142: error: cannot convert `int*' to `SV**' in initialization
Grid.c:142: error: redefinition of `I32 items'
Grid.c:126: error: `I32 items' previously defined here
Grid.c:143: error: parse error before `if'
Grid.c:145: error: parse error before `void'
Grid.c:147: error: syntax error before `&&' token
Grid.c:148: warning: invalid conversion from `int' to `SV*'
Grid.c:149: error: redefinition of `wxGridCellEditor*THIS'
Grid.c:132: error: `wxGridCellEditor*THIS' previously declared here
Grid.c:149: warning: invalid conversion from `int' to `SV*'
Grid.c:151: error: syntax error before `->' token
Grid.c:153: warning: ISO C++ forbids declaration of `PL_stack_sp' with no type
Grid.c:153: error: redefinition of `int PL_stack_sp'
Grid.c:135: error: `int PL_stack_sp' previously defined here
Grid.c:153: error: parse error before `return'
Grid.c:157: error: parse error before `__attribute__'
Grid.c: In function `void XS_Wx__GridCellEditor_PaintBackground(...)':
Grid.c:158: error: parse error before `__attribute__'
Grid.c: In function `void XS_Wx__GridCellEditor_PaintBackground(...)':
Grid.c:158: error: redefinition of `void 
   XS_Wx__GridCellEditor_PaintBackground(...)'
Grid.c:157: error: `void XS_Wx__GridCellEditor_PaintBackground(...)' previously 
   defined here
Grid.c:158: error: redefinition of `void 
   XS_Wx__GridCellEditor_PaintBackground(...)'
Grid.c:157: error: `void XS_Wx__GridCellEditor_PaintBackground(...)' previously 
   defined here
Grid.c:160: error: redefinition of `I32 ax'
Grid.c:142: error: `I32 ax' previously declared here
Grid.c:160: error: redefinition of `SV**mark'
Grid.c:142: error: `SV**mark' previously defined here
Grid.c:160: error: cannot convert `int*' to `SV**' in initialization
Grid.c:160: error: redefinition of `I32 items'
Grid.c:142: error: `I32 items' previously defined here
Grid.c:161: error: parse error before `if'
Grid.c:163: error: parse error before `void'
Grid.c:166: error: redefinition of `wxGridCellAttr*attr'
Grid.c:148: error: `wxGridCellAttr*attr' previously declared here
Grid.c:166: warning: invalid conversion from `int' to `SV*'
Grid.c:167: error: redefinition of `wxGridCellEditor*THIS'
Grid.c:149: error: `wxGridCellEditor*THIS' previously declared here
Grid.c:167: warning: invalid conversion from `int' to `SV*'
Grid.c:168: error: syntax error before `->' token
Grid.c:170: warning: ISO C++ forbids declaration of `PL_stack_sp' with no type
Grid.c:170: error: redefinition of `int PL_stack_sp'
Grid.c:153: error: `int PL_stack_sp' previously defined here
Grid.c:170: error: parse error before `return'
Grid.c:174: error: parse error before `__attribute__'
Grid.c: In function `void XS_Wx__GridCellEditor_BeginEdit(...)':
Grid.c:175: error: parse error before `__attribute__'
Grid.c: In function `void XS_Wx__GridCellEditor_BeginEdit(...)':
Grid.c:175: error: redefinition of `void XS_Wx__GridCellEditor_BeginEdit(...)'
Grid.c:174: error: `void XS_Wx__GridCellEditor_BeginEdit(...)' previously 
   defined here
Grid.c:175: error: redefinition of `void XS_Wx__GridCellEditor_BeginEdit(...)'
Grid.c:174: error: `void XS_Wx__GridCellEditor_BeginEdit(...)' previously 
   defined here
Grid.c:177: error: redefinition of `I32 ax'
Grid.c:160: error: `I32 ax' previously declared here
Grid.c:177: error: redefinition of `SV**mark'
Grid.c:160: error: `SV**mark' previously defined here
Grid.c:177: error: cannot convert `int*' to `SV**' in initialization
Grid.c:177: error: redefinition of `I32 items'
Grid.c:160: error: `I32 items' previously defined here
Grid.c:178: error: parse error before `if'
Grid.c:180: error: parse error before `void'
Grid.c:183: error: base operand of `->' is not a pointer
Grid.c:183: error: base operand of `->' is not a pointer
Grid.c:183: warning: invalid conversion from `int' to `SV*'
Grid.c:184: warning: invalid conversion from `int' to `SV*'
Grid.c:185: error: redefinition of `wxGridCellEditor*THIS'
Grid.c:167: error: `wxGridCellEditor*THIS' previously declared here
Grid.c:185: warning: invalid conversion from `int' to `SV*'
Grid.c:187: error: syntax error before `->' token
Grid.c:189: warning: ISO C++ forbids declaration of `PL_stack_sp' with no type
Grid.c:189: error: redefinition of `int PL_stack_sp'
Grid.c:170: error: `int PL_stack_sp' previously defined here
Grid.c:189: error: parse error before `return'
Grid.c:193: error: parse error before `__attribute__'
Grid.c: In function `void XS_Wx__GridCellEditor_EndEdit(...)':
Grid.c:194: error: parse error before `__attribute__'
Grid.c: In function `void XS_Wx__GridCellEditor_EndEdit(...)':
Grid.c:194: error: redefinition of `void XS_Wx__GridCellEditor_EndEdit(...)'
Grid.c:193: error: `void XS_Wx__GridCellEditor_EndEdit(...)' previously defined 
   here
Grid.c:194: error: redefinition of `void XS_Wx__GridCellEditor_EndEdit(...)'
Grid.c:193: error: `void XS_Wx__GridCellEditor_EndEdit(...)' previously defined 
   here
Grid.c:196: error: redefinition of `I32 ax'
Grid.c:177: error: `I32 ax' previously declared here
Grid.c:196: error: redefinition of `SV**mark'
Grid.c:177: error: `SV**mark' previously defined here
Grid.c:196: error: cannot convert `int*' to `SV**' in initialization
Grid.c:196: error: redefinition of `I32 items'
Grid.c:177: error: `I32 items' previously defined here
Grid.c:197: error: parse error before `if'
Grid.c:199: error: parse error before `void'
Grid.c:202: error: redefinition of `int col'
Grid.c:183: error: `int col' previously defined here
Grid.c:202: error: base operand of `->' is not a pointer
Grid.c:202: error: base operand of `->' is not a pointer
Grid.c:202: warning: invalid conversion from `int' to `SV*'
Grid.c:203: error: redefinition of `wxGrid*grid'
Grid.c:184: error: `wxGrid*grid' previously declared here
Grid.c:203: warning: invalid conversion from `int' to `SV*'
Grid.c:204: error: redefinition of `wxGridCellEditor*THIS'
Grid.c:185: error: `wxGridCellEditor*THIS' previously declared here
Grid.c:204: warning: invalid conversion from `int' to `SV*'
Grid.c:205: warning: type mismatch with previous external decl
Grid.c:97: warning: previous external decl of `int RETVAL'
Grid.c:207: warning: ISO C++ forbids declaration of `RETVAL' with no type
Grid.c:207: error: conflicting types for `int RETVAL'
Grid.c:205: error: previous declaration as `bool RETVAL'
Grid.c:207: error: `row' undeclared (first use this function)
Grid.c:208: warning: ISO C++ forbids declaration of `PL_stack_base' with no 
   type
Grid.c:208: error: variable-size type declared outside of any function
Grid.c:208: error: redefinition of `int PL_stack_base[2]'
Grid.c:98: error: `int PL_stack_base[2]' previously defined here
Grid.c:208: error: invalid initializer
Grid.c:209: warning: ISO C++ forbids declaration of `Perl_sv_2mortal' with no 
   type
Grid.c:209: error: redefinition of `int Perl_sv_2mortal'
Grid.c:80: error: `int Perl_sv_2mortal' previously declared here
Grid.c:210: error: parse error before `}' token
Grid.c:211: warning: ISO C++ forbids declaration of `PL_stack_sp' with no type
Grid.c:211: error: redefinition of `int PL_stack_sp'
Grid.c:189: error: `int PL_stack_sp' previously defined here
Grid.c:211: error: parse error before `return'
Grid.c:215: error: parse error before `__attribute__'
Grid.c: In function `void XS_Wx__GridCellEditor_Reset(...)':
Grid.c:216: error: parse error before `__attribute__'
Grid.c: In function `void XS_Wx__GridCellEditor_Reset(...)':
Grid.c:216: error: redefinition of `void XS_Wx__GridCellEditor_Reset(...)'
Grid.c:215: error: `void XS_Wx__GridCellEditor_Reset(...)' previously defined 
   here
Grid.c:216: error: redefinition of `void XS_Wx__GridCellEditor_Reset(...)'
Grid.c:215: error: `void XS_Wx__GridCellEditor_Reset(...)' previously defined 
   here
Grid.c:218: error: redefinition of `I32 ax'
Grid.c:196: error: `I32 ax' previously declared here
Grid.c:218: error: redefinition of `SV**mark'
Grid.c:196: error: `SV**mark' previously defined here
Grid.c:218: error: cannot convert `int*' to `SV**' in initialization
Grid.c:218: error: redefinition of `I32 items'
Grid.c:196: error: `I32 items' previously defined here
Grid.c:219: error: parse error before `if'
Grid.c:221: error: parse error before `void'
Grid.c:225: error: syntax error before `->' token
Grid.c:227: warning: ISO C++ forbids declaration of `PL_stack_sp' with no type
Grid.c:227: error: redefinition of `int PL_stack_sp'
Grid.c:211: error: `int PL_stack_sp' previously defined here
Grid.c:227: error: parse error before `return'
Grid.c:231: error: parse error before `__attribute__'
Grid.c: In function `void XS_Wx__GridCellEditor_IsAcceptedKey(...)':
Grid.c:232: error: parse error before `__attribute__'
Grid.c: In function `void XS_Wx__GridCellEditor_IsAcceptedKey(...)':
Grid.c:232: error: redefinition of `void 
   XS_Wx__GridCellEditor_IsAcceptedKey(...)'
Grid.c:231: error: `void XS_Wx__GridCellEditor_IsAcceptedKey(...)' previously 
   defined here
Grid.c:232: error: redefinition of `void 
   XS_Wx__GridCellEditor_IsAcceptedKey(...)'
Grid.c:231: error: `void XS_Wx__GridCellEditor_IsAcceptedKey(...)' previously 
   defined here
Grid.c:234: error: redefinition of `I32 ax'
Grid.c:218: error: `I32 ax' previously declared here
Grid.c:234: error: redefinition of `SV**mark'
Grid.c:218: error: `SV**mark' previously defined here
Grid.c:234: error: cannot convert `int*' to `SV**' in initialization
Grid.c:234: error: redefinition of `I32 items'
Grid.c:218: error: `I32 items' previously defined here
Grid.c:235: error: parse error before `if'
Grid.c:237: error: parse error before `void'
Grid.c:240: error: redefinition of `wxGridCellEditor*THIS'
Grid.c:204: error: `wxGridCellEditor*THIS' previously declared here
Grid.c:240: warning: invalid conversion from `int' to `SV*'
Grid.c:241: warning: type mismatch with previous external decl
Grid.c:207: warning: previous external decl of `int RETVAL'
Grid.c:242: warning: ISO C++ forbids declaration of `RETVAL' with no type
Grid.c:242: error: conflicting types for `int RETVAL'
Grid.c:241: error: previous declaration as `bool RETVAL'
Grid.c:242: error: `event' undeclared (first use this function)
Grid.c:243: warning: ISO C++ forbids declaration of `PL_stack_base' with no 
   type
Grid.c:243: error: variable-size type declared outside of any function
Grid.c:243: error: redefinition of `int PL_stack_base[2]'
Grid.c:208: error: `int PL_stack_base[2]' previously defined here
Grid.c:243: error: invalid initializer
Grid.c:244: warning: ISO C++ forbids declaration of `Perl_sv_2mortal' with no 
   type
Grid.c:244: error: redefinition of `int Perl_sv_2mortal'
Grid.c:209: error: `int Perl_sv_2mortal' previously declared here
Grid.c:245: error: parse error before `}' token
Grid.c:246: warning: ISO C++ forbids declaration of `PL_stack_sp' with no type
Grid.c:246: error: redefinition of `int PL_stack_sp'
Grid.c:227: error: `int PL_stack_sp' previously defined here
Grid.c:246: error: parse error before `return'
Grid.c:250: error: parse error before `__attribute__'
Grid.c: In function `void XS_Wx__GridCellEditor_StartingKey(...)':
Grid.c:251: error: parse error before `__attribute__'
Grid.c: In function `void XS_Wx__GridCellEditor_StartingKey(...)':
Grid.c:251: error: redefinition of `void XS_Wx__GridCellEditor_StartingKey(...)
   '
Grid.c:250: error: `void XS_Wx__GridCellEditor_StartingKey(...)' previously 
   defined here
Grid.c:251: error: redefinition of `void XS_Wx__GridCellEditor_StartingKey(...)
   '
Grid.c:250: error: `void XS_Wx__GridCellEditor_StartingKey(...)' previously 
   defined here
Grid.c:253: error: redefinition of `I32 ax'
Grid.c:234: error: `I32 ax' previously declared here
Grid.c:253: error: redefinition of `SV**mark'
Grid.c:234: error: `SV**mark' previously defined here
Grid.c:253: error: cannot convert `int*' to `SV**' in initialization
Grid.c:253: error: redefinition of `I32 items'
Grid.c:234: error: `I32 items' previously defined here
Grid.c:254: error: parse error before `if'
Grid.c:256: error: parse error before `void'
Grid.c:259: error: redefinition of `wxGridCellEditor*THIS'
Grid.c:240: error: `wxGridCellEditor*THIS' previously declared here
Grid.c:259: warning: invalid conversion from `int' to `SV*'
Grid.c:260: error: syntax error before `->' token
Grid.c:262: warning: ISO C++ forbids declaration of `PL_stack_sp' with no type
Grid.c:262: error: redefinition of `int PL_stack_sp'
Grid.c:246: error: `int PL_stack_sp' previously defined here
Grid.c:262: error: parse error before `return'
Grid.c:266: error: parse error before `__attribute__'
Grid.c: In function `void XS_Wx__GridCellEditor_StartingClick(...)':
Grid.c:267: error: parse error before `__attribute__'
Grid.c: In function `void XS_Wx__GridCellEditor_StartingClick(...)':
Grid.c:267: error: redefinition of `void 
   XS_Wx__GridCellEditor_StartingClick(...)'
Grid.c:266: error: `void XS_Wx__GridCellEditor_StartingClick(...)' previously 
   defined here
Grid.c:267: error: redefinition of `void 
   XS_Wx__GridCellEditor_StartingClick(...)'
Grid.c:266: error: `void XS_Wx__GridCellEditor_StartingClick(...)' previously 
   defined here
Grid.c:269: error: redefinition of `I32 ax'
Grid.c:253: error: `I32 ax' previously declared here
Grid.c:269: error: redefinition of `SV**mark'
Grid.c:253: error: `SV**mark' previously defined here
Grid.c:269: error: cannot convert `int*' to `SV**' in initialization
Grid.c:269: error: redefinition of `I32 items'
Grid.c:253: error: `I32 items' previously defined here
Grid.c:270: error: parse error before `if'
Grid.c:272: error: parse error before `void'
Grid.c:276: error: syntax error before `->' token
Grid.c:278: warning: ISO C++ forbids declaration of `PL_stack_sp' with no type
Grid.c:278: error: redefinition of `int PL_stack_sp'
Grid.c:262: error: `int PL_stack_sp' previously defined here
Grid.c:278: error: parse error before `return'
Grid.c:282: error: parse error before `__attribute__'
Grid.c: In function `void XS_Wx__GridCellEditor_HandleReturn(...)':
Grid.c:283: error: parse error before `__attribute__'
Grid.c: In function `void XS_Wx__GridCellEditor_HandleReturn(...)':
Grid.c:283: error: redefinition of `void 
   XS_Wx__GridCellEditor_HandleReturn(...)'
Grid.c:282: error: `void XS_Wx__GridCellEditor_HandleReturn(...)' previously 
   defined here
Grid.c:283: error: redefinition of `void 
   XS_Wx__GridCellEditor_HandleReturn(...)'
Grid.c:282: error: `void XS_Wx__GridCellEditor_HandleReturn(...)' previously 
   defined here
Grid.c:285: error: redefinition of `I32 ax'
Grid.c:269: error: `I32 ax' previously declared here
Grid.c:285: error: redefinition of `SV**mark'
Grid.c:269: error: `SV**mark' previously defined here
Grid.c:285: error: cannot convert `int*' to `SV**' in initialization
Grid.c:285: error: redefinition of `I32 items'
Grid.c:269: error: `I32 items' previously defined here
Grid.c:286: error: parse error before `if'
Grid.c:288: error: parse error before `void'
Grid.c:291: error: redefinition of `wxGridCellEditor*THIS'
Grid.c:259: error: `wxGridCellEditor*THIS' previously declared here
Grid.c:291: warning: invalid conversion from `int' to `SV*'
Grid.c:292: error: syntax error before `->' token
Grid.c:294: warning: ISO C++ forbids declaration of `PL_stack_sp' with no type
Grid.c:294: error: redefinition of `int PL_stack_sp'
Grid.c:278: error: `int PL_stack_sp' previously defined here
Grid.c:294: error: parse error before `return'
Grid.c:298: error: parse error before `__attribute__'
Grid.c: In function `void XS_Wx__GridCellEditor_Destroy(...)':
Grid.c:299: error: parse error before `__attribute__'
Grid.c: In function `void XS_Wx__GridCellEditor_Destroy(...)':
Grid.c:299: error: redefinition of `void XS_Wx__GridCellEditor_Destroy(...)'
Grid.c:298: error: `void XS_Wx__GridCellEditor_Destroy(...)' previously defined 
   here
Grid.c:299: error: redefinition of `void XS_Wx__GridCellEditor_Destroy(...)'
Grid.c:298: error: `void XS_Wx__GridCellEditor_Destroy(...)' previously defined 
   here
Grid.c:301: error: redefinition of `I32 ax'
Grid.c:285: error: `I32 ax' previously declared here
Grid.c:301: error: redefinition of `SV**mark'
Grid.c:285: error: `SV**mark' previously defined here
Grid.c:301: error: cannot convert `int*' to `SV**' in initialization
Grid.c:301: error: redefinition of `I32 items'
Grid.c:285: error: `I32 items' previously defined here
Grid.c:302: error: parse error before `if'
Grid.c:304: error: parse error before `void'
Grid.c:308: error: syntax error before `->' token
Grid.c:310: warning: ISO C++ forbids declaration of `PL_stack_sp' with no type
Grid.c:310: error: redefinition of `int PL_stack_sp'
Grid.c:294: error: `int PL_stack_sp' previously defined here
Grid.c:310: error: parse error before `return'
Grid.c:314: error: parse error before `__attribute__'
Grid.c: In function `void XS_Wx__GridCellTextEditor_new(...)':
Grid.c:315: error: parse error before `__attribute__'
Grid.c: In function `void XS_Wx__GridCellTextEditor_new(...)':
Grid.c:315: error: redefinition of `void XS_Wx__GridCellTextEditor_new(...)'
Grid.c:314: error: `void XS_Wx__GridCellTextEditor_new(...)' previously defined 
   here
Grid.c:315: error: redefinition of `void XS_Wx__GridCellTextEditor_new(...)'
Grid.c:314: error: `void XS_Wx__GridCellTextEditor_new(...)' previously defined 
   here
Grid.c:317: error: redefinition of `I32 ax'
Grid.c:301: error: `I32 ax' previously declared here
Grid.c:317: error: redefinition of `SV**mark'
Grid.c:301: error: `SV**mark' previously defined here
Grid.c:317: error: cannot convert `int*' to `SV**' in initialization
Grid.c:317: error: redefinition of `I32 items'
Grid.c:301: error: `I32 items' previously defined here
Grid.c:318: error: parse error before `if'
Grid.c:320: error: parse error before `void'
Grid.c:323: warning: type mismatch with previous external decl
Grid.c:242: warning: previous external decl of `int RETVAL'
Grid.c:325: warning: ISO C++ forbids declaration of `RETVAL' with no type
Grid.c:325: error: conflicting types for `int RETVAL'
Grid.c:323: error: previous declaration as `wxGridCellTextEditor*RETVAL'
Grid.c:326: warning: ISO C++ forbids declaration of `PL_stack_base' with no 
   type
Grid.c:326: error: variable-size type declared outside of any function
Grid.c:326: error: redefinition of `int PL_stack_base[2]'
Grid.c:243: error: `int PL_stack_base[2]' previously defined here
Grid.c:326: error: invalid initializer
Grid.c:327: warning: ISO C++ forbids declaration of `wxPli_non_object_2_sv' 
   with no type
Grid.c:327: error: `int wxPli_non_object_2_sv' redeclared as different kind of 
   symbol
../../cpp/helpers.h:163: error: previous declaration of `SV* 
   wxPli_non_object_2_sv(SV*, void*, const char*)'
Grid.c:327: warning: initializer list being treated as compound expression
Grid.c:327: warning: invalid conversion from `const char*' to `int'
Grid.c:329: error: parse error before `}' token
Grid.c:330: warning: ISO C++ forbids declaration of `PL_stack_sp' with no type
Grid.c:330: error: redefinition of `int PL_stack_sp'
Grid.c:310: error: `int PL_stack_sp' previously defined here
Grid.c:330: error: parse error before `return'
Grid.c:334: error: parse error before `__attribute__'
Grid.c: In function `void XS_Wx__GridCellNumberEditor_new(...)':
Grid.c:335: error: parse error before `__attribute__'
Grid.c: In function `void XS_Wx__GridCellNumberEditor_new(...)':
Grid.c:335: error: redefinition of `void XS_Wx__GridCellNumberEditor_new(...)'
Grid.c:334: error: `void XS_Wx__GridCellNumberEditor_new(...)' previously 
   defined here
Grid.c:335: error: redefinition of `void XS_Wx__GridCellNumberEditor_new(...)'
Grid.c:334: error: `void XS_Wx__GridCellNumberEditor_new(...)' previously 
   defined here
Grid.c:337: error: redefinition of `I32 ax'
Grid.c:317: error: `I32 ax' previously declared here
Grid.c:337: error: redefinition of `SV**mark'
Grid.c:317: error: `SV**mark' previously defined here
Grid.c:337: error: cannot convert `int*' to `SV**' in initialization
Grid.c:337: error: redefinition of `I32 items'
Grid.c:317: error: `I32 items' previously defined here
Grid.c:338: error: parse error before `if'
Grid.c:340: error: parse error before `void'
Grid.c:344: error: base operand of `->' is not a pointer
Grid.c:344: error: base operand of `->' is not a pointer
Grid.c:344: warning: invalid conversion from `int' to `SV*'
Grid.c:345: warning: type mismatch with previous external decl
Grid.c:325: warning: previous external decl of `int RETVAL'
Grid.c:347: error: parse error before `if'
Grid.c:359: warning: ISO C++ forbids declaration of `RETVAL' with no type
Grid.c:359: error: conflicting types for `int RETVAL'
Grid.c:345: error: previous declaration as `wxGridCellNumberEditor*RETVAL'
Grid.c:359: error: `min' undeclared (first use this function)
Grid.c:360: warning: ISO C++ forbids declaration of `PL_stack_base' with no 
   type
Grid.c:360: error: variable-size type declared outside of any function
Grid.c:360: error: redefinition of `int PL_stack_base[2]'
Grid.c:326: error: `int PL_stack_base[2]' previously defined here
Grid.c:360: error: invalid initializer
Grid.c:361: warning: ISO C++ forbids declaration of `wxPli_non_object_2_sv' 
   with no type
Grid.c:361: error: redefinition of `int wxPli_non_object_2_sv'
Grid.c:327: error: `int wxPli_non_object_2_sv' previously defined here
Grid.c:361: warning: initializer list being treated as compound expression
Grid.c:361: warning: invalid conversion from `const char*' to `int'
Grid.c:363: error: parse error before `}' token
Grid.c:364: warning: ISO C++ forbids declaration of `PL_stack_sp' with no type
Grid.c:364: error: redefinition of `int PL_stack_sp'
Grid.c:330: error: `int PL_stack_sp' previously defined here
Grid.c:364: error: parse error before `return'
Grid.c:368: error: parse error before `__attribute__'
Grid.c: In function `void XS_Wx__GridCellFloatEditor_new(...)':
Grid.c:369: error: parse error before `__attribute__'
Grid.c: In function `void XS_Wx__GridCellFloatEditor_new(...)':
Grid.c:369: error: redefinition of `void XS_Wx__GridCellFloatEditor_new(...)'
Grid.c:368: error: `void XS_Wx__GridCellFloatEditor_new(...)' previously 
   defined here
Grid.c:369: error: redefinition of `void XS_Wx__GridCellFloatEditor_new(...)'
Grid.c:368: error: `void XS_Wx__GridCellFloatEditor_new(...)' previously 
   defined here
Grid.c:371: error: redefinition of `I32 ax'
Grid.c:337: error: `I32 ax' previously declared here
Grid.c:371: error: redefinition of `SV**mark'
Grid.c:337: error: `SV**mark' previously defined here
Grid.c:371: error: cannot convert `int*' to `SV**' in initialization
Grid.c:371: error: redefinition of `I32 items'
Grid.c:337: error: `I32 items' previously defined here
Grid.c:372: error: parse error before `if'
Grid.c:374: error: parse error before `void'
Grid.c:378: error: redefinition of `char*CLASS'
Grid.c:344: error: `char*CLASS' previously defined here
Grid.c:378: error: base operand of `->' is not a pointer
Grid.c:378: error: base operand of `->' is not a pointer
Grid.c:378: warning: invalid conversion from `int' to `SV*'
Grid.c:379: warning: type mismatch with previous external decl
Grid.c:359: warning: previous external decl of `int RETVAL'
Grid.c:381: error: parse error before `if'
Grid.c:393: warning: ISO C++ forbids declaration of `RETVAL' with no type
Grid.c:393: error: conflicting types for `int RETVAL'
Grid.c:379: error: previous declaration as `wxGridCellFloatEditor*RETVAL'
Grid.c:393: error: `width' undeclared (first use this function)
Grid.c:394: warning: ISO C++ forbids declaration of `PL_stack_base' with no 
   type
Grid.c:394: error: variable-size type declared outside of any function
Grid.c:394: error: redefinition of `int PL_stack_base[2]'
Grid.c:360: error: `int PL_stack_base[2]' previously defined here
Grid.c:394: error: invalid initializer
Grid.c:395: warning: ISO C++ forbids declaration of `wxPli_non_object_2_sv' 
   with no type
Grid.c:395: error: redefinition of `int wxPli_non_object_2_sv'
Grid.c:361: error: `int wxPli_non_object_2_sv' previously defined here
Grid.c:395: warning: initializer list being treated as compound expression
Grid.c:395: warning: invalid conversion from `const char*' to `int'
Grid.c:397: error: parse error before `}' token
Grid.c:398: warning: ISO C++ forbids declaration of `PL_stack_sp' with no type
Grid.c:398: error: redefinition of `int PL_stack_sp'
Grid.c:364: error: `int PL_stack_sp' previously defined here
Grid.c:398: error: parse error before `return'
Grid.c:402: error: parse error before `__attribute__'
Grid.c: In function `void XS_Wx__GridCellBoolEditor_new(...)':
Grid.c:403: error: parse error before `__attribute__'
Grid.c: In function `void XS_Wx__GridCellBoolEditor_new(...)':
Grid.c:403: error: redefinition of `void XS_Wx__GridCellBoolEditor_new(...)'
Grid.c:402: error: `void XS_Wx__GridCellBoolEditor_new(...)' previously defined 
   here
Grid.c:403: error: redefinition of `void XS_Wx__GridCellBoolEditor_new(...)'
Grid.c:402: error: `void XS_Wx__GridCellBoolEditor_new(...)' previously defined 
   here
Grid.c:405: error: redefinition of `I32 ax'
Grid.c:371: error: `I32 ax' previously declared here
Grid.c:405: error: redefinition of `SV**mark'
Grid.c:371: error: `SV**mark' previously defined here
Grid.c:405: error: cannot convert `int*' to `SV**' in initialization
Grid.c:405: error: redefinition of `I32 items'
Grid.c:371: error: `I32 items' previously defined here
Grid.c:406: error: parse error before `if'
Grid.c:408: error: parse error before `void'
Grid.c:411: warning: type mismatch with previous external decl
Grid.c:393: warning: previous external decl of `int RETVAL'
Grid.c:413: warning: ISO C++ forbids declaration of `RETVAL' with no type
Grid.c:413: error: conflicting types for `int RETVAL'
Grid.c:411: error: previous declaration as `wxGridCellBoolEditor*RETVAL'
Grid.c:414: warning: ISO C++ forbids declaration of `PL_stack_base' with no 
   type
Grid.c:414: error: variable-size type declared outside of any function
Grid.c:414: error: redefinition of `int PL_stack_base[2]'
Grid.c:394: error: `int PL_stack_base[2]' previously defined here
Grid.c:414: error: invalid initializer
Grid.c:415: warning: ISO C++ forbids declaration of `wxPli_non_object_2_sv' 
   with no type
Grid.c:415: error: redefinition of `int wxPli_non_object_2_sv'
Grid.c:395: error: `int wxPli_non_object_2_sv' previously defined here
Grid.c:415: warning: initializer list being treated as compound expression
Grid.c:415: warning: invalid conversion from `const char*' to `int'
Grid.c:417: error: parse error before `}' token
Grid.c:418: warning: ISO C++ forbids declaration of `PL_stack_sp' with no type
Grid.c:418: error: redefinition of `int PL_stack_sp'
Grid.c:398: error: `int PL_stack_sp' previously defined here
Grid.c:418: error: parse error before `return'
Grid.c:422: error: parse error before `__attribute__'
Grid.c: In function `void XS_Wx__GridCellChoiceEditor_new(...)':
Grid.c:423: error: parse error before `__attribute__'
Grid.c: In function `void XS_Wx__GridCellChoiceEditor_new(...)':
Grid.c:423: error: redefinition of `void XS_Wx__GridCellChoiceEditor_new(...)'
Grid.c:422: error: `void XS_Wx__GridCellChoiceEditor_new(...)' previously 
   defined here
Grid.c:423: error: redefinition of `void XS_Wx__GridCellChoiceEditor_new(...)'
Grid.c:422: error: `void XS_Wx__GridCellChoiceEditor_new(...)' previously 
   defined here
Grid.c:425: error: redefinition of `I32 ax'
Grid.c:405: error: `I32 ax' previously declared here
Grid.c:425: error: redefinition of `SV**mark'
Grid.c:405: error: `SV**mark' previously defined here
Grid.c:425: error: cannot convert `int*' to `SV**' in initialization
Grid.c:425: error: redefinition of `I32 items'
Grid.c:405: error: `I32 items' previously defined here
Grid.c:426: error: parse error before `if'
Grid.c:428: error: parse error before `void'
Grid.c:434: error: redefinition of `char*CLASS'
Grid.c:378: error: `char*CLASS' previously defined here
Grid.c:434: error: base operand of `->' is not a pointer
Grid.c:434: error: base operand of `->' is not a pointer
Grid.c:434: warning: invalid conversion from `int' to `SV*'
Grid.c:435: warning: type mismatch with previous external decl
Grid.c:413: warning: previous external decl of `int RETVAL'
Grid.c:437: error: parse error before `if'
Grid.c:440: error: syntax error before `&&' token
Grid.c:442: warning: ISO C++ forbids declaration of `n' with no type
Grid.c:442: error: redefinition of `int n'
Grid.c:433: error: `int n' previously declared here
Grid.c:442: error: `choices' undeclared (first use this function)
Grid.c:443: warning: ISO C++ forbids declaration of `RETVAL' with no type
Grid.c:443: error: conflicting types for `int RETVAL'
Grid.c:435: error: previous declaration as `wxGridCellChoiceEditor*RETVAL'
Grid.c:444: error: parse error before `delete'
Grid.c:445: warning: ISO C++ forbids declaration of `PL_stack_base' with no 
   type
Grid.c:445: error: variable-size type declared outside of any function
Grid.c:445: error: redefinition of `int PL_stack_base[2]'
Grid.c:414: error: `int PL_stack_base[2]' previously defined here
Grid.c:445: error: invalid initializer
Grid.c:446: warning: ISO C++ forbids declaration of `wxPli_non_object_2_sv' 
   with no type
Grid.c:446: error: redefinition of `int wxPli_non_object_2_sv'
Grid.c:415: error: `int wxPli_non_object_2_sv' previously defined here
Grid.c:446: warning: initializer list being treated as compound expression
Grid.c:446: warning: invalid conversion from `const char*' to `int'
Grid.c:448: error: parse error before `}' token
Grid.c:449: warning: ISO C++ forbids declaration of `PL_stack_sp' with no type
Grid.c:449: error: redefinition of `int PL_stack_sp'
Grid.c:418: error: `int PL_stack_sp' previously defined here
Grid.c:449: error: parse error before `return'
cpp/editor.h:208: confused by earlier errors, bailing out
make[2]: *** [Grid.o] Error 1
make[1]: *** [subdirs] Error 2
make: *** [subdirs] Error 2
