execve("/usr/bin/perl", ["perl", "locate.pl"], [/* 26 vars */]) = 0
uname({sys="Linux", node="removed_by_afoxson", ...}) = 0
brk(0)                                  = 0x811eb80
open("/etc/ld.so.preload", O_RDONLY)    = -1 ENOENT (No such file or directory)
open("/etc/ld.so.cache", O_RDONLY)      = 3
fstat64(3, {st_mode=S_IFREG|0644, st_size=76098, ...}) = 0
old_mmap(NULL, 76098, PROT_READ, MAP_PRIVATE, 3, 0) = 0x40016000
close(3)                                = 0
open("/lib/libnsl.so.1", O_RDONLY)      = 3
read(3, "\177ELF\1\1\1\0\0\0\0\0\0\0\0\0\3\0\3\0\1\0\0\0p<\0\000"..., 512) = 512
fstat64(3, {st_mode=S_IFREG|0755, st_size=91624, ...}) = 0
old_mmap(NULL, 85184, PROT_READ|PROT_EXEC, MAP_PRIVATE, 3, 0) = 0x40029000
old_mmap(0x4003b000, 4096, PROT_READ|PROT_WRITE, MAP_PRIVATE|MAP_FIXED, 3, 0x11000) = 0x4003b000
old_mmap(0x4003c000, 7360, PROT_READ|PROT_WRITE, MAP_PRIVATE|MAP_FIXED|MAP_ANONYMOUS, -1, 0) = 0x4003c000
close(3)                                = 0
open("/lib/libdl.so.2", O_RDONLY)       = 3
read(3, "\177ELF\1\1\1\0\0\0\0\0\0\0\0\0\3\0\3\0\1\0\0\0\340\30"..., 512) = 512
fstat64(3, {st_mode=S_IFREG|0755, st_size=15900, ...}) = 0
old_mmap(NULL, 4096, PROT_READ|PROT_WRITE, MAP_PRIVATE|MAP_ANONYMOUS, -1, 0) = 0x4003e000
old_mmap(NULL, 13176, PROT_READ|PROT_EXEC, MAP_PRIVATE, 3, 0) = 0x4003f000
old_mmap(0x40042000, 4096, PROT_READ|PROT_WRITE, MAP_PRIVATE|MAP_FIXED, 3, 0x2000) = 0x40042000
close(3)                                = 0
open("/lib/tls/libm.so.6", O_RDONLY)    = 3
read(3, "\177ELF\1\1\1\0\0\0\0\0\0\0\0\0\3\0\3\0\1\0\0\0\2004\0"..., 512) = 512
fstat64(3, {st_mode=S_IFREG|0755, st_size=212020, ...}) = 0
old_mmap(NULL, 138496, PROT_READ|PROT_EXEC, MAP_PRIVATE, 3, 0) = 0x40043000
old_mmap(0x40064000, 4096, PROT_READ|PROT_WRITE, MAP_PRIVATE|MAP_FIXED, 3, 0x20000) = 0x40064000
close(3)                                = 0
open("/lib/libcrypt.so.1", O_RDONLY)    = 3
read(3, "\177ELF\1\1\1\0\0\0\0\0\0\0\0\0\3\0\3\0\1\0\0\0\240\t\0"..., 512) = 512
fstat64(3, {st_mode=S_IFREG|0755, st_size=23688, ...}) = 0
old_mmap(NULL, 181312, PROT_READ|PROT_EXEC, MAP_PRIVATE, 3, 0) = 0x40065000
old_mmap(0x4006a000, 4096, PROT_READ|PROT_WRITE, MAP_PRIVATE|MAP_FIXED, 3, 0x4000) = 0x4006a000
old_mmap(0x4006b000, 156736, PROT_READ|PROT_WRITE, MAP_PRIVATE|MAP_FIXED|MAP_ANONYMOUS, -1, 0) = 0x4006b000
close(3)                                = 0
open("/lib/libutil.so.1", O_RDONLY)     = 3
read(3, "\177ELF\1\1\1\0\0\0\0\0\0\0\0\0\3\0\3\0\1\0\0\0 \16\0\000"..., 512) = 512
fstat64(3, {st_mode=S_IFREG|0755, st_size=12716, ...}) = 0
old_mmap(NULL, 11048, PROT_READ|PROT_EXEC, MAP_PRIVATE, 3, 0) = 0x40092000
old_mmap(0x40094000, 4096, PROT_READ|PROT_WRITE, MAP_PRIVATE|MAP_FIXED, 3, 0x1000) = 0x40094000
close(3)                                = 0
open("/lib/tls/libc.so.6", O_RDONLY)    = 3
read(3, "\177ELF\1\1\1\0\0\0\0\0\0\0\0\0\3\0\3\0\1\0\0\0\360W\1"..., 512) = 512
fstat64(3, {st_mode=S_IFREG|0755, st_size=1539996, ...}) = 0
old_mmap(0x42000000, 1267276, PROT_READ|PROT_EXEC, MAP_PRIVATE, 3, 0) = 0x42000000
old_mmap(0x42130000, 12288, PROT_READ|PROT_WRITE, MAP_PRIVATE|MAP_FIXED, 3, 0x130000) = 0x42130000
old_mmap(0x42133000, 9804, PROT_READ|PROT_WRITE, MAP_PRIVATE|MAP_FIXED|MAP_ANONYMOUS, -1, 0) = 0x42133000
close(3)                                = 0
old_mmap(NULL, 4096, PROT_READ|PROT_WRITE, MAP_PRIVATE|MAP_ANONYMOUS, -1, 0) = 0x40095000
set_thread_area({entry_number:-1 -> 6, base_addr:0x400954c0, limit:1048575, seg_32bit:1, contents:0, read_exec_only:0, limit_in_pages:1, seg_not_present:0, useable:1}) = 0
munmap(0x40016000, 76098)               = 0
rt_sigaction(SIGFPE, {SIG_IGN}, {SIG_DFL}, 8) = 0
brk(0)                                  = 0x811eb80
brk(0x811fb80)                          = 0x811fb80
brk(0)                                  = 0x811fb80
brk(0x8120000)                          = 0x8120000
brk(0)                                  = 0x8120000
brk(0x8121000)                          = 0x8121000
brk(0)                                  = 0x8121000
brk(0x8123000)                          = 0x8123000
getuid32()                              = 0
geteuid32()                             = 0
getgid32()                              = 0
getegid32()                             = 0
open("/usr/lib/locale/locale-archive", O_RDONLY|O_LARGEFILE) = 3
fstat64(3, {st_mode=S_IFREG|0644, st_size=31202800, ...}) = 0
mmap2(NULL, 2097152, PROT_READ, MAP_PRIVATE, 3, 0) = 0x40096000
close(3)                                = 0
brk(0)                                  = 0x8123000
brk(0x8124000)                          = 0x8124000
brk(0)                                  = 0x8124000
brk(0x8125000)                          = 0x8125000
open("/dev/urandom", O_RDONLY|O_LARGEFILE) = 3
read(3, "Oa\"\34", 4)                   = 4
close(3)                                = 0
time([1084206123])                      = 1084206123
brk(0)                                  = 0x8125000
brk(0x8126000)                          = 0x8126000
brk(0)                                  = 0x8126000
brk(0x8127000)                          = 0x8127000
ioctl(0, SNDCTL_TMR_TIMEBASE, {B9600 opost isig icanon echo ...}) = 0
_llseek(0, 0, 0xbfffe270, SEEK_CUR)     = -1 ESPIPE (Illegal seek)
ioctl(1, SNDCTL_TMR_TIMEBASE, {B9600 opost isig icanon echo ...}) = 0
_llseek(1, 0, 0xbfffe270, SEEK_CUR)     = -1 ESPIPE (Illegal seek)
ioctl(2, SNDCTL_TMR_TIMEBASE, 0xbfffe220) = -1 ENOTTY (Inappropriate ioctl for device)
_llseek(2, 0, [5442], SEEK_CUR)         = 0
open("locate.pl", O_RDONLY|O_LARGEFILE)    = 3
ioctl(3, SNDCTL_TMR_TIMEBASE, 0xbfffe2c0) = -1 ENOTTY (Inappropriate ioctl for device)
_llseek(3, 0, [0], SEEK_CUR)            = 0
fcntl64(3, F_SETFD, FD_CLOEXEC)         = 0
rt_sigaction(SIGCHLD, NULL, {SIG_DFL}, 8) = 0
brk(0)                                  = 0x8127000
brk(0x8128000)                          = 0x8128000
brk(0)                                  = 0x8128000
brk(0x8129000)                          = 0x8129000
brk(0)                                  = 0x8129000
brk(0x812a000)                          = 0x812a000
brk(0)                                  = 0x812a000
brk(0x812b000)                          = 0x812b000
readlink("/proc/self/exe", "/usr/local/bin/perl", 4095) = 19
brk(0)                                  = 0x812b000
brk(0x812c000)                          = 0x812c000
getpid()                                = 24552
brk(0)                                  = 0x812c000
brk(0x812d000)                          = 0x812d000
brk(0)                                  = 0x812d000
brk(0x812e000)                          = 0x812e000
read(3, "#!/usr/bin/perl -w\n\nuse strict;\n"..., 4096) = 213
brk(0)                                  = 0x812e000
brk(0x812f000)                          = 0x812f000
stat64("/usr/local/lib/perl5/5.8.4/i686-linux/strict.pmc", 0xbfffdfc0) = -1 ENOENT (No such file or directory)
open("/usr/local/lib/perl5/5.8.4/i686-linux/strict.pm", O_RDONLY|O_LARGEFILE) = -1 ENOENT (No such file or directory)
stat64("/usr/local/lib/perl5/5.8.4/strict.pmc", 0xbfffdfc0) = -1 ENOENT (No such file or directory)
open("/usr/local/lib/perl5/5.8.4/strict.pm", O_RDONLY|O_LARGEFILE) = 4
ioctl(4, SNDCTL_TMR_TIMEBASE, 0xbfffddd0) = -1 ENOTTY (Inappropriate ioctl for device)
_llseek(4, 0, [0], SEEK_CUR)            = 0
brk(0)                                  = 0x812f000
brk(0x8130000)                          = 0x8130000
brk(0)                                  = 0x8130000
brk(0x8131000)                          = 0x8131000
read(4, "package strict;\n\n$strict::VERSIO"..., 4096) = 3292
brk(0)                                  = 0x8131000
brk(0x8132000)                          = 0x8132000
brk(0)                                  = 0x8132000
brk(0x8133000)                          = 0x8133000
brk(0)                                  = 0x8133000
brk(0x8134000)                          = 0x8134000
_llseek(4, 598, [598], SEEK_SET)        = 0
_llseek(4, 0, [598], SEEK_CUR)          = 0
close(4)                                = 0
stat64("/usr/local/lib/perl5/5.8.4/i686-linux/File/Locate.pmc", 0xbfffdfc0) = -1 ENOENT (No such file or directory)
open("/usr/local/lib/perl5/5.8.4/i686-linux/File/Locate.pm", O_RDONLY|O_LARGEFILE) = -1 ENOENT (No such file or directory)
stat64("/usr/local/lib/perl5/5.8.4/File/Locate.pmc", 0xbfffdfc0) = -1 ENOENT (No such file or directory)
open("/usr/local/lib/perl5/5.8.4/File/Locate.pm", O_RDONLY|O_LARGEFILE) = -1 ENOENT (No such file or directory)
stat64("/usr/local/lib/perl5/site_perl/5.8.4/i686-linux/File/Locate.pmc", 0xbfffdfc0) = -1 ENOENT (No such file or directory)
open("/usr/local/lib/perl5/site_perl/5.8.4/i686-linux/File/Locate.pm", O_RDONLY|O_LARGEFILE) = 4
ioctl(4, SNDCTL_TMR_TIMEBASE, 0xbfffddd0) = -1 ENOTTY (Inappropriate ioctl for device)
_llseek(4, 0, [0], SEEK_CUR)            = 0
read(4, "package File::Locate;\n\nuse 5.005"..., 4096) = 3113
brk(0)                                  = 0x8134000
brk(0x8135000)                          = 0x8135000
stat64("/usr/local/lib/perl5/5.8.4/i686-linux/Carp.pmc", 0xbfffdb70) = -1 ENOENT (No such file or directory)
open("/usr/local/lib/perl5/5.8.4/i686-linux/Carp.pm", O_RDONLY|O_LARGEFILE) = -1 ENOENT (No such file or directory)
stat64("/usr/local/lib/perl5/5.8.4/Carp.pmc", 0xbfffdb70) = -1 ENOENT (No such file or directory)
open("/usr/local/lib/perl5/5.8.4/Carp.pm", O_RDONLY|O_LARGEFILE) = 5
ioctl(5, SNDCTL_TMR_TIMEBASE, 0xbfffd980) = -1 ENOTTY (Inappropriate ioctl for device)
_llseek(5, 0, [0], SEEK_CUR)            = 0
brk(0)                                  = 0x8135000
brk(0x8136000)                          = 0x8136000
read(5, "package Carp;\n\nour $VERSION = \'1"..., 4096) = 4096
brk(0)                                  = 0x8136000
brk(0x8137000)                          = 0x8137000
brk(0)                                  = 0x8137000
brk(0x8138000)                          = 0x8138000
read(5, "                      # Reconcil"..., 4096) = 2623
brk(0)                                  = 0x8138000
brk(0x8139000)                          = 0x8139000
brk(0)                                  = 0x8139000
brk(0x813a000)                          = 0x813a000
brk(0)                                  = 0x813a000
brk(0x813b000)                          = 0x813b000
brk(0)                                  = 0x813b000
brk(0x813c000)                          = 0x813c000
read(5, "", 4096)                       = 0
close(5)                                = 0
stat64("/usr/local/lib/perl5/5.8.4/i686-linux/Exporter.pmc", 0xbfffdb70) = -1 ENOENT (No such file or directory)
open("/usr/local/lib/perl5/5.8.4/i686-linux/Exporter.pm", O_RDONLY|O_LARGEFILE) = -1 ENOENT (No such file or directory)
stat64("/usr/local/lib/perl5/5.8.4/Exporter.pmc", 0xbfffdb70) = -1 ENOENT (No such file or directory)
open("/usr/local/lib/perl5/5.8.4/Exporter.pm", O_RDONLY|O_LARGEFILE) = 5
ioctl(5, SNDCTL_TMR_TIMEBASE, 0xbfffd980) = -1 ENOTTY (Inappropriate ioctl for device)
_llseek(5, 0, [0], SEEK_CUR)            = 0
read(5, "package Exporter;\n\nrequire 5.006"..., 4096) = 4096
brk(0)                                  = 0x813c000
brk(0x813d000)                          = 0x813d000
brk(0)                                  = 0x813d000
brk(0x813e000)                          = 0x813e000
brk(0)                                  = 0x813e000
brk(0x813f000)                          = 0x813f000
brk(0)                                  = 0x813f000
brk(0x8140000)                          = 0x8140000
brk(0)                                  = 0x8140000
brk(0x8141000)                          = 0x8141000
brk(0)                                  = 0x8141000
brk(0x8142000)                          = 0x8142000
brk(0)                                  = 0x8142000
brk(0x8143000)                          = 0x8143000
brk(0)                                  = 0x8143000
brk(0x8144000)                          = 0x8144000
brk(0)                                  = 0x8144000
brk(0x8145000)                          = 0x8145000
brk(0)                                  = 0x8145000
brk(0x8146000)                          = 0x8146000
brk(0)                                  = 0x8146000
brk(0x8147000)                          = 0x8147000
brk(0)                                  = 0x8147000
brk(0x8148000)                          = 0x8148000
brk(0)                                  = 0x8148000
brk(0x8149000)                          = 0x8149000
_llseek(5, 2217, [2217], SEEK_SET)      = 0
_llseek(5, 0, [2217], SEEK_CUR)         = 0
close(5)                                = 0
stat64("/usr/local/lib/perl5/5.8.4/i686-linux/AutoLoader.pmc", 0xbfffdb70) = -1 ENOENT (No such file or directory)
open("/usr/local/lib/perl5/5.8.4/i686-linux/AutoLoader.pm", O_RDONLY|O_LARGEFILE) = -1 ENOENT (No such file or directory)
stat64("/usr/local/lib/perl5/5.8.4/AutoLoader.pmc", 0xbfffdb70) = -1 ENOENT (No such file or directory)
open("/usr/local/lib/perl5/5.8.4/AutoLoader.pm", O_RDONLY|O_LARGEFILE) = 5
ioctl(5, SNDCTL_TMR_TIMEBASE, 0xbfffd980) = -1 ENOTTY (Inappropriate ioctl for device)
_llseek(5, 0, [0], SEEK_CUR)            = 0
read(5, "package AutoLoader;\n\nuse strict;"..., 4096) = 4096
brk(0)                                  = 0x8149000
brk(0x814a000)                          = 0x814a000
brk(0)                                  = 0x814a000
brk(0x814b000)                          = 0x814b000
brk(0)                                  = 0x814b000
brk(0x814c000)                          = 0x814c000
brk(0)                                  = 0x814c000
brk(0x814d000)                          = 0x814d000
brk(0)                                  = 0x814d000
brk(0x814e000)                          = 0x814e000
brk(0)                                  = 0x814e000
brk(0x814f000)                          = 0x814f000
read(5, " \'lib\').\n    #\n\n    (my $calldir"..., 4096) = 4096
brk(0)                                  = 0x814f000
brk(0x8150000)                          = 0x8150000
brk(0)                                  = 0x8150000
brk(0x8151000)                          = 0x8151000
_llseek(5, 4936, [4936], SEEK_SET)      = 0
_llseek(5, 0, [4936], SEEK_CUR)         = 0
close(5)                                = 0
open("/usr/local/lib/perl5/site_perl/5.8.4/i686-linux/auto/File/Locate/autosplit.ix", O_RDONLY|O_LARGEFILE) = 5
ioctl(5, SNDCTL_TMR_TIMEBASE, 0xbfffd980) = -1 ENOTTY (Inappropriate ioctl for device)
_llseek(5, 0, [0], SEEK_CUR)            = 0
read(5, "# Index created by AutoSplit for"..., 4096) = 90
read(5, "", 4096)                       = 0
close(5)                                = 0
stat64("/usr/local/lib/perl5/5.8.4/i686-linux/vars.pmc", 0xbfffdb70) = -1 ENOENT (No such file or directory)
open("/usr/local/lib/perl5/5.8.4/i686-linux/vars.pm", O_RDONLY|O_LARGEFILE) = -1 ENOENT (No such file or directory)
stat64("/usr/local/lib/perl5/5.8.4/vars.pmc", 0xbfffdb70) = -1 ENOENT (No such file or directory)
open("/usr/local/lib/perl5/5.8.4/vars.pm", O_RDONLY|O_LARGEFILE) = 5
ioctl(5, SNDCTL_TMR_TIMEBASE, 0xbfffd980) = -1 ENOTTY (Inappropriate ioctl for device)
_llseek(5, 0, [0], SEEK_CUR)            = 0
read(5, "package vars;\n\nuse 5.006;\n\nour $"..., 4096) = 2358
brk(0)                                  = 0x8151000
brk(0x8152000)                          = 0x8152000
stat64("/usr/local/lib/perl5/5.8.4/i686-linux/warnings/register.pmc", 0xbfffd720) = -1 ENOENT (No such file or directory)
open("/usr/local/lib/perl5/5.8.4/i686-linux/warnings/register.pm", O_RDONLY|O_LARGEFILE) = -1 ENOENT (No such file or directory)
stat64("/usr/local/lib/perl5/5.8.4/warnings/register.pmc", 0xbfffd720) = -1 ENOENT (No such file or directory)
open("/usr/local/lib/perl5/5.8.4/warnings/register.pm", O_RDONLY|O_LARGEFILE) = 6
ioctl(6, SNDCTL_TMR_TIMEBASE, 0xbfffd530) = -1 ENOTTY (Inappropriate ioctl for device)
_llseek(6, 0, [0], SEEK_CUR)            = 0
brk(0)                                  = 0x8152000
brk(0x8153000)                          = 0x8153000
brk(0)                                  = 0x8153000
brk(0x8154000)                          = 0x8154000
read(6, "package warnings::register ;\n\nou"..., 4096) = 1014
brk(0)                                  = 0x8154000
brk(0x8155000)                          = 0x8155000
brk(0)                                  = 0x8155000
brk(0x8156000)                          = 0x8156000
brk(0)                                  = 0x8156000
brk(0x8157000)                          = 0x8157000
read(6, "", 4096)                       = 0
close(6)                                = 0
stat64("/usr/local/lib/perl5/5.8.4/i686-linux/warnings.pmc", 0xbfffd720) = -1 ENOENT (No such file or directory)
open("/usr/local/lib/perl5/5.8.4/i686-linux/warnings.pm", O_RDONLY|O_LARGEFILE) = -1 ENOENT (No such file or directory)
stat64("/usr/local/lib/perl5/5.8.4/warnings.pmc", 0xbfffd720) = -1 ENOENT (No such file or directory)
open("/usr/local/lib/perl5/5.8.4/warnings.pm", O_RDONLY|O_LARGEFILE) = 6
ioctl(6, SNDCTL_TMR_TIMEBASE, 0xbfffd530) = -1 ENOTTY (Inappropriate ioctl for device)
_llseek(6, 0, [0], SEEK_CUR)            = 0
brk(0)                                  = 0x8157000
brk(0x8158000)                          = 0x8158000
read(6, "\n# !!!!!!!   DO NOT EDIT THIS FI"..., 4096) = 4096
brk(0)                                  = 0x8158000
brk(0x8159000)                          = 0x8159000
brk(0)                                  = 0x8159000
brk(0x815a000)                          = 0x815a000
read(6, "\'\t\t=> 92,\n  );\n\nour %Bits = (\n  "..., 4096) = 4096
brk(0)                                  = 0x815a000
brk(0x815b000)                          = 0x815b000
brk(0)                                  = 0x815b000
brk(0x815c000)                          = 0x815c000
brk(0)                                  = 0x815c000
brk(0x815d000)                          = 0x815d000
read(6, "00\\x00\", # [22]\n    \'deprecated\'"..., 4096) = 4096
brk(0)                                  = 0x815d000
brk(0x815e000)                          = 0x815e000
brk(0)                                  = 0x815e000
brk(0x815f000)                          = 0x815f000
brk(0)                                  = 0x815f000
brk(0x8160000)                          = 0x8160000
brk(0)                                  = 0x8160000
brk(0x8161000)                          = 0x8161000
brk(0)                                  = 0x8161000
brk(0x8162000)                          = 0x8162000
read(6, "       $mask |= $Bits{\'all\'} ;\n "..., 4096) = 3401
brk(0)                                  = 0x8162000
brk(0x8163000)                          = 0x8163000
brk(0)                                  = 0x8163000
brk(0x8164000)                          = 0x8164000
brk(0)                                  = 0x8164000
brk(0x8165000)                          = 0x8165000
brk(0)                                  = 0x8165000
brk(0x8166000)                          = 0x8166000
brk(0)                                  = 0x8166000
brk(0x8167000)                          = 0x8167000
brk(0)                                  = 0x8167000
brk(0x8168000)                          = 0x8168000
brk(0)                                  = 0x8168000
brk(0x8169000)                          = 0x8169000
brk(0)                                  = 0x8169000
brk(0x816a000)                          = 0x816a000
brk(0)                                  = 0x816a000
brk(0x816b000)                          = 0x816b000
brk(0)                                  = 0x816b000
brk(0x816c000)                          = 0x816c000
read(6, "", 4096)                       = 0
close(6)                                = 0
brk(0)                                  = 0x816c000
brk(0x816d000)                          = 0x816d000
_llseek(5, 1148, [1148], SEEK_SET)      = 0
_llseek(5, 0, [1148], SEEK_CUR)         = 0
close(5)                                = 0
_llseek(4, 270, [270], SEEK_SET)        = 0
_llseek(4, 0, [270], SEEK_CUR)          = 0
close(4)                                = 0
stat64("/usr/local/lib/perl5/5.8.4/i686-linux/DynaLoader.pmc", 0xbfffdfc0) = -1 ENOENT (No such file or directory)
open("/usr/local/lib/perl5/5.8.4/i686-linux/DynaLoader.pm", O_RDONLY|O_LARGEFILE) = 4
ioctl(4, SNDCTL_TMR_TIMEBASE, 0xbfffddd0) = -1 ENOTTY (Inappropriate ioctl for device)
_llseek(4, 0, [0], SEEK_CUR)            = 0
read(4, "\n# Generated from DynaLoader.pm."..., 4096) = 4096
stat64("/usr/local/lib/perl5/5.8.4/i686-linux/Config.pmc", 0xbfffdb70) = -1 ENOENT (No such file or directory)
open("/usr/local/lib/perl5/5.8.4/i686-linux/Config.pm", O_RDONLY|O_LARGEFILE) = 5
ioctl(5, SNDCTL_TMR_TIMEBASE, 0xbfffd980) = -1 ENOTTY (Inappropriate ioctl for device)
_llseek(5, 0, [0], SEEK_CUR)            = 0
brk(0)                                  = 0x816d000
brk(0x816e000)                          = 0x816e000
read(5, "# This file was created by confi"..., 4096) = 4096
brk(0)                                  = 0x816e000
brk(0x816f000)                          = 0x816f000
brk(0)                                  = 0x816f000
brk(0x8170000)                          = 0x8170000
brk(0)                                  = 0x8170000
brk(0x8171000)                          = 0x8171000
read(5, " XS/APItest XS/Typemap threads/s"..., 4096) = 4096
brk(0)                                  = 0x8171000
brk(0x8172000)                          = 0x8172000
brk(0)                                  = 0x8172000
brk(0x8173000)                          = 0x8173000
read(5, "k=\'define\'\nd_flockproto=\'define\'"..., 4096) = 4096
brk(0)                                  = 0x8173000
brk(0x8175000)                          = 0x8175000
read(5, "\'\nd_setpgrp=\'define\'\nd_setprior="..., 4096) = 4096
read(5, "\'gid_t\'\ngzip=\'gzip\'\nh_fcntl=\'fal"..., 4096) = 4096
brk(0)                                  = 0x8175000
brk(0x8179000)                          = 0x8179000
read(5, "ngsize=\'8\'\nlongsize=\'4\'\nlp=\'\'\nlp"..., 4096) = 4096
read(5, "=\'\'\nsitehtml3dir=\'\'\nsitehtml3dir"..., 4096) = 4096
brk(0)                                  = 0x8179000
brk(0x817e000)                          = 0x817e000
read(5, "t\n}\n\nsub fetch_virtual {\n    my("..., 4096) = 4096
brk(0)                                  = 0x817e000
brk(0x817f000)                          = 0x817f000
brk(0)                                  = 0x817f000
brk(0x8180000)                          = 0x8180000
brk(0)                                  = 0x8180000
brk(0x8181000)                          = 0x8181000
brk(0)                                  = 0x8181000
brk(0x8182000)                          = 0x8182000
brk(0)                                  = 0x8182000
brk(0x8183000)                          = 0x8183000
brk(0)                                  = 0x8183000
brk(0x8184000)                          = 0x8184000
brk(0)                                  = 0x8184000
brk(0x8185000)                          = 0x8185000
read(5, "util -lc\',\n    \'osname\' => \'linu"..., 4096) = 303
read(5, "", 4096)                       = 0
close(5)                                = 0
brk(0)                                  = 0x8185000
brk(0x818b000)                          = 0x818b000
read(4, "e\\::ISA\"};\n    local @isa = (@is"..., 4096) = 4096
brk(0)                                  = 0x818b000
brk(0x818c000)                          = 0x818c000
brk(0)                                  = 0x818c000
brk(0x818d000)                          = 0x818d000
brk(0)                                  = 0x818d000
brk(0x818e000)                          = 0x818e000
read(4, "f_symbols();\n    if (@unresolved"..., 4096) = 4096
brk(0)                                  = 0x818e000
brk(0x818f000)                          = 0x818f000
brk(0)                                  = 0x818f000
brk(0x8190000)                          = 0x8190000
_llseek(4, 9026, [9026], SEEK_SET)      = 0
_llseek(4, 0, [9026], SEEK_CUR)         = 0
close(4)                                = 0
stat64("/usr/local/lib/perl5/5.8.4/i686-linux/auto/File/Locate", 0x811c4c0) = -1 ENOENT (No such file or directory)
stat64("/usr/local/lib/perl5/5.8.4/auto/File/Locate", 0x811c4c0) = -1 ENOENT (No such file or directory)
stat64("/usr/local/lib/perl5/site_perl/5.8.4/i686-linux/auto/File/Locate", {st_mode=S_IFDIR|0755, st_size=4096, ...}) = 0
stat64("/usr/local/lib/perl5/site_perl/5.8.4/i686-linux/auto/File/Locate/Locate.so", {st_mode=S_IFREG|0555, st_size=15602, ...}) = 0
stat64("/usr/local/lib/perl5/site_perl/5.8.4/i686-linux/auto/File/Locate/Locate.bs", {st_mode=S_IFREG|0444, st_size=0, ...}) = 0
open("/usr/local/lib/perl5/site_perl/5.8.4/i686-linux/auto/File/Locate/Locate.so", O_RDONLY) = 4
read(4, "\177ELF\1\1\1\0\0\0\0\0\0\0\0\0\3\0\3\0\1\0\0\0\374\20"..., 512) = 512
fstat64(4, {st_mode=S_IFREG|0555, st_size=15602, ...}) = 0
old_mmap(NULL, 13528, PROT_READ|PROT_EXEC, MAP_PRIVATE, 4, 0) = 0x40016000
old_mmap(0x40019000, 4096, PROT_READ|PROT_WRITE, MAP_PRIVATE|MAP_FIXED, 4, 0x2000) = 0x40019000
close(4)                                = 0
read(3, "", 4096)                       = 0
close(3)                                = 0
open("/var/lib/slocate/slocate.db", O_RDONLY|O_LARGEFILE) = 3
fstat64(3, {st_mode=S_IFREG|0640, st_size=3434849, ...}) = 0
mmap2(NULL, 4096, PROT_READ|PROT_WRITE, MAP_PRIVATE|MAP_ANONYMOUS, -1, 0) = 0x4001a000
read(3, "1\0/\0\0lost+found\0\0boot\0\4/lost+fou"..., 4096) = 4096
_llseek(3, 0, [0], SEEK_SET)            = 0
read(3, "1\0/\0\0lost+found\0\0boot\0\4/lost+fou"..., 4096) = 4096
read(3, "\0\3772\0\0003\0\0004\0\0005\0\0006\0\0007\0\0008\0\000"..., 4096) = 4096
read(3, "\0008\0\0009\0\3764\0\1p1\0\0020\0\0001\0\0002\0\0003\0"..., 4096) = 4096
read(3, "\0\0010\0\0001\0\0002\0\0003\0\0004\0\0005\0\3772\0\000"..., 4096) = 4096
--- SIGSEGV (Segmentation fault) @ 0 (0) ---
+++ killed by SIGSEGV +++
