C:\home\grape>ptar -zxvf Alien-JPCRE2-0.006000.tar.gz
Alien-JPCRE2-0.006000/
Alien-JPCRE2-0.006000/t/
Alien-JPCRE2-0.006000/t/02_stub.t
Alien-JPCRE2-0.006000/t/01_use.t
Alien-JPCRE2-0.006000/Makefile.PL
Alien-JPCRE2-0.006000/alienfile
Alien-JPCRE2-0.006000/META.yml
Alien-JPCRE2-0.006000/MANIFEST
Alien-JPCRE2-0.006000/META.json
Alien-JPCRE2-0.006000/README.md
Alien-JPCRE2-0.006000/Changes
Alien-JPCRE2-0.006000/lib/
Alien-JPCRE2-0.006000/lib/Alien/
Alien-JPCRE2-0.006000/lib/Alien/JPCRE2.pm

C:\home\grape>cd Alien-JPCRE2-0.006000

C:\home\grape\Alien-JPCRE2-0.006000>perl Makefile.PL MAKE=gmake
Alien::Build::Plugin::Probe::CBuilder> trying: cflags=-IC:/home/grape/perl5/lib/perl5/MSWin32-x86-multi-thread-64int/auto/share/dist/Alien-PCRE2/include -DPCRE2_STATIC   libs=-LC:/home/grape/perl5/lib/perl5/MSWin32-x86-multi-thread-64int/au
to/share/dist/Alien-PCRE2/lib -lpcre2-8
Alien::Build::Plugin::Probe::CBuilder> compile failed: error building xs.dll file from 'mytest.c' at C:\home\grape\perl5\lib\perl5/ExtUtils/CBuilder/Platform/Windows.pm line 129.
Alien::Build::Plugin::Probe::CBuilder> compile failed: gcc -c -s -O2 -DWIN32  -DPERL_TEXTMODE_SCRIPTS -DPERL_IMPLICIT_CONTEXT -DPERL_IMPLICIT_SYS -DUSE_PERLIO -fwrapv -fno-strict-aliasing -mms-bitfields -IC:/home/grape/perl5/lib/perl5/MSWin
32-x86-multi-thread-64int/auto/share/dist/Alien-PCRE2/include -DPCRE2_STATIC -s -O2 -I"C:\Strawberry\perl\lib\CORE" -I"C:\Strawberry\c\include" -o "mytest.o" "mytest.c"
mytest.c:1:22: fatal error: jpcre2.hpp: No such file or directory
 #include <jpcre2.hpp>
                      ^
compilation terminated.
Alien::Build> error in probe (will do a share install): error building xs.dll file from 'mytest.c' at C:\home\grape\perl5\lib\perl5/ExtUtils/CBuilder/Platform/Windows.pm line 129.
Checking if your kit is complete...
Looks good
Generating a gmake-style Makefile
Writing Makefile for Alien::JPCRE2
Writing MYMETA.yml and MYMETA.json

C:\home\grape\Alien-JPCRE2-0.006000>gmake -v
GNU Make 4.0.90
Built for Windows32
Copyright (C) 1988-2013 Free Software Foundation, Inc.
License GPLv3+: GNU GPL version 3 or later <http://gnu.org/licenses/gpl.html>
This is free software: you are free to change and redistribute it.
There is NO WARRANTY, to the extent permitted by law.

C:\home\grape\Alien-JPCRE2-0.006000>
