PERL_DL_NONLAZY=1 /usr/local/bin/perl5.8.8 "-MExtUtils::Command::MM" "-e" "test_harness(1, 'blib/lib', 'blib/arch')" t/03-server.t
t/03-server......
1..32
# Running under perl version 5.008008 for darwin
# Current time local: Sun Dec 30 11:55:26 2007
# Current time GMT:   Sun Dec 30 16:55:26 2007
# Using Test.pm version 1.25
Server handler test(s)...
ok 1 # SKIP 
# $result->faultstring = Failed to access class (Calculator): Can't locate Calculator.pm in @INC (@INC contains: /Users/tom/.cpan/build/SOAP-Lite-0.69-5uzAT5/blib/lib /Users/tom/.cpan/build/SOAP-Lite-0.69-5uzAT5/blib/arch /sw/lib/perl5 /sw/lib/perl5/darwin /usr/local/lib/perl5/5.8.8/darwin-2level /usr/local/lib/perl5/5.8.8 /usr/local/lib/perl5/site_perl/5.8.8/darwin-2level /usr/local/lib/perl5/site_perl/5.8.8 /usr/local/lib/perl5/site_perl .) at (eval 153) line 3.
ok 2
# $result->faultstring = Failed to access class (Calculator): Can't locate Calculator.pm in @INC (@INC contains: /Users/tom/.cpan/build/SOAP-Lite-0.69-5uzAT5/blib/lib /Users/tom/.cpan/build/SOAP-Lite-0.69-5uzAT5/blib/arch /sw/lib/perl5 /sw/lib/perl5/darwin /usr/local/lib/perl5/5.8.8/darwin-2level /usr/local/lib/perl5/5.8.8 /usr/local/lib/perl5/site_perl/5.8.8/darwin-2level /usr/local/lib/perl5/site_perl/5.8.8 /usr/local/lib/perl5/site_perl .) at (eval 169) line 3.
ok 3
# $result->faultstring = Failed to access class (Calculator): Can't locate Calculator.pm in @INC (@INC contains: /Users/tom/.cpan/build/SOAP-Lite-0.69-5uzAT5/blib/lib /Users/tom/.cpan/build/SOAP-Lite-0.69-5uzAT5/blib/arch /sw/lib/perl5 /sw/lib/perl5/darwin /usr/local/lib/perl5/5.8.8/darwin-2level /usr/local/lib/perl5/5.8.8 /usr/local/lib/perl5/site_perl/5.8.8/darwin-2level /usr/local/lib/perl5/site_perl/5.8.8 /usr/local/lib/perl5/site_perl .) at (eval 185) line 3.
ok 4
# $result->faultstring = Failed to access class (Calculator): Can't locate Calculator.pm in @INC (@INC contains: /Users/tom/.cpan/build/SOAP-Lite-0.69-5uzAT5/blib/lib /Users/tom/.cpan/build/SOAP-Lite-0.69-5uzAT5/blib/arch /sw/lib/perl5 /sw/lib/perl5/darwin /usr/local/lib/perl5/5.8.8/darwin-2level /usr/local/lib/perl5/5.8.8 /usr/local/lib/perl5/site_perl/5.8.8/darwin-2level /usr/local/lib/perl5/site_perl/5.8.8 /usr/local/lib/perl5/site_perl .) at (eval 201) line 3.
ok 5
# $result->faultstring = Failed to access class (Calculator): Can't locate Calculator.pm in @INC (@INC contains: /Users/tom/.cpan/build/SOAP-Lite-0.69-5uzAT5/blib/lib /Users/tom/.cpan/build/SOAP-Lite-0.69-5uzAT5/blib/arch /sw/lib/perl5 /sw/lib/perl5/darwin /usr/local/lib/perl5/5.8.8/darwin-2level /usr/local/lib/perl5/5.8.8 /usr/local/lib/perl5/site_perl/5.8.8/darwin-2level /usr/local/lib/perl5/site_perl/5.8.8 /usr/local/lib/perl5/site_perl .) at (eval 215) line 3.
ok 6 # SKIP 
ok 7
ok 8
ok 9
ok 10
Server handler with complex dispatches test(s)...
ok 11
ok 12
ok 13
ok 14
ok 15
ok 16
ok 17
ok 18
Error handling in server test(s)...
ok 19
ok 20
ok 21
ok 22
Envelope with no namespaces test(s)...
ok 23
Different XML Schemas test(s)...
ok 24
ok 25
ok 26
ok 27
ok 28
ok 29
ok 30
ok 31
ok 32
ok
All tests successful.
Files=1, Tests=32,  3 wallclock secs ( 0.07 usr  0.03 sys +  1.78 cusr  0.20 csys =  2.08 CPU)
Result: PASS
