Going to read '/home/michi/.cpan/Metadata'
  Database was generated on Tue, 31 Jan 2012 02:16:02 GMT
Running install for module 'Mail::SpamAssassin::Plugin::OpenPGP'
Running make for B/BR/BRONDSEM/Mail-SpamAssassin-Plugin-OpenPGP-1.0.4.tar.gz
Checksum for /home/michi/.cpan/sources/authors/id/B/BR/BRONDSEM/Mail-SpamAssassin-Plugin-OpenPGP-1.0.4.tar.gz ok

  CPAN.pm: Going to build B/BR/BRONDSEM/Mail-SpamAssassin-Plugin-OpenPGP-1.0.4.tar.gz

Creating new 'MYMETA.yml' with configuration results
Creating new 'Build' script for 'Mail-SpamAssassin-Plugin-OpenPGP' version 'v1.0.4'
----        Unsatisfied dependencies detected during        ----
---- BRONDSEM/Mail-SpamAssassin-Plugin-OpenPGP-1.0.4.tar.gz ----
    Mail::GPG [build_requires]
Running Build test
  Delayed until after prerequisites
Running Build install
  Delayed until after prerequisites
Running install for module 'Mail::GPG'
Running make for J/JR/JRED/Mail-GPG-1.0.7.tar.gz
Checksum for /home/michi/.cpan/sources/authors/id/J/JR/JRED/Mail-GPG-1.0.7.tar.gz ok

  CPAN.pm: Going to build J/JR/JRED/Mail-GPG-1.0.7.tar.gz

* Checking for patched MIME-tools package... Ok
* Checking for gpg program... Ok
Checking if your kit is complete...
Looks good
Writing Makefile for Mail::GPG
cp lib/Mail/GPG.pm blib/lib/Mail/GPG.pm
cp lib/Mail/GPG/Result.pm blib/lib/Mail/GPG/Result.pm
cp lib/Mail/GPG/Test.pm blib/lib/Mail/GPG/Test.pm
cp bin/mgpg-test blib/script/mgpg-test
/usr/bin/perl -MExtUtils::MY -e 'MY->fixin(shift)' -- blib/script/mgpg-test
Manifying blib/man3/Mail::GPG::Result.3pm
Manifying blib/man3/Mail::GPG.3pm
  JRED/Mail-GPG-1.0.7.tar.gz
  /usr/bin/make -- OK
'YAML' not installed, will not store persistent state
Running make test
PERL_DL_NONLAZY=1 /usr/bin/perl "-MExtUtils::Command::MM" "-e" "test_harness(0, 'blib/lib', 'blib/arch')" t/*.t
t/01.base.t ....... 
Dubious, test returned 2 (wstat 512, 0x200)
Failed 2/2 subtests 
t/02.sign.t ....... 
Dubious, test returned 255 (wstat 65280, 0xff00)
Failed 31/31 subtests 
t/03.enc.t ........ 
Dubious, test returned 255 (wstat 65280, 0xff00)
Failed 31/31 subtests 
t/04.big.t ........ 
Dubious, test returned 255 (wstat 65280, 0xff00)
Failed 5/5 subtests 
t/05.multipart.t .. 
Dubious, test returned 255 (wstat 65280, 0xff00)
Failed 3/3 subtests 

Test Summary Report
-------------------
t/01.base.t     (Wstat: 512 Tests: 2 Failed: 2)
  Failed tests:  1-2
  Non-zero exit status: 2
t/02.sign.t     (Wstat: 65280 Tests: 1 Failed: 1)
  Failed test:  1
  Non-zero exit status: 255
  Parse errors: Bad plan.  You planned 31 tests but ran 1.
t/03.enc.t      (Wstat: 65280 Tests: 1 Failed: 1)
  Failed test:  1
  Non-zero exit status: 255
  Parse errors: Bad plan.  You planned 31 tests but ran 1.
t/04.big.t      (Wstat: 65280 Tests: 1 Failed: 1)
  Failed test:  1
  Non-zero exit status: 255
  Parse errors: Bad plan.  You planned 5 tests but ran 1.
t/05.multipart.t (Wstat: 65280 Tests: 1 Failed: 1)
  Failed test:  1
  Non-zero exit status: 255
  Parse errors: Bad plan.  You planned 3 tests but ran 1.
Files=5, Tests=6,  1 wallclock secs ( 0.03 usr  0.02 sys +  1.10 cusr  0.12 csys =  1.27 CPU)
Result: FAIL
  JRED/Mail-GPG-1.0.7.tar.gz
  /usr/bin/make test -- NOT OK
//hint// to see the cpan-testers results for installing this module, try:
  reports JRED/Mail-GPG-1.0.7.tar.gz
Running make install
  make test had returned bad status, won't install without force
Running Build for B/BR/BRONDSEM/Mail-SpamAssassin-Plugin-OpenPGP-1.0.4.tar.gz
  Has already been unwrapped into directory /home/michi/.cpan/build/Mail-SpamAssassin-Plugin-OpenPGP-1.0.4-UbeFIq

  CPAN.pm: Going to build B/BR/BRONDSEM/Mail-SpamAssassin-Plugin-OpenPGP-1.0.4.tar.gz

Warning: Prerequisite 'Mail::GPG => v1.0.6' for 'BRONDSEM/Mail-SpamAssassin-Plugin-OpenPGP-1.0.4.tar.gz' failed when processing 'JRED/Mail-GPG-1.0.7.tar.gz' with 'make_test => NO'. Continuing, but chances to succeed are limited.
Building Mail-SpamAssassin-Plugin-OpenPGP
  BRONDSEM/Mail-SpamAssassin-Plugin-OpenPGP-1.0.4.tar.gz
  ./Build -- OK
Running Build test
t/00-load.t ............... 
Dubious, test returned 1 (wstat 256, 0x100)
Failed 1/1 subtests 
t/acceptance-bad.t ........ 
Dubious, test returned 2 (wstat 512, 0x200)
No subtests run 
t/acceptance-encrypted.t .. 
Dubious, test returned 2 (wstat 512, 0x200)
No subtests run 
t/acceptance-good.t ....... 
Dubious, test returned 2 (wstat 512, 0x200)
No subtests run 
t/acceptance-normal.t ..... 
Dubious, test returned 2 (wstat 512, 0x200)
No subtests run 
t/acceptance-unknown.t .... 
Dubious, test returned 2 (wstat 512, 0x200)
No subtests run 
t/boilerplate.t ........... ok
t/pod.t ................... skipped: Test::Pod 1.14 required for testing POD

Test Summary Report
-------------------
t/00-load.t             (Wstat: 256 Tests: 1 Failed: 1)
  Failed test:  1
  Non-zero exit status: 1
t/acceptance-bad.t      (Wstat: 512 Tests: 0 Failed: 0)
  Non-zero exit status: 2
  Parse errors: No plan found in TAP output
t/acceptance-encrypted.t (Wstat: 512 Tests: 0 Failed: 0)
  Non-zero exit status: 2
  Parse errors: No plan found in TAP output
t/acceptance-good.t     (Wstat: 512 Tests: 0 Failed: 0)
  Non-zero exit status: 2
  Parse errors: No plan found in TAP output
t/acceptance-normal.t   (Wstat: 512 Tests: 0 Failed: 0)
  Non-zero exit status: 2
  Parse errors: No plan found in TAP output
t/acceptance-unknown.t  (Wstat: 512 Tests: 0 Failed: 0)
  Non-zero exit status: 2
  Parse errors: No plan found in TAP output
Files=8, Tests=4,  0 wallclock secs ( 0.04 usr  0.02 sys +  0.57 cusr  0.05 csys =  0.68 CPU)
Result: FAIL
  BRONDSEM/Mail-SpamAssassin-Plugin-OpenPGP-1.0.4.tar.gz
  ./Build test -- NOT OK
//hint// to see the cpan-testers results for installing this module, try:
  reports BRONDSEM/Mail-SpamAssassin-Plugin-OpenPGP-1.0.4.tar.gz
Running Build install
  make test had returned bad status, won't install without force
