cpan[2]> look Capture::Tiny   
Running look for module 'Capture::Tiny'

Trying to open a subshell in the build directory...
Working directory is /Users/bitman/.cpan/build/Capture-Tiny-0.09-serpRm
Prepending /Users/bitman/.cpan/build/Perl-OSType-1.002-jKPDNl/blib/arch /Users/bitman/.cpan/build/Perl-OSType-1.002-jKPDNl/blib/lib /Users/bitman/.cpan/build/Module-Metadata-1.000004-As4EUo/blib/arch /Users/bitman/.cpan/build/Module-Metadata-1.000004-As4EUo/blib/lib /Users/bitman/.cpan/build/version-0.88-9gNSQE/blib/arch /Users/bitman/.cpan/build/version-0.88-9gNSQE/blib/lib /Users/bitman/.cpan/build/Test-Simple-0.96-DgQz12/blib/arch /Users/bitman/.cpan/build/Test-Simple-0.96-DgQz12/blib/lib /Users/bitman/.cpan/build/Test-ShellScript-0.04-twckrd/blib/arch /Users/bitman/.cpan/build/Test-ShellScript-0.04-twckrd/blib/lib to PERL5LIB for 'look'
[macky:~/.cpan/build/Capture-Tiny-0.09-serpRm] root# setenv PERL_DL_NONLAZY 1
[macky:~/.cpan/build/Capture-Tiny-0.09-serpRm] root# /usr/bin/perl "-MExtUtils::Command::MM" "-e" "test_harness(0, 'blib/lib', 'blib/arch')" t/*.t
t/00-compile.t ............. ok   
t/01-Capture-Tiny.t ........ ok     
t/02-capture.t ............. ok    
t/03-tee.t ................. ok     
t/06-stdout-closed.t ....... ok     
t/07-stderr-closed.t ....... ok     
t/08-stdin-closed.t ........ ok     
t/09-preserve-exit-code.t .. ok   
t/10-stdout-string.t ....... ok     
t/11-stderr-string.t ....... ok     
t/12-stdin-string.t ........ ok     
t/13-stdout-tied.t ......... ok     
t/14-stderr-tied.t ......... ok     
t/15-stdin-tied.t .......... ok     
t/16-catch-errors.t ........ ok   
All tests successful.

Test Summary Report
-------------------
t/13-stdout-tied.t       (Wstat: 0 Tests: 309 Failed: 0)
  TODO passed:   6-7, 13, 19, 24-25, 31, 37, 40, 49, 60
                73, 78, 91, 100-103, 114-115, 126-127, 136-139
                150-151, 162-163, 170-172, 181, 190, 197-199
                208, 217, 228, 230, 232, 247, 259, 261-262
                273, 275, 277, 292, 304, 306-307
t/14-stderr-tied.t       (Wstat: 0 Tests: 309 Failed: 0)
  TODO passed:   6, 12, 18-19, 24, 30, 36-37, 40, 43, 46
                49, 52, 55, 60-61, 66-67, 72-73, 78-79
                84-85, 90-91, 100-101, 112-113, 124-127
                136-137, 148-149, 160-163, 170-171, 179-180
                188-190, 197-198, 206-207, 215-217, 228-232
                243-247, 258-262, 273-277, 288-292, 303-307
Files=15, Tests=3104, 116 wallclock secs ( 5.54 usr  0.70 sys + 48.22 cusr 52.60 csys = 107.06 CPU)
Result: PASS

