CPAN: CPAN::SQLite loaded ok (v0.202)
Database was generated on Mon, 02 Apr 2012 08:57:22 GMT
Running install for module 'Tcl'
Running make for V/VK/VKON/Tcl-1.02.tar.gz
CPAN: Digest::SHA loaded ok (v5.63)
CPAN: Compress::Zlib loaded ok (v2.042)
Checksum for E:\Programme\strawberry\cpan\sources\authors\id\V\VK\VKON\Tcl-1.02.tar.gz ok
CPAN: Archive::Tar loaded ok (v1.80)
CPAN: File::Temp loaded ok (v0.22)
CPAN: Parse::CPAN::Meta loaded ok (v1.4401)
CPAN: CPAN::Meta loaded ok (v2.112621)
CPAN: Module::CoreList loaded ok (v2.57)

  CPAN.pm: Building V/VK/VKON/Tcl-1.02.tar.gz

Der Befehl "tclsh" ist entweder falsch geschrieben oder
konnte nicht gefunden werden.
Use of uninitialized value $tclver in pattern match (m//) at Makefile.PL line 186.
Use of uninitialized value $vmaj in numeric lt (<) at Makefile.PL line 187.
Use of uninitialized value $vmaj in concatenation (.) or string at Makefile.PL line 187.
Use of uninitialized value $vmin in concatenation (.) or string at Makefile.PL line 187.
Tcl requires Tcl v8.4 or greater, found '.'
No 'Makefile' created  VKON/Tcl-1.02.tar.gz
  E:\Programme\strawberry\perl\bin\perl.exe Makefile.PL -- NOT OK
Running make test
  Make had some problems, won't test
Running make install
  Make had some problems, won't install
Could not read metadata file. Falling back to other methods to determine prerequisites
