%%% Start event arrived.
%%% Starting POE::Component::Client::UserAgent...
Session 'useragent' started
%%% Sending a test request...
Request for http://www.hotmail.com/
Connecting http://www.hotmail.com/
Writing http://www.hotmail.com/
Reading http://www.hotmail.com/
Reading http://www.hotmail.com/
Response returned http://www.hotmail.com/
Connecting http://loginnet.passport.com/login.srf?id=2&svc=mail&cbid=24325&msppjph=1&tw=0&fs=1&fsa=1&fsat=1296000&lc=1033&_lang=EN
%%% Response returned.
%%% Shutting down POE::Component::Client::UserAgent...
http://www.hotmail.com/
	302 Found
Writing http://loginnet.passport.com/login.srf?id=2&svc=mail&cbid=24325&msppjph=1&tw=0&fs=1&fsa=1&fsat=1296000&lc=1033&_lang=EN
Reading http://loginnet.passport.com/login.srf?id=2&svc=mail&cbid=24325&msppjph=1&tw=0&fs=1&fsa=1&fsat=1296000&lc=1033&_lang=EN
Reading http://loginnet.passport.com/login.srf?id=2&svc=mail&cbid=24325&msppjph=1&tw=0&fs=1&fsa=1&fsat=1296000&lc=1033&_lang=EN
%%% Chunks subroutine called.
	Response: HTTP::Response=HASH(0x86cf630)
	Protocol: LWP::Parallel::Protocol::http=HASH(0x86d3f84)
Reading http://loginnet.passport.com/login.srf?id=2&svc=mail&cbid=24325&msppjph=1&tw=0&fs=1&fsa=1&fsat=1296000&lc=1033&_lang=EN
Response returned http://loginnet.passport.com/login.srf?id=2&svc=mail&cbid=24325&msppjph=1&tw=0&fs=1&fsa=1&fsat=1296000&lc=1033&_lang=EN
%%% Response returned.
%%% Shutting down POE::Component::Client::UserAgent...
http://loginnet.passport.com/login.srf?id=2&svc=mail&cbid=24325&msppjph=1&tw=0&fs=1&fsa=1&fsat=1296000&lc=1033&_lang=EN
	200 OK
Removing 'useragent' alias
Session 'useragent' stopped
%%% Stop event arrived.
POE::Component::Client::UserAgent=HASH(0x8174064) destroyed
%%% Kernel::run returned.
