Versions: 0.070 / 1.44 / 1.74
$VAR1 = [
          1,
          21363104,
          '/O=Digital Signature Trust Co./CN=DST Root CA X3/O=Digital Signature Trust Co./CN=DST Root CA X3',
          0,
          32424544
        ];
$VAR1 = [
          1,
          21363104,
          '/O=Digital Signature Trust Co./CN=DST Root CA X3/C=US/O=Let\'s Encrypt/CN=Let\'s Encrypt Authority X3',
          0,
          32861104
        ];
$VAR1 = [
          1,
          21363104,
          '/C=US/O=Let\'s Encrypt/CN=Let\'s Encrypt Authority X3/CN=webmail.brokers.com.ar',
          0,
          32856344
        ];

