May 15 10:19:39 DEBUG 680077008 DSProductHelper::LogProductInfo: Vendor name: Cloudera
May 15 10:19:39 DEBUG 680077008 DSProductHelper::LogProductInfo: Driver name: Cloudera ODBC Driver for Impala
May 15 10:19:39 DEBUG 680077008 DSProductHelper::LogProductInfo: Driver version: 2.5.26.1027
May 15 10:19:39 DEBUG 680077008 DSProductHelper::LogProductInfo: Unknown loaded this 64-bit driver
May 15 10:19:39 INFO  680077008 Driver::LogVersions: SDK Version: 09.03.09.1009
May 15 10:19:39 INFO  680077008 Driver::LogVersions: DSII Version: 2.5.26.1027
May 15 10:19:39 INFO  680077008 Driver::Initialize: Database CHAR Encoding: UTF-8
May 15 10:19:39 INFO  680077008 Driver::Initialize: Database WCHAR Encoding: UTF-16LE
May 15 10:19:39 INFO  680077008 Driver::Initialize: ANSI CHAR Encoding: latin1
May 15 10:19:39 INFO  680077008 Driver::Initialize: Driver Manager WCHAR Encoding: UTF-16LE
May 15 10:19:39 INFO  680077008 Driver::Initialize: Locale name: en_US
May 15 10:19:39 INFO  680077008 Driver::Initialize: Bitness: 64-bit
May 15 10:19:39 TRACE 680077008 CInterface::SQLAllocHandle: +++++ enter +++++
May 15 10:19:39 INFO  680077008 CInterface::SQLAllocHandle: Allocating environment handle.
May 15 10:19:39 TRACE 680077008 Driver::CreateEnvironment: +++++ enter +++++
May 15 10:19:39 TRACE 680077008 ImpalaEnvironment::ImpalaEnvironment: +++++ enter +++++
May 15 10:19:39 TRACE 680077008 Driver::RegisterEnvironment: +++++ enter +++++
May 15 10:19:39 TRACE 680077008 CInterface::SQLSetEnvAttr: +++++ enter +++++
May 15 10:19:39 TRACE 680077008 Driver::GetEnvironment: +++++ enter +++++
May 15 10:19:39 TRACE 680077008 Environment::SQLSetEnvAttr: +++++ enter +++++
May 15 10:19:39 INFO  680077008 Environment::SQLSetEnvAttr: Attribute: SQL_ATTR_ODBC_VERSION (200)
May 15 10:19:39 TRACE 680077008 EnvironmentState1Allocated::SQLSetEnvAttr: +++++ enter +++++
May 15 10:19:39 TRACE 680077008 EnvironmentAttributes::SetAttribute: +++++ enter +++++
May 15 10:19:39 INFO  680077008 EnvironmentAttributes::SetAttribute: Setting ODBC version to: 3
May 15 10:19:39 TRACE 680077008 CInterface::SQLGetEnvAttr: +++++ enter +++++
May 15 10:19:39 TRACE 680077008 Driver::GetEnvironment: +++++ enter +++++
May 15 10:19:39 TRACE 680077008 Environment::SQLGetEnvAttr: +++++ enter +++++
May 15 10:19:39 INFO  680077008 Environment::SQLGetEnvAttr: Attribute: SQL_ATTR_ODBC_VERSION (200)
May 15 10:19:39 TRACE 680077008 EnvironmentState::SQLGetEnvAttr: +++++ enter +++++
May 15 10:19:39 TRACE 680077008 CInterface::SQLAllocHandle: +++++ enter +++++
May 15 10:19:39 INFO  680077008 CInterface::SQLAllocHandle: Allocating connection handle.
May 15 10:19:39 TRACE 680077008 Driver::GetEnvironment: +++++ enter +++++
May 15 10:19:39 TRACE 680077008 Environment::SQLAllocHandle: +++++ enter +++++
May 15 10:19:39 TRACE 680077008 EnvironmentState1Allocated::SQLAllocHandle: +++++ enter +++++
May 15 10:19:39 TRACE 680077008 ImpalaEnvironment::CreateConnection: +++++ enter +++++
May 15 10:19:39 TRACE 680077008 ImpalaConnection::ImpalaConnection: +++++ enter +++++
May 15 10:19:39 TRACE 680077008 Driver::RegisterConnection: +++++ enter +++++
May 15 10:19:39 TRACE 680077008 CInterface::SQLDriverConnect: +++++ enter +++++
May 15 10:19:39 TRACE 680077008 Connection::SQLDriverConnectW: +++++ enter +++++
May 15 10:19:39 TRACE 680077008 ConnectionState2::SQLDriverConnectW: +++++ enter +++++
May 15 10:19:39 TRACE 680077008 ImpalaConnection::UpdateConnectionSettings: +++++ enter +++++
May 15 10:19:39 DEBUG 680077008 DSConnectionUtils::LogConnectionSettings: AuthMech: 0
May 15 10:19:39 DEBUG 680077008 DSConnectionUtils::LogConnectionSettings: CAIssuedCertNamesMismatch: 1
May 15 10:19:39 DEBUG 680077008 DSConnectionUtils::LogConnectionSettings: Database: default
May 15 10:19:39 DEBUG 680077008 DSConnectionUtils::LogConnectionSettings: Description: Cloudera Impala ODBC Driver 64-bit
May 15 10:19:39 DEBUG 680077008 DSConnectionUtils::LogConnectionSettings: Driver: /opt/cloudera/impalaodbc/lib/64/libclouderaimpalaodbc64.so
May 15 10:19:39 DEBUG 680077008 DSConnectionUtils::LogConnectionSettings: Driver64: /opt/cloudera/impalaodbc/lib/64/libclouderaimpalaodbc64.so
May 15 10:19:39 DEBUG 680077008 DSConnectionUtils::LogConnectionSettings: DSN: Cloudera64
May 15 10:19:39 DEBUG 680077008 DSConnectionUtils::LogConnectionSettings: HOST: glados19
May 15 10:19:39 DEBUG 680077008 DSConnectionUtils::LogConnectionSettings: KrbFQDN: 
May 15 10:19:39 DEBUG 680077008 DSConnectionUtils::LogConnectionSettings: KrbRealm: 
May 15 10:19:39 DEBUG 680077008 DSConnectionUtils::LogConnectionSettings: KrbServiceName: 
May 15 10:19:39 DEBUG 680077008 DSConnectionUtils::LogConnectionSettings: PORT: 21050
May 15 10:19:39 DEBUG 680077008 DSConnectionUtils::LogConnectionSettings: PWD: *****
May 15 10:19:39 DEBUG 680077008 DSConnectionUtils::LogConnectionSettings: RowsFetchedPerBlock: 10000
May 15 10:19:39 DEBUG 680077008 DSConnectionUtils::LogConnectionSettings: SocketTimeout: 0
May 15 10:19:39 DEBUG 680077008 DSConnectionUtils::LogConnectionSettings: StringColumnLength: 32767
May 15 10:19:39 DEBUG 680077008 DSConnectionUtils::LogConnectionSettings: TrustedCerts: /opt/cloudera/impalaodbc/lib/64/cacerts.pem
May 15 10:19:39 DEBUG 680077008 DSConnectionUtils::LogConnectionSettings: TSaslTransportBufSize: 1000
May 15 10:19:39 DEBUG 680077008 DSConnectionUtils::LogConnectionSettings: UID: 
May 15 10:19:39 DEBUG 680077008 DSConnectionUtils::LogConnectionSettings: UseNativeQuery: 0
May 15 10:19:39 TRACE 680077008 ImpalaConnection::Connect: +++++ enter +++++
May 15 10:19:39 DEBUG 680077008 DSConnectionUtils::LogConnectionSettings: AuthMech: 0
May 15 10:19:39 DEBUG 680077008 DSConnectionUtils::LogConnectionSettings: CAIssuedCertNamesMismatch: 1
May 15 10:19:39 DEBUG 680077008 DSConnectionUtils::LogConnectionSettings: Database: default
May 15 10:19:39 DEBUG 680077008 DSConnectionUtils::LogConnectionSettings: Description: Cloudera Impala ODBC Driver 64-bit
May 15 10:19:39 DEBUG 680077008 DSConnectionUtils::LogConnectionSettings: Driver: /opt/cloudera/impalaodbc/lib/64/libclouderaimpalaodbc64.so
May 15 10:19:39 DEBUG 680077008 DSConnectionUtils::LogConnectionSettings: Driver64: /opt/cloudera/impalaodbc/lib/64/libclouderaimpalaodbc64.so
May 15 10:19:39 DEBUG 680077008 DSConnectionUtils::LogConnectionSettings: DSN: Cloudera64
May 15 10:19:39 DEBUG 680077008 DSConnectionUtils::LogConnectionSettings: HOST: glados19
May 15 10:19:39 DEBUG 680077008 DSConnectionUtils::LogConnectionSettings: KrbFQDN: 
May 15 10:19:39 DEBUG 680077008 DSConnectionUtils::LogConnectionSettings: KrbRealm: 
May 15 10:19:39 DEBUG 680077008 DSConnectionUtils::LogConnectionSettings: KrbServiceName: 
May 15 10:19:39 DEBUG 680077008 DSConnectionUtils::LogConnectionSettings: PORT: 21050
May 15 10:19:39 DEBUG 680077008 DSConnectionUtils::LogConnectionSettings: PWD: *****
May 15 10:19:39 DEBUG 680077008 DSConnectionUtils::LogConnectionSettings: RowsFetchedPerBlock: 10000
May 15 10:19:39 DEBUG 680077008 DSConnectionUtils::LogConnectionSettings: SocketTimeout: 0
May 15 10:19:39 DEBUG 680077008 DSConnectionUtils::LogConnectionSettings: StringColumnLength: 32767
May 15 10:19:39 DEBUG 680077008 DSConnectionUtils::LogConnectionSettings: TrustedCerts: /opt/cloudera/impalaodbc/lib/64/cacerts.pem
May 15 10:19:39 DEBUG 680077008 DSConnectionUtils::LogConnectionSettings: TSaslTransportBufSize: 1000
May 15 10:19:39 DEBUG 680077008 DSConnectionUtils::LogConnectionSettings: UID: 
May 15 10:19:39 DEBUG 680077008 DSConnectionUtils::LogConnectionSettings: UseNativeQuery: 0
May 15 10:19:39 DEBUG 680077008 ImpalaConnection::Connect: Enable simulated transactions: false
May 15 10:19:39 TRACE 680077008 ImpalaTCLIServiceThreadSafeClient::ImpalaTCLIServiceThreadSafeClient: +++++ enter +++++
May 15 10:19:39 TRACE 680077008 ImpalaTCLIServiceThreadSafeClient::OpenSession: +++++ enter +++++
May 15 10:19:39 DEBUG 680077008 ImpalaTCLIServiceThreadSafeClient::OpenSession: TOpenSessionReq
    client_protocol = HIVE_CLI_SERVICE_PROTOCOL_V6
May 15 10:19:39 DEBUG 680077008 ImpalaTCLIServiceThreadSafeClient::OpenSession: TOpenSessionResp
    serverProtocolVersion = HIVE_CLI_SERVICE_PROTOCOL_V6
    sessionHandle.sessionId.guid = a09babd9f2af4998bbab917595e7b48f
May 15 10:19:39 TRACE 680077008 ImpalaTCLIServiceThreadSafeClient::OpenSession: +++++ leave +++++
May 15 10:19:39 DEBUG 680077008 ImpalaClient::OpenSession: Result set serialization used: COLUMNAR
May 15 10:19:39 TRACE 680077008 ImpalaTCLIServiceThreadSafeClient::ExecuteStatement: +++++ enter +++++
May 15 10:19:39 DEBUG 680077008 ImpalaTCLIServiceThreadSafeClient::ExecuteStatement: TExecuteStatementReq
    sessionHandle.sessionId.guid = a09babd9f2af4998bbab917595e7b48f
    statement = SHOW DATABASES
    runAsync = false
May 15 10:19:39 TRACE 680077008 ImpalaTCLIServiceThreadSafeClient::ExecuteStatement: +++++ leave +++++
May 15 10:19:39 TRACE 680077008 ImpalaTCLIServiceThreadSafeClient::GetOperationStatus: +++++ enter +++++
May 15 10:19:39 DEBUG 680077008 ImpalaTCLIServiceThreadSafeClient::GetOperationStatus: TGetOperationStatusReq
    operationHandle.operationId.guid = fef91ed0be904e9780f929e87af534ec
May 15 10:19:39 TRACE 680077008 ImpalaTCLIServiceThreadSafeClient::GetOperationStatus: +++++ leave +++++
May 15 10:19:39 TRACE 680077008 ImpalaClient::FetchEntireStringColumn: +++++ enter +++++
May 15 10:19:39 TRACE 680077008 ImpalaTCLIServiceThreadSafeClient::FetchResults: +++++ enter +++++
May 15 10:19:39 TRACE 680077008 ImpalaTCLIServiceThreadSafeClient::FetchResults: +++++ leave +++++
May 15 10:19:39 TRACE 680077008 ImpalaTCLIServiceThreadSafeClient::FetchResults: +++++ enter +++++
May 15 10:19:39 TRACE 680077008 ImpalaTCLIServiceThreadSafeClient::FetchResults: +++++ leave +++++
May 15 10:19:39 TRACE 680077008 ImpalaTCLIServiceThreadSafeClient::CloseOperation: +++++ enter +++++
May 15 10:19:39 DEBUG 680077008 ImpalaTCLIServiceThreadSafeClient::CloseOperation: TCloseOperationReq
    operationHandle.operationId.guid = fef91ed0be904e9780f929e87af534ec
May 15 10:19:39 TRACE 680077008 ImpalaTCLIServiceThreadSafeClient::CloseOperation: +++++ leave +++++
May 15 10:19:39 TRACE 680077008 ImpalaTCLIServiceThreadSafeClient::GetInfo: +++++ enter +++++
May 15 10:19:39 TRACE 680077008 ImpalaTCLIServiceThreadSafeClient::GetInfo: +++++ leave +++++
May 15 10:19:39 TRACE 680077008 ImpalaSettings::LogSettings: +++++ enter +++++
May 15 10:19:39 DEBUG 680077008 ImpalaSettings::LogSettings: m_authMech: No Authentication
May 15 10:19:39 DEBUG 680077008 ImpalaSettings::LogSettings: m_delegationUid: 
May 15 10:19:39 DEBUG 680077008 ImpalaSettings::LogSettings: m_useNativeQuery: false
May 15 10:19:39 TRACE 680077008 TESettings::LogSettings: +++++ enter +++++
May 15 10:19:39 DEBUG 680077008 TESettings::LogSettings: m_krbServiceName: 
May 15 10:19:39 DEBUG 680077008 TESettings::LogSettings: m_krbHostFQDN: 
May 15 10:19:39 DEBUG 680077008 TESettings::LogSettings: m_httpPath: 
May 15 10:19:39 DEBUG 680077008 TESettings::LogSettings: m_httpUserAgent: 
May 15 10:19:39 DEBUG 680077008 TESettings::LogSettings: m_trustedCertsPath: 
May 15 10:19:39 DEBUG 680077008 TESettings::LogSettings: m_saslAuthMech: PLAIN
May 15 10:19:39 DEBUG 680077008 TESettings::LogSettings: m_httpAuthType: NO_AUTHORIZATION
May 15 10:19:39 DEBUG 680077008 TESettings::LogSettings: m_krbADUserNameCase: UNCHANGED
May 15 10:19:39 DEBUG 680077008 TESettings::LogSettings: m_isAllowSelfSignedCerts: false
May 15 10:19:39 DEBUG 680077008 TESettings::LogSettings: m_isAllowCommonNameMismatch: false
May 15 10:19:39 DEBUG 680077008 TESettings::LogSettings: m_isAllowCommonNameMismatch: false
May 15 10:19:39 DEBUG 680077008 TESettings::LogSettings: m_isEnableDebugLogging: false
May 15 10:19:39 TRACE 680077008 CInterface::SQLGetFunctions: +++++ enter +++++
May 15 10:19:39 TRACE 680077008 Connection::SQLGetFunctions: +++++ enter +++++
May 15 10:19:39 TRACE 680077008 ConnectionState::SQLGetFunctions: +++++ enter +++++
May 15 10:19:39 TRACE 680077008 CInterface::SQLGetInfo: +++++ enter +++++
May 15 10:19:39 TRACE 680077008 Connection::SQLGetInfoW: +++++ enter +++++
May 15 10:19:39 INFO  680077008 Connection::SQLGetInfoW: InfoType: SQL_DRIVER_ODBC_VER (77)
May 15 10:19:39 TRACE 680077008 CInterface::SQLGetDiagRec: +++++ enter +++++
May 15 10:19:39 TRACE 680077008 CInterface::SQLGetInfo: +++++ enter +++++
May 15 10:19:39 ERROR 680077008 CInterface::SQLGetInfo: Invalid connection handle.
May 15 10:19:39 TRACE 680077008 CInterface::SQLGetInfo: +++++ enter +++++
May 15 10:19:39 ERROR 680077008 CInterface::SQLGetInfo: Invalid connection handle.
May 15 10:19:39 TRACE 680077008 CInterface::SQLGetInfo: +++++ enter +++++
May 15 10:19:39 ERROR 680077008 CInterface::SQLGetInfo: Invalid connection handle.
May 15 10:19:39 TRACE 680077008 CInterface::SQLGetInfo: +++++ enter +++++
May 15 10:19:39 ERROR 680077008 CInterface::SQLGetInfo: Invalid connection handle.
May 15 10:19:39 TRACE 680077008 CInterface::SQLGetInfo: +++++ enter +++++
May 15 10:19:39 ERROR 680077008 CInterface::SQLGetInfo: Invalid connection handle.
May 15 10:19:39 TRACE 680077008 CInterface::SQLGetInfo: +++++ enter +++++
May 15 10:19:39 ERROR 680077008 CInterface::SQLGetInfo: Invalid connection handle.
May 15 10:19:39 TRACE 680077008 CInterface::SQLGetInfo: +++++ enter +++++
May 15 10:19:39 ERROR 680077008 CInterface::SQLGetInfo: Invalid connection handle.
May 15 10:19:39 TRACE 680077008 CInterface::SQLGetInfo: +++++ enter +++++
May 15 10:19:39 ERROR 680077008 CInterface::SQLGetInfo: Invalid connection handle.
May 15 10:19:39 TRACE 680077008 CInterface::SQLGetFunctions: +++++ enter +++++
May 15 10:19:39 ERROR 680077008 CInterface::SQLGetFunctions: Invalid connection handle.
May 15 10:19:39 TRACE 680077008 CInterface::SQLGetFunctions: +++++ enter +++++
May 15 10:19:39 ERROR 680077008 CInterface::SQLGetFunctions: Invalid connection handle.
May 15 10:19:39 TRACE 680077008 CInterface::SQLSetConnectAttr: +++++ enter +++++
May 15 10:19:39 ERROR 680077008 CInterface::SQLSetConnectAttr: Invalid connection handle.
May 15 10:19:39 TRACE 680077008 CInterface::SQLEndTran: +++++ enter +++++
May 15 10:19:39 ERROR 680077008 CInterface::SQLEndTran: Invalid connection handle.
May 15 10:19:39 TRACE 680077008 CInterface::SQLGetConnectAttr: +++++ enter +++++
May 15 10:19:39 ERROR 680077008 CInterface::SQLGetConnectAttr: Invalid connection handle.
May 15 10:19:39 TRACE 680077008 CInterface::SQLDisconnect: +++++ enter +++++
May 15 10:19:39 ERROR 680077008 CInterface::SQLDisconnect: Invalid connection handle.
May 15 10:19:39 TRACE 680077008 CInterface::SQLGetDiagField: +++++ enter +++++
May 15 10:19:39 TRACE 680077008 CInterface::SQLFreeHandle: +++++ enter +++++
May 15 10:19:39 ERROR 680077008 CInterface::SQLFreeHandle: Invalid connection handle.
May 15 10:19:39 TRACE 680077008 CInterface::SQLFreeHandle: +++++ enter +++++
May 15 10:19:39 TRACE 680077008 Driver::FreeEnvironment: +++++ enter +++++
May 15 10:19:39 TRACE 680077008 Driver::GetEnvironment: +++++ enter +++++
May 15 10:19:39 TRACE 680077008 ImpalaConnection::Disconnect: +++++ enter +++++
May 15 10:19:39 TRACE 680077008 ImpalaTCLIServiceThreadSafeClient::CloseSession: +++++ enter +++++
May 15 10:19:39 DEBUG 680077008 ImpalaTCLIServiceThreadSafeClient::CloseSession: TCloseSessionReq
    sessionHandle.sessionId.guid = a09babd9f2af4998bbab917595e7b48f
May 15 10:19:39 TRACE 680077008 ImpalaTCLIServiceThreadSafeClient::CloseSession: +++++ leave +++++
May 15 10:19:39 TRACE 680077008 ImpalaTCLIServiceThreadSafeClient::~ImpalaTCLIServiceThreadSafeClient: +++++ enter +++++
