cpanm (App::cpanminus) 1.7001 on perl 5.018001 built for darwin-2level
Work directory is /Users/dsteinbrunner/.cpanm/work/1387321852.88940
You have make /usr/bin/make
You have LWP 6.05
You have /usr/bin/tar: bsdtar 2.8.3 - libarchive 2.8.3
You have /usr/bin/unzip
Searching Moops on cpanmetadb ...
--> Working on Moops
Fetching http://www.cpan.org/authors/id/T/TO/TOBYINK/Moops-0.027.tar.gz
-> OK
Unpacking Moops-0.027.tar.gz
Entering Moops-0.027
Checking configure dependencies from META.json
Checking if you have ExtUtils::MakeMaker 6.17 ... Yes (6.84)
Configuring Moops-0.027
Running Makefile.PL

** Setting the MM_INSTALL_FEATURES environment variable to true
** would allow you to choose additional features.

Checking if your kit is complete...
Looks good
Generating a Unix-style Makefile
Writing Makefile for Moops
Writing MYMETA.yml and MYMETA.json
-> OK
Checking dependencies from MYMETA.json ...
Checking if you have Test::Requires 0 ... Yes (0.07)
Checking if you have Test::Fatal 0 ... Yes (0.013)
Checking if you have Sub::Name 0 ... Yes (0.05)
Checking if you have MooseX::MungeHas 0.002 ... Yes (0.004)
Checking if you have Test::More 0.96 ... Yes (1.001002)
Checking if you have Exporter::Tiny 0.026 ... Yes (0.030)
Checking if you have Devel::Pragma 0.54 ... Yes (0.60)
Checking if you have true 0.18 ... Yes (0.18)
Checking if you have Kavorka 0.018 ... Yes (0.023)
Checking if you have Try::Tiny 0.12 ... Yes (0.18)
Checking if you have MooX::late 0.014 ... Yes (0.014)
Checking if you have Import::Into 1.000000 ... Yes (1.002000)
Checking if you have namespace::sweep 0.006 ... Yes (0.006)
Checking if you have Module::Runtime 0.013 ... Yes (0.013)
Checking if you have Moo 1.003000 ... Yes (1.003001)
Checking if you have Scalar::Util 1.24 ... Yes (1.35)
Checking if you have Type::Utils 0.024 ... Yes (0.035_01)
Checking if you have Lexical::Accessor 0.003 ... Yes (0.003)
Checking if you have Keyword::Simple 0.01 ... Yes (0.02)
Building and testing Moops-0.027
cp lib/Moops/TraitFor/Keyword/mutable.pm blib/lib/Moops/TraitFor/Keyword/mutable.pm
cp lib/MooseX/FunctionParametersInfo.pm blib/lib/MooseX/FunctionParametersInfo.pm
cp lib/PerlX/Define.pm blib/lib/PerlX/Define.pm
cp lib/Moops.pm blib/lib/Moops.pm
cp lib/Moops/Keyword/Role.pm blib/lib/Moops/Keyword/Role.pm
cp lib/Moops/Parser.pm blib/lib/Moops/Parser.pm
cp lib/Moops/TraitFor/Keyword/assertions.pm blib/lib/Moops/TraitFor/Keyword/assertions.pm
cp lib/Moops/TraitFor/Keyword/fp.pm blib/lib/Moops/TraitFor/Keyword/fp.pm
cp lib/Moops/Keyword/Library.pm blib/lib/Moops/Keyword/Library.pm
cp lib/Moops/TraitFor/Keyword/dirty.pm blib/lib/Moops/TraitFor/Keyword/dirty.pm
cp lib/Moops/TraitFor/Keyword/rwp.pm blib/lib/Moops/TraitFor/Keyword/rwp.pm
cp lib/Moops/TraitFor/Keyword/ro.pm blib/lib/Moops/TraitFor/Keyword/ro.pm
cp lib/Moops/TraitFor/Keyword/rw.pm blib/lib/Moops/TraitFor/Keyword/rw.pm
cp lib/PerlX/Assert.pm blib/lib/PerlX/Assert.pm
cp lib/Moops/MethodModifiers.pm blib/lib/Moops/MethodModifiers.pm
cp lib/Moops/Manual/Objects101.pod blib/lib/Moops/Manual/Objects101.pod
cp lib/Moops/ImportSet.pm blib/lib/Moops/ImportSet.pm
cp lib/Moops/Keyword/Class.pm blib/lib/Moops/Keyword/Class.pm
cp lib/Moops/Keyword.pm blib/lib/Moops/Keyword.pm
Manifying blib/man3/Moops.3
Manifying blib/man3/Moops::Manual::Objects101.3
Manifying blib/man3/MooseX::FunctionParametersInfo.3
Manifying blib/man3/PerlX::Assert.3
Manifying blib/man3/PerlX::Define.3
PERL_DL_NONLAZY=1 /Users/dsteinbrunner/perl5/perlbrew/perls/perl-5.18.1/bin/perl "-MExtUtils::Command::MM" "-MTest::Harness" "-e" "undef *Test::Harness::Switches; test_harness(0, 'blib/lib', 'blib/arch')" t/*.t
# MOOPS_FUNCTION_PARAMETERS_EVERYWHERE = ''
t/01basic.t ....................... ok
t/02outer.t ....................... ok
t/03lines.t ....................... ok
t/11class-moose.t ................. ok
t/11class-mouse.t ................. ok
t/11class-tiny.t .................. skipped: Test requires module 'Class::Tiny::Antlers' but it's not found
t/11class.t ....................... ok
t/12role-moose.t .................. ok
t/12role-mouse.t .................. ok
t/12role-tiny.t ................... skipped: Test requires module 'Class::Tiny::Antlers' but it's not found
t/12role.t ........................ ok
t/13namespace.t ................... ok
t/14versions.t .................... ok
t/21fun.t ......................... ok
t/22method-moose.t ................ ok
t/22method.t ...................... ok
t/23modifiers-moose.t ............. ok
t/23modifiers.t ................... ok
t/31types-moose.t ................. ok
t/31types-moosextypes-imported.t .. ok
Bareword "MooseX::Types::Common::Numeric::PositiveInt" not allowed while "strict subs" in use at t/31types-moosextypes-moo.t line 34.
Execution of t/31types-moosextypes-moo.t aborted due to compilation errors.
t/31types-moosextypes-moo.t ....... 
Dubious, test returned 255 (wstat 65280, 0xff00)
No subtests run 
Bareword "MooseX::Types::Common::Numeric::PositiveInt" not allowed while "strict subs" in use at t/31types-moosextypes.t line 34.
Execution of t/31types-moosextypes.t aborted due to compilation errors.
t/31types-moosextypes.t ........... 
Dubious, test returned 255 (wstat 65280, 0xff00)
No subtests run 
t/31types-mouse.t ................. ok
t/31types.t ....................... ok
t/32typeimport-moosextypes.t ...... ok
t/32typeimport.t .................. skipped: Test requires module 'Types::XSD::Lite' but it's not found
t/33type-timing.t ................. ok
t/41constants.t ................... ok
t/51moresugar.t ................... ok
t/52customsugar.t ................. ok
t/61assertions.t .................. ok
t/71library-moosextypes.t ......... ok
t/71library.t ..................... ok
t/91traits.t ...................... ok
t/92trait-dirty.t ................. ok
t/93trait-mutable.t ............... ok
t/94trait-ro-rw-rwp.t ............. ok

Test Summary Report
-------------------
t/31types-moosextypes-moo.t     (Wstat: 65280 Tests: 0 Failed: 0)
  Non-zero exit status: 255
  Parse errors: No plan found in TAP output
t/31types-moosextypes.t         (Wstat: 65280 Tests: 0 Failed: 0)
  Non-zero exit status: 255
  Parse errors: No plan found in TAP output
Files=37, Tests=217, 13 wallclock secs ( 0.12 usr  0.07 sys +  9.33 cusr  0.73 csys = 10.25 CPU)
Result: FAIL
Failed 2/37 test programs. 0/217 subtests failed.
make: *** [test_dynamic] Error 255
-> FAIL Installing Moops failed. See /Users/dsteinbrunner/.cpanm/work/1387321852.88940/build.log for details. Retry with --force to force install it.
