C:\home\garden>cpan WWW::Mechanize::Chrome
CPAN: CPAN::SQLite loaded ok (v0.211)
CPAN: LWP::UserAgent loaded ok (v6.36)
Fetching with LWP:
http://cpan.strawberryperl.com/authors/01mailrc.txt.gz
CPAN: YAML::XS loaded ok (v0.76)
Fetching with LWP:
http://cpan.strawberryperl.com/modules/02packages.details.txt.gz
Fetching with LWP:
http://cpan.strawberryperl.com/modules/03modlist.data.gz
Database was generated on Sat, 05 Jan 2019 05:00:33 GMT
Updating database file ... Done!
Running install for module 'WWW::Mechanize::Chrome'
Fetching with LWP:
http://cpan.strawberryperl.com/authors/id/C/CO/CORION/WWW-Mechanize-Chrome-0.28.tar.gz
CPAN: Digest::SHA loaded ok (v6.02)
Fetching with LWP:
http://cpan.strawberryperl.com/authors/id/C/CO/CORION/CHECKSUMS
CPAN: Compress::Zlib loaded ok (v2.083)
Checksum for C:\Strawberry\cpan\sources\authors\id\C\CO\CORION\WWW-Mechanize-Chrome-0.28.tar.gz ok
CPAN: Archive::Tar loaded ok (v2.30)
CPAN: CPAN::Meta::Requirements loaded ok (v2.140)
CPAN: Parse::CPAN::Meta loaded ok (v2.150010)
CPAN: CPAN::Meta loaded ok (v2.150010)
CPAN: Module::CoreList loaded ok (v5.20180622)
Configuring C/CO/CORION/WWW-Mechanize-Chrome-0.28.tar.gz with Makefile.PL
CPAN: CPAN::Reporter loaded ok (v1.2018)
(Re)Creating lib/WWW/Mechanize/Chrome/Examples.pm
Checking if your kit is complete...
Looks good
Generating a gmake-style Makefile
Writing Makefile for WWW::Mechanize::Chrome
Writing MYMETA.yml and MYMETA.json
(C:\Strawberry\perl\bin\perl.exe Makefile.PL exited with 0)
CPAN::Reporter: Makefile.PL result is 'pass', No errors.
  CORION/WWW-Mechanize-Chrome-0.28.tar.gz
  C:\Strawberry\perl\bin\perl.exe Makefile.PL -- OK
Running make for C/CO/CORION/WWW-Mechanize-Chrome-0.28.tar.gz
cp lib/Chrome/DevToolsProtocol/Transport/NetAsync.pm blib\lib\Chrome\DevToolsProtocol\Transport\NetAsync.pm
cp lib/WWW/Mechanize/Chrome/Cookbook.pm blib\lib\WWW\Mechanize\Chrome\Cookbook.pm
cp lib/WWW/Mechanize/Chrome/Examples.pm blib\lib\WWW\Mechanize\Chrome\Examples.pm
cp lib/WWW/Mechanize/Chrome.pm blib\lib\WWW\Mechanize\Chrome.pm
cp lib/Chrome/DevToolsProtocol/Transport/AnyEvent.pm blib\lib\Chrome\DevToolsProtocol\Transport\AnyEvent.pm
cp lib/WWW/Mechanize/Chrome/Install.pod blib\lib\WWW\Mechanize\Chrome\Install.pod
cp lib/WWW/Mechanize/Chrome/Contributing.pod blib\lib\WWW\Mechanize\Chrome\Contributing.pod
cp lib/Chrome/DevToolsProtocol.pm blib\lib\Chrome\DevToolsProtocol.pm
cp lib/WWW/Mechanize/Chrome/DSL.pm blib\lib\WWW\Mechanize\Chrome\DSL.pm
cp lib/WWW/Mechanize/Chrome/Troubleshooting.pm blib\lib\WWW\Mechanize\Chrome\Troubleshooting.pm
cp lib/Chrome/DevToolsProtocol/Transport/Mojo.pm blib\lib\Chrome\DevToolsProtocol\Transport\Mojo.pm
cp lib/Chrome/DevToolsProtocol/Transport.pm blib\lib\Chrome\DevToolsProtocol\Transport.pm
cp lib/WWW/Mechanize/Chrome/Node.pm blib\lib\WWW\Mechanize\Chrome\Node.pm
(C:\Strawberry\c\bin\gmake.exe exited with 0)
CPAN::Reporter: gmake result is 'pass', No errors.
  CORION/WWW-Mechanize-Chrome-0.28.tar.gz
  C:\Strawberry\c\bin\gmake.exe -- OK
Running make test for CORION/WWW-Mechanize-Chrome-0.28.tar.gz
"C:\Strawberry\perl\bin\perl.exe" "-MExtUtils::Command::MM" "-MTest::Harness" "-e" "undef *Test::Harness::Switches; test_harness(0, 'blib\lib', 'blib\arch')" t/00-load.t t/01-chrome-devtools-protocol.t t/02-chrome-devtools-tab.t t/47-mech-simplest.t t/49-launch.t t/49-mech-get-file.t t/49-mech-nav.t t/49-port.t t/50-follow-link.t t/50-form-with-fields.t t/50-form2.t t/50-mech-content.t t/50-mech-ct.t t/50-mech-encoding.t t/50-mech-forms.t t/50-mech-get-nonexistent.t t/50-mech-get.t t/50-mech-new-dsl.t t/50-mech-new.t t/50-mech-redirect.t t/50-mech-start-url.t t/50-mech-status.t t/50-popup.t t/51-mech-form-with-fields.t t/51-mech-links.t t/51-mech-set-content.t t/51-mech-submit.t t/53-mech-capture-js-error.t t/56-render-content.t t/58-alert.t t/60-mech-custom-headers.t t/61-mech-download.t t/61-screencast.t t/62-networkstatus.t t/62-viewport-size.t t/65-is_visible.t t/65-save-content.t t/65-wait_until_visible.t t/70-mech-png.t t/75-classnames.t t/76-scroll.t t/77-reload-fragment.t
# Testing WWW::Mechanize::Chrome 0.28, Perl 5.028000
# B 1.74
# Carp 1.50
# Carp::Heavy 1.50
# Chrome::DevToolsProtocol 0.28
# Chrome::DevToolsProtocol::EventListener <unknown>
# Chrome::DevToolsProtocol::Transport 0.28
# Class::Method::Modifiers 2.12
# Class::XSAccessor 1.19
# Class::XSAccessor::Heavy 1.19
# Config 5.028000
# Cwd 3.74
# Data::Dumper 2.170
# Devel::GlobalDestruction 0.14
# Errno 1.29
# Exporter 5.73
# Exporter::Heavy 5.73
# Fcntl 1.13
# File::Basename 2.85
# File::Spec 3.74
# File::Spec::Unix 3.74
# File::Spec::Win32 3.74
# Filter::Simple 0.95
# Filter::Util::Call 1.58
# Filter::signatures 0.15
# Future 0.39
# Future::HTTP 0.12
# HTML::Selector::XPath 0.25
# HTTP::Headers 6.18
# HTTP::Message 6.18
# HTTP::Response 6.18
# HTTP::Status 6.18
# IO 1.39
# IO::Handle 1.39
# IO::Socket 1.39
# IO::Socket::INET 1.39
# IO::Socket::UNIX 1.39
# JSON 2.97001
# JSON::XS 4.0
# List::Util 1.5
# Log::Log4perl 1.47
# Log::Log4perl::Appender <unknown>
# Log::Log4perl::Appender::String <unknown>
# Log::Log4perl::Config <unknown>
# Log::Log4perl::Config::BaseConfigurator <unknown>
# Log::Log4perl::Config::PropertyConfigurator <unknown>
# Log::Log4perl::Config::Watch <unknown>
# Log::Log4perl::DateFormat <unknown>
# Log::Log4perl::Filter <unknown>
# Log::Log4perl::Filter::Boolean <unknown>
# Log::Log4perl::JavaMap <unknown>
# Log::Log4perl::Layout <unknown>
# Log::Log4perl::Layout::PatternLayout <unknown>
# Log::Log4perl::Layout::PatternLayout::Multiline <unknown>
# Log::Log4perl::Layout::SimpleLayout <unknown>
# Log::Log4perl::Level <unknown>
# Log::Log4perl::Logger <unknown>
# Log::Log4perl::MDC <unknown>
# Log::Log4perl::NDC <unknown>
# Log::Log4perl::Util <unknown>
# Log::Log4perl::Util::TimeTracker <unknown>
# MIME::Base64 3.15
# Method::Generate::Accessor <unknown>
# Method::Generate::Constructor <unknown>
# Module::Runtime 0.016
# Moo 2.003004
# Moo::HandleMoose::_TypeMap <unknown>
# Moo::Object <unknown>
# Moo::_Utils <unknown>
# Moo::_mro <unknown>
# Moo::_strictures <unknown>
# Moo::sification <unknown>
# POSIX 1.84
# PerlIO 1.10
# Scalar::Util 1.5
# SelectSaver 1.02
# SelfLoader 1.25
# Socket 2.027
# Storable 3.11
# Storable::Limit <unknown>
# Sub::Defer 2.006
# Sub::Exporter::Progressive 0.001013
# Sub::Quote 2.006
# Sub::Util 1.5
# Symbol 1.08
# Sys::Hostname 1.22
# Test::Builder 1.302155
# Test::Builder::Formatter 1.302155
# Test::Builder::Module 1.302155
# Test::Builder::TodoDiag 1.302155
# Test::More 1.302155
# Test2::API 1.302155
# Test2::API::Context 1.302155
# Test2::API::Instance 1.302155
# Test2::API::Stack 1.302155
# Test2::Event 1.302155
# Test2::Event::Bail 1.302155
# Test2::Event::Diag 1.302155
# Test2::Event::Exception 1.302155
# Test2::Event::Fail 1.302155
# Test2::Event::Note 1.302155
# Test2::Event::Ok 1.302155
# Test2::Event::Pass 1.302155
# Test2::Event::Plan 1.302155
# Test2::Event::Skip 1.302155
# Test2::Event::Subtest 1.302155
# Test2::Event::V2 1.302155
# Test2::Event::Waiting 1.302155
# Test2::EventFacet 1.302155
# Test2::EventFacet::About 1.302155
# Test2::EventFacet::Amnesty 1.302155
# Test2::EventFacet::Assert 1.302155
# Test2::EventFacet::Control 1.302155
# Test2::EventFacet::Error 1.302155
# Test2::EventFacet::Hub 1.302155
# Test2::EventFacet::Info 1.302155
# Test2::EventFacet::Meta 1.302155
# Test2::EventFacet::Parent 1.302155
# Test2::EventFacet::Plan 1.302155
# Test2::EventFacet::Trace 1.302155
# Test2::Formatter 1.302155
# Test2::Formatter::TAP 1.302155
# Test2::Hub 1.302155
# Test2::Hub::Interceptor 1.302155
# Test2::Hub::Interceptor::Terminator 1.302155
# Test2::Hub::Subtest 1.302155
# Test2::Util 1.302155
# Test2::Util::ExternalMeta 1.302155
# Test2::Util::Facets2Legacy 1.302155
# Test2::Util::HashBase 1.302155
# Test2::Util::Trace 1.302155
# Text::Balanced 2.03
# Tie::Hash 1.05
# Time::HiRes 1.9759
# Try::Tiny 0.30
# Types::Serialiser 1.0
# URI 1.74
# URI::Escape 3.31
# WWW::Mechanize::Chrome 0.28
# WWW::Mechanize::Chrome::Node 0.28
# WWW::Mechanize::Link 1.89
# XSLoader 0.30
# attributes 0.33
# base 2.27
# bytes 1.06
# common::sense 3.74
# constant 1.33
# feature 1.52
# mro 1.22
# overload 1.30
# overloading 0.02
# re 0.36
# strict 1.11
# vars 1.04
# warnings 1.42
# warnings::register 1.04
t/00-load.t ...................... ok
# Testing with C:/Program Files/Google/Chrome/Application/chrome.exe
[0112/091359.895:ERROR:gpu_process_transport_factory.cc(967)] Lost UI shared context.

DevTools listening on ws://127.0.0.1:9222/devtools/browser/d7006d7e-03ee-4d73-87d6-55232a7ab98d
# Using Chrome version 'HeadlessChrome/71.0.3578.98'
t/01-chrome-devtools-protocol.t .. ok
# Testing with C:/Program Files/Google/Chrome/Application/chrome.exe
[0112/091415.013:ERROR:gpu_process_transport_factory.cc(967)] Lost UI shared context.

DevTools listening on ws://127.0.0.1:9222/devtools/browser/b7c93fb9-8a73-45d0-9036-1a621a8d03ae
# Using Chrome version 'HeadlessChrome/71.0.3578.98'
# HeadlessChrome/71.0.3578.98
# Created new tab 9D8AA38565AF5903A6837B42B5B568D3
# Closing tab
t/02-chrome-devtools-tab.t ....... ok
[0112/091422.975:ERROR:gpu_process_transport_factory.cc(967)] Lost UI shared context.

DevTools listening on ws://127.0.0.1:9222/devtools/browser/063d2e18-05c1-494e-b83e-8fde92c016e7
t/47-mech-simplest.t ............. skipped: Couldn't connect to Chrome: Timeout while connecting to 127.0.0.1:9222. Do you maybe have a non-debug instance of Chrome already running? at C:\Strawberry\cpan\build\WWW-Mechanize-Chrome-0.28-0\blib\lib/WWW/Mechanize/Chrome.pm line 650.
t/49-launch.t .................... ok
# Testing with C:/Program Files/Google/Chrome/Application/chrome.exe
[0112/091428.553:ERROR:gpu_process_transport_factory.cc(967)] Lost UI shared context.

DevTools listening on ws://127.0.0.1:9222/devtools/browser/b3e91e6d-31bf-4b58-882f-bcc21dee4cf7
# Using Chrome version 'HeadlessChrome/71.0.3578.98'
# Loading C:\Strawberry\cpan\build\WWW-Mechanize-Chrome-0.28-0\t\49-mech-get-file.html
# Loading C:\Strawberry\cpan\build\WWW-Mechanize-Chrome-0.28-0\t\49-mech-get-file.html
t/49-mech-get-file.t ............. ok
Couldn't read back local server url at C:\home\garden\perl5\lib\perl5/Test/HTTP/LocalServer.pm line 173.
# Looks like your test exited with 30 before it could output anything.
