cpanm (App::cpanminus) 1.7027 on perl 5.016003 built for darwin-2level
Work directory is /Users/daniel/.cpanm/work/1556814369.79326
You have make /usr/bin/make
You have LWP 6.26
You have /usr/bin/tar: bsdtar 2.8.3 - libarchive 2.8.3
You have /usr/bin/unzip
Searching DBIx::Class on cpanmetadb ...
--> Working on DBIx::Class
Fetching http://www.cpan.org/authors/id/R/RI/RIBASUSHI/DBIx-Class-0.082841.tar.gz
-> OK
Unpacking DBIx-Class-0.082841.tar.gz
Entering DBIx-Class-0.082841
Checking configure dependencies from META.yml
Checking if you have ExtUtils::MakeMaker 6.59 ... Yes (7.36)
Configuring DBIx-Class-0.082841
Running Makefile.PL
*** Module::AutoInstall version 1.19
*** Checking for Perl dependencies...
*** Since we're running under cpanminus, I'll just let it take care
    of the dependency's installation later.
[Core Features]
- DBD::SQLite              ...loaded. (1.62 >= 1.29)
- File::Temp               ...loaded. (0.22 >= 0.22)
- Package::Stash           ...loaded. (0.38 >= 0.28)
- Test::Deep               ...loaded. (1.127 >= 0.101)
- Test::Exception          ...loaded. (0.43 >= 0.31)
- Test::More               ...loaded. (1.302164 >= 0.94)
- Test::Warn               ...loaded. (0.36 >= 0.21)
- Class::Accessor::Grouped ...loaded. (0.10014 >= 0.10012)
- Class::C3::Componentised ...loaded. (1.001002 >= 1.0009)
- Class::Inspector         ...loaded. (1.34 >= 1.24)
- Config::Any              ...loaded. (0.32 >= 0.20)
- Context::Preserve        ...loaded. (0.03 >= 0.01)
- DBI                      ...loaded. (1.642 >= 1.57)
- Data::Dumper::Concise    ...loaded. (2.023 >= 2.020)
- Data::Page               ...loaded. (2.02 >= 2.00)
- Devel::GlobalDestruction ...loaded. (0.14 >= 0.09)
- Hash::Merge              ...loaded. (0.300 >= 0.12)
- List::Util               ...loaded. (1.50 >= 1.16)
- MRO::Compat              ...loaded. (0.13 >= 0.12)
- Module::Find             ...loaded. (0.13 >= 0.07)
- Moo                      ...loaded. (2.003004 >= 2.000)
- Path::Class              ...loaded. (0.37 >= 0.18)
- SQL::Abstract            ...loaded. (1.86 >= 1.81)
- Scope::Guard             ...loaded. (0.21 >= 0.03)
- Sub::Name                ...loaded. (0.21 >= 0.04)
- Text::Balanced           ...loaded. (2.02 >= 2.00)
- Try::Tiny                ...loaded. (0.28 >= 0.07)
- namespace::clean         ...loaded. (0.27 >= 0.24)
*** Module::AutoInstall configuration finished.
Checking if your kit is complete...
Looks good
Generating a Unix-style Makefile
Writing Makefile for DBIx::Class
Writing MYMETA.yml and MYMETA.json
-> OK
Checking dependencies from MYMETA.json ...
Checking if you have Scope::Guard 0.03 ... Yes (0.21)
Checking if you have DBD::SQLite 1.29 ... Yes (1.62)
Checking if you have Data::Dumper::Concise 2.020 ... Yes (2.023)
Checking if you have List::Util 1.16 ... Yes (1.50)
Checking if you have Text::Balanced 2.00 ... Yes (2.02)
Checking if you have Config::Any 0.20 ... Yes (0.32)
Checking if you have MRO::Compat 0.12 ... Yes (0.13)
Checking if you have Test::Deep 0.101 ... Yes (1.127)
Checking if you have DBI 1.57 ... Yes (1.642)
Checking if you have Context::Preserve 0.01 ... Yes (0.03)
Checking if you have Class::Accessor::Grouped 0.10012 ... Yes (0.10014)
Checking if you have SQL::Abstract 1.81 ... Yes (1.86)
Checking if you have Try::Tiny 0.07 ... Yes (0.28)
Checking if you have Test::Exception 0.31 ... Yes (0.43)
Checking if you have Hash::Merge 0.12 ... Yes (0.300)
Checking if you have Package::Stash 0.28 ... Yes (0.38)
Checking if you have ExtUtils::MakeMaker 6.59 ... Yes (7.36)
Checking if you have Moo 2.000 ... Yes (2.003004)
Checking if you have Sub::Name 0.04 ... Yes (0.21)
Checking if you have Test::More 0.94 ... Yes (1.302164)
Checking if you have Data::Page 2.00 ... Yes (2.02)
Checking if you have namespace::clean 0.24 ... Yes (0.27)
Checking if you have Test::Warn 0.21 ... Yes (0.36)
Checking if you have Devel::GlobalDestruction 0.09 ... Yes (0.14)
Checking if you have Class::C3::Componentised 1.0009 ... Yes (1.001002)
Checking if you have File::Temp 0.22 ... Yes (0.22)
Checking if you have Module::Find 0.07 ... Yes (0.13)
Checking if you have Path::Class 0.18 ... Yes (0.37)
Checking if you have Class::Inspector 1.24 ... Yes (1.34)
Building and testing DBIx-Class-0.082841
cp lib/DBIx/Class/Storage/DBI/ODBC/SQL_Anywhere.pm blib/lib/DBIx/Class/Storage/DBI/ODBC/SQL_Anywhere.pm
cp lib/DBIx/Class/Storage/DBI/ODBC/Microsoft_SQL_Server.pm blib/lib/DBIx/Class/Storage/DBI/ODBC/Microsoft_SQL_Server.pm
cp lib/DBIx/Class/Storage/DBI/Sybase.pm blib/lib/DBIx/Class/Storage/DBI/Sybase.pm
cp lib/DBIx/Class/Relationship/CascadeActions.pm blib/lib/DBIx/Class/Relationship/CascadeActions.pm
cp lib/DBIx/Class/Manual/Example.pod blib/lib/DBIx/Class/Manual/Example.pod
cp lib/DBIx/Class/Admin/Types.pm blib/lib/DBIx/Class/Admin/Types.pm
cp lib/DBIx/Class/SQLAHacks/OracleJoins.pm blib/lib/DBIx/Class/SQLAHacks/OracleJoins.pm
cp lib/DBIx/Class/CDBICompat/Copy.pm blib/lib/DBIx/Class/CDBICompat/Copy.pm
cp lib/DBIx/Class/SQLMaker/SQLite.pm blib/lib/DBIx/Class/SQLMaker/SQLite.pm
cp lib/DBIx/Class/Storage/DBI/Firebird.pm blib/lib/DBIx/Class/Storage/DBI/Firebird.pm
cp lib/DBIx/Class/UTF8Columns.pm blib/lib/DBIx/Class/UTF8Columns.pm
cp lib/DBIx/Class/Optional/Dependencies.pm blib/lib/DBIx/Class/Optional/Dependencies.pm
cp lib/DBIx/Class/SQLMaker/OracleJoins.pm blib/lib/DBIx/Class/SQLMaker/OracleJoins.pm
cp lib/DBIx/Class/Storage/DBI/Replicated/Balancer.pm blib/lib/DBIx/Class/Storage/DBI/Replicated/Balancer.pm
cp lib/DBIx/Class/SQLMaker/MSSQL.pm blib/lib/DBIx/Class/SQLMaker/MSSQL.pm
cp lib/DBIx/Class/PK/Auto/MySQL.pm blib/lib/DBIx/Class/PK/Auto/MySQL.pm
cp lib/DBIx/Class/CDBICompat/GetSet.pm blib/lib/DBIx/Class/CDBICompat/GetSet.pm
cp lib/DBIx/Class/Storage/DBIHacks.pm blib/lib/DBIx/Class/Storage/DBIHacks.pm
cp lib/DBIx/Class/Serialize/Storable.pm blib/lib/DBIx/Class/Serialize/Storable.pm
cp lib/DBIx/Class/Storage/DBI/Oracle/Generic.pm blib/lib/DBIx/Class/Storage/DBI/Oracle/Generic.pm
cp lib/DBIx/Class/Storage/DBI/Replicated/Pool.pm blib/lib/DBIx/Class/Storage/DBI/Replicated/Pool.pm
cp lib/DBIx/Class/CDBICompat/Relationships.pm blib/lib/DBIx/Class/CDBICompat/Relationships.pm
cp lib/DBIx/Class/ResultSource.pm blib/lib/DBIx/Class/ResultSource.pm
cp lib/DBIx/Class/SQLMaker/Oracle.pm blib/lib/DBIx/Class/SQLMaker/Oracle.pm
cp lib/DBIx/Class/SQLAHacks/MySQL.pm blib/lib/DBIx/Class/SQLAHacks/MySQL.pm
cp lib/DBIx/Class/Storage/DBI/Replicated/Balancer/Random.pm blib/lib/DBIx/Class/Storage/DBI/Replicated/Balancer/Random.pm
cp lib/DBIx/Class/Manual/Cookbook.pod blib/lib/DBIx/Class/Manual/Cookbook.pod
cp lib/DBIx/Class/SQLAHacks/SQLite.pm blib/lib/DBIx/Class/SQLAHacks/SQLite.pm
cp lib/DBIx/Class/Admin.pm blib/lib/DBIx/Class/Admin.pm
cp lib/DBIx/Class/Storage/DBI/Replicated/Balancer/First.pm blib/lib/DBIx/Class/Storage/DBI/Replicated/Balancer/First.pm
cp lib/DBIx/Class/ResultSetProxy.pm blib/lib/DBIx/Class/ResultSetProxy.pm
cp lib/DBIx/Class/PK/Auto.pm blib/lib/DBIx/Class/PK/Auto.pm
cp lib/DBIx/Class/Storage/DBI/Sybase/ASE/NoBindVars.pm blib/lib/DBIx/Class/Storage/DBI/Sybase/ASE/NoBindVars.pm
cp lib/DBIx/Class/Storage/DBI/ODBC/DB2_400_SQL.pm blib/lib/DBIx/Class/Storage/DBI/ODBC/DB2_400_SQL.pm
cp lib/DBIx/Class/Manual/Component.pod blib/lib/DBIx/Class/Manual/Component.pod
cp lib/DBIx/Class/Storage/DBI/SQLAnywhere.pm blib/lib/DBIx/Class/Storage/DBI/SQLAnywhere.pm
cp lib/DBIx/Class/Relationship/ManyToMany.pm blib/lib/DBIx/Class/Relationship/ManyToMany.pm
cp lib/DBIx/Class/Storage/DBI/SQLite.pm blib/lib/DBIx/Class/Storage/DBI/SQLite.pm
cp lib/DBIx/Class/Storage/DBI/ADO/Microsoft_SQL_Server/Cursor.pm blib/lib/DBIx/Class/Storage/DBI/ADO/Microsoft_SQL_Server/Cursor.pm
cp lib/DBIx/Class/Relationship/HasOne.pm blib/lib/DBIx/Class/Relationship/HasOne.pm
cp lib/DBIx/Class/ResultSource/View.pm blib/lib/DBIx/Class/ResultSource/View.pm
cp lib/DBIx/Class/Exception.pm blib/lib/DBIx/Class/Exception.pm
cp lib/DBIx/Class/CDBICompat/LiveObjectIndex.pm blib/lib/DBIx/Class/CDBICompat/LiveObjectIndex.pm
cp lib/DBIx/Class/SQLMaker/MySQL.pm blib/lib/DBIx/Class/SQLMaker/MySQL.pm
cp lib/DBIx/Class/DB.pm blib/lib/DBIx/Class/DB.pm
cp lib/DBIx/Class/Storage/DBI/Sybase/MSSQL.pm blib/lib/DBIx/Class/Storage/DBI/Sybase/MSSQL.pm
cp lib/DBIx/Class/ResultSet/Pager.pm blib/lib/DBIx/Class/ResultSet/Pager.pm
cp lib/DBIx/Class/Storage/DBI/ODBC/Firebird.pm blib/lib/DBIx/Class/Storage/DBI/ODBC/Firebird.pm
cp lib/DBIx/Class/Storage/DBI/Replicated/Types.pm blib/lib/DBIx/Class/Storage/DBI/Replicated/Types.pm
cp lib/DBIx/Class/ClassResolver/PassThrough.pm blib/lib/DBIx/Class/ClassResolver/PassThrough.pm
cp lib/DBIx/Class/Storage/DBI/AutoCast.pm blib/lib/DBIx/Class/Storage/DBI/AutoCast.pm
cp lib/DBIx/Class/SQLAHacks/MSSQL.pm blib/lib/DBIx/Class/SQLAHacks/MSSQL.pm
cp lib/DBIx/Class/CDBICompat/NoObjectIndex.pm blib/lib/DBIx/Class/CDBICompat/NoObjectIndex.pm
cp lib/DBIx/Class/CDBICompat/TempColumns.pm blib/lib/DBIx/Class/CDBICompat/TempColumns.pm
cp lib/DBIx/Class/Manual/DocMap.pod blib/lib/DBIx/Class/Manual/DocMap.pod
cp lib/DBIx/Class/ResultSetColumn.pm blib/lib/DBIx/Class/ResultSetColumn.pm
cp lib/DBIx/Class/ResultSource/Table.pm blib/lib/DBIx/Class/ResultSource/Table.pm
cp lib/DBIx/Class/PK.pm blib/lib/DBIx/Class/PK.pm
cp lib/DBIx/Class/Carp.pm blib/lib/DBIx/Class/Carp.pm
cp lib/DBIx/Class/InflateColumn.pod blib/lib/DBIx/Class/InflateColumn.pod
cp lib/DBIx/Class/InflateColumn/DateTime.pod blib/lib/DBIx/Class/InflateColumn/DateTime.pod
cp lib/DBIx/Class/Storage/DBI/NoBindVars.pm blib/lib/DBIx/Class/Storage/DBI/NoBindVars.pm
cp lib/DBIx/Class/Storage/DBI/Oracle/WhereJoins.pm blib/lib/DBIx/Class/Storage/DBI/Oracle/WhereJoins.pm
cp lib/DBIx/Class/ResultSource/Table.pod blib/lib/DBIx/Class/ResultSource/Table.pod
cp lib/DBIx/Class/Storage/DBI/IdentityInsert.pm blib/lib/DBIx/Class/Storage/DBI/IdentityInsert.pm
cp lib/DBIx/Class/Storage/DBI/ACCESS.pm blib/lib/DBIx/Class/Storage/DBI/ACCESS.pm
cp lib/DBIx/Class/Storage/BlockRunner.pm blib/lib/DBIx/Class/Storage/BlockRunner.pm
cp lib/DBIx/Class/ResultSourceHandle.pm blib/lib/DBIx/Class/ResultSourceHandle.pm
cp lib/DBIx/Class/Relationship/HasMany.pm blib/lib/DBIx/Class/Relationship/HasMany.pm
cp lib/DBIx/Class/Storage/DBI/DB2.pm blib/lib/DBIx/Class/Storage/DBI/DB2.pm
cp lib/DBIx/Class/ResultSourceProxy/Table.pod blib/lib/DBIx/Class/ResultSourceProxy/Table.pod
cp lib/DBIx/Class/CDBICompat/DestroyWarning.pm blib/lib/DBIx/Class/CDBICompat/DestroyWarning.pm
cp lib/DBIx/Class/Storage/DBI/Sybase/FreeTDS.pm blib/lib/DBIx/Class/Storage/DBI/Sybase/FreeTDS.pm
cp lib/DBIx/Class/Schema/Versioned.pm blib/lib/DBIx/Class/Schema/Versioned.pm
cp lib/DBIx/Class/Storage/DBI/Replicated.pm blib/lib/DBIx/Class/Storage/DBI/Replicated.pm
cp lib/DBIx/Class/Storage/DBI.pm blib/lib/DBIx/Class/Storage/DBI.pm
cp lib/DBIx/Class/Componentised.pm blib/lib/DBIx/Class/Componentised.pm
cp lib/DBIx/Class/Relationship/Base.pm blib/lib/DBIx/Class/Relationship/Base.pm
cp lib/DBIx/Class/ResultSource/View.pod blib/lib/DBIx/Class/ResultSource/View.pod
cp lib/DBIx/Class/Relationship/ProxyMethods.pm blib/lib/DBIx/Class/Relationship/ProxyMethods.pm
cp lib/DBIx/Class/CDBICompat/SQLTransformer.pm blib/lib/DBIx/Class/CDBICompat/SQLTransformer.pm
cp lib/DBIx/Class/CDBICompat/Pager.pm blib/lib/DBIx/Class/CDBICompat/Pager.pm
cp lib/DBIx/Class/CDBICompat/Relationship.pm blib/lib/DBIx/Class/CDBICompat/Relationship.pm
cp lib/DBIx/Class/ResultClass/HashRefInflator.pm blib/lib/DBIx/Class/ResultClass/HashRefInflator.pm
cp lib/DBIx/Class/CDBICompat/Retrieve.pm blib/lib/DBIx/Class/CDBICompat/Retrieve.pm
cp lib/DBIx/Class/Storage/DBI/Sybase/ASE.pm blib/lib/DBIx/Class/Storage/DBI/Sybase/ASE.pm
cp lib/DBIx/Class/CDBICompat/Constraints.pm blib/lib/DBIx/Class/CDBICompat/Constraints.pm
cp lib/DBIx/Class/CDBICompat/LazyLoading.pm blib/lib/DBIx/Class/CDBICompat/LazyLoading.pm
cp lib/DBIx/Class/SQLAHacks.pm blib/lib/DBIx/Class/SQLAHacks.pm
cp lib/DBIx/Class/CDBICompat/ColumnsAsHash.pm blib/lib/DBIx/Class/CDBICompat/ColumnsAsHash.pm
cp lib/DBIx/Class/Storage/DBI/Oracle.pm blib/lib/DBIx/Class/Storage/DBI/Oracle.pm
cp lib/DBIx/Class/CDBICompat/ImaDBI.pm blib/lib/DBIx/Class/CDBICompat/ImaDBI.pm
cp lib/DBIx/Class/Manual/FAQ.pod blib/lib/DBIx/Class/Manual/FAQ.pod
cp lib/DBIx/Class/ResultSource/RowParser.pm blib/lib/DBIx/Class/ResultSource/RowParser.pm
cp lib/DBIx/Class/Storage/DBI/ADO.pm blib/lib/DBIx/Class/Storage/DBI/ADO.pm
cp lib/DBIx/Class/Manual/Features.pod blib/lib/DBIx/Class/Manual/Features.pod
cp lib/DBIx/Class/CDBICompat/Constructor.pm blib/lib/DBIx/Class/CDBICompat/Constructor.pm
cp lib/DBIx/Class/Manual/Reading.pod blib/lib/DBIx/Class/Manual/Reading.pod
cp lib/DBIx/Class/Storage/DBI/ADO/MS_Jet.pm blib/lib/DBIx/Class/Storage/DBI/ADO/MS_Jet.pm
cp lib/DBIx/Class/ResultSource/RowParser/Util.pm blib/lib/DBIx/Class/ResultSource/RowParser/Util.pm
cp lib/DBIx/Class/Storage/DBI/mysql.pm blib/lib/DBIx/Class/Storage/DBI/mysql.pm
cp lib/DBIx/Class/Manual/Troubleshooting.pod blib/lib/DBIx/Class/Manual/Troubleshooting.pod
cp lib/DBIx/Class/CDBICompat/Triggers.pm blib/lib/DBIx/Class/CDBICompat/Triggers.pm
cp lib/DBIx/Class/SQLAHacks/Oracle.pm blib/lib/DBIx/Class/SQLAHacks/Oracle.pm
cp lib/DBIx/Class/CDBICompat/Stringify.pm blib/lib/DBIx/Class/CDBICompat/Stringify.pm
cp lib/DBIx/Class/PK/Auto/Pg.pm blib/lib/DBIx/Class/PK/Auto/Pg.pm
cp lib/DBIx/Class/Storage/Statistics.pm blib/lib/DBIx/Class/Storage/Statistics.pm
cp lib/DBIx/Class/Storage/DBI/SQLAnywhere/Cursor.pm blib/lib/DBIx/Class/Storage/DBI/SQLAnywhere/Cursor.pm
cp lib/DBIx/Class/Storage/DBI/Replicated/WithDSN.pm blib/lib/DBIx/Class/Storage/DBI/Replicated/WithDSN.pm
cp lib/DBIx/Class/CDBICompat/ColumnCase.pm blib/lib/DBIx/Class/CDBICompat/ColumnCase.pm
cp lib/DBIx/Class/ResultSourceProxy/Table.pm blib/lib/DBIx/Class/ResultSourceProxy/Table.pm
cp lib/DBIx/Class/CDBICompat/Iterator.pm blib/lib/DBIx/Class/CDBICompat/Iterator.pm
cp lib/DBIx/Class/Storage/DBI/Informix.pm blib/lib/DBIx/Class/Storage/DBI/Informix.pm
cp lib/DBIx/Class/StartupCheck.pm blib/lib/DBIx/Class/StartupCheck.pm
cp lib/DBIx/Class/Storage/DBI/ODBC/ACCESS.pm blib/lib/DBIx/Class/Storage/DBI/ODBC/ACCESS.pm
cp lib/DBIx/Class/Storage/DBI/ADO/MS_Jet/Cursor.pm blib/lib/DBIx/Class/Storage/DBI/ADO/MS_Jet/Cursor.pm
cp lib/DBIx/Class/_Util.pm blib/lib/DBIx/Class/_Util.pm
cp lib/DBIx/Class/Row.pm blib/lib/DBIx/Class/Row.pm
cp lib/DBIx/Class/CDBICompat/AutoUpdate.pm blib/lib/DBIx/Class/CDBICompat/AutoUpdate.pm
cp lib/DBIx/Class/PK.pod blib/lib/DBIx/Class/PK.pod
cp lib/DBIx/Class/InflateColumn.pm blib/lib/DBIx/Class/InflateColumn.pm
cp lib/DBIx/Class/ResultSetManager.pm blib/lib/DBIx/Class/ResultSetManager.pm
cp lib/DBIx/Class/Storage.pm blib/lib/DBIx/Class/Storage.pm
cp lib/DBIx/Class/Storage/DBI/Sybase/Microsoft_SQL_Server/NoBindVars.pm blib/lib/DBIx/Class/Storage/DBI/Sybase/Microsoft_SQL_Server/NoBindVars.pm
cp lib/DBIx/Class/Manual.pod blib/lib/DBIx/Class/Manual.pod
cp lib/DBIx/Class/Manual/Intro.pod blib/lib/DBIx/Class/Manual/Intro.pod
cp lib/DBIx/Class/InflateColumn/File.pm blib/lib/DBIx/Class/InflateColumn/File.pm
cp lib/DBIx/Class/Storage/DBI/Cursor.pm blib/lib/DBIx/Class/Storage/DBI/Cursor.pm
cp lib/DBIx/Class/Storage/DBI/ODBC.pm blib/lib/DBIx/Class/Storage/DBI/ODBC.pm
cp lib/DBIx/Class/AccessorGroup.pm blib/lib/DBIx/Class/AccessorGroup.pm
cp lib/DBIx/Class/SQLMaker/LimitDialects.pm blib/lib/DBIx/Class/SQLMaker/LimitDialects.pm
cp lib/DBIx/Class/SQLMaker/OracleJoins.pod blib/lib/DBIx/Class/SQLMaker/OracleJoins.pod
cp lib/DBIx/Class/CDBICompat.pm blib/lib/DBIx/Class/CDBICompat.pm
cp lib/DBIx/Class/PK/Auto/SQLite.pm blib/lib/DBIx/Class/PK/Auto/SQLite.pm
cp lib/DBIx/Class/SQLMaker.pod blib/lib/DBIx/Class/SQLMaker.pod
cp lib/DBIx/Class/FilterColumn.pod blib/lib/DBIx/Class/FilterColumn.pod
cp lib/DBIx/Class/Storage/TxnScopeGuard.pm blib/lib/DBIx/Class/Storage/TxnScopeGuard.pm
cp lib/DBIx/Class/Manual/Glossary.pod blib/lib/DBIx/Class/Manual/Glossary.pod
cp lib/DBIx/Class/SQLMaker/ACCESS.pm blib/lib/DBIx/Class/SQLMaker/ACCESS.pm
cp lib/DBIx/Class/Manual/QuickStart.pod blib/lib/DBIx/Class/Manual/QuickStart.pod
cp lib/DBIx/Class/CDBICompat/ColumnGroups.pm blib/lib/DBIx/Class/CDBICompat/ColumnGroups.pm
cp lib/DBIx/Class/Relationship/Helpers.pm blib/lib/DBIx/Class/Relationship/Helpers.pm
cp lib/DBIx/Class/Ordered.pm blib/lib/DBIx/Class/Ordered.pm
cp lib/DBIx/Class/Relationship/BelongsTo.pm blib/lib/DBIx/Class/Relationship/BelongsTo.pm
cp lib/DBIx/Class/CDBICompat/AccessorMapping.pm blib/lib/DBIx/Class/CDBICompat/AccessorMapping.pm
cp lib/DBIx/Class/Core.pm blib/lib/DBIx/Class/Core.pm
cp lib/DBIx/Class/Schema.pm blib/lib/DBIx/Class/Schema.pm
cp lib/DBIx/Class/Optional/Dependencies.pod blib/lib/DBIx/Class/Optional/Dependencies.pod
cp lib/DBIx/Class/CDBICompat/AbstractSearch.pm blib/lib/DBIx/Class/CDBICompat/AbstractSearch.pm
cp lib/DBIx/Class/PK/Auto/MSSQL.pm blib/lib/DBIx/Class/PK/Auto/MSSQL.pm
cp lib/SQL/Translator/Producer/DBIx/Class/File.pm blib/lib/SQL/Translator/Producer/DBIx/Class/File.pm
cp lib/DBIx/Class/Storage/DBI/UniqueIdentifier.pm blib/lib/DBIx/Class/Storage/DBI/UniqueIdentifier.pm
cp lib/DBIx/Class/Storage/DBI/Sybase/Microsoft_SQL_Server.pm blib/lib/DBIx/Class/Storage/DBI/Sybase/Microsoft_SQL_Server.pm
cp lib/DBIx/Class/ResultSet.pm blib/lib/DBIx/Class/ResultSet.pm
cp lib/DBIx/Class/Storage/DBI/MSSQL.pm blib/lib/DBIx/Class/Storage/DBI/MSSQL.pm
cp lib/DBIx/Class/Relationship/Accessor.pm blib/lib/DBIx/Class/Relationship/Accessor.pm
cp lib/DBIx/Class/Storage/DBI/ADO/CursorUtils.pm blib/lib/DBIx/Class/Storage/DBI/ADO/CursorUtils.pm
cp lib/DBIx/Class/Storage/DBI/ADO/Microsoft_SQL_Server.pm blib/lib/DBIx/Class/Storage/DBI/ADO/Microsoft_SQL_Server.pm
cp lib/DBIx/Class/Storage/DBI/InterBase.pm blib/lib/DBIx/Class/Storage/DBI/InterBase.pm
cp lib/DBIx/Class/Storage/DBI/Replicated/Replicant.pm blib/lib/DBIx/Class/Storage/DBI/Replicated/Replicant.pm
cp lib/DBIx/Class.pm blib/lib/DBIx/Class.pm
cp lib/DBIx/Class/CDBICompat/AttributeAPI.pm blib/lib/DBIx/Class/CDBICompat/AttributeAPI.pm
cp lib/DBIx/Class/PK/Auto/DB2.pm blib/lib/DBIx/Class/PK/Auto/DB2.pm
cp lib/DBIx/Class/SQLMaker.pm blib/lib/DBIx/Class/SQLMaker.pm
cp lib/DBIx/Class/Storage/DBI/Pg.pm blib/lib/DBIx/Class/Storage/DBI/Pg.pm
cp lib/DBIx/Class/Manual/ResultClass.pod blib/lib/DBIx/Class/Manual/ResultClass.pod
cp lib/DBIx/Class/FilterColumn.pm blib/lib/DBIx/Class/FilterColumn.pm
cp lib/SQL/Translator/Parser/DBIx/Class.pm blib/lib/SQL/Translator/Parser/DBIx/Class.pm
cp lib/DBIx/Class/Storage/DBI/Replicated/Introduction.pod blib/lib/DBIx/Class/Storage/DBI/Replicated/Introduction.pod
cp lib/DBIx/Class/Manual/Joining.pod blib/lib/DBIx/Class/Manual/Joining.pod
cp lib/DBIx/Class/Relationship.pm blib/lib/DBIx/Class/Relationship.pm
cp lib/DBIx/Class/Admin/Usage.pm blib/lib/DBIx/Class/Admin/Usage.pm
cp lib/DBIx/Class/PK/Auto/Oracle.pm blib/lib/DBIx/Class/PK/Auto/Oracle.pm
cp lib/DBIx/Class/Cursor.pm blib/lib/DBIx/Class/Cursor.pm
cp lib/DBIx/Class/Storage/DBI/Firebird/Common.pm blib/lib/DBIx/Class/Storage/DBI/Firebird/Common.pm
cp lib/DBIx/Class/Admin/Descriptive.pm blib/lib/DBIx/Class/Admin/Descriptive.pm
cp lib/DBIx/Class/ResultSourceProxy.pm blib/lib/DBIx/Class/ResultSourceProxy.pm
cp lib/DBIx/Class.pod blib/lib/DBIx/Class.pod
cp lib/DBIx/Class/CDBICompat/ReadOnly.pm blib/lib/DBIx/Class/CDBICompat/ReadOnly.pm
cp lib/DBIx/Class/InflateColumn/DateTime.pm blib/lib/DBIx/Class/InflateColumn/DateTime.pm
cp script/dbicadmin blib/script/dbicadmin
"/Users/daniel/perl5/perlbrew/perls/perl-5.16.0/bin/perl" "-Iinc" -MExtUtils::MY -e 'MY->fixin(shift)' -- blib/script/dbicadmin
Manifying 1 pod document
Manifying 128 pod documents
PERL_DL_NONLAZY=1 "/Users/daniel/perl5/perlbrew/perls/perl-5.16.0/bin/perl" "-MExtUtils::Command::MM" "-MTest::Harness" "-e" "undef *Test::Harness::Switches; test_harness(0, 'inc', 'blib/lib', 'blib/arch')" t/*.t t/admin/*.t t/cdbi/*.t t/cdbi/DeepAbstractSearch/*.t t/cdbi/abstract/*.t t/cdbi/sweet/*.t t/count/*.t t/delete/*.t t/inflate/*.t t/multi_create/*.t t/ordered/*.t t/prefetch/*.t t/relationship/*.t t/resultset/*.t t/resultsource/*.t t/row/*.t t/schema/*.t t/search/*.t t/sqlmaker/*.t t/sqlmaker/hierarchical/*.t t/sqlmaker/limit_dialects/*.t t/storage/*.t t/update/*.t
# 
# 
# List of loadable modules within both *OPTIONAL* and core dependency chains
# present on this system (modules sourced from ./blib, ./lib, ./t, and ./xt
# with versions identical to their parent namespace were omitted for brevity)
# 
#     *** Note that *MANY* of these modules will *NEVER* be loaded ***
#             *** during normal operation of DBIx::Class ***
# 
# @INC at startup (does not reflect manipulation at runtime):
#   0: ./inc/
#   1: ./blib/lib/
#   2: ./blib/arch/
#   3: ( ! -e ) ~/perl5
#   4: ( ! -e ) ~/perl5
#   5: <<SA>>/
#   6: <<SL>>/
#   7: <<PA>>/
#   8: <<PL>>/
#   9: <<SS>>/5.16.0/darwin-2level/
#  10: <<SS>>/5.16.0/
#  11: <<SS>>/
#  12: ./
# 
# Sourcing markers:
#        PA: $Config{archlib}
#        PL: $Config{privlib}
#        SA: $Config{sitearch}
#        SL: $Config{sitelib}
#        SS: $Config{sitelib_stem}
#       BLL: ./blib/lib/
# 
# =============================
#   $INC[3]            0.19  attributes                                                                      [ MD5: 1fd72435301fb994818e57a639725fad ]
#   $INC[3]            1.35  B                                                                               [ MD5: 70eaf1d107c37ad10f017bde415925ac ]
#   $INC[3]            0.24  B::Hooks::EndOfScope                                                            [ MD5: 3b9731e44ba19c730e41ef0865a9611a ]
#   $INC[3]            0.24  B::Hooks::EndOfScope::XS                                                        [ MD5: e329476ce9d632219d1448c8dd641a25 ]
#   $INC[3]            2.18  base                                                                            [ MD5: 262cf42a8f0afc4a464bf1318fd6f85a ]
#   $INC[3]            1.04  bytes                                                                           [ MD5: d1dd254359351507b57b2271c382608a ]
#   $INC[3]            1.26  Carp                                                                            [ MD5: 45e2883c57e9cbeaa3b526aba2d586b8 ]
#   $INC[3]            6.07  Carp::Clan                                                                      [ MD5: d05c92201192f70c7c8af6b162e7dddc ]
#   $INC[3]            1.26  Carp::Heavy                                                                     [ MD5: 58e7bbdae6244ed1c4181bc346b29fb4 ]
#   $INC[3]            0.51  Class::Accessor                                                                 [ MD5: a0a06301e39652deaee12c78d63dcc74 ]
#   $INC[3]                  Class::Accessor::Chained::Fast                                                  [ MD5: 544678632aaf294dc280944a83c509bc ]
#   $INC[3]            0.51  Class::Accessor::Fast                                                           [ MD5: d55e6349be3f027f1c5f6fa7eb833d8e ]
#   $INC[3]         0.10014  Class::Accessor::Grouped                                                        [ MD5: e62be17499d53d13f67a4361268aac40 ]
#   $INC[3]        1.001002  Class::C3::Componentised                                                        [ MD5: 2e92d4f7f9a7d2eda3cd1100583541a2 ]
#   $INC[3]            1.34  Class::Inspector                                                                [ MD5: 531ee5e3604bd6e35578826c29df221b ]
#   $INC[3]            0.25  Class::Load                                                                     [ MD5: 52debf263bbf547f0260f9d66a071eee ]
#   $INC[3]            0.10  Class::Load::XS                                                                 [ MD5: cc30760936bb48922d9898c915555a19 ]
#   $INC[3]          2.2011  Class::MOP                                                                      [ MD5: a54b13680ba1c9bb15d2dac08c3d4c07 ]
#   $INC[3]          2.2011  Class::MOP::Attribute                                                           [ MD5: b97369fa22cf45d29e13ca44edf2e1d7 ]
#   $INC[3]          2.2011  Class::MOP::Class                                                               [ MD5: 6107fb41201c685dc6c01e0a6291d081 ]
#   $INC[3]          2.2011  Class::MOP::Class::Immutable::Trait                                             [ MD5: fbad5022eb3856ee8b4cc58f3d308df0 ]
#   $INC[3]          2.2011  Class::MOP::Deprecated                                                          [ MD5: b00d4b723e69496203ed0e2c0fb5eab2 ]
#   $INC[3]          2.2011  Class::MOP::Instance                                                            [ MD5: 1940492e34a5fa93b5b265ce4639f9cd ]
#   $INC[3]          2.2011  Class::MOP::Method                                                              [ MD5: f4275b73358f9e0051b7fb213a05fb24 ]
#   $INC[3]          2.2011  Class::MOP::Method::Accessor                                                    [ MD5: 952eb0fa1aa3a3f3d1e336ccaa7cc9f0 ]
#   $INC[3]          2.2011  Class::MOP::Method::Constructor                                                 [ MD5: 3cb5b3785c6e148ed78759b8e1c16b78 ]
#   $INC[3]          2.2011  Class::MOP::Method::Generated                                                   [ MD5: 30186f44e9ca39ebce23f9a7f20ecaaf ]
#   $INC[3]          2.2011  Class::MOP::Method::Inlined                                                     [ MD5: a2b94ada1649ef38f39550eb96d338ec ]
#   $INC[3]          2.2011  Class::MOP::Method::Meta                                                        [ MD5: faec755d3226a3536af78721cdd9756c ]
#   $INC[3]          2.2011  Class::MOP::Method::Wrapped                                                     [ MD5: 99c45a16a765b40be83f18bfe9764a1b ]
#   $INC[3]          2.2011  Class::MOP::MiniTrait                                                           [ MD5: c5d343f01475b37129fc1902698280a8 ]
#   $INC[3]          2.2011  Class::MOP::Mixin                                                               [ MD5: 09388be55af0bf097fd75aedb1245294 ]
#   $INC[3]          2.2011  Class::MOP::Mixin::AttributeCore                                                [ MD5: 3c31aa28d74fadfa01f77102d3bf10c9 ]
#   $INC[3]          2.2011  Class::MOP::Mixin::HasAttributes                                                [ MD5: ba036cc9f9268c13bbb6d85a756a5a9f ]
#   $INC[3]          2.2011  Class::MOP::Mixin::HasMethods                                                   [ MD5: 104bcb04484a47b9b180fc1411c54453 ]
#   $INC[3]          2.2011  Class::MOP::Mixin::HasOverloads                                                 [ MD5: 2ae83180bc8142e7e29d9e2aca700c91 ]
#   $INC[3]          2.2011  Class::MOP::Module                                                              [ MD5: 9db38cbf025c79d1e7cc547eacd52d9d ]
#   $INC[3]          2.2011  Class::MOP::Object                                                              [ MD5: afadad587720b116a70eb4070345c5d6 ]
#   $INC[3]          2.2011  Class::MOP::Overload                                                            [ MD5: f9043f9e6d172cbd9656819a2344c531 ]
#   $INC[3]          2.2011  Class::MOP::Package                                                             [ MD5: 1bdea8109f05a4f5dd47a0448b4830c4 ]
#   $INC[3]            0.63  Class::Struct                                                                   [ MD5: f147c95fe98e71c033b738292c7e205d ]
#   $INC[3]            1.19  Class::XSAccessor                                                               [ MD5: 0b7adfcc61192a80f97463e89d6d1696 ]
#   $INC[3]            1.19  Class::XSAccessor::Heavy                                                        [ MD5: db9379a668d6133fce801e4648cdef45 ]
#   $INC[3]           0.010  Clone::Choose                                                                   [ MD5: 884cece05d3959f067c7e20ed3d05cf5 ]
#   $INC[3]                  Config                                                                          [ MD5: a9d67698e37936b477ffb23210ee565b ]
#   $INC[3]            1.23  constant                                                                        [ MD5: 64da210abba7c9fedb05a3f88e262238 ]
#   $INC[3]            0.03  Context::Preserve                                                               [ MD5: 62155e2bc041508eff050250d74a0c38 ]
#   $INC[3]            4.11  Cpanel::JSON::XS                                                                [ MD5: 5e92fe7f6940a841bba81b5d2dd0af4a ]
#   $INC[3]         3.39_02  Cwd                                                                             [ MD5: ffda9dc382e923da5a9a63cbf0d60e2e ]
#   $INC[3]        2.135_06  Data::Dumper                                                                    [ MD5: 0633c59e5184be25ad5af05f581a4fb3 ]
#   $INC[3]           2.023  Data::Dumper::Concise                                                           [ MD5: b18cb47e46e385ccee825ac7e5e59d9e ]
#   $INC[3]           0.110  Data::OptList                                                                   [ MD5: abf71027225f7e71ffb99d9e60f1c817 ]
#   $INC[3]            2.02  Data::Page                                                                      [ MD5: 52f4b3f7348e51e0654aa4f0b3503ab0 ]
#   $INC[3]            1.62  DBD::SQLite                                                                     [ MD5: f98eadbb685102ac10f3ae4c5b831431 ]
#   $INC[3]           1.642  DBI                                                                             [ MD5: 1fe9f7a88ed440a65d84bcf7d793296b ]
#       BLL        0.082841  DBIx::Class                                                                     [ MD5: 8d3f8064678ac874c4486b0ef3a14cf5 ]
#   $INC[3]            0.14  Devel::GlobalDestruction                                                        [ MD5: fa8dcedeb9a8a3d29fbef7dfce342970 ]
#   $INC[3]           0.005  Devel::OverloadInfo                                                             [ MD5: 585b292147dc170f3b3f3611ee04a32b ]
#   $INC[3]            1.16  Digest::base                                                                    [ MD5: c46e2ebb720ee7d9c600ce5acbf34291 ]
#   $INC[3]            2.51  Digest::MD5                                                                     [ MD5: 7926d69ff6db3d4225c2f488d5407d75 ]
#   $INC[3]            1.14  DynaLoader                                                                      [ MD5: 5439e0577ec1e4b7e34de3aa2be6cdba ]
#   $INC[3]            3.01  Encode                                                                          [ MD5: 9f19550b260cc6d5c5ec05f60211329a ]
#   $INC[3]            2.24  Encode::Alias                                                                   [ MD5: c3280193456386938373947a4be14c6b ]
#   $INC[3]            2.05  Encode::Config                                                                  [ MD5: 7bdd1d8dffa8d3500086802451fc020d ]
#   $INC[3]            2.08  Encode::Encoding                                                                [ MD5: 3f40faa217288ed2cb4e34af87b6bfd6 ]
#   $INC[3]            1.03  Encode::MIME::Name                                                              [ MD5: 056ea8f31df117e2984d9bd3a77555dc ]
#   $INC[3]            1.15  Errno                                                                           [ MD5: 03518377087e61933ab6a40bae87834e ]
#   $INC[3]            0.14  Eval::Closure                                                                   [ MD5: 6c72ca7cb0924d00e0c1a8bee904c349 ]
#   $INC[3]            5.66  Exporter                                                                        [ MD5: e32604d934d8069f78127e0ce5106e5c ]
#   $INC[3]            5.66  Exporter::Heavy                                                                 [ MD5: 318e5dc1bffe6f768c454eaa1754e4df ]
#   $INC[3]            7.36  ExtUtils::Liblist                                                               [ MD5: 09f243be48bcd3c65ebe150c49d5c025 ]
#   $INC[3]            7.36  ExtUtils::Liblist::Kid                                                          [ MD5: bde583bc61909c52a54f2d2e3895f81d ]
#   $INC[3]            7.36  ExtUtils::MakeMaker                                                             [ MD5: da1d2512654001e9f28631885924d939 ]
#   $INC[3]            7.36  ExtUtils::MakeMaker::Config                                                     [ MD5: ce3c469ca881e6f098ea4dd40b6a9e17 ]
#   $INC[3]            7.36  ExtUtils::MakeMaker::Locale                                                     [ MD5: 290f693435741770026322b01605ae59 ]
#   $INC[3]            7.36  ExtUtils::MakeMaker::version                                                    [ MD5: b3e5716fe179a0962850609e300effc3 ]
#   $INC[3]            7.36  ExtUtils::MM                                                                    [ MD5: f066646feefed3b5518f40aec761d580 ]
#   $INC[3]            7.36  ExtUtils::MM_Any                                                                [ MD5: a7f7b7f517872888d85bc736886ac0b5 ]
#   $INC[3]            7.36  ExtUtils::MM_Darwin                                                             [ MD5: 1d36a10e6f75daf65d0ae317d001c279 ]
#   $INC[3]            7.36  ExtUtils::MM_Unix                                                               [ MD5: 52547bd078fddba4235e879ae0f41dbd ]
#   $INC[3]            7.36  ExtUtils::MY                                                                    [ MD5: 7f75aaeb6e28c4e6f0e916bf8b3c0c2b ]
#   $INC[3]            1.11  Fcntl                                                                           [ MD5: 70707096a90be3068ba6feae636d5ad6 ]
#   $INC[3]            1.27  feature                                                                         [ MD5: 5a3a1a66f9730c974ac724d6b98483db ]
#   $INC[3]            2.84  File::Basename                                                                  [ MD5: f3c9df98223f53fee221435ddf5e9733 ]
#   $INC[3]            2.23  File::Copy                                                                      [ MD5: faf119164c3278edf3c7f12ce98cb239 ]
#   $INC[3]            1.20  File::Find                                                                      [ MD5: 6cae20b8ee4324d5b030da92116fb349 ]
#   $INC[3]            1.17  File::Glob                                                                      [ MD5: 59ac116899119111086b541fb635de31 ]
#   $INC[3]         2.08_01  File::Path                                                                      [ MD5: 810b139375e26bb443c5feed193f1049 ]
#   $INC[3]         3.39_02  File::Spec                                                                      [ MD5: 084d78c13b2051c0e6f0e7be9829c467 ]
#   $INC[3]         3.39_02  File::Spec::Unix                                                                [ MD5: c46be730fec7775bae4ee9d2fb759e69 ]
#   $INC[3]            1.05  File::stat                                                                      [ MD5: bb790be3c54930386270d818178fe12c ]
#   $INC[3]            0.22  File::Temp                                                                      [ MD5: 928bef3533c4816a412dc22a4ad6391a ]
#   $INC[3]            2.38  Getopt::Long                                                                    [ MD5: 299543c9c6998bed8122ea0f945574f4 ]
#   $INC[3]           0.104  Getopt::Long::Descriptive                                                       [ MD5: 08c82047bb24cabf3de2b0e2099e203e ]
#   $INC[3]           0.104  Getopt::Long::Descriptive::Opts                                                 [ MD5: d524f30f772319ab224ac5ea867fdfc2 ]
#   $INC[3]           0.104  Getopt::Long::Descriptive::Usage                                                [ MD5: 935e89dd3abb5694fa9f9665621fc660 ]
#   $INC[3]           0.300  Hash::Merge                                                                     [ MD5: 6d88a0cad7f5b301c53a27491c664a53 ]
#   $INC[3]         0.08_02  I18N::Langinfo                                                                  [ MD5: 6fb1ed33005c3c8905b521505e4003f9 ]
#   $INC[3]          0.0602  if                                                                              [ MD5: f5730e6f61964cbbcb8daa8a7c038e1a ]
#   $INC[3]           0.025  Importer                                                                        [ MD5: bcbccaa9e84559faf88753bba73962a1 ]
#   $INC[3]            1.00  integer                                                                         [ MD5: 4a9b2a5bdd05b8f12371f0bd13135b95 ]
#   $INC[3]         1.25_06  IO                                                                              [ MD5: d8e3fd7eba5bbad363150f1964ba8d46 ]
#   $INC[3]            1.10  IO::Dir                                                                         [ MD5: 3382ea44d8e267cc12a596fbfe73ff92 ]
#   $INC[3]            1.16  IO::File                                                                        [ MD5: 206278c02dd4a3fb7792a4a193d2588b ]
#   $INC[3]            1.33  IO::Handle                                                                      [ MD5: 6fdff43909cf62a195d25caf33ad4972 ]
#   $INC[3]            1.10  IO::Seekable                                                                    [ MD5: f62813b55c062f449160100dca67d043 ]
#   $INC[3]            4.02  JSON::PP                                                                        [ MD5: 1b3d1bc035588c59a6f3ef0bf6c287bb ]
#   $INC[3]            4.02  JSON::PP::Boolean                                                               [ MD5: d93fd6b9546bc5c0b893d832b015375e ]
#                      1.01  JSON::PP::IncrParser                                                          ! -f $INC{'JSON/PP/IncrParser.pm'}
#   $INC[3]            1.50  List::Util                                                                      [ MD5: 743f957ce52c60e7206c7557800a26a4 ]
#   $INC[3]            1.01  locale                                                                          [ MD5: f759dd19108e0fde27079c3f3e154624 ]
#   $INC[3]           1.998  Math::BigInt                                                                    [ MD5: 7011314f18f686022c3738382d6e3944 ]
#   $INC[3]          2.2011  metaclass                                                                       [ MD5: 1c0dcea9c8b82f33bc08bc59c8ca1fe8 ]
#   $INC[3]                  Method::Generate::Accessor                                                      [ MD5: f5df935eada395710fddae4faa885f77 ]
#   $INC[3]                  Method::Generate::Constructor                                                   [ MD5: 34ec0d8db3d6be1fef4b216a47ed3f40 ]
#   $INC[3]            0.09  Module::Implementation                                                          [ MD5: 2a146bb117cd6b798e2b928231799546 ]
#   $INC[3]           0.016  Module::Runtime                                                                 [ MD5: db1042b0f9341111c7f904480a82596a ]
#   $INC[3]        2.003004  Moo                                                                             [ MD5: 6c778849ee48526484aca8ba49d057a7 ]
#   $INC[3]                  Moo::HandleMoose                                                                [ MD5: ed0b031e284427345cf74a5e883683e1 ]
#   $INC[3]                  Moo::HandleMoose::FakeMetaClass                                                 [ MD5: a8fa6ab2dcc260ba042b78de3e410644 ]
#   $INC[3]                  Moo::Object                                                                     [ MD5: 454a78f98f0239ac4044db19f07e8567 ]
#   $INC[3]                  Moo::sification                                                                 [ MD5: 061e62ee1cc9fa0d4877ea1b7d2aabb0 ]
#   $INC[3]          2.2011  Moose                                                                           [ MD5: 444337641dc67542620e0ed8dd0f095c ]
#   $INC[3]          2.2011  Moose::Deprecated                                                               [ MD5: 4226c2586a03e80fcc582c62247b01aa ]
#   $INC[3]          2.2011  Moose::Exporter                                                                 [ MD5: 54e08e75e2b6df9922de689776323e1f ]
#   $INC[3]          2.2011  Moose::Meta::Attribute                                                          [ MD5: 879d591b0409ec16d2b074b3649accfc ]
#   $INC[3]          2.2011  Moose::Meta::Attribute::Native                                                  [ MD5: e5ab4e262cc74be3d49fdd5aa89c93cd ]
#   $INC[3]          2.2011  Moose::Meta::Attribute::Native::Trait                                           [ MD5: 3f8c2ca4a53c75675645ace6bc54508a ]
#   $INC[3]          2.2011  Moose::Meta::Attribute::Native::Trait::Counter                                  [ MD5: 39e08201188f8ac9f4fe5f84cc27ecab ]
#   $INC[3]          2.2011  Moose::Meta::Attribute::Native::Trait::Hash                                     [ MD5: b001c322b52512c5980b3507d11ede72 ]
#   $INC[3]          2.2011  Moose::Meta::Class                                                              [ MD5: ce355dc895bd867a4b69bacfa1f04326 ]
#   $INC[3]          2.2011  Moose::Meta::Class::Immutable::Trait                                            [ MD5: 222f572becbb89938e5f8e84b3f930c5 ]
#   $INC[3]          2.2011  Moose::Meta::Instance                                                           [ MD5: 9c33a6c6db4700141a5307664807d15c ]
#   $INC[3]          2.2011  Moose::Meta::Method                                                             [ MD5: 8303907ac526ad2c0a6bebea92f28bb6 ]
#   $INC[3]          2.2011  Moose::Meta::Method::Accessor                                                   [ MD5: 0af242dd67ad39fe3ae35c2badd7a2d8 ]
#   $INC[3]          2.2011  Moose::Meta::Method::Accessor::Native                                           [ MD5: e0524436ab0987a7502e91acd61c7c72 ]
#   $INC[3]          2.2011  Moose::Meta::Method::Accessor::Native::Collection                               [ MD5: dee647293398a125a17fd6c9c88c8e0a ]
#   $INC[3]          2.2011  Moose::Meta::Method::Accessor::Native::Counter::inc                             [ MD5: 188fd5fdecab208f4d440729495b59d3 ]
#   $INC[3]          2.2011  Moose::Meta::Method::Accessor::Native::Hash                                     [ MD5: 39dc8cfbe8b120afa293615b271bf220 ]
#   $INC[3]          2.2011  Moose::Meta::Method::Accessor::Native::Hash::count                              [ MD5: ec2d76abce74f926eb29662f3b3e5d71 ]
#   $INC[3]          2.2011  Moose::Meta::Method::Accessor::Native::Hash::delete                             [ MD5: 4d1a44dd7888a8f8b1604a942c116937 ]
#   $INC[3]          2.2011  Moose::Meta::Method::Accessor::Native::Hash::get                                [ MD5: 96292596a2e829ea2506ad4535bc015d ]
#   $INC[3]          2.2011  Moose::Meta::Method::Accessor::Native::Hash::is_empty                           [ MD5: e05a40c17aa8a385be9fb2a19f3c7bd1 ]
#   $INC[3]          2.2011  Moose::Meta::Method::Accessor::Native::Hash::set                                [ MD5: e6d811b0680093ac16d505e39496595a ]
#   $INC[3]          2.2011  Moose::Meta::Method::Accessor::Native::Hash::values                             [ MD5: 43977a86bc1447b75e67d66e43861577 ]
#   $INC[3]          2.2011  Moose::Meta::Method::Accessor::Native::Hash::Writer                             [ MD5: a09d2b5f380f83a99b766af13d8975bb ]
#   $INC[3]          2.2011  Moose::Meta::Method::Accessor::Native::Reader                                   [ MD5: 16b3bddd90c794dcbaf085d15741f004 ]
#   $INC[3]          2.2011  Moose::Meta::Method::Accessor::Native::Writer                                   [ MD5: e766e4fc03d274a6c4a7dca8a18c0b9a ]
#   $INC[3]          2.2011  Moose::Meta::Method::Augmented                                                  [ MD5: 4068653cd8fff3edd19a39244ceb9a34 ]
#   $INC[3]          2.2011  Moose::Meta::Method::Constructor                                                [ MD5: 0f9c799beca2809b5deac2bd92628b54 ]
#   $INC[3]          2.2011  Moose::Meta::Method::Delegation                                                 [ MD5: 8425535781540c99d416bd3fdf005b9d ]
#   $INC[3]          2.2011  Moose::Meta::Method::Destructor                                                 [ MD5: 470e135417d1c19476885b43add4894f ]
#   $INC[3]          2.2011  Moose::Meta::Method::Meta                                                       [ MD5: 886ecca041333506bb615929d623e919 ]
#   $INC[3]          2.2011  Moose::Meta::Method::Overridden                                                 [ MD5: b5b01ddf14ecb0c26b2b80c0c53f729f ]
#   $INC[3]          2.2011  Moose::Meta::Mixin::AttributeCore                                               [ MD5: 31a9ef9447304303541affa41799ec37 ]
#   $INC[3]          2.2011  Moose::Meta::Object::Trait                                                      [ MD5: 6271205e4fce43db053621247c3e19ad ]
#   $INC[3]          2.2011  Moose::Meta::Role                                                               [ MD5: c05c41e78c3beee25737feb00e043ebd ]
#   $INC[3]          2.2011  Moose::Meta::Role::Application                                                  [ MD5: b7ae85755426d953e62e056de7b806ea ]
#   $INC[3]          2.2011  Moose::Meta::Role::Application::RoleSummation                                   [ MD5: 0977487f23e0b8c451364eb06b2c984a ]
#   $INC[3]          2.2011  Moose::Meta::Role::Application::ToClass                                         [ MD5: 452f7077755a9aed00bc96f1805d60c4 ]
#   $INC[3]          2.2011  Moose::Meta::Role::Application::ToInstance                                      [ MD5: aa8290454f3cc2066bad760e19a1dd7d ]
#   $INC[3]          2.2011  Moose::Meta::Role::Application::ToRole                                          [ MD5: 9f7dbe7217451ffb03024d6e6f72bbe5 ]
#   $INC[3]          2.2011  Moose::Meta::Role::Attribute                                                    [ MD5: 816ee34227534adc7064d34e7fbdc951 ]
#   $INC[3]          2.2011  Moose::Meta::Role::Composite                                                    [ MD5: 7b81fd882ed85aa1cdbf6832cfe84134 ]
#   $INC[3]          2.2011  Moose::Meta::Role::Method                                                       [ MD5: 1d09462bf584c2d36e86f5845385d751 ]
#   $INC[3]          2.2011  Moose::Meta::Role::Method::Conflicting                                          [ MD5: 59e694d584438dcf6317fdc10f811fed ]
#   $INC[3]          2.2011  Moose::Meta::Role::Method::Required                                             [ MD5: 16bba4fd5f94ee3a21cfed9295a95aea ]
#   $INC[3]          2.2011  Moose::Meta::TypeCoercion                                                       [ MD5: 19f715cb75c2851882ef278e4a50c083 ]
#   $INC[3]          2.2011  Moose::Meta::TypeCoercion::Union                                                [ MD5: acb1d306d905e1365d561248f50c75bc ]
#   $INC[3]          2.2011  Moose::Meta::TypeConstraint                                                     [ MD5: a145fb4d27c31569e093c45e4ed062d1 ]
#   $INC[3]          2.2011  Moose::Meta::TypeConstraint::Class                                              [ MD5: 62ea85fae736a361fc96d53de28ace65 ]
#   $INC[3]          2.2011  Moose::Meta::TypeConstraint::DuckType                                           [ MD5: 5a73dad1e9b8f84a3c81afa1237f211d ]
#   $INC[3]          2.2011  Moose::Meta::TypeConstraint::Enum                                               [ MD5: 2c921fe09bccd5c5f46b349103017d8b ]
#   $INC[3]          2.2011  Moose::Meta::TypeConstraint::Parameterizable                                    [ MD5: d6e5d74e2a784cd869250d92ce24a173 ]
#   $INC[3]          2.2011  Moose::Meta::TypeConstraint::Parameterized                                      [ MD5: abdb3b3288daff23b6eae3f1a3e41ee3 ]
#   $INC[3]          2.2011  Moose::Meta::TypeConstraint::Registry                                           [ MD5: 5b0c9dce87261655bc985a8c2742856e ]
#   $INC[3]          2.2011  Moose::Meta::TypeConstraint::Role                                               [ MD5: 18ea4ceb8d0b00ace86e7d1f92c3509b ]
#   $INC[3]          2.2011  Moose::Meta::TypeConstraint::Union                                              [ MD5: 692a00331e27536cc6793a383a0afbdb ]
#   $INC[3]          2.2011  Moose::Object                                                                   [ MD5: 92477ce5e4ac2804932b29d9efe068d8 ]
#   $INC[3]          2.2011  Moose::Role                                                                     [ MD5: 7ab25e54886c319c91a1b876e8e2ef82 ]
#   $INC[3]          2.2011  Moose::Util                                                                     [ MD5: 782cf61aee0436a43858836c51b73bd8 ]
#   $INC[3]          2.2011  Moose::Util::MetaRole                                                           [ MD5: c473a681b8cef001cf1800b91351c127 ]
#   $INC[3]          2.2011  Moose::Util::TypeConstraints                                                    [ MD5: 2cec2b5abfead2be20c656453825058a ]
#   $INC[3]          2.2011  Moose::Util::TypeConstraints::Builtins                                          [ MD5: 31df9e9cccb4fb1cde4e2970380892ef ]
#   $INC[3]            0.74  MooseX::Getopt                                                                  [ MD5: 40abdba238cea848804787831051e64f ]
#   $INC[3]            0.74  MooseX::Getopt::Basic                                                           [ MD5: 54a2af329204a981054314d0c7657607 ]
#   $INC[3]            0.74  MooseX::Getopt::GLD                                                             [ MD5: 512d99bf9565ff8633154eac185afb90 ]
#   $INC[3]            0.74  MooseX::Getopt::Meta::Attribute                                                 [ MD5: 6045bc05e8ed49ff343f9e6eb83c20e0 ]
#   $INC[3]            0.74  MooseX::Getopt::Meta::Attribute::NoGetopt                                       [ MD5: fa946a76db86dd308e461027af33a13b ]
#   $INC[3]            0.74  MooseX::Getopt::Meta::Attribute::Trait                                          [ MD5: ec38bb43ccf247ed289d00ca808d64f2 ]
#   $INC[3]            0.74  MooseX::Getopt::Meta::Attribute::Trait::NoGetopt                                [ MD5: 5220a78810bab143535842589537fb6c ]
#   $INC[3]            0.74  MooseX::Getopt::OptionTypeMap                                                   [ MD5: b922c61c22effb08865ce1531db0b10d ]
#   $INC[3]            0.74  MooseX::Getopt::ProcessedArgv                                                   [ MD5: 561e6a6823f763779f2cc77778e89636 ]
#   $INC[3]            1.10  MooseX::Role::Parameterized                                                     [ MD5: c6ecf44d7456cd53bee338220b23afa2 ]
#   $INC[3]            1.10  MooseX::Role::Parameterized::Meta::Role::Parameterized                          [ MD5: addc285533a3d5c5f53b1cda936882d5 ]
#   $INC[3]            1.10  MooseX::Role::Parameterized::Meta::Trait::Parameterizable                       [ MD5: fb7abe20d0610324ebdabecc9c257bc4 ]
#   $INC[3]            1.10  MooseX::Role::Parameterized::Meta::Trait::Parameterized                         [ MD5: 75ff9f26ba8a109d7a43bfd1911c946a ]
#   $INC[3]            1.10  MooseX::Role::Parameterized::Parameters                                         [ MD5: 8b52d8ddb1e662fb159fb1082eaac013 ]
#   $INC[3]            0.50  MooseX::Types                                                                   [ MD5: 17bbbb8842f7942f7dbbb26921f6a101 ]
#   $INC[3]            0.50  MooseX::Types::Base                                                             [ MD5: d150a08c20428cc44a004f8638ad41db ]
#   $INC[3]            0.50  MooseX::Types::CheckedUtilExports                                               [ MD5: 557b5771665a6e0ec9ccfe638cecb5b7 ]
#   $INC[3]           0.015  MooseX::Types::LoadableClass                                                    [ MD5: ecc36756c227d77f3e0d50c3b93ae209 ]
#   $INC[3]            0.50  MooseX::Types::Moose                                                            [ MD5: 50ab28fc41501c0c28f0dcd01ca1df26 ]
#   $INC[3]            0.09  MooseX::Types::Path::Class                                                      [ MD5: fa4152eac64df55ede9de273d21bc2d3 ]
#   $INC[3]            0.50  MooseX::Types::TypeDecorator                                                    [ MD5: f141bb4c2a1c181421144011515c112b ]
#   $INC[3]            0.50  MooseX::Types::UndefinedType                                                    [ MD5: 2fd1fdbd0da64f6d55375bce8458d66d ]
#   $INC[3]            0.50  MooseX::Types::Util                                                             [ MD5: 39cdff774bdb7208e1c73892a26ccd3a ]
#   $INC[3]            1.09  mro                                                                             [ MD5: 0dcdd8a22949c14b8da91eca5f5eacf6 ]
#   $INC[3]            0.13  MRO::Compat                                                                     [ MD5: 0e22f9bf6be934a1ef7ecc18c01ea6be ]
#   $INC[3]            0.28  namespace::autoclean                                                            [ MD5: bcf7b7af396c62ab1bbcec0a42fdb1c3 ]
#   $INC[3]            0.27  namespace::clean                                                                [ MD5: f3e03f7f5f26391565d98357834e909b ]
#   $INC[3]            1.18  overload                                                                        [ MD5: 0798c8066ab0b0acbb76b7d06f645cdf ]
#   $INC[3]            0.02  overloading                                                                     [ MD5: 36e1b34f8175e036d57e51fd7d56becd ]
#   $INC[3]            0.17  Package::DeprecationManager                                                     [ MD5: 93dddddd7913b016f00963197be1c5f1 ]
#   $INC[3]            0.38  Package::Stash                                                                  [ MD5: eb2d8bc231d6485055686fba89992d05 ]
#   $INC[3]            0.29  Package::Stash::XS                                                              [ MD5: fd533e932b5895d3a734d7f04ee3bf87 ]
#   $INC[3]            1.07  Params::Util                                                                    [ MD5: dae515c40e02b36de308e51ddf0e8edd ]
#   $INC[3]            1.29  Params::Validate                                                                [ MD5: 4533877989c6fa2c3b03cc56ba0db066 ]
#   $INC[3]            1.29  Params::Validate::Constants                                                     [ MD5: a3aace4389f328e3ff0461aeff514947 ]
#   $INC[3]            1.29  Params::Validate::XS                                                            [ MD5: 9e61da3ba690d844355689dbc98ae5c8 ]
#   $INC[3]           0.225  parent                                                                          [ MD5: 4a04b50f47531054d0864acecb51a139 ]
#   $INC[3]            0.37  Path::Class                                                                     [ MD5: 62b3248e0d25291933a8d0f09e731547 ]
#   $INC[3]            0.37  Path::Class::Dir                                                                [ MD5: 9b7bd783037e1e812d6a82d62bcecb92 ]
#   $INC[3]            0.37  Path::Class::Entity                                                             [ MD5: 8e14d34b8f5a0909736e9bdaac460848 ]
#   $INC[3]            0.37  Path::Class::File                                                               [ MD5: b7f9029ac9e90dc1d509a95d12103c69 ]
#                  5.016003  perl                                                                            [ MD5: ec17d432ba73d6be7504a229d0f2e191 ]
#   $INC[3]            1.07  PerlIO                                                                          [ MD5: 45cd620c4e5fa82ab81e36baf80ba911 ]
#   $INC[3]            1.04  Pod::Escapes                                                                    [ MD5: 761e30e1f0fd2b278ddefd9fe22ae76e ]
#   $INC[3]            3.20  Pod::Simple                                                                     [ MD5: 4992e9dea4fa6ace16e33550afe40721 ]
#   $INC[3]            3.20  Pod::Simple::BlackBox                                                           [ MD5: 974098a4756175c011e4fff2a93ad163 ]
#   $INC[3]            3.20  Pod::Simple::LinkSection                                                        [ MD5: 649681e937e1fdb23a0f88b815e137b5 ]
#   $INC[3]            1.30  POSIX                                                                           [ MD5: f89dbb3c2b49f3e82feddc39855fa973 ]
#   $INC[3]         0.19_01  re                                                                              [ MD5: 6598a4fd8c57d76edab05df1a530e7f9 ]
#   $INC[3]            1.50  Scalar::Util                                                                    [ MD5: 86359e4992b99074a7f4dec5408cad5b ]
#   $INC[3]            0.21  Scope::Guard                                                                    [ MD5: 914494bdeb65cd340f14eae265635cf2 ]
#   $INC[3]            1.02  SelectSaver                                                                     [ MD5: bddc465e351ad0508581b94ef112d322 ]
#   $INC[3]            1.86  SQL::Abstract                                                                   [ MD5: 14f1a24faf5148213d9583c5085038f3 ]
#   $INC[3]            2.34  Storable                                                                        [ MD5: 61c72927f28394cddbae561a7ace883a ]
#   $INC[3]            1.07  strict                                                                          [ MD5: 800622ee44e5700d8eb08d0611e9b65a ]
#   $INC[3]        2.006003  Sub::Defer                                                                      [ MD5: c324c21eeb633148f6589b0b7f3d5833 ]
#   $INC[3]           0.987  Sub::Exporter                                                                   [ MD5: aa6b0dc0ffcf3831d4cee7da6d7e8330 ]
#   $INC[3]        0.100052  Sub::Exporter::ForMethods                                                       [ MD5: 50b7071f63f77815db48360df0b102c4 ]
#   $INC[3]        0.001013  Sub::Exporter::Progressive                                                      [ MD5: 5f37412f2438f87c7b088c7b2e6dd8ab ]
#   $INC[3]           0.987  Sub::Exporter::Util                                                             [ MD5: 9bfd22ab1afa835541f6a7d298ab90fc ]
#   $INC[3]            0.14  Sub::Identify                                                                   [ MD5: c5aa7af217a6440b522298715d770472 ]
#   $INC[3]           0.928  Sub::Install                                                                    [ MD5: f077d4c445e5cceebd5aab8460fd2d5e ]
#   $INC[3]            0.21  Sub::Name                                                                       [ MD5: f03f7cf0bb678e86d57149b9037b8970 ]
#   $INC[3]        2.006003  Sub::Quote                                                                      [ MD5: 8dfaa4450ee6dad6f338e9d83ec7312a ]
#   $INC[3]            1.50  Sub::Util                                                                       [ MD5: 5145a64cb609481627321868ac8cfc5b ]
#   $INC[3]            1.07  Symbol                                                                          [ MD5: 083c3fe866ec1be9c84540b9ac8e6eee ]
#   $INC[3]           0.013  Term::Table                                                                     [ MD5: 9dffd518164feff4b1229a8b994982f5 ]
#   $INC[3]           0.013  Term::Table::Cell                                                               [ MD5: a6c88b0f1237b49ae7c0591e17df90a1 ]
#   $INC[3]           0.003  Term::Table::HashBase                                                           [ MD5: d6696469144e268455c6c2d460cc1e8d ]
#   $INC[3]           0.013  Term::Table::LineBreak                                                          [ MD5: 6b6fac19c4850f44d9972a8ae7fd812b ]
#   $INC[3]           0.013  Term::Table::Util                                                               [ MD5: b70dcfb4505dd10ec1b34e9a4b8c15f4 ]
#   $INC[3]        1.302164  Test2::API                                                                      [ MD5: 334a8ccf3bd78376314beb1a5aaa7af6 ]
#   $INC[3]        1.302164  Test2::API::Context                                                             [ MD5: dc2a449e99a9047b8a19fc70de5dcee4 ]
#   $INC[3]        1.302164  Test2::API::Instance                                                            [ MD5: 8204a7cffcdda158761e500b2f08e84e ]
#   $INC[3]        1.302164  Test2::API::Stack                                                               [ MD5: f13bf3bcf901fb4cfa184031692c2237 ]
#   $INC[3]        1.302164  Test2::Event                                                                    [ MD5: 1b7b606cdc23c4d71652dbdfc1c88585 ]
#   $INC[3]        1.302164  Test2::Event::Bail                                                              [ MD5: c56e5eaea2334fa6e11d2f62815162b5 ]
#   $INC[3]        1.302164  Test2::Event::Diag                                                              [ MD5: 6d4363530114de500d5451e30ed12959 ]
#   $INC[3]        1.302164  Test2::Event::Exception                                                         [ MD5: 1ad641a434d0265976c4c1ea71518401 ]
#   $INC[3]        1.302164  Test2::Event::Fail                                                              [ MD5: eeb21847dae4184bb40939bd04242976 ]
#   $INC[3]        1.302164  Test2::Event::Note                                                              [ MD5: c20ce350d28a0bd51eb09da600ababc6 ]
#   $INC[3]        1.302164  Test2::Event::Ok                                                                [ MD5: 3275d3ea01ec246f6c01ab6e184b19d2 ]
#   $INC[3]        1.302164  Test2::Event::Pass                                                              [ MD5: f8d9f8a9974b3c6400e0fea8faed21bc ]
#   $INC[3]        1.302164  Test2::Event::Plan                                                              [ MD5: 6dcbc93bc1c4b9e8ec1b5183a527e14b ]
#   $INC[3]        1.302164  Test2::Event::Skip                                                              [ MD5: 135f80127a45fd9c307df07c9f1a68cc ]
#   $INC[3]        1.302164  Test2::Event::Subtest                                                           [ MD5: 63673e13a44a9db678874152d8ffdb36 ]
#   $INC[3]        1.302164  Test2::Event::V2                                                                [ MD5: d3ec82b523aa614b2df5fdb7007ee2fc ]
#   $INC[3]        1.302164  Test2::Event::Waiting                                                           [ MD5: 4b7b7a3206cbbe69696912c9654c264d ]
#   $INC[3]        1.302164  Test2::EventFacet                                                               [ MD5: 52070d131f19bd394cb50bacd2ac0681 ]
#   $INC[3]        1.302164  Test2::EventFacet::About                                                        [ MD5: ad929045f67050ba8a3b3b6a4b3cb26a ]
#   $INC[3]        1.302164  Test2::EventFacet::Amnesty                                                      [ MD5: efde06772becb06dda87e7efa9ad0627 ]
#   $INC[3]        1.302164  Test2::EventFacet::Assert                                                       [ MD5: 22cfabe11616a0a1298385cb53fed25b ]
#   $INC[3]        1.302164  Test2::EventFacet::Control                                                      [ MD5: df35658076789cb4b9137bae4f440c42 ]
#   $INC[3]        1.302164  Test2::EventFacet::Error                                                        [ MD5: b7763a57b960510ca82cf37d7dd559c3 ]
#   $INC[3]        1.302164  Test2::EventFacet::Hub                                                          [ MD5: 2be14c384ffc6e119fd9833213295059 ]
#   $INC[3]        1.302164  Test2::EventFacet::Info                                                         [ MD5: f67e7a80a17cfb97471a8ec9fff9a2dd ]
#   $INC[3]        1.302164  Test2::EventFacet::Meta                                                         [ MD5: 5fad820bdf1a45f24fa881472d638788 ]
#   $INC[3]        1.302164  Test2::EventFacet::Parent                                                       [ MD5: 51d16b0102d99a75995cce1cf98aa3a0 ]
#   $INC[3]        1.302164  Test2::EventFacet::Plan                                                         [ MD5: 217add29e4b3edd4a299e0c042fd2444 ]
#   $INC[3]        1.302164  Test2::EventFacet::Trace                                                        [ MD5: 25dc3537005f07f93b578058a06f8263 ]
#   $INC[3]        1.302164  Test2::Formatter                                                                [ MD5: 2ddd3d77898836e6ccf8b24b15b0f1dc ]
#   $INC[3]        1.302164  Test2::Formatter::TAP                                                           [ MD5: 9d78c678d4055b26df2fb6040dd4e09b ]
#   $INC[3]        1.302164  Test2::Hub                                                                      [ MD5: 6e874cb92a12ed5acfb4eb82170e11ae ]
#   $INC[3]        1.302164  Test2::Hub::Interceptor                                                         [ MD5: 43d1d7232d6d8a4e7bdd754f88f1689b ]
#   $INC[3]        1.302164  Test2::Hub::Interceptor::Terminator                                             [ MD5: 36a70f02bf00e01a128e324df8a1a642 ]
#   $INC[3]        1.302164  Test2::Hub::Subtest                                                             [ MD5: eec623154a221565dd388057887e3431 ]
#   $INC[3]        1.302164  Test2::Util                                                                     [ MD5: dd7a91a23f80e379471c97e51546763a ]
#   $INC[3]        1.302164  Test2::Util::ExternalMeta                                                       [ MD5: efe529882f34540934e2f5186def3233 ]
#   $INC[3]        1.302164  Test2::Util::Facets2Legacy                                                      [ MD5: 72260a1939fa5e1412622be339e5d8a5 ]
#   $INC[3]        1.302164  Test2::Util::HashBase                                                           [ MD5: 5ac3be5cbc5fbfa8e52593b7f07d798b ]
#   $INC[3]        1.302164  Test2::Util::Trace                                                              [ MD5: f6049045a6e449fe95016752e4bf81b6 ]
#   $INC[3]        1.302164  Test::Builder                                                                   [ MD5: 9d32c650570cc033476b5053d9220dff ]
#   $INC[3]        1.302164  Test::Builder::Formatter                                                        [ MD5: 88cd21c15bbd916e5eeef93f5bef26d4 ]
#   $INC[3]        1.302164  Test::Builder::Module                                                           [ MD5: 7667ecdbfc72cef54d4a909944b48a48 ]
#   $INC[3]        1.302164  Test::Builder::TodoDiag                                                         [ MD5: bc24ecedea9fbbaca8e3325efdb23495 ]
#   $INC[3]          2.2011  Test::Moose                                                                     [ MD5: d7c7b6c5f05b9b7abb9cb37ee0b2c950 ]
#   $INC[3]        1.302164  Test::More                                                                      [ MD5: 0973883b1a4e8707f781ada0209aea2d ]
#   $INC[3]            1.52  Test::Pod                                                                       [ MD5: 57529b9abbdd5ecf857b9c354764eb31 ]
#   $INC[3]            1.04  Tie::Hash                                                                       [ MD5: 943acc2a68dd546d8f40afa729dce7d3 ]
#   $INC[3]          1.9725  Time::HiRes                                                                     [ MD5: d4187c8a7a2c4378e8e0a575e3b4883a ]
#   $INC[3]            0.28  Try::Tiny                                                                       [ MD5: 53090a582032d6f4bb682dbbfa545876 ]
#   $INC[3]            1.09  utf8                                                                            [ MD5: d9e5dc077947b452429358d90ff2228e ]
#   $INC[3]            0.62  Variable::Magic                                                                 [ MD5: f799b01d18fef4f04032b0737bca868c ]
#   $INC[3]            1.02  vars                                                                            [ MD5: 719c6895f36545f7ccb319a156ac9058 ]
#   $INC[3]            0.99  version                                                                         [ MD5: 30d7d8096e2e1b985951f8b89d1c5298 ]
#   $INC[3]            1.13  warnings                                                                        [ MD5: 9be76a7d1fdb1204bc52ae9d201b39a6 ]
#   $INC[3]            1.02  warnings::register                                                              [ MD5: e607c6dfd4cc596889d41737d3c52f65 ]
#   $INC[3]            0.24  XSLoader                                                                        [ MD5: e40c27fa07755917ed914ad697ce0f2f ]
# =============================
# 
# List of loadable modules within both *OPTIONAL* and core dependency chains
# present on this system (modules sourced from ./blib, ./lib, ./t, and ./xt
# with versions identical to their parent namespace were omitted for brevity)
# 
#     *** Note that *MANY* of these modules will *NEVER* be loaded ***
#             *** during normal operation of DBIx::Class ***
# 
# 
t/00describe_environment.t .......................... ok
t/04_c3_mro.t ....................................... ok
t/05components.t .................................... ok
t/100extra_source.t ................................. ok
t/100populate.t ..................................... ok
t/101populate_rs.t .................................. ok
t/101source.t ....................................... ok
t/102load_classes.t ................................. ok
t/103many_to_many_warning.t ......................... ok
t/104view.t ......................................... ok
t/106dbic_carp.t .................................... ok
t/107obj_result_class.t ............................. ok
t/18insert_default.t ................................ ok
t/19retrieve_on_insert.t ............................ ok
t/20setuperrors.t ................................... ok
t/26dumper.t ........................................ ok
t/33exception_wrap.t ................................ ok
t/34exception_action.t .............................. ok
t/35exception_inaction.t ............................ skipped: not running dangerous segfault-prone test on plain install
t/39load_namespaces_1.t ............................. ok
t/39load_namespaces_2.t ............................. ok
t/39load_namespaces_3.t ............................. ok
t/39load_namespaces_4.t ............................. ok
t/39load_namespaces_exception.t ..................... ok
t/39load_namespaces_rt41083.t ....................... ok
t/39load_namespaces_stress.t ........................ ok
t/40compose_connection.t ............................ ok
t/40resultsetmanager.t .............................. ok
t/46where_attribute.t ............................... ok
t/50fork.t .......................................... skipped: Test needs DBD::Pg (see DBIx::Class::Optional::Dependencies for details)
t/51threadnodb.t .................................... skipped: your perl does not support ithreads
t/51threads.t ....................................... skipped: your perl does not support ithreads
t/51threadtxn.t ..................................... skipped: your perl does not support ithreads
t/52leaks.t ......................................... ok
t/53lean_startup.t .................................. ok
t/55namespaces_cleaned.t ............................ skipped: Skipping test on plain module install
t/60core.t .......................................... ok
t/61findnot.t ....................................... ok
t/63register_class.t ................................ ok
t/63register_column.t ............................... ok
t/63register_source.t ............................... ok
t/64db.t ............................................ ok
t/65multipk.t ....................................... ok
t/67pager.t ......................................... ok
t/69update.t ........................................ ok
t/70auto.t .......................................... ok
t/71mysql.t ......................................... skipped: Set $ENV{DBICTEST_MYSQL_DSN}, _USER and _PASS to run this test
t/72pg.t ............................................ skipped: Set $ENV{DBICTEST_PG_DSN}, _USER and _PASS to run this test
t/72pg_bytea.t ...................................... skipped: Test needs DBD::Pg (see DBIx::Class::Optional::Dependencies for details)
t/73oracle.t ........................................ skipped: Set $ENV{DBICTEST_ORA_DSN}, _USER and _PASS to run this test.
t/73oracle_blob.t ................................... skipped: Set $ENV{DBICTEST_ORA_DSN}, _USER and _PASS to run this test.
t/73oracle_hq.t ..................................... skipped: Set $ENV{DBICTEST_ORA_DSN}, _USER and _PASS to run this test.
t/745db2.t .......................................... skipped: Set $ENV{DBICTEST_DB2_DSN}, _USER and _PASS to run this test
t/746db2_400.t ...................................... skipped: Set $ENV{DBICTEST_DB2_400_DSN}, _USER and _PASS to run this test
t/746mssql.t ........................................ skipped: Set $ENV{DBICTEST_MSSQL_ODBC_DSN}, _USER and _PASS to run this test
t/746sybase.t ....................................... skipped: Set $ENV{DBICTEST_SYBASE_DSN}, _USER and _PASS to run this test. Warning: This test drops and creates the tables: 'artist', 'money_test' and 'bindtype_test'
t/747mssql_ado.t .................................... skipped: Set $ENV{DBICTEST_MSSQL_ADO_DSN}, _USER and _PASS to run this test
t/748informix.t ..................................... skipped: Set $ENV{DBICTEST_INFORMIX_DSN}, _USER and _PASS to run this test
t/749sqlanywhere.t .................................. skipped: Set $ENV{DBICTEST_SQLANYWHERE_DSN} and/or $ENV{DBICTEST_SQLANYWHERE_ODBC_DSN},
t/74mssql.t ......................................... skipped: Set $ENV{DBICTEST_MSSQL_DSN}, _USER and _PASS to run this test
t/750firebird.t ..................................... skipped: Set $ENV{DBICTEST_FIREBIRD_DSN} and/or $ENV{DBICTEST_FIREBIRD_INTERBASE_DSN} and/or $ENV{DBICTEST_FIREBIRD_ODBC_DSN}, _USER and _PASS to run these tests. WARNING: this test creates and drops the tables "artist", "bindtype_test" and "sequence_test"; the generators "gen_artist_artistid", "pkid1_seq", "pkid2_seq" and "nonpkid_seq" and the trigger "artist_bi".
t/751msaccess.t ..................................... skipped: Set $ENV{DBICTEST_MSACCESS_ODBC_DSN} and/or $ENV{DBICTEST_MSACCESS_ADO_DSN} (and optionally _USER and _PASS) to run these tests.
t/752sqlite.t ....................................... ok
t/76joins.t ......................................... ok
t/76select.t ........................................ ok
t/77join_count.t .................................... ok
t/78self_referencial.t .............................. ok
t/79aliasing.t ...................................... ok
t/80unique.t ........................................ ok
t/82cascade_copy.t .................................. ok
t/83cache.t ......................................... ok
t/84serialize.t ..................................... ok
t/85utf8.t .......................................... ok
t/86might_have.t .................................... ok
t/86sqlt.t .......................................... skipped: Test needs SQL::Translator >= 0.11018 (see DBIx::Class::Optional::Dependencies for details)
t/87ordered.t ....................................... ok
t/88result_set_column.t ............................. ok
t/90ensure_class_loaded.t ........................... ok
t/90join_torture.t .................................. ok
t/91merge_joinpref_attr.t ........................... ok
t/93autocast.t ...................................... ok
t/93single_accessor_object.t ........................ ok
t/94pk_mutation.t ................................... ok
t/94versioning.t .................................... skipped: Set $ENV{DBICTEST_MYSQL_DSN}, _USER and _PASS to run this test
t/96_is_deteministic_value.t ........................ skipped: Test needs DateTime >= 0.55, DateTime::Format::Strptime >= 1.2
t/97result_class.t .................................. ok
t/99dbic_sqlt_parser.t .............................. skipped: Test needs SQL::Translator >= 0.11018 (see DBIx::Class::Optional::Dependencies for details)
t/admin/01load.t .................................... skipped: Test needs JSON::Any >= 1.23, MooseX::Types::JSON >= 0.02 (see DBIx::Class::Optional::Dependencies for details)
t/admin/02ddl.t ..................................... skipped: Test needs JSON::Any >= 1.23, MooseX::Types::JSON >= 0.02 (see DBIx::Class::Optional::Dependencies for details)
t/admin/03data.t .................................... skipped: Test needs JSON::Any >= 1.23, MooseX::Types::JSON >= 0.02 (see DBIx::Class::Optional::Dependencies for details)
t/admin/10script.t .................................. skipped: Test needs JSON, JSON::Any >= 1.31, JSON::DWIW, JSON::XS, MooseX::Types::JSON >= 0.02, Text::CSV >= 1.16
t/cdbi/01-columns.t ................................. skipped: Class::DBI required for this test
t/cdbi/02-Film.t .................................... skipped: Class::DBI required for this test
t/cdbi/03-subclassing.t ............................. skipped: Class::DBI required for this test
t/cdbi/04-lazy.t .................................... skipped: Class::DBI required for this test
t/cdbi/06-hasa.t .................................... skipped: Class::DBI required for this test
t/cdbi/08-inheritcols.t ............................. skipped: Class::DBI required for this test
t/cdbi/09-has_many.t ................................ skipped: Class::DBI required for this test
t/cdbi/11-triggers.t ................................ skipped: Class::DBI required for this test
t/cdbi/12-filter.t .................................. skipped: Class::DBI required for this test
t/cdbi/13-constraint.t .............................. skipped: Class::DBI required for this test
t/cdbi/14-might_have.t .............................. skipped: Class::DBI required for this test
t/cdbi/15-accessor.t ................................ skipped: Class::DBI required for this test
t/cdbi/16-reserved.t ................................ skipped: Class::DBI required for this test
t/cdbi/18-has_a.t ................................... skipped: Class::DBI required for this test
t/cdbi/19-set_sql.t ................................. skipped: Class::DBI required for this test
t/cdbi/21-iterator.t ................................ skipped: Class::DBI required for this test
t/cdbi/22-deflate_order.t ........................... skipped: Class::DBI required for this test
t/cdbi/22-self_referential.t ........................ skipped: Class::DBI required for this test
t/cdbi/23-cascade.t ................................. skipped: Class::DBI required for this test
t/cdbi/24-meta_info.t ............................... skipped: Class::DBI required for this test
t/cdbi/26-mutator.t ................................. skipped: Class::DBI required for this test
t/cdbi/30-pager.t ................................... skipped: Class::DBI required for this test
t/cdbi/68-inflate_has_a.t ........................... skipped: Class::DBI required for this test
t/cdbi/70_implicit_inflate.t ........................ skipped: Test needs DateTime >= 0.55, DateTime::Format::SQLite, DateTime::Format::Strptime >= 1.2
t/cdbi/71_column_object.t ........................... skipped: The tested functionality is only available in Class::DBI >= 3.0.5
t/cdbi/98-failure.t ................................. skipped: Class::DBI required for this test
t/cdbi/abstract/search_where.t ...................... skipped: Class::DBI required for this test
t/cdbi/columns_as_hashes.t .......................... skipped: Class::DBI required for this test
t/cdbi/columns_dont_override_custom_accessors.t ..... skipped: Class::DBI required for this test
t/cdbi/construct.t .................................. skipped: Class::DBI required for this test
t/cdbi/copy.t ....................................... skipped: Class::DBI required for this test
t/cdbi/DeepAbstractSearch/01_search.t ............... skipped: Class::DBI required for this test
t/cdbi/early_column_heisenbug.t ..................... skipped: Class::DBI required for this test
t/cdbi/has_many_loads_foreign_class.t ............... skipped: Class::DBI required for this test
t/cdbi/hasa_without_loading.t ....................... skipped: Class::DBI required for this test
t/cdbi/max_min_value_of.t ........................... skipped: Class::DBI required for this test
t/cdbi/mk_group_accessors.t ......................... skipped: Class::DBI required for this test
t/cdbi/multi_column_set.t ........................... skipped: Class::DBI required for this test
t/cdbi/object_cache.t ............................... skipped: Class::DBI required for this test
t/cdbi/retrieve_from_sql_with_limit.t ............... skipped: Class::DBI required for this test
t/cdbi/set_to_undef.t ............................... skipped: Class::DBI required for this test
t/cdbi/set_vs_DateTime.t ............................ skipped: Class::DBI required for this test
t/cdbi/sweet/08pager.t .............................. skipped: Class::DBI required for this test
t/count/count_rs.t .................................. ok
t/count/distinct.t .................................. ok
t/count/group_by_func.t ............................. ok
t/count/grouped_pager.t ............................. ok
t/count/in_subquery.t ............................... ok
t/count/joined.t .................................... ok
t/count/prefetch.t .................................. ok
t/count/search_related.t ............................ ok
t/delete/cascade_missing.t .......................... ok
t/delete/complex.t .................................. ok
t/delete/m2m.t ...................................... ok
t/delete/related.t .................................. ok
t/discard_changes_in_DESTROY.t ...................... ok
t/inflate/core.t .................................... skipped: Inflation tests need DateTime >= 0.55, DateTime::Format::Strptime >= 1.2
t/inflate/datetime.t ................................ skipped: DT inflation tests need DateTime >= 0.55, DateTime::Format::SQLite, DateTime::Format::Strptime >= 1.2
t/inflate/datetime_determine_parser.t ............... skipped: Test needs DateTime >= 0.55, DateTime::Format::SQLite, DateTime::Format::Strptime >= 1.2
t/inflate/datetime_firebird.t ....................... skipped: Set $ENV{DBICTEST_FIREBIRD_DSN} and/or $ENV{DBICTEST_FIREBIRD_INTERBASE_DSN} and/or $ENV{DBICTEST_FIREBIRD_ODBC_DSN}, _USER and _PASS to run these tests. WARNING: This test drops and creates a table called 'event'
t/inflate/datetime_informix.t ....................... skipped: Test needs DateTime >= 0.55, DateTime::Format::Strptime >= 1.2 and
t/inflate/datetime_missing_deps.t ................... ok
t/inflate/datetime_msaccess.t ....................... skipped: Set $ENV{DBICTEST_MSACCESS_ODBC_DSN} and/or $ENV{DBICTEST_MSACCESS_ADO_DSN} (and optionally _USER and _PASS) to run these tests.
t/inflate/datetime_mssql.t .......................... skipped: Set $ENV{DBICTEST_MSSQL_ODBC_DSN} and/or $ENV{DBICTEST_MSSQL_DSN} and/or $ENV{DBICTEST_MSSQL_ADO_DSN} _USER and _PASS to run this test
t/inflate/datetime_mysql.t .......................... skipped: Inflation tests need DateTime >= 0.55, DateTime::Format::MySQL, DateTime::Format::Strptime >= 1.2
t/inflate/datetime_oracle.t ......................... skipped: Set $ENV{DBICTEST_ORA_DSN}, _USER and _PASS to run this test. Warning: This test drops and creates a table called 'event'
t/inflate/datetime_pg.t ............................. skipped: Test needs DateTime >= 0.55, DateTime::Format::Pg >= 0.16004, DateTime::Format::Strptime >= 1.2
t/inflate/datetime_sqlanywhere.t .................... skipped: Set $ENV{DBICTEST_SQLANYWHERE_DSN} and/or $ENV{DBICTEST_SQLANYWHERE_ODBC_DSN}
t/inflate/datetime_sybase.t ......................... skipped: Test needs DateTime >= 0.55, DateTime::Format::Strptime >= 1.2 and
t/inflate/file_column.t ............................. ok
t/inflate/hri.t ..................................... ok
t/inflate/hri_torture.t ............................. ok
t/inflate/serialize.t ............................... ok
t/multi_create/cd_single.t .......................... ok
t/multi_create/diamond.t ............................ ok
t/multi_create/existing_in_chain.t .................. ok
t/multi_create/find_or_multicreate.t ................ ok
t/multi_create/has_many.t ........................... ok
t/multi_create/in_memory.t .......................... ok
t/multi_create/insert_defaults.t .................... ok
t/multi_create/m2m.t ................................ ok
t/multi_create/multilev_single_PKeqFK.t ............. ok
t/multi_create/reentrance_count.t ................... skipped: Disable test entirely until multicreate is rewritten in terms of subqueries
t/multi_create/standard.t ........................... ok
t/multi_create/torture.t ............................ ok
t/ordered/cascade_delete.t .......................... ok
t/ordered/unordered_movement.t ...................... ok
t/prefetch/attrs_untouched.t ........................ ok
t/prefetch/correlated.t ............................. ok
t/prefetch/count.t .................................. ok
t/prefetch/diamond.t ................................ ok
t/prefetch/double_prefetch.t ........................ ok
t/prefetch/empty_cache.t ............................ ok
t/prefetch/false_colvalues.t ........................ ok
t/prefetch/grouped.t ................................ ok
t/prefetch/incomplete.t ............................. ok
t/prefetch/join_type.t .............................. ok
t/prefetch/lazy_cursor.t ............................ ok
t/prefetch/manual.t ................................. ok
t/prefetch/multiple_hasmany.t ....................... ok
t/prefetch/multiple_hasmany_torture.t ............... ok
t/prefetch/o2m_o2m_order_by_with_limit.t ............ ok
t/prefetch/one_to_many_to_one.t ..................... ok
t/prefetch/refined_search_on_relation.t ............. ok
t/prefetch/restricted_children_set.t ................ ok
t/prefetch/standard.t ............................... ok
t/prefetch/via_search_related.t ..................... ok
t/prefetch/with_limit.t ............................. ok
t/relationship/after_update.t ....................... ok
t/relationship/core.t ............................... ok
t/relationship/custom.t ............................. ok
t/relationship/custom_opaque.t ...................... ok
t/relationship/custom_with_null_in_cond.t ........... ok
t/relationship/doesnt_exist.t ....................... ok
t/relationship/dynamic_foreign_columns.t ............ ok
t/relationship/info.t ............................... ok
t/relationship/malformed_declaration.t .............. ok
t/relationship/proxy.t .............................. ok
t/relationship/set_column_on_fk.t ................... ok
t/relationship/unresolvable.t ....................... ok
t/relationship/update_or_create_multi.t ............. ok
t/relationship/update_or_create_single.t ............ ok
t/resultset/as_query.t .............................. ok
t/resultset/as_subselect_rs.t ....................... ok
t/resultset/bind_attr.t ............................. ok
t/resultset/find_on_subquery_cond.t ................. ok
t/resultset/inflate_result_api.t .................... ok
t/resultset/inflatemap_abuse.t ...................... ok
t/resultset/is_ordered.t ............................ ok
t/resultset/is_paged.t .............................. ok
t/resultset/nulls_only.t ............................ ok
t/resultset/plus_select.t ........................... ok
t/resultset/rowparser_internals.t ................... ok
t/resultset/update_delete.t ......................... ok
t/resultset_class.t ................................. ok
t/resultset_overload.t .............................. ok
t/resultsource/bare_resultclass_exception.t ......... ok
t/resultsource/set_primary_key.t .................... ok
t/row/copy_with_extra_selection.t ................... ok
t/row/filter_column.t ............................... ok
t/row/find_one_has_many.t ........................... ok
t/row/inflate_result.t .............................. ok
t/row/pkless.t ...................................... ok
t/row/set_extra_column.t ............................ ok
t/schema/anon.t ..................................... ok
t/schema/clone.t .................................... ok
t/search/deprecated_attributes.t .................... ok
t/search/distinct.t ................................. ok
t/search/empty_attrs.t .............................. ok
t/search/preserve_original_rs.t ..................... ok
t/search/reentrancy.t ............................... ok
t/search/related_has_many.t ......................... ok
t/search/related_strip_prefetch.t ................... ok
t/search/select_chains.t ............................ ok
t/search/select_chains_unbalanced.t ................. ok
t/search/stack_cond.t ............................... ok
t/search/subquery.t ................................. ok
t/search/void.t ..................................... ok
t/sqlmaker/bind_transport.t ......................... ok
t/sqlmaker/core.t ................................... ok
t/sqlmaker/core_quoted.t ............................ ok
t/sqlmaker/dbihacks_internals.t ..................... ok
t/sqlmaker/hierarchical/oracle.t .................... skipped: Test needs Math::Base36 >= 0.07
t/sqlmaker/legacy_joins.t ........................... ok
t/sqlmaker/limit_dialects/basic.t ................... ok
t/sqlmaker/limit_dialects/custom.t .................. ok
t/sqlmaker/limit_dialects/fetch_first.t ............. ok
t/sqlmaker/limit_dialects/first_skip.t .............. ok
t/sqlmaker/limit_dialects/generic_subq.t ............ ok
t/sqlmaker/limit_dialects/mssql_torture.t ........... ok
t/sqlmaker/limit_dialects/rno.t ..................... ok
t/sqlmaker/limit_dialects/rownum.t .................. ok
t/sqlmaker/limit_dialects/skip_first.t .............. ok
t/sqlmaker/limit_dialects/toplimit.t ................ ok
t/sqlmaker/limit_dialects/torture.t ................. ok
t/sqlmaker/literal_with_bind.t ...................... ok
t/sqlmaker/msaccess.t ............................... ok
t/sqlmaker/mysql.t .................................. ok
t/sqlmaker/nest_deprec.t ............................ ok
t/sqlmaker/oracle.t ................................. skipped: Test needs Math::Base36 >= 0.07
t/sqlmaker/oraclejoin.t ............................. skipped: Test needs Math::Base36 >= 0.07
t/sqlmaker/order_by_bindtransport.t ................. ok
t/sqlmaker/order_by_func.t .......................... ok
t/sqlmaker/pg.t ..................................... ok
t/sqlmaker/quotes.t ................................. ok
t/sqlmaker/sqlite.t ................................. ok
t/storage/base.t .................................... ok
t/storage/cursor.t .................................. ok
t/storage/dbh_do.t .................................. ok
t/storage/dbi_coderef.t ............................. ok
t/storage/dbi_env.t ................................. ok
t/storage/dbic_pretty.t ............................. skipped: Test needs JSON::Any >= 1.23
t/storage/debug.t ................................... ok
t/storage/deploy.t .................................. skipped: Test needs SQL::Translator >= 0.11018 (see DBIx::Class::Optional::Dependencies for details)
t/storage/deprecated_exception_source_bind_attrs.t .. ok
t/storage/disable_sth_caching.t ..................... ok
t/storage/error.t ................................... ok
t/storage/exception.t ............................... ok
t/storage/global_destruction.t ...................... ok
t/storage/nobindvars.t .............................. ok
t/storage/on_connect_call.t ......................... ok
t/storage/on_connect_do.t ........................... ok
t/storage/ping_count.t .............................. ok
t/storage/prefer_stringification.t .................. ok
t/storage/quote_names.t ............................. ok
t/storage/reconnect.t ............................... ok
Can't store CODE items at /Users/daniel/perl5/perlbrew/perls/perl-5.16.0/lib/site_perl/5.16.3/Hash/Merge.pm line 222.
t/storage/replicated.t .............................. 
Dubious, test returned 255 (wstat 65280, 0xff00)
No subtests run 
t/storage/savepoints.t .............................. ok
t/storage/stats.t ................................... ok
t/storage/txn.t ..................................... ok
t/storage/txn_scope_guard.t ......................... ok
t/update/all.t ...................................... ok
t/update/ident_cond.t ............................... ok
t/update/type_aware.t ............................... ok
# 
# 
# 
# 208 contributors made this library what it is today
# 
# 
# Distinguished patrons:
#   * ( 2014 ~ 2015 ) Henry Van Styn, creator of http://p3rl.org/RapidApp
# 
# 
t/zzzzzzz_authors.t ................................. ok
t/zzzzzzz_perl_perf_bug.t ........................... ok
t/zzzzzzz_sqlite_deadlock.t ......................... skipped: Skipping test on plain module install

Test Summary Report
-------------------
t/sqlmaker/limit_dialects/generic_subq.t          (Wstat: 0 Tests: 19 Failed: 0)
  TODO passed:   9, 11, 13, 15, 17
t/storage/replicated.t                            (Wstat: 65280 Tests: 0 Failed: 0)
  Non-zero exit status: 255
  Parse errors: No plan found in TAP output
Files=308, Tests=12215, 179 wallclock secs ( 2.73 usr  0.93 sys + 148.90 cusr 16.59 csys = 169.15 CPU)
Result: FAIL
Failed 1/308 test programs. 0/12215 subtests failed.
make: *** [test_dynamic] Error 255
-> FAIL Installing DBIx::Class failed. See /Users/daniel/.cpanm/work/1556814369.79326/build.log for details. Retry with --force to force install it.
