0x2a00 DBI::db::get_info   
0x10000 DBI::db::take_imp_data
0x10c00 DBI::db::disconnect 
0x2000 DBI::db::selectrow_array
0x2200 DBI::db::tables     
0x0430 DBI::db::quote_identifier
0x0000 DBI::db::clone      
0x0430 DBI::db::quote      
0x2200 DBI::db::type_info  
0xaa00 DBI::db::statistics_info
0x2000 DBI::db::selectrow_arrayref
0x0400 DBI::db::begin_work 
0x2800 DBI::db::last_insert_id
0xaa00 DBI::db::foreign_key_info
0x2200 DBI::db::primary_key
0x0c80 DBI::db::commit     
0x0404 DBI::db::ping       
0x2000 DBI::db::selectall_arrayref
0x2a00 DBI::db::type_info_all
0x3200 DBI::db::do         
0x2000 DBI::db::selectcol_arrayref
0xa200 DBI::db::prepare_cached
0x0004 DBI::db::rows       
0x0c80 DBI::db::rollback   
0xaa00 DBI::db::column_info
0xaa00 DBI::db::table_info 
0xaa00 DBI::db::primary_key_info
0xa200 DBI::db::prepare    
0x0000 DBI::db::preparse   
0x0004 DBI::db::connected  
0x0200 DBI::db::data_sources
0x2000 DBI::db::selectall_hashref
0x2000 DBI::db::selectrow_hashref
0x0000 DBI::dr::default_user
0x0800 DBI::dr::data_sources
0x0004 DBI::dr::dbixs_revision
0x0800 DBI::dr::disconnect_all
0x8000 DBI::dr::connect_cached
0x8000 DBI::dr::connect    
0x0000 DBI::st::more_results
0x0000 DBI::st::blob_read  
0x0000 DBI::st::fetchall_hashref
0x0000 DBI::st::bind_param_inout_array
0x0000 DBI::st::finish     
0x0004 DBI::st::rows       
0x5040 DBI::st::execute_for_fetch
0x0000 DBI::st::fetchrow_hashref
0x0000 DBI::st::_get_fbav  
0x0000 DBI::st::_set_fbav  
0x0000 DBI::st::fetchrow   
0x0000 DBI::st::fetch      
0x5040 DBI::st::execute_array
0x0000 DBI::st::dump_results
0x0000 DBI::st::bind_param_array
0x0000 DBI::st::fetchrow_array
0x1040 DBI::st::execute    
0x0000 DBI::st::bind_col   
0x0000 DBI::st::fetchall_arrayref
0x0000 DBI::st::fetchrow_arrayref
0x0000 DBI::st::bind_param_inout
0x0000 DBI::st::bind_columns
0x0800 DBI::st::cancel     
0x0000 DBI::st::blob_copy_to_file
0x0000 DBI::st::bind_param 
0x0404 DBI::common::parse_trace_flag
0x0004 DBI::common::errstr 
0x0004 DBI::common::trace_msg
0x0004 DBI::common::err    
0x0004 DBI::common::CLEAR  
0x0004 DBI::common::state  
0x0000 DBI::common::_not_impl
0x0004 DBI::common::NEXTKEY
0x0004 DBI::common::trace  
0x0004 DBI::common::debug  
0x0404 DBI::common::parse_trace_flags
0x0000 DBI::common::private_attribute_info
0x0000 DBI::common::swap_inner_handle
0x0004 DBI::common::EXISTS 
0x0404 DBI::common::visit_child_handles
0x0404 DBI::common::FETCH  
0x0004 DBI::common::FIRSTKEY
0x0010 DBI::common::set_err
0x10004 DBI::common::DESTROY
0x0004 DBI::common::dump_handle
0x0404 DBI::common::FETCH_many
0x0100 DBI::common::can    
0x041c DBI::common::STORE  
0x0004 DBI::common::private_data
0x0006 DBI::common::func   

Create TMP_SP_Test_ODBC that conditionally runs SELECT
exec TMP_SP_Test_ODBC that conditionally runs SELECT
Fetched from TMP_SP_Test_ODBC:
DBD::ODBC::st fetchrow_array failed: no select statement currently executing (SQL-HY000) at ./fetch_no_select.pl line 89.
Issuing rollback() due to DESTROY without explicit disconnect() of DBD::ODBC::db handle Database=Test_Perl_DBI;Server=pausql02.lsi.com\dev;Driver=/tools/cfr/tdsodbc/0.91/lib/libtdsodbc.so;TDS_Version=7.2 at ./fetch_no_select.pl line 89.
