tests/30_loops/20_poll/wheel_readline....1..6
ok 1 - plain typing
not ok 2 - backspace

#   Failed test 'backspace'
#   in tests/30_loops/00_base/wheel_readline.pm at line 278.
#          got: 'this is a TESTT'
#     expected: 'This is a TEST'
not ok 3 - forward/backward

#   Failed test 'forward/backward'
#   in tests/30_loops/00_base/wheel_readline.pm at line 278.
#          got: 'one three fifour ve'
#     expected: 'one two three four five'
ok 4 - delete words
ok 5 - case changes
ok 6 - transpose
# Looks like you failed 2 tests of 6.
dubious
	Test returned status 2 (wstat 512, 0x200)
DIED. FAILED tests 2-3
	Failed 2/6 tests, 66.67% okay
Failed Test                             Stat Wstat Total Fail  List of Failed
-------------------------------------------------------------------------------
tests/30_loops/20_poll/wheel_readline.t    2   512     6    2  2-3
Failed 1/1 test scripts. 2/6 subtests failed.
Files=1, Tests=6,  2 wallclock secs ( 0.94 cusr +  0.24 csys =  1.18 CPU)
Failed 1/1 test programs. 2/6 subtests failed.
