cp lib/Devel/NYTProf/js/bg.png blib/lib/Devel/NYTProf/js/bg.png
cp lib/Devel/NYTProf/js/jquery-tablesorter-min.js blib/lib/Devel/NYTProf/js/jquery-tablesorter-min.js
cp lib/Devel/NYTProf/js/jquery-min.js blib/lib/Devel/NYTProf/js/jquery-min.js
cp benchmark.pl blib/lib/Devel/benchmark.pl
cp lib/Devel/NYTProf/js/asc.png blib/lib/Devel/NYTProf/js/asc.png
cp lib/Devel/NYTProf/Data.pm blib/lib/Devel/NYTProf/Data.pm
cp lib/Devel/NYTProf/SubInfo.pm blib/lib/Devel/NYTProf/SubInfo.pm
cp perftest.pl blib/lib/Devel/perftest.pl
cp lib/Devel/NYTProf/js/desc.png blib/lib/Devel/NYTProf/js/desc.png
cp lib/Devel/NYTProf/Reader.pm blib/lib/Devel/NYTProf/Reader.pm
cp lib/Devel/NYTProf/FileInfo.pm blib/lib/Devel/NYTProf/FileInfo.pm
cp lib/Devel/NYTProf/Test.pm blib/lib/Devel/NYTProf/Test.pm
cp lib/Devel/NYTProf.pm blib/lib/Devel/NYTProf.pm
cp lib/Devel/NYTProf/ReadStream.pm blib/lib/Devel/NYTProf/ReadStream.pm
cp lib/Devel/NYTProf/Apache.pm blib/lib/Devel/NYTProf/Apache.pm
cp lib/Devel/NYTProf/Core.pm blib/lib/Devel/NYTProf/Core.pm
cp lib/Devel/NYTProf/Util.pm blib/lib/Devel/NYTProf/Util.pm
cp lib/Devel/NYTProf/Constants.pm blib/lib/Devel/NYTProf/Constants.pm
cp lib/Devel/NYTProf/js/style-tablesorter.css blib/lib/Devel/NYTProf/js/style-tablesorter.css
/usr/bin/perl5.10 /opt/local/lib/perl5/5.10.0/ExtUtils/xsubpp  -typemap /opt/local/lib/perl5/5.10.0/ExtUtils/typemap -typemap typemap  NYTProf.xs > NYTProf.xsc && mv NYTProf.xsc NYTProf.c
cc -c   -I/opt/local/include -fno-common -DPERL_DARWIN -no-cpp-precomp -fno-strict-aliasing -pipe -I/usr/local/include -I/opt/local/include -O3   -DVERSION=\"2.10\" -DXS_VERSION=\"2.10\"  "-I/opt/local/lib/perl5/5.10.0/darwin-2level/CORE"  -DHAS_ZLIB -W -Wall -Wpointer-arith -Wbad-function-cast -Wno-comment -Wno-sign-compare -Wno-cast-qual -Wmissing-noreturn -Wno-unused-parameter NYTProf.c
Running Mkbootstrap for Devel::NYTProf ()
chmod 644 NYTProf.bs
rm -f blib/arch/auto/Devel/NYTProf/NYTProf.bundle
LD_RUN_PATH="/opt/local/lib" env MACOSX_DEPLOYMENT_TARGET=10.3 cc  -L/opt/local/lib -bundle -undefined dynamic_lookup -L/usr/local/lib NYTProf.o  -o blib/arch/auto/Devel/NYTProf/NYTProf.bundle 	\
	   -lz  	\
	  
chmod 755 blib/arch/auto/Devel/NYTProf/NYTProf.bundle
cp NYTProf.bs blib/arch/auto/Devel/NYTProf/NYTProf.bs
chmod 644 blib/arch/auto/Devel/NYTProf/NYTProf.bs
cp blib/arch/auto/Devel/NYTProf/NYTProf.bundle blib/lib/Devel/auto/Devel/NYTProf/NYTProf.bundle
cp bin/nytprofcsv blib/script/nytprofcsv
/usr/bin/perl5.10 "-MExtUtils::MY" -e "MY->fixin(shift)" blib/script/nytprofcsv
cp bin/nytprofhtml blib/script/nytprofhtml
/usr/bin/perl5.10 "-MExtUtils::MY" -e "MY->fixin(shift)" blib/script/nytprofhtml
PERL_DL_NONLAZY=1 /usr/bin/perl5.10 "-MExtUtils::Command::MM" "-e" "test_harness(0, 'blib/lib', 'blib/arch')" t/*.t
# Tests started at Mon Jul 13 00:49:56 2009
# Testing Devel::NYTProf 2.10 on perl 5.010000 darwin-2level
# default compression level is 6
t/00-load.t .......... ok
t/92-file_port.t ..... skipped: Currently a developer-only test
t/31-env.t ........... ok
t/22-readstream.t .... ok
t/80-version.t ....... ok
t/30-util.t .......... ok
Use of uninitialized value in numeric eq (==) at t/50-errno.t line 40.

#   Failed test '$! should not be altered by NYTProf i/o'
#   at t/50-errno.t line 42.
#          got: '2'
#     expected: '9999'
# Looks like you failed 1 test of 6.
t/50-errno.t ......... 
Dubious, test returned 1 (wstat 256, 0x100)
Failed 1/6 subtests 
t/91-pod_coverage.t .. skipped: Currently a developer-only test
Use of uninitialized value $profile_datafile in concatenation (.) or string at t/lib/NYTProfTest.pm line 333.
Option file requires an argument
Error status 256 from /usr/bin/perl5.10 ../blib/script/nytprofcsv --file= --out=test01_outdir!
NYTPROF=compress=0:file=nytprof_t.out:leave=1:savesrc=0:start=init:use_db_sub=0
usage: [perl] nytprofcsv [opts]
 --file <file>, -f <file>  Use the specified file as Devel::NYTProf database
                            file. [default: ./nytprof.out]
 --out <dir>,   -o <dir>   Place generated files here [default: ./nytprof]
 --delete,      -d         Delete the old fprofhtml output [uses --out]
 --help,        -h         Print this message

This script of part of the Devel::NYTProf package by Adam J Kaplan.
Copyright 2008 Adam J Kaplan, http://search.cpan.org/~akaplan, Released under
the same terms as Perl itself.

#   Failed test 'nytprofcsv runs ok'
#   at t/lib/NYTProfTest.pm line 334.
Can't open test01_outdir/test01-p-line.csv: No such file or directory at t/test01.t line 12
# Looks like you planned 97 tests but ran 4.
# Looks like you failed 1 test of 4 run.
# Looks like your test exited with 2 just after 4.
t/test01.t ........... 
Dubious, test returned 2 (wstat 512, 0x200)
Failed 94/97 subtests 
# No filename specified at t/lib/NYTProfTest.pm line 262

#   Failed test 'test05.rdt'
#   at t/lib/NYTProfTest.pm line 265.
Use of uninitialized value $profile_datafile in concatenation (.) or string at t/lib/NYTProfTest.pm line 333.
Option file requires an argument
Error status 256 from /usr/bin/perl5.10 ../blib/script/nytprofcsv --file= --out=test05_outdir!
NYTPROF=compress=0:file=nytprof_t.out:leave=1:savesrc=0:start=init:use_db_sub=0
usage: [perl] nytprofcsv [opts]
 --file <file>, -f <file>  Use the specified file as Devel::NYTProf database
                            file. [default: ./nytprof.out]
 --out <dir>,   -o <dir>   Place generated files here [default: ./nytprof]
 --delete,      -d         Delete the old fprofhtml output [uses --out]
 --help,        -h         Print this message

This script of part of the Devel::NYTProf package by Adam J Kaplan.
Copyright 2008 Adam J Kaplan, http://search.cpan.org/~akaplan, Released under
the same terms as Perl itself.

#   Failed test 'nytprofcsv runs ok'
#   at t/lib/NYTProfTest.pm line 334.
Can't open test05_outdir/test05-p-line.csv: No such file or directory at t/test05.t line 6
# Looks like you planned 81 tests but ran 4.
# Looks like you failed 2 tests of 4 run.
# Looks like your test exited with 2 just after 4.
t/test05.t ........... 
Dubious, test returned 2 (wstat 512, 0x200)
Failed 79/81 subtests 

#   Failed test 'test03.rdt match generated profile data'
#   at t/lib/NYTProfTest.pm line 275.
#     Structures begin differing at:
#          $got->[0] = 'attribute	application	test05.p
#     '
#     $expected->[0] = 'attribute	application	test03.p
#     '
--- test03.rdt	2009-01-19 04:10:44.000000000 -0800
+++ test03.rdt_new	2009-07-13 00:49:57.000000000 -0700
@@ -1,4 +1,4 @@
-attribute	application	test03.p
+attribute	application	test05.p
 attribute	basetime	0
 attribute	clock_id	0
 attribute	nv_size	0
@@ -12,39 +12,46 @@
 attribute	total_stmts_measured	0
 attribute	total_sub_calls	0
 attribute	xs_version	0
-fid_block_time	1	2	[ 0 2 ]
-fid_block_time	1	8	[ 0 2 ]
-fid_block_time	1	12	[ 0 3 ]
-fid_block_time	1	17	[ 0 1 ]
-fid_block_time	1	18	[ 0 1 ]
-fid_fileinfo	1	[ test03.p   1 2 0 0 ]
-fid_fileinfo	1	sub	main::bar	7-9
-fid_fileinfo	1	sub	main::baz	11-15
-fid_fileinfo	1	sub	main::foo	1-5
-fid_fileinfo	1	call	13	main::bar	[ 1 0 0 0 0 0 0 ]
-fid_fileinfo	1	call	14	main::foo	[ 1 0 0 0 0 0 0 ]
-fid_fileinfo	1	call	17	main::bar	[ 1 0 0 0 0 0 0 ]
-fid_fileinfo	1	call	18	main::baz	[ 1 0 0 0 0 0 0 ]
-fid_line_time	1	2	[ 0 1 ]
-fid_line_time	1	3	[ 0 1 ]
-fid_line_time	1	8	[ 0 2 ]
-fid_line_time	1	12	[ 0 1 ]
-fid_line_time	1	13	[ 0 1 ]
-fid_line_time	1	14	[ 0 1 ]
-fid_line_time	1	17	[ 0 1 ]
-fid_line_time	1	18	[ 0 1 ]
-fid_sub_time	1	2	[ 0 2 ]
-fid_sub_time	1	8	[ 0 2 ]
-fid_sub_time	1	12	[ 0 3 ]
-fid_sub_time	1	17	[ 0 1 ]
-fid_sub_time	1	18	[ 0 1 ]
+fid_block_time	1	5	[ 0 2 ]
+fid_block_time	1	9	[ 0 2 ]
+fid_block_time	1	13	[ 0 4 ]
+fid_block_time	1	19	[ 0 2 ]
+fid_block_time	1	22	[ 0 1 ]
+fid_block_time	1	23	[ 0 1 ]
+fid_fileinfo	1	[ test05.p   1 2 0 0 ]
+fid_fileinfo	1	sub	main::bar	12-17
+fid_fileinfo	1	sub	main::foo1	4-7
+fid_fileinfo	1	sub	main::foo2	8-11
+fid_fileinfo	1	sub	main::yeppers	18-20
+fid_fileinfo	1	call	6	main::bar	[ 1 0 0 0 0 0 0 ]
+fid_fileinfo	1	call	10	main::bar	[ 1 0 0 0 0 0 0 ]
+fid_fileinfo	1	call	14	main::yeppers	[ 2 0 0 0 0 0 0 ]
+fid_fileinfo	1	call	22	main::foo1	[ 1 0 0 0 0 0 0 ]
+fid_fileinfo	1	call	23	main::foo2	[ 1 0 0 0 0 0 0 ]
+fid_line_time	1	5	[ 0 1 ]
+fid_line_time	1	6	[ 0 1 ]
+fid_line_time	1	9	[ 0 1 ]
+fid_line_time	1	10	[ 0 1 ]
+fid_line_time	1	13	[ 0 2 ]
+fid_line_time	1	14	[ 0 2 ]
+fid_line_time	1	19	[ 0 2 ]
+fid_line_time	1	22	[ 0 1 ]
+fid_line_time	1	23	[ 0 1 ]
+fid_sub_time	1	5	[ 0 2 ]
+fid_sub_time	1	9	[ 0 2 ]
+fid_sub_time	1	13	[ 0 4 ]
+fid_sub_time	1	19	[ 0 2 ]
+fid_sub_time	1	22	[ 0 1 ]
+fid_sub_time	1	23	[ 0 1 ]
 profile_modes	fid_block_time	block
 profile_modes	fid_line_time	line
 profile_modes	fid_sub_time	sub
-sub_subinfo	main::bar	[ 1 7 9 2 0 0 0 0 ]
-sub_subinfo	main::bar	called_by	1	13	[ 1 0 0 0 0 0 0 ]
-sub_subinfo	main::bar	called_by	1	17	[ 1 0 0 0 0 0 0 ]
-sub_subinfo	main::baz	[ 1 11 15 1 0 0 0 0 ]
-sub_subinfo	main::baz	called_by	1	18	[ 1 0 0 0 0 0 0 ]
-sub_subinfo	main::foo	[ 1 1 5 1 0 0 0 0 ]
-sub_subinfo	main::foo	called_by	1	14	[ 1 0 0 0 0 0 0 ]
+sub_subinfo	main::bar	[ 1 12 17 2 0 0 0 0 ]
+sub_subinfo	main::bar	called_by	1	6	[ 1 0 0 0 0 0 0 ]
+sub_subinfo	main::bar	called_by	1	10	[ 1 0 0 0 0 0 0 ]
+sub_subinfo	main::foo1	[ 1 4 7 1 0 0 0 0 ]
+sub_subinfo	main::foo1	called_by	1	22	[ 1 0 0 0 0 0 0 ]
+sub_subinfo	main::foo2	[ 1 8 11 1 0 0 0 0 ]
+sub_subinfo	main::foo2	called_by	1	23	[ 1 0 0 0 0 0 0 ]
+sub_subinfo	main::yeppers	[ 1 18 20 2 0 0 0 0 ]
+sub_subinfo	main::yeppers	called_by	1	14	[ 2 0 0 0 0 0 0 ]
Can't open test03_outdir/test03-p-line.csv: No such file or directory at t/test03.t line 6
# Looks like you planned 81 tests but ran 4.
# Looks like you failed 1 test of 4 run.
# Looks like your test exited with 2 just after 4.
t/test03.t ........... 
Dubious, test returned 2 (wstat 512, 0x200)
Failed 78/81 subtests 
Can't open test02_outdir/test02-p-line.csv: No such file or directory at t/test02.t line 6
# Looks like you planned 81 tests but ran 4.
# Looks like your test exited with 2 just after 4.
t/test02.t ........... 
Dubious, test returned 2 (wstat 512, 0x200)
Failed 77/81 subtests 
Can't open test06_outdir/test06-p-line.csv: No such file or directory at t/test06.t line 6
# Looks like you planned 81 tests but ran 4.
# Looks like your test exited with 2 just after 4.
t/test06.t ........... 
Dubious, test returned 2 (wstat 512, 0x200)
Failed 77/81 subtests 
Can't open test09_outdir/test09-p-line.csv: No such file or directory at t/test09.t line 6
# Looks like you planned 81 tests but ran 4.
# Looks like your test exited with 2 just after 4.
t/test09.t ........... 
Dubious, test returned 2 (wstat 512, 0x200)
Failed 77/81 subtests 
Use of uninitialized value $profile_datafile in concatenation (.) or string at t/lib/NYTProfTest.pm line 333.
Option file requires an argument
Error status 256 from /usr/bin/perl5.10 ../blib/script/nytprofcsv --file= --out=test07_outdir!
NYTPROF=compress=0:file=nytprof_t.out:leave=1:savesrc=0:start=init:use_db_sub=0
usage: [perl] nytprofcsv [opts]
 --file <file>, -f <file>  Use the specified file as Devel::NYTProf database
                            file. [default: ./nytprof.out]
 --out <dir>,   -o <dir>   Place generated files here [default: ./nytprof]
 --delete,      -d         Delete the old fprofhtml output [uses --out]
 --help,        -h         Print this message

This script of part of the Devel::NYTProf package by Adam J Kaplan.
Copyright 2008 Adam J Kaplan, http://search.cpan.org/~akaplan, Released under
the same terms as Perl itself.

#   Failed test 'nytprofcsv runs ok'
#   at t/lib/NYTProfTest.pm line 334.
Can't open test07_outdir/test07-p-line.csv: No such file or directory at t/test07.t line 6
# Looks like you planned 81 tests but ran 4.
# Looks like you failed 1 test of 4 run.
# Looks like your test exited with 2 just after 4.
t/test07.t ........... 
Dubious, test returned 2 (wstat 512, 0x200)
Failed 78/81 subtests 
t/90-pod.t ........... ok
t/test08.t ........... ok
# No filename specified at t/lib/NYTProfTest.pm line 262

#   Failed test 'test12.rdt'
#   at t/lib/NYTProfTest.pm line 265.
Use of uninitialized value $profile_datafile in concatenation (.) or string at t/lib/NYTProfTest.pm line 333.
Option file requires an argument
Error status 256 from /usr/bin/perl5.10 ../blib/script/nytprofcsv --file= --out=test12_outdir!
NYTPROF=compress=0:file=nytprof_t.out:leave=1:savesrc=0:start=init:use_db_sub=0
usage: [perl] nytprofcsv [opts]
 --file <file>, -f <file>  Use the specified file as Devel::NYTProf database
                            file. [default: ./nytprof.out]
 --out <dir>,   -o <dir>   Place generated files here [default: ./nytprof]
 --delete,      -d         Delete the old fprofhtml output [uses --out]
 --help,        -h         Print this message

This script of part of the Devel::NYTProf package by Adam J Kaplan.
Copyright 2008 Adam J Kaplan, http://search.cpan.org/~akaplan, Released under
the same terms as Perl itself.

#   Failed test 'nytprofcsv runs ok'
#   at t/lib/NYTProfTest.pm line 334.
Can't open test12_outdir/test12-p-line.csv: No such file or directory at t/test12.t line 6
# Looks like you planned 81 tests but ran 4.
# Looks like you failed 2 tests of 4 run.
# Looks like your test exited with 2 just after 4.
t/test12.t ........... 
Dubious, test returned 2 (wstat 512, 0x200)
Failed 79/81 subtests 

#   Failed test 'test14.rdt match generated profile data'
#   at t/lib/NYTProfTest.pm line 275.
#     Structures begin differing at:
#          $got->[0] = 'attribute	application	test11.p
#     '
#     $expected->[0] = 'attribute	application	test14.p
#     '
--- test14.rdt	2009-03-23 04:59:23.000000000 -0700
+++ test14.rdt_new	2009-07-13 00:49:59.000000000 -0700
@@ -1,4 +1,4 @@
-attribute	application	test14.p
+attribute	application	test11.p
 attribute	basetime	0
 attribute	clock_id	0
 attribute	nv_size	0
@@ -12,52 +12,32 @@
 attribute	total_stmts_measured	0
 attribute	total_sub_calls	0
 attribute	xs_version	0
-fid_block_time	1	17	[ 0 1 ]
-fid_block_time	1	18	[ 0 1 ]
-fid_block_time	1	19	[ 0 1 ]
-fid_block_time	2	8	[ 0 1 ]
-fid_block_time	2	13	[ 0 1 ]
-fid_block_time	2	17	0	0
-fid_block_time	2	17	1	2
-fid_block_time	2	17	2	1	[ 0 1 ]
-fid_block_time	2	20	[ 0 1 ]
-fid_fileinfo	1	[ test14.p   1 2 0 0 ]
-fid_fileinfo	1	sub	main::BEGIN	16-16
-fid_fileinfo	1	call	17	test14::pre	[ 1 0 0 0 0 0 0 ]
-fid_fileinfo	1	call	18	AutoLoader::AUTOLOAD	[ 1 0 0 0 0 0 0 ]
-fid_fileinfo	1	call	19	AutoLoader::AUTOLOAD	[ 1 0 0 0 0 0 0 ]
-fid_fileinfo	2	[ test14.pm   2 2 0 0 ]
-fid_fileinfo	2	sub	test14::BEGIN	2-2
-fid_fileinfo	2	sub	test14::bar	16-18
-fid_fileinfo	2	sub	test14::foo	12-14
-fid_fileinfo	2	sub	test14::pre	8-8
-fid_fileinfo	2	eval	17	[ 1 0 ]
-fid_fileinfo	3	[ AutoLoader.pm   3 2 0 0 ]
-fid_fileinfo	4	[ (eval 0)[test14.pm (autosplit into auto/test14/bar.al):17] 2 17 4 2 0 0 ]
-fid_line_time	1	17	[ 0 1 ]
-fid_line_time	1	18	[ 0 1 ]
-fid_line_time	1	19	[ 0 1 ]
-fid_line_time	2	8	[ 0 1 ]
-fid_line_time	2	13	[ 0 1 ]
-fid_line_time	2	17	0	0
-fid_line_time	2	17	1	2
-fid_line_time	2	17	2	1	[ 0 1 ]
-fid_line_time	2	20	[ 0 1 ]
-fid_sub_time	1	17	[ 0 1 ]
-fid_sub_time	1	18	[ 0 1 ]
-fid_sub_time	1	19	[ 0 1 ]
-fid_sub_time	2	8	[ 0 1 ]
-fid_sub_time	2	13	[ 0 1 ]
-fid_sub_time	2	17	0	0
-fid_sub_time	2	17	1	2
-fid_sub_time	2	17	2	1	[ 0 1 ]
-fid_sub_time	2	20	[ 0 1 ]
+fid_block_time	1	3	0	0
+fid_block_time	1	3	1	0
+fid_block_time	1	3	2	1	[ 0 2 ]
+fid_block_time	1	5	[ 0 1 ]
+fid_block_time	1	6	[ 0 1 ]
+fid_fileinfo	1	[ test11.p   1 2 0 0 ]
+fid_fileinfo	1	sub	main::BEGIN	2-4
+fid_fileinfo	1	call	5	main::__ANON__[(eval 0)[test11.p:3]:1]	[ 1 0 0 0 0 0 0 ]
+fid_fileinfo	1	call	6	main::__ANON__[(eval 0)[test11.p:3]:1]	[ 1 0 0 0 0 0 0 ]
+fid_fileinfo	1	eval	3	[ 1 0 ]
+fid_fileinfo	2	[ (eval 0)[test11.p:3] 1 3 2 2 0 0 ]
+fid_fileinfo	2	sub	main::__ANON__[(eval 0)[test11.p:3]:1]	1-1
+fid_line_time	1	3	0	0
+fid_line_time	1	3	1	0
+fid_line_time	1	3	2	1	[ 0 2 ]
+fid_line_time	1	5	[ 0 1 ]
+fid_line_time	1	6	[ 0 1 ]
+fid_sub_time	1	3	0	0
+fid_sub_time	1	3	1	0
+fid_sub_time	1	3	2	1	[ 0 2 ]
+fid_sub_time	1	5	[ 0 1 ]
+fid_sub_time	1	6	[ 0 1 ]
 profile_modes	fid_block_time	block
 profile_modes	fid_line_time	line
 profile_modes	fid_sub_time	sub
-sub_subinfo	main::BEGIN	[ 1 16 16 0 0 0 0 0 ]
-sub_subinfo	test14::BEGIN	[ 2 2 2 0 0 0 0 0 ]
-sub_subinfo	test14::bar	[ 2 16 18 0 0 0 0 0 ]
-sub_subinfo	test14::foo	[ 2 12 14 0 0 0 0 0 ]
-sub_subinfo	test14::pre	[ 2 8 8 1 0 0 0 0 ]
-sub_subinfo	test14::pre	called_by	1	17	[ 1 0 0 0 0 0 0 ]
+sub_subinfo	main::BEGIN	[ 1 2 4 0 0 0 0 0 ]
+sub_subinfo	main::__ANON__[(eval 0)[test11.p:3]:1]	[ 2 1 1 2 0 0 0 0 ]
+sub_subinfo	main::__ANON__[(eval 0)[test11.p:3]:1]	called_by	1	5	[ 1 0 0 0 0 0 0 ]
+sub_subinfo	main::__ANON__[(eval 0)[test11.p:3]:1]	called_by	1	6	[ 1 0 0 0 0 0 0 ]
profile data possibly truncated, no terminator for 1 pids at ../blib/lib/Devel/NYTProf/Data.pm line 78.
Profile report data contains no files at ../blib/script/nytprofcsv line 107
Can't open test14_outdir/test14-p-line.csv: No such file or directory at t/test14.t line 6
# Looks like you planned 81 tests but ran 4.
# Looks like you failed 1 test of 4 run.
# Looks like your test exited with 2 just after 4.
t/test14.t ........... 
Dubious, test returned 2 (wstat 512, 0x200)
Failed 78/81 subtests 

#   Failed test 'test10.rdt match generated profile data'
#   at t/lib/NYTProfTest.pm line 275.
#     Structures begin differing at:
#          $got->[0] = 'attribute	application	test22-strevala.p
#     '
#     $expected->[0] = 'attribute	application	test10.p
#     '
--- test10.rdt	2009-01-19 04:10:44.000000000 -0800
+++ test10.rdt_new	2009-07-13 00:50:01.000000000 -0700
@@ -1,4 +1,4 @@
-attribute	application	test10.p
+attribute	application	test22-strevala.p
 attribute	basetime	0
 attribute	clock_id	0
 attribute	nv_size	0
@@ -12,28 +12,70 @@
 attribute	total_stmts_measured	0
 attribute	total_sub_calls	0
 attribute	xs_version	0
-fid_block_time	1	1	0	0
-fid_block_time	1	1	1	1
-fid_block_time	1	1	2	1	[ 0 1 ]
-fid_block_time	1	1	2	2	[ 0 1 ]
-fid_block_time	1	2	[ 0 1 ]
-fid_fileinfo	1	[ test10.p   1 2 0 0 ]
-fid_fileinfo	1	call	2	main::__ANON__[(eval 0)[test10.p:1]:1]	[ 1 0 0 0 0 0 0 ]
-fid_fileinfo	1	eval	1	[ 1 0 ]
-fid_fileinfo	2	[ (eval 0)[test10.p:1] 1 1 2 2 0 0 ]
-fid_fileinfo	2	sub	main::__ANON__[(eval 0)[test10.p:1]:1]	1-1
-fid_line_time	1	1	0	0
-fid_line_time	1	1	1	1
-fid_line_time	1	1	2	1	[ 0 1 ]
-fid_line_time	1	1	2	2	[ 0 1 ]
-fid_line_time	1	2	[ 0 1 ]
-fid_sub_time	1	1	0	0
-fid_sub_time	1	1	1	1
-fid_sub_time	1	1	2	1	[ 0 1 ]
-fid_sub_time	1	1	2	2	[ 0 1 ]
-fid_sub_time	1	2	[ 0 1 ]
+fid_block_time	1	3	[ 0 1 ]
+fid_block_time	1	6	0	0
+fid_block_time	1	6	1	1
+fid_block_time	1	6	2	1	[ 0 1 ]
+fid_block_time	1	6	2	2	[ 0 1 ]
+fid_block_time	1	9	0	0
+fid_block_time	1	9	1	2
+fid_block_time	1	9	2	1	[ 0 2 ]
+fid_block_time	1	9	2	2	[ 0 2 ]
+fid_block_time	1	12	0	0
+fid_block_time	1	12	1	1
+fid_block_time	1	12	2	1	[ 0 2 ]
+fid_block_time	1	12	2	2	[ 0 4 ]
+fid_fileinfo	1	[ test22-strevala.p   1 2 0 0 ]
+fid_fileinfo	1	call	6	main::__ANON__[(eval 0)[test22-strevala.p:6]:1]	[ 1 0 0 0 0 0 0 ]
+fid_fileinfo	1	call	9	main::__ANON__[(eval 0)[test22-strevala.p:9]:1]	[ 2 0 0 0 0 0 0 ]
+fid_fileinfo	1	eval	6	[ 1 0 ]
+fid_fileinfo	1	eval	9	[ 2 0 ]
+fid_fileinfo	1	eval	12	[ 1 2 ]
+fid_fileinfo	2	[ (eval 0)[test22-strevala.p:6] 1 6 2 2 0 0 ]
+fid_fileinfo	2	sub	main::__ANON__[(eval 0)[test22-strevala.p:6]:1]	1-1
+fid_fileinfo	3	[ (eval 0)[test22-strevala.p:9] 1 9 3 2 0 0 ]
+fid_fileinfo	3	sub	main::__ANON__[(eval 0)[test22-strevala.p:9]:1]	1-1
+fid_fileinfo	4	[ (eval 0)[test22-strevala.p:9] 1 9 4 2 0 0 ]
+fid_fileinfo	4	sub	main::__ANON__[(eval 0)[test22-strevala.p:9]:1]	1-1
+fid_fileinfo	5	[ (eval 0)[test22-strevala.p:12] 1 12 5 2 0 0 ]
+fid_fileinfo	5	call	2	main::__ANON__[(eval 0)[(eval 0)[test22-strevala.p:12]:2]:1]	[ 2 0 0 0 0 0 0 ]
+fid_fileinfo	5	eval	2	[ 2 0 ]
+fid_fileinfo	6	[ (eval 0)[(eval 0)[test22-strevala.p:12]:2] 5 2 6 2 0 0 ]
+fid_fileinfo	6	sub	main::__ANON__[(eval 0)[(eval 0)[test22-strevala.p:12]:2]:1]	1-1
+fid_fileinfo	7	[ (eval 0)[(eval 0)[test22-strevala.p:12]:2] 5 2 7 2 0 0 ]
+fid_fileinfo	7	sub	main::__ANON__[(eval 0)[(eval 0)[test22-strevala.p:12]:2]:1]	1-1
+fid_line_time	1	3	[ 0 1 ]
+fid_line_time	1	6	0	0
+fid_line_time	1	6	1	1
+fid_line_time	1	6	2	1	[ 0 1 ]
+fid_line_time	1	6	2	2	[ 0 1 ]
+fid_line_time	1	9	0	0
+fid_line_time	1	9	1	2
+fid_line_time	1	9	2	1	[ 0 2 ]
+fid_line_time	1	9	2	2	[ 0 2 ]
+fid_line_time	1	12	0	0
+fid_line_time	1	12	1	1
+fid_line_time	1	12	2	1	[ 0 2 ]
+fid_line_time	1	12	2	2	[ 0 4 ]
+fid_sub_time	1	3	[ 0 1 ]
+fid_sub_time	1	6	0	0
+fid_sub_time	1	6	1	1
+fid_sub_time	1	6	2	1	[ 0 1 ]
+fid_sub_time	1	6	2	2	[ 0 1 ]
+fid_sub_time	1	9	0	0
+fid_sub_time	1	9	1	2
+fid_sub_time	1	9	2	1	[ 0 2 ]
+fid_sub_time	1	9	2	2	[ 0 2 ]
+fid_sub_time	1	12	0	0
+fid_sub_time	1	12	1	1
+fid_sub_time	1	12	2	1	[ 0 2 ]
+fid_sub_time	1	12	2	2	[ 0 4 ]
 profile_modes	fid_block_time	block
 profile_modes	fid_line_time	line
 profile_modes	fid_sub_time	sub
-sub_subinfo	main::__ANON__[(eval 0)[test10.p:1]:1]	[ 2 1 1 1 0 0 0 0 ]
-sub_subinfo	main::__ANON__[(eval 0)[test10.p:1]:1]	called_by	1	2	[ 1 0 0 0 0 0 0 ]
+sub_subinfo	main::__ANON__[(eval 0)[(eval 0)[test22-strevala.p:12]:2]:1]	[ 6 1 1 2 0 0 0 0 ]
+sub_subinfo	main::__ANON__[(eval 0)[(eval 0)[test22-strevala.p:12]:2]:1]	called_by	5	2	[ 2 0 0 0 0 0 0 ]
+sub_subinfo	main::__ANON__[(eval 0)[test22-strevala.p:6]:1]	[ 2 1 1 1 0 0 0 0 ]
+sub_subinfo	main::__ANON__[(eval 0)[test22-strevala.p:6]:1]	called_by	1	6	[ 1 0 0 0 0 0 0 ]
+sub_subinfo	main::__ANON__[(eval 0)[test22-strevala.p:9]:1]	[ 3 1 1 2 0 0 0 0 ]
+sub_subinfo	main::__ANON__[(eval 0)[test22-strevala.p:9]:1]	called_by	1	9	[ 2 0 0 0 0 0 0 ]
Can't open test10_outdir/test10-p-line.csv: No such file or directory at t/test10.t line 6
# Looks like you planned 81 tests but ran 4.
# Looks like you failed 1 test of 4 run.
# Looks like your test exited with 2 just after 4.
t/test10.t ........... 
Dubious, test returned 2 (wstat 512, 0x200)
Failed 78/81 subtests 
Can't open test11_outdir/test11-p-line.csv: No such file or directory at t/test11.t line 6
# Looks like you planned 81 tests but ran 4.
# Looks like your test exited with 2 just after 4.
t/test11.t ........... 
Dubious, test returned 2 (wstat 512, 0x200)
Failed 77/81 subtests 

#   Failed test 'test13.rdt match generated profile data'
#   at t/lib/NYTProfTest.pm line 275.
#     Structures begin differing at:
#          $got->[0] = 'attribute	application	test11.p
#     '
#     $expected->[0] = 'attribute	application	test13.p
#     '
--- test13.rdt	2009-01-19 04:10:44.000000000 -0800
+++ test13.rdt_new	2009-07-13 00:49:59.000000000 -0700
@@ -1,4 +1,4 @@
-attribute	application	test13.p
+attribute	application	test11.p
 attribute	basetime	0
 attribute	clock_id	0
 attribute	nv_size	0
@@ -12,54 +12,32 @@
 attribute	total_stmts_measured	0
 attribute	total_sub_calls	0
 attribute	xs_version	0
-fid_block_time	1	4	[ 0 3 ]
-fid_block_time	1	8	[ 0 1 ]
-fid_block_time	1	12	[ 0 3 ]
-fid_block_time	1	13	[ 0 2 ]
-fid_block_time	1	15	[ 0 1 ]
-fid_block_time	1	19	0	0
-fid_block_time	1	19	1	1
-fid_block_time	1	19	2	1	[ 0 1 ]
-fid_block_time	1	20	[ 0 2 ]
-fid_block_time	1	21	[ 0 1 ]
-fid_fileinfo	1	[ test13.p   1 2 0 0 ]
-fid_fileinfo	1	sub	main::bar	7-9
-fid_fileinfo	1	sub	main::baz	11-17
-fid_fileinfo	1	sub	main::foo	3-5
-fid_fileinfo	1	call	13	main::foo	[ 1 0 0 0 0 0 0 ]
-fid_fileinfo	1	call	14	main::foo	[ 1 0 0 0 0 0 0 ]
-fid_fileinfo	1	call	20	main::bar	[ 1 0 0 0 0 0 0 ]
-fid_fileinfo	1	call	21	main::baz	[ 1 0 0 0 0 0 0 ]
-fid_fileinfo	1	eval	19	[ 1 0 ]
-fid_fileinfo	2	[ (eval 0)[test13.p:19] 1 19 2 2 0 0 ]
-fid_fileinfo	2	call	1	main::foo	[ 1 0 0 0 0 0 0 ]
-fid_line_time	1	4	[ 0 3 ]
-fid_line_time	1	8	[ 0 1 ]
-fid_line_time	1	12	[ 0 1 ]
-fid_line_time	1	13	[ 0 2 ]
-fid_line_time	1	14	[ 0 1 ]
-fid_line_time	1	15	[ 0 2 ]
-fid_line_time	1	19	0	0
-fid_line_time	1	19	1	1
-fid_line_time	1	19	2	1	[ 0 1 ]
-fid_line_time	1	20	[ 0 2 ]
-fid_line_time	1	21	[ 0 1 ]
-fid_sub_time	1	4	[ 0 3 ]
-fid_sub_time	1	8	[ 0 1 ]
-fid_sub_time	1	12	[ 0 6 ]
-fid_sub_time	1	19	0	0
-fid_sub_time	1	19	1	1
-fid_sub_time	1	19	2	1	[ 0 1 ]
-fid_sub_time	1	20	[ 0 2 ]
-fid_sub_time	1	21	[ 0 1 ]
+fid_block_time	1	3	0	0
+fid_block_time	1	3	1	0
+fid_block_time	1	3	2	1	[ 0 2 ]
+fid_block_time	1	5	[ 0 1 ]
+fid_block_time	1	6	[ 0 1 ]
+fid_fileinfo	1	[ test11.p   1 2 0 0 ]
+fid_fileinfo	1	sub	main::BEGIN	2-4
+fid_fileinfo	1	call	5	main::__ANON__[(eval 0)[test11.p:3]:1]	[ 1 0 0 0 0 0 0 ]
+fid_fileinfo	1	call	6	main::__ANON__[(eval 0)[test11.p:3]:1]	[ 1 0 0 0 0 0 0 ]
+fid_fileinfo	1	eval	3	[ 1 0 ]
+fid_fileinfo	2	[ (eval 0)[test11.p:3] 1 3 2 2 0 0 ]
+fid_fileinfo	2	sub	main::__ANON__[(eval 0)[test11.p:3]:1]	1-1
+fid_line_time	1	3	0	0
+fid_line_time	1	3	1	0
+fid_line_time	1	3	2	1	[ 0 2 ]
+fid_line_time	1	5	[ 0 1 ]
+fid_line_time	1	6	[ 0 1 ]
+fid_sub_time	1	3	0	0
+fid_sub_time	1	3	1	0
+fid_sub_time	1	3	2	1	[ 0 2 ]
+fid_sub_time	1	5	[ 0 1 ]
+fid_sub_time	1	6	[ 0 1 ]
 profile_modes	fid_block_time	block
 profile_modes	fid_line_time	line
 profile_modes	fid_sub_time	sub
-sub_subinfo	main::bar	[ 1 7 9 1 0 0 0 0 ]
-sub_subinfo	main::bar	called_by	1	20	[ 1 0 0 0 0 0 0 ]
-sub_subinfo	main::baz	[ 1 11 17 1 0 0 0 0 ]
-sub_subinfo	main::baz	called_by	1	21	[ 1 0 0 0 0 0 0 ]
-sub_subinfo	main::foo	[ 1 3 5 3 0 0 0 0 ]
-sub_subinfo	main::foo	called_by	1	13	[ 1 0 0 0 0 0 0 ]
-sub_subinfo	main::foo	called_by	1	14	[ 1 0 0 0 0 0 0 ]
-sub_subinfo	main::foo	called_by	2	1	[ 1 0 0 0 0 0 0 ]
+sub_subinfo	main::BEGIN	[ 1 2 4 0 0 0 0 0 ]
+sub_subinfo	main::__ANON__[(eval 0)[test11.p:3]:1]	[ 2 1 1 2 0 0 0 0 ]
+sub_subinfo	main::__ANON__[(eval 0)[test11.p:3]:1]	called_by	1	5	[ 1 0 0 0 0 0 0 ]
+sub_subinfo	main::__ANON__[(eval 0)[test11.p:3]:1]	called_by	1	6	[ 1 0 0 0 0 0 0 ]
profile data possibly truncated, no terminator for 1 pids at ../blib/lib/Devel/NYTProf/Data.pm line 78.
Profile report data contains no files at ../blib/script/nytprofcsv line 107
Can't open test13_outdir/test13-p-line.csv: No such file or directory at t/test13.t line 6
# Looks like you planned 81 tests but ran 4.
# Looks like you failed 1 test of 4 run.
# Looks like your test exited with 2 just after 4.
t/test13.t ........... 
Dubious, test returned 2 (wstat 512, 0x200)
Failed 78/81 subtests 

#   Failed test 'test21-streval3.rdt match generated profile data'
#   at t/lib/NYTProfTest.pm line 275.
#     Structures begin differing at:
#          $got->[0] = 'attribute	application	test22-strevala.p
#     '
#     $expected->[0] = 'attribute	application	test21-streval3.p
#     '
--- test21-streval3.rdt	2009-01-19 04:10:44.000000000 -0800
+++ test21-streval3.rdt_new	2009-07-13 00:50:00.000000000 -0700
@@ -1,4 +1,4 @@
-attribute	application	test21-streval3.p
+attribute	application	test22-strevala.p
 attribute	basetime	0
 attribute	clock_id	0
 attribute	nv_size	0
@@ -12,42 +12,70 @@
 attribute	total_stmts_measured	0
 attribute	total_sub_calls	0
 attribute	xs_version	0
-fid_block_time	1	4	[ 0 3 ]
-fid_block_time	1	5	[ 0 1 ]
-fid_block_time	1	17	0	0
-fid_block_time	1	17	1	1
-fid_block_time	1	17	2	2	[ 0 3 ]
-fid_block_time	1	17	2	3	[ 0 3 ]
-fid_block_time	1	17	2	4	[ 0 2 ]
-fid_fileinfo	1	[ test21-streval3.p   1 2 0 0 ]
-fid_fileinfo	1	sub	main::foo	4-4
-fid_fileinfo	1	eval	17	[ 1 2 ]
-fid_fileinfo	2	[ (eval 0)[test21-streval3.p:17] 1 17 2 2 0 0 ]
-fid_fileinfo	2	call	3	main::foo	[ 1 0 0 0 0 0 0 ]
-fid_fileinfo	2	eval	4	[ 1 1 ]
-fid_fileinfo	3	[ (eval 0)[(eval 0)[test21-streval3.p:17]:4] 2 4 3 2 0 0 ]
-fid_fileinfo	3	call	3	main::foo	[ 1 0 0 0 0 0 0 ]
-fid_fileinfo	3	eval	4	[ 1 0 ]
-fid_fileinfo	4	[ (eval 0)[(eval 0)[(eval 0)[test21-streval3.p:17]:4]:4] 3 4 4 2 0 0 ]
-fid_fileinfo	4	call	3	main::foo	[ 1 0 0 0 0 0 0 ]
-fid_line_time	1	4	[ 0 3 ]
-fid_line_time	1	5	[ 0 1 ]
-fid_line_time	1	17	0	0
-fid_line_time	1	17	1	1
-fid_line_time	1	17	2	2	[ 0 3 ]
-fid_line_time	1	17	2	3	[ 0 3 ]
-fid_line_time	1	17	2	4	[ 0 2 ]
-fid_sub_time	1	4	[ 0 3 ]
-fid_sub_time	1	5	[ 0 1 ]
-fid_sub_time	1	17	0	0
-fid_sub_time	1	17	1	1
-fid_sub_time	1	17	2	2	[ 0 3 ]
-fid_sub_time	1	17	2	3	[ 0 3 ]
-fid_sub_time	1	17	2	4	[ 0 2 ]
+fid_block_time	1	3	[ 0 1 ]
+fid_block_time	1	6	0	0
+fid_block_time	1	6	1	1
+fid_block_time	1	6	2	1	[ 0 1 ]
+fid_block_time	1	6	2	2	[ 0 1 ]
+fid_block_time	1	9	0	0
+fid_block_time	1	9	1	2
+fid_block_time	1	9	2	1	[ 0 2 ]
+fid_block_time	1	9	2	2	[ 0 2 ]
+fid_block_time	1	12	0	0
+fid_block_time	1	12	1	1
+fid_block_time	1	12	2	1	[ 0 2 ]
+fid_block_time	1	12	2	2	[ 0 4 ]
+fid_fileinfo	1	[ test22-strevala.p   1 2 0 0 ]
+fid_fileinfo	1	call	6	main::__ANON__[(eval 0)[test22-strevala.p:6]:1]	[ 1 0 0 0 0 0 0 ]
+fid_fileinfo	1	call	9	main::__ANON__[(eval 0)[test22-strevala.p:9]:1]	[ 2 0 0 0 0 0 0 ]
+fid_fileinfo	1	eval	6	[ 1 0 ]
+fid_fileinfo	1	eval	9	[ 2 0 ]
+fid_fileinfo	1	eval	12	[ 1 2 ]
+fid_fileinfo	2	[ (eval 0)[test22-strevala.p:6] 1 6 2 2 0 0 ]
+fid_fileinfo	2	sub	main::__ANON__[(eval 0)[test22-strevala.p:6]:1]	1-1
+fid_fileinfo	3	[ (eval 0)[test22-strevala.p:9] 1 9 3 2 0 0 ]
+fid_fileinfo	3	sub	main::__ANON__[(eval 0)[test22-strevala.p:9]:1]	1-1
+fid_fileinfo	4	[ (eval 0)[test22-strevala.p:9] 1 9 4 2 0 0 ]
+fid_fileinfo	4	sub	main::__ANON__[(eval 0)[test22-strevala.p:9]:1]	1-1
+fid_fileinfo	5	[ (eval 0)[test22-strevala.p:12] 1 12 5 2 0 0 ]
+fid_fileinfo	5	call	2	main::__ANON__[(eval 0)[(eval 0)[test22-strevala.p:12]:2]:1]	[ 2 0 0 0 0 0 0 ]
+fid_fileinfo	5	eval	2	[ 2 0 ]
+fid_fileinfo	6	[ (eval 0)[(eval 0)[test22-strevala.p:12]:2] 5 2 6 2 0 0 ]
+fid_fileinfo	6	sub	main::__ANON__[(eval 0)[(eval 0)[test22-strevala.p:12]:2]:1]	1-1
+fid_fileinfo	7	[ (eval 0)[(eval 0)[test22-strevala.p:12]:2] 5 2 7 2 0 0 ]
+fid_fileinfo	7	sub	main::__ANON__[(eval 0)[(eval 0)[test22-strevala.p:12]:2]:1]	1-1
+fid_line_time	1	3	[ 0 1 ]
+fid_line_time	1	6	0	0
+fid_line_time	1	6	1	1
+fid_line_time	1	6	2	1	[ 0 1 ]
+fid_line_time	1	6	2	2	[ 0 1 ]
+fid_line_time	1	9	0	0
+fid_line_time	1	9	1	2
+fid_line_time	1	9	2	1	[ 0 2 ]
+fid_line_time	1	9	2	2	[ 0 2 ]
+fid_line_time	1	12	0	0
+fid_line_time	1	12	1	1
+fid_line_time	1	12	2	1	[ 0 2 ]
+fid_line_time	1	12	2	2	[ 0 4 ]
+fid_sub_time	1	3	[ 0 1 ]
+fid_sub_time	1	6	0	0
+fid_sub_time	1	6	1	1
+fid_sub_time	1	6	2	1	[ 0 1 ]
+fid_sub_time	1	6	2	2	[ 0 1 ]
+fid_sub_time	1	9	0	0
+fid_sub_time	1	9	1	2
+fid_sub_time	1	9	2	1	[ 0 2 ]
+fid_sub_time	1	9	2	2	[ 0 2 ]
+fid_sub_time	1	12	0	0
+fid_sub_time	1	12	1	1
+fid_sub_time	1	12	2	1	[ 0 2 ]
+fid_sub_time	1	12	2	2	[ 0 4 ]
 profile_modes	fid_block_time	block
 profile_modes	fid_line_time	line
 profile_modes	fid_sub_time	sub
-sub_subinfo	main::foo	[ 1 4 4 3 0 0 0 0 ]
-sub_subinfo	main::foo	called_by	2	3	[ 1 0 0 0 0 0 0 ]
-sub_subinfo	main::foo	called_by	3	3	[ 1 0 0 0 0 0 0 ]
-sub_subinfo	main::foo	called_by	4	3	[ 1 0 0 0 0 0 0 ]
+sub_subinfo	main::__ANON__[(eval 0)[(eval 0)[test22-strevala.p:12]:2]:1]	[ 6 1 1 2 0 0 0 0 ]
+sub_subinfo	main::__ANON__[(eval 0)[(eval 0)[test22-strevala.p:12]:2]:1]	called_by	5	2	[ 2 0 0 0 0 0 0 ]
+sub_subinfo	main::__ANON__[(eval 0)[test22-strevala.p:6]:1]	[ 2 1 1 1 0 0 0 0 ]
+sub_subinfo	main::__ANON__[(eval 0)[test22-strevala.p:6]:1]	called_by	1	6	[ 1 0 0 0 0 0 0 ]
+sub_subinfo	main::__ANON__[(eval 0)[test22-strevala.p:9]:1]	[ 3 1 1 2 0 0 0 0 ]
+sub_subinfo	main::__ANON__[(eval 0)[test22-strevala.p:9]:1]	called_by	1	9	[ 2 0 0 0 0 0 0 ]
Can't open test21-streval3_outdir/test21-streval3-p-line.csv: No such file or directory at t/test21-streval3.t line 6
# Looks like you planned 81 tests but ran 4.
# Looks like you failed 1 test of 4 run.
# Looks like your test exited with 2 just after 4.
t/test21-streval3.t .. 
Dubious, test returned 2 (wstat 512, 0x200)
Failed 78/81 subtests 
Can't open test16_outdir/test16-p-line.csv: No such file or directory at t/test16.t line 8
# Looks like you planned 81 tests but ran 4.
# Looks like your test exited with 2 just after 4.
t/test16.t ........... 
Dubious, test returned 2 (wstat 512, 0x200)
Failed 77/81 subtests 
Use of uninitialized value $profile_datafile in concatenation (.) or string at t/lib/NYTProfTest.pm line 333.
Option file requires an argument
Error status 256 from /usr/bin/perl5.10 ../blib/script/nytprofcsv --file= --out=test20-streval_outdir!
NYTPROF=compress=0:file=nytprof_t.out:leave=1:savesrc=0:start=init:use_db_sub=0
usage: [perl] nytprofcsv [opts]
 --file <file>, -f <file>  Use the specified file as Devel::NYTProf database
                            file. [default: ./nytprof.out]
 --out <dir>,   -o <dir>   Place generated files here [default: ./nytprof]
 --delete,      -d         Delete the old fprofhtml output [uses --out]
 --help,        -h         Print this message

This script of part of the Devel::NYTProf package by Adam J Kaplan.
Copyright 2008 Adam J Kaplan, http://search.cpan.org/~akaplan, Released under
the same terms as Perl itself.

#   Failed test 'nytprofcsv runs ok'
#   at t/lib/NYTProfTest.pm line 334.
Can't open test20-streval_outdir/test20-streval-p-line.csv: No such file or directory at t/test20-streval.t line 6
# Looks like you planned 81 tests but ran 4.
# Looks like you failed 1 test of 4 run.
# Looks like your test exited with 2 just after 4.
t/test20-streval.t ... 
Dubious, test returned 2 (wstat 512, 0x200)
Failed 78/81 subtests 
profile data possibly truncated, no terminator for 1 pids at /Users/leto/Downloads/Devel-NYTProf-2.10/blib/lib/Devel/NYTProf/Data.pm line 78.

#   Failed test 'test22-strevala.rdt match generated profile data'
#   at t/lib/NYTProfTest.pm line 275.
#     Structures begin differing at:
#          $got->[0] = 'attribute	application	test21-streval3.p
#     '
#     $expected->[0] = 'attribute	application	test22-strevala.p
#     '
--- test22-strevala.rdt	2009-01-20 04:05:41.000000000 -0800
+++ test22-strevala.rdt_new	2009-07-13 00:50:00.000000000 -0700
@@ -1,4 +1,4 @@
-attribute	application	test22-strevala.p
+attribute	application	test21-streval3.p
 attribute	basetime	0
 attribute	clock_id	0
 attribute	nv_size	0
@@ -12,70 +12,6 @@
 attribute	total_stmts_measured	0
 attribute	total_sub_calls	0
 attribute	xs_version	0
-fid_block_time	1	3	[ 0 1 ]
-fid_block_time	1	6	0	0
-fid_block_time	1	6	1	1
-fid_block_time	1	6	2	1	[ 0 1 ]
-fid_block_time	1	6	2	2	[ 0 1 ]
-fid_block_time	1	9	0	0
-fid_block_time	1	9	1	2
-fid_block_time	1	9	2	1	[ 0 2 ]
-fid_block_time	1	9	2	2	[ 0 2 ]
-fid_block_time	1	12	0	0
-fid_block_time	1	12	1	1
-fid_block_time	1	12	2	1	[ 0 2 ]
-fid_block_time	1	12	2	2	[ 0 4 ]
-fid_fileinfo	1	[ test22-strevala.p   1 2 0 0 ]
-fid_fileinfo	1	call	6	main::__ANON__[(eval 0)[test22-strevala.p:6]:1]	[ 1 0 0 0 0 0 0 ]
-fid_fileinfo	1	call	9	main::__ANON__[(eval 0)[test22-strevala.p:9]:1]	[ 2 0 0 0 0 0 0 ]
-fid_fileinfo	1	eval	6	[ 1 0 ]
-fid_fileinfo	1	eval	9	[ 2 0 ]
-fid_fileinfo	1	eval	12	[ 1 2 ]
-fid_fileinfo	2	[ (eval 0)[test22-strevala.p:6] 1 6 2 2 0 0 ]
-fid_fileinfo	2	sub	main::__ANON__[(eval 0)[test22-strevala.p:6]:1]	1-1
-fid_fileinfo	3	[ (eval 0)[test22-strevala.p:9] 1 9 3 2 0 0 ]
-fid_fileinfo	3	sub	main::__ANON__[(eval 0)[test22-strevala.p:9]:1]	1-1
-fid_fileinfo	4	[ (eval 0)[test22-strevala.p:9] 1 9 4 2 0 0 ]
-fid_fileinfo	4	sub	main::__ANON__[(eval 0)[test22-strevala.p:9]:1]	1-1
-fid_fileinfo	5	[ (eval 0)[test22-strevala.p:12] 1 12 5 2 0 0 ]
-fid_fileinfo	5	call	2	main::__ANON__[(eval 0)[(eval 0)[test22-strevala.p:12]:2]:1]	[ 2 0 0 0 0 0 0 ]
-fid_fileinfo	5	eval	2	[ 2 0 ]
-fid_fileinfo	6	[ (eval 0)[(eval 0)[test22-strevala.p:12]:2] 5 2 6 2 0 0 ]
-fid_fileinfo	6	sub	main::__ANON__[(eval 0)[(eval 0)[test22-strevala.p:12]:2]:1]	1-1
-fid_fileinfo	7	[ (eval 0)[(eval 0)[test22-strevala.p:12]:2] 5 2 7 2 0 0 ]
-fid_fileinfo	7	sub	main::__ANON__[(eval 0)[(eval 0)[test22-strevala.p:12]:2]:1]	1-1
-fid_line_time	1	3	[ 0 1 ]
-fid_line_time	1	6	0	0
-fid_line_time	1	6	1	1
-fid_line_time	1	6	2	1	[ 0 1 ]
-fid_line_time	1	6	2	2	[ 0 1 ]
-fid_line_time	1	9	0	0
-fid_line_time	1	9	1	2
-fid_line_time	1	9	2	1	[ 0 2 ]
-fid_line_time	1	9	2	2	[ 0 2 ]
-fid_line_time	1	12	0	0
-fid_line_time	1	12	1	1
-fid_line_time	1	12	2	1	[ 0 2 ]
-fid_line_time	1	12	2	2	[ 0 4 ]
-fid_sub_time	1	3	[ 0 1 ]
-fid_sub_time	1	6	0	0
-fid_sub_time	1	6	1	1
-fid_sub_time	1	6	2	1	[ 0 1 ]
-fid_sub_time	1	6	2	2	[ 0 1 ]
-fid_sub_time	1	9	0	0
-fid_sub_time	1	9	1	2
-fid_sub_time	1	9	2	1	[ 0 2 ]
-fid_sub_time	1	9	2	2	[ 0 2 ]
-fid_sub_time	1	12	0	0
-fid_sub_time	1	12	1	1
-fid_sub_time	1	12	2	1	[ 0 2 ]
-fid_sub_time	1	12	2	2	[ 0 4 ]
-profile_modes	fid_block_time	block
+fid_fileinfo	[  ]
+fid_line_time	[  ]
 profile_modes	fid_line_time	line
-profile_modes	fid_sub_time	sub
-sub_subinfo	main::__ANON__[(eval 0)[(eval 0)[test22-strevala.p:12]:2]:1]	[ 6 1 1 2 0 0 0 0 ]
-sub_subinfo	main::__ANON__[(eval 0)[(eval 0)[test22-strevala.p:12]:2]:1]	called_by	5	2	[ 2 0 0 0 0 0 0 ]
-sub_subinfo	main::__ANON__[(eval 0)[test22-strevala.p:6]:1]	[ 2 1 1 1 0 0 0 0 ]
-sub_subinfo	main::__ANON__[(eval 0)[test22-strevala.p:6]:1]	called_by	1	6	[ 1 0 0 0 0 0 0 ]
-sub_subinfo	main::__ANON__[(eval 0)[test22-strevala.p:9]:1]	[ 3 1 1 2 0 0 0 0 ]
-sub_subinfo	main::__ANON__[(eval 0)[test22-strevala.p:9]:1]	called_by	1	9	[ 2 0 0 0 0 0 0 ]
# Test failures of test22-strevala related to settings:
#        compress: 0 => {fail 1,pass 7}, 1 => {pass 8}
#           leave: 0 => {pass 8}, 1 => {fail 1,pass 7}
#         savesrc: 0 => {fail 1,pass 7}, 1 => {pass 8}
#      use_db_sub: 0 => {fail 1,pass 7}, 1 => {pass 8}
# Looks like you failed 1 test of 33.
t/test22-strevala.t .. 
Dubious, test returned 1 (wstat 256, 0x100)
Failed 1/33 subtests 

#   Failed test 'test23-strevall.rdt match generated profile data'
#   at t/lib/NYTProfTest.pm line 275.
#     Structures begin differing at:
#          $got->[0] = 'attribute	application	test50-disable.p
#     '
#     $expected->[0] = 'attribute	application	test23-strevall.p
#     '
--- test23-strevall.rdt	2009-06-09 14:29:12.000000000 -0700
+++ test23-strevall.rdt_new	2009-07-13 00:50:02.000000000 -0700
@@ -1,4 +1,4 @@
-attribute	application	test23-strevall.p
+attribute	application	test50-disable.p
 attribute	basetime	0
 attribute	clock_id	0
 attribute	nv_size	0
@@ -12,22 +12,24 @@
 attribute	total_stmts_measured	0
 attribute	total_sub_calls	0
 attribute	xs_version	0
+fid_block_time	1	1	[ 0 1 ]
+fid_block_time	1	2	[ 0 1 ]
 fid_block_time	1	4	[ 0 1 ]
-fid_block_time	3	1	0	0
-fid_block_time	3	1	1	0
-fid_block_time	3	1	2	45	[ 0 1 ]
-fid_fileinfo	1	[ test23-strevall.p   1 2 0 0 ]
-fid_fileinfo	2	[ (eval 0) 3 1 2 2 0 0 ]
-fid_fileinfo	3	[ /unknown-eval-invoker   3 130 0 0 ]
-fid_fileinfo	3	eval	1	[ 1 0 ]
+fid_block_time	1	5	[ 0 1 ]
+fid_fileinfo	1	[ test50-disable.p   1 2 0 0 ]
+fid_fileinfo	1	call	2	DB::disable_profile	[ 1 0 0 0 0 0 0 ]
+fid_fileinfo	1	call	6	DB::disable_profile	[ 1 0 0 0 0 0 0 ]
+fid_line_time	1	1	[ 0 1 ]
+fid_line_time	1	2	[ 0 1 ]
 fid_line_time	1	4	[ 0 1 ]
-fid_line_time	3	1	0	0
-fid_line_time	3	1	1	0
-fid_line_time	3	1	2	45	[ 0 1 ]
+fid_line_time	1	5	[ 0 1 ]
+fid_sub_time	1	1	[ 0 1 ]
+fid_sub_time	1	2	[ 0 1 ]
 fid_sub_time	1	4	[ 0 1 ]
-fid_sub_time	3	1	0	0
-fid_sub_time	3	1	1	0
-fid_sub_time	3	1	2	45	[ 0 1 ]
+fid_sub_time	1	5	[ 0 1 ]
 profile_modes	fid_block_time	block
 profile_modes	fid_line_time	line
 profile_modes	fid_sub_time	sub
+sub_subinfo	DB::disable_profile	[ undef 0 0 2 0 0 0 0 ]
+sub_subinfo	DB::disable_profile	called_by	1	2	[ 1 0 0 0 0 0 0 ]
+sub_subinfo	DB::disable_profile	called_by	1	6	[ 1 0 0 0 0 0 0 ]

#   Failed test 'test23-strevall.rdt match generated profile data'
#   at t/lib/NYTProfTest.pm line 275.
#     Structures begin differing at:
#          $got->[0] = 'attribute	application	test30-fork-0.p
#     '
#     $expected->[0] = 'attribute	application	test23-strevall.p
#     '
--- test23-strevall.rdt	2009-06-09 14:29:12.000000000 -0700
+++ test23-strevall.rdt_new	2009-07-13 00:50:02.000000000 -0700
@@ -1,4 +1,4 @@
-attribute	application	test23-strevall.p
+attribute	application	test30-fork-0.p
 attribute	basetime	0
 attribute	clock_id	0
 attribute	nv_size	0
@@ -12,22 +12,49 @@
 attribute	total_stmts_measured	0
 attribute	total_sub_calls	0
 attribute	xs_version	0
-fid_block_time	1	4	[ 0 1 ]
-fid_block_time	3	1	0	0
-fid_block_time	3	1	1	0
-fid_block_time	3	1	2	45	[ 0 1 ]
-fid_fileinfo	1	[ test23-strevall.p   1 2 0 0 ]
-fid_fileinfo	2	[ (eval 0) 3 1 2 2 0 0 ]
-fid_fileinfo	3	[ /unknown-eval-invoker   3 130 0 0 ]
-fid_fileinfo	3	eval	1	[ 1 0 ]
-fid_line_time	1	4	[ 0 1 ]
-fid_line_time	3	1	0	0
-fid_line_time	3	1	1	0
-fid_line_time	3	1	2	45	[ 0 1 ]
-fid_sub_time	1	4	[ 0 1 ]
-fid_sub_time	3	1	0	0
-fid_sub_time	3	1	1	0
-fid_sub_time	3	1	2	45	[ 0 1 ]
+fid_block_time	1	2	[ 0 2 ]
+fid_block_time	1	7	[ 0 3 ]
+fid_block_time	1	11	[ 0 2 ]
+fid_block_time	1	15	[ 0 1 ]
+fid_block_time	1	17	[ 0 1 ]
+fid_block_time	1	19	[ 0 1 ]
+fid_block_time	1	20	[ 0 1 ]
+fid_block_time	1	22	[ 0 1 ]
+fid_fileinfo	1	[ test30-fork-0.p   1 2 0 0 ]
+fid_fileinfo	1	sub	main::other	6-8
+fid_fileinfo	1	sub	main::postfork	10-13
+fid_fileinfo	1	sub	main::prefork	1-4
+fid_fileinfo	1	call	3	main::other	[ 1 0 0 0 0 0 0 ]
+fid_fileinfo	1	call	12	main::other	[ 1 0 0 0 0 0 0 ]
+fid_fileinfo	1	call	15	main::prefork	[ 1 0 0 0 0 0 0 ]
+fid_fileinfo	1	call	19	main::postfork	[ 1 0 0 0 0 0 0 ]
+fid_fileinfo	1	call	20	main::other	[ 1 0 0 0 0 0 0 ]
+fid_line_time	1	2	[ 0 1 ]
+fid_line_time	1	3	[ 0 1 ]
+fid_line_time	1	7	[ 0 3 ]
+fid_line_time	1	11	[ 0 1 ]
+fid_line_time	1	12	[ 0 1 ]
+fid_line_time	1	15	[ 0 1 ]
+fid_line_time	1	17	[ 0 1 ]
+fid_line_time	1	19	[ 0 1 ]
+fid_line_time	1	20	[ 0 1 ]
+fid_line_time	1	22	[ 0 1 ]
+fid_sub_time	1	2	[ 0 2 ]
+fid_sub_time	1	7	[ 0 3 ]
+fid_sub_time	1	11	[ 0 2 ]
+fid_sub_time	1	15	[ 0 1 ]
+fid_sub_time	1	17	[ 0 1 ]
+fid_sub_time	1	19	[ 0 1 ]
+fid_sub_time	1	20	[ 0 1 ]
+fid_sub_time	1	22	[ 0 1 ]
 profile_modes	fid_block_time	block
 profile_modes	fid_line_time	line
 profile_modes	fid_sub_time	sub
+sub_subinfo	main::other	[ 1 6 8 3 0 0 0 0 ]
+sub_subinfo	main::other	called_by	1	3	[ 1 0 0 0 0 0 0 ]
+sub_subinfo	main::other	called_by	1	12	[ 1 0 0 0 0 0 0 ]
+sub_subinfo	main::other	called_by	1	20	[ 1 0 0 0 0 0 0 ]
+sub_subinfo	main::postfork	[ 1 10 13 1 0 0 0 0 ]
+sub_subinfo	main::postfork	called_by	1	19	[ 1 0 0 0 0 0 0 ]
+sub_subinfo	main::prefork	[ 1 1 4 1 0 0 0 0 ]
+sub_subinfo	main::prefork	called_by	1	15	[ 1 0 0 0 0 0 0 ]
# No filename specified at t/lib/NYTProfTest.pm line 262

#   Failed test 'test40pmc.rdt'
#   at t/lib/NYTProfTest.pm line 265.
Use of uninitialized value $profile_datafile in concatenation (.) or string at t/lib/NYTProfTest.pm line 333.
Option file requires an argument
Error status 256 from /usr/bin/perl5.10 ../blib/script/nytprofcsv --file= --out=test40pmc_outdir!
NYTPROF=compress=0:file=nytprof_t.out:leave=1:savesrc=0:start=init:use_db_sub=0
usage: [perl] nytprofcsv [opts]
 --file <file>, -f <file>  Use the specified file as Devel::NYTProf database
                            file. [default: ./nytprof.out]
 --out <dir>,   -o <dir>   Place generated files here [default: ./nytprof]
 --delete,      -d         Delete the old fprofhtml output [uses --out]
 --help,        -h         Print this message

This script of part of the Devel::NYTProf package by Adam J Kaplan.
Copyright 2008 Adam J Kaplan, http://search.cpan.org/~akaplan, Released under
the same terms as Perl itself.
Can't open test30-fork-0_outdir/test30-fork-0-p-line.csv: No such file or directory at t/test30-fork-0.t line 8
# Looks like you planned 81 tests but ran 4.
# Looks like your test exited with 2 just after 4.
t/test30-fork-0.t .... 
Dubious, test returned 2 (wstat 512, 0x200)
Failed 77/81 subtests 

#   Failed test 'nytprofcsv runs ok'
#   at t/lib/NYTProfTest.pm line 334.
Can't open test40pmc_outdir/test40pmc-p-line.csv: No such file or directory at t/test40pmc.t line 6
# Looks like you planned 81 tests but ran 4.
# Looks like you failed 2 tests of 4 run.
# Looks like your test exited with 2 just after 4.
t/test40pmc.t ........ 
Dubious, test returned 2 (wstat 512, 0x200)
Failed 79/81 subtests 
Can't open test50-disable_outdir/test50-disable-p-line.csv: No such file or directory at t/test50-disable.t line 6
# Looks like you planned 81 tests but ran 4.
# Looks like your test exited with 2 just after 4.
t/test50-disable.t ... 
Dubious, test returned 2 (wstat 512, 0x200)
Failed 77/81 subtests 
Ignoring '#line 42 "(eval 142)"' directive at line 8 - profile data for /Users/leto/Downloads/Devel-NYTProf-2.10/t/test23-strevall.p will be out of sync with source!
Can't open test51-enable_outdir/test51-enable-p-line.csv: No such file or directory at t/test51-enable.t line 32
# Looks like you planned 129 tests but ran 4.
# Looks like your test exited with 2 just after 4.
t/test51-enable.t .... 
Dubious, test returned 2 (wstat 512, 0x200)
Failed 125/129 subtests 

#   Failed test 'test60-subname.rdt match generated profile data'
#   at t/lib/NYTProfTest.pm line 275.
#     Structures begin differing at:
#          $got->[0] = 'attribute	application	test51-enable.p
#     '
#     $expected->[0] = 'attribute	application	test60-subname.p
#     '
--- test60-subname.rdt	2009-04-22 04:39:36.000000000 -0700
+++ test60-subname.rdt_new	2009-07-13 00:50:02.000000000 -0700
@@ -1,4 +1,4 @@
-attribute	application	test60-subname.p
+attribute	application	test51-enable.p
 attribute	basetime	0
 attribute	clock_id	0
 attribute	nv_size	0
@@ -12,55 +12,40 @@
 attribute	total_stmts_measured	0
 attribute	total_sub_calls	0
 attribute	xs_version	0
+fid_block_time	1	3	[ 0 1 ]
+fid_block_time	1	4	[ 0 1 ]
 fid_block_time	1	5	[ 0 1 ]
+fid_block_time	1	7	0	0
+fid_block_time	1	7	1	2
+fid_block_time	1	7	2	1	[ 0 1 ]
 fid_block_time	1	9	[ 0 1 ]
-fid_block_time	1	12	[ 0 1 ]
-fid_block_time	1	15	[ 0 1 ]
-fid_block_time	1	16	[ 0 1 ]
-fid_block_time	1	18	[ 0 1 ]
-fid_block_time	1	19	[ 0 1 ]
-fid_block_time	1	24	[ 0 1 ]
-fid_block_time	1	25	[ 0 1 ]
-fid_fileinfo	1	[ test60-subname.p   1 2 0 0 ]
-fid_fileinfo	1	sub	main::BEGIN	2-2
-fid_fileinfo	1	sub	main::launch	24-24
-fid_fileinfo	1	call	5	Devel::NYTProf::Test::example_xsub	[ 1 0 0 0 0 0 0 ]
-fid_fileinfo	1	call	9	Devel::NYTProf::Test::example_xsub	[ 1 0 0 0 0 0 0 ]
-fid_fileinfo	1	call	12	Devel::NYTProf::Test::example_xsub	[ 1 0 0 0 0 0 0 ]
-fid_fileinfo	1	call	16	Devel::NYTProf::Test::example_xsub	[ 1 0 0 0 0 0 0 ]
-fid_fileinfo	1	call	19	Devel::NYTProf::Test::example_xsub	[ 1 0 0 0 0 0 0 ]
-fid_fileinfo	1	call	25	main::launch	[ 1 0 0 0 0 0 0 ]
-fid_fileinfo	2	[ Devel/NYTProf/Test.pm   2 4 0 0 ]
-fid_fileinfo	2	sub	Devel::NYTProf::Test::example_sub	13-13
-fid_fileinfo	2	sub	Devel::NYTProf::Test::example_xsub	0-0
+fid_fileinfo	1	[ test51-enable.p   1 2 0 0 ]
+fid_fileinfo	1	call	9	main::sub1	[ 1 0 0 0 0 0 0 ]
+fid_fileinfo	1	call	11	DB::disable_profile	[ 1 0 0 0 0 0 0 ]
+fid_fileinfo	1	eval	7	[ 2 0 ]
+fid_fileinfo	2	[ (eval 0)[test51-enable.p:7] 1 7 2 2 0 0 ]
+fid_fileinfo	2	sub	main::sub1	1-1
+fid_fileinfo	3	[ (eval 0)[test51-enable.p:7] 1 7 3 4 0 0 ]
+fid_fileinfo	3	sub	main::sub9	1-1
+fid_line_time	1	3	[ 0 1 ]
+fid_line_time	1	4	[ 0 1 ]
 fid_line_time	1	5	[ 0 1 ]
+fid_line_time	1	7	0	0
+fid_line_time	1	7	1	2
+fid_line_time	1	7	2	1	[ 0 1 ]
 fid_line_time	1	9	[ 0 1 ]
-fid_line_time	1	12	[ 0 1 ]
-fid_line_time	1	15	[ 0 1 ]
-fid_line_time	1	16	[ 0 1 ]
-fid_line_time	1	18	[ 0 1 ]
-fid_line_time	1	19	[ 0 1 ]
-fid_line_time	1	24	[ 0 1 ]
-fid_line_time	1	25	[ 0 1 ]
+fid_sub_time	1	3	[ 0 1 ]
+fid_sub_time	1	4	[ 0 1 ]
 fid_sub_time	1	5	[ 0 1 ]
+fid_sub_time	1	7	0	0
+fid_sub_time	1	7	1	2
+fid_sub_time	1	7	2	1	[ 0 1 ]
 fid_sub_time	1	9	[ 0 1 ]
-fid_sub_time	1	12	[ 0 1 ]
-fid_sub_time	1	15	[ 0 1 ]
-fid_sub_time	1	16	[ 0 1 ]
-fid_sub_time	1	18	[ 0 1 ]
-fid_sub_time	1	19	[ 0 1 ]
-fid_sub_time	1	24	[ 0 1 ]
-fid_sub_time	1	25	[ 0 1 ]
 profile_modes	fid_block_time	block
 profile_modes	fid_line_time	line
 profile_modes	fid_sub_time	sub
-sub_subinfo	Devel::NYTProf::Test::example_sub	[ 2 13 13 0 0 0 0 0 ]
-sub_subinfo	Devel::NYTProf::Test::example_xsub	[ 2 0 0 5 0 0 0 0 ]
-sub_subinfo	Devel::NYTProf::Test::example_xsub	called_by	1	5	[ 1 0 0 0 0 0 0 ]
-sub_subinfo	Devel::NYTProf::Test::example_xsub	called_by	1	9	[ 1 0 0 0 0 0 0 ]
-sub_subinfo	Devel::NYTProf::Test::example_xsub	called_by	1	12	[ 1 0 0 0 0 0 0 ]
-sub_subinfo	Devel::NYTProf::Test::example_xsub	called_by	1	16	[ 1 0 0 0 0 0 0 ]
-sub_subinfo	Devel::NYTProf::Test::example_xsub	called_by	1	19	[ 1 0 0 0 0 0 0 ]
-sub_subinfo	main::BEGIN	[ 1 2 2 0 0 0 0 0 ]
-sub_subinfo	main::launch	[ 1 24 24 1 0 0 0 0 ]
-sub_subinfo	main::launch	called_by	1	25	[ 1 0 0 0 0 0 0 ]
+sub_subinfo	DB::disable_profile	[ undef 0 0 1 0 0 0 0 ]
+sub_subinfo	DB::disable_profile	called_by	1	11	[ 1 0 0 0 0 0 0 ]
+sub_subinfo	main::sub1	[ 2 1 1 1 0 0 0 0 ]
+sub_subinfo	main::sub1	called_by	1	9	[ 1 0 0 0 0 0 0 ]
+sub_subinfo	main::sub9	[ 3 1 1 0 0 0 0 0 ]

#   Failed test 'test60-subname.rdt match generated profile data'
#   at t/lib/NYTProfTest.pm line 275.
#     Structures begin differing at:
#          $got->[0] = 'attribute	application	test23-strevall.p
#     '
#     $expected->[0] = 'attribute	application	test60-subname.p
#     '
--- test60-subname.rdt	2009-04-22 04:39:36.000000000 -0700
+++ test60-subname.rdt_new	2009-07-13 00:50:02.000000000 -0700
@@ -1,4 +1,4 @@
-attribute	application	test60-subname.p
+attribute	application	test23-strevall.p
 attribute	basetime	0
 attribute	clock_id	0
 attribute	nv_size	0
@@ -12,55 +12,22 @@
 attribute	total_stmts_measured	0
 attribute	total_sub_calls	0
 attribute	xs_version	0
-fid_block_time	1	5	[ 0 1 ]
-fid_block_time	1	9	[ 0 1 ]
-fid_block_time	1	12	[ 0 1 ]
-fid_block_time	1	15	[ 0 1 ]
-fid_block_time	1	16	[ 0 1 ]
-fid_block_time	1	18	[ 0 1 ]
-fid_block_time	1	19	[ 0 1 ]
-fid_block_time	1	24	[ 0 1 ]
-fid_block_time	1	25	[ 0 1 ]
-fid_fileinfo	1	[ test60-subname.p   1 2 0 0 ]
-fid_fileinfo	1	sub	main::BEGIN	2-2
-fid_fileinfo	1	sub	main::launch	24-24
-fid_fileinfo	1	call	5	Devel::NYTProf::Test::example_xsub	[ 1 0 0 0 0 0 0 ]
-fid_fileinfo	1	call	9	Devel::NYTProf::Test::example_xsub	[ 1 0 0 0 0 0 0 ]
-fid_fileinfo	1	call	12	Devel::NYTProf::Test::example_xsub	[ 1 0 0 0 0 0 0 ]
-fid_fileinfo	1	call	16	Devel::NYTProf::Test::example_xsub	[ 1 0 0 0 0 0 0 ]
-fid_fileinfo	1	call	19	Devel::NYTProf::Test::example_xsub	[ 1 0 0 0 0 0 0 ]
-fid_fileinfo	1	call	25	main::launch	[ 1 0 0 0 0 0 0 ]
-fid_fileinfo	2	[ Devel/NYTProf/Test.pm   2 4 0 0 ]
-fid_fileinfo	2	sub	Devel::NYTProf::Test::example_sub	13-13
-fid_fileinfo	2	sub	Devel::NYTProf::Test::example_xsub	0-0
-fid_line_time	1	5	[ 0 1 ]
-fid_line_time	1	9	[ 0 1 ]
-fid_line_time	1	12	[ 0 1 ]
-fid_line_time	1	15	[ 0 1 ]
-fid_line_time	1	16	[ 0 1 ]
-fid_line_time	1	18	[ 0 1 ]
-fid_line_time	1	19	[ 0 1 ]
-fid_line_time	1	24	[ 0 1 ]
-fid_line_time	1	25	[ 0 1 ]
-fid_sub_time	1	5	[ 0 1 ]
-fid_sub_time	1	9	[ 0 1 ]
-fid_sub_time	1	12	[ 0 1 ]
-fid_sub_time	1	15	[ 0 1 ]
-fid_sub_time	1	16	[ 0 1 ]
-fid_sub_time	1	18	[ 0 1 ]
-fid_sub_time	1	19	[ 0 1 ]
-fid_sub_time	1	24	[ 0 1 ]
-fid_sub_time	1	25	[ 0 1 ]
+fid_block_time	1	4	[ 0 1 ]
+fid_block_time	3	1	0	0
+fid_block_time	3	1	1	0
+fid_block_time	3	1	2	45	[ 0 1 ]
+fid_fileinfo	1	[ test23-strevall.p   1 2 0 0 ]
+fid_fileinfo	2	[ (eval 0) 3 1 2 2 0 0 ]
+fid_fileinfo	3	[ /unknown-eval-invoker   3 130 0 0 ]
+fid_fileinfo	3	eval	1	[ 1 0 ]
+fid_line_time	1	4	[ 0 1 ]
+fid_line_time	3	1	0	0
+fid_line_time	3	1	1	0
+fid_line_time	3	1	2	45	[ 0 1 ]
+fid_sub_time	1	4	[ 0 1 ]
+fid_sub_time	3	1	0	0
+fid_sub_time	3	1	1	0
+fid_sub_time	3	1	2	45	[ 0 1 ]
 profile_modes	fid_block_time	block
 profile_modes	fid_line_time	line
 profile_modes	fid_sub_time	sub
-sub_subinfo	Devel::NYTProf::Test::example_sub	[ 2 13 13 0 0 0 0 0 ]
-sub_subinfo	Devel::NYTProf::Test::example_xsub	[ 2 0 0 5 0 0 0 0 ]
-sub_subinfo	Devel::NYTProf::Test::example_xsub	called_by	1	5	[ 1 0 0 0 0 0 0 ]
-sub_subinfo	Devel::NYTProf::Test::example_xsub	called_by	1	9	[ 1 0 0 0 0 0 0 ]
-sub_subinfo	Devel::NYTProf::Test::example_xsub	called_by	1	12	[ 1 0 0 0 0 0 0 ]
-sub_subinfo	Devel::NYTProf::Test::example_xsub	called_by	1	16	[ 1 0 0 0 0 0 0 ]
-sub_subinfo	Devel::NYTProf::Test::example_xsub	called_by	1	19	[ 1 0 0 0 0 0 0 ]
-sub_subinfo	main::BEGIN	[ 1 2 2 0 0 0 0 0 ]
-sub_subinfo	main::launch	[ 1 24 24 1 0 0 0 0 ]
-sub_subinfo	main::launch	called_by	1	25	[ 1 0 0 0 0 0 0 ]

#   Failed test 'test60-subname.rdt match generated profile data'
#   at t/lib/NYTProfTest.pm line 275.
#     Structures begin differing at:
#          $got->[0] = 'attribute	application	test23-strevall.p
#     '
#     $expected->[0] = 'attribute	application	test60-subname.p
#     '
--- test60-subname.rdt	2009-04-22 04:39:36.000000000 -0700
+++ test60-subname.rdt_new	2009-07-13 00:50:03.000000000 -0700
@@ -1,4 +1,4 @@
-attribute	application	test60-subname.p
+attribute	application	test23-strevall.p
 attribute	basetime	0
 attribute	clock_id	0
 attribute	nv_size	0
@@ -12,55 +12,22 @@
 attribute	total_stmts_measured	0
 attribute	total_sub_calls	0
 attribute	xs_version	0
-fid_block_time	1	5	[ 0 1 ]
-fid_block_time	1	9	[ 0 1 ]
-fid_block_time	1	12	[ 0 1 ]
-fid_block_time	1	15	[ 0 1 ]
-fid_block_time	1	16	[ 0 1 ]
-fid_block_time	1	18	[ 0 1 ]
-fid_block_time	1	19	[ 0 1 ]
-fid_block_time	1	24	[ 0 1 ]
-fid_block_time	1	25	[ 0 1 ]
-fid_fileinfo	1	[ test60-subname.p   1 2 0 0 ]
-fid_fileinfo	1	sub	main::BEGIN	2-2
-fid_fileinfo	1	sub	main::launch	24-24
-fid_fileinfo	1	call	5	Devel::NYTProf::Test::example_xsub	[ 1 0 0 0 0 0 0 ]
-fid_fileinfo	1	call	9	Devel::NYTProf::Test::example_xsub	[ 1 0 0 0 0 0 0 ]
-fid_fileinfo	1	call	12	Devel::NYTProf::Test::example_xsub	[ 1 0 0 0 0 0 0 ]
-fid_fileinfo	1	call	16	Devel::NYTProf::Test::example_xsub	[ 1 0 0 0 0 0 0 ]
-fid_fileinfo	1	call	19	Devel::NYTProf::Test::example_xsub	[ 1 0 0 0 0 0 0 ]
-fid_fileinfo	1	call	25	main::launch	[ 1 0 0 0 0 0 0 ]
-fid_fileinfo	2	[ Devel/NYTProf/Test.pm   2 4 0 0 ]
-fid_fileinfo	2	sub	Devel::NYTProf::Test::example_sub	13-13
-fid_fileinfo	2	sub	Devel::NYTProf::Test::example_xsub	0-0
-fid_line_time	1	5	[ 0 1 ]
-fid_line_time	1	9	[ 0 1 ]
-fid_line_time	1	12	[ 0 1 ]
-fid_line_time	1	15	[ 0 1 ]
-fid_line_time	1	16	[ 0 1 ]
-fid_line_time	1	18	[ 0 1 ]
-fid_line_time	1	19	[ 0 1 ]
-fid_line_time	1	24	[ 0 1 ]
-fid_line_time	1	25	[ 0 1 ]
-fid_sub_time	1	5	[ 0 1 ]
-fid_sub_time	1	9	[ 0 1 ]
-fid_sub_time	1	12	[ 0 1 ]
-fid_sub_time	1	15	[ 0 1 ]
-fid_sub_time	1	16	[ 0 1 ]
-fid_sub_time	1	18	[ 0 1 ]
-fid_sub_time	1	19	[ 0 1 ]
-fid_sub_time	1	24	[ 0 1 ]
-fid_sub_time	1	25	[ 0 1 ]
+fid_block_time	1	4	[ 0 1 ]
+fid_block_time	3	1	0	0
+fid_block_time	3	1	1	0
+fid_block_time	3	1	2	45	[ 0 1 ]
+fid_fileinfo	1	[ test23-strevall.p   1 2 0 0 ]
+fid_fileinfo	2	[ (eval 0) 3 1 2 2 0 0 ]
+fid_fileinfo	3	[ /unknown-eval-invoker   3 130 0 0 ]
+fid_fileinfo	3	eval	1	[ 1 0 ]
+fid_line_time	1	4	[ 0 1 ]
+fid_line_time	3	1	0	0
+fid_line_time	3	1	1	0
+fid_line_time	3	1	2	45	[ 0 1 ]
+fid_sub_time	1	4	[ 0 1 ]
+fid_sub_time	3	1	0	0
+fid_sub_time	3	1	1	0
+fid_sub_time	3	1	2	45	[ 0 1 ]
 profile_modes	fid_block_time	block
 profile_modes	fid_line_time	line
 profile_modes	fid_sub_time	sub
-sub_subinfo	Devel::NYTProf::Test::example_sub	[ 2 13 13 0 0 0 0 0 ]
-sub_subinfo	Devel::NYTProf::Test::example_xsub	[ 2 0 0 5 0 0 0 0 ]
-sub_subinfo	Devel::NYTProf::Test::example_xsub	called_by	1	5	[ 1 0 0 0 0 0 0 ]
-sub_subinfo	Devel::NYTProf::Test::example_xsub	called_by	1	9	[ 1 0 0 0 0 0 0 ]
-sub_subinfo	Devel::NYTProf::Test::example_xsub	called_by	1	12	[ 1 0 0 0 0 0 0 ]
-sub_subinfo	Devel::NYTProf::Test::example_xsub	called_by	1	16	[ 1 0 0 0 0 0 0 ]
-sub_subinfo	Devel::NYTProf::Test::example_xsub	called_by	1	19	[ 1 0 0 0 0 0 0 ]
-sub_subinfo	main::BEGIN	[ 1 2 2 0 0 0 0 0 ]
-sub_subinfo	main::launch	[ 1 24 24 1 0 0 0 0 ]
-sub_subinfo	main::launch	called_by	1	25	[ 1 0 0 0 0 0 0 ]
# No filename specified at t/lib/NYTProfTest.pm line 262

#   Failed test 'test60-subname.rdt'
#   at t/lib/NYTProfTest.pm line 265.
Failed to open output 'nytprof_t.out': File exists (enable addpid option to protect against concurrent writes) at ../blib/lib/Devel/NYTProf.pm line 43.
Compilation failed in require.
BEGIN failed--compilation aborted.
Error status 4352 from /usr/bin/perl5.10 -d:NYTProf test60-subname.p!
NYTPROF=compress=0:file=nytprof_t.out:leave=1:savesrc=0:start=init:use_db_sub=1
# Tests ended at Mon Jul 13 00:50:05 2009
t/zzz.t .............. ok

#   Failed test 'test60-subname.p runs ok under the profiler'
#   at t/lib/NYTProfTest.pm line 255.
# inflate failed, error -5 ((null)) at end of input file - is it truncated? at /Users/leto/Downloads/Devel-NYTProf-2.10/blib/lib/Devel/NYTProf/Data.pm line 78.

#   Failed test 'test60-subname.rdt'
#   at t/lib/NYTProfTest.pm line 265.
profile data possibly truncated, no terminator for 1 pids at /Users/leto/Downloads/Devel-NYTProf-2.10/blib/lib/Devel/NYTProf/Data.pm line 78.

#   Failed test 'test80-recurs.rdt match generated profile data'
#   at t/lib/NYTProfTest.pm line 275.
#     Structures begin differing at:
#          $got->[0] = 'attribute	application	test70-subexcl.p
#     '
#     $expected->[0] = 'attribute	application	test80-recurs.p
#     '
--- test80-recurs.rdt	2009-01-19 04:10:44.000000000 -0800
+++ test80-recurs.rdt_new	2009-07-13 00:50:04.000000000 -0700
@@ -1,4 +1,4 @@
-attribute	application	test80-recurs.p
+attribute	application	test70-subexcl.p
 attribute	basetime	0
 attribute	clock_id	0
 attribute	nv_size	0
@@ -12,21 +12,6 @@
 attribute	total_stmts_measured	0
 attribute	total_sub_calls	0
 attribute	xs_version	0
-fid_block_time	1	2	[ 0 6 ]
-fid_block_time	1	7	[ 0 1 ]
-fid_fileinfo	1	[ test80-recurs.p   1 2 0 0 ]
-fid_fileinfo	1	sub	main::recurs	1-5
-fid_fileinfo	1	call	4	main::recurs	[ 1 0 0 0 0 0 1 ]
-fid_fileinfo	1	call	7	main::recurs	[ 1 0 0 0 0 0 0 ]
-fid_line_time	1	2	[ 0 2 ]
-fid_line_time	1	3	[ 0 2 ]
-fid_line_time	1	4	[ 0 2 ]
-fid_line_time	1	7	[ 0 1 ]
-fid_sub_time	1	2	[ 0 6 ]
-fid_sub_time	1	7	[ 0 1 ]
-profile_modes	fid_block_time	block
+fid_fileinfo	[  ]
+fid_line_time	[  ]
 profile_modes	fid_line_time	line
-profile_modes	fid_sub_time	sub
-sub_subinfo	main::recurs	[ 1 1 5 2 0 0 1 0 ]
-sub_subinfo	main::recurs	called_by	1	4	[ 1 0 0 0 0 0 1 ]
-sub_subinfo	main::recurs	called_by	1	7	[ 1 0 0 0 0 0 0 ]
# inflate failed, error -5 ((null)) at end of input file - is it truncated? at /Users/leto/Downloads/Devel-NYTProf-2.10/blib/lib/Devel/NYTProf/Data.pm line 78.

#   Failed test 'test80-recurs.rdt'
#   at t/lib/NYTProfTest.pm line 265.
# inflate failed, error -5 ((null)) at end of input file - is it truncated? at /Users/leto/Downloads/Devel-NYTProf-2.10/blib/lib/Devel/NYTProf/Data.pm line 78.

#   Failed test 'test80-recurs.rdt'
#   at t/lib/NYTProfTest.pm line 265.
profile data possibly truncated, no terminator for 1 pids at /Users/leto/Downloads/Devel-NYTProf-2.10/blib/lib/Devel/NYTProf/Data.pm line 78.

#   Failed test 'test80-recurs.rdt match generated profile data'
#   at t/lib/NYTProfTest.pm line 275.
#     Structures begin differing at:
#          $got->[0] = 'attribute	application	test70-subexcl.p
#     '
#     $expected->[0] = 'attribute	application	test80-recurs.p
#     '
--- test80-recurs.rdt	2009-01-19 04:10:44.000000000 -0800
+++ test80-recurs.rdt_new	2009-07-13 00:50:11.000000000 -0700
@@ -1,4 +1,4 @@
-attribute	application	test80-recurs.p
+attribute	application	test70-subexcl.p
 attribute	basetime	0
 attribute	clock_id	0
 attribute	nv_size	0
@@ -12,21 +12,6 @@
 attribute	total_stmts_measured	0
 attribute	total_sub_calls	0
 attribute	xs_version	0
-fid_block_time	1	2	[ 0 6 ]
-fid_block_time	1	7	[ 0 1 ]
-fid_fileinfo	1	[ test80-recurs.p   1 2 0 0 ]
-fid_fileinfo	1	sub	main::recurs	1-5
-fid_fileinfo	1	call	4	main::recurs	[ 1 0 0 0 0 0 1 ]
-fid_fileinfo	1	call	7	main::recurs	[ 1 0 0 0 0 0 0 ]
-fid_line_time	1	2	[ 0 2 ]
-fid_line_time	1	3	[ 0 2 ]
-fid_line_time	1	4	[ 0 2 ]
-fid_line_time	1	7	[ 0 1 ]
-fid_sub_time	1	2	[ 0 6 ]
-fid_sub_time	1	7	[ 0 1 ]
-profile_modes	fid_block_time	block
+fid_fileinfo	[  ]
+fid_line_time	[  ]
 profile_modes	fid_line_time	line
-profile_modes	fid_sub_time	sub
-sub_subinfo	main::recurs	[ 1 1 5 2 0 0 1 0 ]
-sub_subinfo	main::recurs	called_by	1	4	[ 1 0 0 0 0 0 1 ]
-sub_subinfo	main::recurs	called_by	1	7	[ 1 0 0 0 0 0 0 ]
# No filename specified at t/lib/NYTProfTest.pm line 262

#   Failed test 'test61-submerge.rdt'
#   at t/lib/NYTProfTest.pm line 265.

#   Failed test 'test61-submerge.rdt match generated profile data'
#   at t/lib/NYTProfTest.pm line 275.
#     Structures begin differing at:
#          $got->[0] = 'attribute	application	test23-strevall.p
#     '
#     $expected->[0] = 'attribute	application	test61-submerge.p
#     '
--- test61-submerge.rdt	2009-01-20 04:05:42.000000000 -0800
+++ test61-submerge.rdt_new	2009-07-13 00:50:03.000000000 -0700
@@ -1,4 +1,4 @@
-attribute	application	test61-submerge.p
+attribute	application	test23-strevall.p
 attribute	basetime	0
 attribute	clock_id	0
 attribute	nv_size	0
@@ -12,43 +12,22 @@
 attribute	total_stmts_measured	0
 attribute	total_sub_calls	0
 attribute	xs_version	0
-fid_block_time	1	4	[ 0 3 ]
-fid_block_time	1	6	[ 0 1 ]
-fid_block_time	1	8	0	0
-fid_block_time	1	8	1	2
-fid_block_time	1	8	2	1	[ 0 3 ]
-fid_block_time	1	8	2	2	[ 0 3 ]
-fid_fileinfo	1	[ test61-submerge.p   1 2 0 0 ]
-fid_fileinfo	1	sub	main::foo	4-4
-fid_fileinfo	1	call	8	main::__ANON__[(eval 0)[test61-submerge.p:8]:1]	[ 3 0 0 0 0 0 0 ]
-fid_fileinfo	1	eval	8	[ 3 0 ]
-fid_fileinfo	2	[ (eval 0)[test61-submerge.p:8] 1 8 2 2 0 0 ]
-fid_fileinfo	2	sub	main::__ANON__[(eval 0)[test61-submerge.p:8]:1]	1-1
-fid_fileinfo	2	call	1	main::foo	[ 1 0 0 0 0 0 0 ]
-fid_fileinfo	3	[ (eval 0)[test61-submerge.p:8] 1 8 3 2 0 0 ]
-fid_fileinfo	3	sub	main::__ANON__[(eval 0)[test61-submerge.p:8]:1]	1-1
-fid_fileinfo	3	call	1	main::foo	[ 1 0 0 0 0 0 0 ]
-fid_fileinfo	4	[ (eval 0)[test61-submerge.p:8] 1 8 4 2 0 0 ]
-fid_fileinfo	4	sub	main::__ANON__[(eval 0)[test61-submerge.p:8]:1]	1-1
-fid_fileinfo	4	call	1	main::foo	[ 1 0 0 0 0 0 0 ]
-fid_line_time	1	4	[ 0 3 ]
-fid_line_time	1	6	[ 0 1 ]
-fid_line_time	1	8	0	0
-fid_line_time	1	8	1	2
-fid_line_time	1	8	2	1	[ 0 3 ]
-fid_line_time	1	8	2	2	[ 0 3 ]
-fid_sub_time	1	4	[ 0 3 ]
-fid_sub_time	1	6	[ 0 1 ]
-fid_sub_time	1	8	0	0
-fid_sub_time	1	8	1	2
-fid_sub_time	1	8	2	1	[ 0 3 ]
-fid_sub_time	1	8	2	2	[ 0 3 ]
+fid_block_time	1	4	[ 0 1 ]
+fid_block_time	3	1	0	0
+fid_block_time	3	1	1	0
+fid_block_time	3	1	2	45	[ 0 1 ]
+fid_fileinfo	1	[ test23-strevall.p   1 2 0 0 ]
+fid_fileinfo	2	[ (eval 0) 3 1 2 2 0 0 ]
+fid_fileinfo	3	[ /unknown-eval-invoker   3 130 0 0 ]
+fid_fileinfo	3	eval	1	[ 1 0 ]
+fid_line_time	1	4	[ 0 1 ]
+fid_line_time	3	1	0	0
+fid_line_time	3	1	1	0
+fid_line_time	3	1	2	45	[ 0 1 ]
+fid_sub_time	1	4	[ 0 1 ]
+fid_sub_time	3	1	0	0
+fid_sub_time	3	1	1	0
+fid_sub_time	3	1	2	45	[ 0 1 ]
 profile_modes	fid_block_time	block
 profile_modes	fid_line_time	line
 profile_modes	fid_sub_time	sub
-sub_subinfo	main::__ANON__[(eval 0)[test61-submerge.p:8]:1]	[ 2 1 1 3 0 0 0 0 ]
-sub_subinfo	main::__ANON__[(eval 0)[test61-submerge.p:8]:1]	called_by	1	8	[ 3 0 0 0 0 0 0 ]
-sub_subinfo	main::foo	[ 1 4 4 3 0 0 0 0 ]
-sub_subinfo	main::foo	called_by	2	1	[ 1 0 0 0 0 0 0 ]
-sub_subinfo	main::foo	called_by	3	1	[ 1 0 0 0 0 0 0 ]
-sub_subinfo	main::foo	called_by	4	1	[ 1 0 0 0 0 0 0 ]
# No filename specified at t/lib/NYTProfTest.pm line 262

#   Failed test 'test61-submerge.rdt'
#   at t/lib/NYTProfTest.pm line 265.

#   Failed test 'test61-submerge.rdt match generated profile data'
#   at t/lib/NYTProfTest.pm line 275.
#     Structures begin differing at:
#          $got->[0] = 'attribute	application	test23-strevall.p
#     '
#     $expected->[0] = 'attribute	application	test61-submerge.p
#     '
--- test61-submerge.rdt	2009-01-20 04:05:42.000000000 -0800
+++ test61-submerge.rdt_new	2009-07-13 00:50:03.000000000 -0700
@@ -1,4 +1,4 @@
-attribute	application	test61-submerge.p
+attribute	application	test23-strevall.p
 attribute	basetime	0
 attribute	clock_id	0
 attribute	nv_size	0
@@ -12,43 +12,22 @@
 attribute	total_stmts_measured	0
 attribute	total_sub_calls	0
 attribute	xs_version	0
-fid_block_time	1	4	[ 0 3 ]
-fid_block_time	1	6	[ 0 1 ]
-fid_block_time	1	8	0	0
-fid_block_time	1	8	1	2
-fid_block_time	1	8	2	1	[ 0 3 ]
-fid_block_time	1	8	2	2	[ 0 3 ]
-fid_fileinfo	1	[ test61-submerge.p   1 2 0 0 ]
-fid_fileinfo	1	sub	main::foo	4-4
-fid_fileinfo	1	call	8	main::__ANON__[(eval 0)[test61-submerge.p:8]:1]	[ 3 0 0 0 0 0 0 ]
-fid_fileinfo	1	eval	8	[ 3 0 ]
-fid_fileinfo	2	[ (eval 0)[test61-submerge.p:8] 1 8 2 2 0 0 ]
-fid_fileinfo	2	sub	main::__ANON__[(eval 0)[test61-submerge.p:8]:1]	1-1
-fid_fileinfo	2	call	1	main::foo	[ 1 0 0 0 0 0 0 ]
-fid_fileinfo	3	[ (eval 0)[test61-submerge.p:8] 1 8 3 2 0 0 ]
-fid_fileinfo	3	sub	main::__ANON__[(eval 0)[test61-submerge.p:8]:1]	1-1
-fid_fileinfo	3	call	1	main::foo	[ 1 0 0 0 0 0 0 ]
-fid_fileinfo	4	[ (eval 0)[test61-submerge.p:8] 1 8 4 2 0 0 ]
-fid_fileinfo	4	sub	main::__ANON__[(eval 0)[test61-submerge.p:8]:1]	1-1
-fid_fileinfo	4	call	1	main::foo	[ 1 0 0 0 0 0 0 ]
-fid_line_time	1	4	[ 0 3 ]
-fid_line_time	1	6	[ 0 1 ]
-fid_line_time	1	8	0	0
-fid_line_time	1	8	1	2
-fid_line_time	1	8	2	1	[ 0 3 ]
-fid_line_time	1	8	2	2	[ 0 3 ]
-fid_sub_time	1	4	[ 0 3 ]
-fid_sub_time	1	6	[ 0 1 ]
-fid_sub_time	1	8	0	0
-fid_sub_time	1	8	1	2
-fid_sub_time	1	8	2	1	[ 0 3 ]
-fid_sub_time	1	8	2	2	[ 0 3 ]
+fid_block_time	1	4	[ 0 1 ]
+fid_block_time	3	1	0	0
+fid_block_time	3	1	1	0
+fid_block_time	3	1	2	45	[ 0 1 ]
+fid_fileinfo	1	[ test23-strevall.p   1 2 0 0 ]
+fid_fileinfo	2	[ (eval 0) 3 1 2 2 0 0 ]
+fid_fileinfo	3	[ /unknown-eval-invoker   3 130 0 0 ]
+fid_fileinfo	3	eval	1	[ 1 0 ]
+fid_line_time	1	4	[ 0 1 ]
+fid_line_time	3	1	0	0
+fid_line_time	3	1	1	0
+fid_line_time	3	1	2	45	[ 0 1 ]
+fid_sub_time	1	4	[ 0 1 ]
+fid_sub_time	3	1	0	0
+fid_sub_time	3	1	1	0
+fid_sub_time	3	1	2	45	[ 0 1 ]
 profile_modes	fid_block_time	block
 profile_modes	fid_line_time	line
 profile_modes	fid_sub_time	sub
-sub_subinfo	main::__ANON__[(eval 0)[test61-submerge.p:8]:1]	[ 2 1 1 3 0 0 0 0 ]
-sub_subinfo	main::__ANON__[(eval 0)[test61-submerge.p:8]:1]	called_by	1	8	[ 3 0 0 0 0 0 0 ]
-sub_subinfo	main::foo	[ 1 4 4 3 0 0 0 0 ]
-sub_subinfo	main::foo	called_by	2	1	[ 1 0 0 0 0 0 0 ]
-sub_subinfo	main::foo	called_by	3	1	[ 1 0 0 0 0 0 0 ]
-sub_subinfo	main::foo	called_by	4	1	[ 1 0 0 0 0 0 0 ]
# Test failures of test61-submerge related to settings:
#           leave: 0 => {pass 8}, 1 => {fail 4,pass 4}
# Looks like you failed 4 tests of 33.
t/test61-submerge.t .. 
Dubious, test returned 4 (wstat 1024, 0x400)
Failed 4/33 subtests 
# No filename specified at t/lib/NYTProfTest.pm line 262

#   Failed test 'test23-strevall.rdt'
#   at t/lib/NYTProfTest.pm line 265.

#   Failed test 'test23-strevall.rdt match generated profile data'
#   at t/lib/NYTProfTest.pm line 275.
#     Structures begin differing at:
#          $got->[0] = 'attribute	application	test51-enable.p
#     '
#     $expected->[0] = 'attribute	application	test23-strevall.p
#     '
--- test23-strevall.rdt	2009-06-09 14:29:12.000000000 -0700
+++ test23-strevall.rdt_new	2009-07-13 00:50:02.000000000 -0700
@@ -1,4 +1,4 @@
-attribute	application	test23-strevall.p
+attribute	application	test51-enable.p
 attribute	basetime	0
 attribute	clock_id	0
 attribute	nv_size	0
@@ -12,22 +12,40 @@
 attribute	total_stmts_measured	0
 attribute	total_sub_calls	0
 attribute	xs_version	0
+fid_block_time	1	3	[ 0 1 ]
 fid_block_time	1	4	[ 0 1 ]
-fid_block_time	3	1	0	0
-fid_block_time	3	1	1	0
-fid_block_time	3	1	2	45	[ 0 1 ]
-fid_fileinfo	1	[ test23-strevall.p   1 2 0 0 ]
-fid_fileinfo	2	[ (eval 0) 3 1 2 2 0 0 ]
-fid_fileinfo	3	[ /unknown-eval-invoker   3 130 0 0 ]
-fid_fileinfo	3	eval	1	[ 1 0 ]
+fid_block_time	1	5	[ 0 1 ]
+fid_block_time	1	7	0	0
+fid_block_time	1	7	1	2
+fid_block_time	1	7	2	1	[ 0 1 ]
+fid_block_time	1	9	[ 0 1 ]
+fid_fileinfo	1	[ test51-enable.p   1 2 0 0 ]
+fid_fileinfo	1	call	9	main::sub1	[ 1 0 0 0 0 0 0 ]
+fid_fileinfo	1	call	11	DB::disable_profile	[ 1 0 0 0 0 0 0 ]
+fid_fileinfo	1	eval	7	[ 2 0 ]
+fid_fileinfo	2	[ (eval 0)[test51-enable.p:7] 1 7 2 2 0 0 ]
+fid_fileinfo	2	sub	main::sub1	1-1
+fid_fileinfo	3	[ (eval 0)[test51-enable.p:7] 1 7 3 4 0 0 ]
+fid_fileinfo	3	sub	main::sub9	1-1
+fid_line_time	1	3	[ 0 1 ]
 fid_line_time	1	4	[ 0 1 ]
-fid_line_time	3	1	0	0
-fid_line_time	3	1	1	0
-fid_line_time	3	1	2	45	[ 0 1 ]
+fid_line_time	1	5	[ 0 1 ]
+fid_line_time	1	7	0	0
+fid_line_time	1	7	1	2
+fid_line_time	1	7	2	1	[ 0 1 ]
+fid_line_time	1	9	[ 0 1 ]
+fid_sub_time	1	3	[ 0 1 ]
 fid_sub_time	1	4	[ 0 1 ]
-fid_sub_time	3	1	0	0
-fid_sub_time	3	1	1	0
-fid_sub_time	3	1	2	45	[ 0 1 ]
+fid_sub_time	1	5	[ 0 1 ]
+fid_sub_time	1	7	0	0
+fid_sub_time	1	7	1	2
+fid_sub_time	1	7	2	1	[ 0 1 ]
+fid_sub_time	1	9	[ 0 1 ]
 profile_modes	fid_block_time	block
 profile_modes	fid_line_time	line
 profile_modes	fid_sub_time	sub
+sub_subinfo	DB::disable_profile	[ undef 0 0 1 0 0 0 0 ]
+sub_subinfo	DB::disable_profile	called_by	1	11	[ 1 0 0 0 0 0 0 ]
+sub_subinfo	main::sub1	[ 2 1 1 1 0 0 0 0 ]
+sub_subinfo	main::sub1	called_by	1	9	[ 1 0 0 0 0 0 0 ]
+sub_subinfo	main::sub9	[ 3 1 1 0 0 0 0 0 ]
# No filename specified at t/lib/NYTProfTest.pm line 262

#   Failed test 'test23-strevall.rdt'
#   at t/lib/NYTProfTest.pm line 265.
# No filename specified at t/lib/NYTProfTest.pm line 262

#   Failed test 'test23-strevall.rdt'
#   at t/lib/NYTProfTest.pm line 265.
# No filename specified at t/lib/NYTProfTest.pm line 262

#   Failed test 'test23-strevall.rdt'
#   at t/lib/NYTProfTest.pm line 265.
profile data possibly truncated, no terminator for 1 pids at /Users/leto/Downloads/Devel-NYTProf-2.10/blib/lib/Devel/NYTProf/Data.pm line 78.

#   Failed test 'test23-strevall.rdt match generated profile data'
#   at t/lib/NYTProfTest.pm line 275.
#     Structures begin differing at:
#          $got->[0] = 'attribute	application	test61-submerge.p
#     '
#     $expected->[0] = 'attribute	application	test23-strevall.p
#     '
--- test23-strevall.rdt	2009-06-09 14:29:12.000000000 -0700
+++ test23-strevall.rdt_new	2009-07-13 00:50:03.000000000 -0700
@@ -1,4 +1,4 @@
-attribute	application	test23-strevall.p
+attribute	application	test61-submerge.p
 attribute	basetime	0
 attribute	clock_id	0
 attribute	nv_size	0
@@ -12,22 +12,6 @@
 attribute	total_stmts_measured	0
 attribute	total_sub_calls	0
 attribute	xs_version	0
-fid_block_time	1	4	[ 0 1 ]
-fid_block_time	3	1	0	0
-fid_block_time	3	1	1	0
-fid_block_time	3	1	2	45	[ 0 1 ]
-fid_fileinfo	1	[ test23-strevall.p   1 2 0 0 ]
-fid_fileinfo	2	[ (eval 0) 3 1 2 2 0 0 ]
-fid_fileinfo	3	[ /unknown-eval-invoker   3 130 0 0 ]
-fid_fileinfo	3	eval	1	[ 1 0 ]
-fid_line_time	1	4	[ 0 1 ]
-fid_line_time	3	1	0	0
-fid_line_time	3	1	1	0
-fid_line_time	3	1	2	45	[ 0 1 ]
-fid_sub_time	1	4	[ 0 1 ]
-fid_sub_time	3	1	0	0
-fid_sub_time	3	1	1	0
-fid_sub_time	3	1	2	45	[ 0 1 ]
-profile_modes	fid_block_time	block
+fid_fileinfo	[  ]
+fid_line_time	[  ]
 profile_modes	fid_line_time	line
-profile_modes	fid_sub_time	sub
Failed to open output 'nytprof_t.out': File exists (enable addpid option to protect against concurrent writes) at ../blib/lib/Devel/NYTProf.pm line 43.
Compilation failed in require.
BEGIN failed--compilation aborted.
Error status 4352 from /usr/bin/perl5.10 -d:NYTProf test23-strevall.p!
NYTPROF=compress=1:file=nytprof_t.out:leave=0:savesrc=0:start=init:use_db_sub=1

#   Failed test 'test23-strevall.p runs ok under the profiler'
#   at t/lib/NYTProfTest.pm line 255.

#   Failed test 'test23-strevall.rdt match generated profile data'
#   at t/lib/NYTProfTest.pm line 275.
#     Structures begin differing at:
#          $got->[0] = 'attribute	application	test60-subname.p
#     '
#     $expected->[0] = 'attribute	application	test23-strevall.p
#     '
--- test23-strevall.rdt	2009-06-09 14:29:12.000000000 -0700
+++ test23-strevall.rdt_new	2009-07-13 00:50:05.000000000 -0700
@@ -1,4 +1,4 @@
-attribute	application	test23-strevall.p
+attribute	application	test60-subname.p
 attribute	basetime	0
 attribute	clock_id	0
 attribute	nv_size	0
@@ -12,22 +12,55 @@
 attribute	total_stmts_measured	0
 attribute	total_sub_calls	0
 attribute	xs_version	0
-fid_block_time	1	4	[ 0 1 ]
-fid_block_time	3	1	0	0
-fid_block_time	3	1	1	0
-fid_block_time	3	1	2	45	[ 0 1 ]
-fid_fileinfo	1	[ test23-strevall.p   1 2 0 0 ]
-fid_fileinfo	2	[ (eval 0) 3 1 2 2 0 0 ]
-fid_fileinfo	3	[ /unknown-eval-invoker   3 130 0 0 ]
-fid_fileinfo	3	eval	1	[ 1 0 ]
-fid_line_time	1	4	[ 0 1 ]
-fid_line_time	3	1	0	0
-fid_line_time	3	1	1	0
-fid_line_time	3	1	2	45	[ 0 1 ]
-fid_sub_time	1	4	[ 0 1 ]
-fid_sub_time	3	1	0	0
-fid_sub_time	3	1	1	0
-fid_sub_time	3	1	2	45	[ 0 1 ]
+fid_block_time	1	5	[ 0 1 ]
+fid_block_time	1	9	[ 0 1 ]
+fid_block_time	1	12	[ 0 1 ]
+fid_block_time	1	15	[ 0 1 ]
+fid_block_time	1	16	[ 0 1 ]
+fid_block_time	1	18	[ 0 1 ]
+fid_block_time	1	19	[ 0 1 ]
+fid_block_time	1	24	[ 0 1 ]
+fid_block_time	1	25	[ 0 1 ]
+fid_fileinfo	1	[ test60-subname.p   1 2 0 0 ]
+fid_fileinfo	1	sub	main::BEGIN	2-2
+fid_fileinfo	1	sub	main::launch	24-24
+fid_fileinfo	1	call	5	Devel::NYTProf::Test::example_xsub	[ 1 0 0 0 0 0 0 ]
+fid_fileinfo	1	call	9	Devel::NYTProf::Test::example_xsub	[ 1 0 0 0 0 0 0 ]
+fid_fileinfo	1	call	12	Devel::NYTProf::Test::example_xsub	[ 1 0 0 0 0 0 0 ]
+fid_fileinfo	1	call	16	Devel::NYTProf::Test::example_xsub	[ 1 0 0 0 0 0 0 ]
+fid_fileinfo	1	call	19	Devel::NYTProf::Test::example_xsub	[ 1 0 0 0 0 0 0 ]
+fid_fileinfo	1	call	25	main::launch	[ 1 0 0 0 0 0 0 ]
+fid_fileinfo	2	[ Devel/NYTProf/Test.pm   2 4 0 0 ]
+fid_fileinfo	2	sub	Devel::NYTProf::Test::example_sub	13-13
+fid_fileinfo	2	sub	Devel::NYTProf::Test::example_xsub	0-0
+fid_line_time	1	5	[ 0 1 ]
+fid_line_time	1	9	[ 0 1 ]
+fid_line_time	1	12	[ 0 1 ]
+fid_line_time	1	15	[ 0 1 ]
+fid_line_time	1	16	[ 0 1 ]
+fid_line_time	1	18	[ 0 1 ]
+fid_line_time	1	19	[ 0 1 ]
+fid_line_time	1	24	[ 0 1 ]
+fid_line_time	1	25	[ 0 1 ]
+fid_sub_time	1	5	[ 0 1 ]
+fid_sub_time	1	9	[ 0 1 ]
+fid_sub_time	1	12	[ 0 1 ]
+fid_sub_time	1	15	[ 0 1 ]
+fid_sub_time	1	16	[ 0 1 ]
+fid_sub_time	1	18	[ 0 1 ]
+fid_sub_time	1	19	[ 0 1 ]
+fid_sub_time	1	24	[ 0 1 ]
+fid_sub_time	1	25	[ 0 1 ]
 profile_modes	fid_block_time	block
 profile_modes	fid_line_time	line
 profile_modes	fid_sub_time	sub
+sub_subinfo	Devel::NYTProf::Test::example_sub	[ 2 13 13 0 0 0 0 0 ]
+sub_subinfo	Devel::NYTProf::Test::example_xsub	[ 2 0 0 5 0 0 0 0 ]
+sub_subinfo	Devel::NYTProf::Test::example_xsub	called_by	1	5	[ 1 0 0 0 0 0 0 ]
+sub_subinfo	Devel::NYTProf::Test::example_xsub	called_by	1	9	[ 1 0 0 0 0 0 0 ]
+sub_subinfo	Devel::NYTProf::Test::example_xsub	called_by	1	12	[ 1 0 0 0 0 0 0 ]
+sub_subinfo	Devel::NYTProf::Test::example_xsub	called_by	1	16	[ 1 0 0 0 0 0 0 ]
+sub_subinfo	Devel::NYTProf::Test::example_xsub	called_by	1	19	[ 1 0 0 0 0 0 0 ]
+sub_subinfo	main::BEGIN	[ 1 2 2 0 0 0 0 0 ]
+sub_subinfo	main::launch	[ 1 24 24 1 0 0 0 0 ]
+sub_subinfo	main::launch	called_by	1	25	[ 1 0 0 0 0 0 0 ]
profile data possibly truncated, no terminator for 1 pids at /Users/leto/Downloads/Devel-NYTProf-2.10/blib/lib/Devel/NYTProf/Data.pm line 78.

#   Failed test 'test23-strevall.rdt match generated profile data'
#   at t/lib/NYTProfTest.pm line 275.
#     Structures begin differing at:
#          $got->[0] = 'attribute	application	test60-subname.p
#     '
#     $expected->[0] = 'attribute	application	test23-strevall.p
#     '
--- test23-strevall.rdt	2009-06-09 14:29:12.000000000 -0700
+++ test23-strevall.rdt_new	2009-07-13 00:50:05.000000000 -0700
@@ -1,4 +1,4 @@
-attribute	application	test23-strevall.p
+attribute	application	test60-subname.p
 attribute	basetime	0
 attribute	clock_id	0
 attribute	nv_size	0
@@ -12,22 +12,6 @@
 attribute	total_stmts_measured	0
 attribute	total_sub_calls	0
 attribute	xs_version	0
-fid_block_time	1	4	[ 0 1 ]
-fid_block_time	3	1	0	0
-fid_block_time	3	1	1	0
-fid_block_time	3	1	2	45	[ 0 1 ]
-fid_fileinfo	1	[ test23-strevall.p   1 2 0 0 ]
-fid_fileinfo	2	[ (eval 0) 3 1 2 2 0 0 ]
-fid_fileinfo	3	[ /unknown-eval-invoker   3 130 0 0 ]
-fid_fileinfo	3	eval	1	[ 1 0 ]
-fid_line_time	1	4	[ 0 1 ]
-fid_line_time	3	1	0	0
-fid_line_time	3	1	1	0
-fid_line_time	3	1	2	45	[ 0 1 ]
-fid_sub_time	1	4	[ 0 1 ]
-fid_sub_time	3	1	0	0
-fid_sub_time	3	1	1	0
-fid_sub_time	3	1	2	45	[ 0 1 ]
-profile_modes	fid_block_time	block
+fid_fileinfo	[  ]
+fid_line_time	[  ]
 profile_modes	fid_line_time	line
-profile_modes	fid_sub_time	sub
Failed to open output 'nytprof_t.out': File exists (enable addpid option to protect against concurrent writes) at ../blib/lib/Devel/NYTProf.pm line 43.
Compilation failed in require.
BEGIN failed--compilation aborted.
Error status 4352 from /usr/bin/perl5.10 -d:NYTProf test23-strevall.p!
NYTPROF=compress=1:file=nytprof_t.out:leave=0:savesrc=1:start=init:use_db_sub=1

#   Failed test 'test23-strevall.p runs ok under the profiler'
#   at t/lib/NYTProfTest.pm line 255.
profile data possibly truncated, no terminator for 1 pids at /Users/leto/Downloads/Devel-NYTProf-2.10/blib/lib/Devel/NYTProf/Data.pm line 78.

#   Failed test 'test23-strevall.rdt match generated profile data'
#   at t/lib/NYTProfTest.pm line 275.
#     Structures begin differing at:
#          $got->[0] = 'attribute	application	test80-recurs.p
#     '
#     $expected->[0] = 'attribute	application	test23-strevall.p
#     '
--- test23-strevall.rdt	2009-06-09 14:29:12.000000000 -0700
+++ test23-strevall.rdt_new	2009-07-13 00:50:07.000000000 -0700
@@ -1,4 +1,4 @@
-attribute	application	test23-strevall.p
+attribute	application	test80-recurs.p
 attribute	basetime	0
 attribute	clock_id	0
 attribute	nv_size	0
@@ -12,22 +12,6 @@
 attribute	total_stmts_measured	0
 attribute	total_sub_calls	0
 attribute	xs_version	0
-fid_block_time	1	4	[ 0 1 ]
-fid_block_time	3	1	0	0
-fid_block_time	3	1	1	0
-fid_block_time	3	1	2	45	[ 0 1 ]
-fid_fileinfo	1	[ test23-strevall.p   1 2 0 0 ]
-fid_fileinfo	2	[ (eval 0) 3 1 2 2 0 0 ]
-fid_fileinfo	3	[ /unknown-eval-invoker   3 130 0 0 ]
-fid_fileinfo	3	eval	1	[ 1 0 ]
-fid_line_time	1	4	[ 0 1 ]
-fid_line_time	3	1	0	0
-fid_line_time	3	1	1	0
-fid_line_time	3	1	2	45	[ 0 1 ]
-fid_sub_time	1	4	[ 0 1 ]
-fid_sub_time	3	1	0	0
-fid_sub_time	3	1	1	0
-fid_sub_time	3	1	2	45	[ 0 1 ]
-profile_modes	fid_block_time	block
+fid_fileinfo	[  ]
+fid_line_time	[  ]
 profile_modes	fid_line_time	line
-profile_modes	fid_sub_time	sub
# Test failures of test23-strevall related to settings:
#        compress: 0 => {fail 6,pass 2}, 1 => {fail 5,pass 3}
#           leave: 0 => {fail 6,pass 2}, 1 => {fail 5,pass 3}
#         savesrc: 0 => {fail 5,pass 3}, 1 => {fail 6,pass 2}
#      use_db_sub: 0 => {fail 5,pass 3}, 1 => {fail 6,pass 2}
# Looks like you failed 13 tests of 33.
t/test23-strevall.t .. 
Dubious, test returned 13 (wstat 3328, 0xd00)
Failed 13/33 subtests 
# No filename specified at t/lib/NYTProfTest.pm line 262

#   Failed test 'test60-subname.rdt'
#   at t/lib/NYTProfTest.pm line 265.
# Test failures of test60-subname related to settings:
#           leave: 0 => {pass 8}, 1 => {fail 6,pass 2}
#      use_db_sub: 0 => {fail 4,pass 4}, 1 => {fail 2,pass 6}
# Looks like you failed 7 tests of 33.
t/test60-subname.t ... 
Dubious, test returned 7 (wstat 1792, 0x700)
Failed 7/33 subtests 
profile data possibly truncated, no terminator for 1 pids at /Users/leto/Downloads/Devel-NYTProf-2.10/blib/lib/Devel/NYTProf/Data.pm line 78.

#   Failed test 'test80-recurs.rdt match generated profile data'
#   at t/lib/NYTProfTest.pm line 275.
#     Structures begin differing at:
#          $got->[0] = 'attribute	application	test70-subexcl.p
#     '
#     $expected->[0] = 'attribute	application	test80-recurs.p
#     '
--- test80-recurs.rdt	2009-01-19 04:10:44.000000000 -0800
+++ test80-recurs.rdt_new	2009-07-13 00:50:13.000000000 -0700
@@ -1,4 +1,4 @@
-attribute	application	test80-recurs.p
+attribute	application	test70-subexcl.p
 attribute	basetime	0
 attribute	clock_id	0
 attribute	nv_size	0
@@ -12,21 +12,6 @@
 attribute	total_stmts_measured	0
 attribute	total_sub_calls	0
 attribute	xs_version	0
-fid_block_time	1	2	[ 0 6 ]
-fid_block_time	1	7	[ 0 1 ]
-fid_fileinfo	1	[ test80-recurs.p   1 2 0 0 ]
-fid_fileinfo	1	sub	main::recurs	1-5
-fid_fileinfo	1	call	4	main::recurs	[ 1 0 0 0 0 0 1 ]
-fid_fileinfo	1	call	7	main::recurs	[ 1 0 0 0 0 0 0 ]
-fid_line_time	1	2	[ 0 2 ]
-fid_line_time	1	3	[ 0 2 ]
-fid_line_time	1	4	[ 0 2 ]
-fid_line_time	1	7	[ 0 1 ]
-fid_sub_time	1	2	[ 0 6 ]
-fid_sub_time	1	7	[ 0 1 ]
-profile_modes	fid_block_time	block
+fid_fileinfo	[  ]
+fid_line_time	[  ]
 profile_modes	fid_line_time	line
-profile_modes	fid_sub_time	sub
-sub_subinfo	main::recurs	[ 1 1 5 2 0 0 1 0 ]
-sub_subinfo	main::recurs	called_by	1	4	[ 1 0 0 0 0 0 1 ]
-sub_subinfo	main::recurs	called_by	1	7	[ 1 0 0 0 0 0 0 ]
profile data possibly truncated, no terminator for 1 pids at /Users/leto/Downloads/Devel-NYTProf-2.10/blib/lib/Devel/NYTProf/Data.pm line 78.

#   Failed test 'test80-recurs.rdt match generated profile data'
#   at t/lib/NYTProfTest.pm line 275.
#     Structures begin differing at:
#          $got->[0] = 'attribute	application	test70-subexcl.p
#     '
#     $expected->[0] = 'attribute	application	test80-recurs.p
#     '
--- test80-recurs.rdt	2009-01-19 04:10:44.000000000 -0800
+++ test80-recurs.rdt_new	2009-07-13 00:50:15.000000000 -0700
@@ -1,4 +1,4 @@
-attribute	application	test80-recurs.p
+attribute	application	test70-subexcl.p
 attribute	basetime	0
 attribute	clock_id	0
 attribute	nv_size	0
@@ -12,21 +12,6 @@
 attribute	total_stmts_measured	0
 attribute	total_sub_calls	0
 attribute	xs_version	0
-fid_block_time	1	2	[ 0 6 ]
-fid_block_time	1	7	[ 0 1 ]
-fid_fileinfo	1	[ test80-recurs.p   1 2 0 0 ]
-fid_fileinfo	1	sub	main::recurs	1-5
-fid_fileinfo	1	call	4	main::recurs	[ 1 0 0 0 0 0 1 ]
-fid_fileinfo	1	call	7	main::recurs	[ 1 0 0 0 0 0 0 ]
-fid_line_time	1	2	[ 0 2 ]
-fid_line_time	1	3	[ 0 2 ]
-fid_line_time	1	4	[ 0 2 ]
-fid_line_time	1	7	[ 0 1 ]
-fid_sub_time	1	2	[ 0 6 ]
-fid_sub_time	1	7	[ 0 1 ]
-profile_modes	fid_block_time	block
+fid_fileinfo	[  ]
+fid_line_time	[  ]
 profile_modes	fid_line_time	line
-profile_modes	fid_sub_time	sub
-sub_subinfo	main::recurs	[ 1 1 5 2 0 0 1 0 ]
-sub_subinfo	main::recurs	called_by	1	4	[ 1 0 0 0 0 0 1 ]
-sub_subinfo	main::recurs	called_by	1	7	[ 1 0 0 0 0 0 0 ]
t/test70-subexcl.t ... ok

#   Failed test 'test80-recurs.rdt match generated profile data'
#   at t/lib/NYTProfTest.pm line 275.
#     Structures begin differing at:
#          $got->[0] = 'attribute	application	test70-subexcl.p
#     '
#     $expected->[0] = 'attribute	application	test80-recurs.p
#     '
--- test80-recurs.rdt	2009-01-19 04:10:44.000000000 -0800
+++ test80-recurs.rdt_new	2009-07-13 00:50:17.000000000 -0700
@@ -1,4 +1,4 @@
-attribute	application	test80-recurs.p
+attribute	application	test70-subexcl.p
 attribute	basetime	0
 attribute	clock_id	0
 attribute	nv_size	0
@@ -12,21 +12,45 @@
 attribute	total_stmts_measured	0
 attribute	total_sub_calls	0
 attribute	xs_version	0
-fid_block_time	1	2	[ 0 6 ]
-fid_block_time	1	7	[ 0 1 ]
-fid_fileinfo	1	[ test80-recurs.p   1 2 0 0 ]
-fid_fileinfo	1	sub	main::recurs	1-5
-fid_fileinfo	1	call	4	main::recurs	[ 1 0 0 0 0 0 1 ]
-fid_fileinfo	1	call	7	main::recurs	[ 1 0 0 0 0 0 0 ]
-fid_line_time	1	2	[ 0 2 ]
-fid_line_time	1	3	[ 0 2 ]
-fid_line_time	1	4	[ 0 2 ]
-fid_line_time	1	7	[ 0 1 ]
-fid_sub_time	1	2	[ 0 6 ]
-fid_sub_time	1	7	[ 0 1 ]
+fid_block_time	1	8	[ 0 1 ]
+fid_block_time	1	11	[ 0 2 ]
+fid_block_time	1	15	[ 0 4 ]
+fid_block_time	1	20	[ 0 2 ]
+fid_block_time	1	24	[ 0 2 ]
+fid_block_time	1	28	[ 0 1 ]
+fid_fileinfo	1	[ test70-subexcl.p   1 2 0 0 ]
+fid_fileinfo	1	sub	main::A	10-12
+fid_fileinfo	1	sub	main::B	14-17
+fid_fileinfo	1	sub	main::C	19-21
+fid_fileinfo	1	sub	main::D	23-26
+fid_fileinfo	1	call	15	main::A	[ 2 0 0 0 0 0 0 ]
+fid_fileinfo	1	call	20	main::B	[ 2 0 0 0 0 0 0 ]
+fid_fileinfo	1	call	24	main::C	[ 1 0 0 0 0 0 0 ]
+fid_fileinfo	1	call	25	main::C	[ 1 0 0 0 0 0 0 ]
+fid_fileinfo	1	call	28	main::D	[ 1 0 0 0 0 0 0 ]
+fid_line_time	1	8	[ 0 1 ]
+fid_line_time	1	11	[ 0 2 ]
+fid_line_time	1	15	[ 0 2 ]
+fid_line_time	1	16	[ 0 2 ]
+fid_line_time	1	20	[ 0 2 ]
+fid_line_time	1	24	[ 0 1 ]
+fid_line_time	1	25	[ 0 1 ]
+fid_line_time	1	28	[ 0 1 ]
+fid_sub_time	1	8	[ 0 1 ]
+fid_sub_time	1	11	[ 0 2 ]
+fid_sub_time	1	15	[ 0 4 ]
+fid_sub_time	1	20	[ 0 2 ]
+fid_sub_time	1	24	[ 0 2 ]
+fid_sub_time	1	28	[ 0 1 ]
 profile_modes	fid_block_time	block
 profile_modes	fid_line_time	line
 profile_modes	fid_sub_time	sub
-sub_subinfo	main::recurs	[ 1 1 5 2 0 0 1 0 ]
-sub_subinfo	main::recurs	called_by	1	4	[ 1 0 0 0 0 0 1 ]
-sub_subinfo	main::recurs	called_by	1	7	[ 1 0 0 0 0 0 0 ]
+sub_subinfo	main::A	[ 1 10 12 2 0 0 0 0 ]
+sub_subinfo	main::A	called_by	1	15	[ 2 0 0 0 0 0 0 ]
+sub_subinfo	main::B	[ 1 14 17 2 0 0 0 0 ]
+sub_subinfo	main::B	called_by	1	20	[ 2 0 0 0 0 0 0 ]
+sub_subinfo	main::C	[ 1 19 21 2 0 0 0 0 ]
+sub_subinfo	main::C	called_by	1	24	[ 1 0 0 0 0 0 0 ]
+sub_subinfo	main::C	called_by	1	25	[ 1 0 0 0 0 0 0 ]
+sub_subinfo	main::D	[ 1 23 26 1 0 0 0 0 ]
+sub_subinfo	main::D	called_by	1	28	[ 1 0 0 0 0 0 0 ]
# Test failures of test80-recurs related to settings:
#        compress: 0 => {fail 4,pass 4}, 1 => {fail 3,pass 5}
#           leave: 0 => {pass 8}, 1 => {fail 7,pass 1}
#         savesrc: 0 => {fail 4,pass 4}, 1 => {fail 3,pass 5}
#      use_db_sub: 0 => {fail 4,pass 4}, 1 => {fail 3,pass 5}
# Looks like you failed 7 tests of 33.
t/test80-recurs.t .... 
Dubious, test returned 7 (wstat 1792, 0x700)
Failed 7/33 subtests 

Test Summary Report
-------------------
t/50-errno.t       (Wstat: 256 Tests: 6 Failed: 1)
  Failed test:  6
  Non-zero exit status: 1
t/test01.t         (Wstat: 512 Tests: 4 Failed: 1)
  Failed test:  4
  Non-zero exit status: 2
  Parse errors: Bad plan.  You planned 97 tests but ran 4.
t/test05.t         (Wstat: 512 Tests: 4 Failed: 2)
  Failed tests:  3-4
  Non-zero exit status: 2
  Parse errors: Bad plan.  You planned 81 tests but ran 4.
t/test03.t         (Wstat: 512 Tests: 4 Failed: 1)
  Failed test:  3
  Non-zero exit status: 2
  Parse errors: Bad plan.  You planned 81 tests but ran 4.
t/test02.t         (Wstat: 512 Tests: 4 Failed: 0)
  Non-zero exit status: 2
  Parse errors: Bad plan.  You planned 81 tests but ran 4.
t/test06.t         (Wstat: 512 Tests: 4 Failed: 0)
  Non-zero exit status: 2
  Parse errors: Bad plan.  You planned 81 tests but ran 4.
t/test09.t         (Wstat: 512 Tests: 4 Failed: 0)
  Non-zero exit status: 2
  Parse errors: Bad plan.  You planned 81 tests but ran 4.
t/test07.t         (Wstat: 512 Tests: 4 Failed: 1)
  Failed test:  4
  Non-zero exit status: 2
  Parse errors: Bad plan.  You planned 81 tests but ran 4.
t/test12.t         (Wstat: 512 Tests: 4 Failed: 2)
  Failed tests:  3-4
  Non-zero exit status: 2
  Parse errors: Bad plan.  You planned 81 tests but ran 4.
t/test14.t         (Wstat: 512 Tests: 4 Failed: 1)
  Failed test:  3
  Non-zero exit status: 2
  Parse errors: Bad plan.  You planned 81 tests but ran 4.
t/test10.t         (Wstat: 512 Tests: 4 Failed: 1)
  Failed test:  3
  Non-zero exit status: 2
  Parse errors: Bad plan.  You planned 81 tests but ran 4.
t/test11.t         (Wstat: 512 Tests: 4 Failed: 0)
  Non-zero exit status: 2
  Parse errors: Bad plan.  You planned 81 tests but ran 4.
t/test13.t         (Wstat: 512 Tests: 4 Failed: 1)
  Failed test:  3
  Non-zero exit status: 2
  Parse errors: Bad plan.  You planned 81 tests but ran 4.
t/test21-streval3.t (Wstat: 512 Tests: 4 Failed: 1)
  Failed test:  3
  Non-zero exit status: 2
  Parse errors: Bad plan.  You planned 81 tests but ran 4.
t/test16.t         (Wstat: 512 Tests: 4 Failed: 0)
  Non-zero exit status: 2
  Parse errors: Bad plan.  You planned 81 tests but ran 4.
t/test20-streval.t (Wstat: 512 Tests: 4 Failed: 1)
  Failed test:  4
  Non-zero exit status: 2
  Parse errors: Bad plan.  You planned 81 tests but ran 4.
t/test22-strevala.t (Wstat: 256 Tests: 33 Failed: 1)
  Failed test:  3
  Non-zero exit status: 1
t/test30-fork-0.t  (Wstat: 512 Tests: 4 Failed: 0)
  Non-zero exit status: 2
  Parse errors: Bad plan.  You planned 81 tests but ran 4.
t/test40pmc.t      (Wstat: 512 Tests: 4 Failed: 2)
  Failed tests:  3-4
  Non-zero exit status: 2
  Parse errors: Bad plan.  You planned 81 tests but ran 4.
t/test50-disable.t (Wstat: 512 Tests: 4 Failed: 0)
  Non-zero exit status: 2
  Parse errors: Bad plan.  You planned 81 tests but ran 4.
t/test51-enable.t  (Wstat: 512 Tests: 4 Failed: 0)
  Non-zero exit status: 2
  Parse errors: Bad plan.  You planned 129 tests but ran 4.
t/test61-submerge.t (Wstat: 1024 Tests: 33 Failed: 4)
  Failed tests:  7, 9, 11, 13
  Non-zero exit status: 4
t/test23-strevall.t (Wstat: 3328 Tests: 33 Failed: 13)
  Failed tests:  3, 7, 9, 11, 17, 21, 23, 27-29, 31-33
  Non-zero exit status: 13
t/test60-subname.t (Wstat: 1792 Tests: 33 Failed: 7)
  Failed tests:  3, 5, 7, 9-11, 17
  Non-zero exit status: 7
t/test80-recurs.t  (Wstat: 1792 Tests: 33 Failed: 7)
  Failed tests:  3, 5, 7, 9, 11, 13, 15
  Non-zero exit status: 7
Files=36, Tests=411, 39 wallclock secs ( 0.23 usr  0.12 sys +  5.58 cusr  2.77 csys =  8.70 CPU)
Result: FAIL
Failed 25/36 test programs. 47/411 subtests failed.
make: *** [test_dynamic] Error 7
