cpanm (App::cpanminus) 1.7041 on perl 5.024000 built for MSWin32-x64-multi-thread
Work directory is C:\BERRYB~1\524~1.0_6\data/.cpanm/work/1494968769.12260
You have make C:\berrybrew\5.24.0_64\c\bin\dmake.exe
You have LWP 6.15
You have "C:\Program Files\Git\usr\bin\tar.exe", "C:\Program Files\Git\usr\bin\gzip.exe" and "C:\Program Files\Git\mingw64\bin\bzip2.exe"
You have "C:\Program Files\Git\usr\bin\unzip.exe"
Searching Test::Trap () on cpanmetadb ...
--> Working on Test::Trap
Fetching http://www.cpan.org/authors/id/E/EB/EBHANSSEN/Test-Trap-v0.3.2.tar.gz
-> OK
Unpacking Test-Trap-v0.3.2.tar.gz
Entering Test-Trap-v0.3.2
Checking configure dependencies from META.json
Checking if you have ExtUtils::Install 1.46 ... Yes (2.04)
Checking if you have Module::Build 0.38 ... Yes (0.4218)
Configuring Test-Trap-v0.3.2
Running Build.PL
Created MYMETA.yml and MYMETA.json
Creating new 'Build' script for 'Test-Trap' version 'v0.3.2'
-> OK
Checking dependencies from MYMETA.json ...
Checking if you have constant 0 ... Yes (1.33)
Checking if you have Carp 0 ... Yes (1.40)
Checking if you have IO::Handle 0 ... Yes (1.36)
Checking if you have lib 0 ... Yes (0.63)
Checking if you have Test::Tester 0.107 ... Yes (1.302085)
Checking if you have warnings 0 ... Yes (1.36)
Checking if you have Test::More 0 ... Yes (1.302085)
Checking if you have Data::Dump 0 ... Yes (1.23)
Checking if you have version 0 ... Yes (0.9916)
Checking if you have Test::Builder 0 ... Yes (1.302085)
Checking if you have base 0 ... Yes (2.23)
Checking if you have File::Temp 0 ... Yes (0.2304)
Checking if you have Exporter 0 ... Yes (5.72)
Checking if you have strict 0 ... Yes (1.11)
Building and testing Test-Trap-v0.3.2
Building Test-Trap
# Testing Test::Trap 0.3.2, Perl 5.024000, C:\berrybrew\5.24.0_64\perl\bin\perl.exe
t\00-load.t ....................... ok
t\01-basic.t ...................... ok
t\02-reentrant.t .................. ok

#   Failed test 'Errno-unsetting trap unsets extended OS error (it's not localized)'
#   at t/03-files.pl line 216.
#          got: 'The system could not find the environment option that was entered'
#     expected: ''
# Looks like you failed 1 test of 93.
t\03-files-perlio.t ............... 
Dubious, test returned 1 (wstat 256, 0x100)
Failed 1/93 subtests 

#   Failed test 'Errno-unsetting trap unsets extended OS error (it's not localized)'
#   at t/03-files.pl line 216.
#          got: 'The system could not find the environment option that was entered'
#     expected: ''
# Looks like you failed 1 test of 93.
t\03-files-systemsafe-preserve.t .. 
Dubious, test returned 1 (wstat 256, 0x100)
Failed 1/93 subtests 

#   Failed test 'Errno-unsetting trap unsets extended OS error (it's not localized)'
#   at t/03-files.pl line 216.
#          got: 'The system could not find the environment option that was entered'
#     expected: ''
# Looks like you failed 1 test of 93.
t\03-files-systemsafe.t ........... 
Dubious, test returned 1 (wstat 256, 0x100)
Failed 1/93 subtests 

#   Failed test 'Errno-unsetting trap unsets extended OS error (it's not localized)'
#   at t/03-files.pl line 216.
#          got: 'The system could not find the environment option that was entered'
#     expected: ''
# Looks like you failed 1 test of 93.
t\03-files-tempfile-preserve.t .... 
Dubious, test returned 1 (wstat 256, 0x100)
Failed 1/93 subtests 

#   Failed test 'Errno-unsetting trap unsets extended OS error (it's not localized)'
#   at t/03-files.pl line 216.
#          got: 'The system could not find the environment option that was entered'
#     expected: ''
# Looks like you failed 1 test of 93.
t\03-files-tempfile.t ............. 
Dubious, test returned 1 (wstat 256, 0x100)
Failed 1/93 subtests 
t\04-exit.t ....................... ok
t\05-import.t ..................... ok
t\06-layers.t ..................... ok
t\07-subclass.t ................... ok
t\08-fork.t ....................... ok
t\09-array-accessor.t ............. ok
t\10-tester.t ..................... ok
t\11-systemsafe-basic.t ........... ok
t\12-systemsafe-errors.t .......... ok
t\13-regressions.t ................ ok
t\14-leaks.t ...................... skipped: Test::Refcount and Scalar::Util required to test refcount
Error removing C:/Users/soumya/AppData/Local/Temp/L10jRKma8S at C:/berrybrew/5.24.0_64/perl/lib/File/Temp.pm line 762.
Error removing C:/Users/soumya/AppData/Local/Temp/o2g9kKFPbK at C:/berrybrew/5.24.0_64/perl/lib/File/Temp.pm line 762.
Error removing C:/Users/soumya/AppData/Local/Temp/GOs0VSf8D6 at C:/berrybrew/5.24.0_64/perl/lib/File/Temp.pm line 762.
Error removing C:/Users/soumya/AppData/Local/Temp/DzFVzWIp45 at C:/berrybrew/5.24.0_64/perl/lib/File/Temp.pm line 762.
Error removing C:/Users/soumya/AppData/Local/Temp/M6u3EJBFms at C:/berrybrew/5.24.0_64/perl/lib/File/Temp.pm line 762.
Error removing C:/Users/soumya/AppData/Local/Temp/k1M7aACU7k at C:/berrybrew/5.24.0_64/perl/lib/File/Temp.pm line 762.
Error removing C:/Users/soumya/AppData/Local/Temp/swICHMDXkf at C:/berrybrew/5.24.0_64/perl/lib/File/Temp.pm line 762.
Error removing C:/Users/soumya/AppData/Local/Temp/qrfgqgZghv at C:/berrybrew/5.24.0_64/perl/lib/File/Temp.pm line 762.
Error removing C:/Users/soumya/AppData/Local/Temp/ShLamBmdiE at C:/berrybrew/5.24.0_64/perl/lib/File/Temp.pm line 762.
Error removing C:/Users/soumya/AppData/Local/Temp/YL3ZLEsbme at C:/berrybrew/5.24.0_64/perl/lib/File/Temp.pm line 762.
Error removing C:/Users/soumya/AppData/Local/Temp/iNlt0hhXKb at C:/berrybrew/5.24.0_64/perl/lib/File/Temp.pm line 762.
Error removing C:/Users/soumya/AppData/Local/Temp/Fpw8kchOuV at C:/berrybrew/5.24.0_64/perl/lib/File/Temp.pm line 762.
t\15-tempfile-options.t ........... ok
t\16-systemsafe-options.t ......... ok
t\99-coverage.t ................... ok

Test Summary Report
-------------------
t\03-files-perlio.t             (Wstat: 256 Tests: 93 Failed: 1)
  Failed test:  92
  Non-zero exit status: 1
t\03-files-systemsafe-preserve.t (Wstat: 256 Tests: 93 Failed: 1)
  Failed test:  92
  Non-zero exit status: 1
t\03-files-systemsafe.t         (Wstat: 256 Tests: 93 Failed: 1)
  Failed test:  92
  Non-zero exit status: 1
t\03-files-tempfile-preserve.t  (Wstat: 256 Tests: 93 Failed: 1)
  Failed test:  92
  Non-zero exit status: 1
t\03-files-tempfile.t           (Wstat: 256 Tests: 93 Failed: 1)
  Failed test:  92
  Non-zero exit status: 1
Files=22, Tests=1129, 16 wallclock secs ( 0.47 usr +  0.20 sys =  0.67 CPU)
Result: FAIL
Failed 5/22 test programs. 5/1129 subtests failed.
-> FAIL Installing Test::Trap failed. See C:\BERRYB~1\524~1.0_6\data\.cpanm\work\1494968769.12260\build.log for details. Retry with --force to force install it.
