Setting up Math::Pari with Perl 5.010000 on solaris version 2.9;
   cc=/export/home/apsuser/openpkg/bin/gcc, gccversion=4.2.2 (OpenPKG-CURRENT), ccflags='-fno-strict-aliasing -pipe -I/export/home/apsuser/openpkg/include -D_LARGEFILE_SOURCE -D_FILE_OFFSET_BITS=64',
   ld=/export/home/apsuser/openpkg/bin/gcc, ldflags='-L/export/home/apsuser/openpkg/lib ', optimize='-O2 -pipe'.
Found GP/PARI build directory in /tmp/pari/pari-2.1.7
     (integer-formatted version 2001007).
...Generating libPARI/paricfg.h ...
...Processor of family `sparcv9' detected
Checking if your kit is complete...
Looks good
...Via command-line: processor family `none'
...I will  use portable assembler-less build
Writing Makefile for Math::PARI::libPARI
Writing Makefile for Math::Pari
cp libPARI.dumb.pod blib/lib/Math/libPARI.dumb.pod
cp PariInit.pm blib/lib/Math/PariInit.pm
cp Pari.pm blib/lib/Math/Pari.pm
cp libPARI.pod blib/lib/Math/libPARI.pod
cd libPARI && make LIBPERL_A="libperl.a" LINKTYPE="dynamic" OPTIMIZE="-O2 -pipe" PREFIX="/export/home/apsuser/openpkg" PASTHRU_DEFINE="" PASTHRU_INC=""
make[1]: Entering directory `/export/home/apsuser/.cpan/build/Math-Pari-2.010709-tktoQY/libPARI'
/export/home/apsuser/openpkg/bin/perl -wle0 > pariinl.h
/export/home/apsuser/openpkg/bin/perl -pe1 /tmp/pari/pari-2.1.7/src/kernel/none/level0.h /tmp/pari/pari-2.1.7/src/kernel/none/level1.h			  >> pariinl.h
/export/home/apsuser/openpkg/bin/gcc -c  -I /tmp/pari/pari-2.1.7/src -I/tmp/pari/pari-2.1.7/src/headers -I/tmp/pari/pari-2.1.7/src/graph -I. -fno-strict-aliasing -pipe -I/export/home/apsuser/openpkg/include -D_LARGEFILE_SOURCE -D_FILE_OFFSET_BITS=64 -O2 -pipe   -DVERSION=\"\" -DXS_VERSION=\"\" -fPIC -Derr=pari_err -DSOLARIS -DASMINLINE -DGCC_INLINE -DDYNAMIC_PLOTTING -o es.o /tmp/pari/pari-2.1.7/src/language/es.c
/export/home/apsuser/openpkg/bin/gcc -c  -I /tmp/pari/pari-2.1.7/src -I/tmp/pari/pari-2.1.7/src/headers -I/tmp/pari/pari-2.1.7/src/graph -I. -fno-strict-aliasing -pipe -I/export/home/apsuser/openpkg/include -D_LARGEFILE_SOURCE -D_FILE_OFFSET_BITS=64 -O2 -pipe   -DVERSION=\"\" -DXS_VERSION=\"\" -fPIC -Derr=pari_err -DSOLARIS -DASMINLINE -DGCC_INLINE -DDYNAMIC_PLOTTING -o base5.o /tmp/pari/pari-2.1.7/src/basemath/base5.c
/export/home/apsuser/openpkg/bin/gcc -c  -I /tmp/pari/pari-2.1.7/src -I/tmp/pari/pari-2.1.7/src/headers -I/tmp/pari/pari-2.1.7/src/graph -I. -fno-strict-aliasing -pipe -I/export/home/apsuser/openpkg/include -D_LARGEFILE_SOURCE -D_FILE_OFFSET_BITS=64 -O2 -pipe   -DVERSION=\"\" -DXS_VERSION=\"\" -fPIC -Derr=pari_err -DSOLARIS -DASMINLINE -DGCC_INLINE -DDYNAMIC_PLOTTING -o bibli1.o /tmp/pari/pari-2.1.7/src/basemath/bibli1.c
/export/home/apsuser/openpkg/bin/gcc -c  -I /tmp/pari/pari-2.1.7/src -I/tmp/pari/pari-2.1.7/src/headers -I/tmp/pari/pari-2.1.7/src/graph -I. -fno-strict-aliasing -pipe -I/export/home/apsuser/openpkg/include -D_LARGEFILE_SOURCE -D_FILE_OFFSET_BITS=64 -O2 -pipe   -DVERSION=\"\" -DXS_VERSION=\"\" -fPIC -Derr=pari_err -DSOLARIS -DASMINLINE -DGCC_INLINE -DDYNAMIC_PLOTTING -o buch2.o /tmp/pari/pari-2.1.7/src/basemath/buch2.c
/export/home/apsuser/openpkg/bin/gcc -c  -I /tmp/pari/pari-2.1.7/src -I/tmp/pari/pari-2.1.7/src/headers -I/tmp/pari/pari-2.1.7/src/graph -I. -fno-strict-aliasing -pipe -I/export/home/apsuser/openpkg/include -D_LARGEFILE_SOURCE -D_FILE_OFFSET_BITS=64 -O2 -pipe   -DVERSION=\"\" -DXS_VERSION=\"\" -fPIC -Derr=pari_err -DSOLARIS -DASMINLINE -DGCC_INLINE -DDYNAMIC_PLOTTING -o init.o /tmp/pari/pari-2.1.7/src/language/init.c
/export/home/apsuser/openpkg/bin/gcc -c  -I /tmp/pari/pari-2.1.7/src -I/tmp/pari/pari-2.1.7/src/headers -I/tmp/pari/pari-2.1.7/src/graph -I. -fno-strict-aliasing -pipe -I/export/home/apsuser/openpkg/include -D_LARGEFILE_SOURCE -D_FILE_OFFSET_BITS=64 -O2 -pipe   -DVERSION=\"\" -DXS_VERSION=\"\" -fPIC -Derr=pari_err -DSOLARIS -DASMINLINE -DGCC_INLINE -DDYNAMIC_PLOTTING -o gen1.o /tmp/pari/pari-2.1.7/src/basemath/gen1.c
/export/home/apsuser/openpkg/bin/gcc -c  -I /tmp/pari/pari-2.1.7/src -I/tmp/pari/pari-2.1.7/src/headers -I/tmp/pari/pari-2.1.7/src/graph -I. -fno-strict-aliasing -pipe -I/export/home/apsuser/openpkg/include -D_LARGEFILE_SOURCE -D_FILE_OFFSET_BITS=64 -O2 -pipe   -DVERSION=\"\" -DXS_VERSION=\"\" -fPIC -Derr=pari_err -DSOLARIS -DASMINLINE -DGCC_INLINE -DDYNAMIC_PLOTTING -o galconj.o /tmp/pari/pari-2.1.7/src/basemath/galconj.c
/export/home/apsuser/openpkg/bin/gcc -c  -I /tmp/pari/pari-2.1.7/src -I/tmp/pari/pari-2.1.7/src/headers -I/tmp/pari/pari-2.1.7/src/graph -I. -fno-strict-aliasing -pipe -I/export/home/apsuser/openpkg/include -D_LARGEFILE_SOURCE -D_FILE_OFFSET_BITS=64 -O2 -pipe   -DVERSION=\"\" -DXS_VERSION=\"\" -fPIC -Derr=pari_err -DSOLARIS -DASMINLINE -DGCC_INLINE -DDYNAMIC_PLOTTING -o trans3.o /tmp/pari/pari-2.1.7/src/basemath/trans3.c
/export/home/apsuser/openpkg/bin/gcc -c  -I /tmp/pari/pari-2.1.7/src -I/tmp/pari/pari-2.1.7/src/headers -I/tmp/pari/pari-2.1.7/src/graph -I. -fno-strict-aliasing -pipe -I/export/home/apsuser/openpkg/include -D_LARGEFILE_SOURCE -D_FILE_OFFSET_BITS=64 -O2 -pipe   -DVERSION=\"\" -DXS_VERSION=\"\" -fPIC -Derr=pari_err -DSOLARIS -DASMINLINE -DGCC_INLINE -DDYNAMIC_PLOTTING -o buch4.o /tmp/pari/pari-2.1.7/src/basemath/buch4.c
/export/home/apsuser/openpkg/bin/gcc -c  -I /tmp/pari/pari-2.1.7/src -I/tmp/pari/pari-2.1.7/src/headers -I/tmp/pari/pari-2.1.7/src/graph -I. -fno-strict-aliasing -pipe -I/export/home/apsuser/openpkg/include -D_LARGEFILE_SOURCE -D_FILE_OFFSET_BITS=64 -O2 -pipe   -DVERSION=\"\" -DXS_VERSION=\"\" -fPIC -Derr=pari_err -DSOLARIS -DASMINLINE -DGCC_INLINE -DDYNAMIC_PLOTTING -o sumiter.o /tmp/pari/pari-2.1.7/src/language/sumiter.c
/export/home/apsuser/openpkg/bin/gcc -c  -I /tmp/pari/pari-2.1.7/src -I/tmp/pari/pari-2.1.7/src/headers -I/tmp/pari/pari-2.1.7/src/graph -I. -fno-strict-aliasing -pipe -I/export/home/apsuser/openpkg/include -D_LARGEFILE_SOURCE -D_FILE_OFFSET_BITS=64 -O2 -pipe   -DVERSION=\"\" -DXS_VERSION=\"\" -fPIC -Derr=pari_err -DSOLARIS -DASMINLINE -DGCC_INLINE -DDYNAMIC_PLOTTING -o polarit2.o /tmp/pari/pari-2.1.7/src/basemath/polarit2.c
/export/home/apsuser/openpkg/bin/gcc -c  -I /tmp/pari/pari-2.1.7/src -I/tmp/pari/pari-2.1.7/src/headers -I/tmp/pari/pari-2.1.7/src/graph -I. -fno-strict-aliasing -pipe -I/export/home/apsuser/openpkg/include -D_LARGEFILE_SOURCE -D_FILE_OFFSET_BITS=64 -O2 -pipe   -DVERSION=\"\" -DXS_VERSION=\"\" -fPIC -Derr=pari_err -DSOLARIS -DASMINLINE -DGCC_INLINE -DDYNAMIC_PLOTTING -o gen3.o /tmp/pari/pari-2.1.7/src/basemath/gen3.c
/export/home/apsuser/openpkg/bin/gcc -c  -I /tmp/pari/pari-2.1.7/src -I/tmp/pari/pari-2.1.7/src/headers -I/tmp/pari/pari-2.1.7/src/graph -I. -fno-strict-aliasing -pipe -I/export/home/apsuser/openpkg/include -D_LARGEFILE_SOURCE -D_FILE_OFFSET_BITS=64 -O2 -pipe   -DVERSION=\"\" -DXS_VERSION=\"\" -fPIC -Derr=pari_err -DSOLARIS -DASMINLINE -DGCC_INLINE -DDYNAMIC_PLOTTING -o alglin2.o /tmp/pari/pari-2.1.7/src/basemath/alglin2.c
/export/home/apsuser/openpkg/bin/gcc -c  -I /tmp/pari/pari-2.1.7/src -I/tmp/pari/pari-2.1.7/src/headers -I/tmp/pari/pari-2.1.7/src/graph -I. -fno-strict-aliasing -pipe -I/export/home/apsuser/openpkg/include -D_LARGEFILE_SOURCE -D_FILE_OFFSET_BITS=64 -O2 -pipe   -DVERSION=\"\" -DXS_VERSION=\"\" -fPIC -Derr=pari_err -DSOLARIS -DASMINLINE -DGCC_INLINE -DDYNAMIC_PLOTTING -o stark.o /tmp/pari/pari-2.1.7/src/modules/stark.c
/export/home/apsuser/openpkg/bin/gcc -c  -I /tmp/pari/pari-2.1.7/src -I/tmp/pari/pari-2.1.7/src/headers -I/tmp/pari/pari-2.1.7/src/graph -I. -fno-strict-aliasing -pipe -I/export/home/apsuser/openpkg/include -D_LARGEFILE_SOURCE -D_FILE_OFFSET_BITS=64 -O2 -pipe   -DVERSION=\"\" -DXS_VERSION=\"\" -fPIC -Derr=pari_err -DSOLARIS -DASMINLINE -DGCC_INLINE -DDYNAMIC_PLOTTING -o errmsg.o /tmp/pari/pari-2.1.7/src/language/errmsg.c
/export/home/apsuser/openpkg/bin/gcc -c  -I /tmp/pari/pari-2.1.7/src -I/tmp/pari/pari-2.1.7/src/headers -I/tmp/pari/pari-2.1.7/src/graph -I. -fno-strict-aliasing -pipe -I/export/home/apsuser/openpkg/include -D_LARGEFILE_SOURCE -D_FILE_OFFSET_BITS=64 -O2 -pipe   -DVERSION=\"\" -DXS_VERSION=\"\" -fPIC -Derr=pari_err -DSOLARIS -DASMINLINE -DGCC_INLINE -DDYNAMIC_PLOTTING -o arith1.o /tmp/pari/pari-2.1.7/src/basemath/arith1.c
/export/home/apsuser/openpkg/bin/gcc -c  -I /tmp/pari/pari-2.1.7/src -I/tmp/pari/pari-2.1.7/src/headers -I/tmp/pari/pari-2.1.7/src/graph -I. -fno-strict-aliasing -pipe -I/export/home/apsuser/openpkg/include -D_LARGEFILE_SOURCE -D_FILE_OFFSET_BITS=64 -O2 -pipe   -DVERSION=\"\" -DXS_VERSION=\"\" -fPIC -Derr=pari_err -DSOLARIS -DASMINLINE -DGCC_INLINE -DDYNAMIC_PLOTTING -o helpmsg.o /tmp/pari/pari-2.1.7/src/language/helpmsg.c
/export/home/apsuser/openpkg/bin/gcc -c  -I /tmp/pari/pari-2.1.7/src -I/tmp/pari/pari-2.1.7/src/headers -I/tmp/pari/pari-2.1.7/src/graph -I. -fno-strict-aliasing -pipe -I/export/home/apsuser/openpkg/include -D_LARGEFILE_SOURCE -D_FILE_OFFSET_BITS=64 -O2 -pipe   -DVERSION=\"\" -DXS_VERSION=\"\" -fPIC -Derr=pari_err -DSOLARIS -DASMINLINE -DGCC_INLINE -DDYNAMIC_PLOTTING -o buch1.o /tmp/pari/pari-2.1.7/src/basemath/buch1.c
/export/home/apsuser/openpkg/bin/gcc -c  -I /tmp/pari/pari-2.1.7/src -I/tmp/pari/pari-2.1.7/src/headers -I/tmp/pari/pari-2.1.7/src/graph -I. -fno-strict-aliasing -pipe -I/export/home/apsuser/openpkg/include -D_LARGEFILE_SOURCE -D_FILE_OFFSET_BITS=64 -O2 -pipe   -DVERSION=\"\" -DXS_VERSION=\"\" -fPIC -Derr=pari_err -DSOLARIS -DASMINLINE -DGCC_INLINE -DDYNAMIC_PLOTTING -o nffactor.o /tmp/pari/pari-2.1.7/src/modules/nffactor.c
/export/home/apsuser/openpkg/bin/gcc -c  -I /tmp/pari/pari-2.1.7/src -I/tmp/pari/pari-2.1.7/src/headers -I/tmp/pari/pari-2.1.7/src/graph -I. -fno-strict-aliasing -pipe -I/export/home/apsuser/openpkg/include -D_LARGEFILE_SOURCE -D_FILE_OFFSET_BITS=64 -O2 -pipe   -DVERSION=\"\" -DXS_VERSION=\"\" -fPIC -Derr=pari_err -DSOLARIS -DASMINLINE -DGCC_INLINE -DDYNAMIC_PLOTTING -o galois.o /tmp/pari/pari-2.1.7/src/modules/galois.c
/export/home/apsuser/openpkg/bin/gcc -c  -I /tmp/pari/pari-2.1.7/src -I/tmp/pari/pari-2.1.7/src/headers -I/tmp/pari/pari-2.1.7/src/graph -I. -fno-strict-aliasing -pipe -I/export/home/apsuser/openpkg/include -D_LARGEFILE_SOURCE -D_FILE_OFFSET_BITS=64 -O2 -pipe   -DVERSION=\"\" -DXS_VERSION=\"\" -fPIC -Derr=pari_err -DSOLARIS -DASMINLINE -DGCC_INLINE -DDYNAMIC_PLOTTING -o plotgnuplot.o /tmp/pari/pari-2.1.7/src/graph/plotgnuplot.c
/export/home/apsuser/openpkg/bin/gcc -c  -I /tmp/pari/pari-2.1.7/src -I/tmp/pari/pari-2.1.7/src/headers -I/tmp/pari/pari-2.1.7/src/graph -I. -fno-strict-aliasing -pipe -I/export/home/apsuser/openpkg/include -D_LARGEFILE_SOURCE -D_FILE_OFFSET_BITS=64 -O2 -pipe   -DVERSION=\"\" -DXS_VERSION=\"\" -fPIC -Derr=pari_err -DSOLARIS -DASMINLINE -DGCC_INLINE -DDYNAMIC_PLOTTING -o subfield.o /tmp/pari/pari-2.1.7/src/modules/subfield.c
/export/home/apsuser/openpkg/bin/gcc -c  -I /tmp/pari/pari-2.1.7/src -I/tmp/pari/pari-2.1.7/src/headers -I/tmp/pari/pari-2.1.7/src/graph -I. -fno-strict-aliasing -pipe -I/export/home/apsuser/openpkg/include -D_LARGEFILE_SOURCE -D_FILE_OFFSET_BITS=64 -O2 -pipe   -DVERSION=\"\" -DXS_VERSION=\"\" -fPIC -Derr=pari_err -DSOLARIS -DASMINLINE -DGCC_INLINE -DDYNAMIC_PLOTTING -o gen2.o /tmp/pari/pari-2.1.7/src/basemath/gen2.c
/export/home/apsuser/openpkg/bin/gcc -c  -I /tmp/pari/pari-2.1.7/src -I/tmp/pari/pari-2.1.7/src/headers -I/tmp/pari/pari-2.1.7/src/graph -I. -fno-strict-aliasing -pipe -I/export/home/apsuser/openpkg/include -D_LARGEFILE_SOURCE -D_FILE_OFFSET_BITS=64 -O2 -pipe   -DVERSION=\"\" -DXS_VERSION=\"\" -fPIC -Derr=pari_err -DSOLARIS -DASMINLINE -DGCC_INLINE -DDYNAMIC_PLOTTING -o highlvl.o /tmp/pari/pari-2.1.7/src/gp/highlvl.c
/export/home/apsuser/openpkg/bin/gcc -c  -I /tmp/pari/pari-2.1.7/src -I/tmp/pari/pari-2.1.7/src/headers -I/tmp/pari/pari-2.1.7/src/graph -I. -fno-strict-aliasing -pipe -I/export/home/apsuser/openpkg/include -D_LARGEFILE_SOURCE -D_FILE_OFFSET_BITS=64 -O2 -pipe   -DVERSION=\"\" -DXS_VERSION=\"\" -fPIC -Derr=pari_err -DSOLARIS -DASMINLINE -DGCC_INLINE -DDYNAMIC_PLOTTING -o arith2.o /tmp/pari/pari-2.1.7/src/basemath/arith2.c
/export/home/apsuser/openpkg/bin/gcc -c  -I /tmp/pari/pari-2.1.7/src -I/tmp/pari/pari-2.1.7/src/headers -I/tmp/pari/pari-2.1.7/src/graph -I. -fno-strict-aliasing -pipe -I/export/home/apsuser/openpkg/include -D_LARGEFILE_SOURCE -D_FILE_OFFSET_BITS=64 -O2 -pipe   -DVERSION=\"\" -DXS_VERSION=\"\" -fPIC -Derr=pari_err -DSOLARIS -DASMINLINE -DGCC_INLINE -DDYNAMIC_PLOTTING -o polarit1.o /tmp/pari/pari-2.1.7/src/basemath/polarit1.c
/export/home/apsuser/openpkg/bin/gcc -c  -I /tmp/pari/pari-2.1.7/src -I/tmp/pari/pari-2.1.7/src/headers -I/tmp/pari/pari-2.1.7/src/graph -I. -fno-strict-aliasing -pipe -I/export/home/apsuser/openpkg/include -D_LARGEFILE_SOURCE -D_FILE_OFFSET_BITS=64 -O2 -pipe   -DVERSION=\"\" -DXS_VERSION=\"\" -fPIC -Derr=pari_err -DSOLARIS -DASMINLINE -DGCC_INLINE -DDYNAMIC_PLOTTING -o subgroup.o /tmp/pari/pari-2.1.7/src/basemath/subgroup.c
/export/home/apsuser/openpkg/bin/gcc -c  -I /tmp/pari/pari-2.1.7/src -I/tmp/pari/pari-2.1.7/src/headers -I/tmp/pari/pari-2.1.7/src/graph -I. -fno-strict-aliasing -pipe -I/export/home/apsuser/openpkg/include -D_LARGEFILE_SOURCE -D_FILE_OFFSET_BITS=64 -O2 -pipe   -DVERSION=\"\" -DXS_VERSION=\"\" -fPIC -Derr=pari_err -DSOLARIS -DASMINLINE -DGCC_INLINE -DDYNAMIC_PLOTTING -o alglin1.o /tmp/pari/pari-2.1.7/src/basemath/alglin1.c
/export/home/apsuser/openpkg/bin/gcc -c  -I /tmp/pari/pari-2.1.7/src -I/tmp/pari/pari-2.1.7/src/headers -I/tmp/pari/pari-2.1.7/src/graph -I. -fno-strict-aliasing -pipe -I/export/home/apsuser/openpkg/include -D_LARGEFILE_SOURCE -D_FILE_OFFSET_BITS=64 -O2 -pipe   -DVERSION=\"\" -DXS_VERSION=\"\" -fPIC -Derr=pari_err -DSOLARIS -DASMINLINE -DGCC_INLINE -DDYNAMIC_PLOTTING -o base2.o /tmp/pari/pari-2.1.7/src/basemath/base2.c
/export/home/apsuser/openpkg/bin/gcc -c  -I /tmp/pari/pari-2.1.7/src -I/tmp/pari/pari-2.1.7/src/headers -I/tmp/pari/pari-2.1.7/src/graph -I. -fno-strict-aliasing -pipe -I/export/home/apsuser/openpkg/include -D_LARGEFILE_SOURCE -D_FILE_OFFSET_BITS=64 -O2 -pipe   -DVERSION=\"\" -DXS_VERSION=\"\" -fPIC -Derr=pari_err -DSOLARIS -DASMINLINE -DGCC_INLINE -DDYNAMIC_PLOTTING -o polarit3.o /tmp/pari/pari-2.1.7/src/basemath/polarit3.c
/export/home/apsuser/openpkg/bin/gcc -c  -I /tmp/pari/pari-2.1.7/src -I/tmp/pari/pari-2.1.7/src/headers -I/tmp/pari/pari-2.1.7/src/graph -I. -fno-strict-aliasing -pipe -I/export/home/apsuser/openpkg/include -D_LARGEFILE_SOURCE -D_FILE_OFFSET_BITS=64 -O2 -pipe   -DVERSION=\"\" -DXS_VERSION=\"\" -fPIC -Derr=pari_err -DSOLARIS -DASMINLINE -DGCC_INLINE -DDYNAMIC_PLOTTING -o ifactor1.o /tmp/pari/pari-2.1.7/src/basemath/ifactor1.c
/export/home/apsuser/openpkg/bin/gcc -c  -I /tmp/pari/pari-2.1.7/src -I/tmp/pari/pari-2.1.7/src/headers -I/tmp/pari/pari-2.1.7/src/graph -I. -fno-strict-aliasing -pipe -I/export/home/apsuser/openpkg/include -D_LARGEFILE_SOURCE -D_FILE_OFFSET_BITS=64 -O2 -pipe   -DVERSION=\"\" -DXS_VERSION=\"\" -fPIC -Derr=pari_err -DSOLARIS -DASMINLINE -DGCC_INLINE -DDYNAMIC_PLOTTING -o base1.o /tmp/pari/pari-2.1.7/src/basemath/base1.c
/export/home/apsuser/openpkg/bin/gcc -c  -I /tmp/pari/pari-2.1.7/src -I/tmp/pari/pari-2.1.7/src/headers -I/tmp/pari/pari-2.1.7/src/graph -I. -fno-strict-aliasing -pipe -I/export/home/apsuser/openpkg/include -D_LARGEFILE_SOURCE -D_FILE_OFFSET_BITS=64 -O2 -pipe   -DVERSION=\"\" -DXS_VERSION=\"\" -fPIC -Derr=pari_err -DSOLARIS -DASMINLINE -DGCC_INLINE -DDYNAMIC_PLOTTING -o bibli2.o /tmp/pari/pari-2.1.7/src/basemath/bibli2.c
/export/home/apsuser/openpkg/bin/gcc -c  -I /tmp/pari/pari-2.1.7/src -I/tmp/pari/pari-2.1.7/src/headers -I/tmp/pari/pari-2.1.7/src/graph -I. -fno-strict-aliasing -pipe -I/export/home/apsuser/openpkg/include -D_LARGEFILE_SOURCE -D_FILE_OFFSET_BITS=64 -O2 -pipe   -DVERSION=\"\" -DXS_VERSION=\"\" -fPIC -Derr=pari_err -DSOLARIS -DASMINLINE -DGCC_INLINE -DDYNAMIC_PLOTTING -o plotport.o /tmp/pari/pari-2.1.7/src/graph/plotport.c
/export/home/apsuser/openpkg/bin/gcc -c  -I /tmp/pari/pari-2.1.7/src -I/tmp/pari/pari-2.1.7/src/headers -I/tmp/pari/pari-2.1.7/src/graph -I. -fno-strict-aliasing -pipe -I/export/home/apsuser/openpkg/include -D_LARGEFILE_SOURCE -D_FILE_OFFSET_BITS=64 -O2 -pipe   -DVERSION=\"\" -DXS_VERSION=\"\" -fPIC -Derr=pari_err -DSOLARIS -DASMINLINE -DGCC_INLINE -DDYNAMIC_PLOTTING -o trans2.o /tmp/pari/pari-2.1.7/src/basemath/trans2.c
/export/home/apsuser/openpkg/bin/gcc -c  -I /tmp/pari/pari-2.1.7/src -I/tmp/pari/pari-2.1.7/src/headers -I/tmp/pari/pari-2.1.7/src/graph -I. -fno-strict-aliasing -pipe -I/export/home/apsuser/openpkg/include -D_LARGEFILE_SOURCE -D_FILE_OFFSET_BITS=64 -O2 -pipe   -DVERSION=\"\" -DXS_VERSION=\"\" -fPIC -Derr=pari_err -DSOLARIS -DASMINLINE -DGCC_INLINE -DDYNAMIC_PLOTTING -o trans1.o /tmp/pari/pari-2.1.7/src/basemath/trans1.c
/export/home/apsuser/openpkg/bin/gcc -c  -I /tmp/pari/pari-2.1.7/src -I/tmp/pari/pari-2.1.7/src/headers -I/tmp/pari/pari-2.1.7/src/graph -I. -fno-strict-aliasing -pipe -I/export/home/apsuser/openpkg/include -D_LARGEFILE_SOURCE -D_FILE_OFFSET_BITS=64 -O2 -pipe   -DVERSION=\"\" -DXS_VERSION=\"\" -fPIC -Derr=pari_err -DSOLARIS -DASMINLINE -DGCC_INLINE -DDYNAMIC_PLOTTING -o kummer.o /tmp/pari/pari-2.1.7/src/modules/kummer.c
/export/home/apsuser/openpkg/bin/gcc -c  -I /tmp/pari/pari-2.1.7/src -I/tmp/pari/pari-2.1.7/src/headers -I/tmp/pari/pari-2.1.7/src/graph -I. -fno-strict-aliasing -pipe -I/export/home/apsuser/openpkg/include -D_LARGEFILE_SOURCE -D_FILE_OFFSET_BITS=64 -O2 -pipe   -DVERSION=\"\" -DXS_VERSION=\"\" -fPIC -Derr=pari_err -DSOLARIS -DASMINLINE -DGCC_INLINE -DDYNAMIC_PLOTTING -o buch3.o /tmp/pari/pari-2.1.7/src/basemath/buch3.c
/export/home/apsuser/openpkg/bin/gcc -c  -I /tmp/pari/pari-2.1.7/src -I/tmp/pari/pari-2.1.7/src/headers -I/tmp/pari/pari-2.1.7/src/graph -I. -fno-strict-aliasing -pipe -I/export/home/apsuser/openpkg/include -D_LARGEFILE_SOURCE -D_FILE_OFFSET_BITS=64 -O2 -pipe   -DVERSION=\"\" -DXS_VERSION=\"\" -fPIC -Derr=pari_err -DSOLARIS -DASMINLINE -DGCC_INLINE -DDYNAMIC_PLOTTING -o elliptic.o /tmp/pari/pari-2.1.7/src/modules/elliptic.c
/export/home/apsuser/openpkg/bin/gcc -c  -I /tmp/pari/pari-2.1.7/src -I/tmp/pari/pari-2.1.7/src/headers -I/tmp/pari/pari-2.1.7/src/graph -I. -fno-strict-aliasing -pipe -I/export/home/apsuser/openpkg/include -D_LARGEFILE_SOURCE -D_FILE_OFFSET_BITS=64 -O2 -pipe   -DVERSION=\"\" -DXS_VERSION=\"\" -fPIC -Derr=pari_err -DSOLARIS -DASMINLINE -DGCC_INLINE -DDYNAMIC_PLOTTING -o mpqs.o /tmp/pari/pari-2.1.7/src/modules/mpqs.c
/export/home/apsuser/openpkg/bin/gcc -c  -I /tmp/pari/pari-2.1.7/src -I/tmp/pari/pari-2.1.7/src/headers -I/tmp/pari/pari-2.1.7/src/graph -I. -fno-strict-aliasing -pipe -I/export/home/apsuser/openpkg/include -D_LARGEFILE_SOURCE -D_FILE_OFFSET_BITS=64 -O2 -pipe   -DVERSION=\"\" -DXS_VERSION=\"\" -fPIC -Derr=pari_err -DSOLARIS -DASMINLINE -DGCC_INLINE -DDYNAMIC_PLOTTING -o thue.o /tmp/pari/pari-2.1.7/src/modules/thue.c
/export/home/apsuser/openpkg/bin/gcc -c  -I /tmp/pari/pari-2.1.7/src -I/tmp/pari/pari-2.1.7/src/headers -I/tmp/pari/pari-2.1.7/src/graph -I. -fno-strict-aliasing -pipe -I/export/home/apsuser/openpkg/include -D_LARGEFILE_SOURCE -D_FILE_OFFSET_BITS=64 -O2 -pipe   -DVERSION=\"\" -DXS_VERSION=\"\" -fPIC -Derr=pari_err -DSOLARIS -DASMINLINE -DGCC_INLINE -DDYNAMIC_PLOTTING -o base4.o /tmp/pari/pari-2.1.7/src/basemath/base4.c
/export/home/apsuser/openpkg/bin/gcc -c  -I /tmp/pari/pari-2.1.7/src -I/tmp/pari/pari-2.1.7/src/headers -I/tmp/pari/pari-2.1.7/src/graph -I. -fno-strict-aliasing -pipe -I/export/home/apsuser/openpkg/include -D_LARGEFILE_SOURCE -D_FILE_OFFSET_BITS=64 -O2 -pipe   -DVERSION=\"\" -DXS_VERSION=\"\" -fPIC -Derr=pari_err -DSOLARIS -DASMINLINE -DGCC_INLINE -DDYNAMIC_PLOTTING -o rootpol.o /tmp/pari/pari-2.1.7/src/basemath/rootpol.c
/export/home/apsuser/openpkg/bin/gcc -c  -I /tmp/pari/pari-2.1.7/src -I/tmp/pari/pari-2.1.7/src/headers -I/tmp/pari/pari-2.1.7/src/graph -I. -fno-strict-aliasing -pipe -I/export/home/apsuser/openpkg/include -D_LARGEFILE_SOURCE -D_FILE_OFFSET_BITS=64 -O2 -pipe   -DVERSION=\"\" -DXS_VERSION=\"\" -fPIC -Derr=pari_err -DSOLARIS -DASMINLINE -DGCC_INLINE -DDYNAMIC_PLOTTING -o anal.o /tmp/pari/pari-2.1.7/src/language/anal.c
/export/home/apsuser/openpkg/bin/gcc -c  -I /tmp/pari/pari-2.1.7/src -I/tmp/pari/pari-2.1.7/src/headers -I/tmp/pari/pari-2.1.7/src/graph -I. -fno-strict-aliasing -pipe -I/export/home/apsuser/openpkg/include -D_LARGEFILE_SOURCE -D_FILE_OFFSET_BITS=64 -O2 -pipe   -DVERSION=\"\" -DXS_VERSION=\"\" -fPIC -Derr=pari_err -DSOLARIS -DASMINLINE -DGCC_INLINE -DDYNAMIC_PLOTTING -o compat.o /tmp/pari/pari-2.1.7/src/language/compat.c
/export/home/apsuser/openpkg/bin/gcc -c  -I /tmp/pari/pari-2.1.7/src -I/tmp/pari/pari-2.1.7/src/headers -I/tmp/pari/pari-2.1.7/src/graph -I. -fno-strict-aliasing -pipe -I/export/home/apsuser/openpkg/include -D_LARGEFILE_SOURCE -D_FILE_OFFSET_BITS=64 -O2 -pipe   -DVERSION=\"\" -DXS_VERSION=\"\" -fPIC -Derr=pari_err -DSOLARIS -DASMINLINE -DGCC_INLINE -DDYNAMIC_PLOTTING -o base3.o /tmp/pari/pari-2.1.7/src/basemath/base3.c
/export/home/apsuser/openpkg/bin/gcc -c  -I /tmp/pari/pari-2.1.7/src -I/tmp/pari/pari-2.1.7/src/headers -I/tmp/pari/pari-2.1.7/src/graph -I. -fno-strict-aliasing -pipe -I/export/home/apsuser/openpkg/include -D_LARGEFILE_SOURCE -D_FILE_OFFSET_BITS=64 -O2 -pipe   -DVERSION=\"\" -DXS_VERSION=\"\" -fPIC -Derr=pari_err -DSOLARIS -DASMINLINE -DGCC_INLINE -DDYNAMIC_PLOTTING -o mp.o /tmp/pari/pari-2.1.7/src/kernel/none/mp.c
/export/home/apsuser/openpkg/bin/gcc -c  -I /tmp/pari/pari-2.1.7/src -I/tmp/pari/pari-2.1.7/src/headers -I/tmp/pari/pari-2.1.7/src/graph -I. -fno-strict-aliasing -pipe -I/export/home/apsuser/openpkg/include -D_LARGEFILE_SOURCE -D_FILE_OFFSET_BITS=64 -O2 -pipe   -DVERSION=\"\" -DXS_VERSION=\"\" -fPIC -Derr=pari_err -DSOLARIS -DASMINLINE -DGCC_INLINE -DDYNAMIC_PLOTTING -o mpinl.o /tmp/pari/pari-2.1.7/src/kernel/none/level1.c
/export/home/apsuser/openpkg/bin/gcc -c  -I /tmp/pari/pari-2.1.7/src -I/tmp/pari/pari-2.1.7/src/headers -I/tmp/pari/pari-2.1.7/src/graph -I. -fno-strict-aliasing -pipe -I/export/home/apsuser/openpkg/include -D_LARGEFILE_SOURCE -D_FILE_OFFSET_BITS=64 -O2 -pipe   -DVERSION=\"\" -DXS_VERSION=\"\" -fPIC  -o kernel.o /tmp/pari/pari-2.1.7/src/kernel/none/level0.c
rm -f libPARI.a
ar  cr libPARI.a es.o base5.o bibli1.o buch2.o init.o gen1.o galconj.o trans3.o buch4.o sumiter.o polarit2.o gen3.o alglin2.o stark.o errmsg.o arith1.o helpmsg.o buch1.o nffactor.o galois.o plotgnuplot.o subfield.o gen2.o highlvl.o arith2.o polarit1.o subgroup.o alglin1.o base2.o polarit3.o ifactor1.o base1.o bibli2.o plotport.o trans2.o trans1.o kummer.o buch3.o elliptic.o mpqs.o thue.o base4.o rootpol.o anal.o compat.o base3.o mp.o mpinl.o kernel.o
: libPARI.a
make[1]: Leaving directory `/export/home/apsuser/.cpan/build/Math-Pari-2.010709-tktoQY/libPARI'
make[1]: Entering directory `/export/home/apsuser/.cpan/build/Math-Pari-2.010709-tktoQY/libPARI'
make[1]: Nothing to be done for `all'.
make[1]: Leaving directory `/export/home/apsuser/.cpan/build/Math-Pari-2.010709-tktoQY/libPARI'
/export/home/apsuser/openpkg/bin/perl /export/home/apsuser/openpkg/lib/perl/5.10.0/ExtUtils/xsubpp  -typemap /export/home/apsuser/openpkg/lib/perl/5.10.0/ExtUtils/typemap -typemap typemap  Pari.xs > Pari.xsc && mv Pari.xsc Pari.c
/export/home/apsuser/openpkg/bin/gcc -c  -I /tmp/pari/pari-2.1.7/src -I/tmp/pari/pari-2.1.7/src/headers -I/tmp/pari/pari-2.1.7/src -I./libPARI -fno-strict-aliasing -pipe -I/export/home/apsuser/openpkg/include -D_LARGEFILE_SOURCE -D_FILE_OFFSET_BITS=64 -O2 -pipe   -DVERSION=\"2.010709\" -DXS_VERSION=\"2.010709\" -fPIC "-I/export/home/apsuser/openpkg/lib/perl/5.10.0/sun4-solaris/CORE"  -DPARI_VERSION_EXP=2001007 -DDEBUG_PARI -DLSB_in_U32=3 -Derr=pari_err -DGCC_INLINE Pari.c
