From: srezic@cpan.org
X-Test-Reporter-Distfile: MOB/Signals-XSIG-0.15_01.tar.gz
X-Test-Reporter-Perl: v5.20.3
Subject: FAIL Signals-XSIG-0.15_01 amd64-freebsd 10.1-release
Report: This distribution has been tested as part of the CPAN Testers
project, supporting the Perl programming language.  See
http://wiki.cpantesters.org/ for more information or email
questions to cpan-testers-discuss@perl.org


--
Dear Marty O'Brien,

This is a computer-generated report for Signals-XSIG-0.15_01
on perl 5.20.3, created by CPAN-Reporter-1.2017.

Thank you for uploading your work to CPAN.  However, there was a problem
testing your distribution.

If you think this report is invalid, please consult the CPAN Testers Wiki
for suggestions on how to avoid getting FAIL reports for missing library
or binary dependencies, unsupported operating systems, and so on:

http://wiki.cpantesters.org/wiki/CPANAuthorNotes

Sections of this report:

    * Tester comments
    * Program output
    * Prerequisites
    * Environment and other context

------------------------------
TESTER COMMENTS
------------------------------

Additional comments from tester:

none provided

------------------------------
PROGRAM OUTPUT
------------------------------

Output from '/usr/bin/make test':

PERL_DL_NONLAZY=1 "/usr/perl5.20.3p/bin/perl" "-MExtUtils::Command::MM" "-MTest::Harness" "-e" "undef *Test::Harness::Switches; test_harness(0, 'blib/lib', 'blib/arch')" t/*.t
# Testing Signals::XSIG 0.15_01, Perl 5.020003, /usr/perl5.20.3p/bin/perl
t/00-load.t ............... ok
No such signal: SIGxyz at /home/cpansand/.cpan/build/2017042700/Signals-XSIG-0.15_01-4/blib/lib/Signals/XSIG.pm line 283, <DATA> line 287.
t/01-SIG.t ................ ok

#   Failed test 'SIGUSR1(1) handler undef after %SIG cleared'
#   at t/02-SIGhash.t line 33.
# Defined handlers: USR1
# $VAR1 = 'tied SIG dump:';
# $VAR2 = bless( {
#   'DEBUG_LOG' => [
#     [
#       'STORE',
#       [
#         'USR1',
#         'IGNORE'
#       ],
#       '0.163748979568481',
#       [
#         'Some::Package',
#         't/02-SIGhash.t',
#         23
#       ]
#     ],
#     [
#       'UNTIE',
#       [
#         2
#       ],
#       '0.163808107376099',
#       [
#         'Signals::XSIG',
#         '/home/cpansand/.cpan/build/2017042700/Signals-XSIG-0.15_01-4/blib/lib/Signals/XSIG.pm',
#         189
#       ]
#     ],
#     [
#       'TIE',
#       [],
#       '0.163842916488647',
#       [
#         'Signals::XSIG',
#         '/home/cpansand/.cpan/build/2017042700/Signals-XSIG-0.15_01-4/blib/lib/Signals/XSIG.pm',
#         191
#       ]
#     ],
#     [
#       'STORE',
#       [
#         'USR2',
#         'DEFAULT'
#       ],
#       '0.163877010345459',
#       [
#         'Some::Package',
#         't/02-SIGhash.t',
#         23
#       ]
#     ],
#     [
#       'UNTIE',
#       [
#         3
#       ],
#       '0.163916110992432',
#       [
#         'Signals::XSIG',
#         '/home/cpansand/.cpan/build/2017042700/Signals-XSIG-0.15_01-4/blib/lib/Signals/XSIG.pm',
#         189
#       ]
#     ],
#     [
#       'TIE',
#       [],
#       '0.163942098617554',
#       [
#         'Signals::XSIG',
#         '/home/cpansand/.cpan/build/2017042700/Signals-XSIG-0.15_01-4/blib/lib/Signals/XSIG.pm',
#         191
#       ]
#     ],
#     [
#       'FETCH',
#       [
#         'USR1'
#       ],
#       '0.16396689414978',
#       [
#         'Some::Package',
#         't/02-SIGhash.t',
#         24
#       ]
#     ],
#     [
#       'FETCH',
#       [
#         'USR2'
#       ],
#       '0.164194107055664',
#       [
#         'Some::Package',
#         't/02-SIGhash.t',
#         25
#       ]
#     ],
#     [
#       'CLEAR',
#       [],
#       '0.164714097976685',
#       [
#         'Some::Package',
#         't/02-SIGhash.t',
#         30
#       ]
#     ],
#     [
#       'TIE',
#       [],
#       '0.164761066436768',
#       [
#         'Signals::XSIG',
#         '/home/cpansand/.cpan/build/2017042700/Signals-XSIG-0.15_01-4/blib/lib/Signals/XSIG.pm',
#         191
#       ]
#     ],
#     [
#       'UNTIE',
#       [
#         2
#       ],
#       '0.164777994155884',
#       [
#         'Signals::XSIG',
#         '/home/cpansand/.cpan/build/2017042700/Signals-XSIG-0.15_01-4/blib/lib/Signals/XSIG.pm',
#         189
#       ]
#     ],
#     [
#       'TIE',
#       [],
#       '0.16478705406189',
#       [
#         'Signals::XSIG',
#         '/home/cpansand/.cpan/build/2017042700/Signals-XSIG-0.15_01-4/blib/lib/Signals/XSIG.pm',
#         191
#       ]
#     ],
#     [
#       'UNTIE',
#       [
#         2
#       ],
#       '0.164799928665161',
#       [
#         'Signals::XSIG',
#         '/home/cpansand/.cpan/build/2017042700/Signals-XSIG-0.15_01-4/blib/lib/Signals/XSIG.pm',
#         189
#       ]
#     ],
#     [
#       'TIE',
#       [],
#       '0.164808988571167',
#       [
#         'Signals::XSIG',
#         '/home/cpansand/.cpan/build/2017042700/Signals-XSIG-0.15_01-4/blib/lib/Signals/XSIG.pm',
#         191
#       ]
#     ],
#     [
#       'UNTIE',
#       [
#         2
#       ],
#       '0.164820909500122',
#       [
#         'Signals::XSIG',
#         '/home/cpansand/.cpan/build/2017042700/Signals-XSIG-0.15_01-4/blib/lib/Signals/XSIG.pm',
#         189
#       ]
#     ],
#     [
#       'TIE',
#       [],
#       '0.164829015731812',
#       [
#         'Signals::XSIG',
#         '/home/cpansand/.cpan/build/2017042700/Signals-XSIG-0.15_01-4/blib/lib/Signals/XSIG.pm',
#         191
#       ]
#     ],
#     [
#       'UNTIE',
#       [
#         2
#       ],
#       '0.164840936660767',
#       [
#         'Signals::XSIG',
#         '/home/cpansand/.cpan/build/2017042700/Signals-XSIG-0.15_01-4/blib/lib/Signals/XSIG.pm',
#         189
#       ]
#     ],
#     [
#       'TIE',
#       [],
#       '0.16484808921814',
#       [
#         'Signals::XSIG',
#         '/home/cpansand/.cpan/build/2017042700/Signals-XSIG-0.15_01-4/blib/lib/Signals/XSIG.pm',
#         191
#       ]
#     ],
#     [
#       'UNTIE',
#       [
#         2
#       ],
#       '0.164860010147095',
#       [
#         'Signals::XSIG',
#         '/home/cpansand/.cpan/build/2017042700/Signals-XSIG-0.15_01-4/blib/lib/Signals/XSIG.pm',
#         189
#       ]
#     ],
#     [
#       'TIE',
#       [],
#       '0.164868116378784',
#       [
#         'Signals::XSIG',
#         '/home/cpansand/.cpan/build/2017042700/Signals-XSIG-0.15_01-4/blib/lib/Signals/XSIG.pm',
#         191
#       ]
#     ],
#     [
#       'UNTIE',
#       [
#         2
#       ],
#       '0.164879083633423',
#       [
#         'Signals::XSIG',
#         '/home/cpansand/.cpan/build/2017042700/Signals-XSIG-0.15_01-4/blib/lib/Signals/XSIG.pm',
#         189
#       ]
#     ],
#     [
#       'TIE',
#       [],
#       '0.164885997772217',
#       [
#         'Signals::XSIG',
#         '/home/cpansand/.cpan/build/2017042700/Signals-XSIG-0.15_01-4/blib/lib/Signals/XSIG.pm',
#         191
#       ]
#     ],
#     [
#       'UNTIE',
#       [
#         2
#       ],
#       '0.164896965026855',
#       [
#         'Signals::XSIG',
#         '/home/cpansand/.cpan/build/2017042700/Signals-XSIG-0.15_01-4/blib/lib/Signals/XSIG.pm',
#         189
#       ]
#     ],
#     [
#       'TIE',
#       [],
#       '0.164906024932861',
#       [
#         'Signals::XSIG',
#         '/home/cpansand/.cpan/build/2017042700/Signals-XSIG-0.15_01-4/blib/lib/Signals/XSIG.pm',
#         191
#       ]
#     ],
#     [
#       'UNTIE',
#       [
#         2
#       ],
#       '0.1649169921875',
#       [
#         'Signals::XSIG',
#         '/home/cpansand/.cpan/build/2017042700/Signals-XSIG-0.15_01-4/blib/lib/Signals/XSIG.pm',
#         189
#       ]
#     ],
#     [
#       'TIE',
#       [],
#       '0.164925098419189',
#       [
#         'Signals::XSIG',
#         '/home/cpansand/.cpan/build/2017042700/Signals-XSIG-0.15_01-4/blib/lib/Signals/XSIG.pm',
#         191
#       ]
#     ],
#     [
#       'UNTIE',
#       [
#         2
#       ],
#       '0.164936065673828',
#       [
#         'Signals::XSIG',
#         '/home/cpansand/.cpan/build/2017042700/Signals-XSIG-0.15_01-4/blib/lib/Signals/XSIG.pm',
#         189
#       ]
#     ],
#     [
#       'TIE',
#       [],
#       '0.164942979812622',
#       [
#         'Signals::XSIG',
#         '/home/cpansand/.cpan/build/2017042700/Signals-XSIG-0.15_01-4/blib/lib/Signals/XSIG.pm',
#         191
#       ]
#     ],
#     [
#       'UNTIE',
#       [
#         2
#       ],
#       '0.164954900741577',
#       [
#         'Signals::XSIG',
#         '/home/cpansand/.cpan/build/2017042700/Signals-XSIG-0.15_01-4/blib/lib/Signals/XSIG.pm',
#         189
#       ]
#     ],
#     [
#       'TIE',
#       [],
#       '0.164959907531738',
#       [
#         'Signals::XSIG',
#         '/home/cpansand/.cpan/build/2017042700/Signals-XSIG-0.15_01-4/blib/lib/Signals/XSIG.pm',
#         191
#       ]
#     ],
#     [
#       'UNTIE',
#       [
#         2
#       ],
#       '0.164971113204956',
#       [
#         'Signals::XSIG',
#         '/home/cpansand/.cpan/build/2017042700/Signals-XSIG-0.15_01-4/blib/lib/Signals/XSIG.pm',
#         189
#       ]
#     ],
#     [
#       'TIE',
#       [],
#       '0.16497802734375',
#       [
#         'Signals::XSIG',
#         '/home/cpansand/.cpan/build/2017042700/Signals-XSIG-0.15_01-4/blib/lib/Signals/XSIG.pm',
#         191
#       ]
#     ],
#     [
#       'UNTIE',
#       [
#         2
#       ],
#       '0.164983034133911',
#       [
#         'Signals::XSIG',
#         '/home/cpansand/.cpan/build/2017042700/Signals-XSIG-0.15_01-4/blib/lib/Signals/XSIG.pm',
#         189
#       ]
#     ],
#     [
#       'TIE',
#       [],
#       '0.165010929107666',
#       [
#         'Signals::XSIG',
#         '/home/cpansand/.cpan/build/2017042700/Signals-XSIG-0.15_01-4/blib/lib/Signals/XSIG.pm',
#         191
#       ]
#     ],
#     [
#       'UNTIE',
#       [
#         2
#       ],
#       '0.165024042129517',
#       [
#         'Signals::XSIG',
#         '/home/cpansand/.cpan/build/2017042700/Signals-XSIG-0.15_01-4/blib/lib/Signals/XSIG.pm',
#         189
#       ]
#     ],
#     [
#       'TIE',
#       [],
#       '0.165031909942627',
#       [
#         'Signals::XSIG',
#         '/home/cpansand/.cpan/build/2017042700/Signals-XSIG-0.15_01-4/blib/lib/Signals/XSIG.pm',
#         191
#       ]
#     ],
#     [
#       'UNTIE',
#       [
#         2
#       ],
#       '0.165043115615845',
#       [
#         'Signals::XSIG',
#         '/home/cpansand/.cpan/build/2017042700/Signals-XSIG-0.15_01-4/blib/lib/Signals/XSIG.pm',
#         189
#       ]
#     ],
#     [
#       'TIE',
#       [],
#       '0.165050983428955',
#       [
#         'Signals::XSIG',
#         '/home/cpansand/.cpan/build/2017042700/Signals-XSIG-0.15_01-4/blib/lib/Signals/XSIG.pm',
#         191
#       ]
#     ],
#     [
#       'UNTIE',
#       [
#         2
#       ],
#       '0.165061950683594',
#       [
#         'Signals::XSIG',
#         '/home/cpansand/.cpan/build/2017042700/Signals-XSIG-0.15_01-4/blib/lib/Signals/XSIG.pm',
#         189
#       ]
#     ],
#     [
#       'TIE',
#       [],
#       '0.165067911148071',
#       [
#         'Signals::XSIG',
#         '/home/cpansand/.cpan/build/2017042700/Signals-XSIG-0.15_01-4/blib/lib/Signals/XSIG.pm',
#         191
#       ]
#     ],
#     [
#       'UNTIE',
#       [
#         2
#       ],
#       '0.165077924728394',
#       [
#         'Signals::XSIG',
#         '/home/cpansand/.cpan/build/2017042700/Signals-XSIG-0.15_01-4/blib/lib/Signals/XSIG.pm',
#         189
#       ]
#     ],
#     [
#       'TIE',
#       [],
#       '0.165086030960083',
#       [
#         'Signals::XSIG',
#         '/home/cpansand/.cpan/build/2017042700/Signals-XSIG-0.15_01-4/blib/lib/Signals/XSIG.pm',
#         191
#       ]
#     ],
#     [
#       'UNTIE',
#       [
#         2
#       ],
#       '0.165096998214722',
#       [
#         'Signals::XSIG',
#         '/home/cpansand/.cpan/build/2017042700/Signals-XSIG-0.15_01-4/blib/lib/Signals/XSIG.pm',
#         189
#       ]
#     ],
#     [
#       'TIE',
#       [],
#       '0.16510796546936',
#       [
#         'Signals::XSIG',
#         '/home/cpansand/.cpan/build/2017042700/Signals-XSIG-0.15_01-4/blib/lib/Signals/XSIG.pm',
#         191
#       ]
#     ],
#     [
#       'UNTIE',
#       [
#         2
#       ],
#       '0.165117979049683',
#       [
#         'Signals::XSIG',
#         '/home/cpansand/.cpan/build/2017042700/Signals-XSIG-0.15_01-4/blib/lib/Signals/XSIG.pm',
#         189
#       ]
#     ],
#     [
#       'TIE',
#       [],
#       '0.165124893188477',
#       [
#         'Signals::XSIG',
#         '/home/cpansand/.cpan/build/2017042700/Signals-XSIG-0.15_01-4/blib/lib/Signals/XSIG.pm',
#         191
#       ]
#     ],
#     [
#       'UNTIE',
#       [
#         2
#       ],
#       '0.165136098861694',
#       [
#         'Signals::XSIG',
#         '/home/cpansand/.cpan/build/2017042700/Signals-XSIG-0.15_01-4/blib/lib/Signals/XSIG.pm',
#         189
#       ]
#     ],
#     [
#       'TIE',
#       [],
#       '0.165143013000488',
#       [
#         'Signals::XSIG',
#         '/home/cpansand/.cpan/build/2017042700/Signals-XSIG-0.15_01-4/blib/lib/Signals/XSIG.pm',
#         191
#       ]
#     ],
#     [
#       'UNTIE',
#       [
#         2
#       ],
#       '0.165153026580811',
#       [
#         'Signals::XSIG',
#         '/home/cpansand/.cpan/build/2017042700/Signals-XSIG-0.15_01-4/blib/lib/Signals/XSIG.pm',
#         189
#       ]
#     ],
#     [
#       'TIE',
#       [],
#       '0.165160894393921',
#       [
#         'Signals::XSIG',
#         '/home/cpansand/.cpan/build/2017042700/Signals-XSIG-0.15_01-4/blib/lib/Signals/XSIG.pm',
#         191
#       ]
#     ],
#     [
#       'UNTIE',
#       [
#         2
#       ],
#       '0.165170907974243',
#       [
#         'Signals::XSIG',
#         '/home/cpansand/.cpan/build/2017042700/Signals-XSIG-0.15_01-4/blib/lib/Signals/XSIG.pm',
#         189
#       ]
#     ],
#     [
#       'TIE',
#       [],
#       '0.165179014205933',
#       [
#         'Signals::XSIG',
#         '/home/cpansand/.cpan/build/2017042700/Signals-XSIG-0.15_01-4/blib/lib/Signals/XSIG.pm',
#         191
#       ]
#     ],
#     [
#       'UNTIE',
#       [
#         2
#       ],
#       '0.165189027786255',
#       [
#         'Signals::XSIG',
#         '/home/cpansand/.cpan/build/2017042700/Signals-XSIG-0.15_01-4/blib/lib/Signals/XSIG.pm',
#         189
#       ]
#     ],
#     [
#       'TIE',
#       [],
#       '0.165196895599365',
#       [
#         'Signals::XSIG',
#         '/home/cpansand/.cpan/build/2017042700/Signals-XSIG-0.15_01-4/blib/lib/Signals/XSIG.pm',
#         191
#       ]
#     ],
#     [
#       'UNTIE',
#       [
#         2
#       ],
#       '0.165206909179688',
#       [
#         'Signals::XSIG',
#         '/home/cpansand/.cpan/build/2017042700/Signals-XSIG-0.15_01-4/blib/lib/Signals/XSIG.pm',
#         189
#       ]
#     ],
#     [
#       'TIE',
#       [],
#       '0.165215015411377',
#       [
#         'Signals::XSIG',
#         '/home/cpansand/.cpan/build/2017042700/Signals-XSIG-0.15_01-4/blib/lib/Signals/XSIG.pm',
#         191
#       ]
#     ],
#     [
#       'UNTIE',
#       [
#         2
#       ],
#       '0.165225028991699',
#       [
#         'Signals::XSIG',
#         '/home/cpansand/.cpan/build/2017042700/Signals-XSIG-0.15_01-4/blib/lib/Signals/XSIG.pm',
#         189
#       ]
#     ],
#     [
#       'TIE',
#       [],
#       '0.165231943130493',
#       [
#         'Signals::XSIG',
#         '/home/cpansand/.cpan/build/2017042700/Signals-XSIG-0.15_01-4/blib/lib/Signals/XSIG.pm',
#         191
#       ]
#     ],
#     [
#       'UNTIE',
#       [
#         2
#       ],
#       '0.165241956710815',
#       [
#         'Signals::XSIG',
#         '/home/cpansand/.cpan/build/2017042700/Signals-XSIG-0.15_01-4/blib/lib/Signals/XSIG.pm',
#         189
#       ]
#     ],
#     [
#       'TIE',
#       [],
#       '0.165250062942505',
#       [
#         'Signals::XSIG',
#         '/home/cpansand/.cpan/build/2017042700/Signals-XSIG-0.15_01-4/blib/lib/Signals/XSIG.pm',
#         191
#       ]
#     ],
#     [
#       'UNTIE',
#       [
#         2
#       ],
#       '0.165261030197144',
#       [
#         'Signals::XSIG',
#         '/home/cpansand/.cpan/build/2017042700/Signals-XSIG-0.15_01-4/blib/lib/Signals/XSIG.pm',
#         189
#       ]
#     ],
#     [
#       'TIE',
#       [],
#       '0.165267944335938',
#       [
#         'Signals::XSIG',
#         '/home/cpansand/.cpan/build/2017042700/Signals-XSIG-0.15_01-4/blib/lib/Signals/XSIG.pm',
#         191
#       ]
#     ],
#     [
#       'UNTIE',
#       [
#         2
#       ],
#       '0.165278911590576',
#       [
#         'Signals::XSIG',
#         '/home/cpansand/.cpan/build/2017042700/Signals-XSIG-0.15_01-4/blib/lib/Signals/XSIG.pm',
#         189
#       ]
#     ],
#     [
#       'TIE',
#       [],
#       '0.165286064147949',
#       [
#         'Signals::XSIG',
#         '/home/cpansand/.cpan/build/2017042700/Signals-XSIG-0.15_01-4/blib/lib/Signals/XSIG.pm',
#         191
#       ]
#     ],
#     [
#       'UNTIE',
#       [
#         2
#       ],
#       '0.165296077728271',
#       [
#         'Signals::XSIG',
#         '/home/cpansand/.cpan/build/2017042700/Signals-XSIG-0.15_01-4/blib/lib/Signals/XSIG.pm',
#         189
#       ]
#     ],
#     [
#       'TIE',
#       [],
#       '0.16530704498291',
#       [
#         'Signals::XSIG',
#         '/home/cpansand/.cpan/build/2017042700/Signals-XSIG-0.15_01-4/blib/lib/Signals/XSIG.pm',
#         191
#       ]
#     ],
#     [
#       'UNTIE',
#       [
#         2
#       ],
#       '0.165317058563232',
#       [
#         'Signals::XSIG',
#         '/home/cpansand/.cpan/build/2017042700/Signals-XSIG-0.15_01-4/blib/lib/Signals/XSIG.pm',
#         189
#       ]
#     ],
#     [
#       'TIE',
#       [],
#       '0.165323972702026',
#       [
#         'Signals::XSIG',
#         '/home/cpansand/.cpan/build/2017042700/Signals-XSIG-0.15_01-4/blib/lib/Signals/XSIG.pm',
#         191
#       ]
#     ],
#     [
#       'UNTIE',
#       [
#         2
#       ],
#       '0.165333986282349',
#       [
#         'Signals::XSIG',
#         '/home/cpansand/.cpan/build/2017042700/Signals-XSIG-0.15_01-4/blib/lib/Signals/XSIG.pm',
#         189
#       ]
#     ],
#     [
#       'TIE',
#       [],
#       '0.165342092514038',
#       [
#         'Signals::XSIG',
#         '/home/cpansand/.cpan/build/2017042700/Signals-XSIG-0.15_01-4/blib/lib/Signals/XSIG.pm',
#         191
#       ]
#     ],
#     [
#       'UNTIE',
#       [
#         2
#       ],
#       '0.16535210609436',
#       [
#         'Signals::XSIG',
#         '/home/cpansand/.cpan/build/2017042700/Signals-XSIG-0.15_01-4/blib/lib/Signals/XSIG.pm',
#         189
#       ]
#     ],
#     [
#       'TIE',
#       [],
#       '0.165359973907471',
#       [
#         'Signals::XSIG',
#         '/home/cpansand/.cpan/build/2017042700/Signals-XSIG-0.15_01-4/blib/lib/Signals/XSIG.pm',
#         191
#       ]
#     ],
#     [
#       'UNTIE',
#       [
#         2
#       ],
#       '0.165369987487793',
#       [
#         'Signals::XSIG',
#         '/home/cpansand/.cpan/build/2017042700/Signals-XSIG-0.15_01-4/blib/lib/Signals/XSIG.pm',
#         189
#       ]
#     ],
#     [
#       'TIE',
#       [],
#       '0.165376901626587',
#       [
#         'Signals::XSIG',
#         '/home/cpansand/.cpan/build/2017042700/Signals-XSIG-0.15_01-4/blib/lib/Signals/XSIG.pm',
#         191
#       ]
#     ],
#     [
#       'UNTIE',
#       [
#         2
#       ],
#       '0.165386915206909',
#       [
#         'Signals::XSIG',
#         '/home/cpansand/.cpan/build/2017042700/Signals-XSIG-0.15_01-4/blib/lib/Signals/XSIG.pm',
#         189
#       ]
#     ],
#     [
#       'TIE',
#       [],
#       '0.165393114089966',
#       [
#         'Signals::XSIG',
#         '/home/cpansand/.cpan/build/2017042700/Signals-XSIG-0.15_01-4/blib/lib/Signals/XSIG.pm',
#         191
#       ]
#     ],
#     [
#       'UNTIE',
#       [
#         2
#       ],
#       '0.165405035018921',
#       [
#         'Signals::XSIG',
#         '/home/cpansand/.cpan/build/2017042700/Signals-XSIG-0.15_01-4/blib/lib/Signals/XSIG.pm',
#         189
#       ]
#     ],
#     [
#       'TIE',
#       [],
#       '0.165412902832031',
#       [
#         'Signals::XSIG',
#         '/home/cpansand/.cpan/build/2017042700/Signals-XSIG-0.15_01-4/blib/lib/Signals/XSIG.pm',
#         191
#       ]
#     ],
#     [
#       'UNTIE',
#       [
#         2
#       ],
#       '0.165424108505249',
#       [
#         'Signals::XSIG',
#         '/home/cpansand/.cpan/build/2017042700/Signals-XSIG-0.15_01-4/blib/lib/Signals/XSIG.pm',
#         189
#       ]
#     ],
#     [
#       'TIE',
#       [],
#       '0.165431022644043',
#       [
#         'Signals::XSIG',
#         '/home/cpansand/.cpan/build/2017042700/Signals-XSIG-0.15_01-4/blib/lib/Signals/XSIG.pm',
#         191
#       ]
#     ],
#     [
#       'FETCH',
#       [
#         'USR1'
#       ],
#       '0.165441989898682',
#       [
#         'Some::Package',
#         't/02-SIGhash.t',
#         33
#       ]
#     ],
#     [
#       'FIRSTKEY',
#       [],
#       '0.166079998016357',
#       [
#         'Some::Package',
#         't/02-SIGhash.t',
#         33
#       ]
#     ],
#     [
#       'NEXTKEY',
#       [],
#       '0.166086912155151',
#       [
#         'Some::Package',
#         't/02-SIGhash.t',
#         33
#       ]
#     ],
#     [
#       'NEXTKEY',
#       [],
#       '0.166090965270996',
#       [
#         'Some::Package',
#         't/02-SIGhash.t',
#         33
#       ]
#     ],
#     [
#       'NEXTKEY',
#       [],
#       '0.166095018386841',
#       [
#         'Some::Package',
#         't/02-SIGhash.t',
#         33
#       ]
#     ],
#     [
#       'NEXTKEY',
#       [],
#       '0.166099071502686',
#       [
#         'Some::Package',
#         't/02-SIGhash.t',
#         33
#       ]
#     ],
#     [
#       'NEXTKEY',
#       [],
#       '0.166101932525635',
#       [
#         'Some::Package',
#         't/02-SIGhash.t',
#         33
#       ]
#     ],
#     [
#       'NEXTKEY',
#       [],
#       '0.166105985641479',
#       [
#         'Some::Package',
#         't/02-SIGhash.t',
#         33
#       ]
#     ],
#     [
#       'NEXTKEY',
#       [],
#       '0.166109085083008',
#       [
#         'Some::Package',
#         't/02-SIGhash.t',
#         33
#       ]
#     ],
#     [
#       'NEXTKEY',
#       [],
#       '0.166112899780273',
#       [
#         'Some::Package',
#         't/02-SIGhash.t',
#         33
#       ]
#     ],
#     [
#       'NEXTKEY',
#       [],
#       '0.166116952896118',
#       [
#         'Some::Package',
#         't/02-SIGhash.t',
#         33
#       ]
#     ],
#     [
#       'NEXTKEY',
#       [],
#       '0.166120052337646',
#       [
#         'Some::Package',
#         't/02-SIGhash.t',
#         33
#       ]
#     ],
#     [
#       'NEXTKEY',
#       [],
#       '0.166124105453491',
#       [
#         'Some::Package',
#         't/02-SIGhash.t',
#         33
#       ]
#     ],
#     [
#       'NEXTKEY',
#       [],
#       '0.16612696647644',
#       [
#         'Some::Package',
#         't/02-SIGhash.t',
#         33
#       ]
#     ],
#     [
#       'NEXTKEY',
#       [],
#       '0.166130065917969',
#       [
#         'Some::Package',
#         't/02-SIGhash.t',
#         33
#       ]
#     ],
#     [
#       'NEXTKEY',
#       [],
#       '0.166134119033813',
#       [
#         'Some::Package',
#         't/02-SIGhash.t',
#         33
#       ]
#     ],
#     [
#       'NEXTKEY',
#       [],
#       '0.166136980056763',
#       [
#         'Some::Package',
#         't/02-SIGhash.t',
#         33
#       ]
#     ],
#     [
#       'NEXTKEY',
#       [],
#       '0.166141033172607',
#       [
#         'Some::Package',
#         't/02-SIGhash.t',
#         33
#       ]
#     ],
#     [
#       'NEXTKEY',
#       [],
#       '0.166143894195557',
#       [
#         'Some::Package',
#         't/02-SIGhash.t',
#         33
#       ]
#     ],
#     [
#       'NEXTKEY',
#       [],
#       '0.166148900985718',
#       [
#         'Some::Package',
#         't/02-SIGhash.t',
#         33
#       ]
#     ],
#     [
#       'NEXTKEY',
#       [],
#       '0.166152000427246',
#       [
#         'Some::Package',
#         't/02-SIGhash.t',
#         33
#       ]
#     ],
#     [
#       'NEXTKEY',
#       [],
#       '0.166155099868774',
#       [
#         'Some::Package',
#         't/02-SIGhash.t',
#         33
#       ]
#     ],
#     [
#       'NEXTKEY',
#       [],
#       '0.16615891456604',
#       [
#         'Some::Package',
#         't/02-SIGhash.t',
#         33
#       ]
#     ],
#     [
#       'NEXTKEY',
#       [],
#       '0.166162967681885',
#       [
#         'Some::Package',
#         't/02-SIGhash.t',
#         33
#       ]
#     ],
#     [
#       'NEXTKEY',
#       [],
#       '0.166166067123413',
#       [
#         'Some::Package',
#         't/02-SIGhash.t',
#         33
#       ]
#     ],
#     [
#       'NEXTKEY',
#       [],
#       '0.166169881820679',
#       [
#         'Some::Package',
#         't/02-SIGhash.t',
#         33
#       ]
#     ],
#     [
#       'NEXTKEY',
#       [],
#       '0.166172981262207',
#       [
#         'Some::Package',
#         't/02-SIGhash.t',
#         33
#       ]
#     ],
#     [
#       'NEXTKEY',
#       [],
#       '0.166177034378052',
#       [
#         'Some::Package',
#         't/02-SIGhash.t',
#         33
#       ]
#     ],
#     [
#       'NEXTKEY',
#       [],
#       '0.166179895401001',
#       [
#         'Some::Package',
#         't/02-SIGhash.t',
#         33
#       ]
#     ],
#     [
#       'NEXTKEY',
#       [],
#       '0.166182994842529',
#       [
#         'Some::Package',
#         't/02-SIGhash.t',
#         33
#       ]
#     ],
#     [
#       'NEXTKEY',
#       [],
#       '0.166187047958374',
#       [
#         'Some::Package',
#         't/02-SIGhash.t',
#         33
#       ]
#     ],
#     [
#       'NEXTKEY',
#       [],
#       '0.166193008422852',
#       [
#         'Some::Package',
#         't/02-SIGhash.t',
#         33
#       ]
#     ],
#     [
#       'NEXTKEY',
#       [],
#       '0.166197061538696',
#       [
#         'Some::Package',
#         't/02-SIGhash.t',
#         33
#       ]
#     ],
#     [
#       'NEXTKEY',
#       [],
#       '0.166199922561646',
#       [
#         'Some::Package',
#         't/02-SIGhash.t',
#         33
#       ]
#     ],
#     [
#       'NEXTKEY',
#       [],
#       '0.16620397567749',
#       [
#         'Some::Package',
#         't/02-SIGhash.t',
#         33
#       ]
#     ],
#     [
#       'NEXTKEY',
#       [],
#       '0.166207075119019',
#       [
#         'Some::Package',
#         't/02-SIGhash.t',
#         33
#       ]
#     ],
#     [
#       'NEXTKEY',
#       [],
#       '0.166209936141968',
#       [
#         'Some::Package',
#         't/02-SIGhash.t',
#         33
#       ]
#     ],
#     [
#       'NEXTKEY',
#       [],
#       '0.166213989257812',
#       [
#         'Some::Package',
#         't/02-SIGhash.t',
#         33
#       ]
#     ],
#     [
#       'FETCH',
#       [
#         'USR1'
#       ],
#       '0.166220903396606',
#       [
#         'Some::Package',
#         't/02-SIGhash.t',
#         33
#       ]
#     ],
#     [
#       'FETCH',
#       [
#         'THR'
#       ],
#       '0.166234016418457',
#       [
#         'Some::Package',
#         't/02-SIGhash.t',
#         33
#       ]
#     ],
#     [
#       'FETCH',
#       [
#         'ZERO'
#       ],
#       '0.166241884231567',
#       [
#         'Some::Package',
#         't/02-SIGhash.t',
#         33
#       ]
#     ],
#     [
#       'FETCH',
#       [
#         'TRAP'
#       ],
#       '0.166250944137573',
#       [
#         'Some::Package',
#         't/02-SIGhash.t',
#         33
#       ]
#     ],
#     [
#       'FETCH',
#       [
#         'PIPE'
#       ],
#       '0.166259050369263',
#       [
#         'Some::Package',
#         't/02-SIGhash.t',
#         33
#       ]
#     ],
#     [
#       'FETCH',
#       [
#         'XFSZ'
#       ],
#       '0.166269063949585',
#       [
#         'Some::Package',
#         't/02-SIGhash.t',
#         33
#       ]
#     ],
#     [
#       'FETCH',
#       [
#         'IO'
#       ],
#       '0.166276931762695',
#       [
#         'Some::Package',
#         't/02-SIGhash.t',
#         33
#       ]
#     ],
#     [
#       'FETCH',
#       [
#         'IOT'
#       ],
#       '0.166285991668701',
#       [
#         'Some::Package',
#         't/02-SIGhash.t',
#         33
#       ]
#     ],
#     [
#       'FETCH',
#       [
#         'TTIN'
#       ],
#       '0.166294097900391',
#       [
#         'Some::Package',
#         't/02-SIGhash.t',
#         33
#       ]
#     ],
#     [
#       'FETCH',
#       [
#         'KILL'
#       ],
#       '0.166301965713501',
#       [
#         'Some::Package',
#         't/02-SIGhash.t',
#         33
#       ]
#     ],
#     [
#       'FETCH',
#       [
#         'EMT'
#       ],
#       '0.166313886642456',
#       [
#         'Some::Package',
#         't/02-SIGhash.t',
#         33
#       ]
#     ],
#     [
#       'FETCH',
#       [
#         'TERM'
#       ],
#       '0.166322946548462',
#       [
#         'Some::Package',
#         't/02-SIGhash.t',
#         33
#       ]
#     ],
#     [
#       'FETCH',
#       [
#         'QUIT'
#       ],
#       '0.166330099105835',
#       [
#         'Some::Package',
#         't/02-SIGhash.t',
#         33
#       ]
#     ],
#     [
#       'FETCH',
#       [
#         'TSTP'
#       ],
#       '0.166337966918945',
#       [
#         'Some::Package',
#         't/02-SIGhash.t',
#         33
#       ]
#     ],
#     [
#       'FETCH',
#       [
#         '__WARN__'
#       ],
#       '0.166346073150635',
#       [
#         'Some::Package',
#         't/02-SIGhash.t',
#         33
#       ]
#     ],
#     [
#       'FETCH',
#       [
#         'CONT'
#       ],
#       '0.166354894638062',
#       [
#         'Some::Package',
#         't/02-SIGhash.t',
#         33
#       ]
#     ],
#     [
#       'FETCH',
#       [
#         'SEGV'
#       ],
#       '0.166363000869751',
#       [
#         'Some::Package',
#         't/02-SIGhash.t',
#         33
#       ]
#     ],
#     [
#       'FETCH',
#       [
#         'STOP'
#       ],
#       '0.16637110710144',
#       [
#         'Some::Package',
#         't/02-SIGhash.t',
#         33
#       ]
#     ],
#     [
#       'FETCH',
#       [
#         'XCPU'
#       ],
#       '0.166379928588867',
#       [
#         'Some::Package',
#         't/02-SIGhash.t',
#         33
#       ]
#     ],
#     [
#       'FETCH',
#       [
#         'VTALRM'
#       ],
#       '0.166388034820557',
#       [
#         'Some::Package',
#         't/02-SIGhash.t',
#         33
#       ]
#     ],
#     [
#       'FETCH',
#       [
#         'BUS'
#       ],
#       '0.166395902633667',
#       [
#         'Some::Package',
#         't/02-SIGhash.t',
#         33
#       ]
#     ],
#     [
#       'FETCH',
#       [
#         'WINCH'
#       ],
#       '0.166404008865356',
#       [
#         'Some::Package',
#         't/02-SIGhash.t',
#         33
#       ]
#     ],
#     [
#       'FETCH',
#       [
#         'CHLD'
#       ],
#       '0.166412115097046',
#       [
#         'Some::Package',
#         't/02-SIGhash.t',
#         33
#       ]
#     ],
#     [
#       'FETCH',
#       [
#         'FPE'
#       ],
#       '0.166419982910156',
#       [
#         'Some::Package',
#         't/02-SIGhash.t',
#         33
#       ]
#     ],
#     [
#       'FETCH',
#       [
#         'INT'
#       ],
#       '0.166428089141846',
#       [
#         'Some::Package',
#         't/02-SIGhash.t',
#         33
#       ]
#     ],
#     [
#       'FETCH',
#       [
#         'TTOU'
#       ],
#       '0.166435956954956',
#       [
#         'Some::Package',
#         't/02-SIGhash.t',
#         33
#       ]
#     ],
#     [
#       'FETCH',
#       [
#         'URG'
#       ],
#       '0.166444063186646',
#       [
#         'Some::Package',
#         't/02-SIGhash.t',
#         33
#       ]
#     ],
#     [
#       'FETCH',
#       [
#         'USR2'
#       ],
#       '0.166467905044556',
#       [
#         'Some::Package',
#         't/02-SIGhash.t',
#         33
#       ]
#     ],
#     [
#       'FETCH',
#       [
#         'ILL'
#       ],
#       '0.166475057601929',
#       [
#         'Some::Package',
#         't/02-SIGhash.t',
#         33
#       ]
#     ],
#     [
#       'FETCH',
#       [
#         'INFO'
#       ],
#       '0.166484117507935',
#       [
#         'Some::Package',
#         't/02-SIGhash.t',
#         33
#       ]
#     ],
#     [
#       'FETCH',
#       [
#         'SYS'
#       ],
#       '0.166506052017212',
#       [
#         'Some::Package',
#         't/02-SIGhash.t',
#         33
#       ]
#     ],
#     [
#       'FETCH',
#       [
#         'HUP'
#       ],
#       '0.166512966156006',
#       [
#         'Some::Package',
#         't/02-SIGhash.t',
#         33
#       ]
#     ],
#     [
#       'FETCH',
#       [
#         'ABRT'
#       ],
#       '0.166521072387695',
#       [
#         'Some::Package',
#         't/02-SIGhash.t',
#         33
#       ]
#     ],
#     [
#       'FETCH',
#       [
#         'PROF'
#       ],
#       '0.166529893875122',
#       [
#         'Some::Package',
#         't/02-SIGhash.t',
#         33
#       ]
#     ],
#     [
#       'FETCH',
#       [
#         'ALRM'
#       ],
#       '0.166537046432495',
#       [
#         'Some::Package',
#         't/02-SIGhash.t',
#         33
#       ]
#     ]
#   ]
# }, 'Signals::XSIG::TieSIG' );
# Looks like you failed 1 test of 14.
t/02-SIGhash.t ............ 
Dubious, test returned 1 (wstat 256, 0x100)
Failed 1/14 subtests 
t/03-XSIG.t ............... ok
t/04-XSIGarray.t .......... ok
t/05-XSIGhash.t ........... ok
t/10-handlers.t ........... ok
t/11-local.t .............. ok
t/20a-defaults.t .......... ok
t/20b-defaults.t .......... ok
t/20c-defaults.t .......... ok
t/21-override-defaults.t .. ok
t/manifest.t .............. skipped: Author tests not required for installation
t/pod-coverage.t .......... ok
t/pod.t ................... ok

Test Summary Report
-------------------
t/02-SIGhash.t          (Wstat: 256 Tests: 14 Failed: 1)
  Failed test:  7
  Non-zero exit status: 1
Files=15, Tests=391, 167 wallclock secs ( 0.05 usr  0.07 sys +  0.16 cusr  1.76 csys =  2.04 CPU)
Result: FAIL
Failed 1/15 test programs. 1/391 subtests failed.
*** Error code 255

Stop.
make: stopped in /home/cpansand/.cpan/build/2017042700/Signals-XSIG-0.15_01-4

------------------------------
PREREQUISITES
------------------------------

Prerequisite modules loaded:

requires:

    Module              Need Have    
    ------------------- ---- --------
    Test::More          0    1.302083

build_requires:

    Module              Need Have    
    ------------------- ---- --------
    ExtUtils::MakeMaker 0    7.24    

configure_requires:

    Module              Need Have    
    ------------------- ---- --------
    ExtUtils::MakeMaker 0    7.24    


------------------------------
ENVIRONMENT AND OTHER CONTEXT
------------------------------

Environment variables:

    LC_ALL = de_DE.ISO8859-1
    PATH = /usr/local/bin:/usr/bin:/bin:/usr/local/sbin:/usr/sbin:/sbin:/home/cpansand/bin/freebsd10.3:/home/cpansand/bin/sh:/home/cpansand/bin:/usr/games:/home/cpansand/devel:/home/eserte/src/srezic-misc/scripts
    PERL5LIB = /home/cpansand/.cpan/build/2017042700/Text-CSV-1.95-4/blib/arch:/home/cpansand/.cpan/build/2017042700/Text-CSV-1.95-4/blib/lib:/home/cpansand/.cpan/build/2017042700/App-DuckPAN-1018-4/blib/arch:/home/cpansand/.cpan/build/2017042700/App-DuckPAN-1018-4/blib/lib:/home/cpansand/.cpan/build/2017042700/Parallel-Forker-1.234-4/blib/arch:/home/cpansand/.cpan/build/2017042700/Parallel-Forker-1.234-4/blib/lib:/home/cpansand/.cpan/build/2017042700/IPC-Locker-1.496-4/blib/arch:/home/cpansand/.cpan/build/2017042700/IPC-Locker-1.496-4/blib/lib:/home/cpansand/.cpan/build/2017042700/Dir-Project-3.026-4/blib/arch:/home/cpansand/.cpan/build/2017042700/Dir-Project-3.026-4/blib/lib:/home/cpansand/.cpan/build/2017042700/Marpa-R3-4.001_044-4/blib/arch:/home/cpansand/.cpan/build/2017042700/Marpa-R3-4.001_044-4/blib/lib:/home/cpansand/.cpan/build/2017042700/Unix-Processors-2.045-4/blib/arch:/home/cpansand/.cpan/build/2017042700/Unix-Processors-2.045-4/blib/lib:/home/cpansand/.cpan/build/2017042700/Lingua-Translit-0.27-4/blib/arch:/home/cpansand/.cpan/build/2017042700/Lingua-Translit-0.27-4/blib/lib:/home/cpansand/.cpan/build/2017042700/WebService-Client-0.0502-4/blib/arch:/home/cpansand/.cpan/build/2017042700/WebService-Client-0.0502-4/blib/lib:/home/cpansand/.cpan/build/2017042700/Test-Mojo-Role-Selenium-0.09-4/blib/arch:/home/cpansand/.cpan/build/2017042700/Test-Mojo-Role-Selenium-0.09-4/blib/lib
    PERL5OPT = 
    PERL5_CPANPLUS_IS_RUNNING = 74530
    PERL5_CPAN_IS_RUNNING = 74530
    PERL5_CPAN_IS_RUNNING_IN_RECURSION = 74491,74530
    PERLDOC = -MPod::Perldoc::ToTextOverstrike
    PERL_BATCH = yes
    PERL_CANARY_STABILITY_NOPROMPT = 1
    PERL_CPAN_REPORTER_CONFIG = /var/tmp/cpansmoker-1023/2017042700/cpanreporter_000_config.ini
    PERL_EXTUTILS_AUTOINSTALL = --defaultdeps
    SHELL = /usr/local/bin/zsh
    TERM = screen
    TMPDIR = /var/tmp/cpansmoker-1023/2017042700

Perl special variables (and OS-specific diagnostics, for MSWin32):

    $^X = /usr/perl5.20.3p/bin/perl5.20.3
    $UID/$EUID = 1023 / 1023
    $GID = 1023 1023
    $EGID = 1023 1023

Perl module toolchain versions installed:

    Module              Have    
    ------------------- --------
    CPAN                2.16    
    CPAN::Meta          2.150010
    Cwd                 3.62    
    ExtUtils::CBuilder  0.280224
    ExtUtils::Command   7.24    
    ExtUtils::Install   2.04    
    ExtUtils::MakeMaker 7.24    
    ExtUtils::Manifest  1.70    
    ExtUtils::ParseXS   3.30    
    File::Spec          3.62    
    JSON                2.90    
    JSON::PP            2.27400 
    Module::Build       0.4222  
    Module::Signature   0.79    
    Parse::CPAN::Meta   2.150010
    Test::Harness       3.38    
    Test::More          1.302083
    YAML                1.22    
    YAML::Syck          1.29    
    version             0.9917  


--

Summary of my perl5 (revision 5 version 20 subversion 3) configuration:
   
  Platform:
    osname=freebsd, osvers=10.1-release, archname=amd64-freebsd
    uname='freebsd cvrsnica-freebsd-101.herceg.de 10.1-release freebsd 10.1-release #0 r274401: tue nov 11 21:02:49 utc 2014 root@releng1.nyi.freebsd.org:usrobjusrsrcsysgeneric amd64 '
    config_args='-ds -e -Dprefix=/usr/perl5.20.3p -Dcf_email=srezic@cpan.org'
    hint=recommended, useposix=true, d_sigaction=define
    useithreads=undef, usemultiplicity=undef
    use64bitint=define, use64bitall=define, uselongdouble=undef
    usemymalloc=n, bincompat5005=undef
  Compiler:
    cc='cc', ccflags ='-DHAS_FPSETMASK -DHAS_FLOATINGPOINT_H -fno-strict-aliasing -pipe -fstack-protector -I/usr/local/include',
    optimize='-O',
    cppflags='-DHAS_FPSETMASK -DHAS_FLOATINGPOINT_H -fno-strict-aliasing -pipe -fstack-protector -I/usr/local/include'
    ccversion='', gccversion='4.2.1 Compatible FreeBSD Clang 3.4.1 (tags/RELEASE_34/dot1-final 208032)', gccosandvers=''
    intsize=4, longsize=8, ptrsize=8, doublesize=8, byteorder=12345678
    d_longlong=define, longlongsize=8, d_longdbl=define, longdblsize=16
    ivtype='long', ivsize=8, nvtype='double', nvsize=8, Off_t='off_t', lseeksize=8
    alignbytes=8, prototype=define
  Linker and Libraries:
    ld='cc', ldflags ='-pthread -Wl,-E  -fstack-protector -L/usr/local/lib'
    libpth=/usr/lib /usr/local/lib /usr/include/clang/3.4.1 /usr/lib
    libs=-lpthread -lgdbm -lm -lcrypt -lutil -lc
    perllibs=-lpthread -lm -lcrypt -lutil -lc
    libc=, so=so, useshrplib=false, libperl=libperl.a
    gnulibc_version=''
  Dynamic Linking:
    dlsrc=dl_dlopen.xs, dlext=so, d_dlsymun=undef, ccdlflags=' '
    cccdlflags='-DPIC -fPIC', lddlflags='-shared  -L/usr/local/lib -fstack-protector'


Characteristics of this binary (from libperl): 
  Compile-time options: HAS_TIMES PERLIO_LAYERS PERL_DONT_CREATE_GVSV
                        PERL_HASH_FUNC_ONE_AT_A_TIME_HARD PERL_MALLOC_WRAP
                        PERL_NEW_COPY_ON_WRITE PERL_PRESERVE_IVUV
                        USE_64_BIT_ALL USE_64_BIT_INT USE_LARGE_FILES
                        USE_LOCALE USE_LOCALE_COLLATE USE_LOCALE_CTYPE
                        USE_LOCALE_NUMERIC USE_PERLIO USE_PERL_ATOF
  Built under freebsd
  Compiled at Sep 12 2015 22:44:25
  %ENV:
    PERL5LIB="/home/cpansand/.cpan/build/2017042700/Text-CSV-1.95-4/blib/arch:/home/cpansand/.cpan/build/2017042700/Text-CSV-1.95-4/blib/lib:/home/cpansand/.cpan/build/2017042700/App-DuckPAN-1018-4/blib/arch:/home/cpansand/.cpan/build/2017042700/App-DuckPAN-1018-4/blib/lib:/home/cpansand/.cpan/build/2017042700/Parallel-Forker-1.234-4/blib/arch:/home/cpansand/.cpan/build/2017042700/Parallel-Forker-1.234-4/blib/lib:/home/cpansand/.cpan/build/2017042700/IPC-Locker-1.496-4/blib/arch:/home/cpansand/.cpan/build/2017042700/IPC-Locker-1.496-4/blib/lib:/home/cpansand/.cpan/build/2017042700/Dir-Project-3.026-4/blib/arch:/home/cpansand/.cpan/build/2017042700/Dir-Project-3.026-4/blib/lib:/home/cpansand/.cpan/build/2017042700/Marpa-R3-4.001_044-4/blib/arch:/home/cpansand/.cpan/build/2017042700/Marpa-R3-4.001_044-4/blib/lib:/home/cpansand/.cpan/build/2017042700/Unix-Processors-2.045-4/blib/arch:/home/cpansand/.cpan/build/2017042700/Unix-Processors-2.045-4/blib/lib:/home/cpansand/.cpan/build/2017042700/Lingua-Translit-0.27-4/blib/arch:/home/cpansand/.cpan/build/2017042700/Lingua-Translit-0.27-4/blib/lib:/home/cpansand/.cpan/build/2017042700/WebService-Client-0.0502-4/blib/arch:/home/cpansand/.cpan/build/2017042700/WebService-Client-0.0502-4/blib/lib:/home/cpansand/.cpan/build/2017042700/Test-Mojo-Role-Selenium-0.09-4/blib/arch:/home/cpansand/.cpan/build/2017042700/Test-Mojo-Role-Selenium-0.09-4/blib/lib"
    PERL5OPT=""
    PERL5_CPANPLUS_IS_RUNNING="74530"
    PERL5_CPAN_IS_RUNNING="74530"
    PERL5_CPAN_IS_RUNNING_IN_RECURSION="74491,74530"
    PERLDOC="-MPod::Perldoc::ToTextOverstrike"
    PERL_BATCH="yes"
    PERL_CANARY_STABILITY_NOPROMPT="1"
    PERL_CPAN_REPORTER_CONFIG="/var/tmp/cpansmoker-1023/2017042700/cpanreporter_000_config.ini"
    PERL_EXTUTILS_AUTOINSTALL="--defaultdeps"
  @INC:
    /home/cpansand/.cpan/build/2017042700/Text-CSV-1.95-4/blib/arch
    /home/cpansand/.cpan/build/2017042700/Text-CSV-1.95-4/blib/lib
    /home/cpansand/.cpan/build/2017042700/App-DuckPAN-1018-4/blib/arch
    /home/cpansand/.cpan/build/2017042700/App-DuckPAN-1018-4/blib/lib
    /home/cpansand/.cpan/build/2017042700/Parallel-Forker-1.234-4/blib/arch
    /home/cpansand/.cpan/build/2017042700/Parallel-Forker-1.234-4/blib/lib
    /home/cpansand/.cpan/build/2017042700/IPC-Locker-1.496-4/blib/arch
    /home/cpansand/.cpan/build/2017042700/IPC-Locker-1.496-4/blib/lib
    /home/cpansand/.cpan/build/2017042700/Dir-Project-3.026-4/blib/arch
    /home/cpansand/.cpan/build/2017042700/Dir-Project-3.026-4/blib/lib
    /home/cpansand/.cpan/build/2017042700/Marpa-R3-4.001_044-4/blib/arch
    /home/cpansand/.cpan/build/2017042700/Marpa-R3-4.001_044-4/blib/lib
    /home/cpansand/.cpan/build/2017042700/Unix-Processors-2.045-4/blib/arch
    /home/cpansand/.cpan/build/2017042700/Unix-Processors-2.045-4/blib/lib
    /home/cpansand/.cpan/build/2017042700/Lingua-Translit-0.27-4/blib/arch
    /home/cpansand/.cpan/build/2017042700/Lingua-Translit-0.27-4/blib/lib
    /home/cpansand/.cpan/build/2017042700/WebService-Client-0.0502-4/blib/arch
    /home/cpansand/.cpan/build/2017042700/WebService-Client-0.0502-4/blib/lib
    /home/cpansand/.cpan/build/2017042700/Test-Mojo-Role-Selenium-0.09-4/blib/arch
    /home/cpansand/.cpan/build/2017042700/Test-Mojo-Role-Selenium-0.09-4/blib/lib
    /usr/perl5.20.3p/lib/site_perl/5.20.3/amd64-freebsd
    /usr/perl5.20.3p/lib/site_perl/5.20.3
    /usr/perl5.20.3p/lib/5.20.3/amd64-freebsd
    /usr/perl5.20.3p/lib/5.20.3
    .