cp lib/DBD/InterBase/TypeInfo.pm blib\lib\DBD\InterBase\TypeInfo.pm
cp InterBase.pm blib\lib\DBD\InterBase.pm
cp lib/DBD/InterBase/GetInfo.pm blib\lib\DBD\InterBase\GetInfo.pm
	C:\usr\bin\perl.exe -p -e "s/~DRIVER~/InterBase/g" C:\usr\site\lib\auto\DBI\Driver.xst > InterBase.xsi
	C:\usr\bin\perl.exe C:\usr\lib\ExtUtils\xsubpp -noprototypes -typemap C:\usr\lib\ExtUtils\typemap -typemap typemap  InterBase.xs > InterBase.xsc && C:\usr\bin\perl.exe -MExtUtils::Command -e mv InterBase.xsc InterBase.c
	cl -c  -I"C:\Program Files\Firebird\Firebird_2_0\include" -I"C:/usr/site/lib/auto/DBI"  -nologo -GF -W3 -MD -Zi -DNDEBUG -O1 -DWIN32 -D_CONSOLE -DNO_STRICT -DHAVE_DES_FCRYPT -DNO_HASH_SEED -DUSE_SITECUSTOMIZE -DPERL_IMPLICIT_CONTEXT -DPERL_IMPLICIT_SYS -DUSE_PERLIO -DPERL_MSVCRT_READFIX -MD -Zi -DNDEBUG -O1    -DVERSION=\"0.48\"  -DXS_VERSION=\"0.48\"  "-IC:\usr\lib\CORE"   InterBase.c
InterBase.c
InterBase.xs(407) : warning C4244: '=' : conversion from 'long ' to 'short ', possible loss of data
InterBase.xs(409) : warning C4244: '=' : conversion from 'long ' to 'short ', possible loss of data
InterBase.xs(410) : warning C4244: '=' : conversion from 'long ' to 'short ', possible loss of data
InterBase.xs(411) : warning C4244: '=' : conversion from 'long ' to 'short ', possible loss of data
InterBase.xs(412) : warning C4244: '=' : conversion from 'long ' to 'short ', possible loss of data
InterBase.xs(416) : error C2275: 'HV' : illegal use of this type as an expression
        C:\usr\lib\CORE\perl.h(2090) : see declaration of 'HV'
InterBase.xs(416) : error C2065: 'reshv' : undeclared identifier
InterBase.xs(420) : error C2143: syntax error : missing ';' before 'type'
InterBase.xs(430) : warning C4047: '=' : 'int ' differs in levels of indirection from 'struct hv *'
InterBase.xs(439) : warning C4047: 'function' : 'struct hv *' differs in levels of indirection from 'int '
InterBase.xs(439) : warning C4024: 'Perl_hv_store' : different types for formal and actual parameter 2
InterBase.xs(441) : warning C4047: 'function' : 'struct hv *' differs in levels of indirection from 'int '
InterBase.xs(441) : warning C4024: 'Perl_hv_store' : different types for formal and actual parameter 2
InterBase.xs(459) : error C2143: syntax error : missing ';' before 'type'
