
Net-FTPSSL Version: 0.19_06

Perl: 5.008008  [5.8.8],  OS: linux

Server (port): ftp.storesonlinepro.com (990)

Keys: Port, LocalAddr, OverridePASV, Encryption, Trace, Debug, OverrideHELP, Timeout, DebugLogFile
Values: (990), (174.122.123.200), (ftp.storesonlinepro.com), (I), (on), (1), (1), (120), (/tmp/ftpssl.log)

<<< 220 FTP Server Ready
====== (2) =======
>>> USER +++++++
<<< 3
<<< 31 User name accepted, password required.
====== (3) =======
>>> PASS *******
<<< 2
<<< 30-Welcome <++++++>
<<< 230 
====== (2) =======
>>> TYPE I
<<< 2
<<< 00 Type set to I.
====== (2) =======
>>> CWD /uploaded/links
<<< 2
<<< 50 CWD command successful.
====== (2) =======
>>> PWD
<<< 2
<<< 57 "/uploaded/links/" is the current directory.
====== (2) =======
====== In put (/tmp/candlelight_1324138512_84334, add_link.html) --- Calling prep_data_channel () ======
>>> PBSZ 0
<<< 2
<<< 00 Protection Buffer Size set: 0.
====== (2) =======
>>> PROT P
<<< 2
<<< 00 Protection Levet set: P.
====== (2) =======
====== In prep_data_channel past PBSZ & PROT calls! =======
>>> PASV
<<< 2
<<< 27 Entering passive mode (10,5,3,130,228,142).
====== (2) =======
--- Overriding PASV IP Address 10.5.3.130 with ftp.storesonlinepro.com
--- Host (ftp.storesonlinepro.com)  Port (58510)
====== Call to prep_data_channel worked! =======
<<+ 214 The ALLO command is supported.
>>> ALLO 20968
<<< 5
<<< 00 'ALLO': command not understood.
====== (5) =======
>>> STOR add_link.html
<<< 1
<<< 50 Opening BINARY mode data connection for add_link.html.
====== (1) =======
<<< 2
<<< 26 Transfer complete.
====== (2) =======
====== In put (/tmp/candlelight_1324138514_86831, arts-and-crafts.html) --- Calling prep_data_channel () ======
>>> PBSZ 0
<<< 2
<<< 00 Protection Buffer Size set: 0.
====== (2) =======
>>> PROT P
<<< 2
<<< 00 Protection Levet set: P.
====== (2) =======
====== In prep_data_channel past PBSZ & PROT calls! =======
>>> PASV
<<< 2
<<< 27 Entering passive mode (10,5,3,130,228,143).
====== (2) =======
--- Overriding PASV IP Address 10.5.3.130 with ftp.storesonlinepro.com
--- Host (ftp.storesonlinepro.com)  Port (58511)
====== Call to prep_data_channel worked! =======
<<+ 214 The ALLO command is supported.
>>> ALLO 6044
<<< 5
<<< 00 'ALLO': command not understood.
====== (5) =======
>>> STOR arts-and-crafts.html
<<< 1
<<< 50 Opening BINARY mode data connection for arts-and-crafts.html.
====== (1) =======
<<< 2
<<< 26 Transfer complete.
====== (2) =======
====== In put (/tmp/candlelight_1324138515_5367, beauty-health-and-fitness.html) --- Calling prep_data_channel () ======
>>> PBSZ 0
<<< 2
<<< 00 Protection Buffer Size set: 0.
====== (2) =======
>>> PROT P
<<< 2
<<< 00 Protection Levet set: P.
====== (2) =======
====== In prep_data_channel past PBSZ & PROT calls! =======
>>> PASV
<<< 2
<<< 27 Entering passive mode (10,5,3,130,228,144).
====== (2) =======
--- Overriding PASV IP Address 10.5.3.130 with ftp.storesonlinepro.com
--- Host (ftp.storesonlinepro.com)  Port (58512)
====== Call to prep_data_channel worked! =======
<<+ 214 The ALLO command is supported.
>>> ALLO 8291
<<< 5
<<< 00 'ALLO': command not understood.
====== (5) =======
>>> STOR beauty-health-and-fitness.html
<<< 1
<<< 50 Opening BINARY mode data connection for beauty-health-and-fitness.html.
====== (1) =======
<<< 2
<<< 26 Transfer complete.
====== (2) =======
====== In put (/tmp/candlelight_1324138516_38739, brranding.html) --- Calling prep_data_channel () ======
>>> PBSZ 0
<<< 2
<<< 00 Protection Buffer Size set: 0.
====== (2) =======
>>> PROT P
<<< 2
<<< 00 Protection Levet set: P.
====== (2) =======
====== In prep_data_channel past PBSZ & PROT calls! =======
>>> PASV
<<< 2
<<< 27 Entering passive mode (10,5,3,130,228,145).
====== (2) =======
--- Overriding PASV IP Address 10.5.3.130 with ftp.storesonlinepro.com
--- Host (ftp.storesonlinepro.com)  Port (58513)
====== Call to prep_data_channel worked! =======
<<+ 214 The ALLO command is supported.
>>> ALLO 4877
<<< 5
<<< 00 'ALLO': command not understood.
====== (5) =======
>>> STOR brranding.html
<<< 1
<<< 50 Opening BINARY mode data connection for brranding.html.
====== (1) =======
<<< 2
<<< 26 Transfer complete.
====== (2) =======
====== In put (/tmp/candlelight_1324138518_74247, clothing-and-accessories.html) --- Calling prep_data_channel () ======
>>> PBSZ 0
<<< 2
<<< 00 Protection Buffer Size set: 0.
====== (2) =======
>>> PROT P
<<< 2
<<< 00 Protection Levet set: P.
====== (2) =======
====== In prep_data_channel past PBSZ & PROT calls! =======
>>> PASV
<<< 2
<<< 27 Entering passive mode (10,5,3,130,228,146).
====== (2) =======
--- Overriding PASV IP Address 10.5.3.130 with ftp.storesonlinepro.com
--- Host (ftp.storesonlinepro.com)  Port (58514)
====== Call to prep_data_channel worked! =======
<<+ 214 The ALLO command is supported.
>>> ALLO 5961
<<< 5
<<< 00 'ALLO': command not understood.
====== (5) =======
>>> STOR clothing-and-accessories.html
<<< 1
<<< 50 Opening BINARY mode data connection for clothing-and-accessories.html.
====== (1) =======
<<< 2
<<< 26 Transfer complete.
====== (2) =======
====== In put (/tmp/candlelight_1324138519_84708, family-and-community-connections.html) --- Calling prep_data_channel () ======
>>> PBSZ 0
<<< 2
<<< 00 Protection Buffer Size set: 0.
====== (2) =======
>>> PROT P
<<< 2
<<< 00 Protection Levet set: P.
====== (2) =======
====== In prep_data_channel past PBSZ & PROT calls! =======
>>> PASV
<<< 2
<<< 27 Entering passive mode (10,5,3,130,228,147).
====== (2) =======
--- Overriding PASV IP Address 10.5.3.130 with ftp.storesonlinepro.com
--- Host (ftp.storesonlinepro.com)  Port (58515)
====== Call to prep_data_channel worked! =======
<<+ 214 The ALLO command is supported.
>>> ALLO 3944
<<< 5
<<< 00 'ALLO': command not understood.
====== (5) =======
>>> STOR family-and-community-connections.html
<<< 1
<<< 50 Opening BINARY mode data connection for family-and-community-connections.html.
====== (1) =======
<<< 2
<<< 26 Transfer complete.
====== (2) =======
====== In put (/tmp/candlelight_1324138520_1755, general-tools-and-resources.html) --- Calling prep_data_channel () ======
>>> PBSZ 0
<<< 2
<<< 00 Protection Buffer Size set: 0.
====== (2) =======
>>> PROT P
<<< 2
<<< 00 Protection Levet set: P.
====== (2) =======
====== In prep_data_channel past PBSZ & PROT calls! =======
>>> PASV
<<< 2
<<< 27 Entering passive mode (10,5,3,130,228,148).
====== (2) =======
--- Overriding PASV IP Address 10.5.3.130 with ftp.storesonlinepro.com
--- Host (ftp.storesonlinepro.com)  Port (58516)
====== Call to prep_data_channel worked! =======
<<+ 214 The ALLO command is supported.
>>> ALLO 4053
<<< 5
<<< 00 'ALLO': command not understood.
====== (5) =======
>>> STOR general-tools-and-resources.html
<<< 1
<<< 50 Opening BINARY mode data connection for general-tools-and-resources.html.
====== (1) =======
<<< 2
<<< 26 Transfer complete.
====== (2) =======
====== In put (/tmp/candlelight_1324138521_66594, gifts-gadgets-and-toys.html) --- Calling prep_data_channel () ======
>>> PBSZ 0
<<< 2
<<< 00 Protection Buffer Size set: 0.
====== (2) =======
>>> PROT P
<<< 2
<<< 00 Protection Levet set: P.
====== (2) =======
====== In prep_data_channel past PBSZ & PROT calls! =======
>>> PASV
<<< 2
<<< 27 Entering passive mode (10,5,3,130,228,149).
====== (2) =======
--- Overriding PASV IP Address 10.5.3.130 with ftp.storesonlinepro.com
--- Host (ftp.storesonlinepro.com)  Port (58517)
====== Call to prep_data_channel worked! =======
<<+ 214 The ALLO command is supported.
>>> ALLO 8802
<<< 5
<<< 00 'ALLO': command not understood.
====== (5) =======
>>> STOR gifts-gadgets-and-toys.html
<<< 1
<<< 50 Opening BINARY mode data connection for gifts-gadgets-and-toys.html.
====== (1) =======
<<< 2
<<< 26 Transfer complete.
====== (2) =======
====== In put (/tmp/candlelight_1324138523_88362, home-and-garden.html) --- Calling prep_data_channel () ======
>>> PBSZ 0
<<< 2
<<< 00 Protection Buffer Size set: 0.
====== (2) =======
>>> PROT P
<<< 2
<<< 00 Protection Levet set: P.
====== (2) =======
====== In prep_data_channel past PBSZ & PROT calls! =======
>>> PASV
<<< 2
<<< 27 Entering passive mode (10,5,3,130,228,150).
====== (2) =======
--- Overriding PASV IP Address 10.5.3.130 with ftp.storesonlinepro.com
--- Host (ftp.storesonlinepro.com)  Port (58518)
====== Call to prep_data_channel worked! =======
<<+ 214 The ALLO command is supported.
>>> ALLO 17775
<<< 5
<<< 00 'ALLO': command not understood.
====== (5) =======
>>> STOR home-and-garden.html
<<< 1
<<< 50 Opening BINARY mode data connection for home-and-garden.html.
====== (1) =======
<<< 2
<<< 26 Transfer complete.
====== (2) =======
====== In put (/tmp/candlelight_1324138524_15768, home-and-garden_2.html) --- Calling prep_data_channel () ======
>>> PBSZ 0
<<< 2
<<< 00 Protection Buffer Size set: 0.
====== (2) =======
>>> PROT P
<<< 2
<<< 00 Protection Levet set: P.
====== (2) =======
====== In prep_data_channel past PBSZ & PROT calls! =======
>>> PASV
<<< 2
<<< 27 Entering passive mode (10,5,3,130,228,151).
====== (2) =======
--- Overriding PASV IP Address 10.5.3.130 with ftp.storesonlinepro.com
--- Host (ftp.storesonlinepro.com)  Port (58519)
====== Call to prep_data_channel worked! =======
<<+ 214 The ALLO command is supported.
>>> ALLO 14790
<<< 5
<<< 00 'ALLO': command not understood.
====== (5) =======
>>> STOR home-and-garden_2.html
<<< 1
<<< 50 Opening BINARY mode data connection for home-and-garden_2.html.
====== (1) =======
<<< 2
<<< 26 Transfer complete.
====== (2) =======
====== In put (/tmp/candlelight_1324138525_22396, links.html) --- Calling prep_data_channel () ======
>>> PBSZ 0
<<< 2
<<< 00 Protection Buffer Size set: 0.
====== (2) =======
>>> PROT P
<<< 2
<<< 00 Protection Levet set: P.
====== (2) =======
====== In prep_data_channel past PBSZ & PROT calls! =======
>>> PASV
<<< 2
<<< 27 Entering passive mode (10,5,3,130,228,152).
====== (2) =======
--- Overriding PASV IP Address 10.5.3.130 with ftp.storesonlinepro.com
--- Host (ftp.storesonlinepro.com)  Port (58520)
====== Call to prep_data_channel worked! =======
<<+ 214 The ALLO command is supported.
>>> ALLO 4710
<<< 5
<<< 00 'ALLO': command not understood.
====== (5) =======
>>> STOR links.html
<<< 1
<<< 50 Opening BINARY mode data connection for links.html.
====== (1) =======
<<< 2
<<< 26 Transfer complete.
====== (2) =======
====== In put (/tmp/candlelight_1324138527_14717, modify.html) --- Calling prep_data_channel () ======
>>> PBSZ 0
<<< 2
<<< 00 Protection Buffer Size set: 0.
====== (2) =======
>>> PROT P
<<< 2
<<< 00 Protection Levet set: P.
====== (2) =======
====== In prep_data_channel past PBSZ & PROT calls! =======
>>> PASV
<<< 2
<<< 27 Entering passive mode (10,5,3,130,228,153).
====== (2) =======
--- Overriding PASV IP Address 10.5.3.130 with ftp.storesonlinepro.com
--- Host (ftp.storesonlinepro.com)  Port (58521)
====== Call to prep_data_channel worked! =======
<<+ 214 The ALLO command is supported.
>>> ALLO 2559
<<< 5
<<< 00 'ALLO': command not understood.
====== (5) =======
>>> STOR modify.html
<<< 1
<<< 50 Opening BINARY mode data connection for modify.html.
====== (1) =======
<<< 2
<<< 26 Transfer complete.
====== (2) =======
====== In put (/tmp/candlelight_1324138528_3446, search-and-directory.html) --- Calling prep_data_channel () ======
>>> PBSZ 0
<<< 2
<<< 00 Protection Buffer Size set: 0.
====== (2) =======
>>> PROT P
<<< 2
<<< 00 Protection Levet set: P.
====== (2) =======
====== In prep_data_channel past PBSZ & PROT calls! =======
>>> PASV
<<< 2
<<< 27 Entering passive mode (10,5,3,130,228,154).
====== (2) =======
--- Overriding PASV IP Address 10.5.3.130 with ftp.storesonlinepro.com
--- Host (ftp.storesonlinepro.com)  Port (58522)
====== Call to prep_data_channel worked! =======
<<+ 214 The ALLO command is supported.
>>> ALLO 5636
<<< 5
<<< 00 'ALLO': command not understood.
====== (5) =======
>>> STOR search-and-directory.html
<<< 1
<<< 50 Opening BINARY mode data connection for search-and-directory.html.
====== (1) =======
<<< 2
<<< 26 Transfer complete.
====== (2) =======
====== In put (/tmp/candlelight_1324138529_1160, search-engine-optimization.html) --- Calling prep_data_channel () ======
>>> PBSZ 0
<<< 2
<<< 00 Protection Buffer Size set: 0.
====== (2) =======
>>> PROT P
<<< 2
<<< 00 Protection Levet set: P.
====== (2) =======
====== In prep_data_channel past PBSZ & PROT calls! =======
>>> PASV
<<< 2
<<< 27 Entering passive mode (10,5,3,130,228,155).
====== (2) =======
--- Overriding PASV IP Address 10.5.3.130 with ftp.storesonlinepro.com
--- Host (ftp.storesonlinepro.com)  Port (58523)
====== Call to prep_data_channel worked! =======
<<+ 214 The ALLO command is supported.
>>> ALLO 4869
<<< 5
<<< 00 'ALLO': command not understood.
====== (5) =======
>>> STOR search-engine-optimization.html
<<< 1
<<< 50 Opening BINARY mode data connection for search-engine-optimization.html.
====== (1) =======
<<< 2
<<< 26 Transfer complete.
====== (2) =======
====== In put (/tmp/candlelight_1324138530_71859, send_password.html) --- Calling prep_data_channel () ======
>>> PBSZ 0
<<< 2
<<< 00 Protection Buffer Size set: 0.
====== (2) =======
>>> PROT P
<<< 2
<<< 00 Protection Levet set: P.
====== (2) =======
====== In prep_data_channel past PBSZ & PROT calls! =======
>>> PASV
<<< 2
<<< 27 Entering passive mode (10,5,3,130,228,156).
====== (2) =======
--- Overriding PASV IP Address 10.5.3.130 with ftp.storesonlinepro.com
--- Host (ftp.storesonlinepro.com)  Port (58524)
====== Call to prep_data_channel worked! =======
<<+ 214 The ALLO command is supported.
>>> ALLO 1959
<<< 5
<<< 00 'ALLO': command not understood.
====== (5) =======
>>> STOR send_password.html
<<< 1
<<< 50 Opening BINARY mode data connection for send_password.html.
====== (1) =======
<<< 2
<<< 26 Transfer complete.
====== (2) =======
====== In put (/tmp/candlelight_1324138532_9829, suppliers-and-distributors.html) --- Calling prep_data_channel () ======
>>> PBSZ 0
<<< 2
<<< 00 Protection Buffer Size set: 0.
====== (2) =======
>>> PROT P
<<< 2
<<< 00 Protection Levet set: P.
====== (2) =======
====== In prep_data_channel past PBSZ & PROT calls! =======
>>> PASV
<<< 2
<<< 27 Entering passive mode (10,5,3,130,228,157).
====== (2) =======
--- Overriding PASV IP Address 10.5.3.130 with ftp.storesonlinepro.com
--- Host (ftp.storesonlinepro.com)  Port (58525)
====== Call to prep_data_channel worked! =======
<<+ 214 The ALLO command is supported.
>>> ALLO 6961
<<< 5
<<< 00 'ALLO': command not understood.
====== (5) =======
>>> STOR suppliers-and-distributors.html
<<< 1
<<< 50 Opening BINARY mode data connection for suppliers-and-distributors.html.
====== (1) =======
<<< 2
<<< 26 Transfer complete.
====== (2) =======
====== In put (/tmp/candlelight_1324138533_26030, travel-and-entertainment.html) --- Calling prep_data_channel () ======
>>> PBSZ 0
<<< 2
<<< 00 Protection Buffer Size set: 0.
====== (2) =======
>>> PROT P
<<< 2
<<< 00 Protection Levet set: P.
====== (2) =======
====== In prep_data_channel past PBSZ & PROT calls! =======
>>> PASV
<<< 2
<<< 27 Entering passive mode (10,5,3,130,228,158).
====== (2) =======
--- Overriding PASV IP Address 10.5.3.130 with ftp.storesonlinepro.com
--- Host (ftp.storesonlinepro.com)  Port (58526)
====== Call to prep_data_channel worked! =======
<<+ 214 The ALLO command is supported.
>>> ALLO 4042
<<< 5
<<< 00 'ALLO': command not understood.
====== (5) =======
>>> STOR travel-and-entertainment.html
<<< 1
<<< 50 Opening BINARY mode data connection for travel-and-entertainment.html.
====== (1) =======
<<< 2
<<< 26 Transfer complete.
====== (2) =======
====== In put (/tmp/candlelight_1324138534_9353, webmaster-tools-and-resources.html) --- Calling prep_data_channel () ======
>>> PBSZ 0
<<< 2
<<< 00 Protection Buffer Size set: 0.
====== (2) =======
>>> PROT P
<<< 2
<<< 00 Protection Levet set: P.
====== (2) =======
====== In prep_data_channel past PBSZ & PROT calls! =======
>>> PASV
<<< 2
<<< 27 Entering passive mode (10,5,3,130,228,159).
====== (2) =======
--- Overriding PASV IP Address 10.5.3.130 with ftp.storesonlinepro.com
--- Host (ftp.storesonlinepro.com)  Port (58527)
====== Call to prep_data_channel worked! =======
<<+ 214 The ALLO command is supported.
>>> ALLO 4056
<<< 5
<<< 00 'ALLO': command not understood.
====== (5) =======
>>> STOR webmaster-tools-and-resources.html
<<< 1
<<< 50 Opening BINARY mode data connection for webmaster-tools-and-resources.html.
====== (1) =======
<<< 2
<<< 26 Transfer complete.
====== (2) =======
>>> QUIT
<<< 2
<<< 00 Goodbye.
====== (2) =======
