cpan[1]> install PAR::Packer
CPAN: Storable loaded ok (v2.18)
Going to read /root/.cpan/Metadata
  Database was generated on Mon, 04 Apr 2011 12:28:30 GMT
CPAN: YAML loaded ok (v0.68)
Going to read /root/.cpan/build/
............................................................................DONE
Found 53 old builds, restored the state of 39
Running install for module 'PAR::Packer'
Running make for R/RS/RSCHUPP/PAR-Packer-1.009.tar.gz
CPAN: Digest::SHA loaded ok (v5.47)
CPAN: Compress::Zlib loaded ok (v2.027)
Checksum for /root/.cpan/sources/authors/id/R/RS/RSCHUPP/PAR-Packer-1.009.tar.gz ok
Scanning cache /root/.cpan/build for sizes
............................................................................DONE
PAR-Packer-1.009/
PAR-Packer-1.009/myldr/
PAR-Packer-1.009/myldr/run_with_inc.pl
PAR-Packer-1.009/myldr/encode_append.pl
PAR-Packer-1.009/myldr/Dynamic.in
PAR-Packer-1.009/myldr/win32.res
PAR-Packer-1.009/myldr/sha1.c.PL
PAR-Packer-1.009/myldr/Dynamic.pm
PAR-Packer-1.009/myldr/boot.c
PAR-Packer-1.009/myldr/boot
PAR-Packer-1.009/myldr/win32.coff
PAR-Packer-1.009/myldr/Static.pm
PAR-Packer-1.009/myldr/Makefile.PL
PAR-Packer-1.009/myldr/env.c
PAR-Packer-1.009/myldr/internals.c
PAR-Packer-1.009/myldr/win32.obj
PAR-Packer-1.009/myldr/main.c
PAR-Packer-1.009/myldr/file2c.pl
PAR-Packer-1.009/myldr/parldyn
PAR-Packer-1.009/myldr/usernamefrompwuid.c
PAR-Packer-1.009/myldr/parl
PAR-Packer-1.009/myldr/parlsig.pl
PAR-Packer-1.009/myldr/mktmpdir.h
PAR-Packer-1.009/myldr/utils.c
PAR-Packer-1.009/myldr/mktmpdir.c
PAR-Packer-1.009/myldr/Static.in
PAR-Packer-1.009/MANIFEST.SKIP
PAR-Packer-1.009/contrib/
PAR-Packer-1.009/contrib/stdio/
PAR-Packer-1.009/contrib/stdio/Stdio_readme.txt
PAR-Packer-1.009/contrib/stdio/Stdio.pm
PAR-Packer-1.009/contrib/gui_pp/
PAR-Packer-1.009/contrib/gui_pp/gpp_readme.txt
PAR-Packer-1.009/contrib/gui_pp/gpp
PAR-Packer-1.009/contrib/pare/
PAR-Packer-1.009/contrib/pare/pare_readme.txt
PAR-Packer-1.009/contrib/pare/pare
PAR-Packer-1.009/contrib/procedural_pp/
PAR-Packer-1.009/contrib/procedural_pp/pp_old
PAR-Packer-1.009/contrib/automated_pp_test/
PAR-Packer-1.009/contrib/automated_pp_test/automated_pp_test.pl
PAR-Packer-1.009/contrib/automated_pp_test/hello_tk.pl
PAR-Packer-1.009/contrib/automated_pp_test/hi.ico
PAR-Packer-1.009/contrib/automated_pp_test/pipe_a_command.pm
PAR-Packer-1.009/contrib/automated_pp_test/prior_to_test.pm
PAR-Packer-1.009/contrib/automated_pp_test/remove_file_and_try_executable_again.pm
PAR-Packer-1.009/contrib/automated_pp_test/test_in_further_subdir.pm
PAR-Packer-1.009/contrib/extract_embedded/
PAR-Packer-1.009/contrib/extract_embedded/extract-embedded.pl
PAR-Packer-1.009/contrib/docs/
PAR-Packer-1.009/contrib/docs/where_is_it.txt
PAR-Packer-1.009/contrib/docs/who_am_i.txt
PAR-Packer-1.009/inc/
PAR-Packer-1.009/inc/Module/
PAR-Packer-1.009/inc/Module/Install.pm
PAR-Packer-1.009/inc/Module/Install/
PAR-Packer-1.009/inc/Module/Install/Win32.pm
PAR-Packer-1.009/inc/Module/Install/Makefile.pm
PAR-Packer-1.009/inc/Module/Install/WriteAll.pm
PAR-Packer-1.009/inc/Module/Install/PAR.pm
PAR-Packer-1.009/inc/Module/Install/Fetch.pm
PAR-Packer-1.009/inc/Module/Install/Include.pm
PAR-Packer-1.009/inc/Module/Install/Metadata.pm
PAR-Packer-1.009/inc/Module/Install/Can.pm
PAR-Packer-1.009/inc/Module/Install/Base.pm
PAR-Packer-1.009/inc/PerlIO.pm
PAR-Packer-1.009/inc/Test/
PAR-Packer-1.009/inc/Test/More.pm
PAR-Packer-1.009/inc/Test/Builder/
PAR-Packer-1.009/inc/Test/Builder/IO/
PAR-Packer-1.009/inc/Test/Builder/IO/Scalar.pm
PAR-Packer-1.009/inc/Test/Builder/Module.pm
PAR-Packer-1.009/inc/Test/Builder.pm
PAR-Packer-1.009/inc/parent.pm
PAR-Packer-1.009/script/
PAR-Packer-1.009/script/pp
PAR-Packer-1.009/script/par.pl
PAR-Packer-1.009/script/tkpp
PAR-Packer-1.009/script/parl.pod
PAR-Packer-1.009/t/
PAR-Packer-1.009/t/20-pp.t
PAR-Packer-1.009/t/30-current_exec.t
PAR-Packer-1.009/t/00-pod.t
PAR-Packer-1.009/t/test-proc
PAR-Packer-1.009/t/40-packer_cd_option.t
PAR-Packer-1.009/t/90-rt59710.t
PAR-Packer-1.009/t/10-parl-generation.t
PAR-Packer-1.009/Makefile.PL
PAR-Packer-1.009/package/
PAR-Packer-1.009/package/parl.nsi
PAR-Packer-1.009/ChangeLog
PAR-Packer-1.009/lib/
PAR-Packer-1.009/lib/PAR/
PAR-Packer-1.009/lib/PAR/Packer.pm
PAR-Packer-1.009/lib/PAR/StrippedPARL/
PAR-Packer-1.009/lib/PAR/StrippedPARL/Base.pm
PAR-Packer-1.009/lib/PAR/Filter/
PAR-Packer-1.009/lib/PAR/Filter/PodStrip.pm
PAR-Packer-1.009/lib/PAR/Filter/Bleach.pm
PAR-Packer-1.009/lib/PAR/Filter/PatchContent.pm
PAR-Packer-1.009/lib/PAR/Filter/Bytecode.pm
PAR-Packer-1.009/lib/PAR/Filter/Obfuscate.pm
PAR-Packer-1.009/lib/PAR/Filter.pm
PAR-Packer-1.009/lib/pp.pm
PAR-Packer-1.009/lib/App/
PAR-Packer-1.009/lib/App/Packer/
PAR-Packer-1.009/lib/App/Packer/PAR.pm
PAR-Packer-1.009/TODO
PAR-Packer-1.009/MANIFEST
PAR-Packer-1.009/README
PAR-Packer-1.009/AUTHORS
PAR-Packer-1.009/META.yml
CPAN: File::Temp loaded ok (v0.21)

  CPAN.pm: Going to build R/RS/RSCHUPP/PAR-Packer-1.009.tar.gz

*** You have extra Perl library paths set in your environment.
    Please note that these paths (set with PERL5LIB or PERLLIB)
    are not honored by perl when running under taint mode, which
    may lead to problems. This is a limitation (by design) of
    Perl, not of PAR::Packer; but some of the problems may
    manifest here during installation.

Checking if your kit is complete...
Looks good
Prototype mismatch: sub main::prompt: none vs ($;$) at /usr/lib/perl5/5.10.0/ExtUtils/MakeMaker.pm line 187
Note (probably harmless): No library found for -ldb
Writing Makefile for par
Writing Makefile for PAR::Packer
cp lib/App/Packer/PAR.pm blib/lib/App/Packer/PAR.pm
cp lib/PAR/Packer.pm blib/lib/PAR/Packer.pm
cp lib/PAR/Filter/PodStrip.pm blib/lib/PAR/Filter/PodStrip.pm
cp lib/PAR/Filter/Obfuscate.pm blib/lib/PAR/Filter/Obfuscate.pm
cp lib/PAR/StrippedPARL/Base.pm blib/lib/PAR/StrippedPARL/Base.pm
cp lib/PAR/Filter.pm blib/lib/PAR/Filter.pm
cp lib/PAR/Filter/PatchContent.pm blib/lib/PAR/Filter/PatchContent.pm
cp lib/PAR/Filter/Bytecode.pm blib/lib/PAR/Filter/Bytecode.pm
cp lib/pp.pm blib/lib/pp.pm
cp lib/PAR/Filter/Bleach.pm blib/lib/PAR/Filter/Bleach.pm
make[1]: Entering directory `/root/.cpan/build/PAR-Packer-1.009-QixC3o/myldr'
Makefile:713: warning: overriding commands for target `.c.o'
Makefile:325: warning: ignoring old commands for target `.c.o'
/usr/bin/perl sha1.c.PL
gcc -c -D_REENTRANT -D_GNU_SOURCE -DPERL_USE_SAFE_PUTENV -DDEBUGGING -fno-strict-aliasing -pipe -I/usr/local/include -D_LARGEFILE_SOURCE -D_FILE_OFFSET_BITS=64 -I/usr/include/gdbm  -I/usr/lib64/perl5/5.10.0/x86_64-linux-thread-multi/CORE  -DPARL_EXE=\"parl\" -O2 -g -pipe -Wall -Wp,-D_FORTIFY_SOURCE=2 -fexceptions -fstack-protector --param=ssp-buffer-size=4 -m64 -mtune=generic main.c
In file included from main.c:4:
perlxsi.c: In function 'xs_init':
perlxsi.c:30: warning: passing argument 3 of 'Perl_newXS' from incompatible pointer type
/usr/lib64/perl5/5.10.0/x86_64-linux-thread-multi/CORE/proto.h:1500: note: expected 'XSUBADDR_t' but argument is of type 'void (*)(struct CV *)'
In file included from main.c:53:
mktmpdir.c: In function 'par_mktmpdir':
mktmpdir.c:201: warning: ignoring return value of 'read', declared with attribute warn_unused_result
mktmpdir.c:206: warning: ignoring return value of 'read', declared with attribute warn_unused_result
In file included from main.c:54:
internals.c: In function 'par_xs_init':
internals.c:124: error: too many arguments to function 'xs_init'
make[1]: *** [main.o] Error 1
make[1]: Leaving directory `/root/.cpan/build/PAR-Packer-1.009-QixC3o/myldr'
make: *** [subdirs] Error 2
  RSCHUPP/PAR-Packer-1.009.tar.gz
  /usr/bin/make -- NOT OK
Running make test
  Can't test without successful make
Running make install
  Make had returned bad status, install seems impossible
Failed during this command:
 RSCHUPP/PAR-Packer-1.009.tar.gz              : make NO

                                                                                                                                          cpan[2]>
