1..13
# Running under perl version 5.008003 for linux
# Current time local: Wed Jun 30 09:15:24 2004
# Current time GMT:   Wed Jun 30 13:15:24 2004
# Using Test.pm version 1.24
ok 1
ok 2
ok 3
ok 4
ok 5
ok 6
ok 7
ok 8
ok 9
# newcenturyschlbk
# brushstroke
# nimbus roman no9 l
# postantiquaroman
# clearlyu devangari extra
# mazama
# linotext
# arnoldboecklin
# garamond
# engraver
# utopia
# manzanita
# futura_poster
# eras
# clearlyu arabic
# dingbats
# cursor
# standard symbols l
# annstone
# carrickcaps
# urw chancery l
# clearlyu arabic extra
# classicheavylight
# urw palladio l
# fixed
# lucidatypewriter
# cheq
# victoriassecret
# open look glyph
# shalomoldstyle
# roostheavy
# avantgarde
# tekton
# elizabethann
# clearlyu pua
# capri
# urw gothic l
# urw bookman l
# century schoolbook l
# zaleskicaps
# parkavenue
# avant garde gothic
# clean
# slogan
# dobkinscript
# terminal
# baskerville
# cracklingfire
# zapf chancery
# muriel
# gothic
# bookman
# rudelsberg
# new century schoolbook
# coronetscript
# clearlyu alternate glyphs
# spookyplain
# davysbigkeycaps
# tribeca
# lucidabright
# braille
# song ti
# zapf dingbats
# open look cursor
# helvetica
# mincho
# nimbus sans l
# palatino
# goudyoldstyle
# crillee
# goodcitymodern(seq)
# clearlyu
# courier
# luxembourg
# lucida
# itc avant garde gothic
# salter
# clearlyu devanagari
# nil
# bodoni
# itc zapf chancery
# blippo
# itc bookman
# rechtmanscript
# oswaldblack
# fangsong ti
# cooper
# igloolaser
# charter
# shalomstick
# times
# caligula
# shohlfold
# cuneifontlight
# tempofont
# itc zapf dingbats
# newspaper
# frizquadrata
# florencelight
# clearlyu ligature
# shalomscript
# goodcitymodern(kbd)
# dragonwick
# genoa
# agate
# nimbus mono l
# becker
# zapfdingbats
# windsordemi
# symbol
# oldtown
# Times -12 bold:-family,times,-size,-12,-weight,bold,-slant,roman,-underline,0,-overstrike,0
ok 10
ok 11
ok 12
ok 13
# times,adobe,iso8859-1,-1
# times,adobe,ucs-2be,8364,-adobe-times-bold-r-normal--12-120-75-75-p-67-iso10646-1
