child:14903: ->log('info',1)
child:14903: ->log('info',1): done
child:14903: ->log('info',2)
Timeout waiting for lock on '/tmp/log_dispatch_fileshared.lock'. at /opt/perl-5.8.8/lib/vendor_perl/5.8.8/Log/Dispatch/FileShared.pm line 246.
14903: test message: 2.
child:14903: ->log('info',2): done
child:14903: ->log('info',3)
flock() on closed filehandle $h at /opt/perl-5.8.8/lib/vendor_perl/5.8.8/Log/Dispatch/FileShared.pm line 210.
flock() on closed filehandle $h at /opt/perl-5.8.8/lib/vendor_perl/5.8.8/Log/Dispatch/FileShared.pm line 238.
seek() on closed filehandle $h at /opt/perl-5.8.8/lib/vendor_perl/5.8.8/Log/Dispatch/FileShared.pm line 256.
print() on closed filehandle $h at /opt/perl-5.8.8/lib/vendor_perl/5.8.8/Log/Dispatch/FileShared.pm line 139.
flock() on closed filehandle $h at /opt/perl-5.8.8/lib/vendor_perl/5.8.8/Log/Dispatch/FileShared.pm line 144.
child:14903: ->log('info',3): done
child:14903: ->log('info',4)
flock() on closed filehandle $h at /opt/perl-5.8.8/lib/vendor_perl/5.8.8/Log/Dispatch/FileShared.pm line 210.
flock() on closed filehandle $h at /opt/perl-5.8.8/lib/vendor_perl/5.8.8/Log/Dispatch/FileShared.pm line 238.
seek() on closed filehandle $h at /opt/perl-5.8.8/lib/vendor_perl/5.8.8/Log/Dispatch/FileShared.pm line 256.
print() on closed filehandle $h at /opt/perl-5.8.8/lib/vendor_perl/5.8.8/Log/Dispatch/FileShared.pm line 139.
flock() on closed filehandle $h at /opt/perl-5.8.8/lib/vendor_perl/5.8.8/Log/Dispatch/FileShared.pm line 144.
child:14903: ->log('info',4): done
child:14903: ->log('info',5)
flock() on closed filehandle $h at /opt/perl-5.8.8/lib/vendor_perl/5.8.8/Log/Dispatch/FileShared.pm line 210.
flock() on closed filehandle $h at /opt/perl-5.8.8/lib/vendor_perl/5.8.8/Log/Dispatch/FileShared.pm line 238.
seek() on closed filehandle $h at /opt/perl-5.8.8/lib/vendor_perl/5.8.8/Log/Dispatch/FileShared.pm line 256.
print() on closed filehandle $h at /opt/perl-5.8.8/lib/vendor_perl/5.8.8/Log/Dispatch/FileShared.pm line 139.
flock() on closed filehandle $h at /opt/perl-5.8.8/lib/vendor_perl/5.8.8/Log/Dispatch/FileShared.pm line 144.
child:14903: ->log('info',5): done
child:14903: ->log('info',6)
flock() on closed filehandle $h at /opt/perl-5.8.8/lib/vendor_perl/5.8.8/Log/Dispatch/FileShared.pm line 210.
flock() on closed filehandle $h at /opt/perl-5.8.8/lib/vendor_perl/5.8.8/Log/Dispatch/FileShared.pm line 238.
seek() on closed filehandle $h at /opt/perl-5.8.8/lib/vendor_perl/5.8.8/Log/Dispatch/FileShared.pm line 256.
print() on closed filehandle $h at /opt/perl-5.8.8/lib/vendor_perl/5.8.8/Log/Dispatch/FileShared.pm line 139.
flock() on closed filehandle $h at /opt/perl-5.8.8/lib/vendor_perl/5.8.8/Log/Dispatch/FileShared.pm line 144.
child:14903: ->log('info',6): done
child:14903: ->log('info',7)
flock() on closed filehandle $h at /opt/perl-5.8.8/lib/vendor_perl/5.8.8/Log/Dispatch/FileShared.pm line 210.
flock() on closed filehandle $h at /opt/perl-5.8.8/lib/vendor_perl/5.8.8/Log/Dispatch/FileShared.pm line 238.
seek() on closed filehandle $h at /opt/perl-5.8.8/lib/vendor_perl/5.8.8/Log/Dispatch/FileShared.pm line 256.
print() on closed filehandle $h at /opt/perl-5.8.8/lib/vendor_perl/5.8.8/Log/Dispatch/FileShared.pm line 139.
flock() on closed filehandle $h at /opt/perl-5.8.8/lib/vendor_perl/5.8.8/Log/Dispatch/FileShared.pm line 144.
child:14903: ->log('info',7): done
parent: file /tmp/log_dispatch_fileshared.lock opened, waiting 1s
parent: locked for 3s
parent: unlocked
