CPAN: Storable loaded ok
Going to read /root/.cpan/Metadata
  Database was generated on Tue, 21 Jun 2011 14:31:57 GMT
Running install for module Params::Validate
Running make for D/DR/DROLSKY/Params-Validate-1.00.tar.gz
CPAN: Digest::MD5 loaded ok
CPAN: Compress::Zlib loaded ok
Checksum for /root/.cpan/sources/authors/id/D/DR/DROLSKY/Params-Validate-1.00.tar.gz ok
Scanning cache /root/.cpan/build for sizes
Params-Validate-1.00
Params-Validate-1.00/TODO
Params-Validate-1.00/README
Params-Validate-1.00/Changes
Params-Validate-1.00/LICENSE
Params-Validate-1.00/INSTALL
Params-Validate-1.00/dist.ini
Params-Validate-1.00/META.yml
Params-Validate-1.00/MANIFEST
Params-Validate-1.00/Build.PL
Params-Validate-1.00/t
Params-Validate-1.00/t/11-cb.t
Params-Validate-1.00/META.json
Params-Validate-1.00/t/26-isa.t
Params-Validate-1.00/t/21-can.t
Params-Validate-1.00/c
Params-Validate-1.00/c/ppport.h
Params-Validate-1.00/t/02-noop.t
Params-Validate-1.00/t/15-case.t
Params-Validate-1.00/t/24-tied.t
Params-Validate-1.00/t/07-with.t
Params-Validate-1.00/t/13-taint.t
Params-Validate-1.00/t/09-regex.t
Params-Validate-1.00/t/18-depends.t
Params-Validate-1.00/t/19-untaint.t
Params-Validate-1.00/t/06-options.t
Params-Validate-1.00/t/12-noop_cb.t
Params-Validate-1.00/t/01-validate.t
Params-Validate-1.00/t/23-readonly.t
Params-Validate-1.00/t/04-defaults.t
Params-Validate-1.00/t/release-eol.t
Params-Validate-1.00/benchmarks
Params-Validate-1.00/benchmarks/basic
Params-Validate-1.00/t/08-noop_with.t
Params-Validate-1.00/t/17-callbacks.t
Params-Validate-1.00/t/03-attribute.t
Params-Validate-1.00/t/16-normalize.t
Params-Validate-1.00/t/lib
Params-Validate-1.00/t/lib/PVTests.pm
Params-Validate-1.00/t/10-noop_regex.t
Params-Validate-1.00/t/29-taint-mode.t
Params-Validate-1.00/t/25-undef-regex.t
Params-Validate-1.00/t/14-no_validate.t
Params-Validate-1.00/t/05-noop_default.t
Params-Validate-1.00/t/release-no-tabs.t
Params-Validate-1.00/inc
Params-Validate-1.00/inc/MyModuleBuild.pm
Params-Validate-1.00/t/release-pp-11-cb.t
Params-Validate-1.00/t/27-string-as-type.t
Params-Validate-1.00/t/lib/PVTests
Params-Validate-1.00/t/lib/PVTests/With.pm
Params-Validate-1.00/t/release-pod-spell.t
Params-Validate-1.00/t/release-pp-26-isa.t
Params-Validate-1.00/t/release-pp-21-can.t
Params-Validate-1.00/t/28-readonly-return.t
Params-Validate-1.00/t/lib/PVTests/Regex.pm
Params-Validate-1.00/lib/Params
Params-Validate-1.00/lib/Params/Validate.pm
Params-Validate-1.00/lib/Params/Validate.xs
Params-Validate-1.00/t/release-pp-02-noop.t
Params-Validate-1.00/t/release-pp-15-case.t
Params-Validate-1.00/t/release-pp-24-tied.t
Params-Validate-1.00/t/release-pp-07-with.t
Params-Validate-1.00/t/release-pod-syntax.t
Params-Validate-1.00/t/22-overload-can-bug.t
Params-Validate-1.00/t/release-pp-13-taint.t
Params-Validate-1.00/t/release-pp-09-regex.t
Params-Validate-1.00/lib/Params/ValidatePP.pm
Params-Validate-1.00/lib/Params/ValidateXS.pm
Params-Validate-1.00/t/release-pod-coverage.t
Params-Validate-1.00/t/release-cpan-changes.t
Params-Validate-1.00/t/30-hashref-alteration.t
Params-Validate-1.00/t/31-incorrect-spelling.t
Params-Validate-1.00/t/lib/PVTests/Defaults.pm
Params-Validate-1.00/t/lib/PVTests/Standard.pm
Params-Validate-1.00/t/release-pp-18-depends.t
Params-Validate-1.00/t/release-pp-19-untaint.t
Params-Validate-1.00/t/release-pp-06-options.t
Params-Validate-1.00/t/release-pp-12-noop_cb.t
Params-Validate-1.00/t/lib/PVTests/Callbacks.pm
Params-Validate-1.00/t/release-pp-01-validate.t
Params-Validate-1.00/t/release-pp-23-readonly.t
Params-Validate-1.00/t/release-pp-04-defaults.t
Params-Validate-1.00/t/release-pp-08-noop_with.t
Params-Validate-1.00/t/release-pp-17-callbacks.t
Params-Validate-1.00/t/release-pp-03-attribute.t
Params-Validate-1.00/t/release-pp-16-normalize.t
Params-Validate-1.00/t/release-pp-10-noop_regex.t
Params-Validate-1.00/t/release-pp-29-taint-mode.t
Params-Validate-1.00/t/release-pp-25-undef-regex.t
Params-Validate-1.00/t/release-pp-14-no_validate.t
Params-Validate-1.00/t/release-pp-05-noop_default.t
Params-Validate-1.00/lib/Attribute/Params
Params-Validate-1.00/lib/Attribute/Params/Validate.pm
Params-Validate-1.00/t/release-pp-27-string-as-type.t
Params-Validate-1.00/t/release-pp-28-readonly-return.t
/bin/tar: Read 8192 bytes from -
Params-Validate-1.00/t/release-pp-22-overload-can-bug.t
Params-Validate-1.00/t/release-pp-30-hashref-alteration.t
Params-Validate-1.00/t/release-pp-31-incorrect-spelling.t
Removing previously used /root/.cpan/build/Params-Validate-1.00
Package seems to come without Makefile.PL.
  (The test -f "/root/.cpan/build/Params-Validate-1.00/Makefile.PL" returned false.)
  Writing one on our own (setting NAME to ParamsValidate)

  CPAN.pm: Going to build D/DR/DROLSKY/Params-Validate-1.00.tar.gz

Checking if your kit is complete...
Looks good
Writing Makefile for ParamsValidate
cp lib/Params/Validate.xs blib/lib/Params/Validate.xs
cp lib/Params/ValidatePP.pm blib/lib/Params/ValidatePP.pm
cp lib/Attribute/Params/Validate.pm blib/lib/Attribute/Params/Validate.pm
cp lib/Params/Validate.pm blib/lib/Params/Validate.pm
cp lib/Params/ValidateXS.pm blib/lib/Params/ValidateXS.pm
Manifying blib/man3/Attribute::Params::Validate.3pm
Manifying blib/man3/Params::Validate.3pm
  /usr/bin/make  -- OK
Running make test
PERL_DL_NONLAZY=1 /usr/bin/perl "-MExtUtils::Command::MM" "-e" "test_harness(0, 'blib/lib', 'blib/arch')" t/*.t
You tried to run a test without a plan!  Gotta have a plan. at /usr/lib/perl5/5.8.8/Test/More.pm line 329
# Looks like your test died before it could output anything.
t/01-validate.t ....................... 
Dubious, test returned 255 (wstat 65280, 0xff00)
No subtests run 
You tried to run a test without a plan!  Gotta have a plan. at /usr/lib/perl5/5.8.8/Test/More.pm line 329
# Looks like your test died before it could output anything.
t/02-noop.t ........................... 
Dubious, test returned 255 (wstat 65280, 0xff00)
No subtests run 
You tried to run a test without a plan!  Gotta have a plan. at /usr/lib/perl5/5.8.8/Test/More.pm line 329
# Looks like your test died before it could output anything.
t/03-attribute.t ...................... 
Dubious, test returned 255 (wstat 65280, 0xff00)
No subtests run 
You tried to run a test without a plan!  Gotta have a plan. at /usr/lib/perl5/5.8.8/Test/More.pm line 329
# Looks like your test died before it could output anything.
t/04-defaults.t ....................... 
Dubious, test returned 255 (wstat 65280, 0xff00)
No subtests run 
You tried to run a test without a plan!  Gotta have a plan. at /usr/lib/perl5/5.8.8/Test/More.pm line 329
# Looks like your test died before it could output anything.
t/05-noop_default.t ................... 
Dubious, test returned 255 (wstat 65280, 0xff00)
No subtests run 
You tried to run a test without a plan!  Gotta have a plan. at /usr/lib/perl5/5.8.8/Test/More.pm line 374
# Looks like your test died before it could output anything.
t/06-options.t ........................ 
Dubious, test returned 255 (wstat 65280, 0xff00)
No subtests run 
You tried to run a test without a plan!  Gotta have a plan. at /usr/lib/perl5/5.8.8/Test/More.pm line 329
# Looks like your test died before it could output anything.
t/07-with.t ........................... 
Dubious, test returned 255 (wstat 65280, 0xff00)
No subtests run 
You tried to run a test without a plan!  Gotta have a plan. at /usr/lib/perl5/5.8.8/Test/More.pm line 329
# Looks like your test died before it could output anything.
t/08-noop_with.t ...................... 
Dubious, test returned 255 (wstat 65280, 0xff00)
No subtests run 
t/09-regex.t .......................... ok
t/10-noop_regex.t ..................... ok
You tried to run a test without a plan!  Gotta have a plan. at /usr/lib/perl5/5.8.8/Test/More.pm line 329
# Looks like your test died before it could output anything.
t/11-cb.t ............................. 
Dubious, test returned 255 (wstat 65280, 0xff00)
No subtests run 
You tried to run a test without a plan!  Gotta have a plan. at /usr/lib/perl5/5.8.8/Test/More.pm line 329
# Looks like your test died before it could output anything.
t/12-noop_cb.t ........................ 
Dubious, test returned 255 (wstat 65280, 0xff00)
No subtests run 
You tried to run a test without a plan!  Gotta have a plan. at /usr/lib/perl5/5.8.8/Test/More.pm line 329
# Looks like your test died before it could output anything.
t/13-taint.t .......................... 
Dubious, test returned 255 (wstat 65280, 0xff00)
No subtests run 
t/14-no_validate.t .................... ok
t/15-case.t ........................... ok
You tried to run a test without a plan!  Gotta have a plan. at /usr/lib/perl5/5.8.8/Test/More.pm line 263
# Looks like your test died before it could output anything.
t/16-normalize.t ...................... 
Dubious, test returned 255 (wstat 65280, 0xff00)
No subtests run 
You tried to run a test without a plan!  Gotta have a plan. at /usr/lib/perl5/5.8.8/Test/More.pm line 374
# Looks like your test died before it could output anything.
t/17-callbacks.t ...................... 
Dubious, test returned 255 (wstat 65280, 0xff00)
No subtests run 
You tried to run a test without a plan!  Gotta have a plan. at /usr/lib/perl5/5.8.8/Test/More.pm line 329
# Looks like your test died before it could output anything.
t/18-depends.t ........................ 
Dubious, test returned 255 (wstat 65280, 0xff00)
No subtests run 
t/19-untaint.t ........................ skipped: These tests require Test::Taint 0.02+ to run
You tried to run a test without a plan!  Gotta have a plan. at /usr/lib/perl5/5.8.8/Test/More.pm line 329
# Looks like your test died before it could output anything.
t/21-can.t ............................ 
Dubious, test returned 255 (wstat 65280, 0xff00)
No subtests run 
You tried to run a test without a plan!  Gotta have a plan. at /usr/lib/perl5/5.8.8/Test/More.pm line 329
# Looks like your test died before it could output anything.
t/22-overload-can-bug.t ............... 
Dubious, test returned 255 (wstat 65280, 0xff00)
No subtests run 
t/23-readonly.t ....................... skipped: Need Readonly::XS and Readonly for this test
You tried to run a test without a plan!  Gotta have a plan. at /usr/lib/perl5/5.8.8/Test/More.pm line 329
# Looks like your test died before it could output anything.
t/24-tied.t ........................... 
Dubious, test returned 255 (wstat 65280, 0xff00)
No subtests run 
You tried to run a test without a plan!  Gotta have a plan. at /usr/lib/perl5/5.8.8/Test/More.pm line 263
# Looks like your test died before it could output anything.
t/25-undef-regex.t .................... 
Dubious, test returned 255 (wstat 65280, 0xff00)
No subtests run 
You tried to run a test without a plan!  Gotta have a plan. at /usr/lib/perl5/5.8.8/Test/More.pm line 329
# Looks like your test died before it could output anything.
t/26-isa.t ............................ 
Dubious, test returned 255 (wstat 65280, 0xff00)
No subtests run 
You tried to run a test without a plan!  Gotta have a plan. at /usr/lib/perl5/5.8.8/Test/More.pm line 374
# Looks like your test died before it could output anything.
t/27-string-as-type.t ................. 
Dubious, test returned 255 (wstat 65280, 0xff00)
No subtests run 
You tried to run a test without a plan!  Gotta have a plan. at /usr/lib/perl5/5.8.8/Test/More.pm line 263
# Looks like your test died before it could output anything.
t/28-readonly-return.t ................ 
Dubious, test returned 255 (wstat 65280, 0xff00)
No subtests run 
t/29-taint-mode.t ..................... skipped: This test is flaky
You tried to run a test without a plan!  Gotta have a plan. at /usr/lib/perl5/5.8.8/Test/More.pm line 809
# Looks like your test died before it could output anything.
t/30-hashref-alteration.t ............. 
Dubious, test returned 255 (wstat 65280, 0xff00)
No subtests run 
t/31-incorrect-spelling.t ............. skipped: Spec validation is disabled for now
t/release-cpan-changes.t .............. skipped: these tests are for release candidate testing
t/release-eol.t ....................... skipped: these tests are for release candidate testing
t/release-no-tabs.t ................... skipped: these tests are for release candidate testing
t/release-pod-coverage.t .............. skipped: these tests are for release candidate testing
t/release-pod-spell.t ................. skipped: these tests are for release candidate testing
t/release-pod-syntax.t ................ skipped: these tests are for release candidate testing
t/release-pp-01-validate.t ............ skipped: these tests are for testing by the release
t/release-pp-02-noop.t ................ skipped: these tests are for testing by the release
t/release-pp-03-attribute.t ........... skipped: these tests are for testing by the release
t/release-pp-04-defaults.t ............ skipped: these tests are for testing by the release
t/release-pp-05-noop_default.t ........ skipped: these tests are for testing by the release
t/release-pp-06-options.t ............. skipped: these tests are for testing by the release
t/release-pp-07-with.t ................ skipped: these tests are for testing by the release
t/release-pp-08-noop_with.t ........... skipped: these tests are for testing by the release
t/release-pp-09-regex.t ............... skipped: these tests are for testing by the release
t/release-pp-10-noop_regex.t .......... skipped: these tests are for testing by the release
t/release-pp-11-cb.t .................. skipped: these tests are for testing by the release
t/release-pp-12-noop_cb.t ............. skipped: these tests are for testing by the release
t/release-pp-13-taint.t ............... skipped: these tests are for testing by the release
t/release-pp-14-no_validate.t ......... skipped: these tests are for testing by the release
t/release-pp-15-case.t ................ skipped: these tests are for testing by the release
t/release-pp-16-normalize.t ........... skipped: these tests are for testing by the release
t/release-pp-17-callbacks.t ........... skipped: these tests are for testing by the release
t/release-pp-18-depends.t ............. skipped: these tests are for testing by the release
t/release-pp-19-untaint.t ............. skipped: these tests are for testing by the release
t/release-pp-21-can.t ................. skipped: these tests are for testing by the release
t/release-pp-22-overload-can-bug.t .... skipped: these tests are for testing by the release
t/release-pp-23-readonly.t ............ skipped: these tests are for testing by the release
t/release-pp-24-tied.t ................ skipped: these tests are for testing by the release
t/release-pp-25-undef-regex.t ......... skipped: these tests are for testing by the release
t/release-pp-26-isa.t ................. skipped: these tests are for testing by the release
t/release-pp-27-string-as-type.t ...... skipped: these tests are for testing by the release
t/release-pp-28-readonly-return.t ..... skipped: these tests are for testing by the release
t/release-pp-29-taint-mode.t .......... skipped: these tests are for testing by the release
t/release-pp-30-hashref-alteration.t .. skipped: these tests are for testing by the release
t/release-pp-31-incorrect-spelling.t .. skipped: these tests are for testing by the release

Test Summary Report
-------------------
t/01-validate.t                     (Wstat: 65280 Tests: 0 Failed: 0)
  Non-zero exit status: 255
  Parse errors: No plan found in TAP output
t/02-noop.t                         (Wstat: 65280 Tests: 0 Failed: 0)
  Non-zero exit status: 255
  Parse errors: No plan found in TAP output
t/03-attribute.t                    (Wstat: 65280 Tests: 0 Failed: 0)
  Non-zero exit status: 255
  Parse errors: No plan found in TAP output
t/04-defaults.t                     (Wstat: 65280 Tests: 0 Failed: 0)
  Non-zero exit status: 255
  Parse errors: No plan found in TAP output
t/05-noop_default.t                 (Wstat: 65280 Tests: 0 Failed: 0)
  Non-zero exit status: 255
  Parse errors: No plan found in TAP output
t/06-options.t                      (Wstat: 65280 Tests: 0 Failed: 0)
  Non-zero exit status: 255
  Parse errors: No plan found in TAP output
t/07-with.t                         (Wstat: 65280 Tests: 0 Failed: 0)
  Non-zero exit status: 255
  Parse errors: No plan found in TAP output
t/08-noop_with.t                    (Wstat: 65280 Tests: 0 Failed: 0)
  Non-zero exit status: 255
  Parse errors: No plan found in TAP output
t/11-cb.t                           (Wstat: 65280 Tests: 0 Failed: 0)
  Non-zero exit status: 255
  Parse errors: No plan found in TAP output
t/12-noop_cb.t                      (Wstat: 65280 Tests: 0 Failed: 0)
  Non-zero exit status: 255
  Parse errors: No plan found in TAP output
t/13-taint.t                        (Wstat: 65280 Tests: 0 Failed: 0)
  Non-zero exit status: 255
  Parse errors: No plan found in TAP output
t/16-normalize.t                    (Wstat: 65280 Tests: 0 Failed: 0)
  Non-zero exit status: 255
  Parse errors: No plan found in TAP output
t/17-callbacks.t                    (Wstat: 65280 Tests: 0 Failed: 0)
  Non-zero exit status: 255
  Parse errors: No plan found in TAP output
t/18-depends.t                      (Wstat: 65280 Tests: 0 Failed: 0)
  Non-zero exit status: 255
  Parse errors: No plan found in TAP output
t/21-can.t                          (Wstat: 65280 Tests: 0 Failed: 0)
  Non-zero exit status: 255
  Parse errors: No plan found in TAP output
t/22-overload-can-bug.t             (Wstat: 65280 Tests: 0 Failed: 0)
  Non-zero exit status: 255
  Parse errors: No plan found in TAP output
t/24-tied.t                         (Wstat: 65280 Tests: 0 Failed: 0)
  Non-zero exit status: 255
  Parse errors: No plan found in TAP output
t/25-undef-regex.t                  (Wstat: 65280 Tests: 0 Failed: 0)
  Non-zero exit status: 255
  Parse errors: No plan found in TAP output
t/26-isa.t                          (Wstat: 65280 Tests: 0 Failed: 0)
  Non-zero exit status: 255
  Parse errors: No plan found in TAP output
t/27-string-as-type.t               (Wstat: 65280 Tests: 0 Failed: 0)
  Non-zero exit status: 255
  Parse errors: No plan found in TAP output
t/28-readonly-return.t              (Wstat: 65280 Tests: 0 Failed: 0)
  Non-zero exit status: 255
  Parse errors: No plan found in TAP output
t/30-hashref-alteration.t           (Wstat: 65280 Tests: 0 Failed: 0)
  Non-zero exit status: 255
  Parse errors: No plan found in TAP output
Files=66, Tests=53,  2 wallclock secs ( 0.13 usr  0.05 sys +  1.20 cusr  0.22 csys =  1.60 CPU)
Result: FAIL
Failed 22/66 test programs. 0/53 subtests failed.
make: *** [test_dynamic] Error 255
  /usr/bin/make test -- NOT OK
Running make install
  make test had returned bad status, won't install without force
