From: srezic@cpan.org
X-Test-Reporter-Distfile: MUIR/modules/File-Flock-2013.06.tar.gz
X-Test-Reporter-Perl: v5.16.0 RC0
Subject: FAIL File-Flock-2013.06 i386-freebsd 8.0-release-p4
Report: This distribution has been tested as part of the CPAN Testers
project, supporting the Perl programming language.  See
http://wiki.cpantesters.org/ for more information or email
questions to cpan-testers-discuss@perl.org


--
Dear David Muir Sharnoff,

This is a computer-generated report for File-Flock-2013.06
on perl 5.16.0, created by CPAN-Reporter-1.2006.

Thank you for uploading your work to CPAN.  However, there was a problem
testing your distribution.

If you think this report is invalid, please consult the CPAN Testers Wiki
for suggestions on how to avoid getting FAIL reports for missing library
or binary dependencies, unsupported operating systems, and so on:

http://wiki.cpantesters.org/wiki/CPANAuthorNotes

Sections of this report:

    * Tester comments
    * Program output
    * Prerequisites
    * Environment and other context

------------------------------
TESTER COMMENTS
------------------------------

Additional comments from tester:

none provided

------------------------------
PROGRAM OUTPUT
------------------------------

Output from '/usr/bin/make test':

PERL_DL_NONLAZY=1 /home2/cpansand/var/ctps/5160RC0/install/perl-5.16.0-RC0/bin/perl5.16.0 "-MExtUtils::Command::MM" "-e" "test_harness(0, 'blib/lib', 'blib/arch')" t/*.t
t/auto.t ......... skipped: flock() is supported on this platform
t/auto2.t ........ skipped: flock() is supported on this platform
t/flock.t ........ ok
t/flock2.t ....... ok
Too late to run CHECK block at /home/cpansand/var/ctps/5160RC0/install/perl-5.16.0-RC0/lib/site_perl/5.16.0/i386-freebsd/EV.pm line 123.
Use of uninitialized value $ok in scalar chomp at /var/tmp/CPAN-build/File-Flock-2013.06-VVGSxa/blib/lib/File/Flock/Subprocess.pm line 111.
EV: error in callback (ignoring): Bad arg length for Socket::unpack_sockaddr_un, length is 16, should be 106 at /home/cpansand/var/ctps/5160RC0/install/perl-5.16.0-RC0/lib/site_perl/5.16.0/i386-freebsd/Socket.pm line 801.
 at /usr/local/src/CPAN/build/IO-Event-0.809-78ltno/blib/lib/IO/Event.pm line 284.
	IO::Event::Common::ie_do_invoke('IO::Event::Socket::UNIX=GLOB(0x27be1970)', 1, 'ie_connection') called at /usr/local/src/CPAN/build/IO-Event-0.809-78ltno/blib/lib/IO/Event.pm line 251
	IO::Event::Common::ie_invoke('IO::Event::Socket::UNIX=GLOB(0x27be1970)', 1, 'ie_connection') called at /usr/local/src/CPAN/build/IO-Event-0.809-78ltno/blib/lib/IO/Event.pm line 322
	IO::Event::Common::ie_dispatch_read('IO::Event::Socket::UNIX=GLOB(0x27be1970)') called at /usr/local/src/CPAN/build/IO-Event-0.809-78ltno/blib/lib/IO/Event/AnyEvent.pm line 117
	IO::Event::AnyEvent::__ANON__('EV::IO=SCALAR(0x27bda720)', 1) called at /home/cpansand/var/ctps/5160RC0/install/perl-5.16.0-RC0/lib/site_perl/5.16.0/i386-freebsd/AnyEvent/Impl/EV.pm line 88
	eval {...} called at /home/cpansand/var/ctps/5160RC0/install/perl-5.16.0-RC0/lib/site_perl/5.16.0/i386-freebsd/AnyEvent/Impl/EV.pm line 88
	AnyEvent::CondVar::Base::_wait('AnyEvent::CondVar=HASH(0x27bb8680)') called at /home/cpansand/var/ctps/5160RC0/install/perl-5.16.0-RC0/lib/site_perl/5.16.0/i386-freebsd/AnyEvent.pm line 1981
	AnyEvent::CondVar::Base::recv('AnyEvent::CondVar=HASH(0x27bb8680)') called at /usr/local/src/CPAN/build/IO-Event-0.809-78ltno/blib/lib/IO/Event/AnyEvent.pm line 67
	IO::Event::AnyEvent::loop() called at /usr/local/src/CPAN/build/IO-Event-0.809-78ltno/blib/lib/IO/Event.pm line 28
	IO::Event::loop() called at /var/tmp/CPAN-build/File-Flock-2013.06-VVGSxa/blib/lib/File/Flock/Subprocess.pm line 260
	File::Flock::Subprocess::run_lockserver('IO::Handle=GLOB(0x27ac5c20)') called at /var/tmp/CPAN-build/File-Flock-2013.06-VVGSxa/blib/lib/File/Flock/Subprocess.pm line 467
	File::Flock::Subprocess::BEGIN() called at /var/tmp/CPAN-build/File-Flock-2013.06-VVGSxa/blib/lib/File/Flock/Subprocess.pm line 473
	eval {...} called at /var/tmp/CPAN-build/File-Flock-2013.06-VVGSxa/blib/lib/File/Flock/Subprocess.pm line 473
	require File/Flock/Subprocess.pm called at /var/tmp/CPAN-build/File-Flock-2013.06-VVGSxa/blib/lib/File/Flock/Forking.pm line 17
	require File/Flock/Forking.pm called at t/forking.t line 8
	main::__ANON__() called at /var/tmp/CPAN-build/File-Flock-2013.06-VVGSxa/t/wrap.tm line 29
	main::dirwrap('CODE(0x27855a90)') called at t/forking.t line 13
Use of uninitialized value $ok in scalar chomp at /var/tmp/CPAN-build/File-Flock-2013.06-VVGSxa/blib/lib/File/Flock/Subprocess.pm line 111.
Use of uninitialized value $ok in pattern match (m//) at /var/tmp/CPAN-build/File-Flock-2013.06-VVGSxa/blib/lib/File/Flock/Subprocess.pm line 116.
Use of uninitialized value $ok in pattern match (m//) at /var/tmp/CPAN-build/File-Flock-2013.06-VVGSxa/blib/lib/File/Flock/Subprocess.pm line 123.
Use of uninitialized value $ok in concatenation (.) or string at /var/tmp/CPAN-build/File-Flock-2013.06-VVGSxa/blib/lib/File/Flock/Subprocess.pm line 127.
unexpected response from lock proxy:  at /var/tmp/CPAN-build/File-Flock-2013.06-VVGSxa/blib/lib/File/Flock/Subprocess.pm line 127.
Compilation failed in require at t/forking.t line 12.
Use of uninitialized value $ok in pattern match (m//) at /var/tmp/CPAN-build/File-Flock-2013.06-VVGSxa/blib/lib/File/Flock/Subprocess.pm line 116.
Use of uninitialized value $ok in pattern match (m//) at /var/tmp/CPAN-build/File-Flock-2013.06-VVGSxa/blib/lib/File/Flock/Subprocess.pm line 123.
Use of uninitialized value $ok in concatenation (.) or string at /var/tmp/CPAN-build/File-Flock-2013.06-VVGSxa/blib/lib/File/Flock/Subprocess.pm line 127.
unexpected response from lock proxy:  at /var/tmp/CPAN-build/File-Flock-2013.06-VVGSxa/blib/lib/File/Flock/Subprocess.pm line 127.
Compilation failed in require at t/forking.t line 12.
EV: error in callback (ignoring): Bad arg length for Socket::unpack_sockaddr_un, length is 16, should be 106 at /home/cpansand/var/ctps/5160RC0/install/perl-5.16.0-RC0/lib/site_perl/5.16.0/i386-freebsd/Socket.pm line 801.
 at /usr/local/src/CPAN/build/IO-Event-0.809-78ltno/blib/lib/IO/Event.pm line 284.
	IO::Event::Common::ie_do_invoke('IO::Event::Socket::UNIX=GLOB(0x27be1970)', 1, 'ie_connection') called at /usr/local/src/CPAN/build/IO-Event-0.809-78ltno/blib/lib/IO/Event.pm line 251
	IO::Event::Common::ie_invoke('IO::Event::Socket::UNIX=GLOB(0x27be1970)', 1, 'ie_connection') called at /usr/local/src/CPAN/build/IO-Event-0.809-78ltno/blib/lib/IO/Event.pm line 322
	IO::Event::Common::ie_dispatch_read('IO::Event::Socket::UNIX=GLOB(0x27be1970)') called at /usr/local/src/CPAN/build/IO-Event-0.809-78ltno/blib/lib/IO/Event/AnyEvent.pm line 117
	IO::Event::AnyEvent::__ANON__('EV::IO=SCALAR(0x27bda720)', 1) called at /home/cpansand/var/ctps/5160RC0/install/perl-5.16.0-RC0/lib/site_perl/5.16.0/i386-freebsd/AnyEvent/Impl/EV.pm line 88
	eval {...} called at /home/cpansand/var/ctps/5160RC0/install/perl-5.16.0-RC0/lib/site_perl/5.16.0/i386-freebsd/AnyEvent/Impl/EV.pm line 88
	AnyEvent::CondVar::Base::_wait('AnyEvent::CondVar=HASH(0x27bb8680)') called at /home/cpansand/var/ctps/5160RC0/install/perl-5.16.0-RC0/lib/site_perl/5.16.0/i386-freebsd/AnyEvent.pm line 1981
	AnyEvent::CondVar::Base::recv('AnyEvent::CondVar=HASH(0x27bb8680)') called at /usr/local/src/CPAN/build/IO-Event-0.809-78ltno/blib/lib/IO/Event/AnyEvent.pm line 67
	IO::Event::AnyEvent::loop() called at /usr/local/src/CPAN/build/IO-Event-0.809-78ltno/blib/lib/IO/Event.pm line 28
	IO::Event::loop() called at /var/tmp/CPAN-build/File-Flock-2013.06-VVGSxa/blib/lib/File/Flock/Subprocess.pm line 260
	File::Flock::Subprocess::run_lockserver('IO::Handle=GLOB(0x27ac5c20)') called at /var/tmp/CPAN-build/File-Flock-2013.06-VVGSxa/blib/lib/File/Flock/Subprocess.pm line 467
	File::Flock::Subprocess::BEGIN() called at /var/tmp/CPAN-build/File-Flock-2013.06-VVGSxa/blib/lib/File/Flock/Subprocess.pm line 473
	eval {...} called at /var/tmp/CPAN-build/File-Flock-2013.06-VVGSxa/blib/lib/File/Flock/Subprocess.pm line 473
	require File/Flock/Subprocess.pm called at /var/tmp/CPAN-build/File-Flock-2013.06-VVGSxa/blib/lib/File/Flock/Forking.pm line 17
	require File/Flock/Forking.pm called at t/forking.t line 8
	main::__ANON__() called at /var/tmp/CPAN-build/File-Flock-2013.06-VVGSxa/t/wrap.tm line 29
	main::dirwrap('CODE(0x27855a90)') called at t/forking.t line 13
Use of uninitialized value $ok in scalar chomp at /var/tmp/CPAN-build/File-Flock-2013.06-VVGSxa/blib/lib/File/Flock/Subprocess.pm line 111.
Use of uninitialized value $ok in pattern match (m//) at /var/tmp/CPAN-build/File-Flock-2013.06-VVGSxa/blib/lib/File/Flock/Subprocess.pm line 116.
Use of uninitialized value $ok in pattern match (m//) at /var/tmp/CPAN-build/File-Flock-2013.06-VVGSxa/blib/lib/File/Flock/Subprocess.pm line 123.
Use of uninitialized value $ok in concatenation (.) or string at /var/tmp/CPAN-build/File-Flock-2013.06-VVGSxa/blib/lib/File/Flock/Subprocess.pm line 127.
unexpected response from lock proxy:  at /var/tmp/CPAN-build/File-Flock-2013.06-VVGSxa/blib/lib/File/Flock/Subprocess.pm line 127.
Compilation failed in require at t/forking.t line 12.
EV: error in callback (ignoring): Bad arg length for Socket::unpack_sockaddr_un, length is 16, should be 106 at /home/cpansand/var/ctps/5160RC0/install/perl-5.16.0-RC0/lib/site_perl/5.16.0/i386-freebsd/Socket.pm line 801.
 at /usr/local/src/CPAN/build/IO-Event-0.809-78ltno/blib/lib/IO/Event.pm line 284.
	IO::Event::Common::ie_do_invoke('IO::Event::Socket::UNIX=GLOB(0x27be1970)', 1, 'ie_connection') called at /usr/local/src/CPAN/build/IO-Event-0.809-78ltno/blib/lib/IO/Event.pm line 251
	IO::Event::Common::ie_invoke('IO::Event::Socket::UNIX=GLOB(0x27be1970)', 1, 'ie_connection') called at /usr/local/src/CPAN/build/IO-Event-0.809-78ltno/blib/lib/IO/Event.pm line 322
	IO::Event::Common::ie_dispatch_read('IO::Event::Socket::UNIX=GLOB(0x27be1970)') called at /usr/local/src/CPAN/build/IO-Event-0.809-78ltno/blib/lib/IO/Event/AnyEvent.pm line 117
	IO::Event::AnyEvent::__ANON__('EV::IO=SCALAR(0x27bda720)', 1) called at /home/cpansand/var/ctps/5160RC0/install/perl-5.16.0-RC0/lib/site_perl/5.16.0/i386-freebsd/AnyEvent/Impl/EV.pm line 88
	eval {...} called at /home/cpansand/var/ctps/5160RC0/install/perl-5.16.0-RC0/lib/site_perl/5.16.0/i386-freebsd/AnyEvent/Impl/EV.pm line 88
	AnyEvent::CondVar::Base::_wait('AnyEvent::CondVar=HASH(0x27bb8680)') called at /home/cpansand/var/ctps/5160RC0/install/perl-5.16.0-RC0/lib/site_perl/5.16.0/i386-freebsd/AnyEvent.pm line 1981
	AnyEvent::CondVar::Base::recv('AnyEvent::CondVar=HASH(0x27bb8680)') called at /usr/local/src/CPAN/build/IO-Event-0.809-78ltno/blib/lib/IO/Event/AnyEvent.pm line 67
	IO::Event::AnyEvent::loop() called at /usr/local/src/CPAN/build/IO-Event-0.809-78ltno/blib/lib/IO/Event.pm line 28
	IO::Event::loop() called at /var/tmp/CPAN-build/File-Flock-2013.06-VVGSxa/blib/lib/File/Flock/Subprocess.pm line 260
	File::Flock::Subprocess::run_lockserver('IO::Handle=GLOB(0x27ac5c20)') called at /var/tmp/CPAN-build/File-Flock-2013.06-VVGSxa/blib/lib/File/Flock/Subprocess.pm line 467
	File::Flock::Subprocess::BEGIN() called at /var/tmp/CPAN-build/File-Flock-2013.06-VVGSxa/blib/lib/File/Flock/Subprocess.pm line 473
	eval {...} called at /var/tmp/CPAN-build/File-Flock-2013.06-VVGSxa/blib/lib/File/Flock/Subprocess.pm line 473
	require File/Flock/Subprocess.pm called at /var/tmp/CPAN-build/File-Flock-2013.06-VVGSxa/blib/lib/File/Flock/Forking.pm line 17
	require File/Flock/Forking.pm called at t/forking.t line 8
	main::__ANON__() called at /var/tmp/CPAN-build/File-Flock-2013.06-VVGSxa/t/wrap.tm line 29
	main::dirwrap('CODE(0x27855a90)') called at t/forking.t line 13
Use of uninitialized value $ok in scalar chomp at /var/tmp/CPAN-build/File-Flock-2013.06-VVGSxa/blib/lib/File/Flock/Subprocess.pm line 111.
Use of uninitialized value $ok in pattern match (m//) at /var/tmp/CPAN-build/File-Flock-2013.06-VVGSxa/blib/lib/File/Flock/Subprocess.pm line 116.
Use of uninitialized value $ok in pattern match (m//) at /var/tmp/CPAN-build/File-Flock-2013.06-VVGSxa/blib/lib/File/Flock/Subprocess.pm line 123.
Use of uninitialized value $ok in concatenation (.) or string at /var/tmp/CPAN-build/File-Flock-2013.06-VVGSxa/blib/lib/File/Flock/Subprocess.pm line 127.
unexpected response from lock proxy:  at /var/tmp/CPAN-build/File-Flock-2013.06-VVGSxa/blib/lib/File/Flock/Subprocess.pm line 127.
Compilation failed in require at t/forking.t line 12.
EV: error in callback (ignoring): Bad arg length for Socket::unpack_sockaddr_un, length is 16, should be 106 at /home/cpansand/var/ctps/5160RC0/install/perl-5.16.0-RC0/lib/site_perl/5.16.0/i386-freebsd/Socket.pm line 801.
 at /usr/local/src/CPAN/build/IO-Event-0.809-78ltno/blib/lib/IO/Event.pm line 284.
	IO::Event::Common::ie_do_invoke('IO::Event::Socket::UNIX=GLOB(0x27be1970)', 1, 'ie_connection') called at /usr/local/src/CPAN/build/IO-Event-0.809-78ltno/blib/lib/IO/Event.pm line 251
	IO::Event::Common::ie_invoke('IO::Event::Socket::UNIX=GLOB(0x27be1970)', 1, 'ie_connection') called at /usr/local/src/CPAN/build/IO-Event-0.809-78ltno/blib/lib/IO/Event.pm line 322
	IO::Event::Common::ie_dispatch_read('IO::Event::Socket::UNIX=GLOB(0x27be1970)') called at /usr/local/src/CPAN/build/IO-Event-0.809-78ltno/blib/lib/IO/Event/AnyEvent.pm line 117
	IO::Event::AnyEvent::__ANON__('EV::IO=SCALAR(0x27bda720)', 1) called at /home/cpansand/var/ctps/5160RC0/install/perl-5.16.0-RC0/lib/site_perl/5.16.0/i386-freebsd/AnyEvent/Impl/EV.pm line 88
	eval {...} called at /home/cpansand/var/ctps/5160RC0/install/perl-5.16.0-RC0/lib/site_perl/5.16.0/i386-freebsd/AnyEvent/Impl/EV.pm line 88
	AnyEvent::CondVar::Base::_wait('AnyEvent::CondVar=HASH(0x27bb8680)') called at /home/cpansand/var/ctps/5160RC0/install/perl-5.16.0-RC0/lib/site_perl/5.16.0/i386-freebsd/AnyEvent.pm line 1981
	AnyEvent::CondVar::Base::recv('AnyEvent::CondVar=HASH(0x27bb8680)') called at /usr/local/src/CPAN/build/IO-Event-0.809-78ltno/blib/lib/IO/Event/AnyEvent.pm line 67
	IO::Event::AnyEvent::loop() called at /usr/local/src/CPAN/build/IO-Event-0.809-78ltno/blib/lib/IO/Event.pm line 28
	IO::Event::loop() called at /var/tmp/CPAN-build/File-Flock-2013.06-VVGSxa/blib/lib/File/Flock/Subprocess.pm line 260
	File::Flock::Subprocess::run_lockserver('IO::Handle=GLOB(0x27ac5c20)') called at /var/tmp/CPAN-build/File-Flock-2013.06-VVGSxa/blib/lib/File/Flock/Subprocess.pm line 467
	File::Flock::Subprocess::BEGIN() called at /var/tmp/CPAN-build/File-Flock-2013.06-VVGSxa/blib/lib/File/Flock/Subprocess.pm line 473
	eval {...} called at /var/tmp/CPAN-build/File-Flock-2013.06-VVGSxa/blib/lib/File/Flock/Subprocess.pm line 473
	require File/Flock/Subprocess.pm called at /var/tmp/CPAN-build/File-Flock-2013.06-VVGSxa/blib/lib/File/Flock/Forking.pm line 17
	require File/Flock/Forking.pm called at t/forking.t line 8
	main::__ANON__() called at /var/tmp/CPAN-build/File-Flock-2013.06-VVGSxa/t/wrap.tm line 29
	main::dirwrap('CODE(0x27855a90)') called at t/forking.t line 13
Use of uninitialized value $ok in scalar chomp at /var/tmp/CPAN-build/File-Flock-2013.06-VVGSxa/blib/lib/File/Flock/Subprocess.pm line 111.
Use of uninitialized value $ok in pattern match (m//) at /var/tmp/CPAN-build/File-Flock-2013.06-VVGSxa/blib/lib/File/Flock/Subprocess.pm line 116.
Use of uninitialized value $ok in pattern match (m//) at /var/tmp/CPAN-build/File-Flock-2013.06-VVGSxa/blib/lib/File/Flock/Subprocess.pm line 123.
Use of uninitialized value $ok in concatenation (.) or string at /var/tmp/CPAN-build/File-Flock-2013.06-VVGSxa/blib/lib/File/Flock/Subprocess.pm line 127.
unexpected response from lock proxy:  at /var/tmp/CPAN-build/File-Flock-2013.06-VVGSxa/blib/lib/File/Flock/Subprocess.pm line 127.
Compilation failed in require at t/forking.t line 12.
EV: error in callback (ignoring): Bad arg length for Socket::unpack_sockaddr_un, length is 16, should be 106 at /home/cpansand/var/ctps/5160RC0/install/perl-5.16.0-RC0/lib/site_perl/5.16.0/i386-freebsd/Socket.pm line 801.
 at /usr/local/src/CPAN/build/IO-Event-0.809-78ltno/blib/lib/IO/Event.pm line 284.
	IO::Event::Common::ie_do_invoke('IO::Event::Socket::UNIX=GLOB(0x27be1970)', 1, 'ie_connection') called at /usr/local/src/CPAN/build/IO-Event-0.809-78ltno/blib/lib/IO/Event.pm line 251
	IO::Event::Common::ie_invoke('IO::Event::Socket::UNIX=GLOB(0x27be1970)', 1, 'ie_connection') called at /usr/local/src/CPAN/build/IO-Event-0.809-78ltno/blib/lib/IO/Event.pm line 322
	IO::Event::Common::ie_dispatch_read('IO::Event::Socket::UNIX=GLOB(0x27be1970)') called at /usr/local/src/CPAN/build/IO-Event-0.809-78ltno/blib/lib/IO/Event/AnyEvent.pm line 117
	IO::Event::AnyEvent::__ANON__('EV::IO=SCALAR(0x27bda720)', 1) called at /home/cpansand/var/ctps/5160RC0/install/perl-5.16.0-RC0/lib/site_perl/5.16.0/i386-freebsd/AnyEvent/Impl/EV.pm line 88
	eval {...} called at /home/cpansand/var/ctps/5160RC0/install/perl-5.16.0-RC0/lib/site_perl/5.16.0/i386-freebsd/AnyEvent/Impl/EV.pm line 88
	AnyEvent::CondVar::Base::_wait('AnyEvent::CondVar=HASH(0x27bb8680)') called at /home/cpansand/var/ctps/5160RC0/install/perl-5.16.0-RC0/lib/site_perl/5.16.0/i386-freebsd/AnyEvent.pm line 1981
	AnyEvent::CondVar::Base::recv('AnyEvent::CondVar=HASH(0x27bb8680)') called at /usr/local/src/CPAN/build/IO-Event-0.809-78ltno/blib/lib/IO/Event/AnyEvent.pm line 67
	IO::Event::AnyEvent::loop() called at /usr/local/src/CPAN/build/IO-Event-0.809-78ltno/blib/lib/IO/Event.pm line 28
	IO::Event::loop() called at /var/tmp/CPAN-build/File-Flock-2013.06-VVGSxa/blib/lib/File/Flock/Subprocess.pm line 260
	File::Flock::Subprocess::run_lockserver('IO::Handle=GLOB(0x27ac5c20)') called at /var/tmp/CPAN-build/File-Flock-2013.06-VVGSxa/blib/lib/File/Flock/Subprocess.pm line 467
	File::Flock::Subprocess::BEGIN() called at /var/tmp/CPAN-build/File-Flock-2013.06-VVGSxa/blib/lib/File/Flock/Subprocess.pm line 473
	eval {...} called at /var/tmp/CPAN-build/File-Flock-2013.06-VVGSxa/blib/lib/File/Flock/Subprocess.pm line 473
	require File/Flock/Subprocess.pm called at /var/tmp/CPAN-build/File-Flock-2013.06-VVGSxa/blib/lib/File/Flock/Forking.pm line 17
	require File/Flock/Forking.pm called at t/forking.t line 8
	main::__ANON__() called at /var/tmp/CPAN-build/File-Flock-2013.06-VVGSxa/t/wrap.tm line 29
	main::dirwrap('CODE(0x27855a90)') called at t/forking.t line 13
Use of uninitialized value $ok in scalar chomp at /var/tmp/CPAN-build/File-Flock-2013.06-VVGSxa/blib/lib/File/Flock/Subprocess.pm line 111.
Use of uninitialized value $ok in pattern match (m//) at /var/tmp/CPAN-build/File-Flock-2013.06-VVGSxa/blib/lib/File/Flock/Subprocess.pm line 116.
Use of uninitialized value $ok in pattern match (m//) at /var/tmp/CPAN-build/File-Flock-2013.06-VVGSxa/blib/lib/File/Flock/Subprocess.pm line 123.
Use of uninitialized value $ok in concatenation (.) or string at /var/tmp/CPAN-build/File-Flock-2013.06-VVGSxa/blib/lib/File/Flock/Subprocess.pm line 127.
unexpected response from lock proxy:  at /var/tmp/CPAN-build/File-Flock-2013.06-VVGSxa/blib/lib/File/Flock/Subprocess.pm line 127.
Compilation failed in require at t/forking.t line 12.
EV: error in callback (ignoring): Bad arg length for Socket::unpack_sockaddr_un, length is 16, should be 106 at /home/cpansand/var/ctps/5160RC0/install/perl-5.16.0-RC0/lib/site_perl/5.16.0/i386-freebsd/Socket.pm line 801.
 at /usr/local/src/CPAN/build/IO-Event-0.809-78ltno/blib/lib/IO/Event.pm line 284.
	IO::Event::Common::ie_do_invoke('IO::Event::Socket::UNIX=GLOB(0x27be1970)', 1, 'ie_connection') called at /usr/local/src/CPAN/build/IO-Event-0.809-78ltno/blib/lib/IO/Event.pm line 251
	IO::Event::Common::ie_invoke('IO::Event::Socket::UNIX=GLOB(0x27be1970)', 1, 'ie_connection') called at /usr/local/src/CPAN/build/IO-Event-0.809-78ltno/blib/lib/IO/Event.pm line 322
	IO::Event::Common::ie_dispatch_read('IO::Event::Socket::UNIX=GLOB(0x27be1970)') called at /usr/local/src/CPAN/build/IO-Event-0.809-78ltno/blib/lib/IO/Event/AnyEvent.pm line 117
	IO::Event::AnyEvent::__ANON__('EV::IO=SCALAR(0x27bda720)', 1) called at /home/cpansand/var/ctps/5160RC0/install/perl-5.16.0-RC0/lib/site_perl/5.16.0/i386-freebsd/AnyEvent/Impl/EV.pm line 88
	eval {...} called at /home/cpansand/var/ctps/5160RC0/install/perl-5.16.0-RC0/lib/site_perl/5.16.0/i386-freebsd/AnyEvent/Impl/EV.pm line 88
	AnyEvent::CondVar::Base::_wait('AnyEvent::CondVar=HASH(0x27bb8680)') called at /home/cpansand/var/ctps/5160RC0/install/perl-5.16.0-RC0/lib/site_perl/5.16.0/i386-freebsd/AnyEvent.pm line 1981
	AnyEvent::CondVar::Base::recv('AnyEvent::CondVar=HASH(0x27bb8680)') called at /usr/local/src/CPAN/build/IO-Event-0.809-78ltno/blib/lib/IO/Event/AnyEvent.pm line 67
	IO::Event::AnyEvent::loop() called at /usr/local/src/CPAN/build/IO-Event-0.809-78ltno/blib/lib/IO/Event.pm line 28
	IO::Event::loop() called at /var/tmp/CPAN-build/File-Flock-2013.06-VVGSxa/blib/lib/File/Flock/Subprocess.pm line 260
	File::Flock::Subprocess::run_lockserver('IO::Handle=GLOB(0x27ac5c20)') called at /var/tmp/CPAN-build/File-Flock-2013.06-VVGSxa/blib/lib/File/Flock/Subprocess.pm line 467
	File::Flock::Subprocess::BEGIN() called at /var/tmp/CPAN-build/File-Flock-2013.06-VVGSxa/blib/lib/File/Flock/Subprocess.pm line 473
	eval {...} called at /var/tmp/CPAN-build/File-Flock-2013.06-VVGSxa/blib/lib/File/Flock/Subprocess.pm line 473
	require File/Flock/Subprocess.pm called at /var/tmp/CPAN-build/File-Flock-2013.06-VVGSxa/blib/lib/File/Flock/Forking.pm line 17
	require File/Flock/Forking.pm called at t/forking.t line 8
	main::__ANON__() called at /var/tmp/CPAN-build/File-Flock-2013.06-VVGSxa/t/wrap.tm line 29
	main::dirwrap('CODE(0x27855a90)') called at t/forking.t line 13
Use of uninitialized value $ok in scalar chomp at /var/tmp/CPAN-build/File-Flock-2013.06-VVGSxa/blib/lib/File/Flock/Subprocess.pm line 111.
Use of uninitialized value $ok in pattern match (m//) at /var/tmp/CPAN-build/File-Flock-2013.06-VVGSxa/blib/lib/File/Flock/Subprocess.pm line 116.
Use of uninitialized value $ok in pattern match (m//) at /var/tmp/CPAN-build/File-Flock-2013.06-VVGSxa/blib/lib/File/Flock/Subprocess.pm line 123.
Use of uninitialized value $ok in concatenation (.) or string at /var/tmp/CPAN-build/File-Flock-2013.06-VVGSxa/blib/lib/File/Flock/Subprocess.pm line 127.
unexpected response from lock proxy:  at /var/tmp/CPAN-build/File-Flock-2013.06-VVGSxa/blib/lib/File/Flock/Subprocess.pm line 127.
Compilation failed in require at t/forking.t line 12.
EV: error in callback (ignoring): Bad arg length for Socket::unpack_sockaddr_un, length is 16, should be 106 at /home/cpansand/var/ctps/5160RC0/install/perl-5.16.0-RC0/lib/site_perl/5.16.0/i386-freebsd/Socket.pm line 801.
 at /usr/local/src/CPAN/build/IO-Event-0.809-78ltno/blib/lib/IO/Event.pm line 284.
	IO::Event::Common::ie_do_invoke('IO::Event::Socket::UNIX=GLOB(0x27be1970)', 1, 'ie_connection') called at /usr/local/src/CPAN/build/IO-Event-0.809-78ltno/blib/lib/IO/Event.pm line 251
	IO::Event::Common::ie_invoke('IO::Event::Socket::UNIX=GLOB(0x27be1970)', 1, 'ie_connection') called at /usr/local/src/CPAN/build/IO-Event-0.809-78ltno/blib/lib/IO/Event.pm line 322
	IO::Event::Common::ie_dispatch_read('IO::Event::Socket::UNIX=GLOB(0x27be1970)') called at /usr/local/src/CPAN/build/IO-Event-0.809-78ltno/blib/lib/IO/Event/AnyEvent.pm line 117
	IO::Event::AnyEvent::__ANON__('EV::IO=SCALAR(0x27bda720)', 1) called at /home/cpansand/var/ctps/5160RC0/install/perl-5.16.0-RC0/lib/site_perl/5.16.0/i386-freebsd/AnyEvent/Impl/EV.pm line 88
	eval {...} called at /home/cpansand/var/ctps/5160RC0/install/perl-5.16.0-RC0/lib/site_perl/5.16.0/i386-freebsd/AnyEvent/Impl/EV.pm line 88
	AnyEvent::CondVar::Base::_wait('AnyEvent::CondVar=HASH(0x27bb8680)') called at /home/cpansand/var/ctps/5160RC0/install/perl-5.16.0-RC0/lib/site_perl/5.16.0/i386-freebsd/AnyEvent.pm line 1981
	AnyEvent::CondVar::Base::recv('AnyEvent::CondVar=HASH(0x27bb8680)') called at /usr/local/src/CPAN/build/IO-Event-0.809-78ltno/blib/lib/IO/Event/AnyEvent.pm line 67
	IO::Event::AnyEvent::loop() called at /usr/local/src/CPAN/build/IO-Event-0.809-78ltno/blib/lib/IO/Event.pm line 28
	IO::Event::loop() called at /var/tmp/CPAN-build/File-Flock-2013.06-VVGSxa/blib/lib/File/Flock/Subprocess.pm line 260
	File::Flock::Subprocess::run_lockserver('IO::Handle=GLOB(0x27ac5c20)') called at /var/tmp/CPAN-build/File-Flock-2013.06-VVGSxa/blib/lib/File/Flock/Subprocess.pm line 467
	File::Flock::Subprocess::BEGIN() called at /var/tmp/CPAN-build/File-Flock-2013.06-VVGSxa/blib/lib/File/Flock/Subprocess.pm line 473
	eval {...} called at /var/tmp/CPAN-build/File-Flock-2013.06-VVGSxa/blib/lib/File/Flock/Subprocess.pm line 473
	require File/Flock/Subprocess.pm called at /var/tmp/CPAN-build/File-Flock-2013.06-VVGSxa/blib/lib/File/Flock/Forking.pm line 17
	require File/Flock/Forking.pm called at t/forking.t line 8
	main::__ANON__() called at /var/tmp/CPAN-build/File-Flock-2013.06-VVGSxa/t/wrap.tm line 29
	main::dirwrap('CODE(0x27855a90)') called at t/forking.t line 13
t/forking.t ...... 
Dubious, test returned 255 (wstat 65280, 0xff00)
Failed 198/199 subtests 
Too late to run CHECK block at /home/cpansand/var/ctps/5160RC0/install/perl-5.16.0-RC0/lib/site_perl/5.16.0/i386-freebsd/EV.pm line 123.
Use of uninitialized value $ok in scalar chomp at /var/tmp/CPAN-build/File-Flock-2013.06-VVGSxa/blib/lib/File/Flock/Subprocess.pm line 111.
EV: error in callback (ignoring): Bad arg length for Socket::unpack_sockaddr_un, length is 16, should be 106 at /home/cpansand/var/ctps/5160RC0/install/perl-5.16.0-RC0/lib/site_perl/5.16.0/i386-freebsd/Socket.pm line 801.
 at /usr/local/src/CPAN/build/IO-Event-0.809-78ltno/blib/lib/IO/Event.pm line 284.
	IO::Event::Common::ie_do_invoke('IO::Event::Socket::UNIX=GLOB(0x27be1970)', 1, 'ie_connection') called at /usr/local/src/CPAN/build/IO-Event-0.809-78ltno/blib/lib/IO/Event.pm line 251
	IO::Event::Common::ie_invoke('IO::Event::Socket::UNIX=GLOB(0x27be1970)', 1, 'ie_connection') called at /usr/local/src/CPAN/build/IO-Event-0.809-78ltno/blib/lib/IO/Event.pm line 322
	IO::Event::Common::ie_dispatch_read('IO::Event::Socket::UNIX=GLOB(0x27be1970)') called at /usr/local/src/CPAN/build/IO-Event-0.809-78ltno/blib/lib/IO/Event/AnyEvent.pm line 117
	IO::Event::AnyEvent::__ANON__('EV::IO=SCALAR(0x27bda720)', 1) called at /home/cpansand/var/ctps/5160RC0/install/perl-5.16.0-RC0/lib/site_perl/5.16.0/i386-freebsd/AnyEvent/Impl/EV.pm line 88
	eval {...} called at /home/cpansand/var/ctps/5160RC0/install/perl-5.16.0-RC0/lib/site_perl/5.16.0/i386-freebsd/AnyEvent/Impl/EV.pm line 88
	AnyEvent::CondVar::Base::_wait('AnyEvent::CondVar=HASH(0x27bb8680)') called at /home/cpansand/var/ctps/5160RC0/install/perl-5.16.0-RC0/lib/site_perl/5.16.0/i386-freebsd/AnyEvent.pm line 1981
	AnyEvent::CondVar::Base::recv('AnyEvent::CondVar=HASH(0x27bb8680)') called at /usr/local/src/CPAN/build/IO-Event-0.809-78ltno/blib/lib/IO/Event/AnyEvent.pm line 67
	IO::Event::AnyEvent::loop() called at /usr/local/src/CPAN/build/IO-Event-0.809-78ltno/blib/lib/IO/Event.pm line 28
	IO::Event::loop() called at /var/tmp/CPAN-build/File-Flock-2013.06-VVGSxa/blib/lib/File/Flock/Subprocess.pm line 260
	File::Flock::Subprocess::run_lockserver('IO::Handle=GLOB(0x27ac5c20)') called at /var/tmp/CPAN-build/File-Flock-2013.06-VVGSxa/blib/lib/File/Flock/Subprocess.pm line 467
	File::Flock::Subprocess::BEGIN() called at /var/tmp/CPAN-build/File-Flock-2013.06-VVGSxa/blib/lib/File/Flock/Subprocess.pm line 473
	eval {...} called at /var/tmp/CPAN-build/File-Flock-2013.06-VVGSxa/blib/lib/File/Flock/Subprocess.pm line 473
	require File/Flock/Subprocess.pm called at /var/tmp/CPAN-build/File-Flock-2013.06-VVGSxa/blib/lib/File/Flock/Forking.pm line 17
	require File/Flock/Forking.pm called at t/forking2.t line 8
	main::__ANON__() called at /var/tmp/CPAN-build/File-Flock-2013.06-VVGSxa/t/wrap.tm line 29
	main::dirwrap('CODE(0x27855a90)') called at t/forking2.t line 13
Use of uninitialized value $ok in pattern match (m//) at /var/tmp/CPAN-build/File-Flock-2013.06-VVGSxa/blib/lib/File/Flock/Subprocess.pm line 116.
Use of uninitialized value $ok in pattern match (m//) at /var/tmp/CPAN-build/File-Flock-2013.06-VVGSxa/blib/lib/File/Flock/Subprocess.pm line 123.
Use of uninitialized value $ok in concatenation (.) or string at /var/tmp/CPAN-build/File-Flock-2013.06-VVGSxa/blib/lib/File/Flock/Subprocess.pm line 127.
unexpected response from lock proxy:  at /var/tmp/CPAN-build/File-Flock-2013.06-VVGSxa/blib/lib/File/Flock/Subprocess.pm line 127.
Compilation failed in require at t/forking2.t line 12.
# Looks like your test exited with 255 before it could output anything.
t/forking2.t ..... 
Dubious, test returned 255 (wstat 65280, 0xff00)
Failed 20/20 subtests 
Too late to run CHECK block at /home/cpansand/var/ctps/5160RC0/install/perl-5.16.0-RC0/lib/site_perl/5.16.0/i386-freebsd/EV.pm line 123.
EV: error in callback (ignoring): Bad arg length for Socket::unpack_sockaddr_un, length is 16, should be 106 at /home/cpansand/var/ctps/5160RC0/install/perl-5.16.0-RC0/lib/site_perl/5.16.0/i386-freebsd/Socket.pm line 801.
 at /usr/local/src/CPAN/build/IO-Event-0.809-78ltno/blib/lib/IO/Event.pm line 284.
	IO::Event::Common::ie_do_invoke('IO::Event::Socket::UNIX=GLOB(0x27b9b9c0)', 1, 'ie_connection') called at /usr/local/src/CPAN/build/IO-Event-0.809-78ltno/blib/lib/IO/Event.pm line 251
	IO::Event::Common::ie_invoke('IO::Event::Socket::UNIX=GLOB(0x27b9b9c0)', 1, 'ie_connection') called at /usr/local/src/CPAN/build/IO-Event-0.809-78ltno/blib/lib/IO/Event.pm line 322
	IO::Event::Common::ie_dispatch_read('IO::Event::Socket::UNIX=GLOB(0x27b9b9c0)') called at /usr/local/src/CPAN/build/IO-Event-0.809-78ltno/blib/lib/IO/Event/AnyEvent.pm line 117
	IO::Event::AnyEvent::__ANON__('EV::IO=SCALAR(0x27b93770)', 1) called at /home/cpansand/var/ctps/5160RC0/install/perl-5.16.0-RC0/lib/site_perl/5.16.0/i386-freebsd/AnyEvent/Impl/EV.pm line 88
	eval {...} called at /home/cpansand/var/ctps/5160RC0/install/perl-5.16.0-RC0/lib/site_perl/5.16.0/i386-freebsd/AnyEvent/Impl/EV.pm line 88
	AnyEvent::CondVar::Base::_wait('AnyEvent::CondVar=HASH(0x27b706d0)') called at /home/cpansand/var/ctps/5160RC0/install/perl-5.16.0-RC0/lib/site_perl/5.16.0/i386-freebsd/AnyEvent.pm line 1981
	AnyEvent::CondVar::Base::recv('AnyEvent::CondVar=HASH(0x27b706d0)') called at /usr/local/src/CPAN/build/IO-Event-0.809-78ltno/blib/lib/IO/Event/AnyEvent.pm line 67
	IO::Event::AnyEvent::loop() called at /usr/local/src/CPAN/build/IO-Event-0.809-78ltno/blib/lib/IO/Event.pm line 28
	IO::Event::loop() called at /var/tmp/CPAN-build/File-Flock-2013.06-VVGSxa/blib/lib/File/Flock/Subprocess.pm line 260
	File::Flock::Subprocess::run_lockserver('IO::Handle=GLOB(0x27a7adf0)') called at /var/tmp/CPAN-build/File-Flock-2013.06-VVGSxa/blib/lib/File/Flock/Subprocess.pm line 467
	File::Flock::Subprocess::BEGIN() called at /var/tmp/CPAN-build/File-Flock-2013.06-VVGSxa/blib/lib/File/Flock/Subprocess.pm line 473
	eval {...} called at /var/tmp/CPAN-build/File-Flock-2013.06-VVGSxa/blib/lib/File/Flock/Subprocess.pm line 473
	require File/Flock/Subprocess.pm called at t/subprocess.t line 7
	main::__ANON__() called at /var/tmp/CPAN-build/File-Flock-2013.06-VVGSxa/t/wrap.tm line 29
	main::dirwrap('CODE(0x27855a90)') called at t/subprocess.t line 10
Use of uninitialized value $ok in scalar chomp at /var/tmp/CPAN-build/File-Flock-2013.06-VVGSxa/blib/lib/File/Flock/Subprocess.pm line 111.
EV: error in callback (ignoring): Bad arg length for Socket::unpack_sockaddr_un, length is 16, should be 106 at /home/cpansand/var/ctps/5160RC0/install/perl-5.16.0-RC0/lib/site_perl/5.16.0/i386-freebsd/Socket.pm line 801.
 at /usr/local/src/CPAN/build/IO-Event-0.809-78ltno/blib/lib/IO/Event.pm line 284.
	IO::Event::Common::ie_do_invoke('IO::Event::Socket::UNIX=GLOB(0x27b9b9c0)', 1, 'ie_connection') called at /usr/local/src/CPAN/build/IO-Event-0.809-78ltno/blib/lib/IO/Event.pm line 251
	IO::Event::Common::ie_invoke('IO::Event::Socket::UNIX=GLOB(0x27b9b9c0)', 1, 'ie_connection') called at /usr/local/src/CPAN/build/IO-Event-0.809-78ltno/blib/lib/IO/Event.pm line 322
	IO::Event::Common::ie_dispatch_read('IO::Event::Socket::UNIX=GLOB(0x27b9b9c0)') called at /usr/local/src/CPAN/build/IO-Event-0.809-78ltno/blib/lib/IO/Event/AnyEvent.pm line 117
	IO::Event::AnyEvent::__ANON__('EV::IO=SCALAR(0x27b93770)', 1) called at /home/cpansand/var/ctps/5160RC0/install/perl-5.16.0-RC0/lib/site_perl/5.16.0/i386-freebsd/AnyEvent/Impl/EV.pm line 88
	eval {...} called at /home/cpansand/var/ctps/5160RC0/install/perl-5.16.0-RC0/lib/site_perl/5.16.0/i386-freebsd/AnyEvent/Impl/EV.pm line 88
	AnyEvent::CondVar::Base::_wait('AnyEvent::CondVar=HASH(0x27b706d0)') called at /home/cpansand/var/ctps/5160RC0/install/perl-5.16.0-RC0/lib/site_perl/5.16.0/i386-freebsd/AnyEvent.pm line 1981
	AnyEvent::CondVar::Base::recv('AnyEvent::CondVar=HASH(0x27b706d0)') called at /usr/local/src/CPAN/build/IO-Event-0.809-78ltno/blib/lib/IO/Event/AnyEvent.pm line 67
	IO::Event::AnyEvent::loop() called at /usr/local/src/CPAN/build/IO-Event-0.809-78ltno/blib/lib/IO/Event.pm line 28
	IO::Event::loop() called at /var/tmp/CPAN-build/File-Flock-2013.06-VVGSxa/blib/lib/File/Flock/Subprocess.pm line 260
	File::Flock::Subprocess::run_lockserver('IO::Handle=GLOB(0x27a7adf0)') called at /var/tmp/CPAN-build/File-Flock-2013.06-VVGSxa/blib/lib/File/Flock/Subprocess.pm line 467
	File::Flock::Subprocess::BEGIN() called at /var/tmp/CPAN-build/File-Flock-2013.06-VVGSxa/blib/lib/File/Flock/Subprocess.pm line 473
	eval {...} called at /var/tmp/CPAN-build/File-Flock-2013.06-VVGSxa/blib/lib/File/Flock/Subprocess.pm line 473
	require File/Flock/Subprocess.pm called at t/subprocess.t line 7
	main::__ANON__() called at /var/tmp/CPAN-build/File-Flock-2013.06-VVGSxa/t/wrap.tm line 29
	main::dirwrap('CODE(0x27855a90)') called at t/subprocess.t line 10
Use of uninitialized value $ok in pattern match (m//) at /var/tmp/CPAN-build/File-Flock-2013.06-VVGSxa/blib/lib/File/Flock/Subprocess.pm line 116.
Use of uninitialized value $ok in scalar chomp at /var/tmp/CPAN-build/File-Flock-2013.06-VVGSxa/blib/lib/File/Flock/Subprocess.pm line 111.
Use of uninitialized value $ok in pattern match (m//) at /var/tmp/CPAN-build/File-Flock-2013.06-VVGSxa/blib/lib/File/Flock/Subprocess.pm line 123.
EV: error in callback (ignoring): Bad arg length for Socket::unpack_sockaddr_un, length is 16, should be 106 at /home/cpansand/var/ctps/5160RC0/install/perl-5.16.0-RC0/lib/site_perl/5.16.0/i386-freebsd/Socket.pm line 801.
 at /usr/local/src/CPAN/build/IO-Event-0.809-78ltno/blib/lib/IO/Event.pm line 284.
	IO::Event::Common::ie_do_invoke('IO::Event::Socket::UNIX=GLOB(0x27b9b9c0)', 1, 'ie_connection') called at /usr/local/src/CPAN/build/IO-Event-0.809-78ltno/blib/lib/IO/Event.pm line 251
	IO::Event::Common::ie_invoke('IO::Event::Socket::UNIX=GLOB(0x27b9b9c0)', 1, 'ie_connection') called at /usr/local/src/CPAN/build/IO-Event-0.809-78ltno/blib/lib/IO/Event.pm line 322
	IO::Event::Common::ie_dispatch_read('IO::Event::Socket::UNIX=GLOB(0x27b9b9c0)') called at /usr/local/src/CPAN/build/IO-Event-0.809-78ltno/blib/lib/IO/Event/AnyEvent.pm line 117
	IO::Event::AnyEvent::__ANON__('EV::IO=SCALAR(0x27b93770)', 1) called at /home/cpansand/var/ctps/5160RC0/install/perl-5.16.0-RC0/lib/site_perl/5.16.0/i386-freebsd/AnyEvent/Impl/EV.pm line 88
	eval {...} called at /home/cpansand/var/ctps/5160RC0/install/perl-5.16.0-RC0/lib/site_perl/5.16.0/i386-freebsd/AnyEvent/Impl/EV.pm line 88
	AnyEvent::CondVar::Base::_wait('AnyEvent::CondVar=HASH(0x27b706d0)') called at /home/cpansand/var/ctps/5160RC0/install/perl-5.16.0-RC0/lib/site_perl/5.16.0/i386-freebsd/AnyEvent.pm line 1981
	AnyEvent::CondVar::Base::recv('AnyEvent::CondVar=HASH(0x27b706d0)') called at /usr/local/src/CPAN/build/IO-Event-0.809-78ltno/blib/lib/IO/Event/AnyEvent.pm line 67
	IO::Event::AnyEvent::loop() called at /usr/local/src/CPAN/build/IO-Event-0.809-78ltno/blib/lib/IO/Event.pm line 28
	IO::Event::loop() called at /var/tmp/CPAN-build/File-Flock-2013.06-VVGSxa/blib/lib/File/Flock/Subprocess.pm line 260
	File::Flock::Subprocess::run_lockserver('IO::Handle=GLOB(0x27a7adf0)') called at /var/tmp/CPAN-build/File-Flock-2013.06-VVGSxa/blib/lib/File/Flock/Subprocess.pm line 467
	File::Flock::Subprocess::BEGIN() called at /var/tmp/CPAN-build/File-Flock-2013.06-VVGSxa/blib/lib/File/Flock/Subprocess.pm line 473
	eval {...} called at /var/tmp/CPAN-build/File-Flock-2013.06-VVGSxa/blib/lib/File/Flock/Subprocess.pm line 473
	require File/Flock/Subprocess.pm called at t/subprocess.t line 7
	main::__ANON__() called at /var/tmp/CPAN-build/File-Flock-2013.06-VVGSxa/t/wrap.tm line 29
	main::dirwrap('CODE(0x27855a90)') called at t/subprocess.t line 10
Use of uninitialized value $ok in pattern match (m//) at /var/tmp/CPAN-build/File-Flock-2013.06-VVGSxa/blib/lib/File/Flock/Subprocess.pm line 116.
Use of uninitialized value $ok in concatenation (.) or string at /var/tmp/CPAN-build/File-Flock-2013.06-VVGSxa/blib/lib/File/Flock/Subprocess.pm line 127.
Use of uninitialized value $ok in scalar chomp at /var/tmp/CPAN-build/File-Flock-2013.06-VVGSxa/blib/lib/File/Flock/Subprocess.pm line 111.
Use of uninitialized value $ok in pattern match (m//) at /var/tmp/CPAN-build/File-Flock-2013.06-VVGSxa/blib/lib/File/Flock/Subprocess.pm line 123.
unexpected response from lock proxy:  at /var/tmp/CPAN-build/File-Flock-2013.06-VVGSxa/blib/lib/File/Flock/Subprocess.pm line 127.
Compilation failed in require at t/subprocess.t line 9.
EV: error in callback (ignoring): Bad arg length for Socket::unpack_sockaddr_un, length is 16, should be 106 at /home/cpansand/var/ctps/5160RC0/install/perl-5.16.0-RC0/lib/site_perl/5.16.0/i386-freebsd/Socket.pm line 801.
 at /usr/local/src/CPAN/build/IO-Event-0.809-78ltno/blib/lib/IO/Event.pm line 284.
	IO::Event::Common::ie_do_invoke('IO::Event::Socket::UNIX=GLOB(0x27b9b9c0)', 1, 'ie_connection') called at /usr/local/src/CPAN/build/IO-Event-0.809-78ltno/blib/lib/IO/Event.pm line 251
	IO::Event::Common::ie_invoke('IO::Event::Socket::UNIX=GLOB(0x27b9b9c0)', 1, 'ie_connection') called at /usr/local/src/CPAN/build/IO-Event-0.809-78ltno/blib/lib/IO/Event.pm line 322
	IO::Event::Common::ie_dispatch_read('IO::Event::Socket::UNIX=GLOB(0x27b9b9c0)') called at /usr/local/src/CPAN/build/IO-Event-0.809-78ltno/blib/lib/IO/Event/AnyEvent.pm line 117
	IO::Event::AnyEvent::__ANON__('EV::IO=SCALAR(0x27b93770)', 1) called at /home/cpansand/var/ctps/5160RC0/install/perl-5.16.0-RC0/lib/site_perl/5.16.0/i386-freebsd/AnyEvent/Impl/EV.pm line 88
	eval {...} called at /home/cpansand/var/ctps/5160RC0/install/perl-5.16.0-RC0/lib/site_perl/5.16.0/i386-freebsd/AnyEvent/Impl/EV.pm line 88
	AnyEvent::CondVar::Base::_wait('AnyEvent::CondVar=HASH(0x27b706d0)') called at /home/cpansand/var/ctps/5160RC0/install/perl-5.16.0-RC0/lib/site_perl/5.16.0/i386-freebsd/AnyEvent.pm line 1981
	AnyEvent::CondVar::Base::recv('AnyEvent::CondVar=HASH(0x27b706d0)') called at /usr/local/src/CPAN/build/IO-Event-0.809-78ltno/blib/lib/IO/Event/AnyEvent.pm line 67
	IO::Event::AnyEvent::loop() called at /usr/local/src/CPAN/build/IO-Event-0.809-78ltno/blib/lib/IO/Event.pm line 28
	IO::Event::loop() called at /var/tmp/CPAN-build/File-Flock-2013.06-VVGSxa/blib/lib/File/Flock/Subprocess.pm line 260
	File::Flock::Subprocess::run_lockserver('IO::Handle=GLOB(0x27a7adf0)') called at /var/tmp/CPAN-build/File-Flock-2013.06-VVGSxa/blib/lib/File/Flock/Subprocess.pm line 467
	File::Flock::Subprocess::BEGIN() called at /var/tmp/CPAN-build/File-Flock-2013.06-VVGSxa/blib/lib/File/Flock/Subprocess.pm line 473
	eval {...} called at /var/tmp/CPAN-build/File-Flock-2013.06-VVGSxa/blib/lib/File/Flock/Subprocess.pm line 473
	require File/Flock/Subprocess.pm called at t/subprocess.t line 7
	main::__ANON__() called at /var/tmp/CPAN-build/File-Flock-2013.06-VVGSxa/t/wrap.tm line 29
	main::dirwrap('CODE(0x27855a90)') called at t/subprocess.t line 10
Use of uninitialized value $ok in pattern match (m//) at /var/tmp/CPAN-build/File-Flock-2013.06-VVGSxa/blib/lib/File/Flock/Subprocess.pm line 116.
Use of uninitialized value $ok in concatenation (.) or string at /var/tmp/CPAN-build/File-Flock-2013.06-VVGSxa/blib/lib/File/Flock/Subprocess.pm line 127.
Use of uninitialized value $ok in scalar chomp at /var/tmp/CPAN-build/File-Flock-2013.06-VVGSxa/blib/lib/File/Flock/Subprocess.pm line 111.
Use of uninitialized value $ok in pattern match (m//) at /var/tmp/CPAN-build/File-Flock-2013.06-VVGSxa/blib/lib/File/Flock/Subprocess.pm line 123.
unexpected response from lock proxy:  at /var/tmp/CPAN-build/File-Flock-2013.06-VVGSxa/blib/lib/File/Flock/Subprocess.pm line 127.
Compilation failed in require at t/subprocess.t line 9.
EV: error in callback (ignoring): Bad arg length for Socket::unpack_sockaddr_un, length is 16, should be 106 at /home/cpansand/var/ctps/5160RC0/install/perl-5.16.0-RC0/lib/site_perl/5.16.0/i386-freebsd/Socket.pm line 801.
 at /usr/local/src/CPAN/build/IO-Event-0.809-78ltno/blib/lib/IO/Event.pm line 284.
	IO::Event::Common::ie_do_invoke('IO::Event::Socket::UNIX=GLOB(0x27b9b9c0)', 1, 'ie_connection') called at /usr/local/src/CPAN/build/IO-Event-0.809-78ltno/blib/lib/IO/Event.pm line 251
	IO::Event::Common::ie_invoke('IO::Event::Socket::UNIX=GLOB(0x27b9b9c0)', 1, 'ie_connection') called at /usr/local/src/CPAN/build/IO-Event-0.809-78ltno/blib/lib/IO/Event.pm line 322
	IO::Event::Common::ie_dispatch_read('IO::Event::Socket::UNIX=GLOB(0x27b9b9c0)') called at /usr/local/src/CPAN/build/IO-Event-0.809-78ltno/blib/lib/IO/Event/AnyEvent.pm line 117
	IO::Event::AnyEvent::__ANON__('EV::IO=SCALAR(0x27b93770)', 1) called at /home/cpansand/var/ctps/5160RC0/install/perl-5.16.0-RC0/lib/site_perl/5.16.0/i386-freebsd/AnyEvent/Impl/EV.pm line 88
	eval {...} called at /home/cpansand/var/ctps/5160RC0/install/perl-5.16.0-RC0/lib/site_perl/5.16.0/i386-freebsd/AnyEvent/Impl/EV.pm line 88
	AnyEvent::CondVar::Base::_wait('AnyEvent::CondVar=HASH(0x27b706d0)') called at /home/cpansand/var/ctps/5160RC0/install/perl-5.16.0-RC0/lib/site_perl/5.16.0/i386-freebsd/AnyEvent.pm line 1981
	AnyEvent::CondVar::Base::recv('AnyEvent::CondVar=HASH(0x27b706d0)') called at /usr/local/src/CPAN/build/IO-Event-0.809-78ltno/blib/lib/IO/Event/AnyEvent.pm line 67
	IO::Event::AnyEvent::loop() called at /usr/local/src/CPAN/build/IO-Event-0.809-78ltno/blib/lib/IO/Event.pm line 28
	IO::Event::loop() called at /var/tmp/CPAN-build/File-Flock-2013.06-VVGSxa/blib/lib/File/Flock/Subprocess.pm line 260
	File::Flock::Subprocess::run_lockserver('IO::Handle=GLOB(0x27a7adf0)') called at /var/tmp/CPAN-build/File-Flock-2013.06-VVGSxa/blib/lib/File/Flock/Subprocess.pm line 467
	File::Flock::Subprocess::BEGIN() called at /var/tmp/CPAN-build/File-Flock-2013.06-VVGSxa/blib/lib/File/Flock/Subprocess.pm line 473
	eval {...} called at /var/tmp/CPAN-build/File-Flock-2013.06-VVGSxa/blib/lib/File/Flock/Subprocess.pm line 473
	require File/Flock/Subprocess.pm called at t/subprocess.t line 7
	main::__ANON__() called at /var/tmp/CPAN-build/File-Flock-2013.06-VVGSxa/t/wrap.tm line 29
	main::dirwrap('CODE(0x27855a90)') called at t/subprocess.t line 10
Use of uninitialized value $ok in pattern match (m//) at /var/tmp/CPAN-build/File-Flock-2013.06-VVGSxa/blib/lib/File/Flock/Subprocess.pm line 116.
Use of uninitialized value $ok in concatenation (.) or string at /var/tmp/CPAN-build/File-Flock-2013.06-VVGSxa/blib/lib/File/Flock/Subprocess.pm line 127.
Use of uninitialized value $ok in scalar chomp at /var/tmp/CPAN-build/File-Flock-2013.06-VVGSxa/blib/lib/File/Flock/Subprocess.pm line 111.
Use of uninitialized value $ok in pattern match (m//) at /var/tmp/CPAN-build/File-Flock-2013.06-VVGSxa/blib/lib/File/Flock/Subprocess.pm line 123.
unexpected response from lock proxy:  at /var/tmp/CPAN-build/File-Flock-2013.06-VVGSxa/blib/lib/File/Flock/Subprocess.pm line 127.
Compilation failed in require at t/subprocess.t line 9.
EV: error in callback (ignoring): Bad arg length for Socket::unpack_sockaddr_un, length is 16, should be 106 at /home/cpansand/var/ctps/5160RC0/install/perl-5.16.0-RC0/lib/site_perl/5.16.0/i386-freebsd/Socket.pm line 801.
 at /usr/local/src/CPAN/build/IO-Event-0.809-78ltno/blib/lib/IO/Event.pm line 284.
	IO::Event::Common::ie_do_invoke('IO::Event::Socket::UNIX=GLOB(0x27b9b9c0)', 1, 'ie_connection') called at /usr/local/src/CPAN/build/IO-Event-0.809-78ltno/blib/lib/IO/Event.pm line 251
	IO::Event::Common::ie_invoke('IO::Event::Socket::UNIX=GLOB(0x27b9b9c0)', 1, 'ie_connection') called at /usr/local/src/CPAN/build/IO-Event-0.809-78ltno/blib/lib/IO/Event.pm line 322
	IO::Event::Common::ie_dispatch_read('IO::Event::Socket::UNIX=GLOB(0x27b9b9c0)') called at /usr/local/src/CPAN/build/IO-Event-0.809-78ltno/blib/lib/IO/Event/AnyEvent.pm line 117
	IO::Event::AnyEvent::__ANON__('EV::IO=SCALAR(0x27b93770)', 1) called at /home/cpansand/var/ctps/5160RC0/install/perl-5.16.0-RC0/lib/site_perl/5.16.0/i386-freebsd/AnyEvent/Impl/EV.pm line 88
	eval {...} called at /home/cpansand/var/ctps/5160RC0/install/perl-5.16.0-RC0/lib/site_perl/5.16.0/i386-freebsd/AnyEvent/Impl/EV.pm line 88
	AnyEvent::CondVar::Base::_wait('AnyEvent::CondVar=HASH(0x27b706d0)') called at /home/cpansand/var/ctps/5160RC0/install/perl-5.16.0-RC0/lib/site_perl/5.16.0/i386-freebsd/AnyEvent.pm line 1981
	AnyEvent::CondVar::Base::recv('AnyEvent::CondVar=HASH(0x27b706d0)') called at /usr/local/src/CPAN/build/IO-Event-0.809-78ltno/blib/lib/IO/Event/AnyEvent.pm line 67
	IO::Event::AnyEvent::loop() called at /usr/local/src/CPAN/build/IO-Event-0.809-78ltno/blib/lib/IO/Event.pm line 28
	IO::Event::loop() called at /var/tmp/CPAN-build/File-Flock-2013.06-VVGSxa/blib/lib/File/Flock/Subprocess.pm line 260
	File::Flock::Subprocess::run_lockserver('IO::Handle=GLOB(0x27a7adf0)') called at /var/tmp/CPAN-build/File-Flock-2013.06-VVGSxa/blib/lib/File/Flock/Subprocess.pm line 467
	File::Flock::Subprocess::BEGIN() called at /var/tmp/CPAN-build/File-Flock-2013.06-VVGSxa/blib/lib/File/Flock/Subprocess.pm line 473
	eval {...} called at /var/tmp/CPAN-build/File-Flock-2013.06-VVGSxa/blib/lib/File/Flock/Subprocess.pm line 473
	require File/Flock/Subprocess.pm called at t/subprocess.t line 7
	main::__ANON__() called at /var/tmp/CPAN-build/File-Flock-2013.06-VVGSxa/t/wrap.tm line 29
	main::dirwrap('CODE(0x27855a90)') called at t/subprocess.t line 10
Use of uninitialized value $ok in pattern match (m//) at /var/tmp/CPAN-build/File-Flock-2013.06-VVGSxa/blib/lib/File/Flock/Subprocess.pm line 116.
Use of uninitialized value $ok in concatenation (.) or string at /var/tmp/CPAN-build/File-Flock-2013.06-VVGSxa/blib/lib/File/Flock/Subprocess.pm line 127.
Use of uninitialized value $ok in scalar chomp at /var/tmp/CPAN-build/File-Flock-2013.06-VVGSxa/blib/lib/File/Flock/Subprocess.pm line 111.
Use of uninitialized value $ok in pattern match (m//) at /var/tmp/CPAN-build/File-Flock-2013.06-VVGSxa/blib/lib/File/Flock/Subprocess.pm line 123.
unexpected response from lock proxy:  at /var/tmp/CPAN-build/File-Flock-2013.06-VVGSxa/blib/lib/File/Flock/Subprocess.pm line 127.
Compilation failed in require at t/subprocess.t line 9.
EV: error in callback (ignoring): Bad arg length for Socket::unpack_sockaddr_un, length is 16, should be 106 at /home/cpansand/var/ctps/5160RC0/install/perl-5.16.0-RC0/lib/site_perl/5.16.0/i386-freebsd/Socket.pm line 801.
 at /usr/local/src/CPAN/build/IO-Event-0.809-78ltno/blib/lib/IO/Event.pm line 284.
	IO::Event::Common::ie_do_invoke('IO::Event::Socket::UNIX=GLOB(0x27b9b9c0)', 1, 'ie_connection') called at /usr/local/src/CPAN/build/IO-Event-0.809-78ltno/blib/lib/IO/Event.pm line 251
	IO::Event::Common::ie_invoke('IO::Event::Socket::UNIX=GLOB(0x27b9b9c0)', 1, 'ie_connection') called at /usr/local/src/CPAN/build/IO-Event-0.809-78ltno/blib/lib/IO/Event.pm line 322
	IO::Event::Common::ie_dispatch_read('IO::Event::Socket::UNIX=GLOB(0x27b9b9c0)') called at /usr/local/src/CPAN/build/IO-Event-0.809-78ltno/blib/lib/IO/Event/AnyEvent.pm line 117
	IO::Event::AnyEvent::__ANON__('EV::IO=SCALAR(0x27b93770)', 1) called at /home/cpansand/var/ctps/5160RC0/install/perl-5.16.0-RC0/lib/site_perl/5.16.0/i386-freebsd/AnyEvent/Impl/EV.pm line 88
	eval {...} called at /home/cpansand/var/ctps/5160RC0/install/perl-5.16.0-RC0/lib/site_perl/5.16.0/i386-freebsd/AnyEvent/Impl/EV.pm line 88
	AnyEvent::CondVar::Base::_wait('AnyEvent::CondVar=HASH(0x27b706d0)') called at /home/cpansand/var/ctps/5160RC0/install/perl-5.16.0-RC0/lib/site_perl/5.16.0/i386-freebsd/AnyEvent.pm line 1981
	AnyEvent::CondVar::Base::recv('AnyEvent::CondVar=HASH(0x27b706d0)') called at /usr/local/src/CPAN/build/IO-Event-0.809-78ltno/blib/lib/IO/Event/AnyEvent.pm line 67
	IO::Event::AnyEvent::loop() called at /usr/local/src/CPAN/build/IO-Event-0.809-78ltno/blib/lib/IO/Event.pm line 28
	IO::Event::loop() called at /var/tmp/CPAN-build/File-Flock-2013.06-VVGSxa/blib/lib/File/Flock/Subprocess.pm line 260
	File::Flock::Subprocess::run_lockserver('IO::Handle=GLOB(0x27a7adf0)') called at /var/tmp/CPAN-build/File-Flock-2013.06-VVGSxa/blib/lib/File/Flock/Subprocess.pm line 467
	File::Flock::Subprocess::BEGIN() called at /var/tmp/CPAN-build/File-Flock-2013.06-VVGSxa/blib/lib/File/Flock/Subprocess.pm line 473
	eval {...} called at /var/tmp/CPAN-build/File-Flock-2013.06-VVGSxa/blib/lib/File/Flock/Subprocess.pm line 473
	require File/Flock/Subprocess.pm called at t/subprocess.t line 7
	main::__ANON__() called at /var/tmp/CPAN-build/File-Flock-2013.06-VVGSxa/t/wrap.tm line 29
	main::dirwrap('CODE(0x27855a90)') called at t/subprocess.t line 10
Use of uninitialized value $ok in pattern match (m//) at /var/tmp/CPAN-build/File-Flock-2013.06-VVGSxa/blib/lib/File/Flock/Subprocess.pm line 116.
Use of uninitialized value $ok in concatenation (.) or string at /var/tmp/CPAN-build/File-Flock-2013.06-VVGSxa/blib/lib/File/Flock/Subprocess.pm line 127.
Use of uninitialized value $ok in pattern match (m//) at /var/tmp/CPAN-build/File-Flock-2013.06-VVGSxa/blib/lib/File/Flock/Subprocess.pm line 123.
unexpected response from lock proxy:  at /var/tmp/CPAN-build/File-Flock-2013.06-VVGSxa/blib/lib/File/Flock/Subprocess.pm line 127.
Compilation failed in require at t/subprocess.t line 9.
Use of uninitialized value $ok in concatenation (.) or string at /var/tmp/CPAN-build/File-Flock-2013.06-VVGSxa/blib/lib/File/Flock/Subprocess.pm line 127.
unexpected response from lock proxy:  at /var/tmp/CPAN-build/File-Flock-2013.06-VVGSxa/blib/lib/File/Flock/Subprocess.pm line 127.
Compilation failed in require at t/subprocess.t line 9.
t/subprocess.t ... 
Failed 198/199 subtests 
Too late to run CHECK block at /home/cpansand/var/ctps/5160RC0/install/perl-5.16.0-RC0/lib/site_perl/5.16.0/i386-freebsd/EV.pm line 123.
EV: error in callback (ignoring): Bad arg length for Socket::unpack_sockaddr_un, length is 16, should be 106 at /home/cpansand/var/ctps/5160RC0/install/perl-5.16.0-RC0/lib/site_perl/5.16.0/i386-freebsd/Socket.pm line 801.
 at /usr/local/src/CPAN/build/IO-Event-0.809-78ltno/blib/lib/IO/Event.pm line 284.
	IO::Event::Common::ie_do_invoke('IO::Event::Socket::UNIX=GLOB(0x27b9b9c0)', 1, 'ie_connection') called at /usr/local/src/CPAN/build/IO-Event-0.809-78ltno/blib/lib/IO/Event.pm line 251
	IO::Event::Common::ie_invoke('IO::Event::Socket::UNIX=GLOB(0x27b9b9c0)', 1, 'ie_connection') called at /usr/local/src/CPAN/build/IO-Event-0.809-78ltno/blib/lib/IO/Event.pm line 322
	IO::Event::Common::ie_dispatch_read('IO::Event::Socket::UNIX=GLOB(0x27b9b9c0)') called at /usr/local/src/CPAN/build/IO-Event-0.809-78ltno/blib/lib/IO/Event/AnyEvent.pm line 117
	IO::Event::AnyEvent::__ANON__('EV::IO=SCALAR(0x27b93770)', 1) called at /home/cpansand/var/ctps/5160RC0/install/perl-5.16.0-RC0/lib/site_perl/5.16.0/i386-freebsd/AnyEvent/Impl/EV.pm line 88
	eval {...} called at /home/cpansand/var/ctps/5160RC0/install/perl-5.16.0-RC0/lib/site_perl/5.16.0/i386-freebsd/AnyEvent/Impl/EV.pm line 88
	AnyEvent::CondVar::Base::_wait('AnyEvent::CondVar=HASH(0x27b706d0)') called at /home/cpansand/var/ctps/5160RC0/install/perl-5.16.0-RC0/lib/site_perl/5.16.0/i386-freebsd/AnyEvent.pm line 1981
	AnyEvent::CondVar::Base::recv('AnyEvent::CondVar=HASH(0x27b706d0)') called at /usr/local/src/CPAN/build/IO-Event-0.809-78ltno/blib/lib/IO/Event/AnyEvent.pm line 67
	IO::Event::AnyEvent::loop() called at /usr/local/src/CPAN/build/IO-Event-0.809-78ltno/blib/lib/IO/Event.pm line 28
	IO::Event::loop() called at /var/tmp/CPAN-build/File-Flock-2013.06-VVGSxa/blib/lib/File/Flock/Subprocess.pm line 260
	File::Flock::Subprocess::run_lockserver('IO::Handle=GLOB(0x27a7adf0)') called at /var/tmp/CPAN-build/File-Flock-2013.06-VVGSxa/blib/lib/File/Flock/Subprocess.pm line 467
	File::Flock::Subprocess::BEGIN() called at /var/tmp/CPAN-build/File-Flock-2013.06-VVGSxa/blib/lib/File/Flock/Subprocess.pm line 473
	eval {...} called at /var/tmp/CPAN-build/File-Flock-2013.06-VVGSxa/blib/lib/File/Flock/Subprocess.pm line 473
	require File/Flock/Subprocess.pm called at t/subprocess2.t line 7
	main::__ANON__() called at /var/tmp/CPAN-build/File-Flock-2013.06-VVGSxa/t/wrap.tm line 29
	main::dirwrap('CODE(0x27855a90)') called at t/subprocess2.t line 10
t/subprocess2.t .. 
Failed 20/20 subtests 

Test Summary Report
-------------------
t/forking.t    (Wstat: 65280 Tests: 1 Failed: 0)
  Non-zero exit status: 255
  Parse errors: Bad plan.  You planned 199 tests but ran 1.
t/forking2.t   (Wstat: 65280 Tests: 0 Failed: 0)
  Non-zero exit status: 255
  Parse errors: Bad plan.  You planned 20 tests but ran 0.
t/subprocess.t (Wstat: 13 Tests: 1 Failed: 0)
  Non-zero wait status: 13
  Parse errors: Bad plan.  You planned 199 tests but ran 1.
t/subprocess2.t (Wstat: 13 Tests: 0 Failed: 0)
  Non-zero wait status: 13
  Parse errors: Bad plan.  You planned 20 tests but ran 0.
Files=8, Tests=221, 2371 wallclock secs ( 0.10 usr  0.05 sys + 14.77 cusr 16.98 csys = 31.90 CPU)
Result: FAIL
Failed 4/8 test programs. 0/221 subtests failed.
*** Error code 255

Stop in /var/tmp/CPAN-build/File-Flock-2013.06-VVGSxa.

------------------------------
PREREQUISITES
------------------------------

Prerequisite modules loaded:

requires:

    Module                Need  Have   
    --------------------- ----- -------
    AnyEvent              0     7.02   
    Data::Structure::Util 0     0.15   
    IO::Event             0.809 0.809  
    Time::HiRes           0     1.9725 

build_requires:

    Module                Need  Have   
    --------------------- ----- -------
    File::Slurp           0     9999.19
    Test::SharedFork      0     0.21   
    Time::HiRes           0     1.9725 

configure_requires:

    Module                Need  Have   
    --------------------- ----- -------
    ExtUtils::MakeMaker   0     6.64   


------------------------------
ENVIRONMENT AND OTHER CONTEXT
------------------------------

Environment variables:

    DBIC_NO_WARN_BAD_PERL = 1
    PATH = /usr/local/bin:/usr/X11R6/bin:/usr/X11/bin:/usr/perl5.8.0/bin:/usr/bin:/bin:/usr/local/sbin:/usr/sbin:/sbin:/usr/local/pilot/bin:/home/cpansand/bin/freebsd8.0:/home/cpansand/bin/sh:/home/cpansand/bin:/usr/X386/bin:/usr/games:/home/cpansand/devel:/usr/home/e/eserte/work/srezic-misc/scripts
    PERL5LIB = /usr/local/src/CPAN/build/AnyEvent-Fork-0.5-ljdpp6/blib/arch:/usr/local/src/CPAN/build/AnyEvent-Fork-0.5-ljdpp6/blib/lib:/usr/local/src/CPAN/build/IO-FDPass-0.2-oLoq7k/blib/arch:/usr/local/src/CPAN/build/IO-FDPass-0.2-oLoq7k/blib/lib:/usr/local/src/CPAN/build/common-sense-3.6-cONBqy/blib/arch:/usr/local/src/CPAN/build/common-sense-3.6-cONBqy/blib/lib:/usr/local/src/CPAN/build/Proc-FastSpawn-0.2-xPepLu/blib/arch:/usr/local/src/CPAN/build/Proc-FastSpawn-0.2-xPepLu/blib/lib:/usr/local/src/CPAN/build/OptArgs-0.0.4-UL386b/blib/arch:/usr/local/src/CPAN/build/OptArgs-0.0.4-UL386b/blib/lib:/usr/local/src/CPAN/build/Unixish-1.0.3-xbMBsv/blib/arch:/usr/local/src/CPAN/build/Unixish-1.0.3-xbMBsv/blib/lib:/usr/local/src/CPAN/build/App-bmkpasswd-1.082004-cb3zFz/blib/arch:/usr/local/src/CPAN/build/App-bmkpasswd-1.082004-cb3zFz/blib/lib:/usr/local/src/CPAN/build/Bytes-Random-Secure-0.25-TSNDze/blib/arch:/usr/local/src/CPAN/build/Bytes-Random-Secure-0.25-TSNDze/blib/lib:/usr/local/src/CPAN/build/UNIVERSAL-new-0.001-V3Wogb/blib/arch:/usr/local/src/CPAN/build/UNIVERSAL-new-0.001-V3Wogb/blib/lib:/usr/local/src/CPAN/build/Mojolicious-Plugin-XRD-0.03-nmbDRj/blib/arch:/usr/local/src/CPAN/build/Mojolicious-Plugin-XRD-0.03-nmbDRj/blib/lib:/usr/local/src/CPAN/build/Mojolicious-Plugin-XML-Loy-0.05-WaO8ED/blib/arch:/usr/local/src/CPAN/build/Mojolicious-Plugin-XML-Loy-0.05-WaO8ED/blib/lib:/usr/local/src/CPAN/build/XML-Loy-0.15-rHCqPP/blib/arch:/usr/local/src/CPAN/build/XML-Loy-0.15-rHCqPP/blib/lib:/usr/local/src/CPAN/build/Math-PlanePath-101-M7p0sx/blib/arch:/usr/local/src/CPAN/build/Math-PlanePath-101-M7p0sx/blib/lib:/usr/local/src/CPAN/build/rinetd.pl-1.2-Uljdpe/blib/arch:/usr/local/src/CPAN/build/rinetd.pl-1.2-Uljdpe/blib/lib:/usr/local/src/CPAN/build/IO-Event-0.809-78ltno/blib/arch:/usr/local/src/CPAN/build/IO-Event-0.809-78ltno/blib/lib:/usr/local/src/CPAN/build/Nmap-Parser-1.31-kTZDkc/blib/arch:/usr/local/src/CPAN/build/Nmap-Parser-1.31-kTZDkc/blib/lib:/usr/local/src/CPAN/build/Net-Async-HTTP-0.20-fyexbe/blib/arch:/usr/local/src/CPAN/build/Net-Async-HTTP-0.20-fyexbe/blib/lib:/usr/local/src/CPAN/build/IO-Async-0.56-wgy56A/blib/arch:/usr/local/src/CPAN/build/IO-Async-0.56-wgy56A/blib/lib:/usr/local/src/CPAN/build/Future-0.12-fhKxle/blib/arch:/usr/local/src/CPAN/build/Future-0.12-fhKxle/blib/lib:/usr/local/src/CPAN/build/Type-Tiny-0.000_06-rmA66w/blib/arch:/usr/local/src/CPAN/build/Type-Tiny-0.000_06-rmA66w/blib/lib:/usr/local/src/CPAN/build/Mojolicious-3.93-uuuMFu/blib/arch:/usr/local/src/CPAN/build/Mojolicious-3.93-uuuMFu/blib/lib:/usr/local/src/CPAN/build/ExtUtils-BuildRC-0.004-xcmojz/blib/arch:/usr/local/src/CPAN/build/ExtUtils-BuildRC-0.004-xcmojz/blib/lib
    PERL5OPT = 
    PERL5_CPANPLUS_IS_RUNNING = 54980
    PERL5_CPAN_IS_RUNNING = 54980
    PERL5_CPAN_IS_RUNNING_IN_RECURSION = 54957,54980
    PERL_BATCH = yes
    PERL_CPAN_REPORTER_CONFIG = /var/tmp/cpansmoker-1023/2UV57MMQZK_config.ini
    PERL_CPAN_REPORTER_DIR = /home/cpansand/var/ctps/5160RC0/config/perl-5.16.0-RC0/cpanreporter
    PERL_EXTUTILS_AUTOINSTALL = --defaultdeps
    PERL_HTML_DISPLAY_CLASS = HTML::Display::Mozilla
    SHELL = /usr/local/bin/zsh
    TERM = screen
    TMPDIR = /var/tmp/cpansmoker-1023

Perl special variables (and OS-specific diagnostics, for MSWin32):

    $^X = /home2/cpansand/var/ctps/5160RC0/install/perl-5.16.0-RC0/bin/perl5.16.0
    $UID/$EUID = 1023 / 1023
    $GID = 1023 1023
    $EGID = 1023 1023

Perl module toolchain versions installed:

    Module              Have    
    ------------------- --------
    CPAN                1.9800  
    CPAN::Meta          2.130880
    Cwd                 3.40    
    ExtUtils::CBuilder  0.280206
    ExtUtils::Command   1.17    
    ExtUtils::Install   1.58    
    ExtUtils::MakeMaker 6.64    
    ExtUtils::Manifest  1.61    
    ExtUtils::ParseXS   3.16    
    File::Spec          3.40    
    JSON                2.53    
    JSON::PP            2.27200 
    Module::Build       0.4004  
    Module::Signature   0.70    
    Parse::CPAN::Meta   1.4404  
    Test::Harness       3.23    
    Test::More          0.98    
    YAML                0.84    
    YAML::Syck          1.22    
    version             0.9901  


--

Summary of my perl5 (revision 5 version 16 subversion 0) configuration:
   
  Platform:
    osname=freebsd, osvers=8.0-release-p4, archname=i386-freebsd
    uname='freebsd biokovo.herceg.de 8.0-release-p4 freebsd 8.0-release-p4 #0: mon jul 12 20:22:27 utc 2010 root@i386-builder.daemonology.net:usrobjusrsrcsysgeneric i386 '
    config_args='-ds -e -Uversiononly -Dinstallusrbinperl=n -Dusedevel -Dprefix=/home/cpansand/var/ctps/5160RC0/install/perl-5.16.0-RC0'
    hint=recommended, useposix=true, d_sigaction=define
    useithreads=undef, usemultiplicity=undef
    useperlio=define, d_sfio=undef, uselargefiles=define, usesocks=undef
    use64bitint=undef, use64bitall=undef, uselongdouble=undef
    usemymalloc=n, bincompat5005=undef
  Compiler:
    cc='cc', ccflags ='-DHAS_FPSETMASK -DHAS_FLOATINGPOINT_H -fno-strict-aliasing -pipe -fstack-protector -I/usr/local/include',
    optimize='-O',
    cppflags='-DHAS_FPSETMASK -DHAS_FLOATINGPOINT_H -fno-strict-aliasing -pipe -fstack-protector -I/usr/local/include'
    ccversion='', gccversion='4.2.1 20070719  [FreeBSD]', gccosandvers=''
    intsize=4, longsize=4, ptrsize=4, doublesize=8, byteorder=1234
    d_longlong=define, longlongsize=8, d_longdbl=define, longdblsize=12
    ivtype='long', ivsize=4, nvtype='double', nvsize=8, Off_t='off_t', lseeksize=8
    alignbytes=4, prototype=define
  Linker and Libraries:
    ld='cc', ldflags ='-Wl,-E  -fstack-protector -L/usr/local/lib'
    libpth=/usr/lib /usr/local/lib
    libs=-lgdbm -lm -lcrypt -lutil -lc
    perllibs=-lm -lcrypt -lutil -lc
    libc=, so=so, useshrplib=false, libperl=libperl.a
    gnulibc_version=''
  Dynamic Linking:
    dlsrc=dl_dlopen.xs, dlext=so, d_dlsymun=undef, ccdlflags=' '
    cccdlflags='-DPIC -fPIC', lddlflags='-shared  -L/usr/local/lib -fstack-protector'


Characteristics of this binary (from libperl): 
  Compile-time options: HAS_TIMES PERLIO_LAYERS PERL_DONT_CREATE_GVSV
                        PERL_MALLOC_WRAP PERL_PRESERVE_IVUV PERL_USE_DEVEL
                        USE_LARGE_FILES USE_LOCALE USE_LOCALE_COLLATE
                        USE_LOCALE_CTYPE USE_LOCALE_NUMERIC USE_PERLIO
                        USE_PERL_ATOF
  Locally applied patches:
	RC0
  Built under freebsd
  Compiled at May 11 2012 21:05:05
  %ENV:
    PERL5LIB="/usr/local/src/CPAN/build/AnyEvent-Fork-0.5-ljdpp6/blib/arch:/usr/local/src/CPAN/build/AnyEvent-Fork-0.5-ljdpp6/blib/lib:/usr/local/src/CPAN/build/IO-FDPass-0.2-oLoq7k/blib/arch:/usr/local/src/CPAN/build/IO-FDPass-0.2-oLoq7k/blib/lib:/usr/local/src/CPAN/build/common-sense-3.6-cONBqy/blib/arch:/usr/local/src/CPAN/build/common-sense-3.6-cONBqy/blib/lib:/usr/local/src/CPAN/build/Proc-FastSpawn-0.2-xPepLu/blib/arch:/usr/local/src/CPAN/build/Proc-FastSpawn-0.2-xPepLu/blib/lib:/usr/local/src/CPAN/build/OptArgs-0.0.4-UL386b/blib/arch:/usr/local/src/CPAN/build/OptArgs-0.0.4-UL386b/blib/lib:/usr/local/src/CPAN/build/Unixish-1.0.3-xbMBsv/blib/arch:/usr/local/src/CPAN/build/Unixish-1.0.3-xbMBsv/blib/lib:/usr/local/src/CPAN/build/App-bmkpasswd-1.082004-cb3zFz/blib/arch:/usr/local/src/CPAN/build/App-bmkpasswd-1.082004-cb3zFz/blib/lib:/usr/local/src/CPAN/build/Bytes-Random-Secure-0.25-TSNDze/blib/arch:/usr/local/src/CPAN/build/Bytes-Random-Secure-0.25-TSNDze/blib/lib:/usr/local/src/CPAN/build/UNIVERSAL-new-0.001-V3Wogb/blib/arch:/usr/local/src/CPAN/build/UNIVERSAL-new-0.001-V3Wogb/blib/lib:/usr/local/src/CPAN/build/Mojolicious-Plugin-XRD-0.03-nmbDRj/blib/arch:/usr/local/src/CPAN/build/Mojolicious-Plugin-XRD-0.03-nmbDRj/blib/lib:/usr/local/src/CPAN/build/Mojolicious-Plugin-XML-Loy-0.05-WaO8ED/blib/arch:/usr/local/src/CPAN/build/Mojolicious-Plugin-XML-Loy-0.05-WaO8ED/blib/lib:/usr/local/src/CPAN/build/XML-Loy-0.15-rHCqPP/blib/arch:/usr/local/src/CPAN/build/XML-Loy-0.15-rHCqPP/blib/lib:/usr/local/src/CPAN/build/Math-PlanePath-101-M7p0sx/blib/arch:/usr/local/src/CPAN/build/Math-PlanePath-101-M7p0sx/blib/lib:/usr/local/src/CPAN/build/rinetd.pl-1.2-Uljdpe/blib/arch:/usr/local/src/CPAN/build/rinetd.pl-1.2-Uljdpe/blib/lib:/usr/local/src/CPAN/build/IO-Event-0.809-78ltno/blib/arch:/usr/local/src/CPAN/build/IO-Event-0.809-78ltno/blib/lib:/usr/local/src/CPAN/build/Nmap-Parser-1.31-kTZDkc/blib/arch:/usr/local/src/CPAN/build/Nmap-Parser-1.31-kTZDkc/blib/lib:/usr/local/src/CPAN/build/Net-Async-HTTP-0.20-fyexbe/blib/arch:/usr/local/src/CPAN/build/Net-Async-HTTP-0.20-fyexbe/blib/lib:/usr/local/src/CPAN/build/IO-Async-0.56-wgy56A/blib/arch:/usr/local/src/CPAN/build/IO-Async-0.56-wgy56A/blib/lib:/usr/local/src/CPAN/build/Future-0.12-fhKxle/blib/arch:/usr/local/src/CPAN/build/Future-0.12-fhKxle/blib/lib:/usr/local/src/CPAN/build/Type-Tiny-0.000_06-rmA66w/blib/arch:/usr/local/src/CPAN/build/Type-Tiny-0.000_06-rmA66w/blib/lib:/usr/local/src/CPAN/build/Mojolicious-3.93-uuuMFu/blib/arch:/usr/local/src/CPAN/build/Mojolicious-3.93-uuuMFu/blib/lib:/usr/local/src/CPAN/build/ExtUtils-BuildRC-0.004-xcmojz/blib/arch:/usr/local/src/CPAN/build/ExtUtils-BuildRC-0.004-xcmojz/blib/lib"
    PERL5OPT=""
    PERL5_CPANPLUS_IS_RUNNING="54980"
    PERL5_CPAN_IS_RUNNING="54980"
    PERL5_CPAN_IS_RUNNING_IN_RECURSION="54957,54980"
    PERL_BATCH="yes"
    PERL_CPAN_REPORTER_CONFIG="/var/tmp/cpansmoker-1023/2UV57MMQZK_config.ini"
    PERL_CPAN_REPORTER_DIR="/home/cpansand/var/ctps/5160RC0/config/perl-5.16.0-RC0/cpanreporter"
    PERL_EXTUTILS_AUTOINSTALL="--defaultdeps"
    PERL_HTML_DISPLAY_CLASS="HTML::Display::Mozilla"
  @INC:
    /usr/local/src/CPAN/build/AnyEvent-Fork-0.5-ljdpp6/blib/arch
    /usr/local/src/CPAN/build/AnyEvent-Fork-0.5-ljdpp6/blib/lib
    /usr/local/src/CPAN/build/IO-FDPass-0.2-oLoq7k/blib/arch
    /usr/local/src/CPAN/build/IO-FDPass-0.2-oLoq7k/blib/lib
    /usr/local/src/CPAN/build/common-sense-3.6-cONBqy/blib/arch
    /usr/local/src/CPAN/build/common-sense-3.6-cONBqy/blib/lib
    /usr/local/src/CPAN/build/Proc-FastSpawn-0.2-xPepLu/blib/arch
    /usr/local/src/CPAN/build/Proc-FastSpawn-0.2-xPepLu/blib/lib
    /usr/local/src/CPAN/build/OptArgs-0.0.4-UL386b/blib/arch
    /usr/local/src/CPAN/build/OptArgs-0.0.4-UL386b/blib/lib
    /usr/local/src/CPAN/build/Unixish-1.0.3-xbMBsv/blib/arch
    /usr/local/src/CPAN/build/Unixish-1.0.3-xbMBsv/blib/lib
    /usr/local/src/CPAN/build/App-bmkpasswd-1.082004-cb3zFz/blib/arch
    /usr/local/src/CPAN/build/App-bmkpasswd-1.082004-cb3zFz/blib/lib
    /usr/local/src/CPAN/build/Bytes-Random-Secure-0.25-TSNDze/blib/arch
    /usr/local/src/CPAN/build/Bytes-Random-Secure-0.25-TSNDze/blib/lib
    /usr/local/src/CPAN/build/UNIVERSAL-new-0.001-V3Wogb/blib/arch
    /usr/local/src/CPAN/build/UNIVERSAL-new-0.001-V3Wogb/blib/lib
    /usr/local/src/CPAN/build/Mojolicious-Plugin-XRD-0.03-nmbDRj/blib/arch
    /usr/local/src/CPAN/build/Mojolicious-Plugin-XRD-0.03-nmbDRj/blib/lib
    /usr/local/src/CPAN/build/Mojolicious-Plugin-XML-Loy-0.05-WaO8ED/blib/arch
    /usr/local/src/CPAN/build/Mojolicious-Plugin-XML-Loy-0.05-WaO8ED/blib/lib
    /usr/local/src/CPAN/build/XML-Loy-0.15-rHCqPP/blib/arch
    /usr/local/src/CPAN/build/XML-Loy-0.15-rHCqPP/blib/lib
    /usr/local/src/CPAN/build/Math-PlanePath-101-M7p0sx/blib/arch
    /usr/local/src/CPAN/build/Math-PlanePath-101-M7p0sx/blib/lib
    /usr/local/src/CPAN/build/rinetd.pl-1.2-Uljdpe/blib/arch
    /usr/local/src/CPAN/build/rinetd.pl-1.2-Uljdpe/blib/lib
    /usr/local/src/CPAN/build/IO-Event-0.809-78ltno/blib/arch
    /usr/local/src/CPAN/build/IO-Event-0.809-78ltno/blib/lib
    /usr/local/src/CPAN/build/Nmap-Parser-1.31-kTZDkc/blib/arch
    /usr/local/src/CPAN/build/Nmap-Parser-1.31-kTZDkc/blib/lib
    /usr/local/src/CPAN/build/Net-Async-HTTP-0.20-fyexbe/blib/arch
    /usr/local/src/CPAN/build/Net-Async-HTTP-0.20-fyexbe/blib/lib
    /usr/local/src/CPAN/build/IO-Async-0.56-wgy56A/blib/arch
    /usr/local/src/CPAN/build/IO-Async-0.56-wgy56A/blib/lib
    /usr/local/src/CPAN/build/Future-0.12-fhKxle/blib/arch
    /usr/local/src/CPAN/build/Future-0.12-fhKxle/blib/lib
    /usr/local/src/CPAN/build/Type-Tiny-0.000_06-rmA66w/blib/arch
    /usr/local/src/CPAN/build/Type-Tiny-0.000_06-rmA66w/blib/lib
    /usr/local/src/CPAN/build/Mojolicious-3.93-uuuMFu/blib/arch
    /usr/local/src/CPAN/build/Mojolicious-3.93-uuuMFu/blib/lib
    /usr/local/src/CPAN/build/ExtUtils-BuildRC-0.004-xcmojz/blib/arch
    /usr/local/src/CPAN/build/ExtUtils-BuildRC-0.004-xcmojz/blib/lib
    /home/cpansand/var/ctps/5160RC0/install/perl-5.16.0-RC0/lib/site_perl/5.16.0/i386-freebsd
    /home/cpansand/var/ctps/5160RC0/install/perl-5.16.0-RC0/lib/site_perl/5.16.0
    /home/cpansand/var/ctps/5160RC0/install/perl-5.16.0-RC0/lib/5.16.0/i386-freebsd
    /home/cpansand/var/ctps/5160RC0/install/perl-5.16.0-RC0/lib/5.16.0
    .