plug src # unset LANG
plug src # perl -MCPAN -e 'install DBD::Pg'
Going to read '/root/.cpan/sources/authors/01mailrc.txt.gz'
............................................................................DONE
Going to read '/root/.cpan/sources/modules/02packages.details.txt.gz'
  Database was generated on Mon, 02 Aug 2010 23:27:00 GMT
............................................................................DONE
Going to read '/root/.cpan/sources/modules/03modlist.data.gz'
............................................................................DONE
Running install for module 'DBD::Pg'
Running make for T/TU/TURNSTEP/DBD-Pg-2.17.1.tar.gz
Checksum for /root/.cpan/sources/authors/id/T/TU/TURNSTEP/DBD-Pg-2.17.1.tar.gz ok
---- Unsatisfied dependencies detected during ----
----       TURNSTEP/DBD-Pg-2.17.1.tar.gz      ----
    DBI [build_requires]
Running make test
  Make had some problems, won't test
  Delayed until after prerequisites
Running make install
  Make had some problems, won't install
  Delayed until after prerequisites
Running install for module 'DBI'
Running make for T/TI/TIMB/DBI-1.613.tar.gz
Checksum for /root/.cpan/sources/authors/id/T/TI/TIMB/DBI-1.613.tar.gz ok

  CPAN.pm: Going to build T/TI/TIMB/DBI-1.613.tar.gz

Your perl was compiled with gcc (version 4.4.3), okay.
Creating test wrappers for DBD::Gofer:
t/zvg_01basics.t 
t/zvg_02dbidrv.t 
t/zvg_03handle.t 
t/zvg_04mods.t 
t/zvg_05concathash.t 
t/zvg_06attrs.t 
t/zvg_07kids.t 
t/zvg_08keeperr.t 
t/zvg_09trace.t 
t/zvg_10examp.t 
t/zvg_11fetch.t 
t/zvg_12quote.t 
t/zvg_13taint.t 
t/zvg_14utf8.t 
t/zvg_15array.t 
t/zvg_19fhtrace.t 
t/zvg_20meta.t 
t/zvg_30subclass.t 
t/zvg_35thrclone.t 
t/zvg_40profile.t 
t/zvg_41prof_dump.t 
t/zvg_42prof_data.t 
t/zvg_43prof_env.t 
t/zvg_49dbd_file.t 
t/zvg_50dbm_simple.t 
t/zvg_51dbm_file.t 
t/zvg_52dbm_complex.t 
t/zvg_60preparse.t 
t/zvg_65transact.t 
t/zvg_70callbacks.t 
t/zvg_72childhandles.t 
t/zvg_80proxy.t 
t/zvg_85gofer.t 
t/zvg_86gofer_fail.t 
t/zvg_87gofer_cache.t 
t/zvg_90sql_type_cast.t 
Creating test wrappers for DBI::SQL::Nano:
t/zvn_49dbd_file.t 
t/zvn_50dbm_simple.t 
t/zvn_51dbm_file.t 
t/zvn_52dbm_complex.t 
t/zvn_85gofer.t 
Creating test wrappers for DBI::PurePerl:
t/zvp_01basics.t 
t/zvp_02dbidrv.t 
t/zvp_03handle.t 
t/zvp_04mods.t 
t/zvp_05concathash.t 
t/zvp_06attrs.t 
t/zvp_07kids.t 
t/zvp_08keeperr.t 
t/zvp_09trace.t 
t/zvp_10examp.t 
t/zvp_11fetch.t 
t/zvp_12quote.t 
t/zvp_13taint.t 
t/zvp_14utf8.t 
t/zvp_15array.t 
t/zvp_19fhtrace.t 
t/zvp_20meta.t 
t/zvp_30subclass.t 
t/zvp_35thrclone.t 
t/zvp_40profile.t 
t/zvp_41prof_dump.t 
t/zvp_42prof_data.t 
t/zvp_43prof_env.t 
t/zvp_49dbd_file.t 
t/zvp_50dbm_simple.t 
t/zvp_51dbm_file.t 
t/zvp_52dbm_complex.t 
t/zvp_60preparse.t 
t/zvp_65transact.t 
t/zvp_70callbacks.t 
t/zvp_72childhandles.t 
t/zvp_80proxy.t 
t/zvp_85gofer.t 
t/zvp_86gofer_fail.t 
t/zvp_87gofer_cache.t 
t/zvp_90sql_type_cast.t 
Creating test wrappers for DBD::Gofer + DBI::SQL::Nano:
t/zvxgn_49dbd_file.t 
t/zvxgn_50dbm_simple.t 
t/zvxgn_51dbm_file.t 
t/zvxgn_52dbm_complex.t 
t/zvxgn_85gofer.t 
Creating test wrappers for DBD::Gofer + DBI::PurePerl:
t/zvxgp_01basics.t 
t/zvxgp_02dbidrv.t 
t/zvxgp_03handle.t 
t/zvxgp_04mods.t 
t/zvxgp_05concathash.t 
t/zvxgp_06attrs.t 
t/zvxgp_07kids.t 
t/zvxgp_08keeperr.t 
t/zvxgp_09trace.t 
t/zvxgp_10examp.t 
t/zvxgp_11fetch.t 
t/zvxgp_12quote.t 
t/zvxgp_13taint.t 
t/zvxgp_14utf8.t 
t/zvxgp_15array.t 
t/zvxgp_19fhtrace.t 
t/zvxgp_20meta.t 
t/zvxgp_30subclass.t 
t/zvxgp_35thrclone.t 
t/zvxgp_40profile.t 
t/zvxgp_41prof_dump.t 
t/zvxgp_42prof_data.t 
t/zvxgp_43prof_env.t 
t/zvxgp_49dbd_file.t 
t/zvxgp_50dbm_simple.t 
t/zvxgp_51dbm_file.t 
t/zvxgp_52dbm_complex.t 
t/zvxgp_60preparse.t 
t/zvxgp_65transact.t 
t/zvxgp_70callbacks.t 
t/zvxgp_72childhandles.t 
t/zvxgp_80proxy.t 
t/zvxgp_85gofer.t 
t/zvxgp_86gofer_fail.t 
t/zvxgp_87gofer_cache.t 
t/zvxgp_90sql_type_cast.t 
Creating test wrappers for DBI::SQL::Nano + DBI::PurePerl:
t/zvxnp_49dbd_file.t 
t/zvxnp_50dbm_simple.t 
t/zvxnp_51dbm_file.t 
t/zvxnp_52dbm_complex.t 
t/zvxnp_85gofer.t 
Creating test wrappers for DBD::Gofer + DBI::SQL::Nano + DBI::PurePerl:
t/zvxgnp_49dbd_file.t 
t/zvxgnp_50dbm_simple.t 
t/zvxgnp_51dbm_file.t 
t/zvxgnp_52dbm_complex.t 
t/zvxgnp_85gofer.t 
Checking if your kit is complete...
Looks good

    I see you're using perl 5.012001 on armv5tel-linux, okay.
    Remember to actually *read* the README file!
    Use  'make' to build the software (dmake or nmake on Windows).
    Then 'make test' to execute self tests.
    Then 'make install' to install the DBI and then delete this working
    directory before unpacking and building any DBD::* drivers.

Writing Makefile for DBI
/usr/bin/perl5.12.1 -MExtUtils::Command -e 'mkpath' -- blib/lib/DBI
rm -f blib/lib/DBI/Changes.pm
cp Changes blib/lib/DBI/Changes.pm
/usr/bin/perl5.12.1 -MExtUtils::Command -e 'mkpath' -- blib/lib/DBI
rm -f blib/lib/DBI/Roadmap.pm
cp Roadmap.pod blib/lib/DBI/Roadmap.pm
cp Driver_xst.h blib/arch/auto/DBI/Driver_xst.h
cp lib/DBI/Gofer/Response.pm blib/lib/DBI/Gofer/Response.pm
cp lib/DBD/Proxy.pm blib/lib/DBD/Proxy.pm
cp lib/DBI/Util/_accessor.pm blib/lib/DBI/Util/_accessor.pm
cp lib/DBI/Gofer/Transport/Base.pm blib/lib/DBI/Gofer/Transport/Base.pm
cp lib/DBD/DBM.pm blib/lib/DBD/DBM.pm
cp DBIXS.h blib/arch/auto/DBI/DBIXS.h
cp Roadmap.pod blib/lib/Roadmap.pod
cp dbixs_rev.pl blib/lib/dbixs_rev.pl
cp lib/DBI/Const/GetInfoType.pm blib/lib/DBI/Const/GetInfoType.pm
cp lib/DBI/Gofer/Serializer/DataDumper.pm blib/lib/DBI/Gofer/Serializer/DataDumper.pm
cp lib/DBI/DBD/Metadata.pm blib/lib/DBI/DBD/Metadata.pm
cp lib/DBI/Const/GetInfo/ODBC.pm blib/lib/DBI/Const/GetInfo/ODBC.pm
cp lib/DBD/Gofer/Transport/pipeone.pm blib/lib/DBD/Gofer/Transport/pipeone.pm
cp lib/DBI/ProfileDumper/Apache.pm blib/lib/DBI/ProfileDumper/Apache.pm
cp lib/DBD/File.pm blib/lib/DBD/File.pm
cp Driver.xst blib/arch/auto/DBI/Driver.xst
cp lib/DBD/File/Roadmap.pod blib/lib/DBD/File/Roadmap.pod
cp lib/DBI/Util/CacheMemory.pm blib/lib/DBI/Util/CacheMemory.pm
cp lib/DBI/ProfileSubs.pm blib/lib/DBI/ProfileSubs.pm
cp lib/DBD/NullP.pm blib/lib/DBD/NullP.pm
cp dbi_sql.h blib/arch/auto/DBI/dbi_sql.h
cp lib/DBD/Gofer.pm blib/lib/DBD/Gofer.pm
cp dbd_xsh.h blib/arch/auto/DBI/dbd_xsh.h
cp dbivport.h blib/arch/auto/DBI/dbivport.h
cp dbixs_rev.h blib/arch/auto/DBI/dbixs_rev.h
cp lib/DBD/Gofer/Transport/Base.pm blib/lib/DBD/Gofer/Transport/Base.pm
cp lib/DBI/FAQ.pm blib/lib/DBI/FAQ.pm
cp lib/DBD/Gofer/Policy/rush.pm blib/lib/DBD/Gofer/Policy/rush.pm
cp lib/DBI/SQL/Nano.pm blib/lib/DBI/SQL/Nano.pm
cp lib/DBI/Const/GetInfo/ANSI.pm blib/lib/DBI/Const/GetInfo/ANSI.pm
cp lib/DBI/Gofer/Request.pm blib/lib/DBI/Gofer/Request.pm
cp lib/DBD/Gofer/Transport/stream.pm blib/lib/DBD/Gofer/Transport/stream.pm
cp lib/DBD/Gofer/Policy/classic.pm blib/lib/DBD/Gofer/Policy/classic.pm
cp lib/DBI/Gofer/Transport/stream.pm blib/lib/DBI/Gofer/Transport/stream.pm
cp lib/DBI/Gofer/Serializer/Storable.pm blib/lib/DBI/Gofer/Serializer/Storable.pm
cp lib/DBI/Const/GetInfoReturn.pm blib/lib/DBI/Const/GetInfoReturn.pm
cp DBI.pm blib/lib/DBI.pm
cp lib/DBD/Gofer/Policy/Base.pm blib/lib/DBD/Gofer/Policy/Base.pm
cp lib/DBD/Sponge.pm blib/lib/DBD/Sponge.pm
cp lib/DBD/Gofer/Policy/pedantic.pm blib/lib/DBD/Gofer/Policy/pedantic.pm
cp lib/DBI/Gofer/Transport/pipeone.pm blib/lib/DBI/Gofer/Transport/pipeone.pm
cp lib/DBI/W32ODBC.pm blib/lib/DBI/W32ODBC.pm
cp lib/DBD/Gofer/Transport/null.pm blib/lib/DBD/Gofer/Transport/null.pm
cp lib/Bundle/DBI.pm blib/lib/Bundle/DBI.pm
cp TASKS.pod blib/lib/TASKS.pod
cp lib/DBD/File/Developers.pod blib/lib/DBD/File/Developers.pod
cp lib/DBI/Profile.pm blib/lib/DBI/Profile.pm
cp lib/DBI/ProfileDumper.pm blib/lib/DBI/ProfileDumper.pm
cp lib/DBI/Gofer/Serializer/Base.pm blib/lib/DBI/Gofer/Serializer/Base.pm
cp lib/DBI/ProxyServer.pm blib/lib/DBI/ProxyServer.pm
cp dbipport.h blib/arch/auto/DBI/dbipport.h
cp lib/DBI/Gofer/Execute.pm blib/lib/DBI/Gofer/Execute.pm
cp lib/DBI/DBD.pm blib/lib/DBI/DBD.pm
cp lib/DBI/DBD/SqlEngine.pm blib/lib/DBI/DBD/SqlEngine.pm
cp lib/Win32/DBIODBC.pm blib/lib/Win32/DBIODBC.pm
cp lib/DBI/PurePerl.pm blib/lib/DBI/PurePerl.pm
cp lib/DBD/ExampleP.pm blib/lib/DBD/ExampleP.pm
cp lib/DBI/ProfileData.pm blib/lib/DBI/ProfileData.pm
/usr/bin/perl5.12.1 -p -e "s/~DRIVER~/Perl/g" ./Driver.xst > Perl.xsi
/usr/bin/perl5.12.1 /usr/lib/perl5/5.12.1/ExtUtils/xsubpp  -typemap /usr/lib/perl5/5.12.1/ExtUtils/typemap -typemap typemap  Perl.xs > Perl.xsc && mv Perl.xsc Perl.c
armv5tel-softfloat-linux-gnueabi-gcc -c   -D_LARGEFILE_SOURCE -D_FILE_OFFSET_BITS=64 -O2 -march=armv5te -pipe   -DVERSION=\"1.613\" -DXS_VERSION=\"1.613\" -fPIC "-I/usr/lib/perl5/5.12.1/armv5tel-linux/CORE"  -W -Wall -Wpointer-arith -Wbad-function-cast -Wno-comment -Wno-sign-compare -Wno-cast-qual -Wmissing-noreturn -Wno-unused-parameter -DDBI_NO_THREADS Perl.c
./Perl.xsi: In function 'boot_DBD__Perl':
./Perl.xsi:19: warning: dereferencing type-punned pointer will break strict-aliasing rules
/usr/bin/perl5.12.1 /usr/lib/perl5/5.12.1/ExtUtils/xsubpp  -typemap /usr/lib/perl5/5.12.1/ExtUtils/typemap -typemap typemap  DBI.xs > DBI.xsc && mv DBI.xsc DBI.c
armv5tel-softfloat-linux-gnueabi-gcc -c   -D_LARGEFILE_SOURCE -D_FILE_OFFSET_BITS=64 -O2 -march=armv5te -pipe   -DVERSION=\"1.613\" -DXS_VERSION=\"1.613\" -fPIC "-I/usr/lib/perl5/5.12.1/armv5tel-linux/CORE"  -W -Wall -Wpointer-arith -Wbad-function-cast -Wno-comment -Wno-sign-compare -Wno-cast-qual -Wmissing-noreturn -Wno-unused-parameter -DDBI_NO_THREADS DBI.c
DBI.xs: In function 'dbi_bootinit':
DBI.xs:405: warning: dereferencing type-punned pointer will break strict-aliasing rules
DBI.xs:423: warning: dereferencing type-punned pointer will break strict-aliasing rules
DBI.xs: In function 'dbih_setup_handle':
DBI.xs:1279: warning: value computed is not used
DBI.xs:1317: warning: value computed is not used
DBI.xs:1318: warning: value computed is not used
DBI.xs:1323: warning: value computed is not used
DBI.xs:1326: warning: value computed is not used
DBI.xs: In function 'dbih_set_attr_k':
DBI.xs:2058: warning: value computed is not used
DBI.xs: In function 'dbih_get_attr_k':
DBI.xs:2153: warning: value computed is not used
DBI.xs:2377: warning: value computed is not used
DBI.xs: In function '_profile_next_node':
DBI.xs:2583: warning: value computed is not used
DBI.xs: In function 'XS_DBI_dispatch':
DBI.xs:3136: warning: value computed is not used
DBI.xs:3211: warning: value computed is not used
DBI.xs: In function 'XS_DBI__new_handle':
DBI.xs:4232: warning: value computed is not used
DBI.xs: In function 'XS_DBI_trace':
DBI.xs:4419: warning: format '%p' expects type 'void *', but argument 8 has type 'int'
DBI.xs: In function 'XS_DBD_____st_fetchrow_hashref':
DBI.xs:4954: warning: value computed is not used
Running Mkbootstrap for DBI ()
chmod 644 DBI.bs
rm -f blib/arch/auto/DBI/DBI.so
armv5tel-softfloat-linux-gnueabi-gcc  -shared -O2 -march=armv5te -pipe -L/usr/local/lib DBI.o  -o blib/arch/auto/DBI/DBI.so        \
                \
          
chmod 755 blib/arch/auto/DBI/DBI.so
cp DBI.bs blib/arch/auto/DBI/DBI.bs
chmod 644 blib/arch/auto/DBI/DBI.bs
/usr/bin/perl5.12.1 "-Iblib/arch" "-Iblib/lib" dbiprof.PL dbiprof
Extracted dbiprof from dbiprof.PL with variable substitutions.
cp dbiprof blib/script/dbiprof
/usr/bin/perl5.12.1 -MExtUtils::MY -e 'MY->fixin(shift)' -- blib/script/dbiprof
/usr/bin/perl5.12.1 "-Iblib/arch" "-Iblib/lib" dbiproxy.PL dbiproxy
Extracted dbiproxy from dbiproxy.PL with variable substitutions.
cp dbiproxy blib/script/dbiproxy
/usr/bin/perl5.12.1 -MExtUtils::MY -e 'MY->fixin(shift)' -- blib/script/dbiproxy
/usr/bin/perl5.12.1 "-Iblib/arch" "-Iblib/lib" dbilogstrip.PL dbilogstrip
Extracted dbilogstrip from dbilogstrip.PL with variable substitutions.
cp dbilogstrip blib/script/dbilogstrip
/usr/bin/perl5.12.1 -MExtUtils::MY -e 'MY->fixin(shift)' -- blib/script/dbilogstrip
Manifying blib/man1/dbiprof.1
Manifying blib/man1/dbiproxy.1
Manifying blib/man1/dbilogstrip.1
Manifying blib/man3/DBD::Proxy.3pm
Manifying blib/man3/DBI::Gofer::Response.3pm
Manifying blib/man3/DBI::Gofer::Transport::Base.3pm
Manifying blib/man3/DBD::DBM.3pm
Manifying blib/man3/DBI::Gofer::Serializer::DataDumper.3pm
Manifying blib/man3/DBI::Const::GetInfoType.3pm
Manifying blib/man3/Roadmap.3pm
Manifying blib/man3/DBI::DBD::Metadata.3pm
Manifying blib/man3/DBD::Gofer::Transport::pipeone.3pm
Manifying blib/man3/DBI::Const::GetInfo::ODBC.3pm
Manifying blib/man3/DBI::ProfileDumper::Apache.3pm
Manifying blib/man3/DBD::File::Roadmap.3pm
Manifying blib/man3/DBD::File.3pm
Manifying blib/man3/DBI::Util::CacheMemory.3pm
Manifying blib/man3/DBI::ProfileSubs.3pm
Manifying blib/man3/DBD::Gofer.3pm
Manifying blib/man3/DBD::Gofer::Transport::Base.3pm
Manifying blib/man3/DBI::FAQ.3pm
Manifying blib/man3/DBD::Gofer::Policy::rush.3pm
Manifying blib/man3/DBI::SQL::Nano.3pm
Manifying blib/man3/DBI::Const::GetInfo::ANSI.3pm
Manifying blib/man3/DBI::Gofer::Request.3pm
Manifying blib/man3/DBD::Gofer::Transport::stream.3pm
Manifying blib/man3/DBD::Gofer::Policy::classic.3pm
Manifying blib/man3/DBD::Gofer::Policy::Base.3pm
Manifying blib/man3/DBI.3pm
Manifying blib/man3/DBI::Const::GetInfoReturn.3pm
Manifying blib/man3/DBI::Gofer::Serializer::Storable.3pm
Manifying blib/man3/DBI::Gofer::Transport::stream.3pm
Manifying blib/man3/DBD::Sponge.3pm
Manifying blib/man3/DBD::Gofer::Policy::pedantic.3pm
Manifying blib/man3/DBI::W32ODBC.3pm
Manifying blib/man3/DBI::Gofer::Transport::pipeone.3pm
Manifying blib/man3/DBD::Gofer::Transport::null.3pm
Manifying blib/man3/Bundle::DBI.3pm
Manifying blib/man3/TASKS.3pm
Manifying blib/man3/DBD::File::Developers.3pm
Manifying blib/man3/DBI::Profile.3pm
Manifying blib/man3/DBI::ProfileDumper.3pm
Manifying blib/man3/DBI::ProxyServer.3pm
Manifying blib/man3/DBI::Gofer::Serializer::Base.3pm
Manifying blib/man3/DBI::Gofer::Execute.3pm
Manifying blib/man3/DBI::DBD.3pm
Manifying blib/man3/Win32::DBIODBC.3pm
Manifying blib/man3/DBI::DBD::SqlEngine.3pm
Manifying blib/man3/DBI::PurePerl.3pm
Manifying blib/man3/DBI::ProfileData.3pm
  TIMB/DBI-1.613.tar.gz
  /usr/bin/make -- OK
Running make test
PERL_DL_NONLAZY=1 /usr/bin/perl5.12.1 "-MExtUtils::Command::MM" "-e" "test_harness(0, 'blib/lib', 'blib/arch')" t/*.t
t/01basics.t ............... ok       
t/02dbidrv.t ............... ok     
t/03handle.t ............... ok       
t/04mods.t ................. ok     
t/05concathash.t ........... ok     
t/06attrs.t ................ ok       
t/07kids.t ................. ok     
t/08keeperr.t .............. ok     
t/09trace.t ................ ok     
t/10examp.t ................ ok       
t/11fetch.t ................ ok     
t/12quote.t ................ ok     
t/13taint.t ................ ok     
t/14utf8.t ................. ok     
t/15array.t ................ ok     
t/19fhtrace.t .............. ok     
t/20meta.t ................. ok   
t/30subclass.t ............. ok     
t/35thrclone.t ............. skipped: this linux perl 5.012001 not supported for DBI iThreads
t/40profile.t .............. 19/60 
