PERL_DL_NONLAZY=1 /Users/stas/perl5/perlbrew/perls/perl-5.18.2/bin/perl "-MExtUtils::Command::MM" "-MTest::Harness" "-e" "undef *Test::Harness::Switches; test_harness(0, 'blib/lib', 'blib/arch')" t/*.t t/*/*.t
t/mojo/asset.t ............................. ok
t/mojo/base.t .............................. ok
t/mojo/bytestream.t ........................ ok
t/mojo/cache.t ............................. ok
t/mojo/cgi.t ............................... ok
t/mojo/collection.t ........................ ok
t/mojo/content.t ........................... ok
t/mojo/cookie.t ............................ ok
t/mojo/cookiejar.t ......................... ok
Mojo::Reactor::Poll: Write failed: Can't call method "on" on an undefined value at /Users/stas/smoke/Mojolicious-4.67/blib/lib/Mojo/UserAgent.pm line 188.
t/mojo/daemon.t ............................ 
All 15 subtests passed 
t/mojo/date.t .............................. ok
t/mojo/delay.t ............................. ok
t/mojo/dom.t ............................... ok
t/mojo/eventemitter.t ...................... ok
t/mojo/headers.t ........................... ok
t/mojo/home.t .............................. ok
t/mojo/hypnotoad.t ......................... skipped: set TEST_HYPNOTOAD to enable this test (developer only!)
Mojo::Reactor::Poll: Write failed: Can't call method "on" on an undefined value at t/mojo/ioloop.t line 127.
Can't call method "steal_handle" on an undefined value at t/mojo/ioloop.t line 131.
# Tests were run but no plan was declared and done_testing() was not seen.
# Looks like your test exited with 255 just after 13.
t/mojo/ioloop.t ............................ 
Dubious, test returned 255 (wstat 65280, 0xff00)
All 13 subtests passed 
t/mojo/ioloop_ipv6.t ....................... skipped: set TEST_IPV6 to enable this test (developer only!)
t/mojo/ioloop_tls.t ........................ skipped: set TEST_TLS to enable this test (developer only!)
t/mojo/json.t .............................. ok
t/mojo/json_pointer.t ...................... ok
t/mojo/loader.t ............................ ok
t/mojo/log.t ............................... ok
t/mojo/morbo.t ............................. skipped: set TEST_MORBO to enable this test (developer only!)
t/mojo/parameters.t ........................ ok
t/mojo/path.t .............................. ok
t/mojo/prefork.t ........................... skipped: set TEST_PREFORK to enable this test (developer only!)
t/mojo/proxy.t ............................. ok
t/mojo/psgi.t .............................. ok
t/mojo/reactor_ev.t ........................ skipped: set TEST_EV to enable this test (developer only!)

#   Failed test 'right error'
#   at t/mojo/reactor_poll.t line 263.
#                   undef
#     doesn't match '(?^:^Mojo::IOLoop already running)'

#   Failed test 'right error'
#   at t/mojo/reactor_poll.t line 264.
#                   undef
#     doesn't match '(?^:^Mojo::IOLoop already running)'

#   Failed test 'loop is running'
#   at t/mojo/reactor_poll.t line 265.

#   Failed test 'loop is running'
#   at t/mojo/reactor_poll.t line 266.

#   Failed test 'right content'
#   at t/mojo/reactor_poll.t line 267.
#          got: ''
#     expected: 'tset123'

#   Failed test 'right content'
#   at t/mojo/reactor_poll.t line 268.
#          got: ''
#     expected: 'test321'
# Looks like you failed 6 tests of 72.
t/mojo/reactor_poll.t ...................... 
Dubious, test returned 6 (wstat 1536, 0x600)
Failed 6/72 subtests 
t/mojo/request.t ........................... ok
t/mojo/request_cgi.t ....................... ok
t/mojo/response.t .......................... ok
t/mojo/template.t .......................... ok
t/mojo/transactor.t ........................ ok
t/mojo/url.t ............................... ok
Mojo::Reactor::Poll: Write failed: Can't call method "on" on an undefined value at /Users/stas/smoke/Mojolicious-4.67/blib/lib/Mojo/UserAgent.pm line 188.
t/mojo/user_agent.t ........................ 
All 22 subtests passed 
t/mojo/user_agent_online.t ................. skipped: set TEST_ONLINE to enable this test (developer only!)
t/mojo/user_agent_tls.t .................... skipped: set TEST_TLS to enable this test (developer only!)
t/mojo/util.t .............................. ok
Mojo::Reactor::Poll: Write failed: Can't call method "on" on an undefined value at /Users/stas/smoke/Mojolicious-4.67/blib/lib/Mojo/UserAgent.pm line 188.
t/mojo/websocket.t ......................... 
All 1 subtests passed 
t/mojo/websocket_frames.t .................. ok
Mojo::Reactor::Poll: Write failed: Can't call method "on" on an undefined value at /Users/stas/smoke/Mojolicious-4.67/blib/lib/Mojo/UserAgent.pm line 188.
t/mojo/websocket_proxy.t ................... 
No subtests run 
t/mojo/websocket_proxy_tls.t ............... skipped: set TEST_TLS to enable this test (developer only!)
Mojo::Reactor::Poll: Write failed: Can't call method "on" on an undefined value at /Users/stas/smoke/Mojolicious-4.67/blib/lib/Mojo/UserAgent.pm line 188.
t/mojolicious/app.t ........................ 
All 69 subtests passed 
Mojo::Reactor::Poll: Write failed: Can't call method "on" on an undefined value at /Users/stas/smoke/Mojolicious-4.67/blib/lib/Mojo/UserAgent.pm line 188.
t/mojolicious/charset_lite_app.t ........... 
No subtests run 
t/mojolicious/command.t .................... ok
t/mojolicious/commands.t ................... ok
t/mojolicious/dispatch.t ................... ok
Mojo::Reactor::Poll: Write failed: Can't call method "on" on an undefined value at /Users/stas/smoke/Mojolicious-4.67/blib/lib/Mojo/UserAgent.pm line 188.
t/mojolicious/dispatcher_lite_app.t ........ 
No subtests run 
Mojo::Reactor::Poll: Write failed: Can't call method "on" on an undefined value at /Users/stas/smoke/Mojolicious-4.67/blib/lib/Mojo/UserAgent.pm line 188.
t/mojolicious/embedded_app.t ............... 
No subtests run 
Mojo::Reactor::Poll: Write failed: Can't call method "on" on an undefined value at /Users/stas/smoke/Mojolicious-4.67/blib/lib/Mojo/UserAgent.pm line 188.
t/mojolicious/embedded_lite_app.t .......... 
All 1 subtests passed 
Mojo::Reactor::Poll: Write failed: Can't call method "on" on an undefined value at /Users/stas/smoke/Mojolicious-4.67/blib/lib/Mojo/UserAgent.pm line 188.
t/mojolicious/exception_lite_app.t ......... 
No subtests run 
Mojo::Reactor::Poll: Write failed: Can't call method "on" on an undefined value at /Users/stas/smoke/Mojolicious-4.67/blib/lib/Mojo/UserAgent.pm line 188.
t/mojolicious/external_app.t ............... 
No subtests run 
Mojo::Reactor::Poll: Write failed: Can't call method "on" on an undefined value at /Users/stas/smoke/Mojolicious-4.67/blib/lib/Mojo/UserAgent.pm line 188.
t/mojolicious/external_lite_app.t .......... 
No subtests run 
Mojo::Reactor::Poll: Write failed: Can't call method "on" on an undefined value at /Users/stas/smoke/Mojolicious-4.67/blib/lib/Mojo/UserAgent.pm line 188.
t/mojolicious/group_lite_app.t ............. 
No subtests run 
Mojo::Reactor::Poll: Write failed: Can't call method "on" on an undefined value at /Users/stas/smoke/Mojolicious-4.67/blib/lib/Mojo/UserAgent.pm line 188.
t/mojolicious/json_config_lite_app.t ....... 
All 18 subtests passed 
Mojo::Reactor::Poll: Write failed: Can't call method "on" on an undefined value at /Users/stas/smoke/Mojolicious-4.67/blib/lib/Mojo/UserAgent.pm line 188.
t/mojolicious/json_config_mode_lite_app.t .. 
No subtests run 
Mojo::Reactor::Poll: Write failed: Can't call method "on" on an undefined value at /Users/stas/smoke/Mojolicious-4.67/blib/lib/Mojo/UserAgent.pm line 188.
t/mojolicious/layouted_lite_app.t .......... 
All 2 subtests passed 
Mojo::Reactor::Poll: Write failed: Can't call method "on" on an undefined value at /Users/stas/smoke/Mojolicious-4.67/blib/lib/Mojo/UserAgent.pm line 188.
t/mojolicious/lite_app.t ................... 
All 9 subtests passed 
Mojo::Reactor::Poll: Write failed: Can't call method "on" on an undefined value at /Users/stas/smoke/Mojolicious-4.67/blib/lib/Mojo/UserAgent.pm line 188.
t/mojolicious/longpolling_lite_app.t ....... 
No subtests run 
Mojo::Reactor::Poll: Write failed: Can't call method "on" on an undefined value at /Users/stas/smoke/Mojolicious-4.67/blib/lib/Mojo/UserAgent.pm line 188.
t/mojolicious/multipath_lite_app.t ......... 
No subtests run 
Mojo::Reactor::Poll: Write failed: Can't call method "on" on an undefined value at /Users/stas/smoke/Mojolicious-4.67/blib/lib/Mojo/UserAgent.pm line 188.
t/mojolicious/ojo.t ........................ 
All 1 subtests passed 
t/mojolicious/pattern.t .................... ok
Mojo::Reactor::Poll: Write failed: Can't call method "on" on an undefined value at /Users/stas/smoke/Mojolicious-4.67/blib/lib/Mojo/UserAgent.pm line 188.
t/mojolicious/pod_renderer_lite_app.t ...... 
All 1 subtests passed 
Mojo::Reactor::Poll: Write failed: Can't call method "on" on an undefined value at /Users/stas/smoke/Mojolicious-4.67/blib/lib/Mojo/UserAgent.pm line 188.
t/mojolicious/production_app.t ............. 
All 11 subtests passed 
Mojo::Reactor::Poll: Write failed: Can't call method "on" on an undefined value at /Users/stas/smoke/Mojolicious-4.67/blib/lib/Mojo/UserAgent.pm line 188.
t/mojolicious/rebased_lite_app.t ........... 
No subtests run 
t/mojolicious/renderer.t ................... ok
Mojo::Reactor::Poll: Write failed: Can't call method "on" on an undefined value at /Users/stas/smoke/Mojolicious-4.67/blib/lib/Mojo/UserAgent.pm line 188.
t/mojolicious/restful_lite_app.t ........... 
No subtests run 
t/mojolicious/routes.t ..................... ok
Mojo::Reactor::Poll: Write failed: Can't call method "on" on an undefined value at /Users/stas/smoke/Mojolicious-4.67/blib/lib/Mojo/UserAgent.pm line 188.
t/mojolicious/static_lite_app.t ............ 
No subtests run 
Mojo::Reactor::Poll: Write failed: Can't call method "on" on an undefined value at /Users/stas/smoke/Mojolicious-4.67/blib/lib/Mojo/UserAgent.pm line 188.
t/mojolicious/tag_helper_lite_app.t ........ 
No subtests run 
Mojo::Reactor::Poll: Write failed: Can't call method "on" on an undefined value at /Users/stas/smoke/Mojolicious-4.67/blib/lib/Mojo/UserAgent.pm line 188.
t/mojolicious/testing_app.t ................ 
All 1 subtests passed 
t/mojolicious/tls_lite_app.t ............... skipped: set TEST_TLS to enable this test (developer only!)
Mojo::Reactor::Poll: Write failed: Can't call method "on" on an undefined value at /Users/stas/smoke/Mojolicious-4.67/blib/lib/Mojo/UserAgent.pm line 188.
t/mojolicious/twinkle_lite_app.t ........... 
All 3 subtests passed 
t/mojolicious/types.t ...................... ok
Mojo::Reactor::Poll: Write failed: Can't call method "on" on an undefined value at /Users/stas/smoke/Mojolicious-4.67/blib/lib/Mojo/UserAgent.pm line 188.
t/mojolicious/upload_lite_app.t ............ 
No subtests run 
Mojo::Reactor::Poll: Write failed: Can't call method "on" on an undefined value at /Users/stas/smoke/Mojolicious-4.67/blib/lib/Mojo/UserAgent.pm line 188.
t/mojolicious/upload_stream_lite_app.t ..... 
No subtests run 
Mojo::Reactor::Poll: Write failed: Can't call method "on" on an undefined value at /Users/stas/smoke/Mojolicious-4.67/blib/lib/Mojo/UserAgent.pm line 188.
t/mojolicious/validation_lite_app.t ........ 
All 85 subtests passed 
Mojo::Reactor::Poll: Write failed: Can't call method "on" on an undefined value at /Users/stas/smoke/Mojolicious-4.67/blib/lib/Mojo/UserAgent.pm line 188.
t/mojolicious/websocket_lite_app.t ......... 
No subtests run 
t/pod.t .................................... skipped: set TEST_POD to enable this test (developer only!)
t/pod_coverage.t ........................... skipped: set TEST_POD to enable this test (developer only!)

Test Summary Report
-------------------
t/mojo/daemon.t                          (Wstat: 9 Tests: 15 Failed: 0)
  Non-zero wait status: 9
  Parse errors: No plan found in TAP output
t/mojo/ioloop.t                          (Wstat: 65280 Tests: 13 Failed: 0)
  Non-zero exit status: 255
  Parse errors: No plan found in TAP output
t/mojo/reactor_poll.t                    (Wstat: 1536 Tests: 72 Failed: 6)
  Failed tests:  67-72
  Non-zero exit status: 6
t/mojo/user_agent.t                      (Wstat: 9 Tests: 22 Failed: 0)
  Non-zero wait status: 9
  Parse errors: No plan found in TAP output
t/mojo/websocket.t                       (Wstat: 9 Tests: 1 Failed: 0)
  Non-zero wait status: 9
  Parse errors: No plan found in TAP output
t/mojo/websocket_proxy.t                 (Wstat: 9 Tests: 0 Failed: 0)
  Non-zero wait status: 9
  Parse errors: No plan found in TAP output
t/mojolicious/app.t                      (Wstat: 9 Tests: 69 Failed: 0)
  Non-zero wait status: 9
  Parse errors: No plan found in TAP output
t/mojolicious/charset_lite_app.t         (Wstat: 9 Tests: 0 Failed: 0)
  Non-zero wait status: 9
  Parse errors: No plan found in TAP output
t/mojolicious/dispatcher_lite_app.t      (Wstat: 9 Tests: 0 Failed: 0)
  Non-zero wait status: 9
  Parse errors: No plan found in TAP output
t/mojolicious/embedded_app.t             (Wstat: 9 Tests: 0 Failed: 0)
  Non-zero wait status: 9
  Parse errors: No plan found in TAP output
t/mojolicious/embedded_lite_app.t        (Wstat: 9 Tests: 1 Failed: 0)
  Non-zero wait status: 9
  Parse errors: No plan found in TAP output
t/mojolicious/exception_lite_app.t       (Wstat: 9 Tests: 0 Failed: 0)
  Non-zero wait status: 9
  Parse errors: No plan found in TAP output
t/mojolicious/external_app.t             (Wstat: 9 Tests: 0 Failed: 0)
  Non-zero wait status: 9
  Parse errors: No plan found in TAP output
t/mojolicious/external_lite_app.t        (Wstat: 9 Tests: 0 Failed: 0)
  Non-zero wait status: 9
  Parse errors: No plan found in TAP output
t/mojolicious/group_lite_app.t           (Wstat: 9 Tests: 0 Failed: 0)
  Non-zero wait status: 9
  Parse errors: No plan found in TAP output
t/mojolicious/json_config_lite_app.t     (Wstat: 9 Tests: 18 Failed: 0)
  Non-zero wait status: 9
  Parse errors: No plan found in TAP output
t/mojolicious/json_config_mode_lite_app.t (Wstat: 9 Tests: 0 Failed: 0)
  Non-zero wait status: 9
  Parse errors: No plan found in TAP output
t/mojolicious/layouted_lite_app.t        (Wstat: 9 Tests: 2 Failed: 0)
  Non-zero wait status: 9
  Parse errors: No plan found in TAP output
t/mojolicious/lite_app.t                 (Wstat: 9 Tests: 9 Failed: 0)
  Non-zero wait status: 9
  Parse errors: No plan found in TAP output
t/mojolicious/longpolling_lite_app.t     (Wstat: 9 Tests: 0 Failed: 0)
  Non-zero wait status: 9
  Parse errors: No plan found in TAP output
t/mojolicious/multipath_lite_app.t       (Wstat: 9 Tests: 0 Failed: 0)
  Non-zero wait status: 9
  Parse errors: No plan found in TAP output
t/mojolicious/ojo.t                      (Wstat: 9 Tests: 1 Failed: 0)
  Non-zero wait status: 9
  Parse errors: No plan found in TAP output
t/mojolicious/pod_renderer_lite_app.t    (Wstat: 9 Tests: 1 Failed: 0)
  Non-zero wait status: 9
  Parse errors: No plan found in TAP output
t/mojolicious/production_app.t           (Wstat: 9 Tests: 11 Failed: 0)
  Non-zero wait status: 9
  Parse errors: No plan found in TAP output
t/mojolicious/rebased_lite_app.t         (Wstat: 9 Tests: 0 Failed: 0)
  Non-zero wait status: 9
  Parse errors: No plan found in TAP output
t/mojolicious/restful_lite_app.t         (Wstat: 9 Tests: 0 Failed: 0)
  Non-zero wait status: 9
  Parse errors: No plan found in TAP output
t/mojolicious/static_lite_app.t          (Wstat: 9 Tests: 0 Failed: 0)
  Non-zero wait status: 9
  Parse errors: No plan found in TAP output
t/mojolicious/tag_helper_lite_app.t      (Wstat: 9 Tests: 0 Failed: 0)
  Non-zero wait status: 9
  Parse errors: No plan found in TAP output
t/mojolicious/testing_app.t              (Wstat: 9 Tests: 1 Failed: 0)
  Non-zero wait status: 9
  Parse errors: No plan found in TAP output
t/mojolicious/twinkle_lite_app.t         (Wstat: 9 Tests: 3 Failed: 0)
  Non-zero wait status: 9
  Parse errors: No plan found in TAP output
t/mojolicious/upload_lite_app.t          (Wstat: 9 Tests: 0 Failed: 0)
  Non-zero wait status: 9
  Parse errors: No plan found in TAP output
t/mojolicious/upload_stream_lite_app.t   (Wstat: 9 Tests: 0 Failed: 0)
  Non-zero wait status: 9
  Parse errors: No plan found in TAP output
t/mojolicious/validation_lite_app.t      (Wstat: 9 Tests: 85 Failed: 0)
  Non-zero wait status: 9
  Parse errors: No plan found in TAP output
t/mojolicious/websocket_lite_app.t       (Wstat: 9 Tests: 0 Failed: 0)
  Non-zero wait status: 9
  Parse errors: No plan found in TAP output
Files=84, Tests=6506, 226 wallclock secs ( 0.88 usr  0.26 sys + 23.30 cusr  1.94 csys = 26.38 CPU)
Result: FAIL
Failed 34/84 test programs. 6/6506 subtests failed.
make: *** [test_dynamic] Error 255
