lib\version\version.exp:fake:(.edata+0x38): undefined reference to `boot_version'
lib\version\version.exp:fake:(.edata+0x3c): undefined reference to `boot_version'
collect2: ld returned 1 exit status
lib\version\version.exp:fake:(.edata+0x38): undefined reference to `boot_version'
lib\version\version.exp:fake:(.edata+0x3c): undefined reference to `boot_version'
collect2: ld returned 1 exit status

#   Failed test 'use version;'
#   at t\01base.t line 10.
#     Tried to use 'version'.
#     Error:  Can't locate version/vpp.pm in @INC (@INC contains: C:\DOCUME~1\ADMINI~1\LOCALS~1\Temp\perldist\build\version-0.76\blib\lib C:\DOCUME~1\ADMINI~1\LOCALS~1\Temp\perldist\build\version-0.76\blib\arch C:\DOCUME~1\ADMINI~1\LOCALS~1\Temp\perldist\build\version-0.76\_build\lib C:/STRAWB~1/perl/lib C:/STRAWB~1/perl/site/lib .) at (eval 6) line 2.
# BEGIN failed--compilation aborted at (eval 6) line 2.
# Compilation failed in require at (eval 4) line 2.
# BEGIN failed--compilation aborted at (eval 4) line 2.
Undefined subroutine &main::qv called at t/coretests.pm line 192.
# Looks like you failed 1 test of 63.
# Looks like your test exited with 9 just after 63.

#   Failed test 'use version;'
#   at t\02derived.t line 10.
#     Tried to use 'version'.
#     Error:  Can't locate version/vpp.pm in @INC (@INC contains: C:\DOCUME~1\ADMINI~1\LOCALS~1\Temp\perldist\build\version-0.76\blib\lib C:\DOCUME~1\ADMINI~1\LOCALS~1\Temp\perldist\build\version-0.76\blib\arch C:\DOCUME~1\ADMINI~1\LOCALS~1\Temp\perldist\build\version-0.76\_build\lib C:/STRAWB~1/perl/lib C:/STRAWB~1/perl/site/lib .) at (eval 6) line 2.
# BEGIN failed--compilation aborted at (eval 6) line 2.
# Compilation failed in require at (eval 4) line 2.
# BEGIN failed--compilation aborted at (eval 4) line 2.

#   Failed test 'Make sure very small versions don't freak'
#   at t/coretests.pm line 390.
#                   'Attempt to reload version.pm aborted.
# Compilation failed in require at www.pm line 2.
# BEGIN failed--compilation aborted at www.pm line 2.
# Compilation failed in require at (eval 64) line 1.
# BEGIN failed--compilation aborted at (eval 64) line 1.
# '
#     doesn't match '(?-xism:^www version 0.000008 required)'

#   Failed test 'Comparing vs. version with no decimal'
#   at t/coretests.pm line 393.
#                   'Attempt to reload www.pm aborted.
# Compilation failed in require at (eval 66) line 1.
# BEGIN failed--compilation aborted at (eval 66) line 1.
# '
#     doesn't match '(?-xism:^www version 1 required)'

#   Failed test 'Comparing vs. version with decimal only'
#   at t/coretests.pm line 396.
#                   'Attempt to reload www.pm aborted.
# Compilation failed in require at (eval 68) line 1.
# BEGIN failed--compilation aborted at (eval 68) line 1.
# '
#     doesn't match '(?-xism:^www version 1 required)'

#   Failed test 'Make sure very small versions don't freak'
#   at t/coretests.pm line 405.
#                   'Attempt to reload www.pm aborted.
# Compilation failed in require at (eval 70) line 1.
# BEGIN failed--compilation aborted at (eval 70) line 1.
# '
#     doesn't match '(?-xism:^www version v0.0.8 required)'
Use of uninitialized value $got in string eq at cmp_ok [from t/coretests.pm line 410] line 1.

#   Failed test 'No undef warnings'
#   at t/coretests.pm line 410.
#          got: undef
#     expected: '0.0.4'

#   Failed test 'require version;'
#   at t\03require.t line 12.
#     Tried to require 'version'.
#     Error:  Can't locate version/vpp.pm in @INC (@INC contains: C:\DOCUME~1\ADMINI~1\LOCALS~1\Temp\perldist\build\version-0.76\blib\lib C:\DOCUME~1\ADMINI~1\LOCALS~1\Temp\perldist\build\version-0.76\blib\arch C:\DOCUME~1\ADMINI~1\LOCALS~1\Temp\perldist\build\version-0.76\_build\lib C:/STRAWB~1/perl/lib C:/STRAWB~1/perl/site/lib .) at (eval 6) line 2.
# BEGIN failed--compilation aborted at (eval 6) line 2.
# Compilation failed in require at (eval 4) line 2.

#   Failed test 'Make sure very small versions don't freak'
#   at t/coretests.pm line 390.
#                   'Attempt to reload version.pm aborted.
# Compilation failed in require at www.pm line 2.
# BEGIN failed--compilation aborted at www.pm line 2.
# Compilation failed in require at (eval 62) line 1.
# BEGIN failed--compilation aborted at (eval 62) line 1.
# '
#     doesn't match '(?-xism:^www version 0.000008 required)'

#   Failed test 'Comparing vs. version with no decimal'
#   at t/coretests.pm line 393.
#                   'Attempt to reload www.pm aborted.
# Compilation failed in require at (eval 64) line 1.
# BEGIN failed--compilation aborted at (eval 64) line 1.
# '
#     doesn't match '(?-xism:^www version 1 required)'

#   Failed test 'Comparing vs. version with decimal only'
#   at t/coretests.pm line 396.
#                   'Attempt to reload www.pm aborted.
# Compilation failed in require at (eval 66) line 1.
# BEGIN failed--compilation aborted at (eval 66) line 1.
# '
#     doesn't match '(?-xism:^www version 1 required)'

#   Failed test 'Make sure very small versions don't freak'
#   at t/coretests.pm line 405.
#                   'Attempt to reload www.pm aborted.
# Compilation failed in require at (eval 68) line 1.
# BEGIN failed--compilation aborted at (eval 68) line 1.
# '
#     doesn't match '(?-xism:^www version v0.0.8 required)'
Use of uninitialized value $got in string eq at cmp_ok [from t/coretests.pm line 410] line 1.

#   Failed test 'No undef warnings'
#   at t/coretests.pm line 410.
#          got: undef
#     expected: '0.0.4'
Failed 3/3 test programs. 13/323 subtests failed.
