cpanm (App::cpanminus) 1.7039 on perl 5.018002 built for darwin-thread-multi-2level
Work directory is /Users/bconry/.cpanm/work/1441141667.75291
You have make /usr/bin/make
You have LWP 6.05
You have /usr/bin/tar: bsdtar 2.8.3 - libarchive 2.8.3
You have /usr/bin/unzip
Searching Dist::Zilla::MintingProfile::RTx () on cpanmetadb ...
--> Working on Dist::Zilla::MintingProfile::RTx
Fetching http://www.cpan.org/authors/id/A/AL/ALEXMV/Dist-Zilla-MintingProfile-RTx-0.12.tar.gz
-> OK
Unpacking Dist-Zilla-MintingProfile-RTx-0.12.tar.gz
Entering Dist-Zilla-MintingProfile-RTx-0.12
Checking configure dependencies from META.yml
Checking if you have ExtUtils::MakeMaker 6.59 ... Yes (7.04)
Configuring Dist-Zilla-MintingProfile-RTx-0.12
Running Makefile.PL
Warning: prerequisite Dist::Zilla 0 not found.
Checking if your kit is complete...
Looks good
Generating a Unix-style Makefile
Writing Makefile for Dist::Zilla::MintingProfile::RTx
Writing MYMETA.yml and MYMETA.json
-> OK
Checking dependencies from MYMETA.json ...
Checking if you have Module::Install::ReadmeFromPod 0 ... Yes (0.22)
Checking if you have Module::Install::RTx 0.3404 ... Yes (0.37)
Checking if you have ExtUtils::MakeMaker 0 ... Yes (7.04)
Checking if you have Dist::Zilla 0 ... No
==> Found dependencies: Dist::Zilla
Searching Dist::Zilla (0) on cpanmetadb ...
--> Working on Dist::Zilla
Fetching http://www.cpan.org/authors/id/R/RJ/RJBS/Dist-Zilla-5.039.tar.gz
-> OK
Unpacking Dist-Zilla-5.039.tar.gz
Entering Dist-Zilla-5.039
Checking configure dependencies from META.json
Checking if you have File::ShareDir::Install 0.06 ... Yes (0.10)
Checking if you have ExtUtils::MakeMaker 6.58 ... Yes (7.04)
Configuring Dist-Zilla-5.039
Running Makefile.PL
Warning: prerequisite MooseX::Types::Path::Class 0 not found.
Checking if your kit is complete...
Looks good
Generating a Unix-style Makefile
Writing Makefile for Dist::Zilla
Writing MYMETA.yml and MYMETA.json
-> OK
Checking dependencies from MYMETA.json ...
Checking if you have String::Formatter 0.100680 ... Yes (0.102084)
Checking if you have Storable 0 ... Yes (2.41)
Checking if you have CPAN::Uploader 0.103004 ... Yes (0.103010)
Checking if you have MooseX::Role::Parameterized 1.01 ... Yes (1.02)
Checking if you have parent 0 ... Yes (0.225)
Checking if you have CPAN::Meta::Validator 2.101550 ... Yes (2.150005)
Checking if you have Config::MVP::Reader::Finder 0 ... Yes (2.200010)
Checking if you have Data::Dumper 0 ... Yes (2.145)
Checking if you have DateTime 0.44 ... Yes (1.06)
Checking if you have Test::More 0.96 ... Yes (1.001014)
Checking if you have Test::Fatal 0 ... Yes (0.013)
Checking if you have App::Cmd::Setup 0.309 ... Yes (0.327)
Checking if you have Scalar::Util 0 ... Yes (1.38)
Checking if you have Digest::MD5 0 ... Yes (2.52)
Checking if you have Params::Util 0 ... Yes (1.07)
Checking if you have MooseX::SetOnce 0 ... Yes (0.200002)
Checking if you have Encode 0 ... Yes (2.49)
Checking if you have File::pushd 0 ... Yes (1.009)
Checking if you have Perl::Version 0 ... Yes (1.013)
Checking if you have YAML::Tiny 0 ... Yes (1.69)
Checking if you have App::Cmd::Tester::CaptureExternal 0 ... Yes (0.327)
Checking if you have Text::Template 0 ... Yes (1.46)
Checking if you have MooseX::LazyRequire 0 ... Yes (0.10)
Checking if you have Config::MVP::Reader::INI 2 ... Yes (2.101463)
Checking if you have File::Temp 0 ... Yes (0.23)
Checking if you have MooseX::Types 0 ... Yes (0.41)
Checking if you have lib 0 ... Yes (0.63)
Checking if you have Data::Section 0.200002 ... Yes (0.200006)
Checking if you have warnings 0 ... Yes (1.18)
Checking if you have File::Copy::Recursive 0 ... Yes (0.38)
Checking if you have Path::Tiny 0.052 ... Yes (0.072)
Checking if you have MooseX::Types::Path::Class 0 ... No
Checking if you have Term::UI 0 ... Yes (0.46)
Checking if you have CPAN::Meta::Prereqs 2.120630 ... Yes (2.150005)
Checking if you have File::Find::Rule 0 ... Yes (0.33)
Checking if you have App::Cmd::Tester 0.306 ... Yes (0.327)
Checking if you have Moose 0.92 ... Yes (2.1202)
Checking if you have ExtUtils::Manifest 1.66 ... Yes (1.70)
Checking if you have Test::Deep 0 ... Yes (0.112)
Checking if you have Term::ReadLine 0 ... Yes (1.12)
Checking if you have Pod::Eventual 0.091480 ... Yes (0.094001)
Checking if you have CPAN::Meta::Requirements 2.121 ... Yes (2.127)
Checking if you have MooseX::Types::Moose 0 ... Yes (0.41)
Checking if you have CPAN::Meta::Check 0.007 ... Yes (0.008)
Checking if you have autodie 0 ... Yes (2.13)
Checking if you have Config::MVP::Assembler 0 ... Yes (2.200010)
Checking if you have Moose::Role 0 ... Yes (2.1202)
Checking if you have JSON::MaybeXS 0 ... Yes (1.003005)
Checking if you have Term::Encoding 0 ... Yes (0.02)
Checking if you have MooseX::Types::Perl 0 ... Yes (0.101343)
Checking if you have Software::License 0.101370 ... Yes (0.103010)
Checking if you have Module::CoreList 0 ... Yes (3.03)
Checking if you have version 0 ... Yes (0.9902)
Checking if you have Config::INI::Reader 0 ... Yes (0.025)
Checking if you have File::HomeDir 0 ... Yes (1.00)
Checking if you have Path::Class 0.22 ... Yes (0.33)
Checking if you have File::ShareDir::Install 0.03 ... Yes (0.10)
Checking if you have CPAN::Meta::Merge 0 ... Yes (2.150005)
Checking if you have strict 0 ... Yes (1.07)
Checking if you have Perl::PrereqScanner 1.016 ... Yes (1.023)
Checking if you have Mixin::Linewise::Readers 0.100 ... Yes (0.108)
Checking if you have Moose::Util::TypeConstraints 0 ... Yes (2.1202)
Checking if you have Config::MVP::Section 2.200009 ... Yes (2.200010)
Checking if you have PPI::Document 0 ... Yes (1.215)
Checking if you have namespace::autoclean 0 ... Yes (0.15)
Checking if you have Software::LicenseUtils 0 ... Yes (0.103010)
Checking if you have Config::MVP::Reader::Findable::ByExtension 0 ... Yes (2.200010)
Checking if you have App::Cmd::Command::version 0 ... Yes (0.327)
Checking if you have File::Path 0 ... Yes (2.09)
Checking if you have Archive::Tar 0 ... Yes (1.90)
Checking if you have List::Util 1.33 ... Yes (1.38)
Checking if you have Test::File::ShareDir 0 ... Yes (1.001001)
Checking if you have String::RewritePrefix 0.005 ... Yes (0.007)
Checking if you have Software::License::None 0 ... Yes (0.103010)
Checking if you have Term::ReadKey 0 ... Yes (2.31)
Checking if you have Class::Load 0.17 ... Yes (0.20)
Checking if you have CPAN::Meta::Converter 2.101550 ... Yes (2.150005)
Checking if you have Sub::Exporter::Util 0 ... Yes (0.987)
Checking if you have ExtUtils::MakeMaker 0 ... Yes (7.04)
Checking if you have Config::MVP::Reader 2.101540 ... Yes (2.200010)
Checking if you have Carp 0 ... Yes (1.29)
Checking if you have Try::Tiny 0 ... Yes (0.19)
Checking if you have Sub::Exporter::ForMethods 0 ... Yes (0.100052)
Checking if you have File::ShareDir 0 ... Yes (1.102)
Checking if you have utf8 0 ... Yes (1.10)
Checking if you have Text::Glob 0.08 ... Yes (0.09)
Checking if you have Test::FailWarnings 0 ... Yes (0.008)
Checking if you have Sub::Exporter 0 ... Yes (0.987)
Checking if you have File::Spec 0 ... Yes (3.40)
Checking if you have Config::MVP::Assembler::WithBundles 2.200010 ... Yes (2.200010)
Checking if you have Log::Dispatchouli 1.102220 ... Yes (2.012)
Checking if you have List::MoreUtils 0 ... Yes (0.33)
==> Found dependencies: MooseX::Types::Path::Class
Searching MooseX::Types::Path::Class (0) on cpanmetadb ...
--> Working on MooseX::Types::Path::Class
Fetching http://www.cpan.org/authors/id/E/ET/ETHER/MooseX-Types-Path-Class-0.08.tar.gz
-> OK
Unpacking MooseX-Types-Path-Class-0.08.tar.gz
Entering MooseX-Types-Path-Class-0.08
Checking configure dependencies from META.json
Checking if you have Module::Build::Tiny 0.007 ... Yes (0.034)
Configuring MooseX-Types-Path-Class-0.08
Running Build.PL
Creating new 'Build' script for 'MooseX-Types-Path-Class' version '0.08'
-> OK
Checking dependencies from MYMETA.json ...
Checking if you have strict 0 ... Yes (1.07)
Checking if you have Moose 0 ... Yes (2.1202)
Checking if you have if 0 ... Yes (0.0602)
Checking if you have Moose::Util::TypeConstraints 0 ... Yes (2.1202)
Checking if you have MooseX::Types 0 ... Yes (0.41)
Checking if you have warnings 0 ... Yes (1.18)
Checking if you have File::Spec 0 ... Yes (3.40)
Checking if you have MooseX::Types::Moose 0 ... Yes (0.41)
Checking if you have Test::More 0.88 ... Yes (1.001014)
Checking if you have ExtUtils::MakeMaker 0 ... Yes (7.04)
Checking if you have Path::Class 0.16 ... Yes (0.33)
Checking if you have MooseX::Getopt 0 ... Yes (0.59)
Building and testing MooseX-Types-Path-Class-0.08
cp lib/MooseX/Types/Path/Class.pm blib/lib/MooseX/Types/Path/Class.pm
Can't locate TAP/Harness/Env.pm in @INC (you may need to install the TAP::Harness::Env module) (@INC contains: /Users/bconry/perl5/lib/perl5/darwin-thread-multi-2level /Users/bconry/perl5/lib/perl5 /Library/Perl/5.18/darwin-thread-multi-2level /Library/Perl/5.18 /Network/Library/Perl/5.18/darwin-thread-multi-2level /Network/Library/Perl/5.18 /Library/Perl/Updates/5.18.2/darwin-thread-multi-2level /Library/Perl/Updates/5.18.2 /System/Library/Perl/5.18/darwin-thread-multi-2level /System/Library/Perl/5.18 /System/Library/Perl/Extras/5.18/darwin-thread-multi-2level /System/Library/Perl/Extras/5.18 .) at /System/Library/Perl/Extras/5.18/Module/Build/Tiny.pm line 103.
-> FAIL Installing MooseX::Types::Path::Class failed. See /Users/bconry/.cpanm/work/1441141667.75291/build.log for details. Retry with --force to force install it.
-> FAIL Installing the dependencies failed: Module 'MooseX::Types::Path::Class' is not installed
-> FAIL Bailing out the installation for Dist-Zilla-5.039.
-> FAIL Installing the dependencies failed: Module 'Dist::Zilla' is not installed
-> FAIL Bailing out the installation for Dist-Zilla-MintingProfile-RTx-0.12.
