cpanm (App::cpanminus) 1.7042 on perl 5.010001 built for MSWin32-x86-multi-thread
Work directory is c:\home\tennis/.cpanm/work/1496237741.3464
You have make C:\Strawberry\c\bin\dmake.exe
You have LWP 6.26
Falling back to Archive::Tar 1.76
--> Working on DFARRELL/Router-XS-0.02.tar.gz
Fetching http://www.cpan.org/authors/id/D/DF/DFARRELL/Router-XS-0.02.tar.gz
-> OK
Unpacking Router-XS-0.02.tar.gz
Entering Router-XS-0.02
Checking configure dependencies from META.json
Checking if you have ExtUtils::MakeMaker 6.58 ... Yes (6.98)
Configuring Router-XS-0.02
Running Makefile.PL
Checking if your kit is complete...
Looks good
Generating a dmake-style Makefile
Writing Makefile for Router::XS
Writing MYMETA.yml and MYMETA.json
-> OK
Checking dependencies from MYMETA.json ...
Checking if you have Test::More 0 ... Yes (1.302085)
Checking if you have ExtUtils::MakeMaker 0 ... Yes (6.98)
Checking if you have Test::Fatal 0 ... Yes (0.014)
Checking if you have Exporter 5.57 ... Yes (5.72)
Building and testing Router-XS-0.02
cp README.pod blib\lib\Router\README.pod
cp lib/Router/XS.pm blib\lib\Router\XS.pm
Running Mkbootstrap for Router::XS ()
C:\Strawberry\perl\bin\perl.exe -MExtUtils::Command -e chmod -- 644 XS.bs
C:\Strawberry\perl\bin\perl.exe C:\home\tennis\perl5\lib\perl5\ExtUtils\xsubpp  -typemap C:\strawberry\perl\lib\ExtUtils\typemap  XS.xs > XS.xsc && C:\Strawberry\perl\bin\perl.exe -MExtUtils::Command -e mv -- XS.xsc XS.c
gcc -c   	-Wall -std=c99 -O3 	  -DVERSION=\"0.02\" 	-DXS_VERSION=\"0.02\"  "-IC:\strawberry\perl\lib\CORE"   XS.c
In file included from C:/strawberry/perl/lib/CORE/perl.h:38,
                 from XS.xs:3:
C:/strawberry/perl/lib/CORE/config.h:39:20: warning: "/*" within comment
C:/strawberry/perl/lib/CORE/config.h:45:21: warning: "/*" within comment
C:/strawberry/perl/lib/CORE/config.h:51:21: warning: "/*" within comment
C:/strawberry/perl/lib/CORE/config.h:57:22: warning: "/*" within comment
C:/strawberry/perl/lib/CORE/config.h:63:23: warning: "/*" within comment
C:/strawberry/perl/lib/CORE/config.h:81:24: warning: "/*" within comment
C:/strawberry/perl/lib/CORE/config.h:87:24: warning: "/*" within comment
C:/strawberry/perl/lib/CORE/config.h:120:23: warning: "/*" within comment
C:/strawberry/perl/lib/CORE/config.h:126:23: warning: "/*" within comment
C:/strawberry/perl/lib/CORE/config.h:132:22: warning: "/*" within comment
C:/strawberry/perl/lib/CORE/config.h:150:21: warning: "/*" within comment
C:/strawberry/perl/lib/CORE/config.h:174:26: warning: "/*" within comment
C:/strawberry/perl/lib/CORE/config.h:187:24: warning: "/*" within comment
C:/strawberry/perl/lib/CORE/config.h:193:25: warning: "/*" within comment
C:/strawberry/perl/lib/CORE/config.h:199:24: warning: "/*" within comment
C:/strawberry/perl/lib/CORE/config.h:205:28: warning: "/*" within comment
C:/strawberry/perl/lib/CORE/config.h:212:26: warning: "/*" within comment
C:/strawberry/perl/lib/CORE/config.h:237:22: warning: "/*" within comment
C:/strawberry/perl/lib/CORE/config.h:243:22: warning: "/*" within comment
C:/strawberry/perl/lib/CORE/config.h:302:23: warning: "/*" within comment
C:/strawberry/perl/lib/CORE/config.h:314:22: warning: "/*" within comment
C:/strawberry/perl/lib/CORE/config.h:320:23: warning: "/*" within comment
C:/strawberry/perl/lib/CORE/config.h:326:21: warning: "/*" within comment
C:/strawberry/perl/lib/CORE/config.h:338:25: warning: "/*" within comment
C:/strawberry/perl/lib/CORE/config.h:339:26: warning: "/*" within comment
C:/strawberry/perl/lib/CORE/config.h:358:21: warning: "/*" within comment
C:/strawberry/perl/lib/CORE/config.h:389:25: warning: "/*" within comment
C:/strawberry/perl/lib/CORE/config.h:416:24: warning: "/*" within comment
C:/strawberry/perl/lib/CORE/config.h:422:24: warning: "/*" within comment
C:/strawberry/perl/lib/CORE/config.h:429:26: warning: "/*" within comment
C:/strawberry/perl/lib/CORE/config.h:436:27: warning: "/*" within comment
C:/strawberry/perl/lib/CORE/config.h:448:23: warning: "/*" within comment
C:/strawberry/perl/lib/CORE/config.h:454:25: warning: "/*" within comment
C:/strawberry/perl/lib/CORE/config.h:460:28: warning: "/*" within comment
C:/strawberry/perl/lib/CORE/config.h:472:25: warning: "/*" within comment
C:/strawberry/perl/lib/CORE/config.h:473:26: warning: "/*" within comment
C:/strawberry/perl/lib/CORE/config.h:485:25: warning: "/*" within comment
C:/strawberry/perl/lib/CORE/config.h:486:26: warning: "/*" within comment
C:/strawberry/perl/lib/CORE/config.h:492:24: warning: "/*" within comment
C:/strawberry/perl/lib/CORE/config.h:498:24: warning: "/*" within comment
C:/strawberry/perl/lib/CORE/config.h:504:22: warning: "/*" within comment
C:/strawberry/perl/lib/CORE/config.h:516:21: warning: "/*" within comment
C:/strawberry/perl/lib/CORE/config.h:546:23: warning: "/*" within comment
C:/strawberry/perl/lib/CORE/config.h:552:23: warning: "/*" within comment
C:/strawberry/perl/lib/CORE/config.h:558:23: warning: "/*" within comment
C:/strawberry/perl/lib/CORE/config.h:570:26: warning: "/*" within comment
C:/strawberry/perl/lib/CORE/config.h:576:26: warning: "/*" within comment
C:/strawberry/perl/lib/CORE/config.h:582:24: warning: "/*" within comment
C:/strawberry/perl/lib/CORE/config.h:600:23: warning: "/*" within comment
C:/strawberry/perl/lib/CORE/config.h:605:21: warning: "/*" within comment
C:/strawberry/perl/lib/CORE/config.h:652:17: warning: "/*" within comment
C:/strawberry/perl/lib/CORE/config.h:702:21: warning: "/*" within comment
C:/strawberry/perl/lib/CORE/config.h:708:24: warning: "/*" within comment
C:/strawberry/perl/lib/CORE/config.h:714:19: warning: "/*" within comment
C:/strawberry/perl/lib/CORE/config.h:738:22: warning: "/*" within comment
C:/strawberry/perl/lib/CORE/config.h:744:23: warning: "/*" within comment
C:/strawberry/perl/lib/CORE/config.h:754:24: warning: "/*" within comment
C:/strawberry/perl/lib/CORE/config.h:755:24: warning: "/*" within comment
C:/strawberry/perl/lib/CORE/config.h:761:22: warning: "/*" within comment
C:/strawberry/perl/lib/CORE/config.h:767:24: warning: "/*" within comment
C:/strawberry/perl/lib/CORE/config.h:774:22: warning: "/*" within comment
C:/strawberry/perl/lib/CORE/config.h:780:27: warning: "/*" within comment
C:/strawberry/perl/lib/CORE/config.h:786:24: warning: "/*" within comment
C:/strawberry/perl/lib/CORE/config.h:798:24: warning: "/*" within comment
C:/strawberry/perl/lib/CORE/config.h:810:21: warning: "/*" within comment
C:/strawberry/perl/lib/CORE/config.h:816:22: warning: "/*" within comment
C:/strawberry/perl/lib/CORE/config.h:834:21: warning: "/*" within comment
C:/strawberry/perl/lib/CORE/config.h:835:22: warning: "/*" within comment
C:/strawberry/perl/lib/CORE/config.h:836:20: warning: "/*" within comment
C:/strawberry/perl/lib/CORE/config.h:842:21: warning: "/*" within comment
C:/strawberry/perl/lib/CORE/config.h:856:21: warning: "/*" within comment
C:/strawberry/perl/lib/CORE/config.h:862:19: warning: "/*" within comment
C:/strawberry/perl/lib/CORE/config.h:887:22: warning: "/*" within comment
C:/strawberry/perl/lib/CORE/config.h:932:26: warning: "/*" within comment
C:/strawberry/perl/lib/CORE/config.h:1020:24: warning: "/*" within comment
C:/strawberry/perl/lib/CORE/config.h:1032:28: warning: "/*" within comment
C:/strawberry/perl/lib/CORE/config.h:1062:35: warning: "/*" within comment
C:/strawberry/perl/lib/CORE/config.h:1063:31: warning: "/*" within comment
C:/strawberry/perl/lib/CORE/config.h:1064:33: warning: "/*" within comment
C:/strawberry/perl/lib/CORE/config.h:1065:33: warning: "/*" within comment
C:/strawberry/perl/lib/CORE/config.h:1066:31: warning: "/*" within comment
C:/strawberry/perl/lib/CORE/config.h:1067:32: warning: "/*" within comment
C:/strawberry/perl/lib/CORE/config.h:1068:29: warning: "/*" within comment
C:/strawberry/perl/lib/CORE/config.h:1069:31: warning: "/*" within comment
C:/strawberry/perl/lib/CORE/config.h:1070:43: warning: "/*" within comment
C:/strawberry/perl/lib/CORE/config.h:1093:26: warning: "/*" within comment
C:/strawberry/perl/lib/CORE/config.h:1102:20: warning: "/*" within comment
C:/strawberry/perl/lib/CORE/config.h:1117:28: warning: "/*" within comment
C:/strawberry/perl/lib/CORE/config.h:1130:26: warning: "/*" within comment
C:/strawberry/perl/lib/CORE/config.h:1143:28: warning: "/*" within comment
C:/strawberry/perl/lib/CORE/config.h:1152:29: warning: "/*" within comment
C:/strawberry/perl/lib/CORE/config.h:1158:24: warning: "/*" within comment
C:/strawberry/perl/lib/CORE/config.h:1164:25: warning: "/*" within comment
C:/strawberry/perl/lib/CORE/config.h:1176:29: warning: "/*" within comment
C:/strawberry/perl/lib/CORE/config.h:1183:27: warning: "/*" within comment
C:/strawberry/perl/lib/CORE/config.h:1195:31: warning: "/*" within comment
C:/strawberry/perl/lib/CORE/config.h:1202:26: warning: "/*" within comment
C:/strawberry/perl/lib/CORE/config.h:1214:30: warning: "/*" within comment
C:/strawberry/perl/lib/CORE/config.h:1221:28: warning: "/*" within comment
C:/strawberry/perl/lib/CORE/config.h:1233:32: warning: "/*" within comment
C:/strawberry/perl/lib/CORE/config.h:1240:25: warning: "/*" within comment
C:/strawberry/perl/lib/CORE/config.h:1252:29: warning: "/*" within comment
C:/strawberry/perl/lib/CORE/config.h:1259:27: warning: "/*" within comment
C:/strawberry/perl/lib/CORE/config.h:1271:31: warning: "/*" within comment
C:/strawberry/perl/lib/CORE/config.h:1284:25: warning: "/*" within comment
C:/strawberry/perl/lib/CORE/config.h:1296:29: warning: "/*" within comment
C:/strawberry/perl/lib/CORE/config.h:1309:29: warning: "/*" within comment
C:/strawberry/perl/lib/CORE/config.h:1322:29: warning: "/*" within comment
C:/strawberry/perl/lib/CORE/config.h:1341:27: warning: "/*" within comment
C:/strawberry/perl/lib/CORE/config.h:1367:25: warning: "/*" within comment
C:/strawberry/perl/lib/CORE/config.h:1382:34: warning: "/*" within comment
C:/strawberry/perl/lib/CORE/config.h:1395:34: warning: "/*" within comment
C:/strawberry/perl/lib/CORE/config.h:1408:31: warning: "/*" within comment
C:/strawberry/perl/lib/CORE/config.h:1429:29: warning: "/*" within comment
C:/strawberry/perl/lib/CORE/config.h:1436:29: warning: "/*" within comment
C:/strawberry/perl/lib/CORE/config.h:1442:29: warning: "/*" within comment
C:/strawberry/perl/lib/CORE/config.h:1448:26: warning: "/*" within comment
C:/strawberry/perl/lib/CORE/config.h:1460:33: warning: "/*" within comment
C:/strawberry/perl/lib/CORE/config.h:1473:33: warning: "/*" within comment
C:/strawberry/perl/lib/CORE/config.h:1486:30: warning: "/*" within comment
C:/strawberry/perl/lib/CORE/config.h:1495:29: warning: "/*" within comment
C:/strawberry/perl/lib/CORE/config.h:1501:28: warning: "/*" within comment
C:/strawberry/perl/lib/CORE/config.h:1511:24: warning: "/*" within comment
C:/strawberry/perl/lib/CORE/config.h:1512:27: warning: "/*" within comment
C:/strawberry/perl/lib/CORE/config.h:1535:35: warning: "/*" within comment
C:/strawberry/perl/lib/CORE/config.h:1548:37: warning: "/*" within comment
C:/strawberry/perl/lib/CORE/config.h:1561:32: warning: "/*" within comment
C:/strawberry/perl/lib/CORE/config.h:1577:25: warning: "/*" within comment
C:/strawberry/perl/lib/CORE/config.h:1589:29: warning: "/*" within comment
C:/strawberry/perl/lib/CORE/config.h:1602:29: warning: "/*" within comment
C:/strawberry/perl/lib/CORE/config.h:1615:29: warning: "/*" within comment
C:/strawberry/perl/lib/CORE/config.h:1622:27: warning: "/*" within comment
C:/strawberry/perl/lib/CORE/config.h:1634:34: warning: "/*" within comment
C:/strawberry/perl/lib/CORE/config.h:1647:34: warning: "/*" within comment
C:/strawberry/perl/lib/CORE/config.h:1660:31: warning: "/*" within comment
C:/strawberry/perl/lib/CORE/config.h:1681:29: warning: "/*" within comment
C:/strawberry/perl/lib/CORE/config.h:1705:27: warning: "/*" within comment
C:/strawberry/perl/lib/CORE/config.h:1743:35: warning: "/*" within comment
C:/strawberry/perl/lib/CORE/config.h:1756:30: warning: "/*" within comment
C:/strawberry/perl/lib/CORE/config.h:1781:26: warning: "/*" within comment
C:/strawberry/perl/lib/CORE/config.h:1805:24: warning: "/*" within comment
C:/strawberry/perl/lib/CORE/config.h:1816:21: warning: "/*" within comment
C:/strawberry/perl/lib/CORE/config.h:1823:20: warning: "/*" within comment
C:/strawberry/perl/lib/CORE/config.h:1833:40: warning: "/*" within comment
C:/strawberry/perl/lib/CORE/config.h:1839:31: warning: "/*" within comment
C:/strawberry/perl/lib/CORE/config.h:1856:29: warning: "/*" within comment
C:/strawberry/perl/lib/CORE/config.h:1858:27: warning: "/*" within comment
C:/strawberry/perl/lib/CORE/config.h:1870:27: warning: "/*" within comment
C:/strawberry/perl/lib/CORE/config.h:1883:30: warning: "/*" within comment
C:/strawberry/perl/lib/CORE/config.h:1896:28: warning: "/*" within comment
C:/strawberry/perl/lib/CORE/config.h:1903:20: warning: "/*" within comment
C:/strawberry/perl/lib/CORE/config.h:1909:25: warning: "/*" within comment
C:/strawberry/perl/lib/CORE/config.h:1921:29: warning: "/*" within comment
C:/strawberry/perl/lib/CORE/config.h:1928:27: warning: "/*" within comment
C:/strawberry/perl/lib/CORE/config.h:1940:31: warning: "/*" within comment
C:/strawberry/perl/lib/CORE/config.h:1953:30: warning: "/*" within comment
C:/strawberry/perl/lib/CORE/config.h:1960:26: warning: "/*" within comment
C:/strawberry/perl/lib/CORE/config.h:1972:30: warning: "/*" within comment
C:/strawberry/perl/lib/CORE/config.h:1979:28: warning: "/*" within comment
C:/strawberry/perl/lib/CORE/config.h:1990:24: warning: "/*" within comment
C:/strawberry/perl/lib/CORE/config.h:1991:27: warning: "/*" within comment
C:/strawberry/perl/lib/CORE/config.h:2003:32: warning: "/*" within comment
C:/strawberry/perl/lib/CORE/config.h:2010:25: warning: "/*" within comment
C:/strawberry/perl/lib/CORE/config.h:2022:29: warning: "/*" within comment
C:/strawberry/perl/lib/CORE/config.h:2029:27: warning: "/*" within comment
C:/strawberry/perl/lib/CORE/config.h:2041:31: warning: "/*" within comment
C:/strawberry/perl/lib/CORE/config.h:2055:20: warning: "/*" within comment
C:/strawberry/perl/lib/CORE/config.h:2069:31: warning: "/*" within comment
C:/strawberry/perl/lib/CORE/config.h:2110:26: warning: "/*" within comment
C:/strawberry/perl/lib/CORE/config.h:2111:26: warning: "/*" within comment
C:/strawberry/perl/lib/CORE/config.h:2112:29: warning: "/*" within comment
C:/strawberry/perl/lib/CORE/config.h:2113:23: warning: "/*" within comment
C:/strawberry/perl/lib/CORE/config.h:2114:24: warning: "/*" within comment
C:/strawberry/perl/lib/CORE/config.h:2115:25: warning: "/*" within comment
C:/strawberry/perl/lib/CORE/config.h:2116:26: warning: "/*" within comment
C:/strawberry/perl/lib/CORE/config.h:2128:28: warning: "/*" within comment
C:/strawberry/perl/lib/CORE/config.h:2141:28: warning: "/*" within comment
C:/strawberry/perl/lib/CORE/config.h:2149:28: warning: "/*" within comment
C:/strawberry/perl/lib/CORE/config.h:2188:29: warning: "/*" within comment
C:/strawberry/perl/lib/CORE/config.h:2225:27: warning: "/*" within comment
C:/strawberry/perl/lib/CORE/config.h:2238:28: warning: "/*" within comment
C:/strawberry/perl/lib/CORE/config.h:2260:28: warning: "/*" within comment
C:/strawberry/perl/lib/CORE/config.h:2261:31: warning: "/*" within comment
C:/strawberry/perl/lib/CORE/config.h:2266:21: warning: "/*" within comment
C:/strawberry/perl/lib/CORE/config.h:2351:18: warning: "/*" within comment
C:/strawberry/perl/lib/CORE/config.h:2352:20: warning: "/*" within comment
C:/strawberry/perl/lib/CORE/config.h:2358:29: warning: "/*" within comment
C:/strawberry/perl/lib/CORE/config.h:2392:18: warning: "/*" within comment
C:/strawberry/perl/lib/CORE/config.h:2393:22: warning: "/*" within comment
C:/strawberry/perl/lib/CORE/config.h:2394:23: warning: "/*" within comment
C:/strawberry/perl/lib/CORE/config.h:2395:34: warning: "/*" within comment
C:/strawberry/perl/lib/CORE/config.h:2396:38: warning: "/*" within comment
C:/strawberry/perl/lib/CORE/config.h:2397:39: warning: "/*" within comment
C:/strawberry/perl/lib/CORE/config.h:2403:20: warning: "/*" within comment
C:/strawberry/perl/lib/CORE/config.h:2409:24: warning: "/*" within comment
C:/strawberry/perl/lib/CORE/config.h:2415:23: warning: "/*" within comment
C:/strawberry/perl/lib/CORE/config.h:2453:18: warning: "/*" within comment
C:/strawberry/perl/lib/CORE/config.h:2454:19: warning: "/*" within comment
C:/strawberry/perl/lib/CORE/config.h:2455:17: warning: "/*" within comment
C:/strawberry/perl/lib/CORE/config.h:2456:20: warning: "/*" within comment
C:/strawberry/perl/lib/CORE/config.h:2457:19: warning: "/*" within comment
C:/strawberry/perl/lib/CORE/config.h:2458:20: warning: "/*" within comment
C:/strawberry/perl/lib/CORE/config.h:2459:21: warning: "/*" within comment
C:/strawberry/perl/lib/CORE/config.h:2460:19: warning: "/*" within comment
C:/strawberry/perl/lib/CORE/config.h:2461:20: warning: "/*" within comment
C:/strawberry/perl/lib/CORE/config.h:2467:41: warning: "/*" within comment
C:/strawberry/perl/lib/CORE/config.h:2473:28: warning: "/*" within comment
C:/strawberry/perl/lib/CORE/config.h:2479:21: warning: "/*" within comment
C:/strawberry/perl/lib/CORE/config.h:2490:21: warning: "/*" within comment
C:/strawberry/perl/lib/CORE/config.h:2499:36: warning: "/*" within comment
C:/strawberry/perl/lib/CORE/config.h:2505:32: warning: "/*" within comment
C:/strawberry/perl/lib/CORE/config.h:2540:22: warning: "/*" within comment
C:/strawberry/perl/lib/CORE/config.h:2579:33: warning: "/*" within comment
C:/strawberry/perl/lib/CORE/config.h:2692:27: warning: "/*" within comment
C:/strawberry/perl/lib/CORE/config.h:2784:28: warning: "/*" within comment
C:/strawberry/perl/lib/CORE/config.h:2789:29: warning: "/*" within comment
C:/strawberry/perl/lib/CORE/config.h:2790:29: warning: "/*" within comment
C:/strawberry/perl/lib/CORE/config.h:2855:29: warning: "/*" within comment
C:/strawberry/perl/lib/CORE/config.h:2938:26: warning: "/*" within comment
C:/strawberry/perl/lib/CORE/config.h:2968:28: warning: "/*" within comment
C:/strawberry/perl/lib/CORE/config.h:2975:25: warning: "/*" within comment
C:/strawberry/perl/lib/CORE/config.h:2991:23: warning: "/*" within comment
C:/strawberry/perl/lib/CORE/config.h:2997:22: warning: "/*" within comment
C:/strawberry/perl/lib/CORE/config.h:3005:26: warning: "/*" within comment
C:/strawberry/perl/lib/CORE/config.h:3013:27: warning: "/*" within comment
C:/strawberry/perl/lib/CORE/config.h:3026:25: warning: "/*" within comment
C:/strawberry/perl/lib/CORE/config.h:3048:25: warning: "/*" within comment
C:/strawberry/perl/lib/CORE/config.h:3099:35: warning: "/*" within comment
C:/strawberry/perl/lib/CORE/config.h:3141:30: warning: "/*" within comment
C:/strawberry/perl/lib/CORE/config.h:3170:23: warning: "/*" within comment
C:/strawberry/perl/lib/CORE/config.h:3171:30: warning: "/*" within comment
C:/strawberry/perl/lib/CORE/config.h:3172:27: warning: "/*" within comment
C:/strawberry/perl/lib/CORE/config.h:3173:29: warning: "/*" within comment
C:/strawberry/perl/lib/CORE/config.h:3249:20: warning: "/*" within comment
C:/strawberry/perl/lib/CORE/config.h:3268:41: warning: "/*" within comment
C:/strawberry/perl/lib/CORE/config.h:3269:19: warning: "/*" within comment
C:/strawberry/perl/lib/CORE/config.h:3276:27: warning: "/*" within comment
C:/strawberry/perl/lib/CORE/config.h:3282:22: warning: "/*" within comment
C:/strawberry/perl/lib/CORE/config.h:3288:22: warning: "/*" within comment
C:/strawberry/perl/lib/CORE/config.h:3294:23: warning: "/*" within comment
C:/strawberry/perl/lib/CORE/config.h:3300:22: warning: "/*" within comment
C:/strawberry/perl/lib/CORE/config.h:3309:30: warning: "/*" within comment
C:/strawberry/perl/lib/CORE/config.h:3310:35: warning: "/*" within comment
C:/strawberry/perl/lib/CORE/config.h:3315:35: warning: "/*" within comment
C:/strawberry/perl/lib/CORE/config.h:3333:22: warning: "/*" within comment
C:/strawberry/perl/lib/CORE/config.h:3339:25: warning: "/*" within comment
C:/strawberry/perl/lib/CORE/config.h:3345:30: warning: "/*" within comment
C:/strawberry/perl/lib/CORE/config.h:3351:26: warning: "/*" within comment
C:/strawberry/perl/lib/CORE/config.h:3357:26: warning: "/*" within comment
C:/strawberry/perl/lib/CORE/config.h:3365:29: warning: "/*" within comment
C:/strawberry/perl/lib/CORE/config.h:3371:26: warning: "/*" within comment
C:/strawberry/perl/lib/CORE/config.h:3377:22: warning: "/*" within comment
C:/strawberry/perl/lib/CORE/config.h:3385:36: warning: "/*" within comment
C:/strawberry/perl/lib/CORE/config.h:3397:23: warning: "/*" within comment
C:/strawberry/perl/lib/CORE/config.h:3404:27: warning: "/*" within comment
C:/strawberry/perl/lib/CORE/config.h:3410:23: warning: "/*" within comment
C:/strawberry/perl/lib/CORE/config.h:3417:24: warning: "/*" within comment
C:/strawberry/perl/lib/CORE/config.h:3443:25: warning: "/*" within comment
C:/strawberry/perl/lib/CORE/config.h:3461:24: warning: "/*" within comment
C:/strawberry/perl/lib/CORE/config.h:3475:27: warning: "/*" within comment
C:/strawberry/perl/lib/CORE/config.h:3493:25: warning: "/*" within comment
C:/strawberry/perl/lib/CORE/config.h:3498:28: warning: "/*" within comment
C:/strawberry/perl/lib/CORE/config.h:3505:23: warning: "/*" within comment
C:/strawberry/perl/lib/CORE/config.h:3511:30: warning: "/*" within comment
C:/strawberry/perl/lib/CORE/config.h:3517:23: warning: "/*" within comment
C:/strawberry/perl/lib/CORE/config.h:3523:24: warning: "/*" within comment
C:/strawberry/perl/lib/CORE/config.h:3530:22: warning: "/*" within comment
C:/strawberry/perl/lib/CORE/config.h:3536:23: warning: "/*" within comment
C:/strawberry/perl/lib/CORE/config.h:3542:24: warning: "/*" within comment
C:/strawberry/perl/lib/CORE/config.h:3548:28: warning: "/*" within comment
C:/strawberry/perl/lib/CORE/config.h:3560:27: warning: "/*" within comment
C:/strawberry/perl/lib/CORE/config.h:3566:26: warning: "/*" within comment
C:/strawberry/perl/lib/CORE/config.h:3572:26: warning: "/*" within comment
C:/strawberry/perl/lib/CORE/config.h:3578:23: warning: "/*" within comment
C:/strawberry/perl/lib/CORE/config.h:3584:26: warning: "/*" within comment
C:/strawberry/perl/lib/CORE/config.h:3590:28: warning: "/*" within comment
C:/strawberry/perl/lib/CORE/config.h:3596:27: warning: "/*" within comment
C:/strawberry/perl/lib/CORE/config.h:3602:25: warning: "/*" within comment
C:/strawberry/perl/lib/CORE/config.h:3608:26: warning: "/*" within comment
C:/strawberry/perl/lib/CORE/config.h:3614:23: warning: "/*" within comment
C:/strawberry/perl/lib/CORE/config.h:3620:25: warning: "/*" within comment
C:/strawberry/perl/lib/CORE/config.h:3626:25: warning: "/*" within comment
C:/strawberry/perl/lib/CORE/config.h:3633:41: warning: "/*" within comment
C:/strawberry/perl/lib/CORE/config.h:3639:25: warning: "/*" within comment
C:/strawberry/perl/lib/CORE/config.h:3645:22: warning: "/*" within comment
C:/strawberry/perl/lib/CORE/config.h:3657:23: warning: "/*" within comment
C:/strawberry/perl/lib/CORE/config.h:3671:29: warning: "/*" within comment
C:/strawberry/perl/lib/CORE/config.h:3677:24: warning: "/*" within comment
C:/strawberry/perl/lib/CORE/config.h:3683:28: warning: "/*" within comment
C:/strawberry/perl/lib/CORE/config.h:3689:32: warning: "/*" within comment
C:/strawberry/perl/lib/CORE/config.h:3695:24: warning: "/*" within comment
C:/strawberry/perl/lib/CORE/config.h:3702:25: warning: "/*" within comment
C:/strawberry/perl/lib/CORE/config.h:3721:22: warning: "/*" within comment
C:/strawberry/perl/lib/CORE/config.h:3722:28: warning: "/*" within comment
C:/strawberry/perl/lib/CORE/config.h:3723:32: warning: "/*" within comment
C:/strawberry/perl/lib/CORE/config.h:3729:25: warning: "/*" within comment
C:/strawberry/perl/lib/CORE/config.h:3735:29: warning: "/*" within comment
C:/strawberry/perl/lib/CORE/config.h:3742:28: warning: "/*" within comment
C:/strawberry/perl/lib/CORE/config.h:3747:28: warning: "/*" within comment
C:/strawberry/perl/lib/CORE/config.h:3758:27: warning: "/*" within comment
C:/strawberry/perl/lib/CORE/config.h:3768:38: warning: "/*" within comment
C:/strawberry/perl/lib/CORE/config.h:3775:22: warning: "/*" within comment
C:/strawberry/perl/lib/CORE/config.h:3781:24: warning: "/*" within comment
C:/strawberry/perl/lib/CORE/config.h:3790:26: warning: "/*" within comment
C:/strawberry/perl/lib/CORE/config.h:3796:24: warning: "/*" within comment
C:/strawberry/perl/lib/CORE/config.h:3802:24: warning: "/*" within comment
C:/strawberry/perl/lib/CORE/config.h:3808:26: warning: "/*" within comment
C:/strawberry/perl/lib/CORE/config.h:3814:29: warning: "/*" within comment
C:/strawberry/perl/lib/CORE/config.h:3820:21: warning: "/*" within comment
C:/strawberry/perl/lib/CORE/config.h:3830:24: warning: "/*" within comment
C:/strawberry/perl/lib/CORE/config.h:3837:28: warning: "/*" within comment
C:/strawberry/perl/lib/CORE/config.h:3862:27: warning: "/*" within comment
C:/strawberry/perl/lib/CORE/config.h:3870:32: warning: "/*" within comment
C:/strawberry/perl/lib/CORE/config.h:3876:28: warning: "/*" within comment
C:/strawberry/perl/lib/CORE/config.h:3890:22: warning: "/*" within comment
C:/strawberry/perl/lib/CORE/config.h:3898:31: warning: "/*" within comment
C:/strawberry/perl/lib/CORE/config.h:3906:31: warning: "/*" within comment
C:/strawberry/perl/lib/CORE/config.h:3917:38: warning: "/*" within comment
C:/strawberry/perl/lib/CORE/config.h:3923:29: warning: "/*" within comment
C:/strawberry/perl/lib/CORE/config.h:3929:25: warning: "/*" within comment
C:/strawberry/perl/lib/CORE/config.h:3941:24: warning: "/*" within comment
C:/strawberry/perl/lib/CORE/config.h:3947:24: warning: "/*" within comment
C:/strawberry/perl/lib/CORE/config.h:3953:24: warning: "/*" within comment
C:/strawberry/perl/lib/CORE/config.h:3959:24: warning: "/*" within comment
C:/strawberry/perl/lib/CORE/config.h:3965:23: warning: "/*" within comment
C:/strawberry/perl/lib/CORE/config.h:3971:25: warning: "/*" within comment
C:/strawberry/perl/lib/CORE/config.h:3977:24: warning: "/*" within comment
C:/strawberry/perl/lib/CORE/config.h:3986:29: warning: "/*" within comment
C:/strawberry/perl/lib/CORE/config.h:4020:24: warning: "/*" within comment
C:/strawberry/perl/lib/CORE/config.h:4021:28: warning: "/*" within comment
C:/strawberry/perl/lib/CORE/config.h:4022:25: warning: "/*" within comment
C:/strawberry/perl/lib/CORE/config.h:4023:25: warning: "/*" within comment
C:/strawberry/perl/lib/CORE/config.h:4024:27: warning: "/*" within comment
C:/strawberry/perl/lib/CORE/config.h:4025:26: warning: "/*" within comment
C:/strawberry/perl/lib/CORE/config.h:4031:23: warning: "/*" within comment
C:/strawberry/perl/lib/CORE/config.h:4045:23: warning: "/*" within comment
C:/strawberry/perl/lib/CORE/config.h:4052:26: warning: "/*" within comment
C:/strawberry/perl/lib/CORE/config.h:4058:25: warning: "/*" within comment
C:/strawberry/perl/lib/CORE/config.h:4066:28: warning: "/*" within comment
C:/strawberry/perl/lib/CORE/config.h:4072:22: warning: "/*" within comment
C:/strawberry/perl/lib/CORE/config.h:4078:23: warning: "/*" within comment
C:/strawberry/perl/lib/CORE/config.h:4098:24: warning: "/*" within comment
C:/strawberry/perl/lib/CORE/config.h:4110:20: warning: "/*" within comment
C:/strawberry/perl/lib/CORE/config.h:4146:17: warning: "/*" within comment
C:/strawberry/perl/lib/CORE/config.h:4152:23: warning: "/*" within comment
C:/strawberry/perl/lib/CORE/config.h:4158:21: warning: "/*" within comment
C:/strawberry/perl/lib/CORE/config.h:4164:39: warning: "/*" within comment
C:/strawberry/perl/lib/CORE/config.h:4170:23: warning: "/*" within comment
C:/strawberry/perl/lib/CORE/config.h:4176:22: warning: "/*" within comment
C:/strawberry/perl/lib/CORE/config.h:4182:27: warning: "/*" within comment
C:/strawberry/perl/lib/CORE/config.h:4188:21: warning: "/*" within comment
C:/strawberry/perl/lib/CORE/config.h:4194:42: warning: "/*" within comment
C:/strawberry/perl/lib/CORE/config.h:4200:19: warning: "/*" within comment
C:/strawberry/perl/lib/CORE/config.h:4206:19: warning: "/*" within comment
C:/strawberry/perl/lib/CORE/config.h:4212:21: warning: "/*" within comment
C:/strawberry/perl/lib/CORE/config.h:4218:20: warning: "/*" within comment
C:/strawberry/perl/lib/CORE/config.h:4224:22: warning: "/*" within comment
C:/strawberry/perl/lib/CORE/config.h:4230:21: warning: "/*" within comment
C:/strawberry/perl/lib/CORE/config.h:4236:22: warning: "/*" within comment
C:/strawberry/perl/lib/CORE/config.h:4242:24: warning: "/*" within comment
C:/strawberry/perl/lib/CORE/config.h:4247:25: warning: "/*" within comment
C:/strawberry/perl/lib/CORE/config.h:4253:26: warning: "/*" within comment
C:/strawberry/perl/lib/CORE/config.h:4259:25: warning: "/*" within comment
C:/strawberry/perl/lib/CORE/config.h:4265:22: warning: "/*" within comment
C:/strawberry/perl/lib/CORE/config.h:4271:20: warning: "/*" within comment
C:/strawberry/perl/lib/CORE/config.h:4289:29: warning: "/*" within comment
C:/strawberry/perl/lib/CORE/config.h:4290:29: warning: "/*" within comment
C:/strawberry/perl/lib/CORE/config.h:4291:29: warning: "/*" within comment
C:/strawberry/perl/lib/CORE/config.h:4292:29: warning: "/*" within comment
C:/strawberry/perl/lib/CORE/config.h:4298:21: warning: "/*" within comment
C:/strawberry/perl/lib/CORE/config.h:4309:25: warning: "/*" within comment
C:/strawberry/perl/lib/CORE/config.h:4504:34: warning: "/*" within comment
C:/strawberry/perl/lib/CORE/config.h:4549:27: warning: "/*" within comment
C:/strawberry/perl/lib/CORE/config.h:4552:27: warning: "/*" within comment
C:/strawberry/perl/lib/CORE/config.h:4559:23: warning: "/*" within comment
C:/strawberry/perl/lib/CORE/config.h:4567:27: warning: "/*" within comment
C:/strawberry/perl/lib/CORE/config.h:4583:28: warning: "/*" within comment
C:/strawberry/perl/lib/CORE/config.h:4591:26: warning: "/*" within comment
C:/strawberry/perl/lib/CORE/config.h:4616:22: warning: "/*" within comment
In file included from C:/strawberry/perl/lib/CORE/sys/socket.h:30,
                 from C:/strawberry/perl/lib/CORE/perl.h:1223,
                 from XS.xs:3:
C:/strawberry/perl/lib/CORE/win32.h:339: error: syntax error before "Stat_t"
In file included from C:/strawberry/perl/lib/CORE/sys/socket.h:30,
                 from C:/strawberry/perl/lib/CORE/perl.h:1223,
                 from XS.xs:3:
C:/strawberry/perl/lib/CORE/win32.h:364:26: warning: "/*" within comment
C:/strawberry/perl/lib/CORE/win32.h:365:33: warning: "/*" within comment
In file included from C:/strawberry/perl/lib/CORE/sys/socket.h:30,
                 from C:/strawberry/perl/lib/CORE/perl.h:1223,
                 from XS.xs:3:
C:/strawberry/perl/lib/CORE/win32.h:445: warning: type defaults to `int' in declaration of `PerlInterpreter'
C:/strawberry/perl/lib/CORE/win32.h:445: error: syntax error before '*' token
In file included from C:/strawberry/perl/lib/CORE/win32.h:551,
                 from C:/strawberry/perl/lib/CORE/sys/socket.h:30,
                 from C:/strawberry/perl/lib/CORE/perl.h:1223,
                 from XS.xs:3:
C:/strawberry/perl/lib/CORE/perlio.h:117: warning: type defaults to `int' in declaration of `PerlInterpreter'
C:/strawberry/perl/lib/CORE/perlio.h:117: error: syntax error before '*' token
C:/strawberry/perl/lib/CORE/perlio.h:118: warning: type defaults to `int' in declaration of `PerlInterpreter'
C:/strawberry/perl/lib/CORE/perlio.h:118: error: syntax error before '*' token
C:/strawberry/perl/lib/CORE/perlio.h:121: warning: type defaults to `int' in declaration of `PerlInterpreter'
C:/strawberry/perl/lib/CORE/perlio.h:121: error: syntax error before '*' token
C:/strawberry/perl/lib/CORE/perlio.h:123: warning: type defaults to `int' in declaration of `PerlInterpreter'
C:/strawberry/perl/lib/CORE/perlio.h:123: error: syntax error before '*' token
C:/strawberry/perl/lib/CORE/perlio.h:124: error: syntax error before '*' token
C:/strawberry/perl/lib/CORE/perlio.h:124: warning: type defaults to `int' in declaration of `PerlInterpreter'
C:/strawberry/perl/lib/CORE/perlio.h:124: error: syntax error before '*' token
C:/strawberry/perl/lib/CORE/perlio.h:124: warning: type defaults to `int' in declaration of `PerlIO_get_layers'
C:/strawberry/perl/lib/CORE/perlio.h:124: warning: data definition has no type or storage class
C:/strawberry/perl/lib/CORE/perlio.h:125: warning: type defaults to `int' in declaration of `PerlInterpreter'
C:/strawberry/perl/lib/CORE/perlio.h:125: error: syntax error before '*' token
C:/strawberry/perl/lib/CORE/perlio.h:218: warning: type defaults to `int' in declaration of `PerlInterpreter'
C:/strawberry/perl/lib/CORE/perlio.h:218: error: syntax error before '*' token
C:/strawberry/perl/lib/CORE/perlio.h:231: warning: type defaults to `int' in declaration of `PerlInterpreter'
C:/strawberry/perl/lib/CORE/perlio.h:231: error: syntax error before '*' token
C:/strawberry/perl/lib/CORE/perlio.h:343: error: syntax error before "SV"
C:/strawberry/perl/lib/CORE/perlio.h:346: error: syntax error before "SV"
C:/strawberry/perl/lib/CORE/perlio.h:349: warning: type defaults to `int' in declaration of `PerlInterpreter'
C:/strawberry/perl/lib/CORE/perlio.h:349: error: syntax error before '*' token
C:/strawberry/perl/lib/CORE/perlio.h:358: warning: type defaults to `int' in declaration of `PerlInterpreter'
C:/strawberry/perl/lib/CORE/perlio.h:358: error: syntax error before '*' token
C:/strawberry/perl/lib/CORE/perlio.h:362: warning: type defaults to `int' in declaration of `PerlInterpreter'
C:/strawberry/perl/lib/CORE/perlio.h:362: error: syntax error before '*' token
C:/strawberry/perl/lib/CORE/perlio.h:369: warning: type defaults to `int' in declaration of `PerlInterpreter'
C:/strawberry/perl/lib/CORE/perlio.h:369: error: syntax error before '*' token
C:/strawberry/perl/lib/CORE/perlio.h:374: warning: type defaults to `int' in declaration of `PerlInterpreter'
C:/strawberry/perl/lib/CORE/perlio.h:374: error: syntax error before '*' token
In file included from C:/strawberry/perl/lib/CORE/win32.h:557,
                 from C:/strawberry/perl/lib/CORE/sys/socket.h:30,
                 from C:/strawberry/perl/lib/CORE/perl.h:1223,
                 from XS.xs:3:
C:/strawberry/perl/lib/CORE/win32iop.h:73: error: syntax error before "Stat_t"
C:/strawberry/perl/lib/CORE/win32iop.h:74: error: syntax error before "Stat_t"
C:/strawberry/perl/lib/CORE/win32iop.h:77: error: syntax error before "IV"
C:/strawberry/perl/lib/CORE/win32iop.h:133: error: syntax error before "Stat_t"
In file included from C:/strawberry/perl/lib/CORE/win32thread.h:4,
                 from C:/strawberry/perl/lib/CORE/perl.h:2819,
                 from XS.xs:3:
C:/strawberry/perl/lib/CORE/win32.h:364:26: warning: "/*" within comment
C:/strawberry/perl/lib/CORE/win32.h:365:33: warning: "/*" within comment
In file included from XS.xs:3:
C:/strawberry/perl/lib/CORE/perl.h:3206:1: warning: "__attribute__format__" redefined
In file included from C:/strawberry/perl/lib/CORE/win32.h:551,
                 from C:/strawberry/perl/lib/CORE/sys/socket.h:30,
                 from C:/strawberry/perl/lib/CORE/perl.h:1223,
                 from XS.xs:3:
C:/strawberry/perl/lib/CORE/perlio.h:214:1: warning: this is the location of the previous definition
In file included from XS.xs:5:
ppport.h:6145:1: warning: "MUTABLE_PTR" redefined
In file included from C:/strawberry/perl/lib/CORE/perl.h:2424,
                 from XS.xs:3:
C:/strawberry/perl/lib/CORE/handy.h:63:1: warning: this is the location of the previous definition
XS.xs: In function `pathsplit':
XS.xs:62: warning: implicit declaration of function `strsep'
XS.xs:62: warning: assignment makes pointer from integer without a cast
XS.c: In function `XS_Router__XS_add_route':
XS.c:339: warning: unused variable `Perl___notused'
XS.c: In function `XS_Router__XS_check_route':
XS.c:387: warning: unused variable `Perl___notused'
XS.c: In function `boot_Router__XS':
XS.c:443: warning: unused variable `Perl___notused'
dmake.exe:  Error code 129, while making 'XS.o'
-> FAIL Installing DFARRELL/Router-XS-0.02.tar.gz failed. See C:\home\tennis\.cpanm\work\1496237741.3464\build.log for details. Retry with --force to force install it.
