
BDCgraph::copy(): Copying via clone()
one:60: clone = 0x11396ae8(2)
sv_clone:300: clone = 0x11396ae8(2)
sv_clone:300: clone = 0x113969c8(2)
XS_Clone_clone:319: ref = 0x1139b3c0
sv_clone:137: ref = 0x1139b3c0(1)
sv_clone:148: switch: (0x1139b3c0)
sv_clone:163: ref scalar
sv_clone:210: storing ref = 0x1139b3c0 clone = 0x1138ee60
sv_clone:210: clone = 0x1138ee60(2)
sv_clone:210: ref = 0x1139b3c0(1)
sv_clone:288: clone = 0x1138ee60(2)
sv_clone:137: ref = 0x113000d0(1)
sv_clone:148: switch: (0x113000d0)
sv_clone:210: storing ref = 0x113000d0 clone = 0x11382a68
sv_clone:210: clone = 0x11382a68(2)
sv_clone:210: ref = 0x113000d0(1)
hv_clone:49: ref = 0x113000d0(1)
hv_clone:55: clone item v5
sv_clone:137: ref = 0x113a56c0(1)
sv_clone:148: switch: (0x113a56c0)
sv_clone:156: int scalar
sv_clone:158: double scalar
sv_clone:210: storing ref = 0x113a56c0 clone = 0x113a1270
sv_clone:210: clone = 0x113a1270(2)
sv_clone:210: ref = 0x113a56c0(1)
sv_clone:300: clone = 0x113a1270(2)
hv_clone:55: clone item v4
sv_clone:137: ref = 0x113a69b0(1)
sv_clone:148: switch: (0x113a69b0)
sv_clone:156: int scalar
sv_clone:158: double scalar
sv_clone:210: storing ref = 0x113a69b0 clone = 0x11300190
sv_clone:210: clone = 0x11300190(2)
sv_clone:210: ref = 0x113a69b0(1)
sv_clone:300: clone = 0x11300190(2)
hv_clone:55: clone item v1
sv_clone:137: ref = 0x113a5ea0(1)
sv_clone:148: switch: (0x113a5ea0)
sv_clone:156: int scalar
sv_clone:158: double scalar
sv_clone:210: storing ref = 0x113a5ea0 clone = 0x113a6038
sv_clone:210: clone = 0x113a6038(2)
sv_clone:210: ref = 0x113a5ea0(1)
sv_clone:300: clone = 0x113a6038(2)
hv_clone:55: clone item v7
sv_clone:137: ref = 0x113a0cd0(1)
sv_clone:148: switch: (0x113a0cd0)
sv_clone:156: int scalar
sv_clone:158: double scalar
sv_clone:210: storing ref = 0x113a0cd0 clone = 0x1139b2a0
sv_clone:210: clone = 0x1139b2a0(2)
sv_clone:210: ref = 0x113a0cd0(1)
sv_clone:300: clone = 0x1139b2a0(2)
hv_clone:55: clone item v2
sv_clone:137: ref = 0x1139b468(1)
sv_clone:148: switch: (0x1139b468)
sv_clone:156: int scalar
sv_clone:158: double scalar
sv_clone:210: storing ref = 0x1139b468 clone = 0x1139bcc0
sv_clone:210: clone = 0x1139bcc0(2)
sv_clone:210: ref = 0x1139b468(1)
sv_clone:300: clone = 0x1139bcc0(2)
hv_clone:55: clone item v6
sv_clone:137: ref = 0x113a0c58(1)
sv_clone:148: switch: (0x113a0c58)
sv_clone:156: int scalar
sv_clone:158: double scalar
sv_clone:210: storing ref = 0x113a0c58 clone = 0x1138d200
sv_clone:210: clone = 0x1138d200(2)
sv_clone:210: ref = 0x113a0c58(1)
sv_clone:300: clone = 0x1138d200(2)
hv_clone:55: clone item v3
sv_clone:137: ref = 0x113a65d8(1)
sv_clone:148: switch: (0x113a65d8)
sv_clone:156: int scalar
sv_clone:158: double scalar
sv_clone:210: storing ref = 0x113a65d8 clone = 0x113ab340
sv_clone:210: clone = 0x113ab340(2)
sv_clone:210: ref = 0x113a65d8(1)
sv_clone:300: clone = 0x113ab340(2)
hv_clone:60: clone = 0x11382a68(2)
sv_clone:300: clone = 0x11382a68(2)
sv_clone:300: clone = 0x1138ee60(2)
XS_Clone_clone:319: ref = 0x113abad8
sv_clone:137: ref = 0x113abad8(1)
sv_clone:148: switch: (0x113abad8)
sv_clone:163: ref scalar
sv_clone:210: storing ref = 0x113abad8 clone = 0x11395ef0
sv_clone:210: clone = 0x11395ef0(2)
sv_clone:210: ref = 0x113abad8(1)
sv_clone:288: clone = 0x11395ef0(2)
sv_clone:137: ref = 0x11396178(1)
sv_clone:148: switch: (0x11396178)
sv_clone:210: storing ref = 0x11396178 clone = 0x113a3a18
sv_clone:210: clone = 0x113a3a18(2)
sv_clone:210: ref = 0x11396178(1)
hv_clone:49: ref = 0x11396178(1)
hv_clone:55: clone item adjacency
sv_clone:137: ref = 0x113a0e98(1)
sv_clone:148: switch: (0x113a0e98)
sv_clone:163: ref scalar
sv_clone:210: storing ref = 0x113a0e98 clone = 0x11383578
sv_clone:210: clone = 0x11383578(2)
sv_clone:210: ref = 0x113a0e98(1)
sv_clone:288: clone = 0x11383578(2)
sv_clone:137: ref = 0x113a6998(1)
sv_clone:148: switch: (0x113a6998)
sv_clone:210: storing ref = 0x113a6998 clone = 0x113ab460
sv_clone:210: clone = 0x113ab460(2)
sv_clone:210: ref = 0x113a6998(1)
av_clone:77: ref = 0x113a6998(1)
sv_clone:137: ref = 0x1139ca30(1)
sv_clone:148: switch: (0x1139ca30)
sv_clone:163: ref scalar
sv_clone:210: storing ref = 0x1139ca30 clone = 0x113a6590
sv_clone:210: clone = 0x113a6590(2)
sv_clone:210: ref = 0x1139ca30(1)
sv_clone:288: clone = 0x113a6590(2)
sv_clone:137: ref = 0x11388458(1)
sv_clone:148: switch: (0x11388458)
sv_clone:210: storing ref = 0x11388458 clone = 0x1138ee60
sv_clone:210: clone = 0x1138ee60(2)
sv_clone:210: ref = 0x11388458(1)
av_clone:77: ref = 0x11388458(1)
sv_clone:137: ref = 0x1138ac48(1)
sv_clone:148: switch: (0x1138ac48)
sv_clone:156: int scalar
sv_clone:158: double scalar
sv_clone:210: storing ref = 0x1138ac48 clone = 0x1139b3d8
sv_clone:210: clone = 0x1139b3d8(2)
sv_clone:210: ref = 0x1138ac48(1)
sv_clone:300: clone = 0x1139b3d8(2)
sv_clone:137: ref = 0x11383818(1)
sv_clone:148: switch: (0x11383818)
sv_clone:156: int scalar
sv_clone:158: double scalar
sv_clone:210: storing ref = 0x11383818 clone = 0x113ab5b0
sv_clone:210: clone = 0x113ab5b0(2)
sv_clone:210: ref = 0x11383818(1)
sv_clone:300: clone = 0x113ab5b0(2)
sv_clone:137: ref = 0x11393960(1)
sv_clone:148: switch: (0x11393960)
sv_clone:156: int scalar
sv_clone:158: double scalar
sv_clone:210: storing ref = 0x11393960 clone = 0x113ab430
sv_clone:210: clone = 0x113ab430(2)
sv_clone:210: ref = 0x11393960(1)
sv_clone:300: clone = 0x113ab430(2)
sv_clone:137: ref = 0x1138a768(1)
sv_clone:148: switch: (0x1138a768)
sv_clone:156: int scalar
sv_clone:158: double scalar
sv_clone:210: storing ref = 0x1138a768 clone = 0x11393b28
sv_clone:210: clone = 0x11393b28(2)
sv_clone:210: ref = 0x1138a768(1)
sv_clone:300: clone = 0x11393b28(2)
sv_clone:137: ref = 0x113ab1a8(1)
sv_clone:148: switch: (0x113ab1a8)
sv_clone:156: int scalar
sv_clone:158: double scalar
sv_clone:210: storing ref = 0x113ab1a8 clone = 0x113a3ec8
sv_clone:210: clone = 0x113a3ec8(2)
sv_clone:210: ref = 0x113ab1a8(1)
sv_clone:300: clone = 0x113a3ec8(2)
sv_clone:137: ref = 0x113a6218(1)
sv_clone:148: switch: (0x113a6218)
sv_clone:156: int scalar
sv_clone:158: double scalar
sv_clone:210: storing ref = 0x113a6218 clone = 0x113a1240
sv_clone:210: clone = 0x113a1240(2)
sv_clone:210: ref = 0x113a6218(1)
sv_clone:300: clone = 0x113a1240(2)
sv_clone:137: ref = 0x1138ade0(1)
sv_clone:148: switch: (0x1138ade0)
sv_clone:156: int scalar
sv_clone:158: double scalar
sv_clone:210: storing ref = 0x1138ade0 clone = 0x113ab448
sv_clone:210: clone = 0x113ab448(2)
sv_clone:210: ref = 0x1138ade0(1)
sv_clone:300: clone = 0x113ab448(2)
av_clone:94: clone = 0x1138ee60(2)
sv_clone:300: clone = 0x1138ee60(2)
sv_clone:300: clone = 0x113a6590(2)
sv_clone:137: ref = 0x113ab148(1)
sv_clone:148: switch: (0x113ab148)
sv_clone:163: ref scalar
sv_clone:210: storing ref = 0x113ab148 clone = 0x113a5558
sv_clone:210: clone = 0x113a5558(2)
sv_clone:210: ref = 0x113ab148(1)
sv_clone:288: clone = 0x113a5558(2)
sv_clone:137: ref = 0x11393bd0(1)
sv_clone:148: switch: (0x11393bd0)
sv_clone:210: storing ref = 0x11393bd0 clone = 0x1138d170
sv_clone:210: clone = 0x1138d170(2)
sv_clone:210: ref = 0x11393bd0(1)
av_clone:77: ref = 0x11393bd0(1)
sv_clone:137: ref = 0x113ab490(1)
sv_clone:148: switch: (0x113ab490)
sv_clone:156: int scalar
sv_clone:158: double scalar
sv_clone:210: storing ref = 0x113ab490 clone = 0x113a5e40
sv_clone:210: clone = 0x113a5e40(2)
sv_clone:210: ref = 0x113ab490(1)
sv_clone:300: clone = 0x113a5e40(2)
sv_clone:137: ref = 0x113a4120(1)
sv_clone:148: switch: (0x113a4120)
sv_clone:156: int scalar
sv_clone:158: double scalar
sv_clone:210: storing ref = 0x113a4120 clone = 0x113940f8
sv_clone:210: clone = 0x113940f8(2)
sv_clone:210: ref = 0x113a4120(1)
sv_clone:300: clone = 0x113940f8(2)
sv_clone:137: ref = 0x113a66f8(1)
sv_clone:148: switch: (0x113a66f8)
sv_clone:156: int scalar
sv_clone:158: double scalar
sv_clone:210: storing ref = 0x113a66f8 clone = 0x11387cf0
sv_clone:210: clone = 0x11387cf0(2)
sv_clone:210: ref = 0x113a66f8(1)
sv_clone:300: clone = 0x11387cf0(2)
sv_clone:137: ref = 0x113a54b0(1)
sv_clone:148: switch: (0x113a54b0)
sv_clone:156: int scalar
sv_clone:158: double scalar
sv_clone:210: storing ref = 0x113a54b0 clone = 0x1139b648
sv_clone:210: clone = 0x1139b648(2)
sv_clone:210: ref = 0x113a54b0(1)
sv_clone:300: clone = 0x1139b648(2)
sv_clone:137: ref = 0x113abb98(1)
sv_clone:148: switch: (0x113abb98)
sv_clone:156: int scalar
sv_clone:158: double scalar
sv_clone:210: storing ref = 0x113abb98 clone = 0x113a68a8
sv_clone:210: clone = 0x113a68a8(2)
sv_clone:210: ref = 0x113abb98(1)
sv_clone:300: clone = 0x113a68a8(2)
sv_clone:137: ref = 0x113a0bb0(1)
sv_clone:148: switch: (0x113a0bb0)
sv_clone:156: int scalar
sv_clone:158: double scalar
sv_clone:210: storing ref = 0x113a0bb0 clone = 0x1139c880
sv_clone:210: clone = 0x1139c880(2)
sv_clone:210: ref = 0x113a0bb0(1)
sv_clone:300: clone = 0x1139c880(2)
sv_clone:137: ref = 0x1138eea8(1)
sv_clone:148: switch: (0x1138eea8)
sv_clone:156: int scalar
sv_clone:158: double scalar
sv_clone:210: storing ref = 0x1138eea8 clone = 0x1138ef38
sv_clone:210: clone = 0x1138ef38(2)
sv_clone:210: ref = 0x1138eea8(1)
sv_clone:300: clone = 0x1138ef38(2)
av_clone:94: clone = 0x1138d170(2)
sv_clone:300: clone = 0x1138d170(2)
sv_clone:300: clone = 0x113a5558(2)
sv_clone:137: ref = 0x11387d80(1)
sv_clone:148: switch: (0x11387d80)
sv_clone:163: ref scalar
sv_clone:210: storing ref = 0x11387d80 clone = 0x1139bdb0
sv_clone:210: clone = 0x1139bdb0(2)
sv_clone:210: ref = 0x11387d80(1)
sv_clone:288: clone = 0x1139bdb0(2)
sv_clone:137: ref = 0x1139c868(1)
sv_clone:148: switch: (0x1139c868)
sv_clone:210: storing ref = 0x1139c868 clone = 0x1139b270
sv_clone:210: clone = 0x1139b270(2)
sv_clone:210: ref = 0x1139c868(1)
av_clone:77: ref = 0x1139c868(1)
sv_clone:137: ref = 0x113a4198(1)
sv_clone:148: switch: (0x113a4198)
sv_clone:156: int scalar
sv_clone:158: double scalar
sv_clone:210: storing ref = 0x113a4198 clone = 0x11300340
sv_clone:210: clone = 0x11300340(2)
sv_clone:210: ref = 0x113a4198(1)
sv_clone:300: clone = 0x11300340(2)
sv_clone:137: ref = 0x113ab2b0(1)
sv_clone:148: switch: (0x113ab2b0)
sv_clone:156: int scalar
sv_clone:158: double scalar
sv_clone:210: storing ref = 0x113ab2b0 clone = 0x113a0da8
sv_clone:210: clone = 0x113a0da8(2)
sv_clone:210: ref = 0x113ab2b0(1)
sv_clone:300: clone = 0x113a0da8(2)
sv_clone:137: ref = 0x11393c30(1)
sv_clone:148: switch: (0x11393c30)
sv_clone:156: int scalar
sv_clone:158: double scalar
sv_clone:210: storing ref = 0x11393c30 clone = 0x113835a8
sv_clone:210: clone = 0x113835a8(2)
sv_clone:210: ref = 0x11393c30(1)
sv_clone:300: clone = 0x113835a8(2)
sv_clone:137: ref = 0x11393be8(1)
sv_clone:148: switch: (0x11393be8)
sv_clone:156: int scalar
sv_clone:158: double scalar
sv_clone:210: storing ref = 0x11393be8 clone = 0x113875e8
sv_clone:210: clone = 0x113875e8(2)
sv_clone:210: ref = 0x11393be8(1)
sv_clone:300: clone = 0x113875e8(2)
sv_clone:137: ref = 0x113ab8f8(1)
sv_clone:148: switch: (0x113ab8f8)
sv_clone:156: int scalar
sv_clone:158: double scalar
sv_clone:210: storing ref = 0x113ab8f8 clone = 0x11396130
sv_clone:210: clone = 0x11396130(2)
sv_clone:210: ref = 0x113ab8f8(1)
sv_clone:300: clone = 0x11396130(2)
sv_clone:137: ref = 0x11396800(1)
sv_clone:148: switch: (0x11396800)
sv_clone:156: int scalar
sv_clone:158: double scalar
sv_clone:210: storing ref = 0x11396800 clone = 0x11395f98
sv_clone:210: clone = 0x11395f98(2)
sv_clone:210: ref = 0x11396800(1)
sv_clone:300: clone = 0x11395f98(2)
sv_clone:137: ref = 0x11388278(1)
sv_clone:148: switch: (0x11388278)
sv_clone:156: int scalar
sv_clone:158: double scalar
sv_clone:210: storing ref = 0x11388278 clone = 0x11393288
sv_clone:210: clone = 0x11393288(2)
sv_clone:210: ref = 0x11388278(1)
sv_clone:300: clone = 0x11393288(2)
av_clone:94: clone = 0x1139b270(2)
sv_clone:300: clone = 0x1139b270(2)
sv_clone:300: clone = 0x1139bdb0(2)
sv_clone:137: ref = 0x113a6818(1)
sv_clone:148: switch: (0x113a6818)
sv_clone:163: ref scalar
sv_clone:210: storing ref = 0x113a6818 clone = 0x113ab778
sv_clone:210: clone = 0x113ab778(2)
sv_clone:210: ref = 0x113a6818(1)
sv_clone:288: clone = 0x113ab778(2)
sv_clone:137: ref = 0x1139bd80(1)
sv_clone:148: switch: (0x1139bd80)
sv_clone:210: storing ref = 0x1139bd80 clone = 0x11393810
sv_clone:210: clone = 0x11393810(2)
sv_clone:210: ref = 0x1139bd80(1)
av_clone:77: ref = 0x1139bd80(1)
sv_clone:137: ref = 0x1139bac8(1)
sv_clone:148: switch: (0x1139bac8)
sv_clone:156: int scalar
sv_clone:158: double scalar
sv_clone:210: storing ref = 0x1139bac8 clone = 0x113a36e8
sv_clone:210: clone = 0x113a36e8(2)
sv_clone:210: ref = 0x1139bac8(1)
sv_clone:300: clone = 0x113a36e8(2)
sv_clone:137: ref = 0x112fffc8(1)
sv_clone:148: switch: (0x112fffc8)
sv_clone:156: int scalar
sv_clone:158: double scalar
sv_clone:210: storing ref = 0x112fffc8 clone = 0x113a3718
sv_clone:210: clone = 0x113a3718(2)
sv_clone:210: ref = 0x112fffc8(1)
sv_clone:300: clone = 0x113a3718(2)
sv_clone:137: ref = 0x113a3be0(1)
sv_clone:148: switch: (0x113a3be0)
sv_clone:156: int scalar
sv_clone:158: double scalar
sv_clone:210: storing ref = 0x113a3be0 clone = 0x113a0c28
sv_clone:210: clone = 0x113a0c28(2)
sv_clone:210: ref = 0x113a3be0(1)
sv_clone:300: clone = 0x113a0c28(2)
sv_clone:137: ref = 0x113a1330(1)
sv_clone:148: switch: (0x113a1330)
sv_clone:156: int scalar
sv_clone:158: double scalar
sv_clone:210: storing ref = 0x113a1330 clone = 0x1138f610
sv_clone:210: clone = 0x1138f610(2)
sv_clone:210: ref = 0x113a1330(1)
sv_clone:300: clone = 0x1138f610(2)
sv_clone:137: ref = 0x11395e90(1)
sv_clone:148: switch: (0x11395e90)
sv_clone:156: int scalar
sv_clone:158: double scalar
sv_clone:210: storing ref = 0x11395e90 clone = 0x113aace0
sv_clone:210: clone = 0x113aace0(2)
sv_clone:210: ref = 0x11395e90(1)
sv_clone:300: clone = 0x113aace0(2)
sv_clone:137: ref = 0x11389ef8(1)
sv_clone:148: switch: (0x11389ef8)
sv_clone:156: int scalar
sv_clone:158: double scalar
sv_clone:210: storing ref = 0x11389ef8 clone = 0x113a5b70
sv_clone:210: clone = 0x113a5b70(2)
sv_clone:210: ref = 0x11389ef8(1)
sv_clone:300: clone = 0x113a5b70(2)
sv_clone:137: ref = 0x1138a7f8(1)
sv_clone:148: switch: (0x1138a7f8)
sv_clone:156: int scalar
sv_clone:158: double scalar
sv_clone:210: storing ref = 0x1138a7f8 clone = 0x11387870
sv_clone:210: clone = 0x11387870(2)
sv_clone:210: ref = 0x1138a7f8(1)
sv_clone:300: clone = 0x11387870(2)
av_clone:94: clone = 0x11393810(2)
sv_clone:300: clone = 0x11393810(2)
sv_clone:300: clone = 0x113ab778(2)
sv_clone:137: ref = 0x113a3f88(1)
sv_clone:148: switch: (0x113a3f88)
sv_clone:163: ref scalar
sv_clone:210: storing ref = 0x113a3f88 clone = 0x113933f0
sv_clone:210: clone = 0x113933f0(2)
sv_clone:210: ref = 0x113a3f88(1)
sv_clone:288: clone = 0x113933f0(2)
sv_clone:137: ref = 0x113a0c10(1)
sv_clone:148: switch: (0x113a0c10)
sv_clone:210: storing ref = 0x113a0c10 clone = 0x113001a8
sv_clone:210: clone = 0x113001a8(2)
sv_clone:210: ref = 0x113a0c10(1)
av_clone:77: ref = 0x113a0c10(1)
sv_clone:137: ref = 0x1138efb0(1)
sv_clone:148: switch: (0x1138efb0)
sv_clone:156: int scalar
sv_clone:158: double scalar
sv_clone:210: storing ref = 0x1138efb0 clone = 0x113ab400
sv_clone:210: clone = 0x113ab400(2)
sv_clone:210: ref = 0x1138efb0(1)
sv_clone:300: clone = 0x113ab400(2)
sv_clone:137: ref = 0x113ab8c8(1)
sv_clone:148: switch: (0x113ab8c8)
sv_clone:156: int scalar
sv_clone:158: double scalar
sv_clone:210: storing ref = 0x113ab8c8 clone = 0x113a6728
sv_clone:210: clone = 0x113a6728(2)
sv_clone:210: ref = 0x113ab8c8(1)
sv_clone:300: clone = 0x113a6728(2)
sv_clone:137: ref = 0x1139b498(1)
sv_clone:148: switch: (0x1139b498)
sv_clone:156: int scalar
sv_clone:158: double scalar
sv_clone:210: storing ref = 0x1139b498 clone = 0x1139b390
sv_clone:210: clone = 0x1139b390(2)
sv_clone:210: ref = 0x1139b498(1)
sv_clone:300: clone = 0x1139b390(2)
sv_clone:137: ref = 0x1139b378(1)
sv_clone:148: switch: (0x1139b378)
sv_clone:156: int scalar
sv_clone:158: double scalar
sv_clone:210: storing ref = 0x1139b378 clone = 0x1138a0a8
sv_clone:210: clone = 0x1138a0a8(2)
sv_clone:210: ref = 0x1139b378(1)
sv_clone:300: clone = 0x1138a0a8(2)
sv_clone:137: ref = 0x113ab160(1)
sv_clone:148: switch: (0x113ab160)
sv_clone:156: int scalar
sv_clone:158: double scalar
sv_clone:210: storing ref = 0x113ab160 clone = 0x1138a258
sv_clone:210: clone = 0x1138a258(2)
sv_clone:210: ref = 0x113ab160(1)
sv_clone:300: clone = 0x1138a258(2)
sv_clone:137: ref = 0x1139c790(1)
sv_clone:148: switch: (0x1139c790)
sv_clone:156: int scalar
sv_clone:158: double scalar
sv_clone:210: storing ref = 0x1139c790 clone = 0x113abb38
sv_clone:210: clone = 0x113abb38(2)
sv_clone:210: ref = 0x1139c790(1)
sv_clone:300: clone = 0x113abb38(2)
sv_clone:137: ref = 0x1139b2b8(1)
sv_clone:148: switch: (0x1139b2b8)
sv_clone:156: int scalar
sv_clone:158: double scalar
sv_clone:210: storing ref = 0x1139b2b8 clone = 0x113ab6d0
sv_clone:210: clone = 0x113ab6d0(2)
sv_clone:210: ref = 0x1139b2b8(1)
sv_clone:300: clone = 0x113ab6d0(2)
av_clone:94: clone = 0x113001a8(2)
sv_clone:300: clone = 0x113001a8(2)
sv_clone:300: clone = 0x113933f0(2)
sv_clone:137: ref = 0x1139bf00(1)
sv_clone:148: switch: (0x1139bf00)
sv_clone:163: ref scalar
sv_clone:210: storing ref = 0x1139bf00 clone = 0x113ab040
sv_clone:210: clone = 0x113ab040(2)
sv_clone:210: ref = 0x1139bf00(1)
sv_clone:288: clone = 0x113ab040(2)
sv_clone:137: ref = 0x1139b540(1)
sv_clone:148: switch: (0x1139b540)
sv_clone:210: storing ref = 0x1139b540 clone = 0x113a3598
sv_clone:210: clone = 0x113a3598(2)
sv_clone:210: ref = 0x1139b540(1)
av_clone:77: ref = 0x1139b540(1)
sv_clone:137: ref = 0x1139c8f8(1)
sv_clone:148: switch: (0x1139c8f8)
sv_clone:156: int scalar
sv_clone:158: double scalar
sv_clone:210: storing ref = 0x1139c8f8 clone = 0x1139b288
sv_clone:210: clone = 0x1139b288(2)
sv_clone:210: ref = 0x1139c8f8(1)
sv_clone:300: clone = 0x1139b288(2)
sv_clone:137: ref = 0x11393168(1)
sv_clone:148: switch: (0x11393168)
sv_clone:156: int scalar
sv_clone:158: double scalar
sv_clone:210: storing ref = 0x11393168 clone = 0x113a6128
sv_clone:210: clone = 0x113a6128(2)
sv_clone:210: ref = 0x11393168(1)
sv_clone:300: clone = 0x113a6128(2)
sv_clone:137: ref = 0x1138a378(1)
sv_clone:148: switch: (0x1138a378)
sv_clone:156: int scalar
sv_clone:158: double scalar
sv_clone:210: storing ref = 0x1138a378 clone = 0x113ab5f8
sv_clone:210: clone = 0x113ab5f8(2)
sv_clone:210: ref = 0x1138a378(1)
sv_clone:300: clone = 0x113ab5f8(2)
sv_clone:137: ref = 0x1139baf8(1)
sv_clone:148: switch: (0x1139baf8)
sv_clone:156: int scalar
sv_clone:158: double scalar
sv_clone:210: storing ref = 0x1139baf8 clone = 0x113a5ca8
sv_clone:210: clone = 0x113a5ca8(2)
sv_clone:210: ref = 0x1139baf8(1)
sv_clone:300: clone = 0x113a5ca8(2)
sv_clone:137: ref = 0x11393750(1)
sv_clone:148: switch: (0x11393750)
sv_clone:156: int scalar
sv_clone:158: double scalar
sv_clone:210: storing ref = 0x11393750 clone = 0x11300100
sv_clone:210: clone = 0x11300100(2)
sv_clone:210: ref = 0x11393750(1)
sv_clone:300: clone = 0x11300100(2)
sv_clone:137: ref = 0x11387960(1)
sv_clone:148: switch: (0x11387960)
sv_clone:156: int scalar
sv_clone:158: double scalar
sv_clone:210: storing ref = 0x11387960 clone = 0x11396058
sv_clone:210: clone = 0x11396058(2)
sv_clone:210: ref = 0x11387960(1)
sv_clone:300: clone = 0x11396058(2)
sv_clone:137: ref = 0x11300028(1)
sv_clone:148: switch: (0x11300028)
sv_clone:156: int scalar
sv_clone:158: double scalar
sv_clone:210: storing ref = 0x11300028 clone = 0x113a53f0
sv_clone:210: clone = 0x113a53f0(2)
sv_clone:210: ref = 0x11300028(1)
sv_clone:300: clone = 0x113a53f0(2)
av_clone:94: clone = 0x113a3598(2)
sv_clone:300: clone = 0x113a3598(2)
sv_clone:300: clone = 0x113ab040(2)
sv_clone:137: ref = 0x11387b58(1)
sv_clone:148: switch: (0x11387b58)
sv_clone:163: ref scalar
sv_clone:210: storing ref = 0x11387b58 clone = 0x1138f9b8
sv_clone:210: clone = 0x1138f9b8(2)
sv_clone:210: ref = 0x11387b58(1)
sv_clone:288: clone = 0x1138f9b8(2)
sv_clone:137: ref = 0x113a3490(1)
sv_clone:148: switch: (0x113a3490)
sv_clone:210: storing ref = 0x113a3490 clone = 0x113a1588
sv_clone:210: clone = 0x113a1588(2)
sv_clone:210: ref = 0x113a3490(1)
av_clone:77: ref = 0x113a3490(1)
sv_clone:137: ref = 0x113ab3e8(1)
sv_clone:148: switch: (0x113ab3e8)
sv_clone:156: int scalar
sv_clone:158: double scalar
sv_clone:210: storing ref = 0x113ab3e8 clone = 0x11382ff0
sv_clone:210: clone = 0x11382ff0(2)
sv_clone:210: ref = 0x113ab3e8(1)
sv_clone:300: clone = 0x11382ff0(2)
sv_clone:137: ref = 0x1139bcf0(1)
sv_clone:148: switch: (0x1139bcf0)
sv_clone:156: int scalar
sv_clone:158: double scalar
sv_clone:210: storing ref = 0x1139bcf0 clone = 0x1139b408
sv_clone:210: clone = 0x1139b408(2)
sv_clone:210: ref = 0x1139bcf0(1)
sv_clone:300: clone = 0x1139b408(2)
sv_clone:137: ref = 0x11395f80(1)
sv_clone:148: switch: (0x11395f80)
sv_clone:156: int scalar
sv_clone:158: double scalar
sv_clone:210: storing ref = 0x11395f80 clone = 0x113a6470
sv_clone:210: clone = 0x113a6470(2)
sv_clone:210: ref = 0x11395f80(1)
sv_clone:300: clone = 0x113a6470(2)
sv_clone:137: ref = 0x1139bb40(1)
sv_clone:148: switch: (0x1139bb40)
sv_clone:156: int scalar
sv_clone:158: double scalar
sv_clone:210: storing ref = 0x1139bb40 clone = 0x113a6a10
sv_clone:210: clone = 0x113a6a10(2)
sv_clone:210: ref = 0x1139bb40(1)
sv_clone:300: clone = 0x113a6a10(2)
sv_clone:137: ref = 0x11395de8(1)
sv_clone:148: switch: (0x11395de8)
sv_clone:156: int scalar
sv_clone:158: double scalar
sv_clone:210: storing ref = 0x11395de8 clone = 0x1139c910
sv_clone:210: clone = 0x1139c910(2)
sv_clone:210: ref = 0x11395de8(1)
sv_clone:300: clone = 0x1139c910(2)
sv_clone:137: ref = 0x113a3ef8(1)
sv_clone:148: switch: (0x113a3ef8)
sv_clone:156: int scalar
sv_clone:158: double scalar
sv_clone:210: storing ref = 0x113a3ef8 clone = 0x113ab0e8
sv_clone:210: clone = 0x113ab0e8(2)
sv_clone:210: ref = 0x113a3ef8(1)
sv_clone:300: clone = 0x113ab0e8(2)
sv_clone:137: ref = 0x1138d218(1)
sv_clone:148: switch: (0x1138d218)
sv_clone:156: int scalar
sv_clone:158: double scalar
sv_clone:210: storing ref = 0x1138d218 clone = 0x113ab5e0
sv_clone:210: clone = 0x113ab5e0(2)
sv_clone:210: ref = 0x1138d218(1)
sv_clone:300: clone = 0x113ab5e0(2)
av_clone:94: clone = 0x113a1588(2)
sv_clone:300: clone = 0x113a1588(2)
sv_clone:300: clone = 0x1138f9b8(2)
av_clone:94: clone = 0x113ab460(2)
sv_clone:300: clone = 0x113ab460(2)
sv_clone:300: clone = 0x11383578(2)
hv_clone:55: clone item idx
sv_clone:137: ref = 0x113a3d00(1)
sv_clone:148: switch: (0x113a3d00)
sv_clone:163: ref scalar
sv_clone:210: storing ref = 0x113a3d00 clone = 0x113ab970
sv_clone:210: clone = 0x113ab970(2)
sv_clone:210: ref = 0x113a3d00(1)
sv_clone:288: clone = 0x113ab970(2)
sv_clone:137: ref = 0x1139bab0(1)
sv_clone:148: switch: (0x1139bab0)
sv_clone:210: storing ref = 0x1139bab0 clone = 0x1139b480
sv_clone:210: clone = 0x1139b480(2)
sv_clone:210: ref = 0x1139bab0(1)
av_clone:77: ref = 0x1139bab0(1)
sv_clone:137: ref = 0x11393dc8(1)
sv_clone:148: switch: (0x11393dc8)
sv_clone:168: string scalar
sv_clone:210: storing ref = 0x11393dc8 clone = 0x11395f68
sv_clone:210: clone = 0x11395f68(2)
sv_clone:210: ref = 0x11393dc8(1)
sv_clone:300: clone = 0x11395f68(2)
sv_clone:137: ref = 0x11396ae8(1)
sv_clone:148: switch: (0x11396ae8)
sv_clone:168: string scalar
sv_clone:210: storing ref = 0x11396ae8 clone = 0x113a5420
sv_clone:210: clone = 0x113a5420(2)
sv_clone:210: ref = 0x11396ae8(1)
sv_clone:300: clone = 0x113a5420(2)
sv_clone:137: ref = 0x1138ee00(1)
sv_clone:148: switch: (0x1138ee00)
sv_clone:168: string scalar
sv_clone:210: storing ref = 0x1138ee00 clone = 0x11388308
sv_clone:210: clone = 0x11388308(2)
sv_clone:210: ref = 0x1138ee00(1)
sv_clone:300: clone = 0x11388308(2)
sv_clone:137: ref = 0x11387c60(1)
sv_clone:148: switch: (0x11387c60)
sv_clone:168: string scalar
sv_clone:210: storing ref = 0x11387c60 clone = 0x113ab1c0
sv_clone:210: clone = 0x113ab1c0(2)
sv_clone:210: ref = 0x11387c60(1)
sv_clone:300: clone = 0x113ab1c0(2)
sv_clone:137: ref = 0x11300118(1)
sv_clone:148: switch: (0x11300118)
sv_clone:168: string scalar
sv_clone:210: storing ref = 0x11300118 clone = 0x1138eda0
sv_clone:210: clone = 0x1138eda0(2)
sv_clone:210: ref = 0x11300118(1)
sv_clone:300: clone = 0x1138eda0(2)
sv_clone:137: ref = 0x113a3c88(1)
sv_clone:148: switch: (0x113a3c88)
sv_clone:168: string scalar
sv_clone:210: storing ref = 0x113a3c88 clone = 0x1139c850
sv_clone:210: clone = 0x1139c850(2)
sv_clone:210: ref = 0x113a3c88(1)
sv_clone:300: clone = 0x1139c850(2)
sv_clone:137: ref = 0x113a3898(1)
sv_clone:148: switch: (0x113a3898)
sv_clone:168: string scalar
sv_clone:210: storing ref = 0x113a3898 clone = 0x1138f9a0
sv_clone:210: clone = 0x1138f9a0(2)
sv_clone:210: ref = 0x113a3898(1)
sv_clone:300: clone = 0x1138f9a0(2)
av_clone:94: clone = 0x1139b480(2)
sv_clone:300: clone = 0x1139b480(2)
sv_clone:300: clone = 0x113ab970(2)
hv_clone:55: clone item nodes
sv_clone:137: ref = 0x11393900(1)
sv_clone:148: switch: (0x11393900)
sv_clone:163: ref scalar
sv_clone:210: storing ref = 0x11393900 clone = 0x113a12b8
sv_clone:210: clone = 0x113a12b8(2)
sv_clone:210: ref = 0x11393900(1)
sv_clone:288: clone = 0x113a12b8(2)
sv_clone:137: ref = 0x113a3970(1)
sv_clone:148: switch: (0x113a3970)
sv_clone:210: storing ref = 0x113a3970 clone = 0x113a61a0
sv_clone:210: clone = 0x113a61a0(2)
sv_clone:210: ref = 0x113a3970(1)
hv_clone:49: ref = 0x113a3970(1)
hv_clone:55: clone item v5
sv_clone:137: ref = 0x113832f0(1)
sv_clone:148: switch: (0x113832f0)
sv_clone:163: ref scalar
sv_clone:210: storing ref = 0x113832f0 clone = 0x113a5588
sv_clone:210: clone = 0x113a5588(2)
sv_clone:210: ref = 0x113832f0(1)
sv_clone:288: clone = 0x113a5588(2)
sv_clone:137: ref = 0x113a3c40(2)
sv_clone:148: switch: (0x113a3c40)
sv_clone:210: storing ref = 0x113a3c40 clone = 0x113a56a8
sv_clone:210: clone = 0x113a56a8(2)
sv_clone:210: ref = 0x113a3c40(2)
hv_clone:49: ref = 0x113a3c40(2)
hv_clone:55: clone item name
sv_clone:137: ref = 0x113881e8(1)
sv_clone:148: switch: (0x113881e8)
sv_clone:168: string scalar
sv_clone:210: storing ref = 0x113881e8 clone = 0x1138a648
sv_clone:210: clone = 0x1138a648(2)
sv_clone:210: ref = 0x113881e8(1)
sv_clone:300: clone = 0x1138a648(2)
hv_clone:60: clone = 0x113a56a8(2)
sv_clone:300: clone = 0x113a56a8(2)
sv_clone:300: clone = 0x113a5588(2)
hv_clone:55: clone item v4
sv_clone:137: ref = 0x113a15a0(1)
sv_clone:148: switch: (0x113a15a0)
sv_clone:163: ref scalar
sv_clone:210: storing ref = 0x113a15a0 clone = 0x113a33a0
sv_clone:210: clone = 0x113a33a0(2)
sv_clone:210: ref = 0x113a15a0(1)
sv_clone:288: clone = 0x113a33a0(2)
sv_clone:137: ref = 0x113a0d60(2)
sv_clone:148: switch: (0x113a0d60)
sv_clone:210: storing ref = 0x113a0d60 clone = 0x113a3bc8
sv_clone:210: clone = 0x113a3bc8(2)
sv_clone:210: ref = 0x113a0d60(2)
hv_clone:49: ref = 0x113a0d60(2)
hv_clone:55: clone item name
sv_clone:137: ref = 0x11393b10(1)
sv_clone:148: switch: (0x11393b10)
sv_clone:168: string scalar
sv_clone:210: storing ref = 0x11393b10 clone = 0x11387e28
sv_clone:210: clone = 0x11387e28(2)
sv_clone:210: ref = 0x11393b10(1)
sv_clone:300: clone = 0x11387e28(2)
hv_clone:60: clone = 0x113a3bc8(2)
sv_clone:300: clone = 0x113a3bc8(2)
sv_clone:300: clone = 0x113a33a0(2)
hv_clone:55: clone item v1
sv_clone:137: ref = 0x113a5678(1)
sv_clone:148: switch: (0x113a5678)
sv_clone:163: ref scalar
sv_clone:210: storing ref = 0x113a5678 clone = 0x1139c8e0
sv_clone:210: clone = 0x1139c8e0(2)
sv_clone:210: ref = 0x113a5678(1)
sv_clone:288: clone = 0x1139c8e0(2)
sv_clone:137: ref = 0x1139be70(2)
sv_clone:148: switch: (0x1139be70)
sv_clone:210: storing ref = 0x1139be70 clone = 0x113a5480
sv_clone:210: clone = 0x113a5480(2)
sv_clone:210: ref = 0x1139be70(2)
hv_clone:49: ref = 0x1139be70(2)
hv_clone:55: clone item name
sv_clone:137: ref = 0x1139bba0(1)
sv_clone:148: switch: (0x1139bba0)
sv_clone:168: string scalar
sv_clone:210: storing ref = 0x1139bba0 clone = 0x11387ab0
sv_clone:210: clone = 0x11387ab0(2)
sv_clone:210: ref = 0x1139bba0(1)
sv_clone:300: clone = 0x11387ab0(2)
hv_clone:60: clone = 0x113a5480(2)
sv_clone:300: clone = 0x113a5480(2)
sv_clone:300: clone = 0x1139c8e0(2)
hv_clone:55: clone item v7
sv_clone:137: ref = 0x1138f598(1)
sv_clone:148: switch: (0x1138f598)
sv_clone:163: ref scalar
sv_clone:210: storing ref = 0x1138f598 clone = 0x11382ca8
sv_clone:210: clone = 0x11382ca8(2)
sv_clone:210: ref = 0x1138f598(1)
sv_clone:288: clone = 0x11382ca8(2)
sv_clone:137: ref = 0x1138a018(2)
sv_clone:148: switch: (0x1138a018)
sv_clone:210: storing ref = 0x1138a018 clone = 0x11300178
sv_clone:210: clone = 0x11300178(2)
sv_clone:210: ref = 0x1138a018(2)
hv_clone:49: ref = 0x1138a018(2)
hv_clone:55: clone item name
sv_clone:137: ref = 0x113a6140(1)
sv_clone:148: switch: (0x113a6140)
sv_clone:168: string scalar
sv_clone:210: storing ref = 0x113a6140 clone = 0x113a4048

