Use of uninitialized value in concatenation (.) or string at /usr/local/perl/5.14.2/lib/5.14.2/Pod/Perldoc/ToMan.pm line 50.
DEBUG __nroffer is 
DEBUG Looking for /usr/local/perl/5.14.2/bin/groff
DEBUG Looking for /home/tom/bin/groff
DEBUG Looking for /bin/groff
DEBUG Looking for /sbin/groff
DEBUG Looking for /usr/bin/groff
DEBUG Looking for /usr/sbin/groff
DEBUG Looking for /usr/X11R6/bin/groff
DEBUG Looking for /usr/local/bin/groff
DEBUG Looking for /usr/local/sbin/groff
DEBUG Looking for /usr/games/groff
DEBUG Looking for ./groff
DEBUG Looking for /usr/local/perl/5.14.2/bin/nroff
DEBUG Looking for /home/tom/bin/nroff
DEBUG Looking for /bin/nroff
DEBUG Looking for /sbin/nroff
DEBUG Looking for /usr/bin/nroff
DEBUG Looking for /usr/sbin/nroff
DEBUG Looking for /usr/X11R6/bin/nroff
DEBUG Looking for /usr/local/bin/nroff
DEBUG Looking for /usr/local/sbin/nroff
DEBUG Looking for /usr/games/nroff
DEBUG Looking for ./nroff
Use of uninitialized value $roffer in concatenation (.) or string at /usr/local/perl/5.14.2/lib/5.14.2/Pod/Perldoc/ToMan.pm line 53.
DEBUG Using 
DEBUG Pod::Man switches are [utf8 1]
DEBUG Parsing /usr/local/perl/5.14.2/lib/5.14.2/pod/perlfunc.pod
DEBUG Done parsing /usr/local/perl/5.14.2/lib/5.14.2/pod/perlfunc.pod
DEBUG Writing podman.out.9278.txt with Pod::Man output
Use of uninitialized value in concatenation (.) or string at /usr/local/perl/5.14.2/lib/5.14.2/Pod/Perldoc/ToMan.pm line 221.
DEBUG Filtering through 
Error while formatting with Pod::Perldoc::ToMan:
 no nroffer set!?
 at /usr/local/perl/5.14.2/lib/5.14.2/Pod/Perldoc.pm line 1328


 at /usr/local/perl/5.14.2/bin/perldoc line 9
Got a 0-length file from /usr/local/perl/5.14.2/lib/5.14.2/pod/perlfunc.pod via Pod::Perldoc::ToMan!?

 at /usr/local/perl/5.14.2/bin/perldoc line 9
'opt_o_with: Noting "text" as desired output format...
'opt_o_with: Noting "man" as desired output format...
'GetOptsOO::getopts: Starting switch processing.  Scanning arguments [perlfunc]
'GetOptsOO::getopts: Ending switch processing.  Args are [perlfunc] with 0 errors.
'process: /usr/local/perl/5.14.2/bin/perldoc => Pod::Perldoc v3.15_13
'process: 
'find_good_formatter_class: Formatter class Pod::Perldoc::ToMan version 3.15_13 successfully loaded!
'find_good_formatter_class: Will format with the class Pod::Perldoc::ToMan
'grand_search_init: Searching for perlfunc
'searchfor: Looking for perlfunc in /usr/local/perl/5.14.2/bin /usr/local/perl/5.14.2/lib/site_perl/5.14.2/OpenBSD.i386-openbsd /usr/local/perl/5.14.2/lib/site_perl/5.14.2 /usr/local/perl/5.14.2/lib/5.14.2/OpenBSD.i386-openbsd /usr/local/perl/5.14.2/lib/5.14.2 . /usr/local/perl/5.14.2/bin /home/tom/bin /bin /sbin /usr/bin /usr/sbin /usr/X11R6/bin /usr/local/bin /usr/local/sbin /usr/games .
'grand_search_init: Found as /usr/local/perl/5.14.2/lib/5.14.2/pod/perlfunc.pod
Finished writing to /tmp/rVpMrXqPjk.
'render_and_page: Skipping /tmp/rVpMrXqPjk (from /usr/local/perl/5.14.2/lib/5.14.2/pod/perlfunc.pod via Pod::Perldoc::ToMan) as it is 0-length.
'unlink_if_temp_file: Unlinking /tmp/rVpMrXqPjk
