Reading '/home/vinc17/.cpan/Metadata'
  Database was generated on Sun, 10 Mar 2013 03:29:03 GMT
Running install for module 'Sys::Info::Driver::Linux'
Running make for B/BU/BURAK/Sys-Info-Driver-Linux-0.7901.tar.gz
Checksum for /home/vinc17/.cpan/sources/authors/id/B/BU/BURAK/Sys-Info-Driver-Linux-0.7901.tar.gz ok

  CPAN.pm: Building B/BU/BURAK/Sys-Info-Driver-Linux-0.7901.tar.gz

Created MYMETA.yml and MYMETA.json
Creating new 'Build' script for 'Sys-Info-Driver-Linux' version '0.7901'
Building Sys-Info-Driver-Linux
  BURAK/Sys-Info-Driver-Linux-0.7901.tar.gz
  ./Build -- OK
'YAML' not installed, will not store persistent state
Running Build test
UNAME: Linux xvii 3.8-trunk-amd64 #1 SMP Debian 3.8-1~experimental.1 x86_64 GNU/Linux

Use of uninitialized value $codename in substitution (s///) at /home/vinc17/.cpan/build/Sys-Info-Driver-Linux-0.7901-bCFuoI/blib/lib/Sys/Info/Driver/Linux/OS/Distribution.pm line 241.
Use of uninitialized value $codename in substitution (s///) at /home/vinc17/.cpan/build/Sys-Info-Driver-Linux-0.7901-bCFuoI/blib/lib/Sys/Info/Driver/Linux/OS/Distribution.pm line 241.
Use of uninitialized value in sprintf at /home/vinc17/.cpan/build/Sys-Info-Driver-Linux-0.7901-bCFuoI/blib/lib/Sys/Info/Driver/Linux/OS.pm line 230.
Use of uninitialized value in sprintf at /home/vinc17/.cpan/build/Sys-Info-Driver-Linux-0.7901-bCFuoI/blib/lib/Sys/Info/Driver/Linux/OS.pm line 231.

#   Failed test 'OS Version is defined'
#   at /home/vinc17/perl5/lib/perl5/Test/Sys/Info/Driver.pm line 53.
# Looks like you failed 1 test of 66.
t/03-basic.t ......... 
Dubious, test returned 1 (wstat 256, 0x100)
Failed 1/66 subtests 
Use of uninitialized value $codename in substitution (s///) at /home/vinc17/.cpan/build/Sys-Info-Driver-Linux-0.7901-bCFuoI/blib/lib/Sys/Info/Driver/Linux/OS/Distribution.pm line 241.
Use of uninitialized value $codename in substitution (s///) at /home/vinc17/.cpan/build/Sys-Info-Driver-Linux-0.7901-bCFuoI/blib/lib/Sys/Info/Driver/Linux/OS/Distribution.pm line 241.

#   Failed test 'Got a version'
#   at t/04-distribution.t line 13.
# Looks like you failed 1 test of 4.
t/04-distribution.t .. 
Dubious, test returned 1 (wstat 256, 0x100)
Failed 1/4 subtests 

Test Summary Report
-------------------
t/03-basic.t       (Wstat: 256 Tests: 66 Failed: 1)
  Failed test:  27
  Non-zero exit status: 1
t/04-distribution.t (Wstat: 256 Tests: 4 Failed: 1)
  Failed test:  4
  Non-zero exit status: 1
Files=2, Tests=70,  0 wallclock secs ( 0.02 usr  0.01 sys +  0.11 cusr  0.04 csys =  0.18 CPU)
Result: FAIL
Failed 2/2 test programs. 2/70 subtests failed.
  BURAK/Sys-Info-Driver-Linux-0.7901.tar.gz
  ./Build test -- NOT OK
//hint// to see the cpan-testers results for installing this module, try:
  reports BURAK/Sys-Info-Driver-Linux-0.7901.tar.gz
Running Build install
  make test had returned bad status, won't install without force
