+ make test
PERL_DL_NONLAZY=1 /usr/bin/perl "-MExtUtils::Command::MM" "-e" "test_harness(0, 'inc', 'blib/lib', 'blib/arch')" t/*.t
t/basic.........# Sending 0-page queries...
# Sending multi-page query...
# Sending 1-page query for 12-digit UPC...
# Sending 1-page query for 10-digit ISBN...
# Sending 1-page query to check contents...
ok
        3/151 unexpectedly succeeded
t/buyitnow......# Sending 0-page query...
# Sending multi-page query...
# Sending 1-page query for 10-digit ISBN...
# Sending 1-page query to check contents...
ok
        12/48 unexpectedly succeeded
t/bybidderid....# Sending 0-page query...

#   Failed test 'got valid HTTP response'
#   in /usr/lib/perl5/vendor_perl/5.8.8/WWW/Search/Test.pm at line 634.
#          got: '501'
#     expected: '200'
# Looks like you failed 1 test of 14.
dubious
	Test returned status 1 (wstat 256, 0x100)
DIED. FAILED test 5
	Failed 1/14 tests, 92.86% okay
t/bysellerid....# Sending 1-page query to check contents...

#   Failed test 'lower-bound num-hits for query=martinthurn'
#   in /usr/lib/perl5/vendor_perl/5.8.8/WWW/Search/Test.pm at line 637.
#     '1'
#         <=
#     '0'

#   Failed test 'lower-bound approximate_result_count'
#   in /usr/lib/perl5/vendor_perl/5.8.8/WWW/Search/Test.pm at line 640.
#     '1'
#         <=
#     '0'

#   Failed test 'got some results'
#   in t/bysellerid.t at line 47.
#     '0'
#         <
#     '0'
# Looks like you failed 3 tests of 10.
dubious
	Test returned status 3 (wstat 768, 0x300)
DIED. FAILED tests 6-7, 10
	Failed 3/10 tests, 70.00% okay
t/de............# Sending 0-page query...
# Sending multi-page query...
# Sending 1-page query to check contents...
ok
t/enddate.......# Sending 0-page query...
# Sending query...
ok
        3/516 unexpectedly succeeded
t/es............# Sending 0-page query...
# Sending multi-page query...
# Sending 1-page query to check contents...
ok
t/fr............# Sending 0-page query...
# Sending multi-page query...
# Sending 1-page query to check contents...

#   Failed test 'lower-bound approximate_result_count'
#   in /usr/lib/perl5/vendor_perl/5.8.8/WWW/Search/Test.pm at line 640.
#     '1'
#         <=
#     '0'
# Looks like you failed 1 test of 25.
dubious
	Test returned status 1 (wstat 256, 0x100)
DIED. FAILED test 16
	Failed 1/25 tests, 96.00% okay
t/html..........Use of uninitialized value in numeric lt (<) at /usr/lib/perl5/vendor_perl/5.8.8/Date/Manip.pm line 3299.
Use of uninitialized value in pattern match (m//) at /usr/lib/perl5/vendor_perl/5.8.8/Date/Manip.pm line 3300.
Use of uninitialized value in multiplication (*) at /usr/lib/perl5/vendor_perl/5.8.8/Date/Manip.pm line 3302.
Use of uninitialized value in multiplication (*) at /usr/lib/perl5/vendor_perl/5.8.8/Date/Manip.pm line 3302.
Use of uninitialized value in numeric lt (<) at /usr/lib/perl5/vendor_perl/5.8.8/Date/Manip.pm line 3299.
Use of uninitialized value in pattern match (m//) at /usr/lib/perl5/vendor_perl/5.8.8/Date/Manip.pm line 3300.
Use of uninitialized value in multiplication (*) at /usr/lib/perl5/vendor_perl/5.8.8/Date/Manip.pm line 3302.
Use of uninitialized value in multiplication (*) at /usr/lib/perl5/vendor_perl/5.8.8/Date/Manip.pm line 3302.
Use of uninitialized value in numeric lt (<) at /usr/lib/perl5/vendor_perl/5.8.8/Date/Manip.pm line 3299.
Use of uninitialized value in pattern match (m//) at /usr/lib/perl5/vendor_perl/5.8.8/Date/Manip.pm line 3300.
Use of uninitialized value in multiplication (*) at /usr/lib/perl5/vendor_perl/5.8.8/Date/Manip.pm line 3302.
Use of uninitialized value in multiplication (*) at /usr/lib/perl5/vendor_perl/5.8.8/Date/Manip.pm line 3302.
Use of uninitialized value in numeric lt (<) at /usr/lib/perl5/vendor_perl/5.8.8/Date/Manip.pm line 3299.
Use of uninitialized value in pattern match (m//) at /usr/lib/perl5/vendor_perl/5.8.8/Date/Manip.pm line 3300.
Use of uninitialized value in multiplication (*) at /usr/lib/perl5/vendor_perl/5.8.8/Date/Manip.pm line 3302.
Use of uninitialized value in multiplication (*) at /usr/lib/perl5/vendor_perl/5.8.8/Date/Manip.pm line 3302.
Use of uninitialized value in numeric lt (<) at /usr/lib/perl5/vendor_perl/5.8.8/Date/Manip.pm line 3299.
Use of uninitialized value in pattern match (m//) at /usr/lib/perl5/vendor_perl/5.8.8/Date/Manip.pm line 3300.
Use of uninitialized value in multiplication (*) at /usr/lib/perl5/vendor_perl/5.8.8/Date/Manip.pm line 3302.
Use of uninitialized value in multiplication (*) at /usr/lib/perl5/vendor_perl/5.8.8/Date/Manip.pm line 3302.
Use of uninitialized value in numeric lt (<) at /usr/lib/perl5/vendor_perl/5.8.8/Date/Manip.pm line 3299.
Use of uninitialized value in pattern match (m//) at /usr/lib/perl5/vendor_perl/5.8.8/Date/Manip.pm line 3300.
Use of uninitialized value in multiplication (*) at /usr/lib/perl5/vendor_perl/5.8.8/Date/Manip.pm line 3302.
Use of uninitialized value in multiplication (*) at /usr/lib/perl5/vendor_perl/5.8.8/Date/Manip.pm line 3302.
Use of uninitialized value in numeric lt (<) at /usr/lib/perl5/vendor_perl/5.8.8/Date/Manip.pm line 3299.
Use of uninitialized value in pattern match (m//) at /usr/lib/perl5/vendor_perl/5.8.8/Date/Manip.pm line 3300.
Use of uninitialized value in multiplication (*) at /usr/lib/perl5/vendor_perl/5.8.8/Date/Manip.pm line 3302.
Use of uninitialized value in multiplication (*) at /usr/lib/perl5/vendor_perl/5.8.8/Date/Manip.pm line 3302.
Use of uninitialized value in numeric lt (<) at /usr/lib/perl5/vendor_perl/5.8.8/Date/Manip.pm line 3299.
Use of uninitialized value in pattern match (m//) at /usr/lib/perl5/vendor_perl/5.8.8/Date/Manip.pm line 3300.
Use of uninitialized value in multiplication (*) at /usr/lib/perl5/vendor_perl/5.8.8/Date/Manip.pm line 3302.
Use of uninitialized value in multiplication (*) at /usr/lib/perl5/vendor_perl/5.8.8/Date/Manip.pm line 3302.
Use of uninitialized value in numeric lt (<) at /usr/lib/perl5/vendor_perl/5.8.8/Date/Manip.pm line 3299.
Use of uninitialized value in pattern match (m//) at /usr/lib/perl5/vendor_perl/5.8.8/Date/Manip.pm line 3300.
Use of uninitialized value in multiplication (*) at /usr/lib/perl5/vendor_perl/5.8.8/Date/Manip.pm line 3302.
Use of uninitialized value in multiplication (*) at /usr/lib/perl5/vendor_perl/5.8.8/Date/Manip.pm line 3302.
Use of uninitialized value in numeric lt (<) at /usr/lib/perl5/vendor_perl/5.8.8/Date/Manip.pm line 3299.
Use of uninitialized value in pattern match (m//) at /usr/lib/perl5/vendor_perl/5.8.8/Date/Manip.pm line 3300.
Use of uninitialized value in multiplication (*) at /usr/lib/perl5/vendor_perl/5.8.8/Date/Manip.pm line 3302.
Use of uninitialized value in multiplication (*) at /usr/lib/perl5/vendor_perl/5.8.8/Date/Manip.pm line 3302.
Use of uninitialized value in numeric lt (<) at /usr/lib/perl5/vendor_perl/5.8.8/Date/Manip.pm line 3299.
Use of uninitialized value in pattern match (m//) at /usr/lib/perl5/vendor_perl/5.8.8/Date/Manip.pm line 3300.
Use of uninitialized value in multiplication (*) at /usr/lib/perl5/vendor_perl/5.8.8/Date/Manip.pm line 3302.
Use of uninitialized value in multiplication (*) at /usr/lib/perl5/vendor_perl/5.8.8/Date/Manip.pm line 3302.
Use of uninitialized value in numeric lt (<) at /usr/lib/perl5/vendor_perl/5.8.8/Date/Manip.pm line 3299.
Use of uninitialized value in pattern match (m//) at /usr/lib/perl5/vendor_perl/5.8.8/Date/Manip.pm line 3300.
Use of uninitialized value in multiplication (*) at /usr/lib/perl5/vendor_perl/5.8.8/Date/Manip.pm line 3302.
Use of uninitialized value in multiplication (*) at /usr/lib/perl5/vendor_perl/5.8.8/Date/Manip.pm line 3302.
Use of uninitialized value in numeric lt (<) at /usr/lib/perl5/vendor_perl/5.8.8/Date/Manip.pm line 3299.
Use of uninitialized value in pattern match (m//) at /usr/lib/perl5/vendor_perl/5.8.8/Date/Manip.pm line 3300.
Use of uninitialized value in multiplication (*) at /usr/lib/perl5/vendor_perl/5.8.8/Date/Manip.pm line 3302.
Use of uninitialized value in multiplication (*) at /usr/lib/perl5/vendor_perl/5.8.8/Date/Manip.pm line 3302.
Use of uninitialized value in numeric lt (<) at /usr/lib/perl5/vendor_perl/5.8.8/Date/Manip.pm line 3299.
Use of uninitialized value in pattern match (m//) at /usr/lib/perl5/vendor_perl/5.8.8/Date/Manip.pm line 3300.
Use of uninitialized value in multiplication (*) at /usr/lib/perl5/vendor_perl/5.8.8/Date/Manip.pm line 3302.
Use of uninitialized value in multiplication (*) at /usr/lib/perl5/vendor_perl/5.8.8/Date/Manip.pm line 3302.
Use of uninitialized value in numeric lt (<) at /usr/lib/perl5/vendor_perl/5.8.8/Date/Manip.pm line 3299.
Use of uninitialized value in pattern match (m//) at /usr/lib/perl5/vendor_perl/5.8.8/Date/Manip.pm line 3300.
Use of uninitialized value in multiplication (*) at /usr/lib/perl5/vendor_perl/5.8.8/Date/Manip.pm line 3302.
Use of uninitialized value in multiplication (*) at /usr/lib/perl5/vendor_perl/5.8.8/Date/Manip.pm line 3302.
Use of uninitialized value in numeric lt (<) at /usr/lib/perl5/vendor_perl/5.8.8/Date/Manip.pm line 3299.
Use of uninitialized value in pattern match (m//) at /usr/lib/perl5/vendor_perl/5.8.8/Date/Manip.pm line 3300.
Use of uninitialized value in multiplication (*) at /usr/lib/perl5/vendor_perl/5.8.8/Date/Manip.pm line 3302.
Use of uninitialized value in multiplication (*) at /usr/lib/perl5/vendor_perl/5.8.8/Date/Manip.pm line 3302.
Use of uninitialized value in numeric lt (<) at /usr/lib/perl5/vendor_perl/5.8.8/Date/Manip.pm line 3299.
Use of uninitialized value in pattern match (m//) at /usr/lib/perl5/vendor_perl/5.8.8/Date/Manip.pm line 3300.
Use of uninitialized value in multiplication (*) at /usr/lib/perl5/vendor_perl/5.8.8/Date/Manip.pm line 3302.
Use of uninitialized value in multiplication (*) at /usr/lib/perl5/vendor_perl/5.8.8/Date/Manip.pm line 3302.
Use of uninitialized value in numeric lt (<) at /usr/lib/perl5/vendor_perl/5.8.8/Date/Manip.pm line 3299.
Use of uninitialized value in pattern match (m//) at /usr/lib/perl5/vendor_perl/5.8.8/Date/Manip.pm line 3300.
Use of uninitialized value in multiplication (*) at /usr/lib/perl5/vendor_perl/5.8.8/Date/Manip.pm line 3302.
Use of uninitialized value in multiplication (*) at /usr/lib/perl5/vendor_perl/5.8.8/Date/Manip.pm line 3302.
Use of uninitialized value in numeric lt (<) at /usr/lib/perl5/vendor_perl/5.8.8/Date/Manip.pm line 3299.
Use of uninitialized value in pattern match (m//) at /usr/lib/perl5/vendor_perl/5.8.8/Date/Manip.pm line 3300.
Use of uninitialized value in multiplication (*) at /usr/lib/perl5/vendor_perl/5.8.8/Date/Manip.pm line 3302.
Use of uninitialized value in multiplication (*) at /usr/lib/perl5/vendor_perl/5.8.8/Date/Manip.pm line 3302.
Use of uninitialized value in numeric lt (<) at /usr/lib/perl5/vendor_perl/5.8.8/Date/Manip.pm line 3299.
Use of uninitialized value in pattern match (m//) at /usr/lib/perl5/vendor_perl/5.8.8/Date/Manip.pm line 3300.
Use of uninitialized value in multiplication (*) at /usr/lib/perl5/vendor_perl/5.8.8/Date/Manip.pm line 3302.
Use of uninitialized value in multiplication (*) at /usr/lib/perl5/vendor_perl/5.8.8/Date/Manip.pm line 3302.
Use of uninitialized value in numeric lt (<) at /usr/lib/perl5/vendor_perl/5.8.8/Date/Manip.pm line 3299.
Use of uninitialized value in pattern match (m//) at /usr/lib/perl5/vendor_perl/5.8.8/Date/Manip.pm line 3300.
Use of uninitialized value in multiplication (*) at /usr/lib/perl5/vendor_perl/5.8.8/Date/Manip.pm line 3302.
Use of uninitialized value in multiplication (*) at /usr/lib/perl5/vendor_perl/5.8.8/Date/Manip.pm line 3302.
Use of uninitialized value in numeric lt (<) at /usr/lib/perl5/vendor_perl/5.8.8/Date/Manip.pm line 3299.
Use of uninitialized value in pattern match (m//) at /usr/lib/perl5/vendor_perl/5.8.8/Date/Manip.pm line 3300.
Use of uninitialized value in multiplication (*) at /usr/lib/perl5/vendor_perl/5.8.8/Date/Manip.pm line 3302.
Use of uninitialized value in multiplication (*) at /usr/lib/perl5/vendor_perl/5.8.8/Date/Manip.pm line 3302.
Use of uninitialized value in numeric lt (<) at /usr/lib/perl5/vendor_perl/5.8.8/Date/Manip.pm line 3299.
Use of uninitialized value in pattern match (m//) at /usr/lib/perl5/vendor_perl/5.8.8/Date/Manip.pm line 3300.
Use of uninitialized value in multiplication (*) at /usr/lib/perl5/vendor_perl/5.8.8/Date/Manip.pm line 3302.
Use of uninitialized value in multiplication (*) at /usr/lib/perl5/vendor_perl/5.8.8/Date/Manip.pm line 3302.
Use of uninitialized value in numeric lt (<) at /usr/lib/perl5/vendor_perl/5.8.8/Date/Manip.pm line 3299.
Use of uninitialized value in pattern match (m//) at /usr/lib/perl5/vendor_perl/5.8.8/Date/Manip.pm line 3300.
Use of uninitialized value in multiplication (*) at /usr/lib/perl5/vendor_perl/5.8.8/Date/Manip.pm line 3302.
Use of uninitialized value in multiplication (*) at /usr/lib/perl5/vendor_perl/5.8.8/Date/Manip.pm line 3302.
Use of uninitialized value in numeric lt (<) at /usr/lib/perl5/vendor_perl/5.8.8/Date/Manip.pm line 3299.
Use of uninitialized value in pattern match (m//) at /usr/lib/perl5/vendor_perl/5.8.8/Date/Manip.pm line 3300.
Use of uninitialized value in multiplication (*) at /usr/lib/perl5/vendor_perl/5.8.8/Date/Manip.pm line 3302.
Use of uninitialized value in multiplication (*) at /usr/lib/perl5/vendor_perl/5.8.8/Date/Manip.pm line 3302.
Use of uninitialized value in numeric lt (<) at /usr/lib/perl5/vendor_perl/5.8.8/Date/Manip.pm line 3299.
Use of uninitialized value in pattern match (m//) at /usr/lib/perl5/vendor_perl/5.8.8/Date/Manip.pm line 3300.
Use of uninitialized value in multiplication (*) at /usr/lib/perl5/vendor_perl/5.8.8/Date/Manip.pm line 3302.
Use of uninitialized value in multiplication (*) at /usr/lib/perl5/vendor_perl/5.8.8/Date/Manip.pm line 3302.
Use of uninitialized value in numeric lt (<) at /usr/lib/perl5/vendor_perl/5.8.8/Date/Manip.pm line 3299.
Use of uninitialized value in pattern match (m//) at /usr/lib/perl5/vendor_perl/5.8.8/Date/Manip.pm line 3300.
Use of uninitialized value in multiplication (*) at /usr/lib/perl5/vendor_perl/5.8.8/Date/Manip.pm line 3302.
Use of uninitialized value in multiplication (*) at /usr/lib/perl5/vendor_perl/5.8.8/Date/Manip.pm line 3302.
Use of uninitialized value in numeric lt (<) at /usr/lib/perl5/vendor_perl/5.8.8/Date/Manip.pm line 3299.
Use of uninitialized value in pattern match (m//) at /usr/lib/perl5/vendor_perl/5.8.8/Date/Manip.pm line 3300.
Use of uninitialized value in multiplication (*) at /usr/lib/perl5/vendor_perl/5.8.8/Date/Manip.pm line 3302.
Use of uninitialized value in multiplication (*) at /usr/lib/perl5/vendor_perl/5.8.8/Date/Manip.pm line 3302.
Use of uninitialized value in numeric lt (<) at /usr/lib/perl5/vendor_perl/5.8.8/Date/Manip.pm line 3299.
Use of uninitialized value in pattern match (m//) at /usr/lib/perl5/vendor_perl/5.8.8/Date/Manip.pm line 3300.
Use of uninitialized value in multiplication (*) at /usr/lib/perl5/vendor_perl/5.8.8/Date/Manip.pm line 3302.
Use of uninitialized value in multiplication (*) at /usr/lib/perl5/vendor_perl/5.8.8/Date/Manip.pm line 3302.
Use of uninitialized value in numeric lt (<) at /usr/lib/perl5/vendor_perl/5.8.8/Date/Manip.pm line 3299.
Use of uninitialized value in pattern match (m//) at /usr/lib/perl5/vendor_perl/5.8.8/Date/Manip.pm line 3300.
Use of uninitialized value in multiplication (*) at /usr/lib/perl5/vendor_perl/5.8.8/Date/Manip.pm line 3302.
Use of uninitialized value in multiplication (*) at /usr/lib/perl5/vendor_perl/5.8.8/Date/Manip.pm line 3302.
Use of uninitialized value in numeric lt (<) at /usr/lib/perl5/vendor_perl/5.8.8/Date/Manip.pm line 3299.
Use of uninitialized value in pattern match (m//) at /usr/lib/perl5/vendor_perl/5.8.8/Date/Manip.pm line 3300.
Use of uninitialized value in multiplication (*) at /usr/lib/perl5/vendor_perl/5.8.8/Date/Manip.pm line 3302.
Use of uninitialized value in multiplication (*) at /usr/lib/perl5/vendor_perl/5.8.8/Date/Manip.pm line 3302.
Use of uninitialized value in numeric lt (<) at /usr/lib/perl5/vendor_perl/5.8.8/Date/Manip.pm line 3299.
Use of uninitialized value in pattern match (m//) at /usr/lib/perl5/vendor_perl/5.8.8/Date/Manip.pm line 3300.
Use of uninitialized value in multiplication (*) at /usr/lib/perl5/vendor_perl/5.8.8/Date/Manip.pm line 3302.
Use of uninitialized value in multiplication (*) at /usr/lib/perl5/vendor_perl/5.8.8/Date/Manip.pm line 3302.
Use of uninitialized value in numeric lt (<) at /usr/lib/perl5/vendor_perl/5.8.8/Date/Manip.pm line 3299.
Use of uninitialized value in pattern match (m//) at /usr/lib/perl5/vendor_perl/5.8.8/Date/Manip.pm line 3300.
Use of uninitialized value in multiplication (*) at /usr/lib/perl5/vendor_perl/5.8.8/Date/Manip.pm line 3302.
Use of uninitialized value in multiplication (*) at /usr/lib/perl5/vendor_perl/5.8.8/Date/Manip.pm line 3302.
Use of uninitialized value in numeric lt (<) at /usr/lib/perl5/vendor_perl/5.8.8/Date/Manip.pm line 3299.
Use of uninitialized value in pattern match (m//) at /usr/lib/perl5/vendor_perl/5.8.8/Date/Manip.pm line 3300.
Use of uninitialized value in multiplication (*) at /usr/lib/perl5/vendor_perl/5.8.8/Date/Manip.pm line 3302.
Use of uninitialized value in multiplication (*) at /usr/lib/perl5/vendor_perl/5.8.8/Date/Manip.pm line 3302.
Use of uninitialized value in numeric lt (<) at /usr/lib/perl5/vendor_perl/5.8.8/Date/Manip.pm line 3299.
Use of uninitialized value in pattern match (m//) at /usr/lib/perl5/vendor_perl/5.8.8/Date/Manip.pm line 3300.
Use of uninitialized value in multiplication (*) at /usr/lib/perl5/vendor_perl/5.8.8/Date/Manip.pm line 3302.
Use of uninitialized value in multiplication (*) at /usr/lib/perl5/vendor_perl/5.8.8/Date/Manip.pm line 3302.
Use of uninitialized value in numeric lt (<) at /usr/lib/perl5/vendor_perl/5.8.8/Date/Manip.pm line 3299.
Use of uninitialized value in pattern match (m//) at /usr/lib/perl5/vendor_perl/5.8.8/Date/Manip.pm line 3300.
Use of uninitialized value in multiplication (*) at /usr/lib/perl5/vendor_perl/5.8.8/Date/Manip.pm line 3302.
Use of uninitialized value in multiplication (*) at /usr/lib/perl5/vendor_perl/5.8.8/Date/Manip.pm line 3302.
Use of uninitialized value in numeric lt (<) at /usr/lib/perl5/vendor_perl/5.8.8/Date/Manip.pm line 3299.
Use of uninitialized value in pattern match (m//) at /usr/lib/perl5/vendor_perl/5.8.8/Date/Manip.pm line 3300.
Use of uninitialized value in multiplication (*) at /usr/lib/perl5/vendor_perl/5.8.8/Date/Manip.pm line 3302.
Use of uninitialized value in multiplication (*) at /usr/lib/perl5/vendor_perl/5.8.8/Date/Manip.pm line 3302.
Use of uninitialized value in numeric lt (<) at /usr/lib/perl5/vendor_perl/5.8.8/Date/Manip.pm line 3299.
Use of uninitialized value in pattern match (m//) at /usr/lib/perl5/vendor_perl/5.8.8/Date/Manip.pm line 3300.
Use of uninitialized value in multiplication (*) at /usr/lib/perl5/vendor_perl/5.8.8/Date/Manip.pm line 3302.
Use of uninitialized value in multiplication (*) at /usr/lib/perl5/vendor_perl/5.8.8/Date/Manip.pm line 3302.
Use of uninitialized value in numeric lt (<) at /usr/lib/perl5/vendor_perl/5.8.8/Date/Manip.pm line 3299.
Use of uninitialized value in pattern match (m//) at /usr/lib/perl5/vendor_perl/5.8.8/Date/Manip.pm line 3300.
Use of uninitialized value in multiplication (*) at /usr/lib/perl5/vendor_perl/5.8.8/Date/Manip.pm line 3302.
Use of uninitialized value in multiplication (*) at /usr/lib/perl5/vendor_perl/5.8.8/Date/Manip.pm line 3302.
Use of uninitialized value in numeric lt (<) at /usr/lib/perl5/vendor_perl/5.8.8/Date/Manip.pm line 3299.
Use of uninitialized value in pattern match (m//) at /usr/lib/perl5/vendor_perl/5.8.8/Date/Manip.pm line 3300.
Use of uninitialized value in multiplication (*) at /usr/lib/perl5/vendor_perl/5.8.8/Date/Manip.pm line 3302.
Use of uninitialized value in multiplication (*) at /usr/lib/perl5/vendor_perl/5.8.8/Date/Manip.pm line 3302.
Use of uninitialized value in numeric lt (<) at /usr/lib/perl5/vendor_perl/5.8.8/Date/Manip.pm line 3299.
Use of uninitialized value in pattern match (m//) at /usr/lib/perl5/vendor_perl/5.8.8/Date/Manip.pm line 3300.
Use of uninitialized value in multiplication (*) at /usr/lib/perl5/vendor_perl/5.8.8/Date/Manip.pm line 3302.
Use of uninitialized value in multiplication (*) at /usr/lib/perl5/vendor_perl/5.8.8/Date/Manip.pm line 3302.
Use of uninitialized value in numeric lt (<) at /usr/lib/perl5/vendor_perl/5.8.8/Date/Manip.pm line 3299.
Use of uninitialized value in pattern match (m//) at /usr/lib/perl5/vendor_perl/5.8.8/Date/Manip.pm line 3300.
Use of uninitialized value in multiplication (*) at /usr/lib/perl5/vendor_perl/5.8.8/Date/Manip.pm line 3302.
Use of uninitialized value in multiplication (*) at /usr/lib/perl5/vendor_perl/5.8.8/Date/Manip.pm line 3302.
Use of uninitialized value in numeric lt (<) at /usr/lib/perl5/vendor_perl/5.8.8/Date/Manip.pm line 3299.
Use of uninitialized value in pattern match (m//) at /usr/lib/perl5/vendor_perl/5.8.8/Date/Manip.pm line 3300.
Use of uninitialized value in multiplication (*) at /usr/lib/perl5/vendor_perl/5.8.8/Date/Manip.pm line 3302.
Use of uninitialized value in multiplication (*) at /usr/lib/perl5/vendor_perl/5.8.8/Date/Manip.pm line 3302.
Use of uninitialized value in numeric lt (<) at /usr/lib/perl5/vendor_perl/5.8.8/Date/Manip.pm line 3299.
Use of uninitialized value in pattern match (m//) at /usr/lib/perl5/vendor_perl/5.8.8/Date/Manip.pm line 3300.
Use of uninitialized value in multiplication (*) at /usr/lib/perl5/vendor_perl/5.8.8/Date/Manip.pm line 3302.
Use of uninitialized value in multiplication (*) at /usr/lib/perl5/vendor_perl/5.8.8/Date/Manip.pm line 3302.
Use of uninitialized value in numeric lt (<) at /usr/lib/perl5/vendor_perl/5.8.8/Date/Manip.pm line 3299.
Use of uninitialized value in pattern match (m//) at /usr/lib/perl5/vendor_perl/5.8.8/Date/Manip.pm line 3300.
Use of uninitialized value in multiplication (*) at /usr/lib/perl5/vendor_perl/5.8.8/Date/Manip.pm line 3302.
Use of uninitialized value in multiplication (*) at /usr/lib/perl5/vendor_perl/5.8.8/Date/Manip.pm line 3302.
Use of uninitialized value in numeric lt (<) at /usr/lib/perl5/vendor_perl/5.8.8/Date/Manip.pm line 3299.
Use of uninitialized value in pattern match (m//) at /usr/lib/perl5/vendor_perl/5.8.8/Date/Manip.pm line 3300.
Use of uninitialized value in multiplication (*) at /usr/lib/perl5/vendor_perl/5.8.8/Date/Manip.pm line 3302.
Use of uninitialized value in multiplication (*) at /usr/lib/perl5/vendor_perl/5.8.8/Date/Manip.pm line 3302.
Use of uninitialized value in numeric lt (<) at /usr/lib/perl5/vendor_perl/5.8.8/Date/Manip.pm line 3299.
Use of uninitialized value in pattern match (m//) at /usr/lib/perl5/vendor_perl/5.8.8/Date/Manip.pm line 3300.
Use of uninitialized value in multiplication (*) at /usr/lib/perl5/vendor_perl/5.8.8/Date/Manip.pm line 3302.
Use of uninitialized value in multiplication (*) at /usr/lib/perl5/vendor_perl/5.8.8/Date/Manip.pm line 3302.
Use of uninitialized value in numeric lt (<) at /usr/lib/perl5/vendor_perl/5.8.8/Date/Manip.pm line 3299.
Use of uninitialized value in pattern match (m//) at /usr/lib/perl5/vendor_perl/5.8.8/Date/Manip.pm line 3300.
Use of uninitialized value in multiplication (*) at /usr/lib/perl5/vendor_perl/5.8.8/Date/Manip.pm line 3302.
Use of uninitialized value in multiplication (*) at /usr/lib/perl5/vendor_perl/5.8.8/Date/Manip.pm line 3302.
Use of uninitialized value in numeric lt (<) at /usr/lib/perl5/vendor_perl/5.8.8/Date/Manip.pm line 3299.
Use of uninitialized value in pattern match (m//) at /usr/lib/perl5/vendor_perl/5.8.8/Date/Manip.pm line 3300.
Use of uninitialized value in multiplication (*) at /usr/lib/perl5/vendor_perl/5.8.8/Date/Manip.pm line 3302.
Use of uninitialized value in multiplication (*) at /usr/lib/perl5/vendor_perl/5.8.8/Date/Manip.pm line 3302.
Use of uninitialized value in numeric lt (<) at /usr/lib/perl5/vendor_perl/5.8.8/Date/Manip.pm line 3299.
Use of uninitialized value in pattern match (m//) at /usr/lib/perl5/vendor_perl/5.8.8/Date/Manip.pm line 3300.
Use of uninitialized value in multiplication (*) at /usr/lib/perl5/vendor_perl/5.8.8/Date/Manip.pm line 3302.
Use of uninitialized value in multiplication (*) at /usr/lib/perl5/vendor_perl/5.8.8/Date/Manip.pm line 3302.
ok
        3/11 unexpectedly succeeded
t/it............# Sending 0-page query...
# Sending multi-page query...
# Sending 1-page query to check contents...
ok
t/itemnumber....
#   Failed test 'lower-bound num-hits for query=250156179441'
#   in /usr/lib/perl5/vendor_perl/5.8.8/WWW/Search/Test.pm at line 637.
#     '1'
#         <=
#     '0'

#   Failed test 'lower-bound approximate_result_count'
#   in /usr/lib/perl5/vendor_perl/5.8.8/WWW/Search/Test.pm at line 640.
#     '1'
#         <=
#     '0'
# Looks like you failed 2 tests of 9.
dubious
	Test returned status 2 (wstat 512, 0x200)
DIED. FAILED tests 6-7
	Failed 2/9 tests, 77.78% okay
t/motors........# Sending 0-page query...
# Sending multi-page query...

#   Failed test 'lower-bound num-hits for query=Chevrolet'
#   in /usr/lib/perl5/vendor_perl/5.8.8/WWW/Search/Test.pm at line 637.
#     '101'
#         <=
#     '0'

#   Failed test 'lower-bound approximate_result_count'
#   in /usr/lib/perl5/vendor_perl/5.8.8/WWW/Search/Test.pm at line 640.
#     '101'
#         <=
#     '0'
# Sending 1-page query to check contents...

#   Failed test 'lower-bound num-hits for query=REO'
#   in /usr/lib/perl5/vendor_perl/5.8.8/WWW/Search/Test.pm at line 637.
#     '1'
#         <=
#     '0'

#   Failed test 'lower-bound approximate_result_count'
#   in /usr/lib/perl5/vendor_perl/5.8.8/WWW/Search/Test.pm at line 640.
#     '1'
#         <=
#     '0'

#   Failed test 'got some results'
#   in t/motors.t at line 41.
#     '0'
#         <
#     '0'
# Looks like you failed 5 tests of 19.
dubious
	Test returned status 5 (wstat 1280, 0x500)
DIED. FAILED tests 11-12, 14-15, 18
	Failed 5/19 tests, 73.68% okay
t/pod...........ok
t/stores........# Sending 0-page query...
# Sending multi-page query...
# Sending 1-page query for 12-digit UPC...
# Sending query for 10-digit ISBN...
# Sending 1-page query to check contents...
ok
        4/347 unexpectedly succeeded
t/uk............# Sending 0-page query...
# Sending multi-page query...
# Sending 1-page query to check contents...
ok
Failed Test    Stat Wstat Total Fail  Failed  List of Failed
-------------------------------------------------------------------------------
t/bybidderid.t    1   256    14    1   7.14%  5
t/bysellerid.t    3   768    10    3  30.00%  6-7 10
t/fr.t            1   256    25    1   4.00%  16
t/itemnumber.t    2   512     9    2  22.22%  6-7
t/motors.t        5  1280    19    5  26.32%  11-12 14-15 18
 (26 subtests UNEXPECTEDLY SUCCEEDED).
Failed 5/15 test scripts, 66.67% okay. 12/1624 subtests failed, 99.26% okay.
