execve("./Build", ["Build", "test"], [/* 33 vars */]) = 0
uname({sys="Linux", node="gandalf.workpc.tds.net", ...}) = 0
brk(0)                                  = 0x9062000
open("/etc/ld.so.preload", O_RDONLY)    = -1 ENOENT (No such file or directory)
open("/usr/lib/perl5/5.8.1/i386-linux-thread-multi/CORE/tls/i686/mmx/libperl.so", O_RDONLY) = -1 ENOENT (No such file or directory)
stat64("/usr/lib/perl5/5.8.1/i386-linux-thread-multi/CORE/tls/i686/mmx", 0xbffd240c) = -1 ENOENT (No such file or directory)
open("/usr/lib/perl5/5.8.1/i386-linux-thread-multi/CORE/tls/i686/libperl.so", O_RDONLY) = -1 ENOENT (No such file or directory)
stat64("/usr/lib/perl5/5.8.1/i386-linux-thread-multi/CORE/tls/i686", 0xbffd240c) = -1 ENOENT (No such file or directory)
open("/usr/lib/perl5/5.8.1/i386-linux-thread-multi/CORE/tls/mmx/libperl.so", O_RDONLY) = -1 ENOENT (No such file or directory)
stat64("/usr/lib/perl5/5.8.1/i386-linux-thread-multi/CORE/tls/mmx", 0xbffd240c) = -1 ENOENT (No such file or directory)
open("/usr/lib/perl5/5.8.1/i386-linux-thread-multi/CORE/tls/libperl.so", O_RDONLY) = -1 ENOENT (No such file or directory)
stat64("/usr/lib/perl5/5.8.1/i386-linux-thread-multi/CORE/tls", 0xbffd240c) = -1 ENOENT (No such file or directory)
open("/usr/lib/perl5/5.8.1/i386-linux-thread-multi/CORE/i686/mmx/libperl.so", O_RDONLY) = -1 ENOENT (No such file or directory)
stat64("/usr/lib/perl5/5.8.1/i386-linux-thread-multi/CORE/i686/mmx", 0xbffd240c) = -1 ENOENT (No such file or directory)
open("/usr/lib/perl5/5.8.1/i386-linux-thread-multi/CORE/i686/libperl.so", O_RDONLY) = -1 ENOENT (No such file or directory)
stat64("/usr/lib/perl5/5.8.1/i386-linux-thread-multi/CORE/i686", 0xbffd240c) = -1 ENOENT (No such file or directory)
open("/usr/lib/perl5/5.8.1/i386-linux-thread-multi/CORE/mmx/libperl.so", O_RDONLY) = -1 ENOENT (No such file or directory)
stat64("/usr/lib/perl5/5.8.1/i386-linux-thread-multi/CORE/mmx", 0xbffd240c) = -1 ENOENT (No such file or directory)
open("/usr/lib/perl5/5.8.1/i386-linux-thread-multi/CORE/libperl.so", O_RDONLY) = 3
read(3, "\177ELF\1\1\1\0\0\0\0\0\0\0\0\0\3\0\3\0\1\0\0\0P\24\2\000"..., 512) = 512
fstat64(3, {st_mode=S_IFREG|0555, st_size=3378105, ...}) = 0
old_mmap(NULL, 4096, PROT_READ|PROT_WRITE, MAP_PRIVATE|MAP_ANONYMOUS, -1, 0) = 0xbf5b9000
old_mmap(NULL, 1263168, PROT_READ|PROT_EXEC, MAP_PRIVATE, 3, 0) = 0x342000
old_mmap(0x46a000, 45056, PROT_READ|PROT_WRITE, MAP_PRIVATE|MAP_FIXED, 3, 0x128000) = 0x46a000
old_mmap(0x475000, 5696, PROT_READ|PROT_WRITE, MAP_PRIVATE|MAP_FIXED|MAP_ANONYMOUS, -1, 0) = 0x475000
close(3)                                = 0
open("/usr/lib/perl5/5.8.1/i386-linux-thread-multi/CORE/libnsl.so.1", O_RDONLY) = -1 ENOENT (No such file or directory)
open("/etc/ld.so.cache", O_RDONLY)      = 3
fstat64(3, {st_mode=S_IFREG|0644, st_size=73994, ...}) = 0
old_mmap(NULL, 73994, PROT_READ, MAP_PRIVATE, 3, 0) = 0xbf5a6000
close(3)                                = 0
open("/lib/libnsl.so.1", O_RDONLY)      = 3
read(3, "\177ELF\1\1\1\0\0\0\0\0\0\0\0\0\3\0\3\0\1\0\0\0000<\0\000"..., 512) = 512
fstat64(3, {st_mode=S_IFREG|0755, st_size=91396, ...}) = 0
old_mmap(NULL, 85248, PROT_READ|PROT_EXEC, MAP_PRIVATE, 3, 0) = 0xf22000
old_mmap(0xf34000, 4096, PROT_READ|PROT_WRITE, MAP_PRIVATE|MAP_FIXED, 3, 0x11000) = 0xf34000
old_mmap(0xf35000, 7424, PROT_READ|PROT_WRITE, MAP_PRIVATE|MAP_FIXED|MAP_ANONYMOUS, -1, 0) = 0xf35000
close(3)                                = 0
open("/usr/lib/perl5/5.8.1/i386-linux-thread-multi/CORE/libdl.so.2", O_RDONLY) = -1 ENOENT (No such file or directory)
open("/lib/libdl.so.2", O_RDONLY)       = 3
read(3, "\177ELF\1\1\1\0\0\0\0\0\0\0\0\0\3\0\3\0\1\0\0\0P\32\0\000"..., 512) = 512
fstat64(3, {st_mode=S_IFREG|0755, st_size=14680, ...}) = 0
old_mmap(NULL, 12148, PROT_READ|PROT_EXEC, MAP_PRIVATE, 3, 0) = 0x111000
old_mmap(0x113000, 4096, PROT_READ|PROT_WRITE, MAP_PRIVATE|MAP_FIXED, 3, 0x1000) = 0x113000
close(3)                                = 0
open("/usr/lib/perl5/5.8.1/i386-linux-thread-multi/CORE/libm.so.6", O_RDONLY) = -1 ENOENT (No such file or directory)
open("/lib/tls/libm.so.6", O_RDONLY)    = 3
read(3, "\177ELF\1\1\1\0\0\0\0\0\0\0\0\0\3\0\3\0\1\0\0\0\0005\0"..., 512) = 512
fstat64(3, {st_mode=S_IFREG|0755, st_size=211464, ...}) = 0
old_mmap(NULL, 137968, PROT_READ|PROT_EXEC, MAP_PRIVATE, 3, 0) = 0xad7000
old_mmap(0xaf8000, 4096, PROT_READ|PROT_WRITE, MAP_PRIVATE|MAP_FIXED, 3, 0x20000) = 0xaf8000
close(3)                                = 0
open("/usr/lib/perl5/5.8.1/i386-linux-thread-multi/CORE/libcrypt.so.1", O_RDONLY) = -1 ENOENT (No such file or directory)
open("/lib/libcrypt.so.1", O_RDONLY)    = 3
read(3, "\177ELF\1\1\1\0\0\0\0\0\0\0\0\0\3\0\3\0\1\0\0\0\240\t\0"..., 512) = 512
fstat64(3, {st_mode=S_IFREG|0755, st_size=23216, ...}) = 0
old_mmap(NULL, 181212, PROT_READ|PROT_EXEC, MAP_PRIVATE, 3, 0) = 0x56a000
old_mmap(0x56f000, 4096, PROT_READ|PROT_WRITE, MAP_PRIVATE|MAP_FIXED, 3, 0x4000) = 0x56f000
old_mmap(0x570000, 156636, PROT_READ|PROT_WRITE, MAP_PRIVATE|MAP_FIXED|MAP_ANONYMOUS, -1, 0) = 0x570000
close(3)                                = 0
open("/usr/lib/perl5/5.8.1/i386-linux-thread-multi/CORE/libutil.so.1", O_RDONLY) = -1 ENOENT (No such file or directory)
open("/lib/libutil.so.1", O_RDONLY)     = 3
read(3, "\177ELF\1\1\1\0\0\0\0\0\0\0\0\0\3\0\3\0\1\0\0\0@\16\0\000"..., 512) = 512
fstat64(3, {st_mode=S_IFREG|0755, st_size=12484, ...}) = 0
old_mmap(NULL, 10996, PROT_READ|PROT_EXEC, MAP_PRIVATE, 3, 0) = 0x234000
old_mmap(0x236000, 4096, PROT_READ|PROT_WRITE, MAP_PRIVATE|MAP_FIXED, 3, 0x1000) = 0x236000
close(3)                                = 0
open("/usr/lib/perl5/5.8.1/i386-linux-thread-multi/CORE/libpthread.so.0", O_RDONLY) = -1 ENOENT (No such file or directory)
open("/lib/tls/libpthread.so.0", O_RDONLY) = 3
read(3, "\177ELF\1\1\1\0\0\0\0\0\0\0\0\0\3\0\3\0\1\0\0\0\260F\0"..., 512) = 512
fstat64(3, {st_mode=S_IFREG|0755, st_size=98176, ...}) = 0
old_mmap(NULL, 4096, PROT_READ|PROT_WRITE, MAP_PRIVATE|MAP_ANONYMOUS, -1, 0) = 0xbf5a5000
old_mmap(NULL, 65348, PROT_READ|PROT_EXEC, MAP_PRIVATE, 3, 0) = 0x5b3000
old_mmap(0x5c0000, 4096, PROT_READ|PROT_WRITE, MAP_PRIVATE|MAP_FIXED, 3, 0xc000) = 0x5c0000
old_mmap(0x5c1000, 8004, PROT_READ|PROT_WRITE, MAP_PRIVATE|MAP_FIXED|MAP_ANONYMOUS, -1, 0) = 0x5c1000
close(3)                                = 0
open("/usr/lib/perl5/5.8.1/i386-linux-thread-multi/CORE/libc.so.6", O_RDONLY) = -1 ENOENT (No such file or directory)
open("/lib/tls/libc.so.6", O_RDONLY)    = 3
read(3, "\177ELF\1\1\1\0\0\0\0\0\0\0\0\0\3\0\3\0\1\0\0\0@X\1\000"..., 512) = 512
fstat64(3, {st_mode=S_IFREG|0755, st_size=1576112, ...}) = 0
old_mmap(NULL, 1279340, PROT_READ|PROT_EXEC, MAP_PRIVATE, 3, 0) = 0x5c3000
old_mmap(0x6f6000, 12288, PROT_READ|PROT_WRITE, MAP_PRIVATE|MAP_FIXED, 3, 0x133000) = 0x6f6000
old_mmap(0x6f9000, 9580, PROT_READ|PROT_WRITE, MAP_PRIVATE|MAP_FIXED|MAP_ANONYMOUS, -1, 0) = 0x6f9000
close(3)                                = 0
old_mmap(NULL, 4096, PROT_READ|PROT_WRITE, MAP_PRIVATE|MAP_ANONYMOUS, -1, 0) = 0xbf5a4000
set_thread_area({entry_number:-1 -> 6, base_addr:0xbf5a4080, limit:1048575, seg_32bit:1, contents:0, read_exec_only:0, limit_in_pages:1, seg_not_present:0, useable:1}) = 0
munmap(0xbf5a6000, 73994)               = 0
set_tid_address(0xbf5a40c8)             = 9835
rt_sigaction(SIGRTMIN, {0x5b7620, [], SA_RESTORER|SA_SIGINFO, 0x5bdfb0}, NULL, 8) = 0
rt_sigprocmask(SIG_UNBLOCK, [RTMIN], NULL, 8) = 0
getrlimit(RLIMIT_STACK, {rlim_cur=10240*1024, rlim_max=RLIM_INFINITY}) = 0
rt_sigaction(SIGFPE, {SIG_IGN}, {SIG_DFL}, 8) = 0
brk(0)                                  = 0x9062000
brk(0x9083000)                          = 0x9083000
brk(0)                                  = 0x9083000
getuid32()                              = 0
geteuid32()                             = 0
getgid32()                              = 0
getegid32()                             = 0
open("/usr/lib/locale/locale-archive", O_RDONLY|O_LARGEFILE) = 3
fstat64(3, {st_mode=S_IFREG|0644, st_size=33500784, ...}) = 0
mmap2(NULL, 2097152, PROT_READ, MAP_PRIVATE, 3, 0) = 0xbf3a4000
close(3)                                = 0
open("/dev/urandom", O_RDONLY|O_LARGEFILE) = 3
read(3, "^\324\303^", 4)                = 4
close(3)                                = 0
time([1070042460])                      = 1070042460
stat64("/usr/lib/perl5/site_perl/5.8.0/i386-linux-thread-multi", 0xbffd2a60) = -1 ENOENT (No such file or directory)
stat64("/usr/lib/perl5/site_perl/5.8.0", {st_mode=S_IFDIR|0755, st_size=4096, ...}) = 0
stat64("/usr/lib/perl5/vendor_perl/5.8.0/i386-linux-thread-multi", {st_mode=S_IFDIR|0755, st_size=4096, ...}) = 0
stat64("/usr/lib/perl5/vendor_perl/5.8.0", {st_mode=S_IFDIR|0755, st_size=4096, ...}) = 0
stat64("/usr/lib/perl5/5.8.1/5.8.1/i386-linux-thread-multi", 0xbffd2a60) = -1 ENOENT (No such file or directory)
stat64("/usr/lib/perl5/5.8.1/5.8.1", 0xbffd2a60) = -1 ENOENT (No such file or directory)
stat64("/usr/lib/perl5/5.8.1/i386-linux-thread-multi", {st_mode=S_IFDIR|0755, st_size=4096, ...}) = 0
stat64("/usr/lib/perl5/5.8.1/5.8.0/i386-linux-thread-multi", 0xbffd2a60) = -1 ENOENT (No such file or directory)
stat64("/usr/lib/perl5/5.8.1/5.8.0", 0xbffd2a60) = -1 ENOENT (No such file or directory)
ioctl(0, SNDCTL_TMR_TIMEBASE or TCGETS, {B38400 opost isig icanon echo ...}) = 0
_llseek(0, 0, 0xbffd27c0, SEEK_CUR)     = -1 ESPIPE (Illegal seek)
ioctl(1, SNDCTL_TMR_TIMEBASE or TCGETS, {B38400 opost isig icanon echo ...}) = 0
_llseek(1, 0, 0xbffd27c0, SEEK_CUR)     = -1 ESPIPE (Illegal seek)
ioctl(2, SNDCTL_TMR_TIMEBASE or TCGETS, {B38400 opost isig icanon echo ...}) = 0
_llseek(2, 0, 0xbffd27c0, SEEK_CUR)     = -1 ESPIPE (Illegal seek)
open("./Build", O_RDONLY|O_LARGEFILE)   = 3
ioctl(3, SNDCTL_TMR_TIMEBASE or TCGETS, 0xbffd2858) = -1 ENOTTY (Inappropriate ioctl for device)
_llseek(3, 0, [0], SEEK_CUR)            = 0
fcntl64(3, F_SETFD, FD_CLOEXEC)         = 0
fstat64(3, {st_mode=S_IFREG|0755, st_size=1305, ...}) = 0
rt_sigaction(SIGCHLD, NULL, {SIG_DFL}, 8) = 0
readlink("/proc/self/exe", "/usr/bin/perl", 4095) = 13
getpid()                                = 9835
getppid()                               = 9834
read(3, "#! /usr/bin/perl\n\nuse strict;\n\nB"..., 4096) = 1305
stat64("/usr/lib/perl5/5.8.1/i386-linux-thread-multi/strict.pmc", 0xbffd2550) = -1 ENOENT (No such file or directory)
open("/usr/lib/perl5/5.8.1/i386-linux-thread-multi/strict.pm", O_RDONLY|O_LARGEFILE) = -1 ENOENT (No such file or directory)
stat64("/usr/lib/perl5/5.8.1/strict.pmc", 0xbffd2550) = -1 ENOENT (No such file or directory)
open("/usr/lib/perl5/5.8.1/strict.pm", O_RDONLY|O_LARGEFILE) = 4
ioctl(4, SNDCTL_TMR_TIMEBASE or TCGETS, 0xbffd2358) = -1 ENOTTY (Inappropriate ioctl for device)
_llseek(4, 0, [0], SEEK_CUR)            = 0
read(4, "package strict;\n\n$strict::VERSIO"..., 4096) = 3295
_llseek(4, 598, [598], SEEK_SET)        = 0
_llseek(4, 0, [598], SEEK_CUR)          = 0
close(4)                                = 0
chdir("/root/.cpan/build/Log-Dispatch-2.08") = 0
stat64("/usr/lib/perl5/5.8.1/i386-linux-thread-multi/MyModuleBuilder.pmc", 0xbffd2550) = -1 ENOENT (No such file or directory)
open("/usr/lib/perl5/5.8.1/i386-linux-thread-multi/MyModuleBuilder.pm", O_RDONLY|O_LARGEFILE) = -1 ENOENT (No such file or directory)
stat64("/usr/lib/perl5/5.8.1/MyModuleBuilder.pmc", 0xbffd2550) = -1 ENOENT (No such file or directory)
open("/usr/lib/perl5/5.8.1/MyModuleBuilder.pm", O_RDONLY|O_LARGEFILE) = -1 ENOENT (No such file or directory)
stat64("/usr/lib/perl5/site_perl/5.8.1/i386-linux-thread-multi/MyModuleBuilder.pmc", 0xbffd2550) = -1 ENOENT (No such file or directory)
open("/usr/lib/perl5/site_perl/5.8.1/i386-linux-thread-multi/MyModuleBuilder.pm", O_RDONLY|O_LARGEFILE) = -1 ENOENT (No such file or directory)
stat64("/usr/lib/perl5/site_perl/5.8.1/MyModuleBuilder.pmc", 0xbffd2550) = -1 ENOENT (No such file or directory)
open("/usr/lib/perl5/site_perl/5.8.1/MyModuleBuilder.pm", O_RDONLY|O_LARGEFILE) = -1 ENOENT (No such file or directory)
stat64("/usr/lib/perl5/site_perl/5.8.0/MyModuleBuilder.pmc", 0xbffd2550) = -1 ENOENT (No such file or directory)
open("/usr/lib/perl5/site_perl/5.8.0/MyModuleBuilder.pm", O_RDONLY|O_LARGEFILE) = -1 ENOENT (No such file or directory)
stat64("/usr/lib/perl5/site_perl/MyModuleBuilder.pmc", 0xbffd2550) = -1 ENOENT (No such file or directory)
open("/usr/lib/perl5/site_perl/MyModuleBuilder.pm", O_RDONLY|O_LARGEFILE) = -1 ENOENT (No such file or directory)
stat64("/usr/lib/perl5/vendor_perl/5.8.1/i386-linux-thread-multi/MyModuleBuilder.pmc", 0xbffd2550) = -1 ENOENT (No such file or directory)
open("/usr/lib/perl5/vendor_perl/5.8.1/i386-linux-thread-multi/MyModuleBuilder.pm", O_RDONLY|O_LARGEFILE) = -1 ENOENT (No such file or directory)
stat64("/usr/lib/perl5/vendor_perl/5.8.1/MyModuleBuilder.pmc", 0xbffd2550) = -1 ENOENT (No such file or directory)
open("/usr/lib/perl5/vendor_perl/5.8.1/MyModuleBuilder.pm", O_RDONLY|O_LARGEFILE) = -1 ENOENT (No such file or directory)
stat64("/usr/lib/perl5/vendor_perl/5.8.0/i386-linux-thread-multi/MyModuleBuilder.pmc", 0xbffd2550) = -1 ENOENT (No such file or directory)
open("/usr/lib/perl5/vendor_perl/5.8.0/i386-linux-thread-multi/MyModuleBuilder.pm", O_RDONLY|O_LARGEFILE) = -1 ENOENT (No such file or directory)
stat64("/usr/lib/perl5/vendor_perl/5.8.0/MyModuleBuilder.pmc", 0xbffd2550) = -1 ENOENT (No such file or directory)
open("/usr/lib/perl5/vendor_perl/5.8.0/MyModuleBuilder.pm", O_RDONLY|O_LARGEFILE) = -1 ENOENT (No such file or directory)
stat64("/usr/lib/perl5/vendor_perl/MyModuleBuilder.pmc", 0xbffd2550) = -1 ENOENT (No such file or directory)
open("/usr/lib/perl5/vendor_perl/MyModuleBuilder.pm", O_RDONLY|O_LARGEFILE) = -1 ENOENT (No such file or directory)
stat64("/usr/lib/perl5/5.8.1/i386-linux-thread-multi/MyModuleBuilder.pmc", 0xbffd2550) = -1 ENOENT (No such file or directory)
open("/usr/lib/perl5/5.8.1/i386-linux-thread-multi/MyModuleBuilder.pm", O_RDONLY|O_LARGEFILE) = -1 ENOENT (No such file or directory)
stat64("/usr/lib/perl5/5.8.1/MyModuleBuilder.pmc", 0xbffd2550) = -1 ENOENT (No such file or directory)
open("/usr/lib/perl5/5.8.1/MyModuleBuilder.pm", O_RDONLY|O_LARGEFILE) = -1 ENOENT (No such file or directory)
stat64("/root/.cpan/build/Log-Dispatch-2.08/MyModuleBuilder.pmc", 0xbffd2550) = -1 ENOENT (No such file or directory)
open("/root/.cpan/build/Log-Dispatch-2.08/MyModuleBuilder.pm", O_RDONLY|O_LARGEFILE) = -1 ENOENT (No such file or directory)
stat64("/root/.cpan/build/Log-Dispatch-2.08/_build/lib/MyModuleBuilder.pmc", 0xbffd2550) = -1 ENOENT (No such file or directory)
open("/root/.cpan/build/Log-Dispatch-2.08/_build/lib/MyModuleBuilder.pm", O_RDONLY|O_LARGEFILE) = 4
ioctl(4, SNDCTL_TMR_TIMEBASE or TCGETS, 0xbffd2358) = -1 ENOTTY (Inappropriate ioctl for device)
_llseek(4, 0, [0], SEEK_CUR)            = 0
read(4, "package MyModuleBuilder;\nuse Mod"..., 4096) = 163
stat64("/usr/lib/perl5/5.8.1/i386-linux-thread-multi/Module/Build.pmc", 0xbffd2020) = -1 ENOENT (No such file or directory)
open("/usr/lib/perl5/5.8.1/i386-linux-thread-multi/Module/Build.pm", O_RDONLY|O_LARGEFILE) = -1 ENOENT (No such file or directory)
stat64("/usr/lib/perl5/5.8.1/Module/Build.pmc", 0xbffd2020) = -1 ENOENT (No such file or directory)
open("/usr/lib/perl5/5.8.1/Module/Build.pm", O_RDONLY|O_LARGEFILE) = -1 ENOENT (No such file or directory)
stat64("/usr/lib/perl5/site_perl/5.8.1/i386-linux-thread-multi/Module/Build.pmc", 0xbffd2020) = -1 ENOENT (No such file or directory)
open("/usr/lib/perl5/site_perl/5.8.1/i386-linux-thread-multi/Module/Build.pm", O_RDONLY|O_LARGEFILE) = -1 ENOENT (No such file or directory)
stat64("/usr/lib/perl5/site_perl/5.8.1/Module/Build.pmc", 0xbffd2020) = -1 ENOENT (No such file or directory)
open("/usr/lib/perl5/site_perl/5.8.1/Module/Build.pm", O_RDONLY|O_LARGEFILE) = 5
ioctl(5, SNDCTL_TMR_TIMEBASE or TCGETS, 0xbffd1e28) = -1 ENOTTY (Inappropriate ioctl for device)
_llseek(5, 0, [0], SEEK_CUR)            = 0
brk(0)                                  = 0x9083000
brk(0x90a4000)                          = 0x90a4000
read(5, "package Module::Build;\n\n# This m"..., 4096) = 4096
stat64("/usr/lib/perl5/5.8.1/i386-linux-thread-multi/File/Spec.pmc", 0xbffd1af0) = -1 ENOENT (No such file or directory)
open("/usr/lib/perl5/5.8.1/i386-linux-thread-multi/File/Spec.pm", O_RDONLY|O_LARGEFILE) = -1 ENOENT (No such file or directory)
stat64("/usr/lib/perl5/5.8.1/File/Spec.pmc", 0xbffd1af0) = -1 ENOENT (No such file or directory)
open("/usr/lib/perl5/5.8.1/File/Spec.pm", O_RDONLY|O_LARGEFILE) = 6
ioctl(6, SNDCTL_TMR_TIMEBASE or TCGETS, 0xbffd18f8) = -1 ENOTTY (Inappropriate ioctl for device)
_llseek(6, 0, [0], SEEK_CUR)            = 0
read(6, "package File::Spec;\n\nuse strict;"..., 4096) = 4096
stat64("/usr/lib/perl5/5.8.1/i386-linux-thread-multi/vars.pmc", 0xbffd15c0) = -1 ENOENT (No such file or directory)
open("/usr/lib/perl5/5.8.1/i386-linux-thread-multi/vars.pm", O_RDONLY|O_LARGEFILE) = -1 ENOENT (No such file or directory)
stat64("/usr/lib/perl5/5.8.1/vars.pmc", 0xbffd15c0) = -1 ENOENT (No such file or directory)
open("/usr/lib/perl5/5.8.1/vars.pm", O_RDONLY|O_LARGEFILE) = 7
ioctl(7, SNDCTL_TMR_TIMEBASE or TCGETS, 0xbffd13c8) = -1 ENOTTY (Inappropriate ioctl for device)
_llseek(7, 0, [0], SEEK_CUR)            = 0
read(7, "package vars;\n\nuse 5.006;\n\nour $"..., 4096) = 2358
stat64("/usr/lib/perl5/5.8.1/i386-linux-thread-multi/warnings/register.pmc", 0xbffd1090) = -1 ENOENT (No such file or directory)
open("/usr/lib/perl5/5.8.1/i386-linux-thread-multi/warnings/register.pm", O_RDONLY|O_LARGEFILE) = -1 ENOENT (No such file or directory)
stat64("/usr/lib/perl5/5.8.1/warnings/register.pmc", 0xbffd1090) = -1 ENOENT (No such file or directory)
open("/usr/lib/perl5/5.8.1/warnings/register.pm", O_RDONLY|O_LARGEFILE) = 8
ioctl(8, SNDCTL_TMR_TIMEBASE or TCGETS, 0xbffd0e98) = -1 ENOTTY (Inappropriate ioctl for device)
_llseek(8, 0, [0], SEEK_CUR)            = 0
read(8, "package warnings::register ;\n\nou"..., 4096) = 1014
read(8, "", 4096)                       = 0
close(8)                                = 0
stat64("/usr/lib/perl5/5.8.1/i386-linux-thread-multi/warnings.pmc", 0xbffd1090) = -1 ENOENT (No such file or directory)
open("/usr/lib/perl5/5.8.1/i386-linux-thread-multi/warnings.pm", O_RDONLY|O_LARGEFILE) = -1 ENOENT (No such file or directory)
stat64("/usr/lib/perl5/5.8.1/warnings.pmc", 0xbffd1090) = -1 ENOENT (No such file or directory)
open("/usr/lib/perl5/5.8.1/warnings.pm", O_RDONLY|O_LARGEFILE) = 8
ioctl(8, SNDCTL_TMR_TIMEBASE or TCGETS, 0xbffd0e98) = -1 ENOTTY (Inappropriate ioctl for device)
_llseek(8, 0, [0], SEEK_CUR)            = 0
read(8, "\n# !!!!!!!   DO NOT EDIT THIS FI"..., 4096) = 4096
stat64("/usr/lib/perl5/5.8.1/i386-linux-thread-multi/Carp.pmc", 0xbffd0b60) = -1 ENOENT (No such file or directory)
open("/usr/lib/perl5/5.8.1/i386-linux-thread-multi/Carp.pm", O_RDONLY|O_LARGEFILE) = -1 ENOENT (No such file or directory)
stat64("/usr/lib/perl5/5.8.1/Carp.pmc", 0xbffd0b60) = -1 ENOENT (No such file or directory)
open("/usr/lib/perl5/5.8.1/Carp.pm", O_RDONLY|O_LARGEFILE) = 9
ioctl(9, SNDCTL_TMR_TIMEBASE or TCGETS, 0xbffd0968) = -1 ENOTTY (Inappropriate ioctl for device)
_llseek(9, 0, [0], SEEK_CUR)            = 0
read(9, "package Carp;\n\nour $VERSION = \'1"..., 4096) = 4096
read(9, "                      # Reconcil"..., 4096) = 2623
read(9, "", 4096)                       = 0
close(9)                                = 0
stat64("/usr/lib/perl5/5.8.1/i386-linux-thread-multi/Exporter.pmc", 0xbffd0b60) = -1 ENOENT (No such file or directory)
open("/usr/lib/perl5/5.8.1/i386-linux-thread-multi/Exporter.pm", O_RDONLY|O_LARGEFILE) = -1 ENOENT (No such file or directory)
stat64("/usr/lib/perl5/5.8.1/Exporter.pmc", 0xbffd0b60) = -1 ENOENT (No such file or directory)
open("/usr/lib/perl5/5.8.1/Exporter.pm", O_RDONLY|O_LARGEFILE) = 9
ioctl(9, SNDCTL_TMR_TIMEBASE or TCGETS, 0xbffd0968) = -1 ENOTTY (Inappropriate ioctl for device)
_llseek(9, 0, [0], SEEK_CUR)            = 0
read(9, "package Exporter;\n\nrequire 5.006"..., 4096) = 4096
brk(0)                                  = 0x90a4000
brk(0x90c5000)                          = 0x90c5000
_llseek(9, 2105, [2105], SEEK_SET)      = 0
_llseek(9, 0, [2105], SEEK_CUR)         = 0
close(9)                                = 0
read(8, "\n    \'y2k\'\t\t=> 92,\n  );\n\nour %Bi"..., 4096) = 4096
read(8, "0\\x00\\x20\\x00\\x00\\x00\\x00\\x00\\x0"..., 4096) = 4096
read(8, "k, $Offsets{\'all\'}, 1)) {\n      "..., 4096) = 3428
read(8, "", 4096)                       = 0
close(8)                                = 0
_llseek(7, 1148, [1148], SEEK_SET)      = 0
_llseek(7, 0, [1148], SEEK_CUR)         = 0
close(7)                                = 0
_llseek(6, 506, [506], SEEK_SET)        = 0
_llseek(6, 0, [506], SEEK_CUR)          = 0
close(6)                                = 0
stat64("/usr/lib/perl5/5.8.1/i386-linux-thread-multi/File/Spec/Unix.pmc", 0xbffd1af0) = -1 ENOENT (No such file or directory)
open("/usr/lib/perl5/5.8.1/i386-linux-thread-multi/File/Spec/Unix.pm", O_RDONLY|O_LARGEFILE) = -1 ENOENT (No such file or directory)
stat64("/usr/lib/perl5/5.8.1/File/Spec/Unix.pmc", 0xbffd1af0) = -1 ENOENT (No such file or directory)
open("/usr/lib/perl5/5.8.1/File/Spec/Unix.pm", O_RDONLY|O_LARGEFILE) = 6
ioctl(6, SNDCTL_TMR_TIMEBASE or TCGETS, 0xbffd18f8) = -1 ENOTTY (Inappropriate ioctl for device)
_llseek(6, 0, [0], SEEK_CUR)            = 0
read(6, "package File::Spec::Unix;\n\nuse s"..., 4096) = 4096
read(6, "hose that refer to a parent\ndire"..., 4096) = 4096
read(6, "ted to absolute form using L</re"..., 4096) = 3323
brk(0)                                  = 0x90c5000
brk(0x90e6000)                          = 0x90e6000
read(6, "", 4096)                       = 0
close(6)                                = 0
stat64("/usr/lib/perl5/5.8.1/i386-linux-thread-multi/File/Path.pmc", 0xbffd1af0) = -1 ENOENT (No such file or directory)
open("/usr/lib/perl5/5.8.1/i386-linux-thread-multi/File/Path.pm", O_RDONLY|O_LARGEFILE) = -1 ENOENT (No such file or directory)
stat64("/usr/lib/perl5/5.8.1/File/Path.pmc", 0xbffd1af0) = -1 ENOENT (No such file or directory)
open("/usr/lib/perl5/5.8.1/File/Path.pm", O_RDONLY|O_LARGEFILE) = 6
ioctl(6, SNDCTL_TMR_TIMEBASE or TCGETS, 0xbffd18f8) = -1 ENOTTY (Inappropriate ioctl for device)
_llseek(6, 0, [0], SEEK_CUR)            = 0
read(6, "package File::Path;\n\n=head1 NAME"..., 4096) = 4096
stat64("/usr/lib/perl5/5.8.1/i386-linux-thread-multi/File/Basename.pmc", 0xbffd15c0) = -1 ENOENT (No such file or directory)
open("/usr/lib/perl5/5.8.1/i386-linux-thread-multi/File/Basename.pm", O_RDONLY|O_LARGEFILE) = -1 ENOENT (No such file or directory)
stat64("/usr/lib/perl5/5.8.1/File/Basename.pmc", 0xbffd15c0) = -1 ENOENT (No such file or directory)
open("/usr/lib/perl5/5.8.1/File/Basename.pm", O_RDONLY|O_LARGEFILE) = 7
ioctl(7, SNDCTL_TMR_TIMEBASE or TCGETS, 0xbffd13c8) = -1 ENOTTY (Inappropriate ioctl for device)
_llseek(7, 0, [0], SEEK_CUR)            = 0
read(7, "package File::Basename;\n\n=head1 "..., 4096) = 4096
read(7, "f fileparse(), but differs in so"..., 4096) = 4096
stat64("/usr/lib/perl5/5.8.1/i386-linux-thread-multi/re.pmc", 0xbffd10d0) = -1 ENOENT (No such file or directory)
open("/usr/lib/perl5/5.8.1/i386-linux-thread-multi/re.pm", O_RDONLY|O_LARGEFILE) = 8
ioctl(8, SNDCTL_TMR_TIMEBASE or TCGETS, 0xbffd0ed8) = -1 ENOTTY (Inappropriate ioctl for device)
_llseek(8, 0, [0], SEEK_CUR)            = 0
read(8, "package re;\n\nour $VERSION = 0.04"..., 4096) = 4019
read(8, "", 4096)                       = 0
close(8)                                = 0
read(7, "(MSDOS) (and\n#        the last d"..., 4096) = 1225
read(7, "", 4096)                       = 0
close(7)                                = 0
read(6, "ixify($path);\n\t    if ($path =~ "..., 4096) = 3455
brk(0)                                  = 0x90e6000
brk(0x9107000)                          = 0x9107000
read(6, "", 4096)                       = 0
close(6)                                = 0
_llseek(5, 1893, [1893], SEEK_SET)      = 0
_llseek(5, 0, [1893], SEEK_CUR)         = 0
close(5)                                = 0
stat64("/usr/lib/perl5/5.8.1/i386-linux-thread-multi/Module/Build/Platform/linux.pm", 0x90620c8) = -1 ENOENT (No such file or directory)
stat64("/usr/lib/perl5/5.8.1/Module/Build/Platform/linux.pm", 0x90620c8) = -1 ENOENT (No such file or directory)
stat64("/usr/lib/perl5/site_perl/5.8.1/i386-linux-thread-multi/Module/Build/Platform/linux.pm", 0x90620c8) = -1 ENOENT (No such file or directory)
stat64("/usr/lib/perl5/site_perl/5.8.1/Module/Build/Platform/linux.pm", 0x90620c8) = -1 ENOENT (No such file or directory)
stat64("/usr/lib/perl5/site_perl/5.8.0/Module/Build/Platform/linux.pm", 0x90620c8) = -1 ENOENT (No such file or directory)
stat64("/usr/lib/perl5/site_perl/Module/Build/Platform/linux.pm", 0x90620c8) = -1 ENOENT (No such file or directory)
stat64("/usr/lib/perl5/vendor_perl/5.8.1/i386-linux-thread-multi/Module/Build/Platform/linux.pm", 0x90620c8) = -1 ENOENT (No such file or directory)
stat64("/usr/lib/perl5/vendor_perl/5.8.1/Module/Build/Platform/linux.pm", 0x90620c8) = -1 ENOENT (No such file or directory)
stat64("/usr/lib/perl5/vendor_perl/5.8.0/i386-linux-thread-multi/Module/Build/Platform/linux.pm", 0x90620c8) = -1 ENOENT (No such file or directory)
stat64("/usr/lib/perl5/vendor_perl/5.8.0/Module/Build/Platform/linux.pm", 0x90620c8) = -1 ENOENT (No such file or directory)
stat64("/usr/lib/perl5/vendor_perl/Module/Build/Platform/linux.pm", 0x90620c8) = -1 ENOENT (No such file or directory)
stat64("/usr/lib/perl5/5.8.1/i386-linux-thread-multi/Module/Build/Platform/linux.pm", 0x90620c8) = -1 ENOENT (No such file or directory)
stat64("/usr/lib/perl5/5.8.1/Module/Build/Platform/linux.pm", 0x90620c8) = -1 ENOENT (No such file or directory)
stat64("/root/.cpan/build/Log-Dispatch-2.08/Module/Build/Platform/linux.pm", 0x90620c8) = -1 ENOENT (No such file or directory)
stat64("/root/.cpan/build/Log-Dispatch-2.08/_build/lib/Module/Build/Platform/linux.pm", 0x90620c8) = -1 ENOENT (No such file or directory)
stat64("/usr/lib/perl5/5.8.1/i386-linux-thread-multi/Module/Build/Platform/Unix.pmc", 0xbffd1b50) = -1 ENOENT (No such file or directory)
open("/usr/lib/perl5/5.8.1/i386-linux-thread-multi/Module/Build/Platform/Unix.pm", O_RDONLY|O_LARGEFILE) = -1 ENOENT (No such file or directory)
stat64("/usr/lib/perl5/5.8.1/Module/Build/Platform/Unix.pmc", 0xbffd1b50) = -1 ENOENT (No such file or directory)
open("/usr/lib/perl5/5.8.1/Module/Build/Platform/Unix.pm", O_RDONLY|O_LARGEFILE) = -1 ENOENT (No such file or directory)
stat64("/usr/lib/perl5/site_perl/5.8.1/i386-linux-thread-multi/Module/Build/Platform/Unix.pmc", 0xbffd1b50) = -1 ENOENT (No such file or directory)
open("/usr/lib/perl5/site_perl/5.8.1/i386-linux-thread-multi/Module/Build/Platform/Unix.pm", O_RDONLY|O_LARGEFILE) = -1 ENOENT (No such file or directory)
stat64("/usr/lib/perl5/site_perl/5.8.1/Module/Build/Platform/Unix.pmc", 0xbffd1b50) = -1 ENOENT (No such file or directory)
open("/usr/lib/perl5/site_perl/5.8.1/Module/Build/Platform/Unix.pm", O_RDONLY|O_LARGEFILE) = 5
ioctl(5, SNDCTL_TMR_TIMEBASE or TCGETS, 0xbffd1958) = -1 ENOTTY (Inappropriate ioctl for device)
_llseek(5, 0, [0], SEEK_CUR)            = 0
read(5, "package Module::Build::Platform:"..., 4096) = 829
stat64("/usr/lib/perl5/5.8.1/i386-linux-thread-multi/Module/Build/Base.pmc", 0xbffd1620) = -1 ENOENT (No such file or directory)
open("/usr/lib/perl5/5.8.1/i386-linux-thread-multi/Module/Build/Base.pm", O_RDONLY|O_LARGEFILE) = -1 ENOENT (No such file or directory)
stat64("/usr/lib/perl5/5.8.1/Module/Build/Base.pmc", 0xbffd1620) = -1 ENOENT (No such file or directory)
open("/usr/lib/perl5/5.8.1/Module/Build/Base.pm", O_RDONLY|O_LARGEFILE) = -1 ENOENT (No such file or directory)
stat64("/usr/lib/perl5/site_perl/5.8.1/i386-linux-thread-multi/Module/Build/Base.pmc", 0xbffd1620) = -1 ENOENT (No such file or directory)
open("/usr/lib/perl5/site_perl/5.8.1/i386-linux-thread-multi/Module/Build/Base.pm", O_RDONLY|O_LARGEFILE) = -1 ENOENT (No such file or directory)
stat64("/usr/lib/perl5/site_perl/5.8.1/Module/Build/Base.pmc", 0xbffd1620) = -1 ENOENT (No such file or directory)
open("/usr/lib/perl5/site_perl/5.8.1/Module/Build/Base.pm", O_RDONLY|O_LARGEFILE) = 6
ioctl(6, SNDCTL_TMR_TIMEBASE or TCGETS, 0xbffd1428) = -1 ENOTTY (Inappropriate ioctl for device)
_llseek(6, 0, [0], SEEK_CUR)            = 0
read(6, "package Module::Build::Base;\n\nus"..., 4096) = 4096
stat64("/usr/lib/perl5/5.8.1/i386-linux-thread-multi/Config.pmc", 0xbffd10f0) = -1 ENOENT (No such file or directory)
open("/usr/lib/perl5/5.8.1/i386-linux-thread-multi/Config.pm", O_RDONLY|O_LARGEFILE) = 7
ioctl(7, SNDCTL_TMR_TIMEBASE or TCGETS, 0xbffd0ef8) = -1 ENOTTY (Inappropriate ioctl for device)
_llseek(7, 0, [0], SEEK_CUR)            = 0
read(7, "# This file was created by confi"..., 4096) = 4096
read(7, "POSIX PerlIO/encoding PerlIO/sca"..., 4096) = 4096
read(7, "__=1 unix=1 __unix=1 __unix__=1\'"..., 4096) = 4096
read(7, "efine\'\nd_mkstemps=\'undef\'\nd_mkti"..., 4096) = 4096
read(7, "32_t\'\ndb_prefixtype=\'size_t\'\ndb_"..., 4096) = 4096
read(7, "inc_version_list=\'5.8.0/i386-lin"..., 4096) = 4096
read(7, "perl5/5.8.1\'\nprocselfexe=\'\"/proc"..., 4096) = 4096
read(7, "ed char\'\nuidformat=\'\"lu\"\'\nuidsig"..., 4096) = 4096
brk(0)                                  = 0x9107000
brk(0x9128000)                          = 0x9128000
read(7, "  }\n\n    $self->{$key} = $value;"..., 4096) = 3448
read(7, "", 4096)                       = 0
close(7)                                = 0
stat64("/usr/lib/perl5/5.8.1/i386-linux-thread-multi/File/Copy.pmc", 0xbffd10f0) = -1 ENOENT (No such file or directory)
open("/usr/lib/perl5/5.8.1/i386-linux-thread-multi/File/Copy.pm", O_RDONLY|O_LARGEFILE) = -1 ENOENT (No such file or directory)
stat64("/usr/lib/perl5/5.8.1/File/Copy.pmc", 0xbffd10f0) = -1 ENOENT (No such file or directory)
open("/usr/lib/perl5/5.8.1/File/Copy.pm", O_RDONLY|O_LARGEFILE) = 7
ioctl(7, SNDCTL_TMR_TIMEBASE or TCGETS, 0xbffd0ef8) = -1 ENOTTY (Inappropriate ioctl for device)
_llseek(7, 0, [0], SEEK_CUR)            = 0
read(7, "# File/Copy.pm. Written in 1994 "..., 4096) = 4096
read(7, " {\n           $t = syswrite($to_"..., 4096) = 4096
_llseek(7, 6867, [6867], SEEK_SET)      = 0
_llseek(7, 0, [6867], SEEK_CUR)         = 0
close(7)                                = 0
stat64("/usr/lib/perl5/5.8.1/i386-linux-thread-multi/File/Find.pmc", 0xbffd10f0) = -1 ENOENT (No such file or directory)
open("/usr/lib/perl5/5.8.1/i386-linux-thread-multi/File/Find.pm", O_RDONLY|O_LARGEFILE) = -1 ENOENT (No such file or directory)
stat64("/usr/lib/perl5/5.8.1/File/Find.pmc", 0xbffd10f0) = -1 ENOENT (No such file or directory)
open("/usr/lib/perl5/5.8.1/File/Find.pm", O_RDONLY|O_LARGEFILE) = 7
ioctl(7, SNDCTL_TMR_TIMEBASE or TCGETS, 0xbffd0ef8) = -1 ENOTTY (Inappropriate ioctl for device)
_llseek(7, 0, [0], SEEK_CUR)            = 0
read(7, "package File::Find;\nuse 5.006;\nu"..., 4096) = 4096
read(7, "heaper both in space and time.  "..., 4096) = 4096
read(7, "     int(-M _) > 7 &&\n        un"..., 4096) = 4096
read(7, "cPerl built-in functions C<GetFi"..., 4096) = 4096
brk(0)                                  = 0x9128000
brk(0x9149000)                          = 0x9149000
read(7, "ne);\nsub _find_dir_symlnk($$$);\n"..., 4096) = 4096
read(7, "\t    unless ($no_chdir || chdir "..., 4096) = 4096
read(7, "# This dir has subdirectories.\n\t"..., 4096) = 4096
brk(0)                                  = 0x9149000
brk(0x916a000)                          = 0x916a000
read(7, "    # to it later \n\t    unless ("..., 4096) = 4096
read(7, "anted_callback->() }; # protect "..., 4096) = 2254
read(7, "", 4096)                       = 0
close(7)                                = 0
stat64("/usr/lib/perl5/5.8.1/i386-linux-thread-multi/Cwd.pmc", 0xbffd10f0) = -1 ENOENT (No such file or directory)
open("/usr/lib/perl5/5.8.1/i386-linux-thread-multi/Cwd.pm", O_RDONLY|O_LARGEFILE) = 7
ioctl(7, SNDCTL_TMR_TIMEBASE or TCGETS, 0xbffd0ef8) = -1 ENOTTY (Inappropriate ioctl for device)
_llseek(7, 0, [0], SEEK_CUR)            = 0
read(7, "package Cwd;\nuse 5.006;\n\n=head1 "..., 4096) = 4096
stat64("/usr/lib/perl5/5.8.1/i386-linux-thread-multi/base.pmc", 0xbffd0bc0) = -1 ENOENT (No such file or directory)
open("/usr/lib/perl5/5.8.1/i386-linux-thread-multi/base.pm", O_RDONLY|O_LARGEFILE) = -1 ENOENT (No such file or directory)
stat64("/usr/lib/perl5/5.8.1/base.pmc", 0xbffd0bc0) = -1 ENOENT (No such file or directory)
open("/usr/lib/perl5/5.8.1/base.pm", O_RDONLY|O_LARGEFILE) = 8
ioctl(8, SNDCTL_TMR_TIMEBASE or TCGETS, 0xbffd09c8) = -1 ENOTTY (Inappropriate ioctl for device)
_llseek(8, 0, [0], SEEK_CUR)            = 0
read(8, "package base;\n\nuse strict \'vars\'"..., 4096) = 4096
brk(0)                                  = 0x916a000
brk(0x918b000)                          = 0x918b000
_llseek(8, 3649, [3649], SEEK_SET)      = 0
_llseek(8, 0, [3649], SEEK_CUR)         = 0
close(8)                                = 0
read(7, "ing $ENV{PATH}\n# so everything w"..., 4096) = 4096
read(7, "{\n\treturn $ENV{\'PWD\'} = $ENV{\'DE"..., 4096) = 4096
read(7, "CDPATH} = \'\';\n\tlocal $ENV{ENV} ="..., 4096) = 2409
brk(0)                                  = 0x918b000
brk(0x91ac000)                          = 0x91ac000
read(7, "", 4096)                       = 0
close(7)                                = 0
stat64("/usr/lib/perl5/5.8.1/i386-linux-thread-multi/XSLoader.pmc", 0xbffd10f0) = -1 ENOENT (No such file or directory)
open("/usr/lib/perl5/5.8.1/i386-linux-thread-multi/XSLoader.pm", O_RDONLY|O_LARGEFILE) = 7
ioctl(7, SNDCTL_TMR_TIMEBASE or TCGETS, 0xbffd0ef8) = -1 ENOTTY (Inappropriate ioctl for device)
_llseek(7, 0, [0], SEEK_CUR)            = 0
read(7, "# Generated from XSLoader.pm.PL "..., 4096) = 4096
_llseek(7, 2830, [2830], SEEK_SET)      = 0
_llseek(7, 0, [2830], SEEK_CUR)         = 0
close(7)                                = 0
stat64("/usr/lib/perl5/5.8.1/i386-linux-thread-multi/auto/Cwd/Cwd.so", {st_mode=S_IFREG|0555, st_size=83726, ...}) = 0
stat64("/usr/lib/perl5/5.8.1/i386-linux-thread-multi/auto/Cwd/Cwd.bs", {st_mode=S_IFREG|0444, st_size=0, ...}) = 0
futex(0x113f70, FUTEX_WAKE, 2147483647) = 0
open("/usr/lib/perl5/5.8.1/i386-linux-thread-multi/auto/Cwd/Cwd.so", O_RDONLY) = 7
read(7, "\177ELF\1\1\1\0\0\0\0\0\0\0\0\0\3\0\3\0\1\0\0\0\200\17"..., 512) = 512
fstat64(7, {st_mode=S_IFREG|0555, st_size=83726, ...}) = 0
old_mmap(NULL, 12980, PROT_READ|PROT_EXEC, MAP_PRIVATE, 7, 0) = 0x4bb000
old_mmap(0x4be000, 4096, PROT_READ|PROT_WRITE, MAP_PRIVATE|MAP_FIXED, 7, 0x2000) = 0x4be000
close(7)                                = 0
stat64("/bin/pwd", {st_mode=S_IFREG|0755, st_size=11900, ...}) = 0
stat64("/usr/kerberos/sbin/pwd", 0x90620c8) = -1 ENOENT (No such file or directory)
stat64("/usr/kerberos/bin/pwd", 0x90620c8) = -1 ENOENT (No such file or directory)
stat64("/usr/local/bin/pwd", 0x90620c8) = -1 ENOENT (No such file or directory)
stat64("/usr/bin/pwd", 0x90620c8)       = -1 ENOENT (No such file or directory)
stat64("/bin/pwd", {st_mode=S_IFREG|0755, st_size=11900, ...}) = 0
stat64("/usr/X11R6/bin/pwd", 0x90620c8) = -1 ENOENT (No such file or directory)
stat64("/opt/j2sdk_nb/j2sdk1.4.2/bin/pwd", 0x90620c8) = -1 ENOENT (No such file or directory)
stat64("./pwd", 0x90620c8)              = -1 ENOENT (No such file or directory)
stat64("/home/steve/bin/pwd", 0x90620c8) = -1 ENOENT (No such file or directory)
stat64("/usr/lib/perl5/5.8.1/i386-linux-thread-multi/Scalar/Util.pmc", 0xbffd10f0) = -1 ENOENT (No such file or directory)
open("/usr/lib/perl5/5.8.1/i386-linux-thread-multi/Scalar/Util.pm", O_RDONLY|O_LARGEFILE) = -1 ENOENT (No such file or directory)
stat64("/usr/lib/perl5/5.8.1/Scalar/Util.pmc", 0xbffd10f0) = -1 ENOENT (No such file or directory)
open("/usr/lib/perl5/5.8.1/Scalar/Util.pm", O_RDONLY|O_LARGEFILE) = 7
ioctl(7, SNDCTL_TMR_TIMEBASE or TCGETS, 0xbffd0ef8) = -1 ENOTTY (Inappropriate ioctl for device)
_llseek(7, 0, [0], SEEK_CUR)            = 0
read(7, "# Scalar::Util.pm\n#\n# Copyright "..., 4096) = 4096
_llseek(7, 3182, [3182], SEEK_SET)      = 0
_llseek(7, 0, [3182], SEEK_CUR)         = 0
close(7)                                = 0
stat64("/usr/lib/perl5/5.8.1/i386-linux-thread-multi/List/Util.pmc", 0xbffd10f0) = -1 ENOENT (No such file or directory)
open("/usr/lib/perl5/5.8.1/i386-linux-thread-multi/List/Util.pm", O_RDONLY|O_LARGEFILE) = -1 ENOENT (No such file or directory)
stat64("/usr/lib/perl5/5.8.1/List/Util.pmc", 0xbffd10f0) = -1 ENOENT (No such file or directory)
open("/usr/lib/perl5/5.8.1/List/Util.pm", O_RDONLY|O_LARGEFILE) = 7
ioctl(7, SNDCTL_TMR_TIMEBASE or TCGETS, 0xbffd0ef8) = -1 ENOTTY (Inappropriate ioctl for device)
_llseek(7, 0, [0], SEEK_CUR)            = 0
read(7, "# List::Util.pm\n#\n# Copyright (c"..., 4096) = 4096
_llseek(7, 1540, [1540], SEEK_SET)      = 0
_llseek(7, 0, [1540], SEEK_CUR)         = 0
close(7)                                = 0
stat64("/usr/lib/perl5/5.8.1/i386-linux-thread-multi/DynaLoader.pmc", 0xbffd10f0) = -1 ENOENT (No such file or directory)
open("/usr/lib/perl5/5.8.1/i386-linux-thread-multi/DynaLoader.pm", O_RDONLY|O_LARGEFILE) = 7
ioctl(7, SNDCTL_TMR_TIMEBASE or TCGETS, 0xbffd0ef8) = -1 ENOTTY (Inappropriate ioctl for device)
_llseek(7, 0, [0], SEEK_CUR)            = 0
read(7, "\n# Generated from DynaLoader.pm."..., 4096) = 4096
read(7, "e to delocalization.  Will repor"..., 4096) = 4096
read(7, "ned symbols present after loadin"..., 4096) = 4096
_llseek(7, 8898, [8898], SEEK_SET)      = 0
_llseek(7, 0, [8898], SEEK_CUR)         = 0
close(7)                                = 0
stat64("/usr/lib/perl5/5.8.1/i386-linux-thread-multi/AutoLoader.pmc", 0xbffd10f0) = -1 ENOENT (No such file or directory)
open("/usr/lib/perl5/5.8.1/i386-linux-thread-multi/AutoLoader.pm", O_RDONLY|O_LARGEFILE) = -1 ENOENT (No such file or directory)
stat64("/usr/lib/perl5/5.8.1/AutoLoader.pmc", 0xbffd10f0) = -1 ENOENT (No such file or directory)
open("/usr/lib/perl5/5.8.1/AutoLoader.pm", O_RDONLY|O_LARGEFILE) = 7
ioctl(7, SNDCTL_TMR_TIMEBASE or TCGETS, 0xbffd0ef8) = -1 ENOTTY (Inappropriate ioctl for device)
_llseek(7, 0, [0], SEEK_CUR)            = 0
read(7, "package AutoLoader;\n\nuse strict;"..., 4096) = 4096
read(7, " \'lib\').\n    #\n\n    (my $calldir"..., 4096) = 4096
_llseek(7, 4936, [4936], SEEK_SET)      = 0
_llseek(7, 0, [4936], SEEK_CUR)         = 0
close(7)                                = 0
stat64("/usr/lib/perl5/5.8.1/i386-linux-thread-multi/auto/List/Util", {st_mode=S_IFDIR|0755, st_size=4096, ...}) = 0
stat64("/usr/lib/perl5/5.8.1/i386-linux-thread-multi/auto/List/Util/Util.so", {st_mode=S_IFREG|0555, st_size=114570, ...}) = 0
stat64("/usr/lib/perl5/5.8.1/i386-linux-thread-multi/auto/List/Util/Util.bs", {st_mode=S_IFREG|0444, st_size=0, ...}) = 0
open("/usr/lib/perl5/5.8.1/i386-linux-thread-multi/auto/List/Util/Util.so", O_RDONLY) = 7
read(7, "\177ELF\1\1\1\0\0\0\0\0\0\0\0\0\3\0\3\0\1\0\0\0\360\33"..., 512) = 512
fstat64(7, {st_mode=S_IFREG|0555, st_size=114570, ...}) = 0
old_mmap(NULL, 36816, PROT_READ|PROT_EXEC, MAP_PRIVATE, 7, 0) = 0x114000
old_mmap(0x11c000, 4096, PROT_READ|PROT_WRITE, MAP_PRIVATE|MAP_FIXED, 7, 0x7000) = 0x11c000
close(7)                                = 0
stat64("/usr/lib/perl5/5.8.1/i386-linux-thread-multi/File/Compare.pmc", 0xbffd10f0) = -1 ENOENT (No such file or directory)
open("/usr/lib/perl5/5.8.1/i386-linux-thread-multi/File/Compare.pm", O_RDONLY|O_LARGEFILE) = -1 ENOENT (No such file or directory)
stat64("/usr/lib/perl5/5.8.1/File/Compare.pmc", 0xbffd10f0) = -1 ENOENT (No such file or directory)
open("/usr/lib/perl5/5.8.1/File/Compare.pm", O_RDONLY|O_LARGEFILE) = 7
ioctl(7, SNDCTL_TMR_TIMEBASE or TCGETS, 0xbffd0ef8) = -1 ENOTTY (Inappropriate ioctl for device)
_llseek(7, 0, [0], SEEK_CUR)            = 0
read(7, "package File::Compare;\n\nuse 5.00"..., 4096) = 4096
brk(0)                                  = 0x91ac000
brk(0x91cd000)                          = 0x91cd000
_llseek(7, 3100, [3100], SEEK_SET)      = 0
_llseek(7, 0, [3100], SEEK_CUR)         = 0
close(7)                                = 0
stat64("/usr/lib/perl5/5.8.1/i386-linux-thread-multi/Data/Dumper.pmc", 0xbffd10f0) = -1 ENOENT (No such file or directory)
open("/usr/lib/perl5/5.8.1/i386-linux-thread-multi/Data/Dumper.pm", O_RDONLY|O_LARGEFILE) = 7
ioctl(7, SNDCTL_TMR_TIMEBASE or TCGETS, 0xbffd0ef8) = -1 ENOTTY (Inappropriate ioctl for device)
_llseek(7, 0, [0], SEEK_CUR)            = 0
read(7, "#\n# Data/Dumper.pm\n#\n# convert p"..., 4096) = 4096
read(7, "   return $s;\n  }\n  else {\n    r"..., 4096) = 4096
read(7, " ($realpack) {\n\t$out .= \'do{\\\\(m"..., 4096) = 4096
brk(0)                                  = 0x91cd000
brk(0x91ee000)                          = 0x91ee000
read(7, "ostlen\n\t  my $postlen = scalar @"..., 4096) = 4096
stat64("/usr/lib/perl5/5.8.1/i386-linux-thread-multi/bytes.pmc", 0xbffd0bc0) = -1 ENOENT (No such file or directory)
open("/usr/lib/perl5/5.8.1/i386-linux-thread-multi/bytes.pm", O_RDONLY|O_LARGEFILE) = -1 ENOENT (No such file or directory)
stat64("/usr/lib/perl5/5.8.1/bytes.pmc", 0xbffd0bc0) = -1 ENOENT (No such file or directory)
open("/usr/lib/perl5/5.8.1/bytes.pm", O_RDONLY|O_LARGEFILE) = 8
ioctl(8, SNDCTL_TMR_TIMEBASE or TCGETS, 0xbffd09c8) = -1 ENOTTY (Inappropriate ioctl for device)
_llseek(8, 0, [0], SEEK_CUR)            = 0
read(8, "package bytes;\n\nour $VERSION = \'"..., 4096) = 2286
_llseek(8, 348, [348], SEEK_SET)        = 0
_llseek(8, 0, [348], SEEK_CUR)          = 0
close(8)                                = 0
read(7, ";\n    } elsif ($high eq \"8bit\") "..., 4096) = 4096
_llseek(7, 17024, [17024], SEEK_SET)    = 0
_llseek(7, 0, [17024], SEEK_CUR)        = 0
close(7)                                = 0
stat64("/usr/lib/perl5/5.8.1/i386-linux-thread-multi/overload.pmc", 0xbffd10f0) = -1 ENOENT (No such file or directory)
open("/usr/lib/perl5/5.8.1/i386-linux-thread-multi/overload.pm", O_RDONLY|O_LARGEFILE) = -1 ENOENT (No such file or directory)
stat64("/usr/lib/perl5/5.8.1/overload.pmc", 0xbffd10f0) = -1 ENOENT (No such file or directory)
open("/usr/lib/perl5/5.8.1/overload.pm", O_RDONLY|O_LARGEFILE) = 7
ioctl(7, SNDCTL_TMR_TIMEBASE or TCGETS, 0xbffd0ef8) = -1 ENOTTY (Inappropriate ioctl for device)
_llseek(7, 0, [0], SEEK_CUR)            = 0
read(7, "package overload;\n\nour $VERSION "..., 4096) = 4096
brk(0)                                  = 0x91ee000
brk(0x920f000)                          = 0x920f000
read(7, "      }\n    }\n    else {\n       "..., 4096) = 4096
_llseek(7, 4391, [4391], SEEK_SET)      = 0
_llseek(7, 0, [4391], SEEK_CUR)         = 0
close(7)                                = 0
stat64("/usr/lib/perl5/5.8.1/i386-linux-thread-multi/auto/Data/Dumper/Dumper.so", {st_mode=S_IFREG|0555, st_size=111664, ...}) = 0
stat64("/usr/lib/perl5/5.8.1/i386-linux-thread-multi/auto/Data/Dumper/Dumper.bs", {st_mode=S_IFREG|0444, st_size=0, ...}) = 0
open("/usr/lib/perl5/5.8.1/i386-linux-thread-multi/auto/Data/Dumper/Dumper.so", O_RDONLY) = 7
read(7, "\177ELF\1\1\1\0\0\0\0\0\0\0\0\0\3\0\3\0\1\0\0\0\300\32"..., 512) = 512
fstat64(7, {st_mode=S_IFREG|0555, st_size=111664, ...}) = 0
old_mmap(NULL, 34080, PROT_READ|PROT_EXEC, MAP_PRIVATE, 7, 0) = 0x11d000
old_mmap(0x125000, 4096, PROT_READ|PROT_WRITE, MAP_PRIVATE|MAP_FIXED, 7, 0x7000) = 0x125000
close(7)                                = 0
stat64("/usr/lib/perl5/5.8.1/i386-linux-thread-multi/IO/File.pmc", 0xbffd10f0) = -1 ENOENT (No such file or directory)
open("/usr/lib/perl5/5.8.1/i386-linux-thread-multi/IO/File.pm", O_RDONLY|O_LARGEFILE) = 7
ioctl(7, SNDCTL_TMR_TIMEBASE or TCGETS, 0xbffd0ef8) = -1 ENOTTY (Inappropriate ioctl for device)
_llseek(7, 0, [0], SEEK_CUR)            = 0
read(7, "#\n\npackage IO::File;\n\n=head1 NAM"..., 4096) = 4096
stat64("/usr/lib/perl5/5.8.1/i386-linux-thread-multi/Symbol.pmc", 0xbffd0bc0) = -1 ENOENT (No such file or directory)
open("/usr/lib/perl5/5.8.1/i386-linux-thread-multi/Symbol.pm", O_RDONLY|O_LARGEFILE) = -1 ENOENT (No such file or directory)
stat64("/usr/lib/perl5/5.8.1/Symbol.pmc", 0xbffd0bc0) = -1 ENOENT (No such file or directory)
open("/usr/lib/perl5/5.8.1/Symbol.pm", O_RDONLY|O_LARGEFILE) = 8
ioctl(8, SNDCTL_TMR_TIMEBASE or TCGETS, 0xbffd09c8) = -1 ENOTTY (Inappropriate ioctl for device)
_llseek(8, 0, [0], SEEK_CUR)            = 0
read(8, "package Symbol;\n\n=head1 NAME\n\nSy"..., 4096) = 4096
read(8, "\nsub delete_package ($) {\n    my"..., 4096) = 722
read(8, "", 4096)                       = 0
close(8)                                = 0
stat64("/usr/lib/perl5/5.8.1/i386-linux-thread-multi/SelectSaver.pmc", 0xbffd0bc0) = -1 ENOENT (No such file or directory)
open("/usr/lib/perl5/5.8.1/i386-linux-thread-multi/SelectSaver.pm", O_RDONLY|O_LARGEFILE) = -1 ENOENT (No such file or directory)
stat64("/usr/lib/perl5/5.8.1/SelectSaver.pmc", 0xbffd0bc0) = -1 ENOENT (No such file or directory)
open("/usr/lib/perl5/5.8.1/SelectSaver.pm", O_RDONLY|O_LARGEFILE) = 8
ioctl(8, SNDCTL_TMR_TIMEBASE or TCGETS, 0xbffd09c8) = -1 ENOTTY (Inappropriate ioctl for device)
_llseek(8, 0, [0], SEEK_CUR)            = 0
read(8, "package SelectSaver;\n\nour $VERSI"..., 4096) = 1074
read(8, "", 4096)                       = 0
close(8)                                = 0
stat64("/usr/lib/perl5/5.8.1/i386-linux-thread-multi/IO/Seekable.pmc", 0xbffd0bc0) = -1 ENOENT (No such file or directory)
open("/usr/lib/perl5/5.8.1/i386-linux-thread-multi/IO/Seekable.pm", O_RDONLY|O_LARGEFILE) = 8
ioctl(8, SNDCTL_TMR_TIMEBASE or TCGETS, 0xbffd09c8) = -1 ENOTTY (Inappropriate ioctl for device)
_llseek(8, 0, [0], SEEK_CUR)            = 0
read(8, "#\n\npackage IO::Seekable;\n\n=head1"..., 4096) = 2935
stat64("/usr/lib/perl5/5.8.1/i386-linux-thread-multi/IO/Handle.pmc", 0xbffd0690) = -1 ENOENT (No such file or directory)
open("/usr/lib/perl5/5.8.1/i386-linux-thread-multi/IO/Handle.pm", O_RDONLY|O_LARGEFILE) = 9
ioctl(9, SNDCTL_TMR_TIMEBASE or TCGETS, 0xbffd0498) = -1 ENOTTY (Inappropriate ioctl for device)
_llseek(9, 0, [0], SEEK_CUR)            = 0
read(9, "package IO::Handle;\n\n=head1 NAME"..., 4096) = 4096
read(9, "ror\n\nReturns a true value if the"..., 4096) = 4096
read(9, "m that class.\nThey actually aren"..., 4096) = 4096
stat64("/usr/lib/perl5/5.8.1/i386-linux-thread-multi/IO.pmc", 0xbffd0160) = -1 ENOENT (No such file or directory)
open("/usr/lib/perl5/5.8.1/i386-linux-thread-multi/IO.pm", O_RDONLY|O_LARGEFILE) = 10
ioctl(10, SNDCTL_TMR_TIMEBASE or TCGETS, 0xbffcff68) = -1 ENOTTY (Inappropriate ioctl for device)
_llseek(10, 0, [0], SEEK_CUR)           = 0
read(10, "#\n\npackage IO;\n\nuse XSLoader ();"..., 4096) = 1401
_llseek(10, 412, [412], SEEK_SET)       = 0
_llseek(10, 0, [412], SEEK_CUR)         = 0
close(10)                               = 0
stat64("/usr/lib/perl5/5.8.1/i386-linux-thread-multi/auto/IO/IO.so", {st_mode=S_IFREG|0555, st_size=135788, ...}) = 0
stat64("/usr/lib/perl5/5.8.1/i386-linux-thread-multi/auto/IO/IO.bs", {st_mode=S_IFREG|0444, st_size=0, ...}) = 0
open("/usr/lib/perl5/5.8.1/i386-linux-thread-multi/auto/IO/IO.so", O_RDONLY) = 10
read(10, "\177ELF\1\1\1\0\0\0\0\0\0\0\0\0\3\0\3\0\1\0\0\0\340\24"..., 512) = 512
fstat64(10, {st_mode=S_IFREG|0555, st_size=135788, ...}) = 0
old_mmap(NULL, 16888, PROT_READ|PROT_EXEC, MAP_PRIVATE, 10, 0) = 0x126000
old_mmap(0x12a000, 4096, PROT_READ|PROT_WRITE, MAP_PRIVATE|MAP_FIXED, 10, 0x4000) = 0x12a000
close(10)                               = 0
brk(0)                                  = 0x920f000
brk(0x9230000)                          = 0x9230000
read(9, "oak \'usage: $io->syswrite(BUF [,"..., 4096) = 3646
read(9, "", 4096)                       = 0
close(9)                                = 0
stat64("/usr/lib/perl5/5.8.1/i386-linux-thread-multi/Fcntl.pmc", 0xbffd0690) = -1 ENOENT (No such file or directory)
open("/usr/lib/perl5/5.8.1/i386-linux-thread-multi/Fcntl.pm", O_RDONLY|O_LARGEFILE) = 9
ioctl(9, SNDCTL_TMR_TIMEBASE or TCGETS, 0xbffd0498) = -1 ENOTTY (Inappropriate ioctl for device)
_llseek(9, 0, [0], SEEK_CUR)            = 0
read(9, "package Fcntl;\n\n=head1 NAME\n\nFcn"..., 4096) = 4096
brk(0)                                  = 0x9230000
brk(0x9251000)                          = 0x9251000
read(9, "S_IWUSR S_IXUSR S_IRWXU\n\t\t     S"..., 4096) = 1250
read(9, "", 4096)                       = 0
close(9)                                = 0
stat64("/usr/lib/perl5/5.8.1/i386-linux-thread-multi/auto/Fcntl/Fcntl.so", {st_mode=S_IFREG|0555, st_size=89289, ...}) = 0
stat64("/usr/lib/perl5/5.8.1/i386-linux-thread-multi/auto/Fcntl/Fcntl.bs", {st_mode=S_IFREG|0444, st_size=0, ...}) = 0
open("/usr/lib/perl5/5.8.1/i386-linux-thread-multi/auto/Fcntl/Fcntl.so", O_RDONLY) = 9
read(9, "\177ELF\1\1\1\0\0\0\0\0\0\0\0\0\3\0\3\0\1\0\0\0\340\n\0"..., 512) = 512
fstat64(9, {st_mode=S_IFREG|0555, st_size=89289, ...}) = 0
old_mmap(NULL, 16364, PROT_READ|PROT_EXEC, MAP_PRIVATE, 9, 0) = 0xb8c000
old_mmap(0xb8f000, 4096, PROT_READ|PROT_WRITE, MAP_PRIVATE|MAP_FIXED, 9, 0x2000) = 0xb8f000
close(9)                                = 0
read(8, "", 4096)                       = 0
close(8)                                = 0
read(7, "ile_name_is_absolute($file))\n\t{\n"..., 4096) = 191
read(7, "", 4096)                       = 0
close(7)                                = 0
read(6, "  => $c->{installsitebin} || $c-"..., 4096) = 4096
brk(0)                                  = 0x9251000
brk(0x9272000)                          = 0x9272000
read(6, "reate directory $filedir: $!\" un"..., 4096) = 4096
read(6, "->{new}{$key} eq $ph->{disk}{$ke"..., 4096) = 4096
brk(0)                                  = 0x9272000
brk(0x9293000)                          = 0x9293000
read(6, "\\n\";\n  return 0;\n}\n\nsub perl_ver"..., 4096) = 4096
read(6, " my $p = $self->{properties};\n  "..., 4096) = 4096
brk(0)                                  = 0x9293000
brk(0x92b4000)                          = 0x92b4000
read(6, "found, @docs) = (0);\n  foreach m"..., 4096) = 4096
stat64("/usr/lib/perl5/5.8.1/i386-linux-thread-multi/File/Glob.pmc", 0xbffd1020) = -1 ENOENT (No such file or directory)
open("/usr/lib/perl5/5.8.1/i386-linux-thread-multi/File/Glob.pm", O_RDONLY|O_LARGEFILE) = 7
ioctl(7, SNDCTL_TMR_TIMEBASE or TCGETS, 0xbffd0e28) = -1 ENOTTY (Inappropriate ioctl for device)
_llseek(7, 0, [0], SEEK_CUR)            = 0
read(7, "package File::Glob;\n\nuse strict;"..., 4096) = 4096
_llseek(7, 4079, [4079], SEEK_SET)      = 0
_llseek(7, 0, [4079], SEEK_CUR)         = 0
close(7)                                = 0
stat64("/usr/lib/perl5/5.8.1/i386-linux-thread-multi/auto/File/Glob/Glob.so", {st_mode=S_IFREG|0555, st_size=139966, ...}) = 0
stat64("/usr/lib/perl5/5.8.1/i386-linux-thread-multi/auto/File/Glob/Glob.bs", {st_mode=S_IFREG|0444, st_size=0, ...}) = 0
open("/usr/lib/perl5/5.8.1/i386-linux-thread-multi/auto/File/Glob/Glob.so", O_RDONLY) = 7
read(7, "\177ELF\1\1\1\0\0\0\0\0\0\0\0\0\3\0\3\0\1\0\0\0 \25\0\000"..., 512) = 512
fstat64(7, {st_mode=S_IFREG|0555, st_size=139966, ...}) = 0
old_mmap(NULL, 22212, PROT_READ|PROT_EXEC, MAP_PRIVATE, 7, 0) = 0xd10000
old_mmap(0xd15000, 4096, PROT_READ|PROT_WRITE, MAP_PRIVATE|MAP_FIXED, 7, 0x4000) = 0xd15000
close(7)                                = 0
read(6, ":mkpath( File::Spec->catdir($bli"..., 4096) = 4096
brk(0)                                  = 0x92b4000
brk(0x92d5000)                          = 0x92d5000
read(6, " for my $file (@files) {\n    my "..., 4096) = 4096
read(6, "c->canonpath($dirs) );\n  \n  # Re"..., 4096) = 4096
brk(0)                                  = 0x92d5000
brk(0x92f6000)                          = 0x92f6000
read(6, " chdir() to $dir: $!\";\n  eval {l"..., 4096) = 4096
read(6, "_sub = $YAML::VERSION le \'0.30\' "..., 4096) = 4096
brk(0)                                  = 0x92f6000
brk(0x9317000)                          = 0x9317000
read(6, "ted;\n}\n\nsub autosplit_file {\n  m"..., 4096) = 4096
read(6, "  my $perl = ref($self) ? $self-"..., 4096) = 3718
_llseek(6, 56220, [56220], SEEK_SET)    = 0
_llseek(6, 0, [56220], SEEK_CUR)        = 0
close(6)                                = 0
brk(0)                                  = 0x9317000
brk(0x9338000)                          = 0x9338000
_llseek(5, 477, [477], SEEK_SET)        = 0
_llseek(5, 0, [477], SEEK_CUR)          = 0
close(5)                                = 0
read(4, "", 4096)                       = 0
close(4)                                = 0
read(3, "", 4096)                       = 0
close(3)                                = 0
stat64("Build.PL", {st_mode=S_IFREG|0444, st_size=476, ...}) = 0
stat64("./Build", {st_mode=S_IFREG|0755, st_size=1305, ...}) = 0
time(NULL)                              = 1070042461
stat64("Build.PL", {st_mode=S_IFREG|0444, st_size=476, ...}) = 0
stat64("./Build", {st_mode=S_IFREG|0755, st_size=1305, ...}) = 0
brk(0)                                  = 0x9338000
brk(0x9359000)                          = 0x9359000
brk(0)                                  = 0x9359000
brk(0x937a000)                          = 0x937a000
brk(0)                                  = 0x937a000
brk(0x939b000)                          = 0x939b000
pipe([3, 4])                            = 0
pipe([5, 6])                            = 0
clone(child_stack=0, flags=CLONE_CHILD_CLEARTID|CLONE_CHILD_SETTID|SIGCHLD, child_tidptr=0xbf5a40c8) = 9836
close(6)                                = 0
close(4)                                = 0
read(5, "", 4)                          = 0
close(5)                                = 0
ioctl(3, SNDCTL_TMR_TIMEBASE or TCGETS, 0xbffd27c8) = -1 EINVAL (Invalid argument)
_llseek(3, 0, 0xbffd2800, SEEK_CUR)     = -1 ESPIPE (Illegal seek)
fstat64(3, {st_mode=S_IFIFO|0600, st_size=0, ...}) = 0
read(3, "/root/.cpan/build/Log-Dispatch-2"..., 4096) = 36
read(3, "", 4096)                       = 0
fstat64(3, {st_mode=S_IFIFO|0600, st_size=0, ...}) = 0
close(3)                                = 0
rt_sigaction(SIGHUP, {SIG_IGN}, {SIG_DFL}, 8) = 0
rt_sigaction(SIGINT, {SIG_IGN}, {SIG_DFL}, 8) = 0
rt_sigaction(SIGQUIT, {SIG_IGN}, {SIG_DFL}, 8) = 0
waitpid(9836, [WIFEXITED(s) && WEXITSTATUS(s) == 0], 0) = 9836
rt_sigaction(SIGHUP, {SIG_DFL}, NULL, 8) = 0
rt_sigaction(SIGINT, {SIG_DFL}, NULL, 8) = 0
rt_sigaction(SIGQUIT, {SIG_DFL}, NULL, 8) = 0
stat64("_build", {st_mode=S_IFDIR|S_ISGID|0755, st_size=4096, ...}) = 0
open("_build/build_params", O_RDONLY|O_LARGEFILE) = 3
ioctl(3, SNDCTL_TMR_TIMEBASE or TCGETS, 0xbffd2788) = -1 ENOTTY (Inappropriate ioctl for device)
_llseek(3, 0, [0], SEEK_CUR)            = 0
fstat64(3, {st_mode=S_IFREG|0644, st_size=48867, ...}) = 0
fcntl64(3, F_SETFD, FD_CLOEXEC)         = 0
fstat64(3, {st_mode=S_IFREG|0644, st_size=48867, ...}) = 0
read(3, "[\n          {\n            \'ARGV\'"..., 4096) = 4096
read(3, "Call GDBM_File I18N/Langinfo IO "..., 4096) = 4096
read(3, "         \'i_sysdir\' => \'define\',"..., 4096) = 4096
read(3, "fine\',\n            \'perl_patchle"..., 4096) = 4096
read(3, " NUM50 NUM51 NUM52 NUM53 NUM54 N"..., 4096) = 4096
read(3, " \'\"lu\"\',\n            \'d_dup2\' =>"..., 4096) = 4096
read(3, "fine\',\n            \'pm_apiversio"..., 4096) = 4096
read(3, "_select\' => \'define\',\n          "..., 4096) = 4096
read(3, " \'d_longlong\' => \'define\',\n     "..., 4096) = 4096
read(3, "     \'d_readlink\' => \'define\',\n "..., 4096) = 4096
read(3, "_versioned_solibs\' => \'y\',\n     "..., 4096) = 4096
read(3, " \'/usr\',\n            \'lpr\' => \'\'"..., 4096) = 3811
read(3, "", 4096)                       = 0
brk(0)                                  = 0x939b000
brk(0x93c1000)                          = 0x93c1000
close(3)                                = 0
stat64("_build", {st_mode=S_IFDIR|S_ISGID|0755, st_size=4096, ...}) = 0
stat64("_build/cleanup", {st_mode=S_IFREG|0644, st_size=67, ...}) = 0
stat64("_build", {st_mode=S_IFDIR|S_ISGID|0755, st_size=4096, ...}) = 0
open("_build/cleanup", O_RDONLY|O_LARGEFILE) = 3
ioctl(3, SNDCTL_TMR_TIMEBASE or TCGETS, 0xbffd2788) = -1 ENOTTY (Inappropriate ioctl for device)
_llseek(3, 0, [0], SEEK_CUR)            = 0
fstat64(3, {st_mode=S_IFREG|0644, st_size=67, ...}) = 0
fcntl64(3, F_SETFD, FD_CLOEXEC)         = 0
fstat64(3, {st_mode=S_IFREG|0644, st_size=67, ...}) = 0
read(3, "{\n          \'write_mode.tst\' => "..., 4096) = 67
read(3, "", 4096)                       = 0
close(3)                                = 0
stat64("_build", {st_mode=S_IFDIR|S_ISGID|0755, st_size=4096, ...}) = 0
stat64("_build/notes", {st_mode=S_IFREG|0644, st_size=3, ...}) = 0
stat64("_build", {st_mode=S_IFDIR|S_ISGID|0755, st_size=4096, ...}) = 0
open("_build/notes", O_RDONLY|O_LARGEFILE) = 3
ioctl(3, SNDCTL_TMR_TIMEBASE or TCGETS, 0xbffd2788) = -1 ENOTTY (Inappropriate ioctl for device)
_llseek(3, 0, [0], SEEK_CUR)            = 0
fstat64(3, {st_mode=S_IFREG|0644, st_size=3, ...}) = 0
fcntl64(3, F_SETFD, FD_CLOEXEC)         = 0
fstat64(3, {st_mode=S_IFREG|0644, st_size=3, ...}) = 0
read(3, "{}\n", 4096)                   = 3
read(3, "", 4096)                       = 0
close(3)                                = 0
stat64("_build", {st_mode=S_IFDIR|S_ISGID|0755, st_size=4096, ...}) = 0
stat64("_build/cleanup", {st_mode=S_IFREG|0644, st_size=67, ...}) = 0
stat64("/usr/lib/perl5/5.8.1/i386-linux-thread-multi/Test/Harness.pmc", 0xbffd2980) = -1 ENOENT (No such file or directory)
open("/usr/lib/perl5/5.8.1/i386-linux-thread-multi/Test/Harness.pm", O_RDONLY|O_LARGEFILE) = -1 ENOENT (No such file or directory)
stat64("/usr/lib/perl5/5.8.1/Test/Harness.pmc", 0xbffd2980) = -1 ENOENT (No such file or directory)
open("/usr/lib/perl5/5.8.1/Test/Harness.pm", O_RDONLY|O_LARGEFILE) = 3
ioctl(3, SNDCTL_TMR_TIMEBASE or TCGETS, 0xbffd2788) = -1 ENOTTY (Inappropriate ioctl for device)
_llseek(3, 0, [0], SEEK_CUR)            = 0
read(3, "# -*- Mode: cperl; cperl-indent-"..., 4096) = 4096
stat64("/usr/lib/perl5/5.8.1/i386-linux-thread-multi/Test/Harness/Straps.pmc", 0xbffd2450) = -1 ENOENT (No such file or directory)
open("/usr/lib/perl5/5.8.1/i386-linux-thread-multi/Test/Harness/Straps.pm", O_RDONLY|O_LARGEFILE) = -1 ENOENT (No such file or directory)
stat64("/usr/lib/perl5/5.8.1/Test/Harness/Straps.pmc", 0xbffd2450) = -1 ENOENT (No such file or directory)
open("/usr/lib/perl5/5.8.1/Test/Harness/Straps.pm", O_RDONLY|O_LARGEFILE) = 4
ioctl(4, SNDCTL_TMR_TIMEBASE or TCGETS, 0xbffd2258) = -1 ENOTTY (Inappropriate ioctl for device)
_llseek(4, 0, [0], SEEK_CUR)            = 0
read(4, "# -*- Mode: cperl; cperl-indent-"..., 4096) = 4096
stat64("/usr/lib/perl5/5.8.1/i386-linux-thread-multi/Test/Harness/Assert.pmc", 0xbffd1f20) = -1 ENOENT (No such file or directory)
open("/usr/lib/perl5/5.8.1/i386-linux-thread-multi/Test/Harness/Assert.pm", O_RDONLY|O_LARGEFILE) = -1 ENOENT (No such file or directory)
stat64("/usr/lib/perl5/5.8.1/Test/Harness/Assert.pmc", 0xbffd1f20) = -1 ENOENT (No such file or directory)
open("/usr/lib/perl5/5.8.1/Test/Harness/Assert.pm", O_RDONLY|O_LARGEFILE) = 5
ioctl(5, SNDCTL_TMR_TIMEBASE or TCGETS, 0xbffd1d28) = -1 ENOTTY (Inappropriate ioctl for device)
_llseek(5, 0, [0], SEEK_CUR)            = 0
read(5, "# $Id: Assert.pm,v 1.3 2003/09/1"..., 4096) = 963
read(5, "", 4096)                       = 0
close(5)                                = 0
stat64("/usr/lib/perl5/5.8.1/i386-linux-thread-multi/Test/Harness/Iterator.pmc", 0xbffd1f20) = -1 ENOENT (No such file or directory)
open("/usr/lib/perl5/5.8.1/i386-linux-thread-multi/Test/Harness/Iterator.pm", O_RDONLY|O_LARGEFILE) = -1 ENOENT (No such file or directory)
stat64("/usr/lib/perl5/5.8.1/Test/Harness/Iterator.pmc", 0xbffd1f20) = -1 ENOENT (No such file or directory)
open("/usr/lib/perl5/5.8.1/Test/Harness/Iterator.pm", O_RDONLY|O_LARGEFILE) = 5
ioctl(5, SNDCTL_TMR_TIMEBASE or TCGETS, 0xbffd1d28) = -1 ENOTTY (Inappropriate ioctl for device)
_llseek(5, 0, [0], SEEK_CUR)            = 0
read(5, "package Test::Harness::Iterator;"..., 4096) = 1100
read(5, "", 4096)                       = 0
close(5)                                = 0
read(4, " the \'not \' and the \'ok\' are on "..., 4096) = 4096
read(4, " <TEST>;\n    close(TEST) or prin"..., 4096) = 4096
read(4, "h lone \'not\' lines, note it saw "..., 4096) = 4096
read(4, "of the test you\'re summarizing.\n"..., 4096) = 863
read(4, "", 4096)                       = 0
close(4)                                = 0
stat64("/usr/lib/perl5/5.8.1/i386-linux-thread-multi/POSIX.pmc", 0xbffd2450) = -1 ENOENT (No such file or directory)
open("/usr/lib/perl5/5.8.1/i386-linux-thread-multi/POSIX.pm", O_RDONLY|O_LARGEFILE) = 4
ioctl(4, SNDCTL_TMR_TIMEBASE or TCGETS, 0xbffd2258) = -1 ENOTTY (Inappropriate ioctl for device)
_llseek(4, 0, [0], SEEK_CUR)            = 0
read(4, "package POSIX;\n\nour(@ISA, %EXPOR"..., 4096) = 4096
open("/usr/lib/perl5/5.8.1/i386-linux-thread-multi/auto/POSIX/autosplit.ix", O_RDONLY|O_LARGEFILE) = 5
ioctl(5, SNDCTL_TMR_TIMEBASE or TCGETS, 0xbffd1d28) = -1 ENOTTY (Inappropriate ioctl for device)
_llseek(5, 0, [0], SEEK_CUR)            = 0
read(5, "# Index created by AutoSplit for"..., 4096) = 2265
read(5, "", 4096)                       = 0
close(5)                                = 0
_llseek(4, 1444, [1444], SEEK_SET)      = 0
_llseek(4, 0, [1444], SEEK_CUR)         = 0
close(4)                                = 0
stat64("/usr/lib/perl5/5.8.1/i386-linux-thread-multi/auto/POSIX/POSIX.so", {st_mode=S_IFREG|0555, st_size=244650, ...}) = 0
stat64("/usr/lib/perl5/5.8.1/i386-linux-thread-multi/auto/POSIX/POSIX.bs", {st_mode=S_IFREG|0444, st_size=0, ...}) = 0
open("/usr/lib/perl5/5.8.1/i386-linux-thread-multi/auto/POSIX/POSIX.so", O_RDONLY) = 4
read(4, "\177ELF\1\1\1\0\0\0\0\0\0\0\0\0\3\0\3\0\1\0\0\0`A\0\000"..., 512) = 512
fstat64(4, {st_mode=S_IFREG|0555, st_size=244650, ...}) = 0
old_mmap(NULL, 118396, PROT_READ|PROT_EXEC, MAP_PRIVATE, 4, 0) = 0xb55000
old_mmap(0xb71000, 4096, PROT_READ|PROT_WRITE, MAP_PRIVATE|MAP_FIXED, 4, 0x1b000) = 0xb71000
close(4)                                = 0
stat64("/usr/lib/perl5/5.8.1/i386-linux-thread-multi/Benchmark.pmc", 0xbffd2450) = -1 ENOENT (No such file or directory)
open("/usr/lib/perl5/5.8.1/i386-linux-thread-multi/Benchmark.pm", O_RDONLY|O_LARGEFILE) = -1 ENOENT (No such file or directory)
stat64("/usr/lib/perl5/5.8.1/Benchmark.pmc", 0xbffd2450) = -1 ENOENT (No such file or directory)
open("/usr/lib/perl5/5.8.1/Benchmark.pm", O_RDONLY|O_LARGEFILE) = 4
ioctl(4, SNDCTL_TMR_TIMEBASE or TCGETS, 0xbffd2258) = -1 ENOTTY (Inappropriate ioctl for device)
_llseek(4, 0, [0], SEEK_CUR)            = 0
read(4, "package Benchmark;\n\nuse strict;\n"..., 4096) = 4096
read(4, "EY, STYLE)\n\nThe routines are cal"..., 4096) = 4096
read(4, "s tag will cause the\nwallclock t"..., 4096) = 4096
read(4, "dling\n\nmy $hirestime;\n\nsub mytim"..., 4096) = 4096
stat64("/usr/lib/perl5/5.8.1/i386-linux-thread-multi/Time/HiRes.pmc", 0xbffd1f60) = -1 ENOENT (No such file or directory)
open("/usr/lib/perl5/5.8.1/i386-linux-thread-multi/Time/HiRes.pm", O_RDONLY|O_LARGEFILE) = 5
ioctl(5, SNDCTL_TMR_TIMEBASE or TCGETS, 0xbffd1d68) = -1 ENOTTY (Inappropriate ioctl for device)
_llseek(5, 0, [0], SEEK_CUR)            = 0
read(5, "package Time::HiRes;\n\nuse strict"..., 4096) = 4096
brk(0)                                  = 0x93c1000
brk(0x93e2000)                          = 0x93e2000
_llseek(5, 1146, [1146], SEEK_SET)      = 0
_llseek(5, 0, [1146], SEEK_CUR)         = 0
close(5)                                = 0
stat64("/usr/lib/perl5/5.8.1/i386-linux-thread-multi/auto/Time/HiRes", {st_mode=S_IFDIR|0755, st_size=4096, ...}) = 0
stat64("/usr/lib/perl5/5.8.1/i386-linux-thread-multi/auto/Time/HiRes/HiRes.so", {st_mode=S_IFREG|0555, st_size=97362, ...}) = 0
stat64("/usr/lib/perl5/5.8.1/i386-linux-thread-multi/auto/Time/HiRes/HiRes.bs", {st_mode=S_IFREG|0444, st_size=0, ...}) = 0
open("/usr/lib/perl5/5.8.1/i386-linux-thread-multi/auto/Time/HiRes/HiRes.so", O_RDONLY) = 5
read(5, "\177ELF\1\1\1\0\0\0\0\0\0\0\0\0\3\0\3\0\1\0\0\0P\21\0\000"..., 512) = 512
fstat64(5, {st_mode=S_IFREG|0555, st_size=97362, ...}) = 0
old_mmap(NULL, 23304, PROT_READ|PROT_EXEC, MAP_PRIVATE, 5, 0) = 0xb1a000
old_mmap(0xb1f000, 4096, PROT_READ|PROT_WRITE, MAP_PRIVATE|MAP_FIXED, 5, 0x4000) = 0xb1f000
close(5)                                = 0
gettimeofday({1070042461, 146132}, NULL) = 0
read(4, "\n\n    $n+=0; # force numeric now"..., 4096) = 4096
read(4, "ntot  += $n;\n\t$rtot  += $td->[0]"..., 4096) = 4096
brk(0)                                  = 0x93e2000
brk(0x9403000)                          = 0x9403000
read(4, " = map { length( $_ ) } @top_row"..., 4096) = 2744
read(4, "", 4096)                       = 0
close(4)                                = 0
stat64("/usr/lib/perl5/5.8.1/i386-linux-thread-multi/Exporter/Heavy.pmc", 0xbffd2450) = -1 ENOENT (No such file or directory)
open("/usr/lib/perl5/5.8.1/i386-linux-thread-multi/Exporter/Heavy.pm", O_RDONLY|O_LARGEFILE) = -1 ENOENT (No such file or directory)
stat64("/usr/lib/perl5/5.8.1/Exporter/Heavy.pmc", 0xbffd2450) = -1 ENOENT (No such file or directory)
open("/usr/lib/perl5/5.8.1/Exporter/Heavy.pm", O_RDONLY|O_LARGEFILE) = 4
ioctl(4, SNDCTL_TMR_TIMEBASE or TCGETS, 0xbffd2258) = -1 ENOTTY (Inappropriate ioctl for device)
_llseek(4, 0, [0], SEEK_CUR)            = 0
read(4, "package Exporter::Heavy;\n\nuse st"..., 4096) = 4096
read(4, "ls. Optimise the lookup by addin"..., 4096) = 2300
read(4, "", 4096)                       = 0
close(4)                                = 0
read(3, "he substring C< # Skip> (with\nva"..., 4096) = 4096
read(3, "ted with non-zero, this is its e"..., 4096) = 4096
read(3, "        my($leader, $ml) = _mk_l"..., 4096) = 4096
brk(0)                                  = 0x9403000
brk(0x9424000)                          = 0x9424000
brk(0)                                  = 0x9424000
brk(0)                                  = 0x9424000
brk(0x9423000)                          = 0x9423000
brk(0)                                  = 0x9423000
read(3, "percent => undef,\n              "..., 4096) = 4096
read(3, "$type, $totals) = @_;\n    print "..., 4096) = 4096
read(3, "t of Failed\";\n\n    # Figure out "..., 4096) = 4096
brk(0)                                  = 0x9423000
brk(0x9444000)                          = 0x9444000
_llseek(3, 28166, [28166], SEEK_SET)    = 0
_llseek(3, 0, [28166], SEEK_CUR)        = 0
close(3)                                = 0
stat64("_build", {st_mode=S_IFDIR|S_ISGID|0755, st_size=4096, ...}) = 0
stat64("_build/cleanup", {st_mode=S_IFREG|0644, st_size=67, ...}) = 0
stat64("blib/arch", {st_mode=S_IFDIR|S_ISGID|0755, st_size=4096, ...}) = 0
stat64("lib", {st_mode=S_IFDIR|S_ISGID|0755, st_size=4096, ...}) = 0
open(".", O_RDONLY|O_LARGEFILE)         = 3
lstat64(".", {st_mode=S_IFDIR|S_ISGID|0755, st_size=4096, ...}) = 0
chdir(".")                              = 0
getcwd("/root/.cpan/build/Log-Dispatch-2.08", 4096) = 36
fchdir(3)                               = 0
close(3)                                = 0
lstat64("lib", {st_mode=S_IFDIR|S_ISGID|0755, st_size=4096, ...}) = 0
open("lib", O_RDONLY|O_NONBLOCK|O_LARGEFILE|O_DIRECTORY) = 3
fstat64(3, {st_mode=S_IFDIR|S_ISGID|0755, st_size=4096, ...}) = 0
fcntl64(3, F_SETFD, FD_CLOEXEC)         = 0
getdents64(3, /* 2 entries */, 4096)    = 48
getdents64(3, /* 0 entries */, 4096)    = 0
close(3)                                = 0
stat64("lib", {st_mode=S_IFDIR|S_ISGID|0755, st_size=4096, ...}) = 0
open(".", O_RDONLY|O_LARGEFILE)         = 3
lstat64(".", {st_mode=S_IFDIR|S_ISGID|0755, st_size=4096, ...}) = 0
chdir(".")                              = 0
getcwd("/root/.cpan/build/Log-Dispatch-2.08", 4096) = 36
fchdir(3)                               = 0
close(3)                                = 0
lstat64("lib", {st_mode=S_IFDIR|S_ISGID|0755, st_size=4096, ...}) = 0
open("lib", O_RDONLY|O_NONBLOCK|O_LARGEFILE|O_DIRECTORY) = 3
fstat64(3, {st_mode=S_IFDIR|S_ISGID|0755, st_size=4096, ...}) = 0
fcntl64(3, F_SETFD, FD_CLOEXEC)         = 0
getdents64(3, /* 2 entries */, 4096)    = 48
getdents64(3, /* 0 entries */, 4096)    = 0
close(3)                                = 0
stat64("lib", {st_mode=S_IFDIR|S_ISGID|0755, st_size=4096, ...}) = 0
open(".", O_RDONLY|O_LARGEFILE)         = 3
lstat64(".", {st_mode=S_IFDIR|S_ISGID|0755, st_size=4096, ...}) = 0
chdir(".")                              = 0
getcwd("/root/.cpan/build/Log-Dispatch-2.08", 4096) = 36
fchdir(3)                               = 0
close(3)                                = 0
lstat64("lib", {st_mode=S_IFDIR|S_ISGID|0755, st_size=4096, ...}) = 0
open("lib", O_RDONLY|O_NONBLOCK|O_LARGEFILE|O_DIRECTORY) = 3
fstat64(3, {st_mode=S_IFDIR|S_ISGID|0755, st_size=4096, ...}) = 0
fcntl64(3, F_SETFD, FD_CLOEXEC)         = 0
getdents64(3, /* 2 entries */, 4096)    = 48
getdents64(3, /* 0 entries */, 4096)    = 0
close(3)                                = 0
stat64("lib", {st_mode=S_IFDIR|S_ISGID|0755, st_size=4096, ...}) = 0
open(".", O_RDONLY|O_LARGEFILE)         = 3
lstat64(".", {st_mode=S_IFDIR|S_ISGID|0755, st_size=4096, ...}) = 0
chdir(".")                              = 0
getcwd("/root/.cpan/build/Log-Dispatch-2.08", 4096) = 36
fchdir(3)                               = 0
close(3)                                = 0
lstat64("lib", {st_mode=S_IFDIR|S_ISGID|0755, st_size=4096, ...}) = 0
open("lib", O_RDONLY|O_NONBLOCK|O_LARGEFILE|O_DIRECTORY) = 3
fstat64(3, {st_mode=S_IFDIR|S_ISGID|0755, st_size=4096, ...}) = 0
fcntl64(3, F_SETFD, FD_CLOEXEC)         = 0
getdents64(3, /* 2 entries */, 4096)    = 48
getdents64(3, /* 0 entries */, 4096)    = 0
close(3)                                = 0
stat64("test.pl", 0x90620c8)            = -1 ENOENT (No such file or directory)
stat64("t", {st_mode=S_IFDIR|S_ISGID|0755, st_size=4096, ...}) = 0
open("t/", O_RDONLY|O_NONBLOCK|O_LARGEFILE|O_DIRECTORY) = 3
fstat64(3, {st_mode=S_IFDIR|S_ISGID|0755, st_size=4096, ...}) = 0
fcntl64(3, F_SETFD, FD_CLOEXEC)         = 0
getdents64(3, /* 4 entries */, 4096)    = 112
lstat64("t/01-basic.t", {st_mode=S_IFREG|0444, st_size=14852, ...}) = 0
lstat64("t/99-pod.t", {st_mode=S_IFREG|0444, st_size=465, ...}) = 0
getdents64(3, /* 0 entries */, 4096)    = 0
close(3)                                = 0
time(NULL)                              = 1070042461
times({tms_utime=26, tms_stime=1, tms_cutime=0, tms_cstime=0}) = 138817108
ioctl(1, SNDCTL_TMR_TIMEBASE or TCGETS, {B38400 opost isig icanon echo ...}) = 0
write(1, "t/01-basic....", 14)          = 14
stat64("t/01-basic.t", {st_mode=S_IFREG|0444, st_size=14852, ...}) = 0
stat64("t/01-basic.t", {st_mode=S_IFREG|0444, st_size=14852, ...}) = 0
open("t/01-basic.t", O_RDONLY|O_LARGEFILE) = 3
ioctl(3, SNDCTL_TMR_TIMEBASE or TCGETS, 0xbffd2788) = -1 ENOTTY (Inappropriate ioctl for device)
_llseek(3, 0, [0], SEEK_CUR)            = 0
fstat64(3, {st_mode=S_IFREG|0444, st_size=14852, ...}) = 0
fcntl64(3, F_SETFD, FD_CLOEXEC)         = 0
read(3, "#!/usr/bin/perl -w\n\nuse strict;\n"..., 4096) = 4096
_llseek(3, 19, [19], SEEK_SET)          = 0
_llseek(3, 0, [19], SEEK_CUR)           = 0
close(3)                                = 0
pipe([3, 4])                            = 0
pipe([5, 6])                            = 0
clone(child_stack=0, flags=CLONE_CHILD_CLEARTID|CLONE_CHILD_SETTID|SIGCHLD, child_tidptr=0xbf5a40c8) = 9837
close(6)                                = 0
close(4)                                = 0
read(5, "", 4)                          = 0
close(5)                                = 0
ioctl(3, SNDCTL_TMR_TIMEBASE or TCGETS, 0xbffd26f8) = -1 EINVAL (Invalid argument)
_llseek(3, 0, 0xbffd2730, SEEK_CUR)     = -1 ESPIPE (Illegal seek)
fcntl64(3, F_SETFD, FD_CLOEXEC)         = 0
read(3, 