PERL_DL_NONLAZY=1 /usr/local/bin/perl "-MExtUtils::Command::MM" "-e" "test_harness(1, 'blib/lib', 'blib/arch')" t/query.t
t/query....1..4
# Running under perl version 5.008008 for darwin
# Current time local: Fri Jun 30 22:24:35 2006
# Current time GMT:   Sat Jul  1 02:24:35 2006
# Using Test.pm version 1.25
ok 1
# Connecting to SIMBAD
# Continuing Tests
ok 2
# Connecting to SIMBAD
# Continuing Tests
ok 3
# Connecting to SIMBAD
# Continuing Tests
not ok 4
FAILED test 4
	Failed 1/4 tests, 75.00% okay
Failed Test Stat Wstat Total Fail  List of Failed
-------------------------------------------------------------------------------
t/query.t                  4    1  4
Failed 1/1 test scripts. 1/4 subtests failed.
Files=1, Tests=4,  7 wallclock secs ( 0.80 cusr +  0.13 csys =  0.93 CPU)
