SOAP::Transport::new: ()
SOAP::Serializer::new: ()
SOAP::Deserializer::new: ()
SOAP::Parser::new: ()
SOAP::Server::new: ()
SOAP::Transport::HTTP::Server::new: ()
SOAP::Transport::HTTP::CGI::new: ()
SOAP::Transport::HTTP::Server::handle: <?xml version="1.0" encoding="utf-8"?><soap:Envelope xmlns:soap="http://schemas.xmlsoap.org/soap/envelope/" xmlns:xsi="http://www.w3.org/2001/XMLSchema-instance" xmlns:xsd="http://www.w3.org/2001/XMLSchema"><soap:Body><MethodNameNoOneCanCallThish xmlns="xxxx"><sessionID>63b2a0f97f34d253217e2f914f5fcc68</sessionID><objectType>CCuser</objectType><foreignID>01-BB-78-BA-A0-45-2F-47-94-9A-7D-4B-AE-4E-02-4E</foreignID><attributeName>MemberOf</attributeName><firstCall>1</firstCall><lastCall>1</lastCall><attributeValue><string>CN=aaaaaaaaaaaaaaaaaaaaa,aa=bbbbbbbb,cc=dddddddd,ee=fff</string><string>CN=bbbbbbbbbbbbbbbbbb,aa=bbbbbbbb,cc=dddddddd,ee=fff</string><string>CN=cccccccccccccccccccccccccccccccccccccccc,aa=bbbbbbbb,cc=dddddddd,ee=fff</string><string>CN=dddddddddddddd,aa=bbbbbbbbbbbbbbbbbbbbbbbbbbb,cc=dddddddd,ee=ffffff,gg=hhhhhhhh,ii=jjj</string><string>CN=eeeeeeeeeeeeeeeeeeeeeeeeeeeee,aa=bbbbbbbb,cc=dddddddd,ee=fff</string><string>CN=fffffffffff,aa=bbbbbbbb,cc=dddddddd,ee=fff</string><string>CN=gggggggggggggggg,aa=bbbbbbbb,cc=dddddddd,ee=fff</string><string>CN=hhhhhhhhhhhhhh,OU=iiiiiiiiiiii,aa=bbbbbbbb,cc=dddddddd,ee=fff</string><string>CN=iiiiiiiiiiiiiiiiiiiiiiii,zz=xxxxxxxxx,aa=bbbbbbbb,cc=dddddddd,ee=fff</string><string>CN=jjjjjjjjjjjjjjjjjjjjjjjj,zz=xxxxxxxxx,aa=bbbbbbbb,cc=dddddddd,ee=fff</string><string>CN=kkkkkkkkkkkkkkkkkkkkkkk,zz=xxxxxxxxx,aa=bbbbbbbb,cc=dddddddd,ee=fff</string><string>CN=llllllllllllllllllllllllllllll,zz=xxxxxxxxx,aa=bbbbbbbb,cc=dddddddd,ee=fff</string><string>CN=mmmmmmmmmmmmmmmmmmmmmmmm,zz=xxxxxxxxx,aa=bbbbbbbb,cc=dddddddd,ee=fff</string><string>CN=nnnnnnnnnnnnnnnnnnn,aa=bbbbbbbb,cc=dddddddd,ee=fff</string><string>CN=oooooooooooooooooooooo,aa=bbbbbbbbbbbbbbbbbbbbbbbbbbb,cc=dddddddd,ee=ffffff,gg=hhhhhhhh,ii=jjj</string><string>CN=pppppppppppppppppppppppppppp,aa=bbbbbbbbbbbbbbbbbbbbbbbbbbb,cc=dddddddd,ee=ffffff,gg=hhhhhhhh,ii=jjj</string><string>CN=qqqqqqqqqqq,aa=bbbbbbbbbbbbbbbbbbbbbbbbbbb,cc=dddddddd,ee=ffffff,gg=hhhhhhhh,ii=jjj</string><string>CN=rrrrrrrrrrrrrrrrrrrr,aa=bbbbbbbb,cc=dddddddd,ee=fff</string><string>CN=sssssssssssssss,aa=bbbbbbbb,cc=dddddddd,ee=fff</string><string>CN=tttttttttttttttttttttt,aa=bbbbbbbb,cc=dddddddd,ee=fff</string><string>CN=uuuuuuuuuuuuuu,aa=bbbbbbbb,cc=dddddddd,ee=fff</string><string>CN=vvvvvvvvvvvvvvvvvvvvvvvvvvvvvvvvvvvvv,aa=bbbbbbbbbbbbbbbbbbbbbbbbbbb,cc=dddddddd,ee=ffffff,gg=hhhhhhhh,ii=jjj</string><string>CN=wwwww&amp;wwwwwwwwwwwwwwwwwwwwwwww,OU=xxxxxxxxxxxxxxxxxx,OU=yyyyyyyy,OU=zzzzzz,DC=uuuuuuuu,DC=vvv</string><string>CN=xxxxxxxxxxxxxx,aa=bbbbbbbb,cc=dddddddd,ee=fff</string><string>CN=yyyyyyy&amp;yyyyy,aa=bbbbbbbbbbbbbbbbbbbbbbbbbbb,cc=dddddddd,ee=ffffff,gg=hhhhhhhh,ii=jjj</string><string>CN=zzzzzzzzzzzzzzzzzzzzzzzzzzzzzzzzzzzzzzzzz,aa=bbbbbbbb,cc=dddddddd,ee=fff</string><string>CN=AAAAAAAAAAAA,aa=bbbbbbbbbbbbbbbbbbbbbbbbbbb,cc=dddddddd,ee=ffffff,gg=hhhhhhhh,ii=jjj</string><string>CN=BBBBBBBBBBBBBBBBBBBBBBB,aa=bbbbbbbbbbbbbbbbbbbbbbbbbbb,cc=dddddddd,ee=ffffff,gg=hhhhhhhh,ii=jjj</string><string>CN=CCCCCCCCCCCCCCCC,aa=bbbbbbbb,cc=dddddddd,ee=fff</string><string>CN=DDDDDDDDDDDD,aa=bbbbbbbb,cc=dddddddd,ee=fff</string><string>CN=EEEEEEEEEEEEEEEEEEEEEEEEEEEEEE,aa=bbbbbbbbbbbbbbbbbbbbbbbbbbb,cc=dddddddd,ee=ffffff,gg=hhhhhhhh,ii=jjj</string><string>CN=FFFFFFFFFF,aa=bbbbbbbbbbbbbbbbbbbbbbbbbbb,cc=dddddddd,ee=ffffff,gg=hhhhhhhh,ii=jjj</string><string>CN=GGGGGGG &amp; GGGGGGGGGGGGGGGGGGGGGGG,aa=bbbbbbbbbbbbbbbbbbbbbbbbbbb,cc=dddddddd,ee=ffffff,gg=hhhhhhhh,ii=jjj</string><string>CN=HHHHHHH &amp; HHHHHHHHHHHHHHHHHHHH,aa=bbbbbbbbbbbbbbbbbbbbbbbbbbb,cc=dddddddd,ee=ffffff,gg=hhhhhhhh,ii=jjj</string><string>CN=IIIIIII &amp; IIIIIIIIIIIIIIII,aa=bbbbbbbbbbbbbbbbbbbbbbbbbbb,cc=dddddddd,ee=ffffff,gg=hhhhhhhh,ii=jjj</string><string>CN=J&amp;JJJJJJJJ,aa=bbbbbbbbbbbbbbbbbbbbbbbbbbb,cc=dddddddd,ee=ffffff,gg=hhhhhhhh,ii=jjj</string><string>CN=K&amp;KKKKKKKKKKK,aa=bbbbbbbbbbbbbbbbbbbbbbbbbbb,cc=dddddddd,ee=ffffff,gg=hhhhhhhh,ii=jjj</string><string>CN=LLLLLLLL/LLLLLLLLLLLLLLL,aa=bbbbbbbbbbbbbbbbbbbbbbbbbbb,cc=dddddddd,ee=ffffff,gg=hhhhhhhh,ii=jjj</string><string>CN=MMMMMMMMMMMMMMMMMMMM,OU=NNNNNNNNNNN,aa=bbbbbbbb,cc=dddddddd,ee=fff</string><string>CN=NNNNNNNNNNNNNNN,aa=bbbbbbbbbbbbbbbbbbbbbbbbbbb,cc=dddddddd,ee=ffffff,gg=hhhhhhhh,ii=jjj</string><string>CN=OOOOOOOOOOOOOOO,aa=bbbbbbbb,cc=dddddddd,ee=fff</string><string>CN=PPPPPPPPPPPPP,aa=bbbbbbbbbbbbbbbbbbbbbbbbbbb,cc=dddddddd,ee=ffffff,gg=hhhhhhhh,ii=jjj</string><string>CN=QQQQQQQQQQQQQQQQQQQ,aa=bbbbbbbb,cc=dddddddd,ee=fff</string><string>CN=RRRRRRRRRRRRRRR,aa=bbbbbbbb,cc=dddddddd,ee=fff</string><string>CN=SSSSSSSSSSSS,aa=bbbbbbbbbbbbbbbbbbbbbbbbbbb,cc=dddddddd,ee=ffffff,gg=hhhhhhhh,ii=jjj</string><string>CN=TTTTTTTTTTTT,aa=bbbbbbbb,cc=dddddddd,ee=fff</string><string>CN=UUUUUUUUUUUU,aa=bbbbbbbb,cc=dddddddd,ee=fff</string><string>CN=VVVVVVVVVVV,aa=bbbbbbbb,cc=dddddddd,ee=fff</string><string>CN=WWWWWWWWWWWW,aa=bbbbbbbbbbbbbbbbbbbbbbbbbbb,cc=dddddddd,ee=ffffff,gg=hhhhhhhh,ii=jjj</string><string>CN=XXXXXXXXXXXXXXXXXXXXXXXXXXXXXXXXXXXXXXXX,aa=bbbbbbbbbbbbbbbbbbbbbbbbbbb,cc=dddddddd,ee=ffffff,gg=hhhhhhhh,ii=jjj</string><string>CN=YYYYYYYYYYY,aa=bbbbbbbbbbbbbbbbbbbbbbbbbbb,cc=dddddddd,ee=ffffff,gg=hhhhhhhh,ii=jjj</string><string>CN=ZZZZZZZZZZZZZ,aa=bbbbbbbb,cc=dddddddd,ee=fff</string><string>CN=aaaaaaaaaa,aa=bbbbbbbb,cc=dddddddd,ee=fff</string><string>CN=bbbbbbbbbbb,aa=bbbbbbbbbbbbbbbbbbbbbbbbbbb,cc=dddddddd,ee=ffffff,gg=hhhhhhhh,ii=jjj</string><string>CN=cccccccccccccccc,OU=NonCustodial,aa=bbbbbbbb,cc=dddddddd,ee=fff</string><string>CN=ddddddddddddd,aa=bbbbbbbb,cc=dddddddd,ee=fff</string><string>CN=eeeeeeeeeeeeeee,aa=bbbbbbbbbbbbbbbbbbbbbbbbbbb,cc=dddddddd,ee=ffffff,gg=hhhhhhhh,ii=jjj</string><string>CN=ffffffffffff,aa=bbbbbbbbbbbbbbbbbbbbbbbbbbb,cc=dddddddd,ee=ffffff,gg=hhhhhhhh,ii=jjj</string><string>aaaaaaaaaaaaaaaaaaaaaaaaaaaaaaaaaaaaaaaaaaaaaaaaaaaaaaaaaaaaaaaaaaaaaaaaaaaaaaaa</string></attributeValue></MethodNameNoOneCanCallThish></soap:Body></soap:Envelope>
SOAP::Server::handle: ()
SOAP::Deserializer::deserialize: ()
SOAP::Parser::decode: ()
SOAP::SOM::new: ()
SOAP::Data::new: ()
SOAP::Data::new: ()
SOAP::Data::new: ()
SOAP::Data::new: ()
SOAP::Data::new: ()
SOAP::Data::new: ()
SOAP::Data::new: ()
SOAP::Data::new: ()
SOAP::Data::new: ()
SOAP::Data::new: ()
SOAP::Data::new: ()
SOAP::Data::new: ()
SOAP::Data::new: ()
SOAP::Data::new: ()
SOAP::Data::new: ()
SOAP::Data::new: ()
SOAP::Data::new: ()
SOAP::Data::new: ()
SOAP::Data::new: ()
SOAP::Data::new: ()
SOAP::Data::new: ()
SOAP::Data::new: ()
SOAP::Data::new: ()
SOAP::Data::new: ()
SOAP::Data::new: ()
SOAP::Data::new: ()
SOAP::Data::new: ()
SOAP::Data::new: ()
SOAP::Data::new: ()
SOAP::Data::new: ()
SOAP::Data::new: ()
SOAP::Data::new: ()
SOAP::Data::new: ()
SOAP::Data::new: ()
SOAP::Data::new: ()
SOAP::Data::new: ()
SOAP::Data::new: ()
SOAP::Data::new: ()
SOAP::Data::new: ()
SOAP::Data::new: ()
SOAP::Data::new: ()
SOAP::Data::new: ()
SOAP::Data::new: ()
SOAP::Data::new: ()
SOAP::Data::new: ()
SOAP::Data::new: ()
SOAP::Data::new: ()
SOAP::Data::new: ()
SOAP::Data::new: ()
SOAP::Data::new: ()
SOAP::Data::new: ()
SOAP::Data::new: ()
SOAP::Data::new: ()
SOAP::Data::new: ()
SOAP::Data::new: ()
SOAP::Data::new: ()
SOAP::Data::new: ()
SOAP::Data::new: ()
SOAP::Data::new: ()
SOAP::Data::new: ()
SOAP::Data::new: ()
SOAP::Data::new: ()
SOAP::Data::new: ()
SOAP::Data::new: ()
SOAP::Data::new: ()
SOAP::Data::new: ()
SOAP::Data::new: ()
SOAP::Data::new: ()
SOAP::Data::new: ()
SOAP::Data::DESTROY: ()
SOAP::Data::DESTROY: ()
SOAP::Data::DESTROY: ()
SOAP::Data::DESTROY: ()
SOAP::Data::DESTROY: ()
SOAP::Data::DESTROY: ()
SOAP::Data::DESTROY: ()
SOAP::Data::DESTROY: ()
SOAP::Data::DESTROY: ()
SOAP::Data::DESTROY: ()
SOAP::Data::DESTROY: ()
SOAP::Data::DESTROY: ()
SOAP::Data::DESTROY: ()
SOAP::Data::DESTROY: ()
SOAP::Data::DESTROY: ()
SOAP::Data::DESTROY: ()
SOAP::Data::DESTROY: ()
SOAP::Data::DESTROY: ()
SOAP::Data::DESTROY: ()
SOAP::Data::DESTROY: ()
SOAP::Data::DESTROY: ()
SOAP::Data::DESTROY: ()
SOAP::Data::DESTROY: ()
SOAP::Data::DESTROY: ()
SOAP::Data::DESTROY: ()
SOAP::Data::DESTROY: ()
SOAP::Data::DESTROY: ()
SOAP::Data::DESTROY: ()
SOAP::Data::DESTROY: ()
SOAP::Data::DESTROY: ()
SOAP::Data::DESTROY: ()
SOAP::Data::DESTROY: ()
SOAP::Data::DESTROY: ()
SOAP::Data::DESTROY: ()
SOAP::Data::DESTROY: ()
SOAP::Data::DESTROY: ()
SOAP::Data::DESTROY: ()
SOAP::Data::DESTROY: ()
SOAP::Data::DESTROY: ()
SOAP::Data::DESTROY: ()
SOAP::Data::DESTROY: ()
SOAP::Data::DESTROY: ()
SOAP::Data::DESTROY: ()
SOAP::Data::DESTROY: ()
SOAP::Data::DESTROY: ()
SOAP::Data::DESTROY: ()
SOAP::Data::DESTROY: ()
SOAP::Data::DESTROY: ()
SOAP::Data::DESTROY: ()
SOAP::Data::DESTROY: ()
SOAP::Data::DESTROY: ()
SOAP::Data::DESTROY: ()
SOAP::Data::DESTROY: ()
SOAP::Data::DESTROY: ()
SOAP::Data::DESTROY: ()
SOAP::Data::DESTROY: ()
SOAP::Data::DESTROY: ()
SOAP::Data::DESTROY: ()
SOAP::Data::DESTROY: ()
SOAP::Data::DESTROY: ()
SOAP::Data::DESTROY: ()
SOAP::Data::DESTROY: ()
SOAP::Data::DESTROY: ()
SOAP::Data::DESTROY: ()
SOAP::Data::DESTROY: ()
SOAP::Data::DESTROY: ()
SOAP::Data::DESTROY: ()
SOAP::Data::DESTROY: ()
SOAP::Data::DESTROY: ()
(eval): 63b2a0f97f34d253217e2f914f5fcc68 CCuser 01-BB-78-BA-A0-45-2F-47-94-9A-7D-4B-AE-4E-02-4E MemberOf 1 1 HASH(0x84e2458)
SOAP::Data::new: ()
SOAP::Data::new: ()
SOAP::Data::new: ()
SOAP::Data::new: ()
SOAP::Data::new: ()
SOAP::Data::new: ()
SOAP::Data::new: ()
SOAP::Lite::new: ()
SOAP::Transport::HTTP::Client::new: ()
SOAP::Data::new: ()
SOAP::Lite::call: ()
SOAP::Serializer::envelope: ()
SOAP::Serializer::envelope: SOAP::Data=HASH(0x867eb88) SOAP::Data=HASH(0x865bda8) SOAP::Data=HASH(0x865fbc8) SOAP::Data=HASH(0x866c568) SOAP::Data=HASH(0x8672e70) SOAP::Data=HASH(0x86735a8) SOAP::Data=HASH(0x8673698) SOAP::Data=HASH(0x8676828)
SOAP::Data::new: ()
SOAP::Data::new: ()
SOAP::Data::new: ()
SOAP::Data::new: ()
SOAP::Transport::HTTP::Client::send_receive: HTTP::Request=HASH(0x87004c0)
SOAP::Transport::HTTP::Client::send_receive: POST http://aaaaaaaaa.bbbbbbbbbb.ccc/ddd/eeee.fff HTTP/1.1
Accept: text/xml
Accept: multipart/*
Accept: application/soap
Content-Length: 7340
Content-Type: text/xml; charset=utf-8
SOAPAction: "xxxx#MethodNameNoOneCanCallThish"

<?xml version="1.0" encoding="UTF-8"?><soap:Envelope soap:encodingStyle="http://schemas.xmlsoap.org/soap/encoding/" xmlns:soap="http://schemas.xmlsoap.org/soap/envelope/" xmlns:soapenc="http://schemas.xmlsoap.org/soap/encoding/" xmlns:xsd="http://www.w3.org/2001/XMLSchema" xmlns:xsi="http://www.w3.org/2001/XMLSchema-instance"><soap:Body><MethodNameNoOneCanCallThish xmlns="xxxx"><sessionID xsi:type="xsd:string">63b2a0f97f34d253217e2f914f5fcc68</sessionID><objectType xsi:type="xsd:string">CCuser</objectType><foreignID xsi:type="xsd:string">01-BB-78-BA-A0-45-2F-47-94-9A-7D-4B-AE-4E-02-4E</foreignID><attributeName xsi:type="xsd:string">MemberOf</attributeName><firstCall xsi:type="xsd:int">1</firstCall><lastCall xsi:type="xsd:int">1</lastCall><attributeValue><string soapenc:arrayType="xsd:string[59]" xsi:type="soapenc:Array"><item xsi:type="xsd:string">CN=aaaaaaaaaaaaaaaaaaaaa,aa=bbbbbbbb,cc=dddddddd,ee=fff</item><item xsi:type="xsd:string">CN=bbbbbbbbbbbbbbbbbb,aa=bbbbbbbb,cc=dddddddd,ee=fff</item><item xsi:type="xsd:string">CN=cccccccccccccccccccccccccccccccccccccccc,aa=bbbbbbbb,cc=dddddddd,ee=fff</item><item xsi:type="xsd:string">CN=dddddddddddddd,aa=bbbbbbbbbbbbbbbbbbbbbbbbbbb,cc=dddddddd,ee=ffffff,gg=hhhhhhhh,ii=jjj</item><item xsi:type="xsd:string">CN=eeeeeeeeeeeeeeeeeeeeeeeeeeeee,aa=bbbbbbbb,cc=dddddddd,ee=fff</item><item xsi:type="xsd:string">CN=fffffffffff,aa=bbbbbbbb,cc=dddddddd,ee=fff</item><item xsi:type="xsd:string">CN=gggggggggggggggg,aa=bbbbbbbb,cc=dddddddd,ee=fff</item><item xsi:type="xsd:string">CN=hhhhhhhhhhhhhh,OU=iiiiiiiiiiii,aa=bbbbbbbb,cc=dddddddd,ee=fff</item><item xsi:type="xsd:string">CN=iiiiiiiiiiiiiiiiiiiiiiii,zz=xxxxxxxxx,aa=bbbbbbbb,cc=dddddddd,ee=fff</item><item xsi:type="xsd:string">CN=jjjjjjjjjjjjjjjjjjjjjjjj,zz=xxxxxxxxx,aa=bbbbbbbb,cc=dddddddd,ee=fff</item><item xsi:type="xsd:string">CN=kkkkkkkkkkkkkkkkkkkkkkk,zz=xxxxxxxxx,aa=bbbbbbbb,cc=dddddddd,ee=fff</item><item xsi:type="xsd:string">CN=llllllllllllllllllllllllllllll,zz=xxxxxxxxx,aa=bbbbbbbb,cc=dddddddd,ee=fff</item><item xsi:type="xsd:string">CN=mmmmmmmmmmmmmmmmmmmmmmmm,zz=xxxxxxxxx,aa=bbbbbbbb,cc=dddddddd,ee=fff</item><item xsi:type="xsd:string">CN=nnnnnnnnnnnnnnnnnnn,aa=bbbbbbbb,cc=dddddddd,ee=fff</item><item xsi:type="xsd:string">CN=oooooooooooooooooooooo,aa=bbbbbbbbbbbbbbbbbbbbbbbbbbb,cc=dddddddd,ee=ffffff,gg=hhhhhhhh,ii=jjj</item><item xsi:type="xsd:string">CN=pppppppppppppppppppppppppppp,aa=bbbbbbbbbbbbbbbbbbbbbbbbbbb,cc=dddddddd,ee=ffffff,gg=hhhhhhhh,ii=jjj</item><item xsi:type="xsd:string">CN=qqqqqqqqqqq,aa=bbbbbbbbbbbbbbbbbbbbbbbbbbb,cc=dddddddd,ee=ffffff,gg=hhhhhhhh,ii=jjj</item><item xsi:type="xsd:string">CN=rrrrrrrrrrrrrrrrrrrr,aa=bbbbbbbb,cc=dddddddd,ee=fff</item><item xsi:type="xsd:string">CN=sssssssssssssss,aa=bbbbbbbb,cc=dddddddd,ee=fff</item><item xsi:type="xsd:string">CN=tttttttttttttttttttttt,aa=bbbbbbbb,cc=dddddddd,ee=fff</item><item xsi:type="xsd:string">CN=uuuuuuuuuuuuuu,aa=bbbbbbbb,cc=dddddddd,ee=fff</item><item xsi:type="xsd:string">CN=vvvvvvvvvvvvvvvvvvvvvvvvvvvvvvvvvvvvv,aa=bbbbbbbbbbbbbbbbbbbbbbbbbbb,cc=dddddddd,ee=ffffff,gg=hhhhhhhh,ii=jjj</item><item xsi:type="xsd:string">CN=wwwww&amp;wwwwwwwwwwwwwwwwwwwwwwww,OU=xxxxxxxxxxxxxxxxxx,OU=yyyyyyyy,OU=zzzzzz,DC=uuuuuuuu,DC=vvv</item><item xsi:type="xsd:string">CN=xxxxxxxxxxxxxx,aa=bbbbbbbb,cc=dddddddd,ee=fff</item><item xsi:type="xsd:string">CN=yyyyyyy&amp;yyyyy,aa=bbbbbbbbbbbbbbbbbbbbbbbbbbb,cc=dddddddd,ee=ffffff,gg=hhhhhhhh,ii=jjj</item><item xsi:type="xsd:string">CN=zzzzzzzzzzzzzzzzzzzzzzzzzzzzzzzzzzzzzzzzz,aa=bbbbbbbb,cc=dddddddd,ee=fff</item><item xsi:type="xsd:string">CN=AAAAAAAAAAAA,aa=bbbbbbbbbbbbbbbbbbbbbbbbbbb,cc=dddddddd,ee=ffffff,gg=hhhhhhhh,ii=jjj</item><item xsi:type="xsd:string">CN=BBBBBBBBBBBBBBBBBBBBBBB,aa=bbbbbbbbbbbbbbbbbbbbbbbbbbb,cc=dddddddd,ee=ffffff,gg=hhhhhhhh,ii=jjj</item><item xsi:type="xsd:string">CN=CCCCCCCCCCCCCCCC,aa=bbbbbbbb,cc=dddddddd,ee=fff</item><item xsi:type="xsd:string">CN=DDDDDDDDDDDD,aa=bbbbbbbb,cc=dddddddd,ee=fff</item><item xsi:type="xsd:string">CN=EEEEEEEEEEEEEEEEEEEEEEEEEEEEEE,aa=bbbbbbbbbbbbbbbbbbbbbbbbbbb,cc=dddddddd,ee=ffffff,gg=hhhhhhhh,ii=jjj</item><item xsi:type="xsd:string">CN=FFFFFFFFFF,aa=bbbbbbbbbbbbbbbbbbbbbbbbbbb,cc=dddddddd,ee=ffffff,gg=hhhhhhhh,ii=jjj</item><item xsi:type="xsd:string">CN=GGGGGGG &amp; GGGGGGGGGGGGGGGGGGGGGGG,aa=bbbbbbbbbbbbbbbbbbbbbbbbbbb,cc=dddddddd,ee=ffffff,gg=hhhhhhhh,ii=jjj</item><item xsi:type="xsd:string">CN=HHHHHHH &amp; HHHHHHHHHHHHHHHHHHHH,aa=bbbbbbbbbbbbbbbbbbbbbbbbbbb,cc=dddddddd,ee=ffffff,gg=hhhhhhhh,ii=jjj</item><item xsi:type="xsd:string">CN=IIIIIII &amp; IIIIIIIIIIIIIIII,aa=bbbbbbbbbbbbbbbbbbbbbbbbbbb,cc=dddddddd,ee=ffffff,gg=hhhhhhhh,ii=jjj</item><item xsi:type="xsd:string">CN=J&amp;JJJJJJJJ,aa=bbbbbbbbbbbbbbbbbbbbbbbbbbb,cc=dddddddd,ee=ffffff,gg=hhhhhhhh,ii=jjj</item><item xsi:type="xsd:string">CN=K&amp;KKKKKKKKKKK,aa=bbbbbbbbbbbbbbbbbbbbbbbbbbb,cc=dddddddd,ee=ffffff,gg=hhhhhhhh,ii=jjj</item><item xsi:type="xsd:string">CN=LLLLLLLL/LLLLLLLLLLLLLLL,aa=bbbbbbbbbbbbbbbbbbbbbbbbbbb,cc=dddddddd,ee=ffffff,gg=hhhhhhhh,ii=jjj</item><item xsi:type="xsd:string">CN=MMMMMMMMMMMMMMMMMMMM,OU=NNNNNNNNNNN,aa=bbbbbbbb,cc=dddddddd,ee=fff</item><item xsi:type="xsd:string">CN=NNNNNNNNNNNNNNN,aa=bbbbbbbbbbbbbbbbbbbbbbbbbbb,cc=dddddddd,ee=ffffff,gg=hhhhhhhh,ii=jjj</item><item xsi:type="xsd:string">CN=OOOOOOOOOOOOOOO,aa=bbbbbbbb,cc=dddddddd,ee=fff</item><item xsi:type="xsd:string">CN=PPPPPPPPPPPPP,aa=bbbbbbbbbbbbbbbbbbbbbbbbbbb,cc=dddddddd,ee=ffffff,gg=hhhhhhhh,ii=jjj</item><item xsi:type="xsd:string">CN=QQQQQQQQQQQQQQQQQQQ,aa=bbbbbbbb,cc=dddddddd,ee=fff</item><item xsi:type="xsd:string">CN=RRRRRRRRRRRRRRR,aa=bbbbbbbb,cc=dddddddd,ee=fff</item><item xsi:type="xsd:string">CN=SSSSSSSSSSSS,aa=bbbbbbbbbbbbbbbbbbbbbbbbbbb,cc=dddddddd,ee=ffffff,gg=hhhhhhhh,ii=jjj</item><item xsi:type="xsd:string">CN=TTTTTTTTTTTT,aa=bbbbbbbb,cc=dddddddd,ee=fff</item><item xsi:type="xsd:string">CN=UUUUUUUUUUUU,aa=bbbbbbbb,cc=dddddddd,ee=fff</item><item xsi:type="xsd:string">CN=VVVVVVVVVVV,aa=bbbbbbbb,cc=dddddddd,ee=fff</item><item xsi:type="xsd:string">CN=WWWWWWWWWWWW,aa=bbbbbbbbbbbbbbbbbbbbbbbbbbb,cc=dddddddd,ee=ffffff,gg=hhhhhhhh,ii=jjj</item><item xsi:type="xsd:string">CN=XXXXXXXXXXXXXXXXXXXXXXXXXXXXXXXXXXXXXXXX,aa=bbbbbbbbbbbbbbbbbbbbbbbbbbb,cc=dddddddd,ee=ffffff,gg=hhhhhhhh,ii=jjj</item><item xsi:type="xsd:string">CN=YYYYYYYYYYY,aa=bbbbbbbbbbbbbbbbbbbbbbbbbbb,cc=dddddddd,ee=ffffff,gg=hhhhhhhh,ii=jjj</item><item xsi:type="xsd:string">CN=ZZZZZZZZZZZZZ,aa=bbbbbbbb,cc=dddddddd,ee=fff</item><item xsi:type="xsd:string">CN=aaaaaaaaaa,aa=bbbbbbbb,cc=dddddddd,ee=fff</item><item xsi:type="xsd:string">CN=bbbbbbbbbbb,aa=bbbbbbbbbbbbbbbbbbbbbbbbbbb,cc=dddddddd,ee=ffffff,gg=hhhhhhhh,ii=jjj</item><item xsi:type="xsd:string">CN=cccccccccccccccc,OU=NonCustodial,aa=bbbbbbbb,cc=dddddddd,ee=fff</item><item xsi:type="xsd:string">CN=ddddddddddddd,aa=bbbbbbbb,cc=dddddddd,ee=fff</item><item xsi:type="xsd:string">CN=eeeeeeeeeeeeeee,aa=bbbbbbbbbbbbbbbbbbbbbbbbbbb,cc=dddddddd,ee=ffffff,gg=hhhhhhhh,ii=jjj</item><item xsi:type="xsd:string">CN=ffffffffffff,aa=bbbbbbbbbbbbbbbbbbbbbbbbbbb,cc=dddddddd,ee=ffffff,gg=hhhhhhhh,ii=jjj</item><item xsi:type="xsd:string">aaaaaaaaaaaaaaaaaaaaaaaaaaaaaaaaaaaaaaaaaaaaaaaaaaaaaaaaaaaaaaaaaaaaaaaaaaaaaaaa</item></string></attributeValue></MethodNameNoOneCanCallThish></soap:Body></soap:Envelope>
SOAP::Transport::HTTP::Client::send_receive: HTTP::Response=HASH(0x8727510)
SOAP::Transport::HTTP::Client::send_receive: HTTP/1.1 200 OK
Connection: close
Date: Tue, 14 Jul 2015 19:17:05 GMT
Server: nginx/1.1.19
Content-Length: 490
Content-Type: text/xml; charset=utf-8
Client-Date: Tue, 14 Jul 2015 19:17:05 GMT
Client-Peer: 192.168.172.67:80
Client-Response-Num: 1
SOAPServer: SOAP::Lite/Perl/1.11

SOAP::Lite::DESTROY: ()
SOAP::Serializer::DESTROY: ()
SOAP::Data::DESTROY: ()
SOAP::Data::DESTROY: ()
SOAP::Data::DESTROY: ()
SOAP::Data::DESTROY: ()
SOAP::Data::DESTROY: ()
SOAP::Transport::DESTROY: ()
SOAP::Transport::HTTP::Client::DESTROY: ()
SOAP::Deserializer::DESTROY: ()
SOAP::Data::DESTROY: ()
SOAP::Data::DESTROY: ()
SOAP::Data::DESTROY: ()
SOAP::Data::DESTROY: ()
SOAP::Data::DESTROY: ()
SOAP::Data::DESTROY: ()
SOAP::Data::DESTROY: ()
SOAP::Server::handle: 
SOAP::Fault::new: ()
SOAP::SOM::DESTROY: ()
SOAP::Serializer::envelope: ()
Use of uninitialized value $_[2] in join or string at /thirdParty/lib/perl5/SOAP/Lite.pm line 2957.
Use of uninitialized value $_[3] in join or string at /thirdParty/lib/perl5/SOAP/Lite.pm line 2957.
SOAP::Serializer::envelope: Server Can't call method "result" on an undefined value at <filename> line 189.
  
SOAP::Data::new: ()
SOAP::Data::new: ()
SOAP::Data::new: ()
SOAP::Data::new: ()
SOAP::Data::new: ()
SOAP::Data::new: ()
SOAP::Data::new: ()
SOAP::Fault::DESTROY: ()
SOAP::Transport::HTTP::CGI::DESTROY: ()
SOAP::Serializer::DESTROY: ()
SOAP::Data::DESTROY: ()
SOAP::Data::DESTROY: ()
SOAP::Data::DESTROY: ()
SOAP::Data::DESTROY: ()
SOAP::Data::DESTROY: ()
SOAP::Data::DESTROY: ()
SOAP::Data::DESTROY: ()
SOAP::Transport::DESTROY: ()
SOAP::Deserializer::DESTROY: ()
SOAP::Parser::DESTROY: ()
