cpanm (App::cpanminus) 1.7001 on perl 5.016003 built for darwin-2level
Work directory is /Users/dsteinbrunner/.cpanm/work/1394020400.37201
You have make /usr/bin/make
You have LWP 6.05
You have /usr/bin/tar: bsdtar 2.6.2 - libarchive 2.6.2
You have /usr/bin/unzip
Checking if you have ExtUtils::MakeMaker 6.31 ... Yes (6.63_02)
Checking if you have ExtUtils::Install 1.46 ... Yes (1.58)
Searching Dist::Data on cpanmetadb ...
--> Working on Dist::Data
Fetching http://www.cpan.org/authors/id/G/GE/GETTY/Dist-Data-0.005.tar.gz
-> OK
Unpacking Dist-Data-0.005.tar.gz
Entering Dist-Data-0.005
Checking configure dependencies from META.json
Checking if you have ExtUtils::MakeMaker 6.30 ... Yes (6.63_02)
Configuring Dist-Data-0.005
Running Makefile.PL
Unparsable version 'v0.2.3' for prerequisite File::Find::Object at Makefile.PL line 72.
Checking if your kit is complete...
Looks good
Writing Makefile for Dist::Data
Writing MYMETA.yml and MYMETA.json
-> OK
Checking dependencies from MYMETA.json ...
Checking if you have Dist::Metadata 0.922 ... Yes (0.925)
Checking if you have DateTime::Format::Epoch 0.13 ... Yes (0.13)
Checking if you have Moo 0.009013 ... Yes (1.004002)
Checking if you have Archive::Any 0.0932 ... Yes (0.0941)
Checking if you have Test::More 0.96 ... Yes (1.001002)
Checking if you have Module::Extract::Namespaces 0.14 ... Yes (1.02)
Checking if you have File::Temp 0.22 ... Yes (0.22)
Checking if you have File::Find::Object 0 ... Yes (0.2.9)
Checking if you have CPAN::Meta 2.113640 ... Yes (2.140630)
Checking if you have Test::LoadAllModules 0.021 ... Yes (0.022)
Building and testing Dist-Data-0.005
cp lib/Dist/Data.pm blib/lib/Dist/Data.pm
Manifying blib/man3/Dist::Data.3
PERL_DL_NONLAZY=1 /Users/dsteinbrunner/perl5/perlbrew/perls/perl-5.16.3/bin/perl "-MExtUtils::Command::MM" "-e" "test_harness(0, 'blib/lib', 'blib/arch')" t/*.t
t/00-load.t ............. ok

#   Failed test 'Checking meta specification from meta'
#   at t/10-simple.t line 45.
#     Structures begin differing at:
#          $got->{url} = 'https://metacpan.org/pod/CPAN::Meta::Spec'
#     $expected->{url} = 'http://search.cpan.org/perldoc?CPAN::Meta::Spec'
# Looks like you failed 1 test of 15.
t/10-simple.t ........... 
Dubious, test returned 1 (wstat 256, 0x100)
Failed 1/15 subtests 
t/11-hold-dist-dir.t .... ok
t/release-pod-syntax.t .. skipped: these tests are for release candidate testing

Test Summary Report
-------------------
t/10-simple.t         (Wstat: 256 Tests: 15 Failed: 1)
  Failed test:  11
  Non-zero exit status: 1
Files=4, Tests=22,  2 wallclock secs ( 0.03 usr  0.02 sys +  0.99 cusr  0.16 csys =  1.20 CPU)
Result: FAIL
Failed 1/4 test programs. 1/22 subtests failed.
make: *** [test_dynamic] Error 255
-> FAIL Installing Dist::Data failed. See /Users/dsteinbrunner/.cpanm/work/1394020400.37201/build.log for details. Retry with --force to force install it.
