cpanm (App::cpanminus) 1.7043 on perl 5.020002 built for MSWin32-x64-multi-thread
Work directory is C:\Users\sdklsh/.cpanm/work/1595858122.5244
You have make C:\Strawberry\c\bin\dmake.exe
You have LWP 6.44
Falling back to Archive::Tar 2.36
Searching System::Command () on cpanmetadb ...
--> Working on System::Command
Fetching http://www.cpan.org/authors/id/B/BO/BOOK/System-Command-1.121.tar.gz
-> OK
Unpacking System-Command-1.121.tar.gz
Entering System-Command-1.121
Checking configure dependencies from META.json
Checking if you have ExtUtils::MakeMaker 6.58 ... Yes (7.44)
Configuring System-Command-1.121
Running Makefile.PL
Checking if your kit is complete...
Looks good
Generating a dmake-style Makefile
Writing Makefile for System::Command
Writing MYMETA.yml and MYMETA.json
-> OK
Checking dependencies from MYMETA.json ...
Checking if you have POSIX 0 ... Yes (1.38_03)
Checking if you have IO::Handle 0 ... Yes (1.42)
Checking if you have Test::More 0.88 ... Yes (1.302162)
Checking if you have IPC::Run 0 ... Yes (20180523.0)
Checking if you have File::Temp 0 ... Yes (0.2304)
Checking if you have Pod::Coverage::TrustPod 0 ... Yes (0.100005)
Checking if you have ExtUtils::MakeMaker 0 ... Yes (7.44)
Checking if you have Test::Pod::Coverage 0 ... Yes (1.10)
Checking if you have Symbol 0 ... Yes (1.07)
Checking if you have Test::CPAN::Meta 0 ... Yes (0.25)
Checking if you have Fcntl 0 ... Yes (1.11)
Checking if you have Test::Pod 0 ... Yes (1.52)
Checking if you have warnings 0 ... Yes (1.23)
Checking if you have Data::Dumper 0 ... Yes (2.154)
Checking if you have constant 0 ... Yes (1.31)
Checking if you have IO::Select 0 ... Yes (1.41)
Checking if you have IPC::Open3 0 ... Yes (1.16)
Checking if you have Cwd 0 ... Yes (3.75)
Checking if you have strict 0 ... Yes (1.08)
Checking if you have Carp 0 ... Yes (1.3301)
Checking if you have Scalar::Util 0 ... Yes (1.50)
Checking if you have List::Util 0 ... Yes (1.50)
Checking if you have File::Spec 0 ... Yes (3.75)
Building and testing System-Command-1.121
cp lib/System/Command.pm blib\lib\System\Command.pm
cp lib/System/Command/Reaper.pm blib\lib\System\Command\Reaper.pm
C:\"Strawberry\perl\bin\perl.exe" "-MExtUtils::Command::MM" "-MTest::Harness" "-e" "undef *Test::Harness::Switches; test_harness(0, 'blib\lib', 'blib\arch')" t/*.t
t/00-compile.t ........... ok
# 
# Versions for all modules listed in MYMETA.json (including optional ones):
# 
# === Configure Requires ===
# 
#     Module              Want Have
#     ------------------- ---- ----
#     ExtUtils::MakeMaker  any 7.44
# 
# === Build Requires ===
# 
#     Module                  Want     Have
#     ----------------------- ---- --------
#     Pod::Coverage::TrustPod  any 0.100005
#     Test::CPAN::Meta         any     0.25
#     Test::Pod                any     1.52
#     Test::Pod::Coverage      any     1.10
# 
# === Test Requires ===
# 
#     Module              Want     Have
#     ------------------- ---- --------
#     ExtUtils::MakeMaker  any     7.44
#     File::Spec           any     3.75
#     File::Temp           any   0.2304
#     IO::Handle           any     1.42
#     IPC::Open3           any     1.16
#     Test::More          0.88 1.302162
# 
# === Test Recommends ===
# 
#     Module            Want     Have
#     ------------- -------- --------
#     CPAN::Meta    2.120900 2.143240
#     Test::Command      any  missing
#     Test::Output       any    1.031
# 
# === Runtime Requires ===
# 
#     Module       Want       Have
#     ------------ ---- ----------
#     Carp          any     1.3301
#     Cwd           any       3.75
#     Data::Dumper  any      2.154
#     Fcntl         any       1.11
#     IO::Handle    any       1.42
#     IO::Select    any       1.41
#     IPC::Run      any 20180523.0
#     List::Util    any       1.50
#     POSIX         any    1.38_03
#     Scalar::Util  any       1.50
#     Symbol        any       1.07
#     constant      any       1.31
#     strict        any       1.08
#     warnings      any       1.23
# 
t/00-report-prereqs.t .... ok
t/01-load.t .............. ok
t/10-command.t ........... ok
t/11-spawn-fail.t ........ skipped: This test script  does not make sense under Win32
Subroutine System::Command::Reaper::DESTROY redefined at t/15-scope.t line 28.
# DESTROY System::Command=HASH(0x6075120)
# DESTROY System::Command::Reaper=HASH(0x61b37f8)
# DESTROY System::Command=HASH(0x6074ee0)
# DESTROY System::Command::Reaper=HASH(0x61b3c00)
# DESTROY System::Command=HASH(0x6072ff8)
# DESTROY System::Command::Reaper=HASH(0x61b3b70)
# DESTROY System::Command=HASH(0x61b3c60)
# DESTROY System::Command::Reaper=HASH(0x61afa10)
# DESTROY System::Command=HASH(0x61afb18)
# DESTROY System::Command::Reaper=HASH(0x6073220)
# DESTROY System::Command=HASH(0x61af320)
# DESTROY System::Command::Reaper=HASH(0x61afd88)
# DESTROY System::Command=HASH(0x6073208)
# DESTROY System::Command::Reaper=HASH(0x61b94e0)
t/15-scope.t ............. ok
# $SIG{CHLD} = 'IGNORE'
# hunting for zombies
t/20-zombie.t ............ ok
t/21-loop_on.t ........... ok
t/25-refopts.t ........... ok
Can't find string terminator "'" anywhere before EOF at -e line 1.

#   Failed test 'exit status not clobbered'
#   at t/30-exit.t line 11.
#          got: '255'
#     expected: '3'
# Looks like you failed 1 test of 1.
t/30-exit.t .............. 
Dubious, test returned 1 (wstat 256, 0x100)
Failed 1/1 subtests 
t/90-command.t ........... skipped: Test::Command not available
t/90-output.t ............ ok
t/author-pod-coverage.t .. skipped: these tests are for testing by the author
t/author-pod-syntax.t .... skipped: these tests are for testing by the author
t/release-distmeta.t ..... skipped: these tests are for release candidate testing

Test Summary Report
-------------------
t/30-exit.t            (Wstat: 256 Tests: 1 Failed: 1)
  Failed test:  1
  Non-zero exit status: 1
Files=15, Tests=251, 26 wallclock secs ( 0.01 usr +  0.13 sys =  0.14 CPU)
Result: FAIL
Failed 1/15 test programs. 1/251 subtests failed.
dmake.exe:  Error code 255, while making 'test_dynamic'
-> FAIL Installing System::Command failed. See C:\Users\sdklsh\.cpanm\work\1595858122.5244\build.log for details. Retry with --force to force install it.
Expiring 1 work directories.
