cpanm (App::cpanminus) 1.7039 on perl 5.014002 built for arm-linux-gnueabihf-thread-multi-64int
Work directory is /home/pi/.cpanm/work/1444111091.10363
You have make /usr/bin/make
You have LWP 6.04
You have /bin/tar: tar (GNU tar) 1.26
Copyright © 2011 Free Software Foundation, Inc.
Licence GPLv3+ : GNU GPL version 3 ou ultérieure <http://gnu.org/licenses/gpl.html>
Ceci est un logiciel libre : vous êtes libre de le modifier et de le redistribuer.
Il est fourni SANS GARANTIE, dans la mesure de ce que permet la loi.

Écrit par John Gilmore et Jay Fenlason.
You have /usr/bin/unzip
Searching Dancer2 () on cpanmetadb ...
--> Working on Dancer2
Fetching http://www.cpan.org/authors/id/X/XS/XSAWYERX/Dancer2-0.162000.tar.gz
-> OK
Unpacking Dancer2-0.162000.tar.gz
Entering Dancer2-0.162000
Checking configure dependencies from META.json
Checking if you have ExtUtils::MakeMaker 6.58 ... Yes (7.10)
Checking if you have File::ShareDir::Install 0.06 ... Yes (0.10)
Configuring Dancer2-0.162000
Running Makefile.PL
Warning: prerequisite App::Cmd::Setup 0 not found.
Checking if your kit is complete...
Looks good
Generating a Unix-style Makefile
Writing Makefile for Dancer2
Writing MYMETA.yml and MYMETA.json
-> OK
Checking dependencies from MYMETA.json ...
Checking if you have Capture::Tiny 0.12 ... Yes (0.30)
Checking if you have YAML 0.86 ... Yes (1.15)
Checking if you have Plack::Middleware::Static 0 ... Yes (undef)
Checking if you have Template::Tiny 0 ... Yes (1.12)
Checking if you have IPC::Open3 0 ... Yes (1.09)
Checking if you have Encode 0 ... Yes (2.42_01)
Checking if you have MooX::Types::MooseLike::Base 0 ... Yes (0.29)
Checking if you have Plack::Test 0 ... Yes (undef)
Checking if you have HTTP::Headers 0 ... Yes (6.00)
Checking if you have Return::MultiLevel 0 ... Yes (0.04)
Checking if you have HTTP::Tiny 0 ... Yes (0.056)
Checking if you have File::Path 0 ... Yes (2.08_01)
Checking if you have Config::Any 0 ... Yes (0.26)
Checking if you have Plack::Request 0 ... Yes (1.0037)
Checking if you have Safe 0 ... Yes (2.29)
Checking if you have warnings 0 ... Yes (1.12)
Checking if you have IO::File 0 ... Yes (1.15)
Checking if you have ExtUtils::MakeMaker 0 ... Yes (7.10)
Checking if you have HTTP::Body 0 ... Yes (1.11)
Checking if you have vars 0 ... Yes (1.02)
Checking if you have Plack::Middleware::FixMissingBodyInRedirect 0 ... Yes (0.12)
Checking if you have strict 0 ... Yes (1.04)
Checking if you have MooX::Types::MooseLike 0.16 ... Yes (0.29)
Checking if you have HTTP::Request 0 ... Yes (6.00)
Checking if you have URI::Escape 0 ... Yes (3.31)
Checking if you have Role::Tiny 1.003000 ... Yes (2.000001)
Checking if you have IO::Handle 0 ... Yes (1.31)
Checking if you have Test::Fatal 0 ... Yes (0.014)
Checking if you have Module::Runtime 0 ... Yes (0.014)
Checking if you have Sub::Quote 0 ... Yes (2.000002)
Checking if you have File::Find 0 ... Yes (1.19)
Checking if you have File::Spec::Functions 0 ... Yes (3.33)
Checking if you have URI 0 ... Yes (1.60)
Checking if you have Plack 1.0029 ... Yes (1.0037)
Checking if you have Exporter 5.57 ... Yes (5.64_03)
Checking if you have utf8 0 ... Yes (1.09)
Checking if you have Carp 0 ... Yes (1.36)
Checking if you have Pod::Simple::SimpleTree 0 ... Yes (3.16)
Checking if you have MIME::Base64 3.13 ... Yes (3.13)
Checking if you have File::Basename 0 ... Yes (2.82)
Checking if you have HTTP::Headers::Fast 0 ... Yes (0.19)
Checking if you have Plack::Middleware::Head 0 ... Yes (undef)
Checking if you have List::Util 0 ... Yes (1.23)
Checking if you have App::Cmd::Setup 0 ... No
Checking if you have Pod::Simple::Search 0 ... Yes (3.16)
Checking if you have Test::Builder 0 ... Yes (1.001014)
Checking if you have Digest::SHA 0 ... Yes (5.61)
Checking if you have Plack::Builder 0 ... Yes (undef)
Checking if you have Plack::Middleware::RemoveRedundantBody 0 ... Yes (0.04)
Checking if you have File::Copy 0 ... Yes (2.21)
Checking if you have parent 0 ... Yes (0.225)
Checking if you have Plack::MIME 0 ... Yes (undef)
Checking if you have Data::Dumper 0 ... Yes (2.130_02)
Checking if you have overload 0 ... Yes (1.13)
Checking if you have HTTP::Cookies 0 ... Yes (6.00)
Checking if you have HTTP::Request::Common 0 ... Yes (6.03)
Checking if you have Test::More 0.92 ... Yes (1.001014)
Checking if you have Plack::Util 0 ... Yes (undef)
Checking if you have Import::Into 0 ... Yes (1.002005)
Checking if you have Hash::Merge::Simple 0 ... Yes (0.051)
Checking if you have File::Temp 0.22 ... Yes (0.22)
Checking if you have Scalar::Util 0 ... Yes (1.23)
Checking if you have FindBin 0 ... Yes (1.50)
Checking if you have File::Spec 0 ... Yes (3.33)
Checking if you have HTTP::Server::PSGI 0 ... Yes (undef)
Checking if you have Fcntl 0 ... Yes (1.11)
Checking if you have Moo::Role 0 ... Yes (2.000002)
Checking if you have Safe::Isa 0 ... Yes (1.000005)
Checking if you have File::ShareDir 0 ... Yes (1.00)
Checking if you have POSIX 0 ... Yes (1.24)
Checking if you have lib 0 ... Yes (0.63)
Checking if you have Moo 1.003000 ... Yes (2.000002)
Checking if you have Class::Load 0 ... Yes (0.17)
Checking if you have Template 0 ... Yes (2.26)
Checking if you have HTTP::Date 0 ... Yes (6.02)
Checking if you have Plack::Response 0 ... Yes (1.0037)
Checking if you have JSON 0 ... Yes (2.53)
Checking if you have Cwd 0 ... Yes (3.36)
==> Found dependencies: App::Cmd::Setup
Searching App::Cmd::Setup (0) on cpanmetadb ...
--> Working on App::Cmd::Setup
Fetching http://www.cpan.org/authors/id/R/RJ/RJBS/App-Cmd-0.328.tar.gz
-> OK
Unpacking App-Cmd-0.328.tar.gz
Entering App-Cmd-0.328
Checking configure dependencies from META.json
Checking if you have ExtUtils::MakeMaker 6.58 ... Yes (7.10)
Configuring App-Cmd-0.328
Running Makefile.PL
Checking if your kit is complete...
Looks good
Generating a Unix-style Makefile
Writing Makefile for App::Cmd
Writing MYMETA.yml and MYMETA.json
-> OK
Checking dependencies from MYMETA.json ...
Checking if you have Capture::Tiny 0.13 ... Yes (0.30)
Checking if you have Pod::Usage 0 ... Yes (1.36)
Checking if you have File::Spec 0 ... Yes (3.33)
Checking if you have Test::Fatal 0 ... Yes (0.014)
Checking if you have IO::TieCombine 0 ... Yes (1.004)
Checking if you have String::RewritePrefix 0 ... Yes (0.007)
Checking if you have Sub::Exporter 0 ... Yes (0.984)
Checking if you have lib 0 ... Yes (0.63)
Checking if you have Getopt::Long::Descriptive 0.084 ... Yes (0.099)
Checking if you have Text::Abbrev 0 ... Yes (1.01)
Checking if you have base 0 ... Yes (2.16)
Checking if you have warnings 0 ... Yes (1.12)
Checking if you have Getopt::Long 2.39 ... Yes (2.47)
Checking if you have parent 0 ... Yes (0.225)
Checking if you have Data::Dumper 0 ... Yes (2.130_02)
Checking if you have Class::Load 0.06 ... Yes (0.17)
Checking if you have ExtUtils::MakeMaker 0 ... Yes (7.10)
Checking if you have IPC::Cmd 0 ... Yes (0.70)
Checking if you have constant 0 ... Yes (1.21)
Checking if you have Data::OptList 0 ... Yes (0.107)
Checking if you have Carp 0 ... Yes (1.36)
Checking if you have Test::More 0.96 ... Yes (1.001014)
Checking if you have Sub::Exporter::Util 0 ... Yes (0.984)
Checking if you have strict 0 ... Yes (1.04)
Checking if you have Sub::Install 0 ... Yes (0.926)
Checking if you have Module::Pluggable::Object 0 ... Yes (3.9)
Checking if you have File::Basename 0 ... Yes (2.82)
Building and testing App-Cmd-0.328
cp lib/App/Cmd/Subdispatch/DashedStyle.pm blib/lib/App/Cmd/Subdispatch/DashedStyle.pm
cp lib/App/Cmd.pm blib/lib/App/Cmd.pm
cp lib/App/Cmd/Tester/CaptureExternal.pm blib/lib/App/Cmd/Tester/CaptureExternal.pm
cp lib/App/Cmd/Command.pm blib/lib/App/Cmd/Command.pm
cp lib/App/Cmd/Command/version.pm blib/lib/App/Cmd/Command/version.pm
cp lib/App/Cmd/Tester.pm blib/lib/App/Cmd/Tester.pm
cp lib/App/Cmd/Subdispatch.pm blib/lib/App/Cmd/Subdispatch.pm
cp lib/App/Cmd/Command/help.pm blib/lib/App/Cmd/Command/help.pm
cp lib/App/Cmd/Setup.pm blib/lib/App/Cmd/Setup.pm
cp lib/App/Cmd/Tutorial.pod blib/lib/App/Cmd/Tutorial.pod
cp lib/App/Cmd/Simple.pm blib/lib/App/Cmd/Simple.pm
cp lib/App/Cmd/ArgProcessor.pm blib/lib/App/Cmd/ArgProcessor.pm
cp lib/App/Cmd/Command/commands.pm blib/lib/App/Cmd/Command/commands.pm
cp lib/App/Cmd/Plugin.pm blib/lib/App/Cmd/Plugin.pm
Manifying 14 pod documents
PERL_DL_NONLAZY=1 "/usr/bin/perl" "-MExtUtils::Command::MM" "-MTest::Harness" "-e" "undef *Test::Harness::Switches; test_harness(0, 'blib/lib', 'blib/arch')" t/*.t
# Testing App::Cmd 0.328
t/00-load.t ............ ok
# 
# Versions for all modules listed in MYMETA.json (including optional ones):
# 
# === Configure Requires ===
# 
#     Module              Want Have
#     ------------------- ---- ----
#     ExtUtils::MakeMaker  any 7.10
# 
# === Build Requires ===
# 
#     Module              Want Have
#     ------------------- ---- ----
#     ExtUtils::MakeMaker  any 7.10
# 
# === Test Requires ===
# 
#     Module              Want     Have
#     ------------------- ---- --------
#     Data::Dumper         any 2.130_02
#     ExtUtils::MakeMaker  any     7.10
#     File::Spec           any     3.33
#     IPC::Cmd             any     0.70
#     Test::Fatal          any    0.014
#     Test::More          0.96 1.001014
#     base                 any     2.16
#     lib                  any     0.63
# 
# === Test Recommends ===
# 
#     Module         Want     Have
#     ---------- -------- --------
#     CPAN::Meta 2.120900 2.150005
# 
# === Runtime Requires ===
# 
#     Module                     Want  Have
#     ------------------------- ----- -----
#     Capture::Tiny              0.13  0.30
#     Carp                        any  1.36
#     Class::Load                0.06  0.17
#     Data::OptList               any 0.107
#     File::Basename              any  2.82
#     Getopt::Long               2.39  2.47
#     Getopt::Long::Descriptive 0.084 0.099
#     IO::TieCombine              any 1.004
#     Module::Pluggable::Object   any   3.9
#     Pod::Usage                  any  1.36
#     String::RewritePrefix       any 0.007
#     Sub::Exporter               any 0.984
#     Sub::Exporter::Util         any 0.984
#     Sub::Install                any 0.926
#     Text::Abbrev                any  1.01
#     constant                    any  1.21
#     parent                      any 0.225
#     strict                      any  1.04
#     warnings                    any  1.12
# 
t/00-report-prereqs.t .. ok
t/abbrev.t ............. ok

#   Failed test 'description from Pod'
#   at t/basic.t line 102.
#          got: 'basic.t exit 
# 
#     This package exists to exiting with exit();
# 
# 
# '
#     expected: 'basic.t exit 
# 
# This package exists to exiting with exit();
# 
# 
# '
# Looks like you failed 1 test of 17.
t/basic.t .............. 
Dubious, test returned 1 (wstat 256, 0x100)
Failed 1/17 subtests 
t/callback.t ........... ok
t/capture-ext.t ........ ok
t/setup-broken.t ....... ok
t/setup-ignored.t ...... ok
t/setup-inner.t ........ ok
t/setup-nocmd.t ........ ok
t/setup.t .............. ok
t/simple-args.t ........ ok
t/simple-help.t ........ ok
t/simple-require.t ..... ok
t/simple-use.t ......... ok
t/subdispatch.t ........ ok
t/tester-exit.t ........ ok
t/version.t ............ ok

Test Summary Report
-------------------
t/basic.t            (Wstat: 256 Tests: 17 Failed: 1)
  Failed test:  17
  Non-zero exit status: 1
Files=18, Tests=81, 19 wallclock secs ( 0.53 usr  0.06 sys + 16.65 cusr  1.17 csys = 18.41 CPU)
Result: FAIL
Failed 1/18 test programs. 1/81 subtests failed.
Makefile:969: recipe for target 'test_dynamic' failed
make: *** [test_dynamic] Error 255
-> FAIL Installing App::Cmd::Setup failed. See /home/pi/.cpanm/work/1444111091.10363/build.log for details. Retry with --force to force install it.
-> FAIL Installing the dependencies failed: Module 'App::Cmd::Setup' is not installed
-> FAIL Bailing out the installation for Dancer2-0.162000.
