PERL_DL_NONLAZY=1 /usr/local/bin/perl "-MExtUtils::Command::MM" "-e" "test_harness(1, 'blib/lib', 'blib/arch')" t/03-server.t
t/03-server......
1..32
# Running under perl version 5.010000 for darwin
# Current time local: Sun Dec 30 11:54:30 2007
# Current time GMT:   Sun Dec 30 16:54:30 2007
# Using Test.pm version 1.25
Server handler test(s)...
ok 1 # SKIP 
# $result->faultstring = Failed to access class (Calculator): Can't locate Calculator.pm in @INC (@INC contains: /Users/tom/.cpan/build/SOAP-Lite-0.69-5uzAT5/blib/lib /Users/tom/.cpan/build/SOAP-Lite-0.69-5uzAT5/blib/arch /sw/lib/perl5 /sw/lib/perl5/darwin /usr/local/lib/perl5/5.10.0/darwin-2level /usr/local/lib/perl5/5.10.0 /usr/local/lib/perl5/site_perl/5.10.0/darwin-2level /usr/local/lib/perl5/site_perl/5.10.0 .) at (eval 153) line 3.
not ok 2
# Failed test 2 in t/03-server.t at line 174
#  t/03-server.t line 174 is:     skip(($_ =~ /XML/ || !$is_mimetools_installed),
# $result->faultstring = Failed to locate method (add) in class (Calculator) at /Users/tom/.cpan/build/SOAP-Lite-0.69-5uzAT5/blib/lib/SOAP/Lite.pm line 2586.
not ok 3
# Failed test 3 in t/03-server.t at line 174 fail #2
# $result->faultstring = Failed to locate method (add) in class (Calculator) at /Users/tom/.cpan/build/SOAP-Lite-0.69-5uzAT5/blib/lib/SOAP/Lite.pm line 2586.
not ok 4
# Failed test 4 in t/03-server.t at line 174 fail #3
# $result->faultstring = Failed to locate method (add) in class (Calculator) at /Users/tom/.cpan/build/SOAP-Lite-0.69-5uzAT5/blib/lib/SOAP/Lite.pm line 2586.
not ok 5
# Failed test 5 in t/03-server.t at line 174 fail #4
# $result->faultstring = Failed to locate method (add) in class (Calculator) at /Users/tom/.cpan/build/SOAP-Lite-0.69-5uzAT5/blib/lib/SOAP/Lite.pm line 2586.
ok 6 # SKIP 
ok 7
ok 8
ok 9
ok 10
Server handler with complex dispatches test(s)...
ok 11
ok 12
ok 13
ok 14
ok 15
ok 16
ok 17
ok 18
Error handling in server test(s)...
ok 19
ok 20
ok 21
ok 22
Envelope with no namespaces test(s)...
ok 23
Different XML Schemas test(s)...
ok 24
ok 25
ok 26
ok 27
ok 28
ok 29
ok 30
ok 31
ok 32
 Failed 4/32 subtests 
	(less 2 skipped subtests: 26 okay)

Test Summary Report
-------------------
t/03-server.t (Wstat: 0 Tests: 32 Failed: 4)
  Failed test number(s):  2-5
Files=1, Tests=32,  3 wallclock secs ( 0.05 usr  0.06 sys +  1.76 cusr  0.20 csys =  2.07 CPU)
Result: FAIL
Failed 1/1 test programs. 4/32 subtests failed.
make: *** [test_dynamic] Error 255
