mkdir blib
mkdir blib/lib
mkdir blib/arch
mkdir blib/arch/auto
mkdir blib/arch/auto/Wx
mkdir blib/lib/auto
mkdir blib/lib/auto/Wx
mkdir blib/man3
cp lib/Wx/ListCtrl.pm blib/lib/Wx/ListCtrl.pm
cp lib/Wx/ToolBar.pm blib/lib/Wx/ToolBar.pm
cp lib/Wx/Menu.pm blib/lib/Wx/Menu.pm
cp lib/Wx/RadioBox.pm blib/lib/Wx/RadioBox.pm
cp lib/Wx/_Functions.pm blib/lib/Wx/_Functions.pm
cp lib/Wx/_Constants.pm blib/lib/Wx/_Constants.pm
cp lib/Wx/Bitmap.pm blib/lib/Wx/Bitmap.pm
cp lib/Wx/Timer.pm blib/lib/Wx/Timer.pm
cp lib/Wx/Pen.pm blib/lib/Wx/Pen.pm
cp lib/Wx/Brush.pm blib/lib/Wx/Brush.pm
cp lib/Wx/Region.pm blib/lib/Wx/Region.pm
cp lib/Wx/StaticBitmap.pm blib/lib/Wx/StaticBitmap.pm
cp lib/Wx/DC.pm blib/lib/Wx/DC.pm
cp lib/Wx/Icon.pm blib/lib/Wx/Icon.pm
cp Wx.pm blib/lib/Wx.pm
cp lib/Wx/SplashScreen.pm blib/lib/Wx/SplashScreen.pm
cp lib/Wx/Sizer.pm blib/lib/Wx/Sizer.pm
cp lib/Wx/Rect.pm blib/lib/Wx/Rect.pm
cp lib/Wx/Locale.pm blib/lib/Wx/Locale.pm
cp lib/Wx/Colour.pm blib/lib/Wx/Colour.pm
cp lib/Wx/Window.pm blib/lib/Wx/Window.pm
cp lib/Wx/ComboBox.pm blib/lib/Wx/ComboBox.pm
cp lib/Wx/Cursor.pm blib/lib/Wx/Cursor.pm
cp lib/Wx/ImageList.pm blib/lib/Wx/ImageList.pm
cp lib/Wx/ControlWithItems.pm blib/lib/Wx/ControlWithItems.pm
cp lib/Wx/App.pm blib/lib/Wx/App.pm
cp lib/Wx/Event.pm blib/lib/Wx/Event.pm
cp lib/Wx/Image.pm blib/lib/Wx/Image.pm
cp lib/Wx/TreeCtrl.pm blib/lib/Wx/TreeCtrl.pm
cp lib/Wx/ScreenDC.pm blib/lib/Wx/ScreenDC.pm
cp lib/Wx/_Inheritance.pm blib/lib/Wx/_Inheritance.pm
cp lib/Wx/Caret.pm blib/lib/Wx/Caret.pm
make[1]: Entering directory `/usr/local/src/CPAN/Wx-0.10/ext/grid'
mkdir ../../blib/arch/auto/Wx/Grid
mkdir ../../blib/lib/auto/Wx/Grid
cp lib/Wx/Grid.pm ../../blib/lib/Wx/Grid.pm
/usr/local/bin/perl5.005_03 -I/usr/local/perl5.005_03/lib/5.00503/ppc-linux -I/usr/local/perl5.005_03/lib/5.00503 /usr/local/perl5.005_03/lib/5.00503/ExtUtils/xsubpp  -C++ -noprototypes  -typemap /usr/local/perl5.005_03/lib/5.00503/ExtUtils/typemap -typemap ../../typemap -typemap typemap Grid.xs >xstmp.c && mv xstmp.c Grid.c
c++ -c -I../.. -I/usr/lib/wx/include/base-2.2  -I.  -O6    -DVERSION=\"0.01\" -DXS_VERSION=\"0.01\" -fpic -I/usr/local/perl5.005_03/lib/5.00503/ppc-linux/CORE -DWXPL_EXT -D_REENTRANT  Grid.c
In file included from /usr/include/wx/window.h:27,
                 from /usr/include/wx/generic/panelg.h:23,
                 from /usr/include/wx/panel.h:4,
                 from /usr/include/wx/generic/gridg.h:22,
                 from /usr/include/wx/generic/grid.h:15,
                 from /usr/include/wx/grid.h:4,
                 from Grid.xs:57:
/usr/include/wx/cursor.h: In method `wxBusyCursorSuspender::wxBusyCursorSuspender()':
/usr/include/wx/cursor.h:43: implicit declaration of function `int wxIsBusy(...)'
/usr/include/wx/cursor.h:45: no method `wxBusyCursor::GetStoredCursor'
/usr/include/wx/cursor.h:45: implicit declaration of function `int wxSetCursor(...)'
/usr/include/wx/cursor.h: In method `wxBusyCursorSuspender::~wxBusyCursorSuspender()':
/usr/include/wx/cursor.h:52: no method `wxBusyCursor::GetBusyCursor'
In file included from /usr/include/wx/window.h:28,
                 from /usr/include/wx/generic/panelg.h:23,
                 from /usr/include/wx/panel.h:4,
                 from /usr/include/wx/generic/gridg.h:22,
                 from /usr/include/wx/generic/grid.h:15,
                 from /usr/include/wx/grid.h:4,
                 from Grid.xs:57:
/usr/include/wx/font.h: At top level:
/usr/include/wx/font.h:77: parse error before `{'
/usr/include/wx/font.h:90: non-member function `Ok()' cannot have `const' method qualifier
/usr/include/wx/font.h: In function `bool Ok()':
/usr/include/wx/font.h:90: `m_refData' undeclared (first use this function)
/usr/include/wx/font.h:90: (Each undeclared identifier is reported only once
/usr/include/wx/font.h:90: for each function it appears in.)
/usr/include/wx/font.h: At top level:
/usr/include/wx/font.h:93: non-member function `operator ==(const wxFont &)' cannot have `const' method qualifier
/usr/include/wx/font.h:93: `operator ==(const wxFont &)' must take exactly two arguments
/usr/include/wx/font.h:94: non-member function `operator !=(const wxFont &)' cannot have `const' method qualifier
/usr/include/wx/font.h:94: `operator !=(const wxFont &)' must take exactly two arguments
/usr/include/wx/font.h:97: virtual outside class declaration
/usr/include/wx/font.h:97: non-member function `GetPointSize()' cannot have `const' method qualifier
/usr/include/wx/font.h:97: function `int GetPointSize()' is initialized like a variable
/usr/include/wx/font.h:98: virtual outside class declaration
/usr/include/wx/font.h:98: non-member function `GetFamily()' cannot have `const' method qualifier
/usr/include/wx/font.h:98: function `int GetFamily()' is initialized like a variable
/usr/include/wx/font.h:99: virtual outside class declaration
/usr/include/wx/font.h:99: non-member function `GetStyle()' cannot have `const' method qualifier
/usr/include/wx/font.h:99: function `int GetStyle()' is initialized like a variable
/usr/include/wx/font.h:100: virtual outside class declaration
/usr/include/wx/font.h:100: non-member function `GetWeight()' cannot have `const' method qualifier
/usr/include/wx/font.h:100: function `int GetWeight()' is initialized like a variable
/usr/include/wx/font.h:101: virtual outside class declaration
/usr/include/wx/font.h:101: non-member function `GetUnderlined()' cannot have `const' method qualifier
/usr/include/wx/font.h:101: function `bool GetUnderlined()' is initialized like a variable
/usr/include/wx/font.h:102: virtual outside class declaration
/usr/include/wx/font.h:102: non-member function `GetFaceName()' cannot have `const' method qualifier
/usr/include/wx/font.h:102: function `class wxString GetFaceName()' is initialized like a variable
/usr/include/wx/font.h:103: virtual outside class declaration
/usr/include/wx/font.h:103: non-member function `GetEncoding()' cannot have `const' method qualifier
/usr/include/wx/font.h:103: function `enum wxFontEncoding GetEncoding()' is initialized like a variable
/usr/include/wx/font.h:106: virtual outside class declaration
/usr/include/wx/font.h:106: function `void SetPointSize(int)' is initialized like a variable
/usr/include/wx/font.h:107: virtual outside class declaration
/usr/include/wx/font.h:107: function `void SetFamily(int)' is initialized like a variable
/usr/include/wx/font.h:108: virtual outside class declaration
/usr/include/wx/font.h:108: function `void SetStyle(int)' is initialized like a variable
/usr/include/wx/font.h:109: virtual outside class declaration
/usr/include/wx/font.h:109: function `void SetWeight(int)' is initialized like a variable
/usr/include/wx/font.h:110: virtual outside class declaration
/usr/include/wx/font.h:110: function `void SetFaceName(const wxString &)' is initialized like a variable
/usr/include/wx/font.h:111: virtual outside class declaration
/usr/include/wx/font.h:111: function `void SetUnderlined(bool)' is initialized like a variable
/usr/include/wx/font.h:112: virtual outside class declaration
/usr/include/wx/font.h:112: function `void SetEncoding(wxFontEncoding)' is initialized like a variable
/usr/include/wx/font.h:116: non-member function `GetFamilyString()' cannot have `const' method qualifier
/usr/include/wx/font.h:117: non-member function `GetStyleString()' cannot have `const' method qualifier
/usr/include/wx/font.h:118: non-member function `GetWeightString()' cannot have `const' method qualifier
/usr/include/wx/font.h: In function `enum wxFontEncoding GetDefaultEncoding()':
/usr/include/wx/font.h:123: `ms_encodingDefault' undeclared (first use this function)
/usr/include/wx/font.h: At top level:
/usr/include/wx/font.h:127: parse error before `protected'
In file included from /usr/include/wx/generic/panelg.h:23,
                 from /usr/include/wx/panel.h:4,
                 from /usr/include/wx/generic/gridg.h:22,
                 from /usr/include/wx/generic/grid.h:15,
                 from /usr/include/wx/grid.h:4,
                 from Grid.xs:57:
/usr/include/wx/window.h:668: `WXWidget' declared as a `virtual' field
/usr/include/wx/window.h:668: parse error before `('
/usr/include/wx/window.h:698: field `m_cursor' has incomplete type
/usr/include/wx/window.h:699: field `m_font' has incomplete type
/usr/include/wx/window.h:700: field `m_backgroundColour' has incomplete type
/usr/include/wx/window.h:700: field `m_foregroundColour' has incomplete type
/usr/include/wx/window.h:707: field `m_updateRegion' has incomplete type
/usr/include/wx/window.h:775: `wxDefaultSize' was not declared in this scope
/usr/include/wx/window.h:775: confused by earlier errors, bailing out
make[1]: *** [Grid.o] Error 1
make[1]: Leaving directory `/usr/local/src/CPAN/Wx-0.10/ext/grid'
make: *** [subdirs] Error 2
