    DBI 1.51-nothread default trace level set to 0x0/9 (pid 254114)
    -> DBI->connect(DBI:Unify:, , ****, HASH(0x3001d2a0))
    -> DBI->install_driver(Unify) for aix perl=5.008008 pid=254114 ruid=1000 euid=1000
       install_driver: DBD::Unify version 0.60 loaded from /usr/local/lib/perl5/site_perl/5.8.8/aix/DBD/Unify.pm
    New DBI::dr (for DBD::Unify::dr, parent=, id=)
    dbih_setup_handle(DBI::dr=HASH(0x3011415c)=>DBI::dr=HASH(0x3017725c), DBD::Unify::dr, 0, Null!)
    dbih_make_com(Null!, 0, DBD::Unify::dr, 112, 0) thr#0
    dbih_setup_attrib(DBI::dr=HASH(0x3017725c), Err, Null!) SCALAR(0x300ca474) (already defined)
    dbih_setup_attrib(DBI::dr=HASH(0x3017725c), State, Null!) SCALAR(0x300ca450) (already defined)
    dbih_setup_attrib(DBI::dr=HASH(0x3017725c), Errstr, Null!) SCALAR(0x300ca468) (already defined)
    dbih_setup_attrib(DBI::dr=HASH(0x3017725c), TraceLevel, Null!) 0 (already defined)
    dbih_setup_attrib(DBI::dr=HASH(0x3017725c), FetchHashKeyName, Null!) 'NAME' (already defined)
    <- install_driver= DBI::dr=HASH(0x3011415c)
    >> connect     DISPATCH (DBI::dr=HASH(0x3011415c) rc2/3 @5 g0 ima1 pid#254114) at /usr/local/lib/perl5/site_perl/5.8.8/aix/DBI.pm line 623
    !! warn: 0 CLEARED by call to connect method
    -> connect for DBD::Unify::dr (DBI::dr=HASH(0x3011415c)~0x3017725c '' '' **** HASH(0x3017dcf4))
    New DBI::db (for DBD::Unify::db, parent=DBI::dr=HASH(0x3017725c), id=)
    dbih_setup_handle(DBI::db=HASH(0x30177220)=>DBI::db=HASH(0x3017dd48), DBD::Unify::db, 3010578c, Null!)
    dbih_make_com(DBI::dr=HASH(0x3017725c), 300371d8, DBD::Unify::db, 112, 0) thr#0
    dbih_setup_attrib(DBI::db=HASH(0x3017dd48), Err, DBI::dr=HASH(0x3017725c)) SCALAR(0x30114690) (already defined)
    dbih_setup_attrib(DBI::db=HASH(0x3017dd48), State, DBI::dr=HASH(0x3017725c)) SCALAR(0x301146f0) (already defined)
    dbih_setup_attrib(DBI::db=HASH(0x3017dd48), Errstr, DBI::dr=HASH(0x3017725c)) SCALAR(0x301146c0) (already defined)
    dbih_setup_attrib(DBI::db=HASH(0x3017dd48), TraceLevel, DBI::dr=HASH(0x3017725c)) 0 (already defined)
    dbih_setup_attrib(DBI::db=HASH(0x3017dd48), FetchHashKeyName, DBI::dr=HASH(0x3017725c)) 'NAME' (already defined)
    dbih_setup_attrib(DBI::db=HASH(0x3017dd48), HandleSetErr, DBI::dr=HASH(0x3017725c)) undef (not defined)
    dbih_setup_attrib(DBI::db=HASH(0x3017dd48), HandleError, DBI::dr=HASH(0x3017725c)) undef (not defined)
DBD::Unify::db_login: dbname: 
    After connect,    sqlcode = -59
DBD::Unify::sqlError: SQLCODE = -59, returning
    >> DESTROY     DISPATCH (DBI::db=HASH(0x30177220) rc1/1 @1 g0 ima4 pid#254114) at /usr/local/lib/perl5/site_perl/5.8.8/aix/DBI.pm line 623 via ./aok1.pl line 9
    <> DESTROY(DBI::db=HASH(0x30177220)) ignored for outer handle (inner DBI::db=HASH(0x3017dd48) has ref cnt 1)
    >> DESTROY     DISPATCH (DBI::db=HASH(0x3017dd48) rc1/1 @1 g0 ima4 pid#254114) at /usr/local/lib/perl5/site_perl/5.8.8/aix/DBI.pm line 623 via ./aok1.pl line 9
    -> DESTROY for DBD::Unify::db (DBI::db=HASH(0x3017dd48)~INNER)
         DESTROY for DBI::db=HASH(0x3017dd48) ignored - handle not initialised
       ERROR: -59 'Could not attach shared memory at required address. (-59)' (err#0)
    <- DESTROY= undef at /usr/local/lib/perl5/site_perl/5.8.8/aix/DBI.pm line 623 via ./aok1.pl line 9
    DESTROY (dbih_clearcom) (dbh 0x3017dd48, com 0x3003fc08, imp DBD::Unify::db):
       FLAGS 0x100011: COMSET Warn PrintWarn 
       PARENT DBI::dr=HASH(0x3017725c)
       KIDS 0 (0 Active)
       IMP_DATA undef
    dbih_clearcom 0x3017dd48 (com 0x3003fc08, type 2) done.

    !! ERROR: -59 'Could not attach shared memory at required address. (-59)' (err#0)
    <- connect= undef at /usr/local/lib/perl5/site_perl/5.8.8/aix/DBI.pm line 623
    -> $DBI::errstr (&) FETCH from lasth=HASH
    >> DBD::Unify::dr::errstr
    <- $DBI::errstr= 'Could not attach shared memory at required address. (-59)'
       DBI connect('','',...) failed: Could not attach shared memory at required address. (-59)
DBI connect('','',...) failed: Could not attach shared memory at required address. (-59) at ./aok1.pl line 9
    -> $DBI::errstr (&) FETCH from lasth=HASH
    >> DBD::Unify::dr::errstr
    <- $DBI::errstr= 'Could not attach shared memory at required address. (-59)'
Cannot connect: Could not attach shared memory at required address. (-59) at ./aok1.pl line 9.
    -- DBI::END
    >> disconnect_all DISPATCH (DBI::dr=HASH(0x3011415c) rc1/3 @1 g0 ima801 pid#254114) at /usr/local/lib/perl5/site_perl/5.8.8/aix/DBI.pm line 698 via ./aok1.pl line 0
    !! ERROR: -59 CLEARED by call to disconnect_all method
    -> disconnect_all for DBD::Unify::dr (DBI::dr=HASH(0x3011415c)~0x3017725c)
    <- disconnect_all= (not implemented) at /usr/local/lib/perl5/site_perl/5.8.8/aix/DBI.pm line 698 via ./aok1.pl line 0
!   >> DESTROY     DISPATCH (DBI::dr=HASH(0x3017725c) rc1/1 @1 g0 ima4 pid#254114) during global destruction
!   -> DESTROY in DBD::_::common for DBD::Unify::dr (DBI::dr=HASH(0x3017725c)~INNER)
!   <- DESTROY= undef during global destruction
    DESTROY (dbih_clearcom) (drh 0x3011415c, com 0x300371d8, imp global destruction):
       FLAGS 0x100215: COMSET Active Warn PrintWarn AutoCommit 
       PARENT undef
       KIDS 0 (0 Active)
       IMP_DATA undef
    dbih_clearcom 0x3011415c (com 0x300371d8, type 1) done.

!   >> DESTROY     DISPATCH (DBI::dr=HASH(0x3011415c) rc1/1 @1 g0 ima4 pid#254114) during global destruction
!   <> DESTROY for DBI::dr=HASH(0x3011415c) ignored (inner handle gone)
