Perl = 5.010000
Test::More = 0.94

Before ($array):
SV = RV(0x3bcc2c) at 0x3bcc20
  REFCNT = 1
  FLAGS = (PADMY,ROK)
  RV = 0x84f2a0
  SV = PVAV(0x84bd14) at 0x84f2a0
    REFCNT = 1
    FLAGS = ()
    ARRAY = 0x3c7c50
    FILL = 0
    MAX = 0
    ARYLEN = 0x0
    FLAGS = (REAL)
    Elt No. 0
    SV = PV(0x82a778) at 0x8523f0
      REFCNT = 1
      FLAGS = (POK,pPOK)
      PV = 0x3c7c60 "snake"\0
      CUR = 5
      LEN = 8
Before ($obj):
SV = RV(0x85239c) at 0x852390
  REFCNT = 1
  FLAGS = (PADMY,ROK)
  RV = 0x8049e0
  SV = PVAV(0x805a14) at 0x8049e0
    REFCNT = 1
    FLAGS = ()
    ARRAY = 0x3c7ca0
    FILL = 0
    MAX = 0
    ARYLEN = 0x0
    FLAGS = (REAL)
    Elt No. 0
    SV = PV(0x801828) at 0x8048c0
      REFCNT = 1
      FLAGS = (POK,pPOK)
      PV = 0x302850 "snake"\0
      CUR = 5
      LEN = 8

After ($array):
SV = RV(0x3bcc2c) at 0x3bcc20
  REFCNT = 1
  FLAGS = (PADMY,ROK)
  RV = 0x84f2a0
  SV = PVAV(0x84bd14) at 0x84f2a0
    REFCNT = 1
    FLAGS = (RMG)
    MAGIC = 0x3dea50
      MG_VIRTUAL = &PL_vtbl_arylen_p
      MG_TYPE = PERL_MAGIC_arylen_p(@)
      MG_FLAGS = 0x02
        REFCOUNTED
      MG_OBJ = 0x84ff70
      SV = PVMG(0x836e50) at 0x84ff70
        REFCNT = 1
        FLAGS = (GMG,SMG,pIOK)
        IV = 0
        NV = 0
        PV = 0
        MAGIC = 0x307ea0
          MG_VIRTUAL = &PL_vtbl_arylen
          MG_TYPE = PERL_MAGIC_arylen(#)
          MG_OBJ = 0x84f2a0
    ARRAY = 0x3c7c50
    FILL = 0
    MAX = 0
    ARYLEN = 0x84ff70
    FLAGS = (REAL)
    Elt No. 0
    SV = PV(0x82a778) at 0x8523f0
      REFCNT = 1
      FLAGS = (POK,pPOK)
      PV = 0x3c7c60 "snake"\0
      CUR = 5
      LEN = 8

After ($obj):
SV = RV(0x85239c) at 0x852390
  REFCNT = 1
  FLAGS = (PADMY,ROK)
  RV = 0x8049e0
  SV = PVAV(0x805a14) at 0x8049e0
    REFCNT = 1
    FLAGS = (RMG)
    MAGIC = 0x307ec0
      MG_VIRTUAL = &PL_vtbl_arylen_p
      MG_TYPE = PERL_MAGIC_arylen_p(@)
      MG_FLAGS = 0x02
        REFCOUNTED
      MG_OBJ = 0x84ff30
      SV = PVMG(0x836e88) at 0x84ff30
        REFCNT = 1
        FLAGS = (GMG,SMG,pIOK)
        IV = 0
        NV = 0
        PV = 0
        MAGIC = 0x307ee0
          MG_VIRTUAL = &PL_vtbl_arylen
          MG_TYPE = PERL_MAGIC_arylen(#)
          MG_OBJ = 0x8049e0
    ARRAY = 0x3c7ca0
    FILL = 0
    MAX = 0
    ARYLEN = 0x84ff30
    FLAGS = (REAL)
    Elt No. 0
    SV = PV(0x801828) at 0x8048c0
      REFCNT = 1
      FLAGS = (POK,pPOK)
      PV = 0x302850 "snake"\0
      CUR = 5
      LEN = 8
