cpanm (App::cpanminus) 1.7001 on perl 5.018001 built for MSWin32-x86-multi-thread-64int
Work directory is C:\Users\John/.cpanm/work/1382430130.8220
You have make C:\strawberry\c\bin\dmake.exe
You have LWP 6.05
Falling back to Archive::Tar 1.92
Searching local::lib on cpanmetadb ...
--> Working on local::lib
Fetching http://www.cpan.org/authors/id/E/ET/ETHER/local-lib-1.008023.tar.gz
-> OK
Unpacking local-lib-1.008023.tar.gz
Entering local-lib-1.008023
Checking configure dependencies from META.yml
Checking if you have ExtUtils::MakeMaker 6.59 ... Yes (6.80)
Configuring local-lib-1.008023
Running Makefile.PL
*** Module::AutoInstall version 1.06
*** Checking for Perl dependencies...
*** Since we're running under cpanminus, I'll just let it take care
    of the dependency's installation later.
[Core Features]
- ExtUtils::MakeMaker ...loaded. (6.80 >= 6.31)
- ExtUtils::Install   ...loaded. (1.59 >= 1.43)
- Module::Build       ...loaded. (0.4007 >= 0.36)
*** Module::AutoInstall configuration finished.
Checking if your kit is complete...
Looks good
Generating a dmake-style Makefile
Writing Makefile for local::lib
Writing MYMETA.yml and MYMETA.json
-> OK
Checking dependencies from MYMETA.json ...
Checking if you have Module::Build 0.36 ... Yes (0.4007)
Checking if you have ExtUtils::MakeMaker 6.59 ... Yes (6.80)
Checking if you have ExtUtils::Install 1.43 ... Yes (1.59)
Building and testing local-lib-1.008023
cp lib/local/lib.pm blib\lib\local\lib.pm
cp lib/POD2/PT_BR/local/lib.pod blib\lib\POD2\PT_BR\local\lib.pod
cp lib/POD2/DE/local/lib.pod blib\lib\POD2\DE\local\lib.pod
cp lib/lib/core/only.pm blib\lib\lib\core\only.pm
dmake.exe:  makefile:  line 409:  Warning: -- Macro `BOOTSTRAP' redefined after use
C:\strawberry\perl\bin\perl.exe "-MExtUtils::Command::MM" "-MTest::Harness" "-e" "undef *Test::Harness::Switches; test_harness(0, 'inc', 'blib\lib', 'blib\arch')" t/bad_variables.t t/classmethod.t t/coderefs_in_inc.t t/de-dup.t t/install.t t/lib-core-only.t t/pipeline.t t/stackable.t t/subroutine-in-inc.t t/taint-mode.t
t/bad_variables.t ...... ok
Attempting to create directory t/var/splat
t/classmethod.t ........ ok
t/coderefs_in_inc.t .... ok
t/de-dup.t ............. ok

#   Failed test 'EUMM - EUMM.pm installed as C:\Users\John\CPANM~1\work\138243~1.822\LOCAL-~1.008\t\TEST_L~1\lib\perl5\EUMM.pm'
#   at t/install.t line 41.
# Files in C:\Users\John\CPANM~1\work\138243~1.822\LOCAL-~1.008\t\TEST_L~1\lib\perl5:
# C:\Users\John\CPANM~1\work\138243~1.822\LOCAL-~1.008\t\TEST_L~1\lib\perl5\MB.pm
# C:\Users\John\CPANM~1\work\138243~1.822\LOCAL-~1.008\t\TEST_L~1\lib\perl5\MSWin32-x86-multi-thread-64int
# Looks like you failed 1 test of 2.
t/install.t ............ 
Dubious, test returned 1 (wstat 256, 0x100)
Failed 1/2 subtests 
t/lib-core-only.t ...... ok
t/pipeline.t ........... ok
t/stackable.t .......... ok
t/subroutine-in-inc.t .. ok
using lib dir C:\Users\John\CPANM~1\work\138243~1.822\LOCAL-~1.008\t\TEST_L~1
t/taint-mode.t ......... ok

Test Summary Report
-------------------
t/install.t          (Wstat: 256 Tests: 2 Failed: 1)
  Failed test:  2
  Non-zero exit status: 1
Files=10, Tests=43, 11 wallclock secs ( 0.17 usr +  0.02 sys =  0.19 CPU)
Result: FAIL
Failed 1/10 test programs. 1/43 subtests failed.
dmake.exe:  makefile:  line 409:  Warning: -- Macro `BOOTSTRAP' redefined after use
dmake.exe:  Error code 255, while making 'test_dynamic'
-> FAIL Installing local::lib failed. See C:\Users\John\.cpanm\work\1382430130.8220\build.log for details. Retry with --force to force install it.
