cpan[4]> look TURNSTEP/DBD-Pg-2.15.0.tar.gz

Trying to open a subshell in the build directory...
Signature for /home/daxim/.cpan/sources/authors/id/T/TU/TURNSTEP/CHECKSUMS ok
Checksum for /home/daxim/.cpan/sources/authors/id/T/TU/TURNSTEP/DBD-Pg-2.15.0.tar.gz ok
WARNING: This key is not certified with a trusted signature!
Primary key fingerprint: 2529 DF6A B8F7 9407 E944  45B4 BC9B 9067 1496 4AC8
--- SIGNATURE Tue Aug  4 20:13:54 2009
+++ (current) Fri Aug  7 14:52:54 2009
@@ -18,6 +18,7 @@
 SHA1 10aecc125180e97a19c8e0b7ea82a64d0356efea quote.c
 SHA1 54f10c6d76db2f2bfbaa7f345d7034029b88453c quote.h
 SHA1 93aa7e8cae0a361d1e6163dea0281ebff41f3c5f t/00-signature.t
+SHA1 073baf503a601ceeb49516d61bd275f0c1e51563 t/00basic.t
 SHA1 f407ad828fe5898e1fa585523852b204ce9b5b2d t/01connect.t
 SHA1 1e0d8cad9de0063d4258739f6c8eb2cee27d9937 t/01constants.t
 SHA1 01f352b31c7d68eeb09cf3b65a88cb09d95af341 t/02attribs.t
==> MISMATCHED content between SIGNATURE and distribution files! <==

Signature invalid for distribution file. Please investigate.

I'd recommend removing
/home/daxim/.cpan/sources/authors/id/T/TU/TURNSTEP/DBD-Pg-2.15.0.tar.gz.
Some error occurred   while checking its signature, so it could        be
invalid. Maybe you have configured            your 'urllist' with a bad
URL. Please check this array with 'o conf urllist' and retry. Or
examine the distribution in a subshell. Try
  look TURNSTEP/DBD-Pg-2.15.0.tar.gz
and run
  cpansign -v
Working directory is /home/daxim/.cpan/build/DBD-Pg-2.15.0-rg1SNu
14:53 daxim@galahad:~/.cpan/build/DBD-Pg-2.15.0-rg1SNu> LANG=C cpansign -v
Executing gpg --verify --batch --no-tty --keyserver=hkp://pgp.mit.edu:11371 --keyserver-options=auto-key-retrieve SIGNATURE
gpg: Signature made Tue Aug  4 20:13:54 2009 CEST using DSA key ID 14964AC8
gpg: Good signature from "Greg Sabino Mullane <greg@turnstep.com>"
gpg: WARNING: This key is not certified with a trusted signature!
gpg:          There is no indication that the signature belongs to the owner.
Primary key fingerprint: 2529 DF6A B8F7 9407 E944  45B4 BC9B 9067 1496 4AC8
--- SIGNATURE Tue Aug  4 20:13:54 2009
+++ (current) Fri Aug  7 14:55:02 2009
@@ -18,6 +18,7 @@
 SHA1 10aecc125180e97a19c8e0b7ea82a64d0356efea quote.c
 SHA1 54f10c6d76db2f2bfbaa7f345d7034029b88453c quote.h
 SHA1 93aa7e8cae0a361d1e6163dea0281ebff41f3c5f t/00-signature.t
+SHA1 073baf503a601ceeb49516d61bd275f0c1e51563 t/00basic.t
 SHA1 f407ad828fe5898e1fa585523852b204ce9b5b2d t/01connect.t
 SHA1 1e0d8cad9de0063d4258739f6c8eb2cee27d9937 t/01constants.t
 SHA1 01f352b31c7d68eeb09cf3b65a88cb09d95af341 t/02attribs.t
==> MISMATCHED content between SIGNATURE and distribution files! <==
