C:\strawberry\perl\bin\perl.exe "-MExtUtils::Command::MM" "-e" "test_harness(0, 'blib\lib', 'blib\arch')" t/*.t
t/000prereq.t ................... ok
t/001bzip2.t .................... ok
t/001zlib-generic-deflate.t ..... ok
t/001zlib-generic-gzip.t ........ ok
t/001zlib-generic-rawdeflate.t .. ok
t/001zlib-generic-zip.t ......... ok
t/002any-deflate.t .............. ok
t/002any-gzip.t ................. ok
t/002any-rawdeflate.t ........... ok
t/002any-transparent.t .......... ok
t/002any-zip.t .................. ok
t/004gziphdr.t .................. ok
t/005defhdr.t ................... ok
t/006zip.t ...................... ok
t/010examples-bzip2.t ........... ok
t/010examples-zlib.t ............ ok
t/01misc.t ...................... ok
t/020isize.t .................... skipped: Lengthy Tests Disabled
t/050interop-gzip.t ............. skipped: Cannot find gzip.exe
t/100generic-bzip2.t ............ ok
t/100generic-deflate.t .......... ok
t/100generic-gzip.t ............. ok
t/100generic-rawdeflate.t ....... ok
t/100generic-zip.t .............. ok
t/101truncate-bzip2.t ........... ok
t/101truncate-deflate.t ......... ok
t/101truncate-gzip.t ............ ok
t/101truncate-rawdeflate.t ...... ok
t/101truncate-zip.t ............. ok
t/102tied-bzip2.t ............... ok
t/102tied-deflate.t ............. ok
t/102tied-gzip.t ................ ok
t/102tied-rawdeflate.t .......... ok
t/102tied-zip.t ................. ok
t/103newtied-bzip2.t ............ ok
t/103newtied-deflate.t .......... ok
t/103newtied-gzip.t ............. ok
t/103newtied-rawdeflate.t ....... ok
t/103newtied-zip.t .............. ok
t/104destroy-bzip2.t ............ ok
t/104destroy-deflate.t .......... ok
t/104destroy-gzip.t ............. ok
t/104destroy-rawdeflate.t ....... ok
t/104destroy-zip.t .............. ok
t/105oneshot-bzip2.t ............ 
Dubious, test returned 255 (wstat 65280, 0xff00)
Failed 925/986 subtests 
t/105oneshot-deflate.t .......... 
Dubious, test returned 255 (wstat 65280, 0xff00)
Failed 951/986 subtests 
t/105oneshot-gzip-only.t ........ ok
t/105oneshot-gzip.t ............. 
Dubious, test returned 255 (wstat 65280, 0xff00)
Failed 977/986 subtests 
t/105oneshot-rawdeflate.t ....... 
Dubious, test returned 255 (wstat 65280, 0xff00)
Failed 467/986 subtests 
	(less 2 skipped subtests: 517 okay)
t/105oneshot-zip-bzip2-only.t ... ok
t/105oneshot-zip-only.t ......... ok
t/105oneshot-zip.t .............. 
Dubious, test returned 255 (wstat 65280, 0xff00)
Failed 467/986 subtests 
	(less 2 skipped subtests: 517 okay)
t/106prime-bzip2.t .............. ok
t/106prime-deflate.t ............ ok
t/106prime-gzip.t ............... ok
t/106prime-rawdeflate.t ......... ok
t/106prime-zip.t ................ ok
t/107multi-bzip2.t .............. ok
t/107multi-deflate.t ............ ok
t/107multi-gzip.t ............... ok
t/107multi-rawdeflate.t ......... ok
t/107multi-zip.t ................ ok
t/108anyunc-bzip2.t ............. ok
t/108anyunc-deflate.t ........... ok
t/108anyunc-gzip.t .............. ok
t/108anyunc-rawdeflate.t ........ ok
t/108anyunc-transparent.t ....... ok
t/108anyunc-zip.t ............... ok
t/109merge-deflate.t ............ ok
t/109merge-gzip.t ............... ok
t/109merge-rawdeflate.t ......... ok
t/109merge-zip.t ................ skipped: not implemented yet
t/110encode-bzip2.t ............. ok
t/110encode-deflate.t ........... ok
t/110encode-gzip.t .............. ok
t/110encode-rawdeflate.t ........ ok
t/110encode-zip.t ............... ok
t/999pod.t ...................... skipped: Test::Pod 1.00 required for testing POD
t/cz-01version.t ................ ok
t/cz-03zlib-v1.t ................ ok
t/cz-05examples.t ............... ok
t/cz-06gzsetp.t ................. ok
t/cz-08encoding.t ............... ok
t/cz-14gzopen.t ................. ok
t/globmapper.t .................. 
Dubious, test returned 7 (wstat 1792, 0x700)
Failed 7/68 subtests 

Test Summary Report
-------------------
t/105oneshot-bzip2.t          (Wstat: 65280 Tests: 65 Failed: 4)
  Failed tests:  10, 12, 38, 40
  Non-zero exit status: 255
  Parse errors: Bad plan.  You planned 986 tests but ran 65.
t/105oneshot-deflate.t        (Wstat: 65280 Tests: 37 Failed: 2)
  Failed tests:  10, 12
  Non-zero exit status: 255
  Parse errors: Bad plan.  You planned 986 tests but ran 37.
t/105oneshot-gzip.t           (Wstat: 65280 Tests: 9 Failed: 0)
  Non-zero exit status: 255
  Parse errors: Bad plan.  You planned 986 tests but ran 9.
t/105oneshot-rawdeflate.t     (Wstat: 65280 Tests: 526 Failed: 7)
  Failed tests:  10, 12, 38, 40, 66, 68, 526
  Non-zero exit status: 255
  Parse errors: Bad plan.  You planned 986 tests but ran 526.
t/105oneshot-zip.t            (Wstat: 65280 Tests: 526 Failed: 7)
  Failed tests:  10, 12, 38, 40, 66, 68, 526
  Non-zero exit status: 255
  Parse errors: Bad plan.  You planned 986 tests but ran 526.
t/globmapper.t                (Wstat: 1792 Tests: 68 Failed: 7)
  Failed tests:  36-37, 44, 48, 52, 56, 68
  Non-zero exit status: 7
Files=85, Tests=66376, 107 wallclock secs (11.75 usr +  0.91 sys = 12.65 CPU)
Result: FAIL
