cpan[2]> upgrade SQL::Statement

Package namespace         installed    latest  in CPAN file
SQL::Statement                 1.15      1.20  REHSACK/SQL-Statement-1.20.tar.gz
Running install for module 'SQL::Statement'
Running make for R/RE/REHSACK/SQL-Statement-1.20.tar.gz
  Has already been unwrapped into directory /root/.cpan/build/SQL-Statement-1.20-euGf8Y
  Has already been made
Running make test
PERL_DL_NONLAZY=1 /usr/bin/perl "-MExtUtils::Command::MM" "-e" "test_harness(0, 'blib/lib', 'blib/arch')" t/*.t
t/00error.t .......... ok
t/01prepare.t ........ ok
t/02executeDirect.t .. ok
t/03executeDBD.t ..... 3/? DBD::File::st execute failed: You passed 1 parameters where 0 required [for Statement "  CREATE TEMP TABLE phrase (id INT,phrase VARCHAR(30))"] at t/03executeDBD.t line 47.
DBD::File::st execute failed: You passed 1 parameters where 0 required [for Statement "  CREATE TEMP TABLE phrase (id INT,phrase VARCHAR(30))"] at t/03executeDBD.t line 47.
# Looks like you planned 22 tests but ran 6.
# Looks like your test exited with 255 just after 6.
t/03executeDBD.t ..... Dubious, test returned 255 (wstat 65280, 0xff00)
Failed 16/22 subtests
t/04names.t .......... ok
t/05create.t ......... DBD::File::db do failed: You passed 1 parameters where 0 required [for Statement "CREATE TEMP TABLE aoa AS IMPORT(?)"] at t/05create.t line 21.
DBD::File::db do failed: You passed 1 parameters where 0 required [for Statement "CREATE TEMP TABLE aoa AS IMPORT(?)"] at t/05create.t line 21.
# Looks like your test exited with 255 before it could output anything.
t/05create.t ......... Dubious, test returned 255 (wstat 65280, 0xff00)
Failed 5/5 subtests
t/06group.t .......... ok
t/07case.t ........... ok
t/08join.t ........... ok
t/09ops.t ............ ok
t/10limit.t .......... ok
t/11functions.t ...... ok
t/12eval.t ........... ok
t/13call.t ........... ok
t/14allcols.t ........ ok
t/15naturaljoins.t ... ok
t/16morejoins.t ...... 1/48
#   Failed test 'Left Joins (using ON t1.num = t2.num AND t2.wert = "xxx") - values ok'
#   at t/16morejoins.t line 292.
#          got: ''3','c','3','yyy''
#     expected: ''3','c',,'

#   Failed test 'Left Joins (using ON t1.num = t2.num WHERE (t2.wert = "xxx" OR t2.wert IS NULL)) - values ok'
#   at t/16morejoins.t line 319.
#          got: ''
#     expected: ''3','c',,'
# Looks like you failed 2 tests of 48.
t/16morejoins.t ...... Dubious, test returned 2 (wstat 512, 0x200)
Failed 2/48 subtests
t/17quoting.t ........ ok

Test Summary Report
-------------------
t/03executeDBD.t   (Wstat: 65280 Tests: 6 Failed: 0)
  Non-zero exit status: 255
  Parse errors: Bad plan.  You planned 22 tests but ran 6.
t/05create.t       (Wstat: 65280 Tests: 0 Failed: 0)
  Non-zero exit status: 255
  Parse errors: Bad plan.  You planned 5 tests but ran 0.
t/16morejoins.t    (Wstat: 512 Tests: 48 Failed: 2)
  Failed tests:  44, 48
  Non-zero exit status: 2
Files=18, Tests=314,  1 wallclock secs ( 0.06 usr  0.01 sys +  0.94 cusr  0.11 csys =  1.12 CPU)
Result: FAIL
Failed 3/18 test programs. 2/314 subtests failed.
make: *** [test_dynamic] Error 255
  REHSACK/SQL-Statement-1.20.tar.gz
  /usr/bin/make test -- NOT OK
//hint// to see the cpan-testers results for installing this module, try:
  reports REHSACK/SQL-Statement-1.20.tar.gz
Running make install
  make test had returned bad status, won't install without force
Failed during this command:
 REHSACK/SQL-Statement-1.20.tar.gz            : make_test NO

cpan[3]>
