C:\strawberry>cpan

cpan shell -- CPAN exploration and modules installation (v1.9452)
Enter 'h' for help.

cpan> clean /libintl/
Database was generated on Fri, 29 Jan 2010 07:34:11 GMT
Running make clean
Distribution seems to have never been unzipped/untarred, nothing done

cpan> install /libintl/
Running make for G/GU/GUIDO/libintl-perl-1.20.tar.gz
Checksum for C:\strawberry\cpan\sources\authors\id\G\GU\GUIDO\libintl-perl-1.20.tar.gz ok
Scanning cache C:\strawberry\cpan\build for sizes
DONE

  CPAN.pm: Going to build G/GU/GUIDO/libintl-perl-1.20.tar.gz

Checking whether we can compile the XS version ... ok
=> Building the XS version of libintl-perl.
Checking if your kit is complete...
Looks good
Writing Makefile for Locale::gettext_xs
Writing Makefile for libintl-perl
cp lib/Locale/RecodeData/IBM1004.pm blib\lib\Locale\RecodeData\IBM1004.pm
cp lib/Locale/RecodeData/IBM864.pm blib\lib\Locale\RecodeData\IBM864.pm
cp lib/Locale/Util.pm blib\lib\Locale\Util.pm
cp lib/Locale/RecodeData/MACINTOSH.pm blib\lib\Locale\RecodeData\MACINTOSH.pm
cp lib/Locale/RecodeData/MACHEBREW.pm blib\lib\Locale\RecodeData\MACHEBREW.pm
cp lib/Locale/Recode/_Aliases.pm blib\lib\Locale\Recode\_Aliases.pm
cp lib/Locale/RecodeData/CP1257.pm blib\lib\Locale\RecodeData\CP1257.pm
cp lib/Locale/RecodeData/EBCDIC_FI_SE.pm blib\lib\Locale\RecodeData\EBCDIC_FI_SE.pm
cp lib/Locale/gettext_xs.pod blib\lib\Locale\gettext_xs.pod
cp lib/Locale/RecodeData/NEXTSTEP.pm blib\lib\Locale\RecodeData\NEXTSTEP.pm
cp lib/Locale/RecodeData/ISO_8859_8.pm blib\lib\Locale\RecodeData\ISO_8859_8.pm
cp lib/Locale/RecodeData/MACUKRAINE.pm blib\lib\Locale\RecodeData\MACUKRAINE.pm
cp lib/Locale/RecodeData/IBM891.pm blib\lib\Locale\RecodeData\IBM891.pm
cp lib/Locale/RecodeData/ISO_5427_EXT.pm blib\lib\Locale\RecodeData\ISO_5427_EXT.pm
cp lib/Locale/RecodeData/IBM852.pm blib\lib\Locale\RecodeData\IBM852.pm
cp lib/Locale/RecodeData/VISCII.pm blib\lib\Locale\RecodeData\VISCII.pm
cp lib/Locale/RecodeData/IBM870.pm blib\lib\Locale\RecodeData\IBM870.pm
cp lib/Locale/RecodeData/IBM905.pm blib\lib\Locale\RecodeData\IBM905.pm
cp lib/Locale/RecodeData/MACGREEK.pm blib\lib\Locale\RecodeData\MACGREEK.pm
cp lib/Locale/RecodeData/ISO_8859_4.pm blib\lib\Locale\RecodeData\ISO_8859_4.pm
cp lib/Locale/RecodeData/EBCDIC_FI_SE_A.pm blib\lib\Locale\RecodeData\EBCDIC_FI_SE_A.pm
cp lib/Locale/RecodeData/EBCDIC_US.pm blib\lib\Locale\RecodeData\EBCDIC_US.pm
cp lib/Locale/RecodeData/IBM903.pm blib\lib\Locale\RecodeData\IBM903.pm
cp lib/Locale/RecodeData/MAC_SAMI.pm blib\lib\Locale\RecodeData\MAC_SAMI.pm
cp lib/Locale/RecodeData/IBM297.pm blib\lib\Locale\RecodeData\IBM297.pm
cp lib/Locale/RecodeData/DEC_MCS.pm blib\lib\Locale\RecodeData\DEC_MCS.pm
cp lib/Locale/RecodeData/ISO_5427.pm blib\lib\Locale\RecodeData\ISO_5427.pm
cp lib/Locale/RecodeData/EBCDIC_AT_DE.pm blib\lib\Locale\RecodeData\EBCDIC_AT_DE.pm
cp lib/Locale/RecodeData/ASMO_449.pm blib\lib\Locale\RecodeData\ASMO_449.pm
cp lib/Locale/RecodeData/MACCYRILLIC.pm blib\lib\Locale\RecodeData\MACCYRILLIC.pm
cp lib/Locale/RecodeData/EBCDIC_DK_NO_A.pm blib\lib\Locale\RecodeData\EBCDIC_DK_NO_A.pm
cp lib/Locale/RecodeData/EBCDIC_CA_FR.pm blib\lib\Locale\RecodeData\EBCDIC_CA_FR.pm
cp lib/Locale/RecodeData/EBCDIC_ES_S.pm blib\lib\Locale\RecodeData\EBCDIC_ES_S.pm
cp lib/Locale/RecodeData/EBCDIC_FR.pm blib\lib\Locale\RecodeData\EBCDIC_FR.pm
cp lib/Locale/RecodeData/ATARI_ST.pm blib\lib\Locale\RecodeData\ATARI_ST.pm
cp lib/Locale/RecodeData/UTF_8.pm blib\lib\Locale\RecodeData\UTF_8.pm
cp lib/Locale/RecodeData/IBM1026.pm blib\lib\Locale\RecodeData\IBM1026.pm
cp lib/Locale/RecodeData/ISO_8859_15.pm blib\lib\Locale\RecodeData\ISO_8859_15.pm
cp lib/Locale/RecodeData/IBM274.pm blib\lib\Locale\RecodeData\IBM274.pm
cp lib/Locale/RecodeData.pm blib\lib\Locale\RecodeData.pm
cp lib/Locale/RecodeData/IBM285.pm blib\lib\Locale\RecodeData\IBM285.pm
cp lib/Locale/RecodeData/IBM038.pm blib\lib\Locale\RecodeData\IBM038.pm
cp lib/Locale/RecodeData/IBM874.pm blib\lib\Locale\RecodeData\IBM874.pm
cp lib/Locale/RecodeData/CP1254.pm blib\lib\Locale\RecodeData\CP1254.pm
cp lib/Locale/RecodeData/KOI_8.pm blib\lib\Locale\RecodeData\KOI_8.pm
cp lib/Locale/RecodeData/EBCDIC_ES.pm blib\lib\Locale\RecodeData\EBCDIC_ES.pm
cp lib/Locale/RecodeData/INIS.pm blib\lib\Locale\RecodeData\INIS.pm
cp lib/Locale/RecodeData/IBM880.pm blib\lib\Locale\RecodeData\IBM880.pm
cp lib/Locale/RecodeData/MACARABIC.pm blib\lib\Locale\RecodeData\MACARABIC.pm
cp lib/Locale/RecodeData/IBM865.pm blib\lib\Locale\RecodeData\IBM865.pm
cp lib/Locale/RecodeData/SAMI_WS2.pm blib\lib\Locale\RecodeData\SAMI_WS2.pm
cp lib/Locale/RecodeData/IBM850.pm blib\lib\Locale\RecodeData\IBM850.pm
cp lib/Locale/RecodeData/MACTURKISH.pm blib\lib\Locale\RecodeData\MACTURKISH.pm
cp lib/Locale/RecodeData/CP10007.pm blib\lib\Locale\RecodeData\CP10007.pm
cp lib/Locale/RecodeData/ISO_8859_14.pm blib\lib\Locale\RecodeData\ISO_8859_14.pm
cp lib/Locale/RecodeData/IEC_P27_1.pm blib\lib\Locale\RecodeData\IEC_P27_1.pm
cp lib/Locale/RecodeData/EBCDIC_AT_DE_A.pm blib\lib\Locale\RecodeData\EBCDIC_AT_DE_A.pm
cp lib/Locale/RecodeData/IBM275.pm blib\lib\Locale\RecodeData\IBM275.pm
cp lib/Locale/RecodeData/KOI8_T.pm blib\lib\Locale\RecodeData\KOI8_T.pm
cp lib/Locale/RecodeData/GEORGIAN_ACADEMY.pm blib\lib\Locale\RecodeData\GEORGIAN_ACADEMY.pm
cp lib/Locale/RecodeData/IBM869.pm blib\lib\Locale\RecodeData\IBM869.pm
cp lib/Locale/RecodeData/IBM277.pm blib\lib\Locale\RecodeData\IBM277.pm
cp lib/Locale/RecodeData/IBM861.pm blib\lib\Locale\RecodeData\IBM861.pm
cp lib/Locale/RecodeData/IBM868.pm blib\lib\Locale\RecodeData\IBM868.pm
cp lib/Locale/RecodeData/MACCROATIAN.pm blib\lib\Locale\RecodeData\MACCROATIAN.pm
cp lib/Locale/RecodeData/IBM284.pm blib\lib\Locale\RecodeData\IBM284.pm
cp lib/Locale/RecodeData/CP1251.pm blib\lib\Locale\RecodeData\CP1251.pm
cp lib/Locale/RecodeData/EBCDIC_ES_A.pm blib\lib\Locale\RecodeData\EBCDIC_ES_A.pm
cp lib/Locale/RecodeData/EBCDIC_UK.pm blib\lib\Locale\RecodeData\EBCDIC_UK.pm
cp lib/Locale/RecodeData/ECMA_CYRILLIC.pm blib\lib\Locale\RecodeData\ECMA_CYRILLIC.pm
cp lib/Locale/RecodeData/INIS_8.pm blib\lib\Locale\RecodeData\INIS_8.pm
cp lib/Locale/RecodeData/IBM904.pm blib\lib\Locale\RecodeData\IBM904.pm
cp lib/Locale/RecodeData/EBCDIC_DK_NO.pm blib\lib\Locale\RecodeData\EBCDIC_DK_NO.pm
cp lib/Locale/RecodeData/CSN_369103.pm blib\lib\Locale\RecodeData\CSN_369103.pm
cp lib/Locale/RecodeData/MACICELAND.pm blib\lib\Locale\RecodeData\MACICELAND.pm
cp lib/Locale/RecodeData/ISO_8859_7.pm blib\lib\Locale\RecodeData\ISO_8859_7.pm
cp lib/Locale/RecodeData/IBM851.pm blib\lib\Locale\RecodeData\IBM851.pm
cp lib/Locale/RecodeData/IBM862.pm blib\lib\Locale\RecodeData\IBM862.pm
cp lib/Locale/RecodeData/NATS_DANO.pm blib\lib\Locale\RecodeData\NATS_DANO.pm
cp lib/Locale/RecodeData/GEORGIAN_PS.pm blib\lib\Locale\RecodeData\GEORGIAN_PS.pm
cp lib/Locale/RecodeData/IBM875.pm blib\lib\Locale\RecodeData\IBM875.pm
cp lib/Locale/RecodeData/TIS_620.pm blib\lib\Locale\RecodeData\TIS_620.pm
cp lib/Locale/TextDomain.pm blib\lib\Locale\TextDomain.pm
cp lib/Locale/RecodeData/_Encode.pm blib\lib\Locale\RecodeData\_Encode.pm
cp lib/Locale/RecodeData/GREEK7.pm blib\lib\Locale\RecodeData\GREEK7.pm
cp lib/Locale/RecodeData/IBM871.pm blib\lib\Locale\RecodeData\IBM871.pm
cp lib/Locale/RecodeData/IBM424.pm blib\lib\Locale\RecodeData\IBM424.pm
cp lib/Locale/Recode/_Conversions.pm blib\lib\Locale\Recode\_Conversions.pm
cp lib/Locale/RecodeData/US_ASCII.pm blib\lib\Locale\RecodeData\US_ASCII.pm
cp lib/Locale/RecodeData/EBCDIC_IT.pm blib\lib\Locale\RecodeData\EBCDIC_IT.pm
cp lib/Locale/RecodeData/EBCDIC_IS_FRISS.pm blib\lib\Locale\RecodeData\EBCDIC_IS_FRISS.pm
cp lib/Locale/RecodeData/LATIN_GREEK_1.pm blib\lib\Locale\RecodeData\LATIN_GREEK_1.pm
cp lib/Locale/RecodeData/IBM857.pm blib\lib\Locale\RecodeData\IBM857.pm
cp lib/Locale/RecodeData/MAC_IS.pm blib\lib\Locale\RecodeData\MAC_IS.pm
cp lib/Locale/RecodeData/CP1256.pm blib\lib\Locale\RecodeData\CP1256.pm
cp lib/Locale/RecodeData/IBM037.pm blib\lib\Locale\RecodeData\IBM037.pm
cp lib/Locale/RecodeData/ISO_8859_9.pm blib\lib\Locale\RecodeData\ISO_8859_9.pm
cp lib/Locale/RecodeData/MACROMANIA.pm blib\lib\Locale\RecodeData\MACROMANIA.pm
cp lib/Locale/RecodeData/MAC_UK.pm blib\lib\Locale\RecodeData\MAC_UK.pm
cp lib/Locale/RecodeData/CP1250.pm blib\lib\Locale\RecodeData\CP1250.pm
cp lib/Locale/RecodeData/IBM256.pm blib\lib\Locale\RecodeData\IBM256.pm
cp lib/Locale/RecodeData/ISO_8859_1.pm blib\lib\Locale\RecodeData\ISO_8859_1.pm
cp lib/Locale/RecodeData/GREEK7_OLD.pm blib\lib\Locale\RecodeData\GREEK7_OLD.pm
cp lib/Locale/RecodeData/IBM863.pm blib\lib\Locale\RecodeData\IBM863.pm
cp lib/Locale/RecodeData/NATS_SEFI.pm blib\lib\Locale\RecodeData\NATS_SEFI.pm
cp lib/Locale/Messages.pm blib\lib\Locale\Messages.pm
cp lib/Locale/RecodeData/CWI.pm blib\lib\Locale\RecodeData\CWI.pm
cp lib/Locale/RecodeData/KOI8_R.pm blib\lib\Locale\RecodeData\KOI8_R.pm
cp lib/Locale/RecodeData/ISO_8859_11.pm blib\lib\Locale\RecodeData\ISO_8859_11.pm
cp lib/Locale/RecodeData/IBM273.pm blib\lib\Locale\RecodeData\IBM273.pm
cp lib/Locale/RecodeData/IBM280.pm blib\lib\Locale\RecodeData\IBM280.pm
cp lib/Locale/RecodeData/IBM855.pm blib\lib\Locale\RecodeData\IBM855.pm
cp lib/Locale/RecodeData/IBM918.pm blib\lib\Locale\RecodeData\IBM918.pm
cp lib/Locale/RecodeData/IBM500.pm blib\lib\Locale\RecodeData\IBM500.pm
cp lib/Locale/RecodeData/KOI8_RU.pm blib\lib\Locale\RecodeData\KOI8_RU.pm
cp lib/Locale/RecodeData/GOST_19768_74.pm blib\lib\Locale\RecodeData\GOST_19768_74.pm
cp lib/Locale/RecodeData/ISO_8859_16.pm blib\lib\Locale\RecodeData\ISO_8859_16.pm
cp lib/Locale/RecodeData/ISO_8859_6.pm blib\lib\Locale\RecodeData\ISO_8859_6.pm
cp lib/Locale/RecodeData/ISO_8859_2.pm blib\lib\Locale\RecodeData\ISO_8859_2.pm
cp lib/Locale/RecodeData/IBM290.pm blib\lib\Locale\RecodeData\IBM290.pm
cp lib/Locale/libintlFAQ.pod blib\lib\Locale\libintlFAQ.pod
cp lib/Locale/RecodeData/IBM278.pm blib\lib\Locale\RecodeData\IBM278.pm
cp lib/Locale/RecodeData/LATIN_GREEK.pm blib\lib\Locale\RecodeData\LATIN_GREEK.pm
cp lib/Locale/RecodeData/ISO_8859_10.pm blib\lib\Locale\RecodeData\ISO_8859_10.pm
cp lib/Locale/RecodeData/ISO_10367_BOX.pm blib\lib\Locale\RecodeData\ISO_10367_BOX.pm
cp lib/Locale/RecodeData/ISO_5428.pm blib\lib\Locale\RecodeData\ISO_5428.pm
cp lib/Locale/RecodeData/ISO_8859_13.pm blib\lib\Locale\RecodeData\ISO_8859_13.pm
cp lib/Locale/RecodeData/MACTHAI.pm blib\lib\Locale\RecodeData\MACTHAI.pm
cp lib/Locale/gettext_pp.pm blib\lib\Locale\gettext_pp.pm
cp lib/Locale/RecodeData/ISO_8859_5.pm blib\lib\Locale\RecodeData\ISO_8859_5.pm
cp lib/Locale/RecodeData/EBCDIC_PT.pm blib\lib\Locale\RecodeData\EBCDIC_PT.pm
cp lib/Locale/RecodeData/CP1252.pm blib\lib\Locale\RecodeData\CP1252.pm
cp lib/Locale/RecodeData/IBM437.pm blib\lib\Locale\RecodeData\IBM437.pm
cp lib/Locale/RecodeData/ISO_2033_1983.pm blib\lib\Locale\RecodeData\ISO_2033_1983.pm
cp lib/Locale/RecodeData/IBM866.pm blib\lib\Locale\RecodeData\IBM866.pm
cp lib/Locale/Recode.pm blib\lib\Locale\Recode.pm
cp lib/Locale/RecodeData/IBM420.pm blib\lib\Locale\RecodeData\IBM420.pm
cp lib/Locale/RecodeData/IBM423.pm blib\lib\Locale\RecodeData\IBM423.pm
cp lib/Locale/RecodeData/CP1253.pm blib\lib\Locale\RecodeData\CP1253.pm
cp lib/Locale/RecodeData/ATARI_ST_EURO.pm blib\lib\Locale\RecodeData\ATARI_ST_EURO.pm
cp lib/Locale/RecodeData/IBM281.pm blib\lib\Locale\RecodeData\IBM281.pm
cp lib/Locale/RecodeData/INIS_CYRILLIC.pm blib\lib\Locale\RecodeData\INIS_CYRILLIC.pm
cp lib/Locale/RecodeData/ISO_8859_3.pm blib\lib\Locale\RecodeData\ISO_8859_3.pm
cp lib/Locale/RecodeData/IBM860.pm blib\lib\Locale\RecodeData\IBM860.pm
cp lib/Locale/RecodeData/IBM1047.pm blib\lib\Locale\RecodeData\IBM1047.pm
cp lib/Locale/RecodeData/GREEK_CCITT.pm blib\lib\Locale\RecodeData\GREEK_CCITT.pm
cp lib/Locale/RecodeData/KOI8_U.pm blib\lib\Locale\RecodeData\KOI8_U.pm
cp lib/Locale/RecodeData/HP_ROMAN8.pm blib\lib\Locale\RecodeData\HP_ROMAN8.pm
cp gettext_xs.pm ..\blib\lib\Locale\gettext_xs.pm
C:\strawberry\perl\bin\perl.exe C:\strawberry\perl\lib\ExtUtils\xsubpp  -typemap C:\strawberry\perl\lib\ExtUtils\typemap  gettext_xs.xs > ge
ttext_xs.xsc && C:\strawberry\perl\bin\perl.exe -MExtUtils::Command -e "mv" -- gettext_xs.xsc gettext_xs.c
gcc -c          -s -O2 -DWIN32 -DHAVE_DES_FCRYPT -DUSE_SITECUSTOMIZE -DPERL_IMPLICIT_CONTEXT -DPERL_IMPLICIT_SYS -fno-strict-aliasing -DPERL
_MSVCRT_READFIX -s -O2    -DVERSION=\"1.20\"    -DXS_VERSION=\"1.20\"  "-IC:\strawberry\perl\lib\CORE"   gettext_xs.c
Running Mkbootstrap for Locale::gettext_xs ()
C:\strawberry\perl\bin\perl.exe -MExtUtils::Command -e "chmod" -- 644 gettext_xs.bs
C:\strawberry\perl\bin\perl.exe -MExtUtils::Mksymlists \
     -e "Mksymlists('NAME'=>\"Locale::gettext_xs\", 'DLBASE' => 'gettext_xs', 'DL_FUNCS' => {  }, 'FUNCLIST' => [], 'IMPORTS' => {  }, 'DL_V
ARS' => []);"
dlltool --def gettext_xs.def --output-exp dll.exp
g++ -o ..\blib\arch\auto\Locale\gettext_xs\gettext_xs.dll -Wl,--base-file -Wl,dll.base -mdll -s -L"C:\strawberry\perl\lib\CORE" -L"C:\strawb
erry\c\lib" gettext_xs.o -Wl,--image-base,0x21d0000  C:\strawberry\perl\lib\CORE\libperl510.a C:\strawberry\c\lib\libintl.a C:\strawberry\c\
lib\libiconv.a C:\strawberry\c\lib\libmoldname.a C:\strawberry\c\lib\libkernel32.a C:\strawberry\c\lib\libuser32.a C:\strawberry\c\lib\libgd
i32.a C:\strawberry\c\lib\libwinspool.a C:\strawberry\c\lib\libcomdlg32.a C:\strawberry\c\lib\libadvapi32.a C:\strawberry\c\lib\libshell32.a
 C:\strawberry\c\lib\libole32.a C:\strawberry\c\lib\liboleaut32.a C:\strawberry\c\lib\libnetapi32.a C:\strawberry\c\lib\libuuid.a C:\strawbe
rry\c\lib\libws2_32.a C:\strawberry\c\lib\libmpr.a C:\strawberry\c\lib\libwinmm.a C:\strawberry\c\lib\libversion.a C:\strawberry\c\lib\libod
bc32.a C:\strawberry\c\lib\libodbccp32.a dll.exp
dlltool --def gettext_xs.def --base-file dll.base --output-exp dll.exp
g++ -o ..\blib\arch\auto\Locale\gettext_xs\gettext_xs.dll -mdll -s -L"C:\strawberry\perl\lib\CORE" -L"C:\strawberry\c\lib" gettext_xs.o -Wl,
--image-base,0x21d0000  C:\strawberry\perl\lib\CORE\libperl510.a C:\strawberry\c\lib\libintl.a C:\strawberry\c\lib\libiconv.a C:\strawberry\
c\lib\libmoldname.a C:\strawberry\c\lib\libkernel32.a C:\strawberry\c\lib\libuser32.a C:\strawberry\c\lib\libgdi32.a C:\strawberry\c\lib\lib
winspool.a C:\strawberry\c\lib\libcomdlg32.a C:\strawberry\c\lib\libadvapi32.a C:\strawberry\c\lib\libshell32.a C:\strawberry\c\lib\libole32
.a C:\strawberry\c\lib\liboleaut32.a C:\strawberry\c\lib\libnetapi32.a C:\strawberry\c\lib\libuuid.a C:\strawberry\c\lib\libws2_32.a C:\stra
wberry\c\lib\libmpr.a C:\strawberry\c\lib\libwinmm.a C:\strawberry\c\lib\libversion.a C:\strawberry\c\lib\libodbc32.a C:\strawberry\c\lib\li
bodbccp32.a dll.exp
C:\strawberry\perl\bin\perl.exe -MExtUtils::Command -e "chmod" -- 755 ..\blib\arch\auto\Locale\gettext_xs\gettext_xs.dll
C:\strawberry\perl\bin\perl.exe -MExtUtils::Command -e "cp" -- gettext_xs.bs ..\blib\arch\auto\Locale\gettext_xs\gettext_xs.bs
C:\strawberry\perl\bin\perl.exe -MExtUtils::Command -e "chmod" -- 644 ..\blib\arch\auto\Locale\gettext_xs\gettext_xs.bs
  GUIDO/libintl-perl-1.20.tar.gz
  C:\strawberry\c\bin\dmake.EXE -- OK
Running make test
C:\strawberry\perl\bin\perl.exe "-Iblib\lib" "-Iblib\arch" test.pl
# Encode revision used is 2.37.
./tests/00gettext.t ..................... ok
./tests/00recode.t ...................... ok
./tests/01trivial.t ..................... ok
./tests/02asmo_449.t .................... ok
./tests/02atari-st-euro.t ............... ok
./tests/02atari-st.t .................... ok
./tests/02cp10007.t ..................... ok
./tests/02cp1250.t ...................... ok
./tests/02cp1251.t ...................... ok
./tests/02cp1252.t ...................... ok
./tests/02cp1253.t ...................... ok
./tests/02cp1254.t ...................... ok
./tests/02cp1256.t ...................... ok
./tests/02cp1257.t ...................... ok
./tests/02csn_369103.t .................. ok
./tests/02cwi.t ......................... ok
./tests/02dec-mcs.t ..................... ok
./tests/02ebcdic-at-de-a.t .............. ok
./tests/02ebcdic-at-de.t ................ ok
./tests/02ebcdic-ca-fr.t ................ ok
./tests/02ebcdic-dk-no-a.t .............. ok
./tests/02ebcdic-dk-no.t ................ ok
./tests/02ebcdic-es-a.t ................. ok
./tests/02ebcdic-es-s.t ................. ok
./tests/02ebcdic-es.t ................... ok
./tests/02ebcdic-fi-se-a.t .............. ok
./tests/02ebcdic-fi-se.t ................ ok
./tests/02ebcdic-fr.t ................... ok
./tests/02ebcdic-is-friss.t ............. ok
./tests/02ebcdic-it.t ................... ok
./tests/02ebcdic-pt.t ................... ok
./tests/02ebcdic-uk.t ................... ok
./tests/02ebcdic-us.t ................... ok
./tests/02ecma-cyrillic.t ............... ok
./tests/02georgian-academy.t ............ ok
./tests/02georgian-ps.t ................. ok
./tests/02gost_19768-74.t ............... ok
./tests/02greek-ccitt.t ................. ok
./tests/02greek7-old.t .................. ok
./tests/02greek7.t ...................... ok
./tests/02hp-roman8.t ................... ok
./tests/02ibm037.t ...................... ok
./tests/02ibm038.t ...................... ok
./tests/02ibm1004.t ..................... ok
./tests/02ibm1026.t ..................... ok
./tests/02ibm1047.t ..................... ok
./tests/02ibm256.t ...................... ok
./tests/02ibm273.t ...................... ok
./tests/02ibm274.t ...................... ok
./tests/02ibm275.t ...................... ok
./tests/02ibm277.t ...................... ok
./tests/02ibm278.t ...................... ok
./tests/02ibm280.t ...................... ok
./tests/02ibm281.t ...................... ok
./tests/02ibm284.t ...................... ok
./tests/02ibm285.t ...................... ok
./tests/02ibm290.t ...................... ok
./tests/02ibm297.t ...................... ok
./tests/02ibm420.t ...................... ok
./tests/02ibm423.t ...................... ok
./tests/02ibm424.t ...................... ok
./tests/02ibm437.t ...................... ok
./tests/02ibm500.t ...................... ok
./tests/02ibm850.t ...................... ok
./tests/02ibm851.t ...................... ok
./tests/02ibm852.t ...................... ok
./tests/02ibm855.t ...................... ok
./tests/02ibm857.t ...................... ok
./tests/02ibm860.t ...................... ok
./tests/02ibm861.t ...................... ok
./tests/02ibm862.t ...................... ok
./tests/02ibm863.t ...................... ok
./tests/02ibm864.t ...................... ok
./tests/02ibm865.t ...................... ok
./tests/02ibm866.t ...................... ok
./tests/02ibm868.t ...................... ok
./tests/02ibm869.t ...................... ok
./tests/02ibm870.t ...................... ok
./tests/02ibm871.t ...................... ok
./tests/02ibm874.t ...................... ok
./tests/02ibm875.t ...................... ok
./tests/02ibm880.t ...................... ok
./tests/02ibm891.t ...................... ok
./tests/02ibm903.t ...................... ok
./tests/02ibm904.t ...................... ok
./tests/02ibm905.t ...................... ok
./tests/02ibm918.t ...................... ok
./tests/02iec_p27-1.t ................... ok
./tests/02inis-8.t ...................... ok
./tests/02inis-cyrillic.t ............... ok
./tests/02inis.t ........................ ok
./tests/02iso-8859-1.t .................. ok
./tests/02iso-8859-10.t ................. ok
./tests/02iso-8859-11.t ................. ok
./tests/02iso-8859-13.t ................. ok
./tests/02iso-8859-14.t ................. ok
./tests/02iso-8859-15.t ................. ok
./tests/02iso-8859-16.t ................. ok
./tests/02iso-8859-2.t .................. ok
./tests/02iso-8859-3.t .................. ok
./tests/02iso-8859-4.t .................. ok
./tests/02iso-8859-5.t .................. ok
./tests/02iso-8859-6.t .................. ok
./tests/02iso-8859-7.t .................. ok
./tests/02iso-8859-8.t .................. ok
./tests/02iso-8859-9.t .................. ok
./tests/02iso_10367-box.t ............... ok
./tests/02iso_2033-1983.t ............... ok
./tests/02iso_5427-ext.t ................ ok
./tests/02iso_5427.t .................... ok
./tests/02iso_5428.t .................... ok
./tests/02koi-8.t ....................... ok
./tests/02koi8-r.t ...................... ok
./tests/02koi8-ru.t ..................... ok
./tests/02koi8-t.t ...................... ok
./tests/02koi8-u.t ...................... ok
./tests/02latin-greek-1.t ............... ok
./tests/02latin-greek.t ................. ok
./tests/02mac-is.t ...................... ok
./tests/02mac-sami.t .................... ok
./tests/02mac-uk.t ...................... ok
./tests/02macarabic.t ................... ok
./tests/02maccroatian.t ................. ok
./tests/02maccyrillic.t ................. ok
./tests/02macgreek.t .................... ok
./tests/02machebrew.t ................... ok
./tests/02maciceland.t .................. ok
./tests/02macintosh.t ................... ok
./tests/02macromania.t .................. ok
./tests/02macthai.t ..................... ok
./tests/02macturkish.t .................. ok
./tests/02macukraine.t .................. ok
./tests/02nats-dano.t ................... ok
./tests/02nats-sefi.t ................... ok
./tests/02nextstep.t .................... ok
./tests/02sami-ws2.t .................... ok
./tests/02tis-620.t ..................... ok
./tests/02us-ascii.t .................... ok
./tests/02utf-8.t ....................... ok
./tests/02viscii.t ...................... ok
./tests/03_tester_david_pp.t ............ ok
./tests/03_tester_david_xs.t ............ No subtests run
./tests/03bind_textdomain_codeset_pp.t .. ok
./tests/03bind_textdomain_codeset_xs.t .. ok
./tests/03bind_textdomain_filter_pp.t ... ok
./tests/03bind_textdomain_filter_xs.t ... ok
./tests/03bindtextdomain_pp.t ........... ok
./tests/03bindtextdomain_xs.t ........... -->(at that point the JIT debugger dialog is shown)
