t/regex-error....1..4
ok 1 - use WWW::Mechanize;
ok 2 - The object isa WWW::Mechanize

not ok 3 - Passes message, and includes the line number
#   in t/regex-error.t at line 22.
# found carped warning: Use of uninitialized value in string eq at /usr/lib/perl5/vendor_perl/5.8.7/Sub/Uplevel.pm line 123.
# found carped warning: Use of uninitialized value in string eq at /usr/lib/perl5/vendor_perl/5.8.7/Sub/Uplevel.pm line 123.
# found carped warning: Unknown link-finding parameter "link_regex" at t/regex-error.t line 22
# expected to find warning: (?-xism:Unknown link-finding parameter "link_regex".+line \d+)

#   Failed test 'Passes message, and includes the line number'
not ok 4 - Passes message, and includes the line number
#   in t/regex-error.t at line 26.
# found carped warning: Use of uninitialized value in string eq at /usr/lib/perl5/vendor_perl/5.8.7/Sub/Uplevel.pm line 123.
# found carped warning: Use of uninitialized value in string eq at /usr/lib/perl5/vendor_perl/5.8.7/Sub/Uplevel.pm line 123.
# found carped warning: foo passed as url_regex is not a regex at t/regex-error.t line 26
# expected to find warning: (?-xism:foo passed as url_regex is not a regex.+line \d+)
# Looks like you failed 2 tests of 4.
dubious
	Test returned status 2 (wstat 512, 0x200)
DIED. FAILED tests 3-4
	Failed 2/4 tests, 50.00% okay
Failed Test     Stat Wstat Total Fail  Failed  List of Failed
-------------------------------------------------------------------------------
t/regex-error.t    2   512     4    2  50.00%  3-4
Failed 1/1 test scripts, 0.00% okay. 2/4 subtests failed, 50.00% okay.
