[ODBC][2896][1431710379.668707][__handles.c][450]
		Exit:[SQL_SUCCESS]
			Environment = 0x5611ae0
[ODBC][2896][1431710379.668786][SQLSetEnvAttr.c][182]
		Entry:            
			Environment = 0x5611ae0            
			Attribute = SQL_ATTR_ODBC_VERSION            
			Value = 0x3            
			StrLen = -6
[ODBC][2896][1431710379.668820][SQLSetEnvAttr.c][349]
		Exit:[SQL_SUCCESS]
[ODBC][2896][1431710379.668848][SQLAllocHandle.c][364]
		Entry:
			Handle Type = 2
			Input Handle = 0x5611ae0
[ODBC][2896][1431710379.668876][SQLAllocHandle.c][482]
		Exit:[SQL_SUCCESS]
			Output Handle = 0x56121c0
[ODBC][2896][1431710379.668937][SQLDriverConnect.c][688]
		Entry:            
			Connection = 0x56121c0            
			Window Hdl = (nil)            
			Str In = [DSN=Cloudera64][length = 14]            
			Str Out = 0x7fff959494a0            
			Str Out Max = 512            
			Str Out Ptr = 0x7fff9594949e            
			Completion = 0
		UNICODE Using encoding ASCII 'ISO8859-1' and UNICODE 'UCS-2LE'

[ODBC][2896][1431710379.752049][SQLDriverConnect.c][1497]
		Exit:[SQL_SUCCESS]                    
			Connection Out [[DSN=Cloudera64;][length = 15 (SQL_NTS)]]
[ODBC][2896][1431710379.752180][SQLError.c][430]
		Entry:                
			Connection = 0x56121c0                
			SQLState = 0x7fff95948ff0                
			Native = 0x7fff95948ff8                
			Message Text = 0x7fff95949000                
			Buffer Length = 1023                
			Text Len Ptr = 0x7fff95948ffe
[ODBC][2896][1431710379.752209][SQLError.c][467]
		Exit:[SQL_NO_DATA]
[ODBC][2896][1431710379.752235][SQLError.c][510]
		Entry:                
			Environment = 0x5611ae0                
			SQLState = 0x7fff95948ff0                
			Native = 0x7fff95948ff8                
			Message Text = 0x7fff95949000                
			Buffer Length = 1023                
			Text Len Ptr = 0x7fff95948ffe
[ODBC][2896][1431710379.752259][SQLError.c][547]
		Exit:[SQL_NO_DATA]
[ODBC][2896][1431710379.752353][SQLError.c][430]
		Entry:                
			Connection = 0x56121c0                
			SQLState = 0x7fff95948ff0                
			Native = 0x7fff95948ff8                
			Message Text = 0x7fff95949000                
			Buffer Length = 1023                
			Text Len Ptr = 0x7fff95948ffe
[ODBC][2896][1431710379.752379][SQLError.c][467]
		Exit:[SQL_NO_DATA]
[ODBC][2896][1431710379.752404][SQLError.c][510]
		Entry:                
			Environment = 0x5611ae0                
			SQLState = 0x7fff95948ff0                
			Native = 0x7fff95948ff8                
			Message Text = 0x7fff95949000                
			Buffer Length = 1023                
			Text Len Ptr = 0x7fff95948ffe
[ODBC][2896][1431710379.752427][SQLError.c][547]
		Exit:[SQL_NO_DATA]
[ODBC][2896][1431710379.752507][SQLError.c][430]
		Entry:                
			Connection = 0x56121c0                
			SQLState = 0x7fff95948ff0                
			Native = 0x7fff95948ff8                
			Message Text = 0x7fff95949000                
			Buffer Length = 1023                
			Text Len Ptr = 0x7fff95948ffe
[ODBC][2896][1431710379.752532][SQLError.c][467]
		Exit:[SQL_NO_DATA]
[ODBC][2896][1431710379.752557][SQLError.c][510]
		Entry:                
			Environment = 0x5611ae0                
			SQLState = 0x7fff95948ff0                
			Native = 0x7fff95948ff8                
			Message Text = 0x7fff95949000                
			Buffer Length = 1023                
			Text Len Ptr = 0x7fff95948ffe
[ODBC][2896][1431710379.752579][SQLError.c][547]
		Exit:[SQL_NO_DATA]
[ODBC][2896][1431710379.752668][SQLError.c][430]
		Entry:                
			Connection = 0x56121c0                
			SQLState = 0x7fff95948ff0                
			Native = 0x7fff95948ff8                
			Message Text = 0x7fff95949000                
			Buffer Length = 1023                
			Text Len Ptr = 0x7fff95948ffe
[ODBC][2896][1431710379.752695][SQLError.c][467]
		Exit:[SQL_NO_DATA]
[ODBC][2896][1431710379.752722][SQLError.c][510]
		Entry:                
			Environment = 0x5611ae0                
			SQLState = 0x7fff95948ff0                
			Native = 0x7fff95948ff8                
			Message Text = 0x7fff95949000                
			Buffer Length = 1023                
			Text Len Ptr = 0x7fff95948ffe
[ODBC][2896][1431710379.752773][SQLError.c][547]
		Exit:[SQL_NO_DATA]
[ODBC][2896][1431710379.752864][SQLError.c][430]
		Entry:                
			Connection = 0x56121c0                
			SQLState = 0x7fff95948ff0                
			Native = 0x7fff95948ff8                
			Message Text = 0x7fff95949000                
			Buffer Length = 1023                
			Text Len Ptr = 0x7fff95948ffe
[ODBC][2896][1431710379.752891][SQLError.c][467]
		Exit:[SQL_NO_DATA]
[ODBC][2896][1431710379.752916][SQLError.c][510]
		Entry:                
			Environment = 0x5611ae0                
			SQLState = 0x7fff95948ff0                
			Native = 0x7fff95948ff8                
			Message Text = 0x7fff95949000                
			Buffer Length = 1023                
			Text Len Ptr = 0x7fff95948ffe
[ODBC][2896][1431710379.752939][SQLError.c][547]
		Exit:[SQL_NO_DATA]
[ODBC][2896][1431710379.753012][SQLError.c][430]
		Entry:                
			Connection = 0x56121c0                
			SQLState = 0x7fff95948ff0                
			Native = 0x7fff95948ff8                
			Message Text = 0x7fff95949000                
			Buffer Length = 1023                
			Text Len Ptr = 0x7fff95948ffe
[ODBC][2896][1431710379.753037][SQLError.c][467]
		Exit:[SQL_NO_DATA]
[ODBC][2896][1431710379.753062][SQLError.c][510]
		Entry:                
			Environment = 0x5611ae0                
			SQLState = 0x7fff95948ff0                
			Native = 0x7fff95948ff8                
			Message Text = 0x7fff95949000                
			Buffer Length = 1023                
			Text Len Ptr = 0x7fff95948ffe
[ODBC][2896][1431710379.753084][SQLError.c][547]
		Exit:[SQL_NO_DATA]
[ODBC][2896][1431710379.753155][SQLError.c][430]
		Entry:                
			Connection = 0x56121c0                
			SQLState = 0x7fff95948ff0                
			Native = 0x7fff95948ff8                
			Message Text = 0x7fff95949000                
			Buffer Length = 1023                
			Text Len Ptr = 0x7fff95948ffe
[ODBC][2896][1431710379.753180][SQLError.c][467]
		Exit:[SQL_NO_DATA]
[ODBC][2896][1431710379.753205][SQLError.c][510]
		Entry:                
			Environment = 0x5611ae0                
			SQLState = 0x7fff95948ff0                
			Native = 0x7fff95948ff8                
			Message Text = 0x7fff95949000                
			Buffer Length = 1023                
			Text Len Ptr = 0x7fff95948ffe
[ODBC][2896][1431710379.753227][SQLError.c][547]
		Exit:[SQL_NO_DATA]
[ODBC][2896][1431710379.753302][SQLError.c][430]
		Entry:                
			Connection = 0x56121c0                
			SQLState = 0x7fff95948ff0                
			Native = 0x7fff95948ff8                
			Message Text = 0x7fff95949000                
			Buffer Length = 1023                
			Text Len Ptr = 0x7fff95948ffe
[ODBC][2896][1431710379.753326][SQLError.c][467]
		Exit:[SQL_NO_DATA]
[ODBC][2896][1431710379.753351][SQLError.c][510]
		Entry:                
			Environment = 0x5611ae0                
			SQLState = 0x7fff95948ff0                
			Native = 0x7fff95948ff8                
			Message Text = 0x7fff95949000                
			Buffer Length = 1023                
			Text Len Ptr = 0x7fff95948ffe
[ODBC][2896][1431710379.753373][SQLError.c][547]
		Exit:[SQL_NO_DATA]
[ODBC][2896][1431710379.753454][SQLError.c][430]
		Entry:                
			Connection = 0x56121c0                
			SQLState = 0x7fff959491f0                
			Native = 0x7fff959491f8                
			Message Text = 0x7fff95949200                
			Buffer Length = 511                
			Text Len Ptr = 0x7fff959491fe
[ODBC][2896][1431710379.753479][SQLError.c][467]
		Exit:[SQL_NO_DATA]
[ODBC][2896][1431710379.753537][SQLError.c][430]
		Entry:                
			Connection = 0x56121c0                
			SQLState = 0x7fff959491f0                
			Native = 0x7fff959491f8                
			Message Text = 0x7fff95949200                
			Buffer Length = 511                
			Text Len Ptr = 0x7fff959491fe
[ODBC][2896][1431710379.753572][SQLError.c][467]
		Exit:[SQL_NO_DATA]
[ODBC][2896][1431710379.753775][SQLError.c][430]
		Entry:                
			Connection = 0x56121c0                
			SQLState = 0x7fff95949140                
			Native = 0x7fff95949148                
			Message Text = 0x7fff95949150                
			Buffer Length = 1023                
			Text Len Ptr = 0x7fff9594914e
[ODBC][2896][1431710379.753803][SQLError.c][467]
		Exit:[SQL_NO_DATA]
[ODBC][2896][1431710379.753830][SQLError.c][510]
		Entry:                
			Environment = 0x5611ae0                
			SQLState = 0x7fff95949140                
			Native = 0x7fff95949148                
			Message Text = 0x7fff95949150                
			Buffer Length = 1023                
			Text Len Ptr = 0x7fff9594914e
[ODBC][2896][1431710379.753852][SQLError.c][547]
		Exit:[SQL_NO_DATA]
[ODBC][2896][1431710379.754030][SQLError.c][430]
		Entry:                
			Connection = 0x56121c0                
			SQLState = 0x7fff959493b0                
			Native = 0x7fff959493b8                
			Message Text = 0x7fff959493c0                
			Buffer Length = 1023                
			Text Len Ptr = 0x7fff959493be
[ODBC][2896][1431710379.754057][SQLError.c][467]
		Exit:[SQL_NO_DATA]
[ODBC][2896][1431710379.754083][SQLError.c][510]
		Entry:                
			Environment = 0x5611ae0                
			SQLState = 0x7fff959493b0                
			Native = 0x7fff959493b8                
			Message Text = 0x7fff959493c0                
			Buffer Length = 1023                
			Text Len Ptr = 0x7fff959493be
[ODBC][2896][1431710379.754105][SQLError.c][547]
		Exit:[SQL_NO_DATA]
[ODBC][2896][1431710379.754175][SQLError.c][430]
		Entry:                
			Connection = 0x56121c0                
			SQLState = 0x7fff95949580                
			Native = 0x7fff95949588                
			Message Text = 0x7fff95949590                
			Buffer Length = 511                
			Text Len Ptr = 0x7fff9594958e
[ODBC][2896][1431710379.754201][SQLError.c][467]
		Exit:[SQL_NO_DATA]
[ODBC][2896][1431710379.754282][SQLError.c][430]
		Entry:                
			Connection = 0x56121c0                
			SQLState = 0x7fff95949380                
			Native = 0x7fff95949388                
			Message Text = 0x7fff95949390                
			Buffer Length = 1023                
			Text Len Ptr = 0x7fff9594938e
[ODBC][2896][1431710379.754307][SQLError.c][467]
		Exit:[SQL_NO_DATA]
[ODBC][2896][1431710379.754331][SQLError.c][510]
		Entry:                
			Environment = 0x5611ae0                
			SQLState = 0x7fff95949380                
			Native = 0x7fff95949388                
			Message Text = 0x7fff95949390                
			Buffer Length = 1023                
			Text Len Ptr = 0x7fff9594938e
[ODBC][2896][1431710379.754353][SQLError.c][547]
		Exit:[SQL_NO_DATA]
