t/01_compile.......1..3
ok 1 - Your perl is new enough
ok 2 - use YAML::Tiny;
ok 3 - use MyTests;
ok
t/02_basic.........1..594
ok 1 - empty: YAML.pm saves without error
ok 2 - empty: YAML.pm serializes correctly
ok 3 - empty: YAML.pm round-trips without error
ok 4 - The object isa YAML::Tiny
ok 5 - empty: YAML.pm round-trips correctly
ok 6 - empty: YAML.pm loads without error
ok 7 - empty: YAML.pm parses correctly
ok 8 # skip Skipping YAML::Syck for unsupported feature
ok 9 # skip Skipping YAML::Syck for unsupported feature
ok 10 # skip Skipping YAML::Syck for unsupported feature
ok 11 # skip Skipping YAML::Syck for unsupported feature
ok 12 # skip Skipping YAML::Syck for unsupported feature
ok 13 # skip Skipping YAML::Syck for unsupported feature
ok 14 # skip Skipping YAML::Syck for unsupported feature
ok 15 - empty: YAML::Tiny parses without error
ok 16 - The object isa YAML::Tiny
ok 17 - empty: YAML::Tiny parses correctly
ok 18 - empty: YAML::Tiny serializes without error
ok 19 - empty: YAML::Tiny serializes correctly
ok 20 - empty: YAML::Tiny round-trips without error
ok 21 - The object isa YAML::Tiny
ok 22 - empty: YAML::Tiny round-trips correctly
ok 23 - only_newlines: YAML.pm saves without error
ok 24 - only_newlines: YAML.pm serializes correctly
ok 25 - only_newlines: YAML.pm round-trips without error
ok 26 - The object isa YAML::Tiny
ok 27 - only_newlines: YAML.pm round-trips correctly
ok 28 - only_newlines: YAML.pm loads without error
ok 29 - only_newlines: YAML.pm parses correctly
ok 30 # skip Skipping YAML::Syck for unsupported feature
ok 31 # skip Skipping YAML::Syck for unsupported feature
ok 32 # skip Skipping YAML::Syck for unsupported feature
ok 33 # skip Skipping YAML::Syck for unsupported feature
ok 34 # skip Skipping YAML::Syck for unsupported feature
ok 35 # skip Skipping YAML::Syck for unsupported feature
ok 36 # skip Skipping YAML::Syck for unsupported feature
ok 37 - only_newlines: YAML::Tiny parses without error
ok 38 - The object isa YAML::Tiny
ok 39 - only_newlines: YAML::Tiny parses correctly
ok 40 - only_newlines: YAML::Tiny serializes without error
ok 41 - only_newlines: YAML::Tiny serializes correctly
ok 42 - only_newlines: YAML::Tiny round-trips without error
ok 43 - The object isa YAML::Tiny
ok 44 - only_newlines: YAML::Tiny round-trips correctly
ok 45 - only_comment: YAML.pm saves without error
ok 46 - only_comment: YAML.pm serializes correctly
ok 47 - only_comment: YAML.pm round-trips without error
ok 48 - The object isa YAML::Tiny
ok 49 - only_comment: YAML.pm round-trips correctly
ok 50 - only_comment: YAML.pm loads without error
ok 51 - only_comment: YAML.pm parses correctly
ok 52 # skip Skipping YAML::Syck for unsupported feature
ok 53 # skip Skipping YAML::Syck for unsupported feature
ok 54 # skip Skipping YAML::Syck for unsupported feature
ok 55 # skip Skipping YAML::Syck for unsupported feature
ok 56 # skip Skipping YAML::Syck for unsupported feature
ok 57 # skip Skipping YAML::Syck for unsupported feature
ok 58 # skip Skipping YAML::Syck for unsupported feature
ok 59 - only_comment: YAML::Tiny parses without error
ok 60 - The object isa YAML::Tiny
ok 61 - only_comment: YAML::Tiny parses correctly

#   Failed test 'only_header: YAML.pm parses correctly'
#   in t\lib/MyTests.pm at line 69.
#     Structures begin differing at:
#          $got->[0] = ''
#     $expected->[0] = undef
ok 62 - only_comment: YAML::Tiny serializes without error
ok 63 - only_comment: YAML::Tiny serializes correctly
ok 64 - only_comment: YAML::Tiny round-trips without error
ok 65 - The object isa YAML::Tiny
ok 66 - only_comment: YAML::Tiny round-trips correctly
ok 67 - only_header: YAML.pm saves without error
ok 68 - only_header: YAML.pm serializes correctly
ok 69 - only_header: YAML.pm round-trips without error
ok 70 - The object isa YAML::Tiny
ok 71 - only_header: YAML.pm round-trips correctly
ok 72 - only_header: YAML.pm loads without error
not ok 73 - only_header: YAML.pm parses correctly
ok 74 - only_header: YAML::Syck saves without error
ok 75 - only_header: YAML::Syck serializes correctly
ok 76 - only_header: YAML::Syck round-trips without error
ok 77 - The object isa YAML::Tiny
ok 78 - only_header: YAML::Syck round-trips correctly
ok 79 - only_header: YAML::Syck loads without error
ok 80 - only_header: YAML::Syck parses correctly
ok 81 - only_header: YAML::Tiny parses without error
ok 82 - The object isa YAML::Tiny
ok 83 - only_header: YAML::Tiny parses correctly

#   Failed test 'two_header: YAML.pm parses correctly'
#   in t\lib/MyTests.pm at line 69.
#     Structures begin differing at:
#          $got->[0] = ''
#     $expected->[0] = undef
ok 84 - only_header: YAML::Tiny serializes without error
ok 85 - only_header: YAML::Tiny serializes correctly
ok 86 - only_header: YAML::Tiny round-trips without error
ok 87 - The object isa YAML::Tiny
ok 88 - only_header: YAML::Tiny round-trips correctly
ok 89 - two_header: YAML.pm saves without error
ok 90 - two_header: YAML.pm serializes correctly
ok 91 - two_header: YAML.pm round-trips without error
ok 92 - The object isa YAML::Tiny
ok 93 - two_header: YAML.pm round-trips correctly
ok 94 - two_header: YAML.pm loads without error
not ok 95 - two_header: YAML.pm parses correctly
ok 96 # skip Skipping YAML::Syck for unsupported feature
ok 97 # skip Skipping YAML::Syck for unsupported feature
ok 98 # skip Skipping YAML::Syck for unsupported feature
ok 99 # skip Skipping YAML::Syck for unsupported feature
ok 100 # skip Skipping YAML::Syck for unsupported feature
ok 101 # skip Skipping YAML::Syck for unsupported feature
ok 102 # skip Skipping YAML::Syck for unsupported feature
ok 103 - two_header: YAML::Tiny parses without error
ok 104 - The object isa YAML::Tiny
ok 105 - two_header: YAML::Tiny parses correctly
ok 106 - two_header: YAML::Tiny serializes without error
ok 107 - two_header: YAML::Tiny serializes correctly
ok 108 - two_header: YAML::Tiny round-trips without error
ok 109 - The object isa YAML::Tiny
ok 110 - two_header: YAML::Tiny round-trips correctly
ok 111 - one_undef: YAML.pm saves without error
ok 112 - one_undef: YAML.pm serializes correctly
ok 113 - one_undef: YAML.pm round-trips without error
ok 114 - The object isa YAML::Tiny
ok 115 - one_undef: YAML.pm round-trips correctly
ok 116 - one_undef: YAML.pm loads without error
ok 117 - one_undef: YAML.pm parses correctly
ok 118 - one_undef: YAML::Syck saves without error
ok 119 - one_undef: YAML::Syck serializes correctly
ok 120 - one_undef: YAML::Syck round-trips without error
ok 121 - The object isa YAML::Tiny
ok 122 - one_undef: YAML::Syck round-trips correctly
ok 123 - one_undef: YAML::Syck loads without error
ok 124 - one_undef: YAML::Syck parses correctly
ok 125 - one_undef: YAML::Tiny parses without error
ok 126 - The object isa YAML::Tiny
ok 127 - one_undef: YAML::Tiny parses correctly
ok 128 - one_undef: YAML::Tiny serializes without error
ok 129 - one_undef: YAML::Tiny serializes correctly
ok 130 - one_undef: YAML::Tiny round-trips without error
ok 131 - The object isa YAML::Tiny
ok 132 - one_undef: YAML::Tiny round-trips correctly
ok 133 - one_undef2: YAML.pm saves without error
ok 134 - one_undef2: YAML.pm serializes correctly
ok 135 - one_undef2: YAML.pm round-trips without error
ok 136 - The object isa YAML::Tiny
ok 137 - one_undef2: YAML.pm round-trips correctly
ok 138 - one_undef2: YAML.pm loads without error
ok 139 - one_undef2: YAML.pm parses correctly
ok 140 - one_undef2: YAML::Syck saves without error
ok 141 - one_undef2: YAML::Syck serializes correctly
ok 142 - one_undef2: YAML::Syck round-trips without error
ok 143 - The object isa YAML::Tiny
ok 144 - one_undef2: YAML::Syck round-trips correctly
ok 145 - one_undef2: YAML::Syck loads without error
ok 146 - one_undef2: YAML::Syck parses correctly
ok 147 - one_undef2: YAML::Tiny parses without error
ok 148 - The object isa YAML::Tiny
ok 149 - one_undef2: YAML::Tiny parses correctly

#   Failed test 'two_undef: YAML.pm parses correctly'
#   in t\lib/MyTests.pm at line 69.
#     Structures begin differing at:
#          $got->[1] = ''
#     $expected->[1] = undef
ok 150 - one_undef2: YAML::Tiny serializes without error
ok 151 - one_undef2: YAML::Tiny serializes correctly
ok 152 - one_undef2: YAML::Tiny round-trips without error
ok 153 - The object isa YAML::Tiny
ok 154 - one_undef2: YAML::Tiny round-trips correctly
ok 155 - two_undef: YAML.pm saves without error
ok 156 - two_undef: YAML.pm serializes correctly
ok 157 - two_undef: YAML.pm round-trips without error
ok 158 - The object isa YAML::Tiny
ok 159 - two_undef: YAML.pm round-trips correctly
ok 160 - two_undef: YAML.pm loads without error
not ok 161 - two_undef: YAML.pm parses correctly
ok 162 # skip Skipping YAML::Syck for unsupported feature
ok 163 # skip Skipping YAML::Syck for unsupported feature
ok 164 # skip Skipping YAML::Syck for unsupported feature
ok 165 # skip Skipping YAML::Syck for unsupported feature
ok 166 # skip Skipping YAML::Syck for unsupported feature
ok 167 # skip Skipping YAML::Syck for unsupported feature
ok 168 # skip Skipping YAML::Syck for unsupported feature
ok 169 - two_undef: YAML::Tiny parses without error
ok 170 - The object isa YAML::Tiny
ok 171 - two_undef: YAML::Tiny parses correctly
ok 172 - two_undef: YAML::Tiny serializes without error
ok 173 - two_undef: YAML::Tiny serializes correctly
ok 174 - two_undef: YAML::Tiny round-trips without error
ok 175 - The object isa YAML::Tiny
ok 176 - two_undef: YAML::Tiny round-trips correctly
ok 177 - one_scalar: YAML.pm saves without error
ok 178 - one_scalar: YAML.pm serializes correctly
ok 179 - one_scalar: YAML.pm round-trips without error
ok 180 - The object isa YAML::Tiny
ok 181 - one_scalar: YAML.pm round-trips correctly
ok 182 - one_scalar: YAML.pm loads without error
ok 183 - one_scalar: YAML.pm parses correctly
ok 184 - one_scalar: YAML::Syck saves without error
ok 185 - one_scalar: YAML::Syck serializes correctly
ok 186 - one_scalar: YAML::Syck round-trips without error
ok 187 - The object isa YAML::Tiny
ok 188 - one_scalar: YAML::Syck round-trips correctly
ok 189 - one_scalar: YAML::Syck loads without error
ok 190 - one_scalar: YAML::Syck parses correctly
ok 191 - one_scalar: YAML::Tiny parses without error
ok 192 - The object isa YAML::Tiny
ok 193 - one_scalar: YAML::Tiny parses correctly
ok 194 - one_scalar: YAML::Tiny serializes without error
ok 195 - one_scalar: YAML::Tiny serializes correctly
ok 196 - one_scalar: YAML::Tiny round-trips without error
ok 197 - The object isa YAML::Tiny
ok 198 - one_scalar: YAML::Tiny round-trips correctly
ok 199 - one_scalar2: YAML.pm saves without error
ok 200 - one_scalar2: YAML.pm serializes correctly
ok 201 - one_scalar2: YAML.pm round-trips without error
ok 202 - The object isa YAML::Tiny
ok 203 - one_scalar2: YAML.pm round-trips correctly
ok 204 - one_scalar2: YAML.pm loads without error
ok 205 - one_scalar2: YAML.pm parses correctly
ok 206 - one_scalar2: YAML::Syck saves without error
ok 207 - one_scalar2: YAML::Syck serializes correctly
ok 208 - one_scalar2: YAML::Syck round-trips without error
ok 209 - The object isa YAML::Tiny
ok 210 - one_scalar2: YAML::Syck round-trips correctly
ok 211 - one_scalar2: YAML::Syck loads without error
ok 212 - one_scalar2: YAML::Syck parses correctly
ok 213 - one_scalar2: YAML::Tiny parses without error
ok 214 - The object isa YAML::Tiny
ok 215 - one_scalar2: YAML::Tiny parses correctly
ok 216 - one_scalar2: YAML::Tiny serializes without error
ok 217 - one_scalar2: YAML::Tiny serializes correctly
ok 218 - one_scalar2: YAML::Tiny round-trips without error
ok 219 - The object isa YAML::Tiny
ok 220 - one_scalar2: YAML::Tiny round-trips correctly
ok 221 - two_scalar: YAML.pm saves without error
ok 222 - two_scalar: YAML.pm serializes correctly
ok 223 - two_scalar: YAML.pm round-trips without error
ok 224 - The object isa YAML::Tiny
ok 225 - two_scalar: YAML.pm round-trips correctly
ok 226 - two_scalar: YAML.pm loads without error
ok 227 - two_scalar: YAML.pm parses correctly
ok 228 # skip Skipping YAML::Syck for unsupported feature
ok 229 # skip Skipping YAML::Syck for unsupported feature
ok 230 # skip Skipping YAML::Syck for unsupported feature
ok 231 # skip Skipping YAML::Syck for unsupported feature
ok 232 # skip Skipping YAML::Syck for unsupported feature
ok 233 # skip Skipping YAML::Syck for unsupported feature
ok 234 # skip Skipping YAML::Syck for unsupported feature
ok 235 - two_scalar: YAML::Tiny parses without error
ok 236 - The object isa YAML::Tiny
ok 237 - two_scalar: YAML::Tiny parses correctly
ok 238 - two_scalar: YAML::Tiny serializes without error
ok 239 - two_scalar: YAML::Tiny serializes correctly
ok 240 - two_scalar: YAML::Tiny round-trips without error
ok 241 - The object isa YAML::Tiny
ok 242 - two_scalar: YAML::Tiny round-trips correctly
ok 243 - one_list1: YAML.pm saves without error
ok 244 - one_list1: YAML.pm serializes correctly
ok 245 - one_list1: YAML.pm round-trips without error
ok 246 - The object isa YAML::Tiny
ok 247 - one_list1: YAML.pm round-trips correctly
ok 248 - one_list1: YAML.pm loads without error
ok 249 - one_list1: YAML.pm parses correctly
ok 250 - one_list1: YAML::Syck saves without error
ok 251 - one_list1: YAML::Syck serializes correctly
ok 252 - one_list1: YAML::Syck round-trips without error
ok 253 - The object isa YAML::Tiny
ok 254 - one_list1: YAML::Syck round-trips correctly
ok 255 - one_list1: YAML::Syck loads without error
ok 256 - one_list1: YAML::Syck parses correctly
ok 257 - one_list1: YAML::Tiny parses without error
ok 258 - The object isa YAML::Tiny
ok 259 - one_list1: YAML::Tiny parses correctly
ok 260 - one_list1: YAML::Tiny serializes without error
ok 261 - one_list1: YAML::Tiny serializes correctly
ok 262 - one_list1: YAML::Tiny round-trips without error
ok 263 - The object isa YAML::Tiny
ok 264 - one_list1: YAML::Tiny round-trips correctly
ok 265 - one_list2: YAML.pm saves without error
ok 266 - one_list2: YAML.pm serializes correctly
ok 267 - one_list2: YAML.pm round-trips without error
ok 268 - The object isa YAML::Tiny
ok 269 - one_list2: YAML.pm round-trips correctly
ok 270 - one_list2: YAML.pm loads without error
ok 271 - one_list2: YAML.pm parses correctly
ok 272 - one_list2: YAML::Syck saves without error
ok 273 - one_list2: YAML::Syck serializes correctly
ok 274 - one_list2: YAML::Syck round-trips without error
ok 275 - The object isa YAML::Tiny
ok 276 - one_list2: YAML::Syck round-trips correctly
ok 277 - one_list2: YAML::Syck loads without error
ok 278 - one_list2: YAML::Syck parses correctly
ok 279 - one_list2: YAML::Tiny parses without error
ok 280 - The object isa YAML::Tiny
ok 281 - one_list2: YAML::Tiny parses correctly
ok 282 - one_list2: YAML::Tiny serializes without error
ok 283 - one_list2: YAML::Tiny serializes correctly
ok 284 - one_list2: YAML::Tiny round-trips without error
ok 285 - The object isa YAML::Tiny
ok 286 - one_list2: YAML::Tiny round-trips correctly
ok 287 - one_listundef: YAML.pm saves without error
ok 288 - one_listundef: YAML.pm serializes correctly
ok 289 - one_listundef: YAML.pm round-trips without error
ok 290 - The object isa YAML::Tiny
ok 291 - one_listundef: YAML.pm round-trips correctly
ok 292 - one_listundef: YAML.pm loads without error
ok 293 - one_listundef: YAML.pm parses correctly
ok 294 - one_listundef: YAML::Syck saves without error
ok 295 - one_listundef: YAML::Syck serializes correctly
ok 296 - one_listundef: YAML::Syck round-trips without error
ok 297 - The object isa YAML::Tiny
ok 298 - one_listundef: YAML::Syck round-trips correctly
ok 299 - one_listundef: YAML::Syck loads without error
ok 300 - one_listundef: YAML::Syck parses correctly
ok 301 - one_listundef: YAML::Tiny parses without error
ok 302 - The object isa YAML::Tiny
ok 303 - one_listundef: YAML::Tiny parses correctly
ok 304 - one_listundef: YAML::Tiny serializes without error
ok 305 - one_listundef: YAML::Tiny serializes correctly
ok 306 - one_listundef: YAML::Tiny round-trips without error
ok 307 - The object isa YAML::Tiny
ok 308 - one_listundef: YAML::Tiny round-trips correctly
ok 309 - one_hash1: YAML.pm saves without error
ok 310 - one_hash1: YAML.pm serializes correctly
ok 311 - one_hash1: YAML.pm round-trips without error
ok 312 - The object isa YAML::Tiny
ok 313 - one_hash1: YAML.pm round-trips correctly
ok 314 - one_hash1: YAML.pm loads without error
ok 315 - one_hash1: YAML.pm parses correctly
ok 316 - one_hash1: YAML::Syck saves without error
ok 317 - one_hash1: YAML::Syck serializes correctly
ok 318 - one_hash1: YAML::Syck round-trips without error
ok 319 - The object isa YAML::Tiny
ok 320 - one_hash1: YAML::Syck round-trips correctly
ok 321 - one_hash1: YAML::Syck loads without error
ok 322 - one_hash1: YAML::Syck parses correctly
ok 323 - one_hash1: YAML::Tiny parses without error
ok 324 - The object isa YAML::Tiny
ok 325 - one_hash1: YAML::Tiny parses correctly
ok 326 - one_hash1: YAML::Tiny serializes without error
ok 327 - one_hash1: YAML::Tiny serializes correctly
ok 328 - one_hash1: YAML::Tiny round-trips without error
ok 329 - The object isa YAML::Tiny
ok 330 - one_hash1: YAML::Tiny round-trips correctly
ok 331 - one_hash2: YAML.pm saves without error
ok 332 - one_hash2: YAML.pm serializes correctly
ok 333 - one_hash2: YAML.pm round-trips without error
ok 334 - The object isa YAML::Tiny
ok 335 - one_hash2: YAML.pm round-trips correctly
ok 336 - one_hash2: YAML.pm loads without error
ok 337 - one_hash2: YAML.pm parses correctly
ok 338 - one_hash2: YAML::Syck saves without error
ok 339 - one_hash2: YAML::Syck serializes correctly
ok 340 - one_hash2: YAML::Syck round-trips without error
ok 341 - The object isa YAML::Tiny
ok 342 - one_hash2: YAML::Syck round-trips correctly
ok 343 - one_hash2: YAML::Syck loads without error
ok 344 - one_hash2: YAML::Syck parses correctly
ok 345 - one_hash2: YAML::Tiny parses without error
ok 346 - The object isa YAML::Tiny
ok 347 - one_hash2: YAML::Tiny parses correctly
ok 348 - one_hash2: YAML::Tiny serializes without error
ok 349 - one_hash2: YAML::Tiny serializes correctly
ok 350 - one_hash2: YAML::Tiny round-trips without error
ok 351 - The object isa YAML::Tiny
ok 352 - one_hash2: YAML::Tiny round-trips correctly
ok 353 - array_in_hash: YAML.pm saves without error
ok 354 - array_in_hash: YAML.pm serializes correctly
ok 355 - array_in_hash: YAML.pm round-trips without error
ok 356 - The object isa YAML::Tiny
ok 357 - array_in_hash: YAML.pm round-trips correctly
ok 358 - array_in_hash: YAML.pm loads without error
ok 359 - array_in_hash: YAML.pm parses correctly
ok 360 - array_in_hash: YAML::Syck saves without error
ok 361 - array_in_hash: YAML::Syck serializes correctly
ok 362 - array_in_hash: YAML::Syck round-trips without error
ok 363 - The object isa YAML::Tiny
ok 364 - array_in_hash: YAML::Syck round-trips correctly
ok 365 - array_in_hash: YAML::Syck loads without error
ok 366 - array_in_hash: YAML::Syck parses correctly
ok 367 - array_in_hash: YAML::Tiny parses without error
ok 368 - The object isa YAML::Tiny
ok 369 - array_in_hash: YAML::Tiny parses correctly
ok 370 - array_in_hash: YAML::Tiny serializes without error
ok 371 - array_in_hash: YAML::Tiny serializes correctly
ok 372 - array_in_hash: YAML::Tiny round-trips without error
ok 373 - The object isa YAML::Tiny
ok 374 - array_in_hash: YAML::Tiny round-trips correctly
ok 375 - hash_in_hash: YAML.pm saves without error
ok 376 - hash_in_hash: YAML.pm serializes correctly
ok 377 - hash_in_hash: YAML.pm round-trips without error
ok 378 - The object isa YAML::Tiny
ok 379 - hash_in_hash: YAML.pm round-trips correctly
ok 380 - hash_in_hash: YAML.pm loads without error
ok 381 - hash_in_hash: YAML.pm parses correctly
ok 382 - hash_in_hash: YAML::Syck saves without error
ok 383 - hash_in_hash: YAML::Syck serializes correctly
ok 384 - hash_in_hash: YAML::Syck round-trips without error
ok 385 - The object isa YAML::Tiny
ok 386 - hash_in_hash: YAML::Syck round-trips correctly
ok 387 - hash_in_hash: YAML::Syck loads without error
ok 388 - hash_in_hash: YAML::Syck parses correctly
ok 389 - hash_in_hash: YAML::Tiny parses without error
ok 390 - The object isa YAML::Tiny
ok 391 - hash_in_hash: YAML::Tiny parses correctly
ok 392 - hash_in_hash: YAML::Tiny serializes without error
ok 393 - hash_in_hash: YAML::Tiny serializes correctly
ok 394 - hash_in_hash: YAML::Tiny round-trips without error
ok 395 - The object isa YAML::Tiny
ok 396 - hash_in_hash: YAML::Tiny round-trips correctly
ok 397 - hash_in_array: YAML.pm saves without error
ok 398 - hash_in_array: YAML.pm serializes correctly
ok 399 - hash_in_array: YAML.pm round-trips without error
ok 400 - The object isa YAML::Tiny
ok 401 - hash_in_array: YAML.pm round-trips correctly
ok 402 - hash_in_array: YAML.pm loads without error
ok 403 - hash_in_array: YAML.pm parses correctly
ok 404 - hash_in_array: YAML::Syck saves without error
ok 405 - hash_in_array: YAML::Syck serializes correctly
ok 406 - hash_in_array: YAML::Syck round-trips without error
ok 407 - The object isa YAML::Tiny
ok 408 - hash_in_array: YAML::Syck round-trips correctly
ok 409 - hash_in_array: YAML::Syck loads without error
ok 410 - hash_in_array: YAML::Syck parses correctly
ok 411 - hash_in_array: YAML::Tiny parses without error
ok 412 - The object isa YAML::Tiny
ok 413 - hash_in_array: YAML::Tiny parses correctly
ok 414 - hash_in_array: YAML::Tiny serializes without error
ok 415 - hash_in_array: YAML::Tiny serializes correctly
ok 416 - hash_in_array: YAML::Tiny round-trips without error
ok 417 - The object isa YAML::Tiny
ok 418 - hash_in_array: YAML::Tiny round-trips correctly
ok 419 - single_quote1: YAML.pm saves without error
ok 420 - single_quote1: YAML.pm serializes correctly
ok 421 - single_quote1: YAML.pm round-trips without error
ok 422 - The object isa YAML::Tiny
ok 423 - single_quote1: YAML.pm round-trips correctly
ok 424 - single_quote1: YAML.pm loads without error
ok 425 - single_quote1: YAML.pm parses correctly
ok 426 - single_quote1: YAML::Syck saves without error
ok 427 - single_quote1: YAML::Syck serializes correctly
ok 428 - single_quote1: YAML::Syck round-trips without error
ok 429 - The object isa YAML::Tiny
ok 430 - single_quote1: YAML::Syck round-trips correctly
ok 431 - single_quote1: YAML::Syck loads without error
ok 432 - single_quote1: YAML::Syck parses correctly
ok 433 - single_quote1: YAML::Tiny parses without error
ok 434 - The object isa YAML::Tiny
ok 435 - single_quote1: YAML::Tiny parses correctly
ok 436 - single_quote1: YAML::Tiny serializes without error
ok 437 - single_quote1: YAML::Tiny serializes correctly
ok 438 - single_quote1: YAML::Tiny round-trips without error
ok 439 - The object isa YAML::Tiny
ok 440 - single_quote1: YAML::Tiny round-trips correctly
ok 441 - single_spaces: YAML.pm saves without error
ok 442 - single_spaces: YAML.pm serializes correctly
ok 443 - single_spaces: YAML.pm round-trips without error
ok 444 - The object isa YAML::Tiny
ok 445 - single_spaces: YAML.pm round-trips correctly
ok 446 - single_spaces: YAML.pm loads without error
ok 447 - single_spaces: YAML.pm parses correctly
ok 448 - single_spaces: YAML::Syck saves without error
ok 449 - single_spaces: YAML::Syck serializes correctly
ok 450 - single_spaces: YAML::Syck round-trips without error
ok 451 - The object isa YAML::Tiny
ok 452 - single_spaces: YAML::Syck round-trips correctly
ok 453 - single_spaces: YAML::Syck loads without error
ok 454 - single_spaces: YAML::Syck parses correctly
ok 455 - single_spaces: YAML::Tiny parses without error
ok 456 - The object isa YAML::Tiny
ok 457 - single_spaces: YAML::Tiny parses correctly
ok 458 - single_spaces: YAML::Tiny serializes without error
ok 459 - single_spaces: YAML::Tiny serializes correctly
ok 460 - single_spaces: YAML::Tiny round-trips without error
ok 461 - The object isa YAML::Tiny
ok 462 - single_spaces: YAML::Tiny round-trips correctly
ok 463 - single_null: YAML.pm saves without error
ok 464 - single_null: YAML.pm serializes correctly
ok 465 - single_null: YAML.pm round-trips without error
ok 466 - The object isa YAML::Tiny
ok 467 - single_null: YAML.pm round-trips correctly
ok 468 - single_null: YAML.pm loads without error
ok 469 - single_null: YAML.pm parses correctly
ok 470 - single_null: YAML::Syck saves without error
ok 471 - single_null: YAML::Syck serializes correctly
ok 472 - single_null: YAML::Syck round-trips without error
ok 473 - The object isa YAML::Tiny
ok 474 - single_null: YAML::Syck round-trips correctly
ok 475 - single_null: YAML::Syck loads without error
ok 476 - single_null: YAML::Syck parses correctly
ok 477 - single_null: YAML::Tiny parses without error
ok 478 - The object isa YAML::Tiny
ok 479 - single_null: YAML::Tiny parses correctly
ok 480 - single_null: YAML::Tiny serializes without error
ok 481 - single_null: YAML::Tiny serializes correctly
ok 482 - single_null: YAML::Tiny round-trips without error
ok 483 - The object isa YAML::Tiny
ok 484 - single_null: YAML::Tiny round-trips correctly
ok 485 # skip Skipping YAML.pm compatibility testing
ok 486 # skip Skipping YAML.pm compatibility testing
ok 487 # skip Skipping YAML.pm compatibility testing
ok 488 # skip Skipping YAML.pm compatibility testing
ok 489 # skip Skipping YAML.pm compatibility testing
ok 490 # skip Skipping YAML.pm compatibility testing
ok 491 # skip Skipping YAML.pm compatibility testing
ok 492 - only_spaces: YAML::Syck saves without error
ok 493 - only_spaces: YAML::Syck serializes correctly
ok 494 - only_spaces: YAML::Syck round-trips without error
ok 495 - The object isa YAML::Tiny
ok 496 - only_spaces: YAML::Syck round-trips correctly
ok 497 - only_spaces: YAML::Syck loads without error
ok 498 - only_spaces: YAML::Syck parses correctly
ok 499 - only_spaces: YAML::Tiny parses without error
ok 500 - The object isa YAML::Tiny
ok 501 - only_spaces: YAML::Tiny parses correctly
ok 502 - only_spaces: YAML::Tiny serializes without error
ok 503 - only_spaces: YAML::Tiny serializes correctly
ok 504 - only_spaces: YAML::Tiny round-trips without error
ok 505 - The object isa YAML::Tiny
ok 506 - only_spaces: YAML::Tiny round-trips correctly
ok 507 # skip Skipping YAML.pm compatibility testing
ok 508 # skip Skipping YAML.pm compatibility testing
ok 509 # skip Skipping YAML.pm compatibility testing
ok 510 # skip Skipping YAML.pm compatibility testing
ok 511 # skip Skipping YAML.pm compatibility testing
ok 512 # skip Skipping YAML.pm compatibility testing
ok 513 # skip Skipping YAML.pm compatibility testing
ok 514 # skip Skipping YAML::Syck for unsupported feature
ok 515 # skip Skipping YAML::Syck for unsupported feature
ok 516 # skip Skipping YAML::Syck for unsupported feature
ok 517 # skip Skipping YAML::Syck for unsupported feature
ok 518 # skip Skipping YAML::Syck for unsupported feature
ok 519 # skip Skipping YAML::Syck for unsupported feature
ok 520 # skip Skipping YAML::Syck for unsupported feature
ok 521 - leading_trailing_spaces: YAML::Tiny parses without error
ok 522 - The object isa YAML::Tiny
ok 523 - leading_trailing_spaces: YAML::Tiny parses correctly
ok 524 - leading_trailing_spaces: YAML::Tiny serializes without error
ok 525 - leading_trailing_spaces: YAML::Tiny serializes correctly
ok 526 - leading_trailing_spaces: YAML::Tiny round-trips without error
ok 527 - The object isa YAML::Tiny
ok 528 - leading_trailing_spaces: YAML::Tiny round-trips correctly
ok 529 - implicit_hash: YAML.pm saves without error
ok 530 - implicit_hash: YAML.pm serializes correctly
ok 531 - implicit_hash: YAML.pm round-trips without error
ok 532 - The object isa YAML::Tiny
ok 533 - implicit_hash: YAML.pm round-trips correctly
ok 534 - implicit_hash: YAML.pm loads without error
ok 535 - implicit_hash: YAML.pm parses correctly
ok 536 - implicit_hash: YAML::Syck saves without error
ok 537 - implicit_hash: YAML::Syck serializes correctly
ok 538 - implicit_hash: YAML::Syck round-trips without error
ok 539 - The object isa YAML::Tiny
ok 540 - implicit_hash: YAML::Syck round-trips correctly
ok 541 - implicit_hash: YAML::Syck loads without error
ok 542 - implicit_hash: YAML::Syck parses correctly
ok 543 - implicit_hash: YAML::Tiny parses without error
ok 544 - The object isa YAML::Tiny
ok 545 - implicit_hash: YAML::Tiny parses correctly
ok 546 - implicit_hash: YAML::Tiny serializes without error
ok 547 - implicit_hash: YAML::Tiny serializes correctly
ok 548 - implicit_hash: YAML::Tiny round-trips without error
ok 549 - The object isa YAML::Tiny
ok 550 - implicit_hash: YAML::Tiny round-trips correctly
ok 551 - implicit_array: YAML.pm saves without error
ok 552 - implicit_array: YAML.pm serializes correctly
ok 553 - implicit_array: YAML.pm round-trips without error
ok 554 - The object isa YAML::Tiny
ok 555 - implicit_array: YAML.pm round-trips correctly
ok 556 - implicit_array: YAML.pm loads without error
ok 557 - implicit_array: YAML.pm parses correctly
ok 558 - implicit_array: YAML::Syck saves without error
ok 559 - implicit_array: YAML::Syck serializes correctly
ok 560 - implicit_array: YAML::Syck round-trips without error
ok 561 - The object isa YAML::Tiny
ok 562 - implicit_array: YAML::Syck round-trips correctly
ok 563 - implicit_array: YAML::Syck loads without error
ok 564 - implicit_array: YAML::Syck parses correctly
ok 565 - implicit_array: YAML::Tiny parses without error
ok 566 - The object isa YAML::Tiny
ok 567 - implicit_array: YAML::Tiny parses correctly
ok 568 - implicit_array: YAML::Tiny serializes without error
ok 569 - implicit_array: YAML::Tiny serializes correctly
ok 570 - implicit_array: YAML::Tiny round-trips without error
ok 571 - The object isa YAML::Tiny
ok 572 - implicit_array: YAML::Tiny round-trips correctly
ok 573 - inline_nested_hash: YAML.pm saves without error
ok 574 - inline_nested_hash: YAML.pm serializes correctly
ok 575 - inline_nested_hash: YAML.pm round-trips without error
ok 576 - The object isa YAML::Tiny
ok 577 - inline_nested_hash: YAML.pm round-trips correctly
ok 578 - inline_nested_hash: YAML.pm loads without error
ok 579 - inline_nested_hash: YAML.pm parses correctly
ok 580 - inline_nested_hash: YAML::Syck saves without error
ok 581 - inline_nested_hash: YAML::Syck serializes correctly
ok 582 - inline_nested_hash: YAML::Syck round-trips without error
ok 583 - The object isa YAML::Tiny
ok 584 - inline_nested_hash: YAML::Syck round-trips correctly
ok 585 - inline_nested_hash: YAML::Syck loads without error
ok 586 - inline_nested_hash: YAML::Syck parses correctly
ok 587 - inline_nested_hash: YAML::Tiny parses without error
ok 588 - The object isa YAML::Tiny
ok 589 - inline_nested_hash: YAML::Tiny parses correctly
ok 590 - inline_nested_hash: YAML::Tiny serializes without error
ok 591 - inline_nested_hash: YAML::Tiny serializes correctly
ok 592 - inline_nested_hash: YAML::Tiny round-trips without error
ok 593 - The object isa YAML::Tiny
ok 594 - inline_nested_hash: YAML::Tiny round-trips correctly
# Looks like you failed 3 tests of 594.
dubious
	Test returned status 3 (wstat 768, 0x300)
DIED. FAILED tests 73, 95, 161
	Failed 3/594 tests, 99.49% okay (less 63 skipped tests: 528 okay, 88.89%)
t/03_regression....1..22
ok 1 - module_hash_key: YAML.pm saves without error
ok 2 - module_hash_key: YAML.pm serializes correctly
ok 3 - module_hash_key: YAML.pm round-trips without error
ok 4 - The object isa YAML::Tiny
ok 5 - module_hash_key: YAML.pm round-trips correctly
ok 6 - module_hash_key: YAML.pm loads without error
ok 7 - module_hash_key: YAML.pm parses correctly
ok 8 - module_hash_key: YAML::Syck saves without error
ok 9 - module_hash_key: YAML::Syck serializes correctly
ok 10 - module_hash_key: YAML::Syck round-trips without error
ok 11 - The object isa YAML::Tiny
ok 12 - module_hash_key: YAML::Syck round-trips correctly
ok 13 - module_hash_key: YAML::Syck loads without error
ok 14 - module_hash_key: YAML::Syck parses correctly
ok 15 - module_hash_key: YAML::Tiny parses without error
ok 16 - The object isa YAML::Tiny
ok 17 - module_hash_key: YAML::Tiny parses correctly
ok 18 - module_hash_key: YAML::Tiny serializes without error
ok 19 - module_hash_key: YAML::Tiny serializes correctly
ok 20 - module_hash_key: YAML::Tiny round-trips without error
ok 21 - The object isa YAML::Tiny
ok 22 - module_hash_key: YAML::Tiny round-trips correctly
ok
t/11_meta_yml......1..22
ok 1 - YAML::Tiny: YAML.pm saves without error
ok 2 - YAML::Tiny: YAML.pm serializes correctly
ok 3 - YAML::Tiny: YAML.pm round-trips without error
ok 4 - The object isa YAML::Tiny

#   Failed test 'YAML::Tiny: YAML.pm round-trips correctly'
#   in t\lib/MyTests.pm at line 61.
#     Structures begin differing at:
#          $got->[0]{build_requires}{File::Spec} = '0.8'
#     $expected->[0]{build_requires}{File::Spec} = '0.80'
not ok 5 - YAML::Tiny: YAML.pm round-trips correctly
ok 6 - YAML::Tiny: YAML.pm loads without error

#   Failed test 'YAML::Tiny: YAML.pm parses correctly'
#   in t\lib/MyTests.pm at line 69.
#     Structures begin differing at:
#          $got->[0]{build_requires}{File::Spec} = '0.8'
#     $expected->[0]{build_requires}{File::Spec} = '0.80'
not ok 7 - YAML::Tiny: YAML.pm parses correctly
ok 8 - YAML::Tiny: YAML::Syck saves without error
ok 9 - YAML::Tiny: YAML::Syck serializes correctly
ok 10 - YAML::Tiny: YAML::Syck round-trips without error
ok 11 - The object isa YAML::Tiny
ok 12 - YAML::Tiny: YAML::Syck round-trips correctly
ok 13 - YAML::Tiny: YAML::Syck loads without error
ok 14 - YAML::Tiny: YAML::Syck parses correctly
ok 15 - YAML::Tiny: YAML::Tiny parses without error
ok 16 - The object isa YAML::Tiny
ok 17 - YAML::Tiny: YAML::Tiny parses correctly
ok 18 - YAML::Tiny: YAML::Tiny serializes without error
ok 19 - YAML::Tiny: YAML::Tiny serializes correctly
ok 20 - YAML::Tiny: YAML::Tiny round-trips without error
ok 21 - The object isa YAML::Tiny
# Looks like you failed 2 tests of 22.
ok 22 - YAML::Tiny: YAML::Tiny round-trips correctly
dubious
	Test returned status 2 (wstat 512, 0x200)
DIED. FAILED tests 5, 7
	Failed 2/22 tests, 90.91% okay
t/12_plagger.......1..44
ok 1 - Plagger: YAML.pm saves without error
ok 2 - Plagger: YAML.pm serializes correctly
ok 3 - Plagger: YAML.pm round-trips without error
ok 4 - The object isa YAML::Tiny
ok 5 - Plagger: YAML.pm round-trips correctly
ok 6 - Plagger: YAML.pm loads without error
ok 7 - Plagger: YAML.pm parses correctly
ok 8 - Plagger: YAML::Syck saves without error
ok 9 - Plagger: YAML::Syck serializes correctly
ok 10 - Plagger: YAML::Syck round-trips without error
ok 11 - The object isa YAML::Tiny
ok 12 - Plagger: YAML::Syck round-trips correctly
ok 13 - Plagger: YAML::Syck loads without error
ok 14 - Plagger: YAML::Syck parses correctly
ok 15 - Plagger: YAML::Tiny parses without error
ok 16 - The object isa YAML::Tiny
ok 17 - Plagger: YAML::Tiny parses correctly
ok 18 - Plagger: YAML::Tiny serializes without error
ok 19 - Plagger: YAML::Tiny serializes correctly
ok 20 - Plagger: YAML::Tiny round-trips without error
ok 21 - The object isa YAML::Tiny
ok 22 - Plagger: YAML::Tiny round-trips correctly
ok 23 - plagger2: YAML.pm saves without error
ok 24 - plagger2: YAML.pm serializes correctly
ok 25 - plagger2: YAML.pm round-trips without error
ok 26 - The object isa YAML::Tiny
ok 27 - plagger2: YAML.pm round-trips correctly

#   Failed test 'plagger2: YAML.pm loads without error'
#   in t\lib/MyTests.pm at line 66.
#          got: '--- !perl/YAML::Error
# code: YAML_PARSE_ERR_BAD_IMPLICIT
# msg: Unrecognized implicit value '/tmp/rssbot.time'
# line: 14
# document: 1
# ...
#  at t\lib/MyTests.pm line 65
# '
#     expected: ''
not ok 28 - plagger2: YAML.pm loads without error
ok 29 # skip Shortcutting after failure
ok 30 # skip Skipping YAML::Syck compatibility testing
ok 31 # skip Skipping YAML::Syck compatibility testing
ok 32 # skip Skipping YAML::Syck compatibility testing
ok 33 # skip Skipping YAML::Syck compatibility testing
ok 34 # skip Skipping YAML::Syck compatibility testing
ok 35 # skip Skipping YAML::Syck compatibility testing
ok 36 # skip Skipping YAML::Syck compatibility testing
ok 37 - plagger2: YAML::Tiny parses without error
ok 38 - The object isa YAML::Tiny
ok 39 - plagger2: YAML::Tiny parses correctly
ok 40 - plagger2: YAML::Tiny serializes without error
ok 41 - plagger2: YAML::Tiny serializes correctly
ok 42 - plagger2: YAML::Tiny round-trips without error
ok 43 - The object isa YAML::Tiny
ok 44 - plagger2: YAML::Tiny round-trips correctly
# Looks like you failed 1 test of 44.
dubious
	Test returned status 1 (wstat 256, 0x100)
DIED. FAILED test 28
	Failed 1/44 tests, 97.73% okay (less 8 skipped tests: 35 okay, 79.55%)
t/13_perl_smith....1..26
ok 1 - Found yanilla.yml
ok 2 - Can read yanilla.yml
ok 3 - Loaded yanilla.yml
ok 4 - Content of yanilla.yml larger than 1000 bytes
ok 5 - vanilla.yml: YAML.pm saves without error
ok 6 - vanilla.yml: YAML.pm serializes correctly
ok 7 - vanilla.yml: YAML.pm round-trips without error
ok 8 - The object isa YAML::Tiny
ok 9 - vanilla.yml: YAML.pm round-trips correctly
ok 10 - vanilla.yml: YAML.pm loads without error

#   Failed test 'vanilla.yml: YAML.pm parses correctly'
#   in t\lib/MyTests.pm at line 69.
#     Structures begin differing at:
#          $got->[0]{binary}[2]{license} = ''
#     $expected->[0]{binary}[2]{license} = undef
not ok 11 - vanilla.yml: YAML.pm parses correctly
ok 12 # skip Skipping YAML::Syck compatibility testing
ok 13 # skip Skipping YAML::Syck compatibility testing
ok 14 # skip Skipping YAML::Syck compatibility testing
ok 15 # skip Skipping YAML::Syck compatibility testing
ok 16 # skip Skipping YAML::Syck compatibility testing
ok 17 # skip Skipping YAML::Syck compatibility testing
ok 18 # skip Skipping YAML::Syck compatibility testing
ok 19 - vanilla.yml: YAML::Tiny parses without error
ok 20 - The object isa YAML::Tiny
ok 21 - vanilla.yml: YAML::Tiny parses correctly
ok 22 - vanilla.yml: YAML::Tiny serializes without error
ok 23 - vanilla.yml: YAML::Tiny serializes correctly
ok 24 - vanilla.yml: YAML::Tiny round-trips without error
ok 25 - The object isa YAML::Tiny
ok 26 - vanilla.yml: YAML::Tiny round-trips correctly
# Looks like you failed 1 test of 26.
dubious
	Test returned status 1 (wstat 256, 0x100)
DIED. FAILED test 11
	Failed 1/26 tests, 96.15% okay (less 7 skipped tests: 18 okay, 69.23%)
t/99_pod...........1..1
ok 1 - blib/lib/YAML/Tiny.pm
ok
Failed Test       Stat Wstat Total Fail  List of Failed
-------------------------------------------------------------------------------
t/02_basic.t         3   768   594    3  73 95 161
t/11_meta_yml.t      2   512    22    2  5 7
t/12_plagger.t       1   256    44    1  28
t/13_perl_smith.t    1   256    26    1  11
78 subtests skipped.
Failed 4/7 test scripts. 7/712 subtests failed.
Files=7, Tests=712,  8 wallclock secs ( 0.00 cusr +  0.00 csys =  0.00 CPU)
Failed 4/7 test programs. 7/712 subtests failed.
