PERL_DL_NONLAZY=1 /usr/bin/perl5.10 "-MExtUtils::Command::MM" "-e" "test_harness(0, 'inc', 'blib/lib', 'blib/arch')" t/*.t t/recipes/basics/*.t
Not inlining 'new' for MooseX::Meta::TypeCoercion::Structured since it is not inheriting the default Moose::Object::new
If you are certain you don't need to inline your constructor, specify inline_constructor => 0 in your call to MooseX::Meta::TypeCoercion::Structured->meta->make_immutable
Not inlining 'new' for MooseX::Meta::TypeCoercion::Structured since it is not inheriting the default Moose::Object::new
If you are certain you don't need to inline your constructor, specify inline_constructor => 0 in your call to MooseX::Meta::TypeCoercion::Structured->meta->make_immutable
Not inlining 'new' for MooseX::Meta::TypeCoercion::Structured since it is not inheriting the default Moose::Object::new
If you are certain you don't need to inline your constructor, specify inline_constructor => 0 in your call to MooseX::Meta::TypeCoercion::Structured->meta->make_immutable
Not inlining 'new' for MooseX::Meta::TypeCoercion::Structured since it is not inheriting the default Moose::Object::new
If you are certain you don't need to inline your constructor, specify inline_constructor => 0 in your call to MooseX::Meta::TypeCoercion::Structured->meta->make_immutable
Could not load class (Bar) because : Can't locate Bar.pm in @INC (@INC contains: /Users/leto/.cpan/build/MooseX-Declare-0.22-5bIQ4c/inc /Users/leto/.cpan/build/MooseX-Declare-0.22-5bIQ4c/blib/lib /Users/leto/.cpan/build/MooseX-Declare-0.22-5bIQ4c/blib/arch /opt/local/lib/perl5/site_perl/5.10.0/darwin-2level /opt/local/lib/perl5/site_perl/5.10.0/darwin-2level /opt/local/lib/perl5/site_perl/5.10.0 /opt/local/lib/perl5/site_perl/5.8.8/darwin-2level /opt/local/lib/perl5/site_perl/5.8.8/darwin-2level /opt/local/lib/perl5/site_perl/5.8.8 /Library/Perl/5.8.8 /Users/leto/.cpan/build/MooseX-Declare-0.22-5bIQ4c/inc /Users/leto/.cpan/build/MooseX-Declare-0.22-5bIQ4c/blib/lib /Users/leto/.cpan/build/MooseX-Declare-0.22-5bIQ4c/blib/arch /opt/local/lib/perl5/site_perl/5.10.0/darwin-2level /opt/local/lib/perl5/site_perl/5.10.0/darwin-2level /opt/local/lib/perl5/site_perl/5.10.0 /opt/local/lib/perl5/site_perl/5.8.8/darwin-2level /opt/local/lib/perl5/site_perl/5.8.8/darwin-2level /opt/local/lib/perl5/site_perl/5.8.8 /Library/Perl/5.8.8 /Users/leto/.cpan/build/MooseX-Declare-0.22-5bIQ4c/inc /Users/leto/.cpan/build/MooseX-Declare-0.22-5bIQ4c/blib/lib /Users/leto/.cpan/build/MooseX-Declare-0.22-5bIQ4c/blib/arch /opt/local/lib/perl5/site_perl/5.10.0/darwin-2level /opt/local/lib/perl5/site_perl/5.10.0/darwin-2level /opt/local/lib/perl5/site_perl/5.10.0 /opt/local/lib/perl5/site_perl/5.8.8/darwin-2level /opt/local/lib/perl5/site_perl/5.8.8/darwin-2level /opt/local/lib/perl5/site_perl/5.8.8 /Library/Perl/5.8.8 /Users/leto/.cpan/build/MooseX-Declare-0.22-5bIQ4c/inc /Users/leto/.cpan/build/MooseX-Declare-0.22-5bIQ4c/blib/lib /Users/leto/.cpan/build/MooseX-Declare-0.22-5bIQ4c/blib/arch /opt/local/lib/perl5/site_perl/5.10.0/darwin-2level /opt/local/lib/perl5/site_perl/5.10.0/darwin-2level /opt/local/lib/perl5/site_perl/5.10.0 /opt/local/lib/perl5/site_perl/5.8.8/darwin-2level /opt/local/lib/perl5/site_perl/5.8.8/darwin-2level /opt/local/lib/perl5/site_perl/5.8.8 /Library/Perl/5.8.8 /Users/leto/.cpan/build/MooseX-Declare-0.22-5bIQ4c/inc /Users/leto/.cpan/build/MooseX-Declare-0.22-5bIQ4c/blib/lib /Users/leto/.cpan/build/MooseX-Declare-0.22-5bIQ4c/blib/arch /opt/local/lib/perl5/site_perl/5.10.0/darwin-2level /opt/local/lib/perl5/site_perl/5.10.0/darwin-2level /opt/local/lib/perl5/site_perl/5.10.0 /opt/local/lib/perl5/site_perl/5.8.8/darwin-2level /opt/local/lib/perl5/site_perl/5.8.8/darwin-2level /opt/local/lib/perl5/site_perl/5.8.8 /Library/Perl/5.8.8 /Users/leto/.cpan/build/MooseX-Declare-0.22-5bIQ4c/inc /Users/leto/.cpan/build/MooseX-Declare-0.22-5bIQ4c/blib/lib /Users/leto/.cpan/build/MooseX-Declare-0.22-5bIQ4c/blib/arch /opt/local/lib/perl5/site_perl/5.10.0/darwin-2level /opt/local/lib/perl5/site_perl/5.10.0/darwin-2level /opt/local/lib/perl5/site_perl/5.10.0 /opt/local/lib/perl5/site_perl/5.8.8/darwin-2level /opt/local/lib/perl5/site_perl/5.8.8/darwin-2level /opt/local/lib/perl5/site_perl/5.8.8 /Library/Perl/5.8.8 /Users/leto/.cpan/build/MooseX-Declare-0.22-5bIQ4c/inc /Users/leto/.cpan/build/MooseX-Declare-0.22-5bIQ4c/blib/lib /Users/leto/.cpan/build/MooseX-Declare-0.22-5bIQ4c/blib/arch /opt/local/lib/perl5/site_perl/5.10.0/darwin-2level /opt/local/lib/perl5/site_perl/5.10.0/darwin-2level /opt/local/lib/perl5/site_perl/5.10.0 /opt/local/lib/perl5/site_perl/5.8.8/darwin-2level /opt/local/lib/perl5/site_perl/5.8.8/darwin-2level /opt/local/lib/perl5/site_perl/5.8.8 /Library/Perl/5.8.8 /Users/leto/.cpan/build/MooseX-Declare-0.22-5bIQ4c/inc /Users/leto/.cpan/build/MooseX-Declare-0.22-5bIQ4c/blib/lib /Users/leto/.cpan/build/MooseX-Declare-0.22-5bIQ4c/blib/arch /opt/local/lib/perl5/site_perl/5.10.0/darwin-2level /opt/local/lib/perl5/site_perl/5.10.0/darwin-2level /opt/local/lib/perl5/site_perl/5.10.0 /opt/local/lib/perl5/site_perl/5.8.8/darwin-2level /opt/local/lib/perl5/site_perl/5.8.8/darwin-2level /opt/local/lib/perl5/site_perl/5.8.8 /Library/Perl/5.8.8 /opt/local/lib/perl5/site_perl/5.10.0/darwin-2level /opt/local/lib/perl5/site_perl/5.10.0 /opt/local/lib/perl5/site_perl/5.8.8/darwin-2level /opt/local/lib/perl5/site_perl/5.8.8 /Library/Perl/5.8.8 /opt/local/lib/perl5/5.10.0/darwin-2level /opt/local/lib/perl5/5.10.0 /opt/local/lib/perl5/site_perl/5.10.0/darwin-2level /opt/local/lib/perl5/site_perl/5.10.0 /opt/local/lib/perl5/vendor_perl/5.10.0/darwin-2level /opt/local/lib/perl5/vendor_perl/5.10.0 /opt/local/lib/perl5/vendor_perl .) at /opt/local/lib/perl5/site_perl/5.10.0/darwin-2level/Class/MOP.pm line 135.
 at /opt/local/lib/perl5/site_perl/5.10.0/darwin-2level/Class/MOP.pm line 120
	Class::MOP::load_first_existing_class('Bar') called at /opt/local/lib/perl5/site_perl/5.10.0/darwin-2level/Class/MOP.pm line 141
	Class::MOP::load_class('Bar') called at /opt/local/lib/perl5/site_perl/5.10.0/Moose/Util.pm line 97
	Moose::Util::_apply_all_roles('Moose::Meta::Class=HASH(0xb7a900)', 'CODE(0x91c350)', 'Bar') called at /opt/local/lib/perl5/site_perl/5.10.0/Moose/Util.pm line 82
	Moose::Util::apply_all_roles('Moose::Meta::Class=HASH(0xb7a900)', 'Bar') called at /Users/leto/.cpan/build/MooseX-Declare-0.22-5bIQ4c/blib/lib/MooseX/Declare/Syntax/MooseSetup.pm line 70
	MooseX::Declare::Syntax::MooseSetup::__ANON__('CODE(0xb7a5e0)') called at /Users/leto/.cpan/build/MooseX-Declare-0.22-5bIQ4c/blib/lib/MooseX/Declare/Syntax/MooseSetup.pm line 74
	MooseX::Declare::Syntax::MooseSetup::__ANON__('CODE(0xb7a5e0)') called at t/modifiers.t line 25
# Looks like your test exited with 2 before it could output anything.
t/modifiers.t ......................... 
Dubious, test returned 2 (wstat 512, 0x200)
Failed 1/1 subtests 
Not inlining 'new' for MooseX::Meta::TypeCoercion::Structured since it is not inheriting the default Moose::Object::new
If you are certain you don't need to inline your constructor, specify inline_constructor => 0 in your call to MooseX::Meta::TypeCoercion::Structured->meta->make_immutable
t/import.t ............................ ok
Could not load class (Rollo) because : Can't locate Rollo.pm in @INC (@INC contains: /Users/leto/.cpan/build/MooseX-Declare-0.22-5bIQ4c/inc /Users/leto/.cpan/build/MooseX-Declare-0.22-5bIQ4c/blib/lib /Users/leto/.cpan/build/MooseX-Declare-0.22-5bIQ4c/blib/arch /opt/local/lib/perl5/site_perl/5.10.0/darwin-2level /opt/local/lib/perl5/site_perl/5.10.0/darwin-2level /opt/local/lib/perl5/site_perl/5.10.0 /opt/local/lib/perl5/site_perl/5.8.8/darwin-2level /opt/local/lib/perl5/site_perl/5.8.8/darwin-2level /opt/local/lib/perl5/site_perl/5.8.8 /Library/Perl/5.8.8 /opt/local/lib/perl5/site_perl/5.10.0/darwin-2level /opt/local/lib/perl5/site_perl/5.10.0 /opt/local/lib/perl5/site_perl/5.8.8/darwin-2level /opt/local/lib/perl5/site_perl/5.8.8 /Library/Perl/5.8.8 /opt/local/lib/perl5/5.10.0/darwin-2level /opt/local/lib/perl5/5.10.0 /opt/local/lib/perl5/site_perl/5.10.0/darwin-2level /opt/local/lib/perl5/site_perl/5.10.0 /opt/local/lib/perl5/vendor_perl/5.10.0/darwin-2level /opt/local/lib/perl5/vendor_perl/5.10.0 /opt/local/lib/perl5/vendor_perl .) at /opt/local/lib/perl5/site_perl/5.10.0/darwin-2level/Class/MOP.pm line 135.
 at /opt/local/lib/perl5/site_perl/5.10.0/darwin-2level/Class/MOP.pm line 120
	Class::MOP::load_first_existing_class('Rollo') called at /opt/local/lib/perl5/site_perl/5.10.0/darwin-2level/Class/MOP.pm line 141
	Class::MOP::load_class('Rollo') called at /opt/local/lib/perl5/site_perl/5.10.0/Moose/Util.pm line 97
	Moose::Util::_apply_all_roles('Moose::Meta::Class=HASH(0xb58c50)', 'CODE(0x8c5870)', 'Rollo') called at /opt/local/lib/perl5/site_perl/5.10.0/Moose/Util.pm line 82
	Moose::Util::apply_all_roles('Moose::Meta::Class=HASH(0xb58c50)', 'Rollo') called at /Users/leto/.cpan/build/MooseX-Declare-0.22-5bIQ4c/blib/lib/MooseX/Declare/Syntax/MooseSetup.pm line 70
	MooseX::Declare::Syntax::MooseSetup::__ANON__('CODE(0xb59040)') called at /Users/leto/.cpan/build/MooseX-Declare-0.22-5bIQ4c/blib/lib/MooseX/Declare/Syntax/MooseSetup.pm line 74
	MooseX::Declare::Syntax::MooseSetup::__ANON__('CODE(0xb59040)') called at t/anon.t line 26
# Looks like you planned 10 tests but ran 5.
# Looks like your test exited with 2 just after 5.
t/anon.t .............................. 
Dubious, test returned 2 (wstat 512, 0x200)
Failed 5/10 subtests 
Not inlining 'new' for MooseX::Meta::TypeCoercion::Structured since it is not inheriting the default Moose::Object::new
If you are certain you don't need to inline your constructor, specify inline_constructor => 0 in your call to MooseX::Meta::TypeCoercion::Structured->meta->make_immutable
t/clean.t ............................. ok

#   Failed test 'no warnings'
#   at /opt/local/lib/perl5/site_perl/5.10.0/Test/NoWarnings.pm line 45.
# There were 1 warning(s)
# 	Previous test 0 ''
# 	Not inlining 'new' for MooseX::Meta::TypeCoercion::Structured since it is not inheriting the default Moose::Object::new
# If you are certain you don't need to inline your constructor, specify inline_constructor => 0 in your call to MooseX::Meta::TypeCoercion::Structured->meta->make_immutable
#  at /opt/local/lib/perl5/site_perl/5.10.0/darwin-2level/Class/MOP/Method/Inlined.pm line 105
# 	Class::MOP::Method::Inlined::can_be_inlined('Moose::Meta::Method::Constructor=HASH(0xaae3b0)') called at /opt/local/lib/perl5/site_perl/5.10.0/darwin-2level/Class/MOP/Class.pm line 1194
# 	Class::MOP::Class::_inline_constructor('Moose::Meta::Class=HASH(0xaa5950)', 'inline_accessors', 0, 'immutable_trait', 'Moose::Meta::Class::Immutable::Trait', 'constructor_name', 'new', 'debug', 0, ...) called at /opt/local/lib/perl5/site_perl/5.10.0/darwin-2level/Class/MOP/Class.pm line 1143
# 	Class::MOP::Class::_install_inlined_code('Moose::Meta::Class=HASH(0xaa5950)', 'inline_accessors', 0, 'immutable_trait', 'Moose::Meta::Class::Immutable::Trait', 'constructor_name', 'new', 'debug', 0, ...) called at /opt/local/lib/perl5/site_perl/5.10.0/darwin-2level/Class/MOP/Class.pm line 1135
# 	Class::MOP::Class::_initialize_immutable('Moose::Meta::Class=HASH(0xaa5950)', 'inline_accessors', 1, 'inline_constructor', 1, 'inline_destructor', 0, 'debug', 0, ...) called at /opt/local/lib/perl5/site_perl/5.10.0/darwin-2level/Class/MOP/Class.pm line 1036
# 	Class::MOP::Class::make_immutable('Moose::Meta::Class=HASH(0xaa5950)') called at /opt/local/lib/perl5/site_perl/5.10.0/MooseX/Meta/TypeCoercion/Structured.pm line 38
# 	require MooseX/Meta/TypeCoercion/Structured.pm called at /opt/local/lib/perl5/site_perl/5.10.0/MooseX/Meta/TypeConstraint/Structured.pm line 7
# 	MooseX::Meta::TypeConstraint::Structured::BEGIN() called at /opt/local/lib/perl5/site_perl/5.10.0/MooseX/Meta/TypeCoercion/Structured.pm line 0
# 	eval {...} called at /opt/local/lib/perl5/site_perl/5.10.0/MooseX/Meta/TypeCoercion/Structured.pm line 0
# 	require MooseX/Meta/TypeConstraint/Structured.pm called at /opt/local/lib/perl5/site_perl/5.10.0/MooseX/Types/Structured.pm line 6
# 	MooseX::Types::Structured::BEGIN() called at /opt/local/lib/perl5/site_perl/5.10.0/MooseX/Meta/TypeCoercion/Structured.pm line 0
# 	eval {...} called at /opt/local/lib/perl5/site_perl/5.10.0/MooseX/Meta/TypeCoercion/Structured.pm line 0
# 	require MooseX/Types/Structured.pm called at /opt/local/lib/perl5/site_perl/5.10.0/MooseX/Method/Signatures/Meta/Method.pm line 12
# 	MooseX::Method::Signatures::Meta::Method::BEGIN() called at /opt/local/lib/perl5/site_perl/5.10.0/MooseX/Meta/TypeCoercion/Structured.pm line 0
# 	eval {...} called at /opt/local/lib/perl5/site_perl/5.10.0/MooseX/Meta/TypeCoercion/Structured.pm line 0
# 	require MooseX/Method/Signatures/Meta/Method.pm called at /Users/leto/.cpan/build/MooseX-Declare-0.22-5bIQ4c/blib/lib/MooseX/Declare/Syntax/MethodDeclaration.pm line 4
# 	MooseX::Declare::Syntax::MethodDeclaration::BEGIN() called at /opt/local/lib/perl5/site_perl/5.10.0/MooseX/Meta/TypeCoercion/Structured.pm line 0
# 	eval {...} called at /opt/local/lib/perl5/site_perl/5.10.0/MooseX/Meta/TypeCoercion/Structured.pm line 0
# 	require MooseX/Declare/Syntax/MethodDeclaration.pm called at /opt/local/lib/perl5/site_perl/5.10.0/darwin-2level/Class/MOP.pm line 135
# 	eval {...} called at /opt/local/lib/perl5/site_perl/5.10.0/darwin-2level/Class/MOP.pm line 135
# 	Class::MOP::_try_load_one_class('MooseX::Declare::Syntax::MethodDeclaration') called at /opt/local/lib/perl5/site_perl/5.10.0/darwin-2level/Class/MOP.pm line 97
# 	Class::MOP::load_first_existing_class('MooseX::Declare::Syntax::MethodDeclaration') called at /opt/local/lib/perl5/site_perl/5.10.0/darwin-2level/Class/MOP.pm line 141
# 	Class::MOP::load_class('MooseX::Declare::Syntax::MethodDeclaration') called at /opt/local/lib/perl5/site_perl/5.10.0/Moose/Util.pm line 97
# 	Moose::Util::_apply_all_roles('Moose::Meta::Class=HASH(0x9cf540)', 'CODE(0x92df80)', 'MooseX::Declare::Syntax::MethodDeclaration') called at /opt/local/lib/perl5/site_perl/5.10.0/Moose/Util.pm line 82
# 	Moose::Util::apply_all_roles('Moose::Meta::Class=HASH(0x9cf540)', 'MooseX::Declare::Syntax::MethodDeclaration') called at /opt/local/lib/perl5/site_perl/5.10.0/Moose.pm line 62
# 	Moose::with('MooseX::Declare::Syntax::Keyword::MethodModifier', 'MooseX::Declare::Syntax::MethodDeclaration') called at /opt/local/lib/perl5/site_perl/5.10.0/Moose/Exporter.pm line 206
# 	Moose::with('MooseX::Declare::Syntax::MethodDeclaration') called at /Users/leto/.cpan/build/MooseX-Declare-0.22-5bIQ4c/blib/lib/MooseX/Declare/Syntax/Keyword/MethodModifier.pm line 9
# 	require MooseX/Declare/Syntax/Keyword/MethodModifier.pm called at (eval 214) line 1
# 	MooseX::Declare::Syntax::MooseSetup::BEGIN() called at /opt/local/lib/perl5/site_perl/5.10.0/MooseX/Meta/TypeCoercion/Structured.pm line 0
# 	eval {...} called at /opt/local/lib/perl5/site_perl/5.10.0/MooseX/Meta/TypeCoercion/Structured.pm line 0
# 	eval 'package MooseX::Declare::Syntax::MooseSetup; use MooseX::Declare::Syntax::Keyword::MethodModifier;' called at /opt/local/lib/perl5/site_perl/5.10.0/aliased.pm line 53
# 	aliased::_load_alias('MooseX::Declare::Syntax::Keyword::MethodModifier', 'MooseX::Declare::Syntax::MooseSetup') called at /opt/local/lib/perl5/site_perl/5.10.0/aliased.pm line 20
# 	aliased::import('aliased', 'MooseX::Declare::Syntax::Keyword::MethodModifier') called at /Users/leto/.cpan/build/MooseX-Declare-0.22-5bIQ4c/blib/lib/MooseX/Declare/Syntax/MooseSetup.pm line 8
# 	MooseX::Declare::Syntax::MooseSetup::BEGIN() called at /opt/local/lib/perl5/site_perl/5.10.0/MooseX/Meta/TypeCoercion/Structured.pm line 0
# 	eval {...} called at /opt/local/lib/perl5/site_perl/5.10.0/MooseX/Meta/TypeCoercion/Structured.pm line 0
# 	require MooseX/Declare/Syntax/MooseSetup.pm called at /opt/local/lib/perl5/site_perl/5.10.0/darwin-2level/Class/MOP.pm line 135
# 	eval {...} called at /opt/local/lib/perl5/site_perl/5.10.0/darwin-2level/Class/MOP.pm line 135
# 	Class::MOP::_try_load_one_class('MooseX::Declare::Syntax::MooseSetup') called at /opt/local/lib/perl5/site_perl/5.10.0/darwin-2level/Class/MOP.pm line 97
# 	Class::MOP::load_first_existing_class('MooseX::Declare::Syntax::MooseSetup') called at /opt/local/lib/perl5/site_perl/5.10.0/darwin-2level/Class/MOP.pm line 141
# 	Class::MOP::load_class('MooseX::Declare::Syntax::MooseSetup') called at /opt/local/lib/perl5/site_perl/5.10.0/Moose/Util.pm line 97
# 	Moose::Util::_apply_all_roles('Moose::Meta::Class=HASH(0x988b70)', 'CODE(0x92df80)', 'MooseX::Declare::Syntax::MooseSetup', 'MooseX::Declare::Syntax::RoleApplication', 'MooseX::Declare::Syntax::Extending') called at /opt/local/lib/perl5/site_perl/5.10.0/Moose/Util.pm line 82
# 	Moose::Util::apply_all_roles('Moose::Meta::Class=HASH(0x988b70)', 'MooseX::Declare::Syntax::MooseSetup', 'MooseX::Declare::Syntax::RoleApplication', 'MooseX::Declare::Syntax::Extending') called at /opt/local/lib/perl5/site_perl/5.10.0/Moose.pm line 62
# 	Moose::with('MooseX::Declare::Syntax::Keyword::Class', 'MooseX::Declare::Syntax::MooseSetup', 'MooseX::Declare::Syntax::RoleApplication', 'MooseX::Declare::Syntax::Extending') called at /opt/local/lib/perl5/site_perl/5.10.0/Moose/Exporter.pm line 206
# 	Moose::with('MooseX::Declare::Syntax::MooseSetup', 'MooseX::Declare::Syntax::RoleApplication', 'MooseX::Declare::Syntax::Extending') called at /Users/leto/.cpan/build/MooseX-Declare-0.22-5bIQ4c/blib/lib/MooseX/Declare/Syntax/Keyword/Class.pm line 7
# 	require MooseX/Declare/Syntax/Keyword/Class.pm called at (eval 9) line 1
# 	MooseX::Declare::BEGIN() called at /opt/local/lib/perl5/site_perl/5.10.0/MooseX/Meta/TypeCoercion/Structured.pm line 0
# 	eval {...} called at /opt/local/lib/perl5/site_perl/5.10.0/MooseX/Meta/TypeCoercion/Structured.pm line 0
# 	eval 'package MooseX::Declare; use MooseX::Declare::Syntax::Keyword::Class;' called at /opt/local/lib/perl5/site_perl/5.10.0/aliased.pm line 53
# 	aliased::_load_alias('MooseX::Declare::Syntax::Keyword::Class', 'MooseX::Declare') called at /opt/local/lib/perl5/site_perl/5.10.0/aliased.pm line 20
# 	aliased::import('aliased', 'MooseX::Declare::Syntax::Keyword::Class', 'ClassKeyword') called at /Users/leto/.cpan/build/MooseX-Declare-0.22-5bIQ4c/blib/lib/MooseX/Declare.pm line 6
# 	MooseX::Declare::BEGIN() called at /opt/local/lib/perl5/site_perl/5.10.0/MooseX/Meta/TypeCoercion/Structured.pm line 0
# 	eval {...} called at /opt/local/lib/perl5/site_perl/5.10.0/MooseX/Meta/TypeCoercion/Structured.pm line 0
# 	require MooseX/Declare.pm called at t/attribute_issues.t line 4
# 	main::BEGIN() called at /opt/local/lib/perl5/site_perl/5.10.0/MooseX/Meta/TypeCoercion/Structured.pm line 0
# 	eval {...} called at /opt/local/lib/perl5/site_perl/5.10.0/MooseX/Meta/TypeCoercion/Structured.pm line 0
# 
# Looks like you failed 1 test of 6.
t/attribute_issues.t .................. 
Dubious, test returned 1 (wstat 256, 0x100)
Failed 1/6 subtests 
Not inlining 'new' for MooseX::Meta::TypeCoercion::Structured since it is not inheriting the default Moose::Object::new
If you are certain you don't need to inline your constructor, specify inline_constructor => 0 in your call to MooseX::Meta::TypeCoercion::Structured->meta->make_immutable
t/nested_anonymous_classes.t .......... ok
t/autoclean.t ......................... ok
Not inlining 'new' for MooseX::Meta::TypeCoercion::Structured since it is not inheriting the default Moose::Object::new
If you are certain you don't need to inline your constructor, specify inline_constructor => 0 in your call to MooseX::Meta::TypeCoercion::Structured->meta->make_immutable
t/inner_keywords.t .................... ok

#   Failed test 'use Foo;'
#   at t/basic.t line 10.
#     Tried to use 'Foo'.
#     Error:  Can't locate object method "meta" via package "Role" at /Users/leto/.cpan/build/MooseX-Declare-0.22-5bIQ4c/blib/lib/MooseX/Declare/Syntax/Keyword/Method.pm line 11.
# Compilation failed in require at (eval 60) line 2.
# BEGIN failed--compilation aborted at (eval 60) line 2.
Can't locate object method "meta" via package "Role" at t/basic.t line 40.
# Looks like you planned 24 tests but ran 17.
# Looks like you failed 1 test of 17 run.
# Looks like your test exited with 255 just after 17.
t/basic.t ............................. 
Dubious, test returned 255 (wstat 65280, 0xff00)
Failed 8/24 subtests 
Not inlining 'new' for MooseX::Meta::TypeCoercion::Structured since it is not inheriting the default Moose::Object::new
If you are certain you don't need to inline your constructor, specify inline_constructor => 0 in your call to MooseX::Meta::TypeCoercion::Structured->meta->make_immutable
Not inlining 'new' for MooseX::Meta::TypeCoercion::Structured since it is not inheriting the default Moose::Object::new
If you are certain you don't need to inline your constructor, specify inline_constructor => 0 in your call to MooseX::Meta::TypeCoercion::Structured->meta->make_immutable
Not inlining 'new' for MooseX::Meta::TypeCoercion::Structured since it is not inheriting the default Moose::Object::new
If you are certain you don't need to inline your constructor, specify inline_constructor => 0 in your call to MooseX::Meta::TypeCoercion::Structured->meta->make_immutable
Not inlining 'new' for MooseX::Meta::TypeCoercion::Structured since it is not inheriting the default Moose::Object::new
If you are certain you don't need to inline your constructor, specify inline_constructor => 0 in your call to MooseX::Meta::TypeCoercion::Structured->meta->make_immutable
Not inlining 'new' for MooseX::Meta::TypeCoercion::Structured since it is not inheriting the default Moose::Object::new
If you are certain you don't need to inline your constructor, specify inline_constructor => 0 in your call to MooseX::Meta::TypeCoercion::Structured->meta->make_immutable
t/lib/WithNewline.pm syntax OK
t/with_newlines.t ..................... ok
Not inlining 'new' for MooseX::Meta::TypeCoercion::Structured since it is not inheriting the default Moose::Object::new
If you are certain you don't need to inline your constructor, specify inline_constructor => 0 in your call to MooseX::Meta::TypeCoercion::Structured->meta->make_immutable
t/nesting.t ........................... ok
t/optional_positional.t ............... ok
t/override_attribute_from_role.t ...... ok
t/recipes/basics/002_bank_account.t ... ok
Not inlining 'new' for MooseX::Meta::TypeCoercion::Structured since it is not inheriting the default Moose::Object::new
If you are certain you don't need to inline your constructor, specify inline_constructor => 0 in your call to MooseX::Meta::TypeCoercion::Structured->meta->make_immutable

#   Failed test '... we match the method list for Point'
#   at t/recipes/basics/001_point.t line 119.
#     Structures begin differing at:
#          $got->[0] = 'clear'
#     $expected->[0] = 'DESTROY'

#   Failed test '... we match the method list for Point3D'
#   at t/recipes/basics/001_point.t line 151.
#     Structures begin differing at:
#          $got->[0] = 'clear'
#     $expected->[0] = 'DESTROY'
# Looks like you failed 2 tests of 57.
t/recipes/basics/001_point.t .......... 
Dubious, test returned 2 (wstat 512, 0x200)
Failed 2/57 subtests 
t/recipes/basics/006_augment_inner.t .. ok

Test Summary Report
-------------------
t/modifiers.t                       (Wstat: 512 Tests: 0 Failed: 0)
  Non-zero exit status: 2
  Parse errors: Bad plan.  You planned 1 tests but ran 0.
t/anon.t                            (Wstat: 512 Tests: 5 Failed: 0)
  Non-zero exit status: 2
  Parse errors: Bad plan.  You planned 10 tests but ran 5.
t/attribute_issues.t                (Wstat: 256 Tests: 6 Failed: 1)
  Failed test:  6
  Non-zero exit status: 1
t/basic.t                           (Wstat: 65280 Tests: 17 Failed: 1)
  Failed test:  1
  Non-zero exit status: 255
  Parse errors: Bad plan.  You planned 24 tests but ran 17.
t/recipes/basics/001_point.t        (Wstat: 512 Tests: 57 Failed: 2)
  Failed tests:  32, 48
  Non-zero exit status: 2
Files=16, Tests=137,  6 wallclock secs ( 0.08 usr  0.06 sys +  8.95 cusr  0.89 csys =  9.98 CPU)
Result: FAIL
Failed 5/16 test programs. 4/137 subtests failed.
make: *** [test_dynamic] Error 255
