    DBI 1.616-ithread default trace level set to 0x0/15 (pid 13625 pi 659010) at DBI.pm line 278 via fetch_no_select.pl line 4
install_method DBI::db::get_info    , flags 0x2a00,
    usage: min 2, max 2, '$info_type'
install_method DBI::db::take_imp_data, flags 0x10000,
    usage: min 1, max 1, ''
install_method DBI::db::disconnect  , flags 0x10c00,
    usage: min 1, max 1, ''
install_method DBI::db::selectrow_array, flags 0x2000,
    usage: min 2, max 0, '$statement [, \%attr [, @bind_params ] ]'
install_method DBI::db::tables      , flags 0x2200,
    usage: min 1, max 6, '$catalog, $schema, $table, $type [, \%attr ]'
install_method DBI::db::quote_identifier, flags 0x0430,
    usage: min 2, max 6, '$name [, ...] [, \%attr ]'
install_method DBI::db::clone       ,
    usage: min 1, max 2, '[\%attr]'
install_method DBI::db::quote       , flags 0x0430,
    usage: min 2, max 3, '$string [, $data_type ]'
install_method DBI::db::type_info   , flags 0x2200,
    usage: min 1, max 2, '$data_type'
install_method DBI::db::statistics_info, flags 0xaa00,
    usage: min 6, max 7, '$catalog, $schema, $table, $unique_only, $quick, [, \%attr ]'
install_method DBI::db::selectrow_arrayref, flags 0x2000,
    usage: min 2, max 0, '$statement [, \%attr [, @bind_params ] ]'
install_method DBI::db::begin_work  , flags 0x0400,
    usage: min 1, max 2, '[ \%attr ]'
install_method DBI::db::last_insert_id, flags 0x2800,
    usage: min 5, max 6, '$catalog, $schema, $table_name, $field_name [, \%attr ]'
install_method DBI::db::foreign_key_info, flags 0xaa00,
    usage: min 7, max 8, '$pk_catalog, $pk_schema, $pk_table, $fk_catalog, $fk_schema, $fk_table [, \%attr ]'
install_method DBI::db::primary_key , flags 0x2200,
    usage: min 4, max 5, '$catalog, $schema, $table [, \%attr ]'
install_method DBI::db::commit      , flags 0x0c80,
    usage: min 1, max 1, ''
install_method DBI::db::ping        , flags 0x0404,
    usage: min 1, max 1, ''
install_method DBI::db::selectall_arrayref, flags 0x2000,
    usage: min 2, max 0, '$statement [, \%attr [, @bind_params ] ]'
install_method DBI::db::type_info_all, flags 0x2a00,
    usage: min 1, max 1, ''
install_method DBI::db::do          , flags 0x3200,
    usage: min 2, max 0, '$statement [, \%attr [, @bind_params ] ]'
install_method DBI::db::selectcol_arrayref, flags 0x2000,
    usage: min 2, max 0, '$statement [, \%attr [, @bind_params ] ]'
install_method DBI::db::prepare_cached, flags 0xa200,
    usage: min 2, max 4, '$statement [, \%attr [, $if_active ] ]'
install_method DBI::db::rows        , flags 0x0004
install_method DBI::db::rollback    , flags 0x0c80,
    usage: min 1, max 1, ''
install_method DBI::db::column_info , flags 0xaa00,
    usage: min 5, max 6, '$catalog, $schema, $table, $column [, \%attr ]'
install_method DBI::db::table_info  , flags 0xaa00,
    usage: min 1, max 6, '$catalog, $schema, $table, $type [, \%attr ]'
install_method DBI::db::primary_key_info, flags 0xaa00,
    usage: min 4, max 5, '$catalog, $schema, $table [, \%attr ]'
install_method DBI::db::prepare     , flags 0xa200,
    usage: min 2, max 3, '$statement [, \%attr]'
install_method DBI::db::preparse    
install_method DBI::db::connected   , flags 0x0004,
    usage: min 1, max 0, ''
install_method DBI::db::data_sources, flags 0x0200,
    usage: min 1, max 2, '[\%attr]'
install_method DBI::db::selectall_hashref, flags 0x2000,
    usage: min 3, max 0, '$statement, $keyfield [, \%attr [, @bind_params ] ]'
install_method DBI::db::selectrow_hashref, flags 0x2000,
    usage: min 2, max 0, '$statement [, \%attr [, @bind_params ] ]'
install_method DBI::dr::default_user,
    usage: min 3, max 4, '$user, $pass [, \%attr]'
install_method DBI::dr::data_sources, flags 0x0800,
    usage: min 1, max 2, '[\%attr]'
install_method DBI::dr::dbixs_revision, flags 0x0004
install_method DBI::dr::disconnect_all, flags 0x0800,
    usage: min 1, max 1, ''
install_method DBI::dr::connect_cached, flags 0x8000, H 3,
    usage: min 1, max 5, '[$db [,$user [,$passwd [,\%attr]]]]'
install_method DBI::dr::connect     , flags 0x8000, H 3,
    usage: min 1, max 5, '[$db [,$user [,$passwd [,\%attr]]]]'
install_method DBI::st::more_results,
    usage: min 1, max 1, ''
install_method DBI::st::blob_read   ,
    usage: min 4, max 5, '$field, $offset, $len [, \$buf [, $bufoffset]]'
install_method DBI::st::fetchall_hashref,
    usage: min 2, max 2, '$key_field'
install_method DBI::st::bind_param_inout_array,
    usage: min 4, max 5, '$parameter, \@var, $maxlen, [, \%attr]'
install_method DBI::st::finish      ,
    usage: min 1, max 1, ''
install_method DBI::st::rows        , flags 0x0004
install_method DBI::st::execute_for_fetch, flags 0x5040,
    usage: min 2, max 3, '$fetch_sub [, $tuple_status]'
install_method DBI::st::fetchrow_hashref
install_method DBI::st::_get_fbav   
install_method DBI::st::_set_fbav   , T 6
install_method DBI::st::fetchrow    
install_method DBI::st::fetch       
install_method DBI::st::execute_array, flags 0x5040,
    usage: min 2, max 0, '\%attribs [, @args]'
install_method DBI::st::dump_results,
    usage: min 1, max 5, '$maxfieldlen, $linesep, $fieldsep, $filehandle'
install_method DBI::st::bind_param_array,
    usage: min 3, max 4, '$parameter, $var [, \%attr]'
install_method DBI::st::fetchrow_array
install_method DBI::st::execute     , flags 0x1040,
    usage: min 1, max 0, '[@args]'
install_method DBI::st::bind_col    ,
    usage: min 3, max 4, '$column, \$var [, \%attr]'
install_method DBI::st::fetchall_arrayref,
    usage: min 1, max 3, '[ $slice [, $max_rows]]'
install_method DBI::st::fetchrow_arrayref
install_method DBI::st::bind_param_inout,
    usage: min 4, max 5, '$parameter, \$var, $maxlen, [, \%attr]'
install_method DBI::st::bind_columns,
    usage: min 2, max 0, '\$var1 [, \$var2, ...]'
install_method DBI::st::cancel      , flags 0x0800,
    usage: min 1, max 1, ''
install_method DBI::st::blob_copy_to_file,
    usage: min 3, max 3, '$field, $filename_or_handleref'
install_method DBI::st::bind_param  ,
    usage: min 3, max 4, '$parameter, $var [, \%attr]'
install_method DBI::common::parse_trace_flag, flags 0x0404, T 8,
    usage: min 2, max 2, '$name'
install_method DBI::common::errstr  , flags 0x0004
install_method DBI::common::trace_msg, flags 0x0004, T 8,
    usage: min 2, max 3, '$message_text [, $min_level ]'
install_method DBI::common::err     , flags 0x0004
install_method DBI::common::CLEAR   , flags 0x0004
install_method DBI::common::state   , flags 0x0004
install_method DBI::common::_not_impl
install_method DBI::common::NEXTKEY , flags 0x0004
install_method DBI::common::trace   , flags 0x0004,
    usage: min 1, max 3, '[$trace_level, [$filename]]'
install_method DBI::common::debug   , flags 0x0004,
    usage: min 1, max 2, '[$debug_level]'
install_method DBI::common::parse_trace_flags, flags 0x0404, T 8,
    usage: min 2, max 2, '$flags'
install_method DBI::common::private_attribute_info
install_method DBI::common::swap_inner_handle,
    usage: min 2, max 3, '$h [, $allow_reparent ]'
install_method DBI::common::EXISTS  , flags 0x0004
install_method DBI::common::visit_child_handles, flags 0x0404, T 4,
    usage: min 2, max 3, '$coderef [, $info ]'
install_method DBI::common::FETCH   , flags 0x0404
install_method DBI::common::FIRSTKEY, flags 0x0004
install_method DBI::common::set_err , flags 0x0010,
    usage: min 3, max 6, '$err, $errmsg [, $state, $method, $rv]'
install_method DBI::common::DESTROY , flags 0x10004
install_method DBI::common::dump_handle, flags 0x0004,
    usage: min 1, max 3, '[$message [, $level]]'
install_method DBI::common::FETCH_many, flags 0x0404
install_method DBI::common::can     , flags 0x0100
install_method DBI::common::STORE   , flags 0x041c
install_method DBI::common::private_data, flags 0x0004,
    usage: min 1, max 1, ''
install_method DBI::common::func    , flags 0x0006
    -> DBI->connect(DBI:ODBC:Database=Test_Perl_DBI;Server=pausql02.lsi.com\dev;Driver=/tools/cfr/tdsodbc/0.91/lib/libtdsodbc.so;TDS_Version=7.2, test_perl_adm, ****, HASH(0x65c868))
    -> DBI->install_driver(ODBC) for linux perl=5.014001 pid=13625 ruid=15717 euid=15717
       install_driver: DBD::ODBC version 1.33 loaded from /tools/cfr/perl/5.14.1/lib/site_perl/5.14.1/x86_64-linux-thread-multi-ld/DBD/ODBC.pm
    New 'DBI::dr' (for DBD::ODBC::dr, parent='', id=undef)
    dbih_setup_handle(DBI::dr=HASH(0x8e54d0)=>DBI::dr=HASH(0x8e5560), DBD::ODBC::dr, 0, Null!)
    dbih_make_com(Null!, 0, DBD::ODBC::dr, 168, 0) thr#659010
    dbih_setup_attrib(DBI::dr=HASH(0x8e5560), Err, Null!) SCALAR(0x77fc88) (already defined)
    dbih_setup_attrib(DBI::dr=HASH(0x8e5560), State, Null!) SCALAR(0x77fbf8) (already defined)
    dbih_setup_attrib(DBI::dr=HASH(0x8e5560), Errstr, Null!) SCALAR(0x77fc28) (already defined)
    dbih_setup_attrib(DBI::dr=HASH(0x8e5560), TraceLevel, Null!) 0 (already defined)
    dbih_setup_attrib(DBI::dr=HASH(0x8e5560), FetchHashKeyName, Null!) 'NAME' (already defined)
install_method DBI::st::odbc_lob_read
    <- install_driver= DBI::dr=HASH(0x8e54d0)
    >> connect     DISPATCH (DBI::dr=HASH(0x8e54d0) rc2/3 @5 g2 ima8001 pid#13625) at /tools/cfr/perl/5.14.1/lib/site_perl/5.14.1/x86_64-linux-thread-multi-ld/DBI.pm line 665
    !! warn: 0 CLEARED by call to connect method
    -> connect for DBD::ODBC::dr (DBI::dr=HASH(0x8e54d0)~0x8e5560 'Database=Test_Perl_DBI;Server=pausql02.lsi.com\dev;Driver=/tools/cfr/tdsodbc/0.91/lib/libtdsodbc.so;TDS_Version=7.2' 'test_perl_adm' **** HASH(0x7976a8)) thr#659010
    New 'DBI::db' (for DBD::ODBC::db, parent=DBI::dr=HASH(0x8e5560), id=undef)
    dbih_setup_handle(DBI::db=HASH(0x8e5da0)=>DBI::db=HASH(0x8e5c98), DBD::ODBC::db, 7fd348, Null!)
    dbih_make_com(DBI::dr=HASH(0x8e5560), 77bb00, DBD::ODBC::db, 576, 0) thr#659010
    dbih_setup_attrib(DBI::db=HASH(0x8e5c98), Err, DBI::dr=HASH(0x8e5560)) SCALAR(0x7fd660) (already defined)
    dbih_setup_attrib(DBI::db=HASH(0x8e5c98), State, DBI::dr=HASH(0x8e5560)) SCALAR(0x7fd720) (already defined)
    dbih_setup_attrib(DBI::db=HASH(0x8e5c98), Errstr, DBI::dr=HASH(0x8e5560)) SCALAR(0x7fd6c0) (already defined)
    dbih_setup_attrib(DBI::db=HASH(0x8e5c98), TraceLevel, DBI::dr=HASH(0x8e5560)) 0 (already defined)
    dbih_setup_attrib(DBI::db=HASH(0x8e5c98), FetchHashKeyName, DBI::dr=HASH(0x8e5560)) 'NAME' (already defined)
    dbih_setup_attrib(DBI::db=HASH(0x8e5c98), HandleSetErr, DBI::dr=HASH(0x8e5560)) undef (not defined)
    dbih_setup_attrib(DBI::db=HASH(0x8e5c98), HandleError, DBI::dr=HASH(0x8e5560)) undef (not defined)
    dbih_setup_attrib(DBI::db=HASH(0x8e5c98), ReadOnly, DBI::dr=HASH(0x8e5560)) undef (not defined)
    dbih_setup_attrib(DBI::db=HASH(0x8e5c98), Profile, DBI::dr=HASH(0x8e5560)) undef (not defined)
    <- connect= ( DBI::db=HASH(0x8e5da0) ) [1 items] at /tools/cfr/perl/5.14.1/lib/site_perl/5.14.1/x86_64-linux-thread-multi-ld/DBI.pm line 665
    >> STORE       DISPATCH (DBI::db=HASH(0x8e5c98) rc2/1 @3 g2 ima41c pid#13625) at /tools/cfr/perl/5.14.1/lib/site_perl/5.14.1/x86_64-linux-thread-multi-ld/DBI.pm line 717
    -> STORE for DBD::ODBC::db (DBI::db=HASH(0x8e5c98)~INNER 'RaiseError' 0) thr#659010
    !!DBD::ODBC unsupported attribute passed (RaiseError)
    STORE DBI::db=HASH(0x8e5c98) 'RaiseError' => 0
    <- STORE= ( 1 ) [1 items] at /tools/cfr/perl/5.14.1/lib/site_perl/5.14.1/x86_64-linux-thread-multi-ld/DBI.pm line 717
    >> STORE       DISPATCH (DBI::db=HASH(0x8e5c98) rc2/1 @3 g2 ima41c pid#13625) at /tools/cfr/perl/5.14.1/lib/site_perl/5.14.1/x86_64-linux-thread-multi-ld/DBI.pm line 717
    -> STORE for DBD::ODBC::db (DBI::db=HASH(0x8e5c98)~INNER 'PrintError' 0) thr#659010
    !!DBD::ODBC unsupported attribute passed (PrintError)
    STORE DBI::db=HASH(0x8e5c98) 'PrintError' => 0
    <- STORE= ( 1 ) [1 items] at /tools/cfr/perl/5.14.1/lib/site_perl/5.14.1/x86_64-linux-thread-multi-ld/DBI.pm line 717
    >> STORE       DISPATCH (DBI::db=HASH(0x8e5c98) rc2/1 @3 g2 ima41c pid#13625) at /tools/cfr/perl/5.14.1/lib/site_perl/5.14.1/x86_64-linux-thread-multi-ld/DBI.pm line 717
    -> STORE for DBD::ODBC::db (DBI::db=HASH(0x8e5c98)~INNER 'AutoCommit' 0) thr#659010
    <- STORE= ( 1 ) [1 items] at /tools/cfr/perl/5.14.1/lib/site_perl/5.14.1/x86_64-linux-thread-multi-ld/DBI.pm line 717
    >> STORE       DISPATCH (DBI::db=HASH(0x8e5c98) rc2/1 @3 g2 ima41c pid#13625) at /tools/cfr/perl/5.14.1/lib/site_perl/5.14.1/x86_64-linux-thread-multi-ld/DBI.pm line 720 via  at ./fetch_no_select.pl line 24
    -> STORE for DBD::ODBC::db (DBI::db=HASH(0x8e5c98)~INNER 'Username' 'test_perl_adm') thr#659010
    !!DBD::ODBC unsupported attribute passed (Username)
    STORE DBI::db=HASH(0x8e5c98) 'Username' => 'test_perl_adm'
    <- STORE= ( 1 ) [1 items] at /tools/cfr/perl/5.14.1/lib/site_perl/5.14.1/x86_64-linux-thread-multi-ld/DBI.pm line 720 via  at ./fetch_no_select.pl line 24
    >> connected   DISPATCH (DBI::db=HASH(0x8e5da0) rc1/1 @5 g2 ima5 pid#13625) at /tools/cfr/perl/5.14.1/lib/site_perl/5.14.1/x86_64-linux-thread-multi-ld/DBI.pm line 727
    -> connected in DBD::_::db for DBD::ODBC::db (DBI::db=HASH(0x8e5da0)~0x8e5c98 'DBI:ODBC:Database=Test_Perl_DBI;Server=pausql02.lsi.com\dev;Driver=/tools/cfr/tdsodbc/0.91/lib/libtdsodbc.so;TDS_Version=7.2' 'test_perl_adm' 'Tp3rl%DB!@' HASH(0x65c868)) thr#659010
    <- connected= ( undef ) [1 items] at /tools/cfr/perl/5.14.1/lib/site_perl/5.14.1/x86_64-linux-thread-multi-ld/DBI.pm line 727
    <- connect= DBI::db=HASH(0x8e5da0)
    >> STORE       DISPATCH (DBI::db=HASH(0x8e5c98) rc2/1 @3 g2 ima41c pid#13625) at /tools/cfr/perl/5.14.1/lib/site_perl/5.14.1/x86_64-linux-thread-multi-ld/DBI.pm line 736 via  at ./fetch_no_select.pl line 24
    -> STORE for DBD::ODBC::db (DBI::db=HASH(0x8e5c98)~INNER 'dbi_connect_closure' CODE(0x8e0650)) thr#659010
    !!DBD::ODBC unsupported attribute passed (dbi_connect_closure)
    STORE DBI::db=HASH(0x8e5c98) 'dbi_connect_closure' => CODE(0x8e0650)
    <- STORE= ( 1 ) [1 items] at /tools/cfr/perl/5.14.1/lib/site_perl/5.14.1/x86_64-linux-thread-multi-ld/DBI.pm line 736 via  at ./fetch_no_select.pl line 24
    >> STORE       DISPATCH (DBI::db=HASH(0x8e5c98) rc2/1 @3 g2 ima41c pid#13625) at ./fetch_no_select.pl line 36
    -> STORE for DBD::ODBC::db (DBI::db=HASH(0x8e5c98)~INNER 'RaiseError' 1) thr#659010
    !!DBD::ODBC unsupported attribute passed (RaiseError)
    STORE DBI::db=HASH(0x8e5c98) 'RaiseError' => 1
    <- STORE= ( 1 ) [1 items] at ./fetch_no_select.pl line 36
    >> do          DISPATCH (DBI::db=HASH(0x8e5da0) rc1/1 @2 g2 ima3201 pid#13625) at ./fetch_no_select.pl line 50 via  at ./fetch_no_select.pl line 49
    -> do for DBD::ODBC::db (DBI::db=HASH(0x8e5da0)~0x8e5c98 'CREATE PROCEDURE [TMP_SP_Test_ODBC]
      @I INT
      AS
      SET NOCOUNT ON
      IF 0 = 1
	  BEGIN
          SELECT 'I', CAST (@I AS VARCHAR)
		  RETURN 5
	  END
      RETURN 0
      ') thr#659010
    >> STORE       DISPATCH (DBI::db=HASH(0x8e5c98) rc1/2 @3 g2 ima41c pid#13625) at /tools/cfr/perl/5.14.1/lib/site_perl/5.14.1/x86_64-linux-thread-multi-ld/DBD/ODBC.pm line 376 via  at ./fetch_no_select.pl line 50
1   -> STORE for DBD::ODBC::db (DBI::db=HASH(0x8e5c98)~INNER 'Statement' 'CREATE PROCEDURE [TMP_SP_Test_ODBC]
      @I INT
      AS
      SET NOCOUNT ON
      IF 0 = 1
	  BEGIN
          SELECT 'I', CAST (@I AS VARCHAR)
		  RETURN 5
	  END
      RETURN 0
      ') thr#659010
    !!DBD::ODBC unsupported attribute passed (Statement)
    STORE DBI::db=HASH(0x8e5c98) 'Statement' => 'CREATE PROCEDURE [TMP_SP_Test_ODBC]
      @I INT
      AS
      SET NOCOUNT ON
      IF 0 = 1
	  BEGIN
          SELECT 'I', CAST (@I AS VARCHAR)
		  RETURN 5
	  END
      RETURN 0
      '
1   <- STORE= ( 1 ) [1 items] at /tools/cfr/perl/5.14.1/lib/site_perl/5.14.1/x86_64-linux-thread-multi-ld/DBD/ODBC.pm line 376 via  at ./fetch_no_select.pl line 50
    SQLExecDirect CREATE PROCEDURE [TMP_SP_Test_ODBC]
      @I INT
      AS
      SET NOCOUNT ON
      IF 0 = 1
	  BEGIN
          SELECT 'I', CAST (@I AS VARCHAR)
		  RETURN 5
	  END
      RETURN 0
      
    SQLExecDirect = 100
    <- do= ( -1 ) [1 items] at ./fetch_no_select.pl line 50 via  at ./fetch_no_select.pl line 49
    >> err         DISPATCH (DBI::db=HASH(0x8e5da0) rc1/1 @1 g2 ima4 pid#13625) at ./fetch_no_select.pl line 64
    -> err in DBD::_::common for DBD::ODBC::db (DBI::db=HASH(0x8e5da0)~0x8e5c98) thr#659010
    <- err= ( undef ) [1 items] at ./fetch_no_select.pl line 64
    >> prepare     DISPATCH (DBI::db=HASH(0x8e5da0) rc1/1 @2 g2 imaa201 pid#13625) at ./fetch_no_select.pl line 73
    -> prepare for DBD::ODBC::db (DBI::db=HASH(0x8e5da0)~0x8e5c98 '{ ? = call TMP_SP_Test_ODBC (?) }') thr#659010
    New 'DBI::st' (for DBD::ODBC::st, parent=DBI::db=HASH(0x8e5c98), id=undef)
    dbih_setup_handle(DBI::st=HASH(0x8e5f68)=>DBI::st=HASH(0x8e5ea8), DBD::ODBC::st, 7fd7b0, Null!)
    dbih_make_com(DBI::db=HASH(0x8e5c98), 8e33c0, DBD::ODBC::st, 408, 0) thr#659010
    dbih_setup_attrib(DBI::st=HASH(0x8e5ea8), Err, DBI::db=HASH(0x8e5c98)) SCALAR(0x7fd660) (already defined)
    dbih_setup_attrib(DBI::st=HASH(0x8e5ea8), State, DBI::db=HASH(0x8e5c98)) SCALAR(0x7fd720) (already defined)
    dbih_setup_attrib(DBI::st=HASH(0x8e5ea8), Errstr, DBI::db=HASH(0x8e5c98)) SCALAR(0x7fd6c0) (already defined)
    dbih_setup_attrib(DBI::st=HASH(0x8e5ea8), TraceLevel, DBI::db=HASH(0x8e5c98)) 0 (already defined)
    dbih_setup_attrib(DBI::st=HASH(0x8e5ea8), FetchHashKeyName, DBI::db=HASH(0x8e5c98)) 'NAME' (already defined)
    dbih_setup_attrib(DBI::st=HASH(0x8e5ea8), HandleSetErr, DBI::db=HASH(0x8e5c98)) undef (not defined)
    dbih_setup_attrib(DBI::st=HASH(0x8e5ea8), HandleError, DBI::db=HASH(0x8e5c98)) undef (not defined)
    dbih_setup_attrib(DBI::st=HASH(0x8e5ea8), ReadOnly, DBI::db=HASH(0x8e5c98)) undef (not defined)
    dbih_setup_attrib(DBI::st=HASH(0x8e5ea8), Profile, DBI::db=HASH(0x8e5c98)) undef (not defined)
    initializing sth query timeout to -1
    ignore named placeholders = 0
    creating new parameter key 1
    creating new parameter key 2
    dbd_preparse scanned 2 distinct placeholders
    SQLPrepare { ? = call TMP_SP_Test_ODBC (?) }
    SQLPrepare = 0
    <- prepare= ( DBI::st=HASH(0x8e5f68) ) [1 items] at ./fetch_no_select.pl line 73
    >> bind_param_inout DISPATCH (DBI::st=HASH(0x8e5f68) rc1/2 @4 g2 ima1 pid#13625) at ./fetch_no_select.pl line 74
    -> bind_param_inout for DBD::ODBC::st (DBI::st=HASH(0x8e5f68)~0x8e5ea8 1 SCALAR(0x786868) 4) thr#659010
    +dbd_bind_ph(7fd7e0, name=1, value=undef, attribs=, sql_type=0(unknown), is_inout=1, maxlen=4
    -dbd_bind_ph=rebind_param
    +rebind_param 1 undef (size svCUR=-1/SvLEN=-1/max=4) svtype 0, value type:1 sql type:0
    +get_param_type(7fd7e0,1)
SQLDescribeParam not supported, sv is not OK, defaulting to 12
    -get_param_type
      bind 1 undef value_len=0 maxlen=31 null=1)
      bind 1 value_type:1 VARCHAR cs=31 dd=1 bl=31
    SQLBindParameter: idx=1: io_type=2, name=1, value_type=1 (SQL_C_CHAR), SQLType=12 (VARCHAR), column_size=31, d_digits=1, value_ptr=932f80, buffer_length=31, ind=-1, param_size=0
    -rebind_param
    <- bind_param_inout= ( 1 ) [1 items] at ./fetch_no_select.pl line 74
    >> bind_param  DISPATCH (DBI::st=HASH(0x8e5f68) rc1/2 @3 g2 ima1 pid#13625) at ./fetch_no_select.pl line 75
    -> bind_param for DBD::ODBC::st (DBI::st=HASH(0x8e5f68)~0x8e5ea8 2 1) thr#659010
    +dbd_bind_ph(7fd7e0, name=2, value=1, attribs=, sql_type=0(unknown), is_inout=0, maxlen=0
    -dbd_bind_ph=rebind_param
    +rebind_param 2 1 (size svCUR=9331168/SvLEN=1/max=0) svtype 2, value type:1 sql type:0
    +get_param_type(7fd7e0,2)
SQLDescribeParam not supported, sv=1 bytes, defaulting to 12
    -get_param_type
      bind 2 1 value_len=1 maxlen=15 null=0)
      bind 2 value_type:1 VARCHAR cs=80 dd=0 bl=1
    SQLBindParameter: idx=2: io_type=1, name=2, value_type=1 (SQL_C_CHAR), SQLType=12 (VARCHAR), column_size=80, d_digits=0, value_ptr=932d60, buffer_length=1, ind=1, param_size=0
      Param value = 1
    -rebind_param
    <- bind_param= ( 1 ) [1 items] at ./fetch_no_select.pl line 75
    >> execute     DISPATCH (DBI::st=HASH(0x8e5f68) rc1/2 @1 g2 ima1041 pid#13625) at ./fetch_no_select.pl line 76 via  at ./fetch_no_select.pl line 76
    -> execute for DBD::ODBC::st (DBI::st=HASH(0x8e5f68)~0x8e5ea8) thr#659010
    +dbd_st_execute(7fd7e0)
    dbd_st_finish(7fd7e0)
    outparams = 1
    SQLExecute/SQLExecDirect(9332d0)=100
    !!dbd_error2(err_rc=100, what=st_execute/SQLExecute, handles=(8e7910,8e7f00,9332d0)
    SQL_NO_DATA...resetting done_desc!
    SQLNumResultCols=0 (flds=0)
    Not a result-set nflds=(0,-1), resetting done_desc
    dbd_describe done_desc=0
    dbd_describe SQLNumResultCols=0 (columns=0)
    Numfields = 0, SQLMoreResults = 100
    dbd_describe skipped (no resultant cols)
    got no rows: resetting ACTIVE, moreResults
    processing 1 output parameters
    outparam 1, length:1
    -dbd_st_execute(7fd7e0)=0
    <- execute= ( '0E0' ) [1 items] at ./fetch_no_select.pl line 76 via  at ./fetch_no_select.pl line 76
    >> fetchrow_array DISPATCH (DBI::st=HASH(0x8e5f68) rc1/1 @1 g3 ima0 pid#13625) at ./fetch_no_select.pl line 89
    -> fetchrow_array for DBD::ODBC::st (DBI::st=HASH(0x8e5f68)~0x8e5ea8) thr#659010
    !!dbd_error2(err_rc=-999, what=no select statement currently executing, handles=(8e7910,8e7f00,9332d0)
    !SQLError(8e7910,8e7f00,9332d0) = (HY000, 1, no select statement currently executing)
    !! ERROR: 1 'no select statement currently executing (SQL-HY000)' (err#1)
    <- fetchrow_array= ( ) [0 items] row-1 at ./fetch_no_select.pl line 89
    >> DESTROY     DISPATCH (DBI::st=HASH(0x8e5f68) rc1/1 @1 g2 ima10004 pid#13625) at ./fetch_no_select.pl line 89 via  at ./fetch_no_select.pl line 89
    <> DESTROY(DBI::st=HASH(0x8e5f68)) ignored for outer handle (inner DBI::st=HASH(0x8e5ea8) has ref cnt 1)
    >> DESTROY     DISPATCH (DBI::st=HASH(0x8e5ea8) rc1/1 @1 g2 ima10004 pid#13625) at ./fetch_no_select.pl line 89 via  at ./fetch_no_select.pl line 89
    -> DESTROY for DBD::ODBC::st (DBI::st=HASH(0x8e5ea8)~INNER) thr#659010
   SQLFreeStmt=0.
       ERROR: 1 'no select statement currently executing (SQL-HY000)' (err#1)
    <- DESTROY= ( undef ) [1 items] at ./fetch_no_select.pl line 89 via  at ./fetch_no_select.pl line 89
    DESTROY (dbih_clearcom) (sth 0x8e5ea8, com 0x931560, imp DBD::ODBC::st):
       FLAGS 0x180091: COMSET Warn RaiseError PrintWarn 
       ERR 1
       ERRSTR 'no select statement currently executing (SQL-HY000)'
       PARENT DBI::db=HASH(0x8e5c98)
       KIDS 0 (0 Active)
       NUM_OF_FIELDS 0
       NUM_OF_PARAMS 2
    dbih_clearcom 0x8e5ea8 (com 0x931560, type 3) done.

    >> DESTROY     DISPATCH (DBI::db=HASH(0x8e5da0) rc1/1 @1 g2 ima10004 pid#13625) at ./fetch_no_select.pl line 89 via  at ./fetch_no_select.pl line 89
    <> DESTROY(DBI::db=HASH(0x8e5da0)) ignored for outer handle (inner DBI::db=HASH(0x8e5c98) has ref cnt 1)
    >> DESTROY     DISPATCH (DBI::db=HASH(0x8e5c98) rc1/1 @1 g2 ima10004 pid#13625) at ./fetch_no_select.pl line 89 via  at ./fetch_no_select.pl line 89
    -> DESTROY for DBD::ODBC::db (DBI::db=HASH(0x8e5c98)~INNER) thr#659010
    DBD::ODBC Disconnected!
       ERROR: 1 'no select statement currently executing (SQL-HY000)' (err#0)
    <- DESTROY= ( undef ) [1 items] at ./fetch_no_select.pl line 89 via  at ./fetch_no_select.pl line 89
    DESTROY (dbih_clearcom) (dbh 0x8e5c98, com 0x8e33c0, imp DBD::ODBC::db):
       FLAGS 0x180091: COMSET Warn RaiseError PrintWarn 
       ERR 1
       ERRSTR 'no select statement currently executing (SQL-HY000)'
       PARENT DBI::dr=HASH(0x8e5560)
       KIDS 0 (0 Active)
    dbih_clearcom 0x8e5c98 (com 0x8e33c0, type 2) done.

    -- DBI::END ($@: , $!: )
    >> disconnect_all DISPATCH (DBI::dr=HASH(0x8e54d0) rc1/3 @1 g2 ima801 pid#13625) at /tools/cfr/perl/5.14.1/lib/site_perl/5.14.1/x86_64-linux-thread-multi-ld/DBI.pm line 744 via  at ./fetch_no_select.pl line 89
    !! ERROR: 1 CLEARED by call to disconnect_all method
    -> disconnect_all for DBD::ODBC::dr (DBI::dr=HASH(0x8e54d0)~0x8e5560) thr#659010
    <- disconnect_all= ( '' ) [1 items] at /tools/cfr/perl/5.14.1/lib/site_perl/5.14.1/x86_64-linux-thread-multi-ld/DBI.pm line 744 via  at ./fetch_no_select.pl line 89
!   >> DESTROY     DISPATCH (DBI::dr=HASH(0x8e5560) rc1/1 @1 g2 ima10004 pid#13625) during global destruction
!   -> DESTROY in DBD::_::common for DBD::ODBC::dr (DBI::dr=HASH(0x8e5560)~INNER) thr#659010
!   <- DESTROY= ( undef ) [1 items] during global destruction
    DESTROY (dbih_clearcom) (drh 0x8e54d0, com 0x77bb00, imp global destruction):
       FLAGS 0x180215: COMSET Active Warn PrintWarn AutoCommit 
       PARENT undef
       KIDS 0 (0 Active)
    dbih_clearcom 0x8e54d0 (com 0x77bb00, type 1) done.

!   >> DESTROY     DISPATCH (DBI::dr=HASH(0x8e54d0) rc1/1 @1 g2 ima10004 pid#13625) during global destruction
!   <> DESTROY for DBI::dr=HASH(0x8e54d0) ignored (inner handle gone)
