cpanm (App::cpanminus) 1.6108 on perl 5.016003 built for x86_64-linux-thread-multi
Work directory is /root/.cpanm/work/1368255367.4595
You have make /usr/bin/make
You have /usr/bin/wget
You have /bin/tar: tar (GNU tar) 1.23
Copyright (C) 2010 Free Software Foundation, Inc.
License GPLv3+: GNU GPL version 3 or later <http://gnu.org/licenses/gpl.html>.
This is free software: you are free to change and redistribute it.
There is NO WARRANTY, to the extent permitted by law.

Written by John Gilmore and Jay Fenlason.
You have /usr/bin/unzip
Searching Sys::Info::Driver::Linux on cpanmetadb ...
--> Working on Sys::Info::Driver::Linux
Fetching http://www.cpan.org/authors/id/B/BU/BURAK/Sys-Info-Driver-Linux-0.7903.tar.gz
-> OK
Unpacking Sys-Info-Driver-Linux-0.7903.tar.gz
Entering Sys-Info-Driver-Linux-0.7903
Checking configure dependencies from META.json
Checking if you have Module::Build 0.40 ... Yes (0.4005)
Configuring Sys-Info-Driver-Linux-0.7903
Running Build.PL
Created MYMETA.yml and MYMETA.json
Creating new 'Build' script for 'Sys-Info-Driver-Linux' version '0.7903'
-> OK
Checking dependencies from MYMETA.json ...
Checking if you have Test::Sys::Info 0.20 ... Yes (0.20)
Checking if you have Test::More 0.40 ... Yes (0.98)
Checking if you have Unix::Processors 0 ... Yes (2.042)
Checking if you have Config::General 0 ... Yes (2.51)
Checking if you have Sys::Info::Base 0.7801 ... Yes (0.7803)
Building and testing Sys-Info-Driver-Linux-0.7903
Building Sys-Info-Driver-Linux
UNAME: Linux okharch-centos 2.6.32-358.2.1.el6.x86_64 #1 SMP Wed Mar 13 00:26:49 UTC 2013 x86_64 x86_64 x86_64 GNU/Linux

No version because no distribution at /root/.cpanm/work/1368255367.4595/Sys-Info-Driver-Linux-0.7903/blib/lib/Sys/Info/Driver/Linux/OS.pm line 206.
# Looks like your test exited with 255 just after 23.
t/03-basic.t ......... 
Dubious, test returned 255 (wstat 65280, 0xff00)
All 23 subtests passed 
No version because no distribution at t/04-distribution.t line 10.
# Looks like your test exited with 255 before it could output anything.
t/04-distribution.t .. 
Dubious, test returned 255 (wstat 65280, 0xff00)
No subtests run 

Test Summary Report
-------------------
t/03-basic.t       (Wstat: 65280 Tests: 23 Failed: 0)
  Non-zero exit status: 255
t/04-distribution.t (Wstat: 65280 Tests: 0 Failed: 0)
  Non-zero exit status: 255
  Parse errors: No plan found in TAP output
Files=2, Tests=23,  0 wallclock secs ( 0.02 usr  0.01 sys +  0.11 cusr  0.03 csys =  0.17 CPU)
Result: FAIL
Failed 2/2 test programs. 0/23 subtests failed.
-> FAIL Installing Sys::Info::Driver::Linux failed. See /root/.cpanm/build.log for details.
