[root@rx5670-1 DBD-mysql-3.0002.gcc]# make
cp lib/DBD/mysql.pm blib/lib/DBD/mysql.pm
cp lib/DBD/mysql/GetInfo.pm blib/lib/DBD/mysql/GetInfo.pm
cp lib/Mysql.pm blib/lib/Mysql.pm
cp lib/DBD/mysql/INSTALL.pod blib/lib/DBD/mysql/INSTALL.pod
cp lib/Mysql/Statement.pm blib/lib/Mysql/Statement.pm
cp lib/Bundle/DBD/mysql.pm blib/lib/Bundle/DBD/mysql.pm
gcc -c  -I/usr/lib/perl5/vendor_perl/5.8.5/ia64-linux-thread-multi/auto/DBI -I/usr/include/mysql -unroll2 -g  -D_REENTRANT -D_GNU_SOURCE -DDEBUGGING -fno-strict-aliasing -pipe -I/usr/local/include -D_LARGEFILE_SOURCE -D_FILE_OFFSET_BITS=64 -I/usr/include/gdbm -O2 -g -pipe   -DVERSION=\"3.0002\" -DXS_VERSION=\"3.0002\" -fPIC "-I/usr/lib/perl5/5.8.5/ia64-linux-thread-multi/CORE"   dbdimp.c
/usr/bin/perl -p -e "s/~DRIVER~/mysql/g" /usr/lib/perl5/vendor_perl/5.8.5/ia64-linux-thread-multi/auto/DBI/Driver.xst > mysql.xsi
/usr/bin/perl /usr/lib/perl5/5.8.5/ExtUtils/xsubpp  -typemap /usr/lib/perl5/5.8.5/ExtUtils/typemap  mysql.xs > mysql.xsc && mv mysql.xsc mysql.c
Warning: duplicate function definition 'do' detected in mysql.xs, line 224
Warning: duplicate function definition 'rows' detected in mysql.xs, line 559
gcc -c  -I/usr/lib/perl5/vendor_perl/5.8.5/ia64-linux-thread-multi/auto/DBI -I/usr/include/mysql -unroll2 -g  -D_REENTRANT -D_GNU_SOURCE -DDEBUGGING -fno-strict-aliasing -pipe -I/usr/local/include -D_LARGEFILE_SOURCE -D_FILE_OFFSET_BITS=64 -I/usr/include/gdbm -O2 -g -pipe   -DVERSION=\"3.0002\" -DXS_VERSION=\"3.0002\" -fPIC "-I/usr/lib/perl5/5.8.5/ia64-linux-thread-multi/CORE"   mysql.c
Running Mkbootstrap for DBD::mysql ()
chmod 644 mysql.bs
rm -f blib/arch/auto/DBD/mysql/mysql.so
/usr/bin/perl myld gcc  -shared -L/usr/local/lib dbdimp.o mysql.o  -o blib/arch/auto/DBD/mysql/mysql.so   -L/usr/lib -lmysqlclient -lz -lcrypt -lnsl -lm
chmod 755 blib/arch/auto/DBD/mysql/mysql.so
cp mysql.bs blib/arch/auto/DBD/mysql/mysql.bs
chmod 644 blib/arch/auto/DBD/mysql/mysql.bs
Manifying blib/man3/DBD::mysql.3pm
Manifying blib/man3/DBD::mysql::INSTALL.3pm
Manifying blib/man3/Mysql.3pm
Manifying blib/man3/Bundle::DBD::mysql.3pm
[root@rx5670-1 DBD-mysql-3.0002.gcc]# make test
PERL_DL_NONLAZY=1 /usr/bin/perl "-MExtUtils::Command::MM" "-e" "test_harness(0, 'blib/lib', 'blib/arch')" t/*.t
t/00base.............ok
t/10dsnlist..........ok
t/20createdrop.......ok
t/30insertfetch......ok
t/35limit............ok
t/40bindparam........ok
t/40blobs............ok
t/40listfields.......ok
t/40nulls............ok
t/40numrows..........ok
t/41blobs_prepare....ok
t/50chopblanks.......ok
t/50commit...........ok
t/60leaks............skipped
        all skipped: $ENV{SLOW_TESTS} is not set or Proc::ProcessTable not installed
t/ak-dbd.............ok
t/akmisc.............ok
t/dbdadmin...........ok
t/insertid...........ok
t/mysql..............ok
t/mysql2.............ok
All tests successful, 1 test skipped.
Files=20, Tests=903, 24 wallclock secs ( 2.07 cusr +  0.31 csys =  2.38 CPU)
[root@rx5670-1 DBD-mysql-3.0002.gcc]# make install
Installing /usr/lib/perl5/site_perl/5.8.5/ia64-linux-thread-multi/auto/DBD/mysql/mysql.bs
Installing /usr/lib/perl5/site_perl/5.8.5/ia64-linux-thread-multi/auto/DBD/mysql/mysql.so
Files found in blib/arch: installing files in blib/lib into architecture dependent library tree
Installing /usr/lib/perl5/site_perl/5.8.5/ia64-linux-thread-multi/Mysql.pm
Installing /usr/lib/perl5/site_perl/5.8.5/ia64-linux-thread-multi/DBD/mysql.pm
Installing /usr/lib/perl5/site_perl/5.8.5/ia64-linux-thread-multi/DBD/mysql/GetInfo.pm
Installing /usr/lib/perl5/site_perl/5.8.5/ia64-linux-thread-multi/DBD/mysql/INSTALL.pod
Installing /usr/lib/perl5/site_perl/5.8.5/ia64-linux-thread-multi/Mysql/Statement.pm
Installing /usr/lib/perl5/site_perl/5.8.5/ia64-linux-thread-multi/Bundle/DBD/mysql.pm
Installing /usr/share/man/man3/Mysql.3pm
Installing /usr/share/man/man3/Bundle::DBD::mysql.3pm
Installing /usr/share/man/man3/DBD::mysql.3pm
Installing /usr/share/man/man3/DBD::mysql::INSTALL.3pm
Writing /usr/lib/perl5/site_perl/5.8.5/ia64-linux-thread-multi/auto/DBD/mysql/.packlist
Appending installation info to /usr/lib/perl5/5.8.5/ia64-linux-thread-multi/perllocal.pod

[root@rx5670-1 DBD-mysql-3.0002.gcc]# perl perltest.pl

===========================
MySQL connection test
===========================
connect to database ...
fetch data ...
=> localhost|root||Y|Y|Y|Y|Y|Y|Y|Y|Y|Y|Y|Y|Y|Y|Y|Y|Y|Y|Y|Y|Y|Y|Y|Y|Y|Y|||||0|0|0|0|
=> bl35p-2|root||Y|Y|Y|Y|Y|Y|Y|Y|Y|Y|Y|Y|Y|Y|Y|Y|Y|Y|Y|Y|Y|Y|Y|Y|Y|Y|||||0|0|0|0|
=> bl35p-2|||N|N|N|N|N|N|N|N|N|N|N|N|N|N|N|N|N|N|N|N|N|N|N|N|N|N|||||0|0|0|0|
=> localhost|||N|N|N|N|N|N|N|N|N|N|N|N|N|N|N|N|N|N|N|N|N|N|N|N|N|N|||||0|0|0|0|
=> 10.%.%.%|root||Y|Y|Y|Y|Y|Y|Y|Y|Y|Y|N|Y|Y|Y|Y|Y|Y|Y|Y|Y|Y|Y|Y|Y|Y|Y|||||0|0|0|0|
=> 10.%.%.%|calendar|*2470C0C06DEE42FD1618BB99005ADCA2EC9D1E19|N|N|N|N|N|N|N|N|N|N|N|N|N|N|N|N|N|N|N|N|N|N|N|N|N|N|||||0|0|0|0|
=> 10.%.%.%|myuser|*6C8989366EAF75BB670AD8EA7A7FC1176A95CEF4|Y|Y|Y|Y|Y|Y|Y|Y|Y|Y|N|Y|Y|Y|Y|Y|Y|Y|Y|Y|Y|Y|Y|Y|Y|Y|||||0|0|0|0|
=> %.%.%.%|recipe_db|*B8392B6004FB27F98B346EC859A26F30AD3952B1|N|N|N|N|N|N|N|N|N|N|N|N|N|N|N|N|N|N|N|N|N|N|N|N|N|N|||||0|0|0|0|
=> %.%.%.%|testuser|*00E247AC5F9AF26AE0194B41E1E769DEE1429A29|N|N|N|N|N|N|N|N|N|N|N|N|N|N|N|N|N|N|N|N|N|N|N|N|N|N|||||0|0|0|0|
close connection
