PERL_DL_NONLAZY=1 /usr/local/bin/perl "-MExtUtils::Command::MM" "-e" "test_harness(0, 'blib/lib', 'blib/arch')" t/31sessions.t
# cmd[test CPAN::Test::Dummy::Perl5::Make::Features]expect[(?sx:Builds.rice.+
#           ANDK/CPAN-Test-Dummy-Perl5-Build-\d.+
#           \./Build[ ]test[ ]--[ ]OK.+
#           ANDK/cpantestdummies/CPAN-Test-Dummy-Perl5-Make-Features-\d.+
#           make\S*[ ]test[ ]--[ ]OK)]actual[Running test for module 'CPAN::Test::Dummy::Perl5::Make::Features'
# Running make for A/AN/ANDK/cpantestdummies/CPAN-Test-Dummy-Perl5-Make-Features-1.04.tar.gz
# Prepending /Users/tom/Code/perl/CPAN Test/CPAN-1.9304/t/dot-cpan/build/CPAN-Test-Dummy-Perl5-Make-1.05-iI3PwH/blib/arch /Users/tom/Code/perl/CPAN Test/CPAN-1.9304/t/dot-cpan/build/CPAN-Test-Dummy-Perl5-Make-1.05-iI3PwH/blib/lib to PERL5LIB for 'get'
# CPAN: Digest::SHA loaded ok (v5.47)
# Checksum for /Users/tom/Code/perl/CPAN Test/CPAN-1.9304/t/CPAN/authors/id/A/AN/ANDK/cpantestdummies/CPAN-Test-Dummy-Perl5-Make-Features-1.04.tar.gz ok
# Scanning cache /Users/tom/Code/perl/CPAN Test/CPAN-1.9304/t/dot-cpan/build for sizes
# ............................................................................DONE
# CPAN-Test-Dummy-Perl5-Make-Features-1.04/
# CPAN-Test-Dummy-Perl5-Make-Features-1.04/lib/
# CPAN-Test-Dummy-Perl5-Make-Features-1.04/lib/CPAN/
# CPAN-Test-Dummy-Perl5-Make-Features-1.04/lib/CPAN/Test/
# CPAN-Test-Dummy-Perl5-Make-Features-1.04/lib/CPAN/Test/Dummy/
# CPAN-Test-Dummy-Perl5-Make-Features-1.04/lib/CPAN/Test/Dummy/Perl5/
# CPAN-Test-Dummy-Perl5-Make-Features-1.04/lib/CPAN/Test/Dummy/Perl5/Make/
# CPAN-Test-Dummy-Perl5-Make-Features-1.04/lib/CPAN/Test/Dummy/Perl5/Make/Features.pm
# CPAN-Test-Dummy-Perl5-Make-Features-1.04/t/
# CPAN-Test-Dummy-Perl5-Make-Features-1.04/t/00_load.t
# CPAN-Test-Dummy-Perl5-Make-Features-1.04/MANIFEST
# CPAN-Test-Dummy-Perl5-Make-Features-1.04/Changes
# CPAN-Test-Dummy-Perl5-Make-Features-1.04/README
# CPAN-Test-Dummy-Perl5-Make-Features-1.04/Makefile.PL
# CPAN-Test-Dummy-Perl5-Make-Features-1.04/META.yml
# CPAN: File::Temp loaded ok (v0.21)
# Prepending /Users/tom/Code/perl/CPAN Test/CPAN-1.9304/t/dot-cpan/build/CPAN-Test-Dummy-Perl5-Make-1.05-iI3PwH/blib/arch /Users/tom/Code/perl/CPAN Test/CPAN-1.9304/t/dot-cpan/build/CPAN-Test-Dummy-Perl5-Make-1.05-iI3PwH/blib/lib to PERL5LIB for 'make'
# 
#   CPAN.pm: Going to build A/AN/ANDK/cpantestdummies/CPAN-Test-Dummy-Perl5-Make-Features-1.04.tar.gz
# 
# Checking if your kit is complete...
# Looks good
# Writing Makefile for CPAN::Test::Dummy::Perl5::Make::Features
# cp lib/CPAN/Test/Dummy/Perl5/Make/Features.pm blib/lib/CPAN/Test/Dummy/Perl5/Make/Features.pm
# Manifying blib/man3/CPAN::Test::Dummy::Perl5::Make::Features.3
#   ANDK/cpantestdummies/CPAN-Test-Dummy-Perl5-Make-Features-1.04.tar.gz
#   /usr/bin/make -- OK
# Prepending /Users/tom/Code/perl/CPAN Test/CPAN-1.9304/t/dot-cpan/build/CPAN-Test-Dummy-Perl5-Make-1.05-iI3PwH/blib/arch /Users/tom/Code/perl/CPAN Test/CPAN-1.9304/t/dot-cpan/build/CPAN-Test-Dummy-Perl5-Make-1.05-iI3PwH/blib/lib to PERL5LIB for 'test'
# Running make test
# PERL_DL_NONLAZY=1 /usr/local/bin/perl "-MExtUtils::Command::MM" "-e" "test_harness(0, 'blib/lib', 'blib/arch')" t/*.t
# t/00_load.t .. ok
# All tests successful.
# Files=1, Tests=2,  0 wallclock secs ( 0.03 usr +  0.01 sys =  0.04 CPU)
# Result: PASS
#   ANDK/cpantestdummies/CPAN-Test-Dummy-Perl5-Make-Features-1.04.tar.gz
#   /usr/bin/make test -- OK
# ]

#   Failed test 'cmd[test CPAN::Test::Dummy::Perl5::Make::Features]'
#   at t/31sessions.t line 300.
#                   'Running test for module 'CPAN::Test::Dummy::Perl5::Make::Features'
# Running make for A/AN/ANDK/cpantestdummies/CPAN-Test-Dummy-Perl5-Make-Features-1.04.tar.gz
# Prepending /Users/tom/Code/perl/CPAN Test/CPAN-1.9304/t/dot-cpan/build/CPAN-Test-Dummy-Perl5-Make-1.05-iI3PwH/blib/arch /Users/tom/Code/perl/CPAN Test/CPAN-1.9304/t/dot-cpan/build/CPAN-Test-Dummy-Perl5-Make-1.05-iI3PwH/blib/lib to PERL5LIB for 'get'
# CPAN: Digest::SHA loaded ok (v5.47)
# Checksum for /Users/tom/Code/perl/CPAN Test/CPAN-1.9304/t/CPAN/authors/id/A/AN/ANDK/cpantestdummies/CPAN-Test-Dummy-Perl5-Make-Features-1.04.tar.gz ok
# Scanning cache /Users/tom/Code/perl/CPAN Test/CPAN-1.9304/t/dot-cpan/build for sizes
# ............................................................................DONE
# CPAN-Test-Dummy-Perl5-Make-Features-1.04/
# CPAN-Test-Dummy-Perl5-Make-Features-1.04/lib/
# CPAN-Test-Dummy-Perl5-Make-Features-1.04/lib/CPAN/
# CPAN-Test-Dummy-Perl5-Make-Features-1.04/lib/CPAN/Test/
# CPAN-Test-Dummy-Perl5-Make-Features-1.04/lib/CPAN/Test/Dummy/
# CPAN-Test-Dummy-Perl5-Make-Features-1.04/lib/CPAN/Test/Dummy/Perl5/
# CPAN-Test-Dummy-Perl5-Make-Features-1.04/lib/CPAN/Test/Dummy/Perl5/Make/
# CPAN-Test-Dummy-Perl5-Make-Features-1.04/lib/CPAN/Test/Dummy/Perl5/Make/Features.pm
# CPAN-Test-Dummy-Perl5-Make-Features-1.04/t/
# CPAN-Test-Dummy-Perl5-Make-Features-1.04/t/00_load.t
# CPAN-Test-Dummy-Perl5-Make-Features-1.04/MANIFEST
# CPAN-Test-Dummy-Perl5-Make-Features-1.04/Changes
# CPAN-Test-Dummy-Perl5-Make-Features-1.04/README
# CPAN-Test-Dummy-Perl5-Make-Features-1.04/Makefile.PL
# CPAN-Test-Dummy-Perl5-Make-Features-1.04/META.yml
# CPAN: File::Temp loaded ok (v0.21)
# Prepending /Users/tom/Code/perl/CPAN Test/CPAN-1.9304/t/dot-cpan/build/CPAN-Test-Dummy-Perl5-Make-1.05-iI3PwH/blib/arch /Users/tom/Code/perl/CPAN Test/CPAN-1.9304/t/dot-cpan/build/CPAN-Test-Dummy-Perl5-Make-1.05-iI3PwH/blib/lib to PERL5LIB for 'make'
# 
#   CPAN.pm: Going to build A/AN/ANDK/cpantestdummies/CPAN-Test-Dummy-Perl5-Make-Features-1.04.tar.gz
# 
# Checking if your kit is complete...
# Looks good
# Writing Makefile for CPAN::Test::Dummy::Perl5::Make::Features
# cp lib/CPAN/Test/Dummy/Perl5/Make/Features.pm blib/lib/CPAN/Test/Dummy/Perl5/Make/Features.pm
# Manifying blib/man3/CPAN::Test::Dummy::Perl5::Make::Features.3
#   ANDK/cpantestdummies/CPAN-Test-Dummy-Perl5-Make-Features-1.04.tar.gz
#   /usr/bin/make -- OK
# Prepending /Users/tom/Code/perl/CPAN Test/CPAN-1.9304/t/dot-cpan/build/CPAN-Test-Dummy-Perl5-Make-1.05-iI3PwH/blib/arch /Users/tom/Code/perl/CPAN Test/CPAN-1.9304/t/dot-cpan/build/CPAN-Test-Dummy-Perl5-Make-1.05-iI3PwH/blib/lib to PERL5LIB for 'test'
# Running make test
# PERL_DL_NONLAZY=1 /usr/local/bin/perl "-MExtUtils::Command::MM" "-e" "test_harness(0, 'blib/lib', 'blib/arch')" t/*.t
# t/00_load.t .. ok
# All tests successful.
# Files=1, Tests=2,  0 wallclock secs ( 0.03 usr +  0.01 sys =  0.04 CPU)
# Result: PASS
#   ANDK/cpantestdummies/CPAN-Test-Dummy-Perl5-Make-Features-1.04.tar.gz
#   /usr/bin/make test -- OK
# '
#     doesn't match '/(?sx:Builds.rice.+
#           ANDK/CPAN-Test-Dummy-Perl5-Build-\d.+
#           \./Build[ ]test[ ]--[ ]OK.+
#           ANDK/cpantestdummies/CPAN-Test-Dummy-Perl5-Make-Features-\d.+
#           make\S*[ ]test[ ]--[ ]OK)/'
##6(optional_features)/0:{q['dump $::x=6*6+9']=>q["CPAN: Storable loaded ok (v2.18)\cJGoing to read /Users/tom/Code/perl/CPAN Test/CPAN-1.9304/t/dot-cpan/Metadata\cJWarning: Found only 37 objects in /Users/tom/Code/perl/CPAN Test/CPAN-1.9304/t/dot-cpan/Metadata\cJCPAN: LWP::UserAgent loaded ok (v5.824)\cJCPAN: Time::HiRes loaded ok (v1.9719)\cJCPAN: URI::URL loaded ok (v5.03)\cJCPAN: YAML loaded ok (v0.68)\cJGoing to read /Users/tom/Code/perl/CPAN Test/CPAN-1.9304/t/CPAN/authors/01mailrc.txt\cJCPAN: Compress::Zlib loaded ok (v2.015)\cJGoing to read 2 yaml files from /Users/tom/Code/perl/CPAN Test/CPAN-1.9304/t/dot-cpan/build/\cJ............................................................................DONE\cJRestored the state of 2 (in 0.0246 secs)\cJ............................................................................DONE\cJGoing to read /Users/tom/Code/perl/CPAN Test/CPAN-1.9304/t/CPAN/modules/02packages.details.txt\cJ  Database was generated on Tue, 03 Feb 1970 03:17:06 GMT\cJWarning: This index file is 14272 days old.\cJ  Please check the host you chose as your CPAN mirror for staleness.\cJ  I'll continue but problems seem likely to happen.\cG\cJ............................................................................DONE\cJGoing to read /Users/tom/Code/perl/CPAN Test/CPAN-1.9304/t/CPAN/modules/03modlist.data\cJ............................................................................DONE\cJGoing to write /Users/tom/Code/perl/CPAN Test/CPAN-1.9304/t/dot-cpan/Metadata\cJ\$VAR1 = 45;\cJ"]}
##6(optional_features)/1:{q['o conf prefs_dir /Users/tom/Code/perl/CPAN Test/CPAN-1.9304/t/dot-cpan/prefs']=>q['    prefs_dir          [/Users/tom/Code/perl/CPAN]
Please use \'o conf commit\' to make the config permanent!

']}
##6(optional_features)/2:{q['test CPAN::Test::Dummy::Perl5::Make::Features']=>q['Running test for module \'CPAN::Test::Dummy::Perl5::Make::Features\'
Running make for A/AN/ANDK/cpantestdummies/CPAN-Test-Dummy-Perl5-Make-Features-1.04.tar.gz
Prepending /Users/tom/Code/perl/CPAN Test/CPAN-1.9304/t/dot-cpan/build/CPAN-Test-Dummy-Perl5-Make-1.05-iI3PwH/blib/arch /Users/tom/Code/perl/CPAN Test/CPAN-1.9304/t/dot-cpan/build/CPAN-Test-Dummy-Perl5-Make-1.05-iI3PwH/blib/lib to PERL5LIB for \'get\'
CPAN: Digest::SHA loaded ok (v5.47)
Checksum for /Users/tom/Code/perl/CPAN Test/CPAN-1.9304/t/CPAN/authors/id/A/AN/ANDK/cpantestdummies/CPAN-Test-Dummy-Perl5-Make-Features-1.04.tar.gz ok
Scanning cache /Users/tom/Code/perl/CPAN Test/CPAN-1.9304/t/dot-cpan/build for sizes
............................................................................DONE
CPAN-Test-Dummy-Perl5-Make-Features-1.04/
CPAN-Test-Dummy-Perl5-Make-Features-1.04/lib/
CPAN-Test-Dummy-Perl5-Make-Features-1.04/lib/CPAN/
CPAN-Test-Dummy-Perl5-Make-Features-1.04/lib/CPAN/Test/
CPAN-Test-Dummy-Perl5-Make-Features-1.04/lib/CPAN/Test/Dummy/
CPAN-Test-Dummy-Perl5-Make-Features-1.04/lib/CPAN/Test/Dummy/Perl5/
CPAN-Test-Dummy-Perl5-Make-Features-1.04/lib/CPAN/Test/Dummy/Perl5/Make/
CPAN-Test-Dummy-Perl5-Make-Features-1.04/lib/CPAN/Test/Dummy/Perl5/Make/Features.pm
CPAN-Test-Dummy-Perl5-Make-Features-1.04/t/
CPAN-Test-Dummy-Perl5-Make-Features-1.04/t/00_load.t
CPAN-Test-Dummy-Perl5-Make-Features-1.04/MANIFEST
CPAN-Test-Dummy-Perl5-Make-Features-1.04/Changes
CPAN-Test-Dummy-Perl5-Make-Features-1.04/README
CPAN-Test-Dummy-Perl5-Make-Features-1.04/Makefile.PL
CPAN-Test-Dummy-Perl5-Make-Features-1.04/META.yml
CPAN: File::Temp loaded ok (v0.21)
Prepending /Users/tom/Code/perl/CPAN Test/CPAN-1.9304/t/dot-cpan/build/CPAN-Test-Dummy-Perl5-Make-1.05-iI3PwH/blib/arch /Users/tom/Code/perl/CPAN Test/CPAN-1.9304/t/dot-cpan/build/CPAN-Test-Dummy-Perl5-Make-1.05-iI3PwH/blib/lib to PERL5LIB for \'make\'

  CPAN.pm: Going to build A/AN/ANDK/cpantestdummies/CPAN-Test-Dummy-Perl5-Make-Features-1.04.tar.gz

Checking if your kit is complete...
Looks good
Writing Makefile for CPAN::Test::Dummy::Perl5::Make::Features
cp lib/CPAN/Test/Dummy/Perl5/Make/Features.pm blib/lib/CPAN/Test/Dummy/Perl5/Make/Features.pm
Manifying blib/man3/CPAN::Test::Dummy::Perl5::Make::Features.3
  ANDK/cpantestdummies/CPAN-Test-Dummy-Perl5-Make-Features-1.04.tar.gz
  /usr/bin/make -- OK
Prepending /Users/tom/Code/perl/CPAN Test/CPAN-1.9304/t/dot-cpan/build/CPAN-Test-Dummy-Perl5-Make-1.05-iI3PwH/blib/arch /Users/tom/Code/perl/CPAN Test/CPAN-1.9304/t/dot-cpan/build/CPAN-Test-Dummy-Perl5-Make-1.05-iI3PwH/blib/lib to PERL5LIB for \'test\'
Running make test
PERL_DL_NONLAZY=1 /usr/local/bin/perl "-MExtUtils::Command::MM" "-e" "test_harness(0, \'blib/lib\', \'blib/arch\')" t/*.t
t/00_load.t .. ok
All tests successful.
Files=1, Tests=2,  0 wallclock secs ( 0.03 usr +  0.01 sys =  0.04 CPU)
Result: PASS
  ANDK/cpantestdummies/CPAN-Test-Dummy-Perl5-Make-Features-1.04.tar.gz
  /usr/bin/make test -- OK
']}
# Looks like you failed 1 test of 56.
t/31sessions.t .. 
Dubious, test returned 1 (wstat 256, 0x100)
Failed 1/56 subtests 

Test Summary Report
-------------------
t/31sessions.t (Wstat: 256 Tests: 56 Failed: 1)
  Failed test:  52
  Non-zero exit status: 1
Files=1, Tests=56, 22 wallclock secs ( 0.03 usr  0.00 sys + 11.47 cusr  2.83 csys = 14.33 CPU)
Result: FAIL
Failed 1/1 test programs. 1/56 subtests failed.
make: *** [test_dynamic] Error 1
