From: srezic@cpan.org
X-Test-Reporter-Distfile: BINGOS/ExtUtils-MakeMaker-7.27_02.tar.gz
X-Test-Reporter-Perl: v5.22.3
Subject: FAIL ExtUtils-MakeMaker-7.27_02 x86_64-linux 4.4.0-59-generic
Report: This distribution has been tested as part of the CPAN Testers
project, supporting the Perl programming language.  See
http://wiki.cpantesters.org/ for more information or email
questions to cpan-testers-discuss@perl.org


--
Dear Chris Williams,

This is a computer-generated report for ExtUtils-MakeMaker-7.27_02
on perl 5.22.3, created by CPAN-Reporter-1.2018.

Thank you for uploading your work to CPAN.  However, there was a problem
testing your distribution.

If you think this report is invalid, please consult the CPAN Testers Wiki
for suggestions on how to avoid getting FAIL reports for missing library
or binary dependencies, unsupported operating systems, and so on:

http://wiki.cpantesters.org/wiki/CPANAuthorNotes

Sections of this report:

    * Tester comments
    * Program output
    * Prerequisites
    * Environment and other context

------------------------------
TESTER COMMENTS
------------------------------

Additional comments from tester:

none provided

------------------------------
PROGRAM OUTPUT
------------------------------

Output from '/usr/bin/make test':

PERL_DL_NONLAZY=1 "/opt/perl-5.22.3/bin/perl5.22.3" "-Iblib/arch" "-Iblib/lib" "-MExtUtils::Command::MM" "-MTest::Harness" "-e" "undef *Test::Harness::Switches; test_harness(0, 'blib/lib', 'blib/arch')" t/*.t
t/00compile.t ............. ok
t/01perl_bugs.t ........... ok
t/02-xsdynamic.t .......... ok

#   Failed test '"make" test  exited normally'
#   at lib/MakeMaker/Test/Setup/XS.pm line 456.
#          got: '512'
#     expected: '0'
# make[1]: Entering directory '/home/cpansand/.cpan/build/2017053009/ExtUtils-MakeMaker-7.27_02-0/t/XS-Teststatic'
# cp lib/XS/Test.pm blib/lib/XS/Test.pm
# "/opt/perl-5.22.3/bin/perl5.22.3" -w "/opt/perl-5.22.3/lib/site_perl/5.22.3/ExtUtils/xsubpp"  -typemap '/opt/perl-5.22.3/lib/5.22.3/ExtUtils/typemap' -typemap '/home/cpansand/.cpan/build/2017053009/ExtUtils-MakeMaker-7.27_02-0/t/XS-Teststatic/type map'  Test.xs > Test.xsc
# mv Test.xsc Test.c
# cc -c   -fwrapv -fno-strict-aliasing -pipe -fstack-protector-strong -I/usr/local/include -D_LARGEFILE_SOURCE -D_FILE_OFFSET_BITS=64 -O2   -DVERSION=\"1.01\" -DXS_VERSION=\"1.01\" -fPIC "-I/opt/perl-5.22.3/lib/5.22.3/x86_64-linux/CORE"   Test.c
# rm -f "blib/arch/auto/XS/Test/Test.a"
# /usr/bin/ar cr "blib/arch/auto/XS/Test/Test.a" Test.o
# : "blib/arch/auto/XS/Test/Test.a"
# chmod 755 blib/arch/auto/XS/Test/Test.a
# make[1]: Leaving directory '/home/cpansand/.cpan/build/2017053009/ExtUtils-MakeMaker-7.27_02-0/t/XS-Teststatic'
# 
# make[1]: Entering directory '/home/cpansand/.cpan/build/2017053009/ExtUtils-MakeMaker-7.27_02-0/t/XS-Teststatic'
# Writing "Makefile.aperl" for this perl
# Generating a Unix-style Makefile.aperl
# Writing Makefile.aperl for XS::Test
# Writing MYMETA.yml and MYMETA.json
# make -f Makefile.aperl perl
# make[2]: Entering directory '/home/cpansand/.cpan/build/2017053009/ExtUtils-MakeMaker-7.27_02-0/t/XS-Teststatic'
# Writing perlmain.c
# mv perlmain.ct perlmain.c
# cc -c   -fwrapv -fno-strict-aliasing -pipe -fstack-protector-strong -I/usr/local/include -D_LARGEFILE_SOURCE -D_FILE_OFFSET_BITS=64 -O2   -DVERSION=\"1.01\" -DXS_VERSION=\"1.01\" -fPIC "-I/opt/perl-5.22.3/lib/5.22.3/x86_64-linux/CORE"   perlmain.c
# cc -c   -fwrapv -fno-strict-aliasing -pipe -fstack-protector-strong -I/usr/local/include -D_LARGEFILE_SOURCE -D_FILE_OFFSET_BITS=64 -O2   -DVERSION=\"1.01\" -DXS_VERSION=\"1.01\" -fPIC "-I/opt/perl-5.22.3/lib/5.22.3/x86_64-linux/CORE"   Test.c
# rm -f "blib/arch/auto/XS/Test/Test.a"
# /usr/bin/ar cr "blib/arch/auto/XS/Test/Test.a" Test.o
# : "blib/arch/auto/XS/Test/Test.a"
# chmod 755 blib/arch/auto/XS/Test/Test.a
# make[2]: *** No rule to make target '/opt/perl-5.22.3/lib/site_perl/5.22.3/x86_64-linux/auto/Alien/ROOT/root/lib/root/extralibs.ld', needed by 'blib/arch/auto/XS/Test/extralibs.all'.  Stop.
# make[2]: Leaving directory '/home/cpansand/.cpan/build/2017053009/ExtUtils-MakeMaker-7.27_02-0/t/XS-Teststatic'
# Makefile:974: recipe for target 'perl' failed
# make[1]: *** [perl] Error 2
# make[1]: Leaving directory '/home/cpansand/.cpan/build/2017053009/ExtUtils-MakeMaker-7.27_02-0/t/XS-Teststatic'

#   Failed test '"make" test_static  exited normally'
#   at lib/MakeMaker/Test/Setup/XS.pm line 456.
#          got: '512'
#     expected: '0'
# make[1]: Entering directory '/home/cpansand/.cpan/build/2017053009/ExtUtils-MakeMaker-7.27_02-0/t/XS-Testbasicstatic'
# "/opt/perl-5.22.3/bin/perl5.22.3" -w "/opt/perl-5.22.3/lib/site_perl/5.22.3/ExtUtils/xsubpp"  -typemap '/opt/perl-5.22.3/lib/5.22.3/ExtUtils/typemap' -typemap '/home/cpansand/.cpan/build/2017053009/ExtUtils-MakeMaker-7.27_02-0/t/XS-Testbasicstatic/type map'  Test.xs > Test.xsc
# mv Test.xsc Test.c
# cc -c   -fwrapv -fno-strict-aliasing -pipe -fstack-protector-strong -I/usr/local/include -D_LARGEFILE_SOURCE -D_FILE_OFFSET_BITS=64 -O2   -DVERSION=\"1.01\" -DXS_VERSION=\"1.01\" -fPIC "-I/opt/perl-5.22.3/lib/5.22.3/x86_64-linux/CORE"   Test.c
# rm -f "blib/arch/auto/XS/Test/Test.a"
# /usr/bin/ar cr "blib/arch/auto/XS/Test/Test.a" Test.o
# : "blib/arch/auto/XS/Test/Test.a"
# chmod 755 blib/arch/auto/XS/Test/Test.a
# make[1]: Leaving directory '/home/cpansand/.cpan/build/2017053009/ExtUtils-MakeMaker-7.27_02-0/t/XS-Testbasicstatic'
# 
# make[1]: Entering directory '/home/cpansand/.cpan/build/2017053009/ExtUtils-MakeMaker-7.27_02-0/t/XS-Testbasicstatic'
# cp lib/XS/Test.pm blib/lib/XS/Test.pm
# Running Mkbootstrap for Test ()
# chmod 644 "Test.bs"
# "/opt/perl-5.22.3/bin/perl5.22.3" -w -MExtUtils::Command::MM -e 'cp_nonempty' -- Test.bs blib/arch/auto/XS/Test/Test.bs 644
# rm -f blib/arch/auto/XS/Test/Test.so
# cc  -shared -O2 -L/usr/local/lib -fstack-protector-strong  Test.o  -o blib/arch/auto/XS/Test/Test.so  \
#       \
#   
# chmod 755 blib/arch/auto/XS/Test/Test.so
# Writing "Makefile.aperl" for this perl
# Generating a Unix-style Makefile.aperl
# Writing Makefile.aperl for XS::Test
# Writing MYMETA.yml and MYMETA.json
# make -f Makefile.aperl perl
# make[2]: Entering directory '/home/cpansand/.cpan/build/2017053009/ExtUtils-MakeMaker-7.27_02-0/t/XS-Testbasicstatic'
# Writing perlmain.c
# mv perlmain.ct perlmain.c
# cc -c   -fwrapv -fno-strict-aliasing -pipe -fstack-protector-strong -I/usr/local/include -D_LARGEFILE_SOURCE -D_FILE_OFFSET_BITS=64 -O2   -DVERSION=\"1.01\" -DXS_VERSION=\"1.01\" -fPIC "-I/opt/perl-5.22.3/lib/5.22.3/x86_64-linux/CORE"   perlmain.c
# cc -c   -fwrapv -fno-strict-aliasing -pipe -fstack-protector-strong -I/usr/local/include -D_LARGEFILE_SOURCE -D_FILE_OFFSET_BITS=64 -O2   -DVERSION=\"1.01\" -DXS_VERSION=\"1.01\" -fPIC "-I/opt/perl-5.22.3/lib/5.22.3/x86_64-linux/CORE"   Test.c
# rm -f "blib/arch/auto/XS/Test/Test.a"
# /usr/bin/ar cr "blib/arch/auto/XS/Test/Test.a" Test.o
# : "blib/arch/auto/XS/Test/Test.a"
# chmod 755 blib/arch/auto/XS/Test/Test.a
# make[2]: *** No rule to make target '/opt/perl-5.22.3/lib/site_perl/5.22.3/x86_64-linux/auto/Alien/ROOT/root/lib/root/extralibs.ld', needed by 'blib/arch/auto/XS/Test/extralibs.all'.  Stop.
# make[2]: Leaving directory '/home/cpansand/.cpan/build/2017053009/ExtUtils-MakeMaker-7.27_02-0/t/XS-Testbasicstatic'
# Makefile:973: recipe for target 'perl' failed
# make[1]: *** [perl] Error 2
# make[1]: Leaving directory '/home/cpansand/.cpan/build/2017053009/ExtUtils-MakeMaker-7.27_02-0/t/XS-Testbasicstatic'

#   Failed test '"make" test_static  exited normally'
#   at lib/MakeMaker/Test/Setup/XS.pm line 456.
#          got: '512'
#     expected: '0'
# make[1]: Entering directory '/home/cpansand/.cpan/build/2017053009/ExtUtils-MakeMaker-7.27_02-0/t/XS-Testmultistatic'
# "/opt/perl-5.22.3/bin/perl5.22.3" -w "/opt/perl-5.22.3/lib/site_perl/5.22.3/ExtUtils/xsubpp"  -typemap '/opt/perl-5.22.3/lib/5.22.3/ExtUtils/typemap' -typemap '/home/cpansand/.cpan/build/2017053009/ExtUtils-MakeMaker-7.27_02-0/t/XS-Testmultistatic/lib/XS/type map' lib/XS/Other.xs > lib/XS/Other.xsc
# mv lib/XS/Other.xsc lib/XS/Other.c
# cc -c   \
# -fwrapv -fno-strict-aliasing -pipe -fstack-protector-strong -I/usr/local/include -D_LARGEFILE_SOURCE -D_FILE_OFFSET_BITS=64 -O2 \
#   -DVERSION=\"1.2\" \
# -DXS_VERSION=\"1.2\" -fPIC "-I/opt/perl-5.22.3/lib/5.22.3/x86_64-linux/CORE"   lib/XS/Other.c -o lib/XS/Other.o
# rm -f "blib/arch/auto/XS/Other/Other.a"
# /usr/bin/ar cr "blib/arch/auto/XS/Other/Other.a" lib/XS/Other.o
# : "blib/arch/auto/XS/Other/Other.a"
# chmod 755 blib/arch/auto/XS/Other/Other.a
# "/opt/perl-5.22.3/bin/perl5.22.3" -w "/opt/perl-5.22.3/lib/site_perl/5.22.3/ExtUtils/xsubpp"  -typemap '/opt/perl-5.22.3/lib/5.22.3/ExtUtils/typemap' -typemap '/home/cpansand/.cpan/build/2017053009/ExtUtils-MakeMaker-7.27_02-0/t/XS-Testmultistatic/lib/XS/type map' lib/XS/Test.xs > lib/XS/Test.xsc
# mv lib/XS/Test.xsc lib/XS/Test.c
# cc -c   \
# -fwrapv -fno-strict-aliasing -pipe -fstack-protector-strong -I/usr/local/include -D_LARGEFILE_SOURCE -D_FILE_OFFSET_BITS=64 -O2 \
#   -DVERSION=\"1.01\" \
# -DXS_VERSION=\"1.01\" -fPIC "-I/opt/perl-5.22.3/lib/5.22.3/x86_64-linux/CORE"   lib/XS/Test.c -o lib/XS/Test.o
# rm -f "blib/arch/auto/XS/Test/Test.a"
# /usr/bin/ar cr "blib/arch/auto/XS/Test/Test.a" lib/XS/Test.o
# : "blib/arch/auto/XS/Test/Test.a"
# chmod 755 blib/arch/auto/XS/Test/Test.a
# make[1]: Leaving directory '/home/cpansand/.cpan/build/2017053009/ExtUtils-MakeMaker-7.27_02-0/t/XS-Testmultistatic'
# 
# make[1]: Entering directory '/home/cpansand/.cpan/build/2017053009/ExtUtils-MakeMaker-7.27_02-0/t/XS-Testmultistatic'
# cp lib/XS/type map blib/lib/XS/type map
# cp lib/XS/Test.pm blib/lib/XS/Test.pm
# cp lib/XS/Other.pm blib/lib/XS/Other.pm
# cp lib/XS/header.h blib/lib/XS/header.h
# Running Mkbootstrap for lib/XS/Other ()
# chmod 644 "lib/XS/Other.bs"
# "/opt/perl-5.22.3/bin/perl5.22.3" -w -MExtUtils::Command::MM -e 'cp_nonempty' -- lib/XS/Other.bs blib/arch/auto/XS/Other/Other.bs 644
# Running Mkbootstrap for lib/XS/Test ()
# chmod 644 "lib/XS/Test.bs"
# "/opt/perl-5.22.3/bin/perl5.22.3" -w -MExtUtils::Command::MM -e 'cp_nonempty' -- lib/XS/Test.bs blib/arch/auto/XS/Test/Test.bs 644
# rm -f blib/arch/auto/XS/Other/Other.so
# cc  -shared -O2 -L/usr/local/lib -fstack-protector-strong  lib/XS/Other.o  -o blib/arch/auto/XS/Other/Other.so  \
#       \
#   
# chmod 755 blib/arch/auto/XS/Other/Other.so
# rm -f blib/arch/auto/XS/Test/Test.so
# cc  -shared -O2 -L/usr/local/lib -fstack-protector-strong  lib/XS/Test.o  -o blib/arch/auto/XS/Test/Test.so  \
#       \
#   
# chmod 755 blib/arch/auto/XS/Test/Test.so
# Writing "Makefile.aperl" for this perl
# Generating a Unix-style Makefile.aperl
# Writing Makefile.aperl for XS::Test
# Writing MYMETA.yml and MYMETA.json
# make -f Makefile.aperl perl
# make[2]: Entering directory '/home/cpansand/.cpan/build/2017053009/ExtUtils-MakeMaker-7.27_02-0/t/XS-Testmultistatic'
# Writing perlmain.c
# mv perlmain.ct perlmain.c
# cc -c   -fwrapv -fno-strict-aliasing -pipe -fstack-protector-strong -I/usr/local/include -D_LARGEFILE_SOURCE -D_FILE_OFFSET_BITS=64 -O2   -DVERSION=\"1.01\" -DXS_VERSION=\"1.01\" -fPIC "-I/opt/perl-5.22.3/lib/5.22.3/x86_64-linux/CORE"   perlmain.c -o perlmain.o
# "/opt/perl-5.22.3/bin/perl5.22.3" -w "/opt/perl-5.22.3/lib/site_perl/5.22.3/ExtUtils/xsubpp"  -typemap '/opt/perl-5.22.3/lib/5.22.3/ExtUtils/typemap' -typemap '/home/cpansand/.cpan/build/2017053009/ExtUtils-MakeMaker-7.27_02-0/t/XS-Testmultistatic/lib/XS/type map' lib/XS/Test.xs > lib/XS/Test.xsc
# mv lib/XS/Test.xsc lib/XS/Test.c
# cc -c   \
# -fwrapv -fno-strict-aliasing -pipe -fstack-protector-strong -I/usr/local/include -D_LARGEFILE_SOURCE -D_FILE_OFFSET_BITS=64 -O2 \
#   -DVERSION=\"1.01\" \
# -DXS_VERSION=\"1.01\" -fPIC "-I/opt/perl-5.22.3/lib/5.22.3/x86_64-linux/CORE"   lib/XS/Test.c -o lib/XS/Test.o
# rm -f "blib/arch/auto/XS/Test/Test.a"
# /usr/bin/ar cr "blib/arch/auto/XS/Test/Test.a" lib/XS/Test.o
# : "blib/arch/auto/XS/Test/Test.a"
# chmod 755 blib/arch/auto/XS/Test/Test.a
# make[2]: *** No rule to make target '/opt/perl-5.22.3/lib/site_perl/5.22.3/x86_64-linux/auto/Alien/ROOT/root/lib/root/extralibs.ld', needed by 'blib/arch/auto/XS/Test/extralibs.all'.  Stop.
# make[2]: Leaving directory '/home/cpansand/.cpan/build/2017053009/ExtUtils-MakeMaker-7.27_02-0/t/XS-Testmultistatic'
# Makefile:1039: recipe for target 'perl' failed
# make[1]: *** [perl] Error 2
# make[1]: Leaving directory '/home/cpansand/.cpan/build/2017053009/ExtUtils-MakeMaker-7.27_02-0/t/XS-Testmultistatic'

#   Failed test '"make" test LINKTYPE=static exited normally'
#   at lib/MakeMaker/Test/Setup/XS.pm line 456.
#          got: '512'
#     expected: '0'
# make[1]: Entering directory '/home/cpansand/.cpan/build/2017053009/ExtUtils-MakeMaker-7.27_02-0/t/XS-TestsubdirsLINKTYPEstatic'
# cp Test.pm blib/lib/XS/Test.pm
# make[2]: Entering directory '/home/cpansand/.cpan/build/2017053009/ExtUtils-MakeMaker-7.27_02-0/t/XS-TestsubdirsLINKTYPEstatic/Other'
# cp Other.pm ../blib/lib/XS/Other.pm
# Running Mkbootstrap for Other ()
# chmod 644 "Other.bs"
# "/opt/perl-5.22.3/bin/perl5.22.3" -w -MExtUtils::Command::MM -e 'cp_nonempty' -- Other.bs ../blib/arch/auto/XS/Other/Other.bs 644
# "/opt/perl-5.22.3/bin/perl5.22.3" -w "/opt/perl-5.22.3/lib/site_perl/5.22.3/ExtUtils/xsubpp"  -typemap '/opt/perl-5.22.3/lib/5.22.3/ExtUtils/typemap'  Other.xs > Other.xsc
# mv Other.xsc Other.c
# cc -c -Inewline   -fwrapv -fno-strict-aliasing -pipe -fstack-protector-strong -I/usr/local/include -D_LARGEFILE_SOURCE -D_FILE_OFFSET_BITS=64 -O2   -DVERSION=\"1.2\" -DXS_VERSION=\"1.2\" -fPIC "-I/opt/perl-5.22.3/lib/5.22.3/x86_64-linux/CORE" -DINVAR=input   Other.c
# rm -f ../blib/arch/auto/XS/Other/Other.so
# cc  -shared -O2 -L/usr/local/lib -fstack-protector-strong  Other.o  -o ../blib/arch/auto/XS/Other/Other.so  \
#       \
#   
# chmod 755 ../blib/arch/auto/XS/Other/Other.so
# make[2]: Leaving directory '/home/cpansand/.cpan/build/2017053009/ExtUtils-MakeMaker-7.27_02-0/t/XS-TestsubdirsLINKTYPEstatic/Other'
# Running Mkbootstrap for Test ()
# chmod 644 "Test.bs"
# "/opt/perl-5.22.3/bin/perl5.22.3" -w -MExtUtils::Command::MM -e 'cp_nonempty' -- Test.bs blib/arch/auto/XS/Test/Test.bs 644
# "/opt/perl-5.22.3/bin/perl5.22.3" -w "/opt/perl-5.22.3/lib/site_perl/5.22.3/ExtUtils/xsubpp"  -typemap '/opt/perl-5.22.3/lib/5.22.3/ExtUtils/typemap' -typemap '/home/cpansand/.cpan/build/2017053009/ExtUtils-MakeMaker-7.27_02-0/t/XS-TestsubdirsLINKTYPEstatic/type map'  Test.xs > Test.xsc
# mv Test.xsc Test.c
# cc -c  -Inewline -fwrapv -fno-strict-aliasing -pipe -fstack-protector-strong -I/usr/local/include -D_LARGEFILE_SOURCE -D_FILE_OFFSET_BITS=64 -O2   -DVERSION=\"1.01\" -DXS_VERSION=\"1.01\" -fPIC "-I/opt/perl-5.22.3/lib/5.22.3/x86_64-linux/CORE"  -DINVAR=input Test.c
# rm -f blib/arch/auto/XS/Test/Test.so
# cc  -shared -O2 -L/usr/local/lib -fstack-protector-strong  Test.o  -o blib/arch/auto/XS/Test/Test.so  \
#       \
#   
# chmod 755 blib/arch/auto/XS/Test/Test.so
# make[1]: Leaving directory '/home/cpansand/.cpan/build/2017053009/ExtUtils-MakeMaker-7.27_02-0/t/XS-TestsubdirsLINKTYPEstatic'
# 
# make[1]: Entering directory '/home/cpansand/.cpan/build/2017053009/ExtUtils-MakeMaker-7.27_02-0/t/XS-TestsubdirsLINKTYPEstatic'
# rm -f "blib/arch/auto/XS/Test/Test.a"
# /usr/bin/ar cr "blib/arch/auto/XS/Test/Test.a" Test.o
# : "blib/arch/auto/XS/Test/Test.a"
# chmod 755 blib/arch/auto/XS/Test/Test.a
# make[2]: Entering directory '/home/cpansand/.cpan/build/2017053009/ExtUtils-MakeMaker-7.27_02-0/t/XS-TestsubdirsLINKTYPEstatic/Other'
# "/opt/perl-5.22.3/bin/perl5.22.3" -w -MExtUtils::Command::MM -e 'cp_nonempty' -- Other.bs ../blib/arch/auto/XS/Other/Other.bs 644
# make[2]: Leaving directory '/home/cpansand/.cpan/build/2017053009/ExtUtils-MakeMaker-7.27_02-0/t/XS-TestsubdirsLINKTYPEstatic/Other'
# "/opt/perl-5.22.3/bin/perl5.22.3" -w -MExtUtils::Command::MM -e 'cp_nonempty' -- Test.bs blib/arch/auto/XS/Test/Test.bs 644
# make[2]: Entering directory '/home/cpansand/.cpan/build/2017053009/ExtUtils-MakeMaker-7.27_02-0/t/XS-TestsubdirsLINKTYPEstatic/Other'
# rm -f "../blib/arch/auto/XS/Other/Other.a"
# /usr/bin/ar cr "../blib/arch/auto/XS/Other/Other.a" Other.o
# : "../blib/arch/auto/XS/Other/Other.a"
# chmod 755 ../blib/arch/auto/XS/Other/Other.a
# "/opt/perl-5.22.3/bin/perl5.22.3" -w -MExtUtils::Command::MM -e 'cp_nonempty' -- Other.bs ../blib/arch/auto/XS/Other/Other.bs 644
# No tests defined for XS::Other extension.
# make[2]: Leaving directory '/home/cpansand/.cpan/build/2017053009/ExtUtils-MakeMaker-7.27_02-0/t/XS-TestsubdirsLINKTYPEstatic/Other'
# Writing "Makefile.aperl" for this perl
# Generating a Unix-style Makefile.aperl
# Writing Makefile.aperl for XS::Test
# Writing MYMETA.yml and MYMETA.json
# make -f Makefile.aperl perl
# make[2]: Entering directory '/home/cpansand/.cpan/build/2017053009/ExtUtils-MakeMaker-7.27_02-0/t/XS-TestsubdirsLINKTYPEstatic'
# Writing perlmain.c
# mv perlmain.ct perlmain.c
# cc -c  -Inewline -fwrapv -fno-strict-aliasing -pipe -fstack-protector-strong -I/usr/local/include -D_LARGEFILE_SOURCE -D_FILE_OFFSET_BITS=64 -O2   -DVERSION=\"1.01\" -DXS_VERSION=\"1.01\" -fPIC "-I/opt/perl-5.22.3/lib/5.22.3/x86_64-linux/CORE"  -DINVAR=input perlmain.c
# cc -c  -Inewline -fwrapv -fno-strict-aliasing -pipe -fstack-protector-strong -I/usr/local/include -D_LARGEFILE_SOURCE -D_FILE_OFFSET_BITS=64 -O2   -DVERSION=\"1.01\" -DXS_VERSION=\"1.01\" -fPIC "-I/opt/perl-5.22.3/lib/5.22.3/x86_64-linux/CORE"  -DINVAR=input Test.c
# rm -f "blib/arch/auto/XS/Test/Test.a"
# /usr/bin/ar cr "blib/arch/auto/XS/Test/Test.a" Test.o
# : "blib/arch/auto/XS/Test/Test.a"
# chmod 755 blib/arch/auto/XS/Test/Test.a
# make[2]: *** No rule to make target '/opt/perl-5.22.3/lib/site_perl/5.22.3/x86_64-linux/auto/Alien/ROOT/root/lib/root/extralibs.ld', needed by 'blib/arch/auto/XS/Test/extralibs.all'.  Stop.
# make[2]: Leaving directory '/home/cpansand/.cpan/build/2017053009/ExtUtils-MakeMaker-7.27_02-0/t/XS-TestsubdirsLINKTYPEstatic'
# Makefile:986: recipe for target 'perl' failed
# make[1]: *** [perl] Error 2
# make[1]: Leaving directory '/home/cpansand/.cpan/build/2017053009/ExtUtils-MakeMaker-7.27_02-0/t/XS-TestsubdirsLINKTYPEstatic'

#   Failed test '"make" test  exited normally'
#   at lib/MakeMaker/Test/Setup/XS.pm line 456.
#          got: '512'
#     expected: '0'
# make[1]: Entering directory '/home/cpansand/.cpan/build/2017053009/ExtUtils-MakeMaker-7.27_02-0/t/XS-Testsubdirsstatic'
# cp Test.pm blib/lib/XS/Test.pm
# make[2]: Entering directory '/home/cpansand/.cpan/build/2017053009/ExtUtils-MakeMaker-7.27_02-0/t/XS-Testsubdirsstatic/Other'
# cp Other.pm ../blib/lib/XS/Other.pm
# "/opt/perl-5.22.3/bin/perl5.22.3" -w "/opt/perl-5.22.3/lib/site_perl/5.22.3/ExtUtils/xsubpp"  -typemap '/opt/perl-5.22.3/lib/5.22.3/ExtUtils/typemap'  Other.xs > Other.xsc
# mv Other.xsc Other.c
# cc -c   -fwrapv -fno-strict-aliasing -pipe -fstack-protector-strong -I/usr/local/include -D_LARGEFILE_SOURCE -D_FILE_OFFSET_BITS=64 -O2   -DVERSION=\"1.2\" -DXS_VERSION=\"1.2\" -fPIC "-I/opt/perl-5.22.3/lib/5.22.3/x86_64-linux/CORE" -DINVAR=input   Other.c
# rm -f "../blib/arch/auto/XS/Other/Other.a"
# /usr/bin/ar cr "../blib/arch/auto/XS/Other/Other.a" Other.o
# : "../blib/arch/auto/XS/Other/Other.a"
# chmod 755 ../blib/arch/auto/XS/Other/Other.a
# make[2]: Leaving directory '/home/cpansand/.cpan/build/2017053009/ExtUtils-MakeMaker-7.27_02-0/t/XS-Testsubdirsstatic/Other'
# "/opt/perl-5.22.3/bin/perl5.22.3" -w "/opt/perl-5.22.3/lib/site_perl/5.22.3/ExtUtils/xsubpp"  -typemap '/opt/perl-5.22.3/lib/5.22.3/ExtUtils/typemap' -typemap '/home/cpansand/.cpan/build/2017053009/ExtUtils-MakeMaker-7.27_02-0/t/XS-Testsubdirsstatic/type map'  Test.xs > Test.xsc
# mv Test.xsc Test.c
# cc -c   -fwrapv -fno-strict-aliasing -pipe -fstack-protector-strong -I/usr/local/include -D_LARGEFILE_SOURCE -D_FILE_OFFSET_BITS=64 -O2   -DVERSION=\"1.01\" -DXS_VERSION=\"1.01\" -fPIC "-I/opt/perl-5.22.3/lib/5.22.3/x86_64-linux/CORE"  -DINVAR=input Test.c
# rm -f "blib/arch/auto/XS/Test/Test.a"
# /usr/bin/ar cr "blib/arch/auto/XS/Test/Test.a" Test.o
# : "blib/arch/auto/XS/Test/Test.a"
# chmod 755 blib/arch/auto/XS/Test/Test.a
# make[1]: Leaving directory '/home/cpansand/.cpan/build/2017053009/ExtUtils-MakeMaker-7.27_02-0/t/XS-Testsubdirsstatic'
# 
# make[1]: Entering directory '/home/cpansand/.cpan/build/2017053009/ExtUtils-MakeMaker-7.27_02-0/t/XS-Testsubdirsstatic'
# make[2]: Entering directory '/home/cpansand/.cpan/build/2017053009/ExtUtils-MakeMaker-7.27_02-0/t/XS-Testsubdirsstatic/Other'
# make[2]: Leaving directory '/home/cpansand/.cpan/build/2017053009/ExtUtils-MakeMaker-7.27_02-0/t/XS-Testsubdirsstatic/Other'
# make[2]: Entering directory '/home/cpansand/.cpan/build/2017053009/ExtUtils-MakeMaker-7.27_02-0/t/XS-Testsubdirsstatic/Other'
# No tests defined for XS::Other extension.
# make[2]: Leaving directory '/home/cpansand/.cpan/build/2017053009/ExtUtils-MakeMaker-7.27_02-0/t/XS-Testsubdirsstatic/Other'
# Writing "Makefile.aperl" for this perl
# Generating a Unix-style Makefile.aperl
# Writing Makefile.aperl for XS::Test
# Writing MYMETA.yml and MYMETA.json
# make -f Makefile.aperl perl
# make[2]: Entering directory '/home/cpansand/.cpan/build/2017053009/ExtUtils-MakeMaker-7.27_02-0/t/XS-Testsubdirsstatic'
# Writing perlmain.c
# mv perlmain.ct perlmain.c
# cc -c   -fwrapv -fno-strict-aliasing -pipe -fstack-protector-strong -I/usr/local/include -D_LARGEFILE_SOURCE -D_FILE_OFFSET_BITS=64 -O2   -DVERSION=\"1.01\" -DXS_VERSION=\"1.01\" -fPIC "-I/opt/perl-5.22.3/lib/5.22.3/x86_64-linux/CORE"  -DINVAR=input perlmain.c
# cc -c   -fwrapv -fno-strict-aliasing -pipe -fstack-protector-strong -I/usr/local/include -D_LARGEFILE_SOURCE -D_FILE_OFFSET_BITS=64 -O2   -DVERSION=\"1.01\" -DXS_VERSION=\"1.01\" -fPIC "-I/opt/perl-5.22.3/lib/5.22.3/x86_64-linux/CORE"  -DINVAR=input Test.c
# rm -f "blib/arch/auto/XS/Test/Test.a"
# /usr/bin/ar cr "blib/arch/auto/XS/Test/Test.a" Test.o
# : "blib/arch/auto/XS/Test/Test.a"
# chmod 755 blib/arch/auto/XS/Test/Test.a
# make[2]: *** No rule to make target '/opt/perl-5.22.3/lib/site_perl/5.22.3/x86_64-linux/auto/Alien/ROOT/root/lib/root/extralibs.ld', needed by 'blib/arch/auto/XS/Test/extralibs.all'.  Stop.
# make[2]: Leaving directory '/home/cpansand/.cpan/build/2017053009/ExtUtils-MakeMaker-7.27_02-0/t/XS-Testsubdirsstatic'
# Makefile:983: recipe for target 'perl' failed
# make[1]: *** [perl] Error 2
# make[1]: Leaving directory '/home/cpansand/.cpan/build/2017053009/ExtUtils-MakeMaker-7.27_02-0/t/XS-Testsubdirsstatic'

#   Failed test '"make" test  exited normally'
#   at lib/MakeMaker/Test/Setup/XS.pm line 456.
#          got: '512'
#     expected: '0'
# make[1]: Entering directory '/home/cpansand/.cpan/build/2017053009/ExtUtils-MakeMaker-7.27_02-0/t/XS-Teststaticmulti'
# cp lib/XS/header.h blib/lib/XS/header.h
# cp lib/XS/Test.pm blib/lib/XS/Test.pm
# cp lib/XS/Other.pm blib/lib/XS/Other.pm
# cp lib/XS/type map blib/lib/XS/type map
# "/opt/perl-5.22.3/bin/perl5.22.3" -w "/opt/perl-5.22.3/lib/site_perl/5.22.3/ExtUtils/xsubpp"  -typemap '/opt/perl-5.22.3/lib/5.22.3/ExtUtils/typemap' lib/XS/Other.xs > lib/XS/Other.xsc
# mv lib/XS/Other.xsc lib/XS/Other.c
# cc -c   \
# -fwrapv -fno-strict-aliasing -pipe -fstack-protector-strong -I/usr/local/include -D_LARGEFILE_SOURCE -D_FILE_OFFSET_BITS=64 -O2 \
#   -DVERSION=\"1.2\" \
# -DXS_VERSION=\"1.2\" -fPIC "-I/opt/perl-5.22.3/lib/5.22.3/x86_64-linux/CORE"   lib/XS/Other.c -o lib/XS/Other.o
# rm -f "blib/arch/auto/XS/Other/Other.a"
# /usr/bin/ar cr "blib/arch/auto/XS/Other/Other.a" lib/XS/Other.o
# : "blib/arch/auto/XS/Other/Other.a"
# chmod 755 blib/arch/auto/XS/Other/Other.a
# "/opt/perl-5.22.3/bin/perl5.22.3" -w "/opt/perl-5.22.3/lib/site_perl/5.22.3/ExtUtils/xsubpp"  -typemap '/opt/perl-5.22.3/lib/5.22.3/ExtUtils/typemap' lib/XS/Test.xs > lib/XS/Test.xsc
# mv lib/XS/Test.xsc lib/XS/Test.c
# cc -c   \
# -fwrapv -fno-strict-aliasing -pipe -fstack-protector-strong -I/usr/local/include -D_LARGEFILE_SOURCE -D_FILE_OFFSET_BITS=64 -O2 \
#   -DVERSION=\"1.01\" \
# -DXS_VERSION=\"1.01\" -fPIC "-I/opt/perl-5.22.3/lib/5.22.3/x86_64-linux/CORE"   lib/XS/Test.c -o lib/XS/Test.o
# rm -f "blib/arch/auto/XS/Test/Test.a"
# /usr/bin/ar cr "blib/arch/auto/XS/Test/Test.a" lib/XS/Test.o
# : "blib/arch/auto/XS/Test/Test.a"
# chmod 755 blib/arch/auto/XS/Test/Test.a
# make[1]: Leaving directory '/home/cpansand/.cpan/build/2017053009/ExtUtils-MakeMaker-7.27_02-0/t/XS-Teststaticmulti'
# 
# make[1]: Entering directory '/home/cpansand/.cpan/build/2017053009/ExtUtils-MakeMaker-7.27_02-0/t/XS-Teststaticmulti'
# Writing "Makefile.aperl" for this perl
# Typemap type map not found.
# Generating a Unix-style Makefile.aperl
# Writing Makefile.aperl for XS::Test
# Writing MYMETA.yml and MYMETA.json
# make -f Makefile.aperl perl
# make[2]: Entering directory '/home/cpansand/.cpan/build/2017053009/ExtUtils-MakeMaker-7.27_02-0/t/XS-Teststaticmulti'
# Writing perlmain.c
# mv perlmain.ct perlmain.c
# cc -c   -fwrapv -fno-strict-aliasing -pipe -fstack-protector-strong -I/usr/local/include -D_LARGEFILE_SOURCE -D_FILE_OFFSET_BITS=64 -O2   -DVERSION=\"1.01\" -DXS_VERSION=\"1.01\" -fPIC "-I/opt/perl-5.22.3/lib/5.22.3/x86_64-linux/CORE"   perlmain.c -o perlmain.o
# "/opt/perl-5.22.3/bin/perl5.22.3" -w "/opt/perl-5.22.3/lib/site_perl/5.22.3/ExtUtils/xsubpp"  -typemap '/opt/perl-5.22.3/lib/5.22.3/ExtUtils/typemap' lib/XS/Test.xs > lib/XS/Test.xsc
# mv lib/XS/Test.xsc lib/XS/Test.c
# cc -c   \
# -fwrapv -fno-strict-aliasing -pipe -fstack-protector-strong -I/usr/local/include -D_LARGEFILE_SOURCE -D_FILE_OFFSET_BITS=64 -O2 \
#   -DVERSION=\"1.01\" \
# -DXS_VERSION=\"1.01\" -fPIC "-I/opt/perl-5.22.3/lib/5.22.3/x86_64-linux/CORE"   lib/XS/Test.c -o lib/XS/Test.o
# rm -f "blib/arch/auto/XS/Test/Test.a"
# /usr/bin/ar cr "blib/arch/auto/XS/Test/Test.a" lib/XS/Test.o
# : "blib/arch/auto/XS/Test/Test.a"
# chmod 755 blib/arch/auto/XS/Test/Test.a
# make[2]: *** No rule to make target '/opt/perl-5.22.3/lib/site_perl/5.22.3/x86_64-linux/auto/Alien/ROOT/root/lib/root/extralibs.ld', needed by 'blib/arch/auto/XS/Test/extralibs.all'.  Stop.
# make[2]: Leaving directory '/home/cpansand/.cpan/build/2017053009/ExtUtils-MakeMaker-7.27_02-0/t/XS-Teststaticmulti'
# Makefile:1040: recipe for target 'perl' failed
# make[1]: *** [perl] Error 2
# make[1]: Leaving directory '/home/cpansand/.cpan/build/2017053009/ExtUtils-MakeMaker-7.27_02-0/t/XS-Teststaticmulti'
# Looks like you failed 6 tests of 36.
t/03-xsstatic.t ........... 
Dubious, test returned 6 (wstat 1536, 0x600)
Failed 6/36 subtests 
t/arch_check.t ............ ok
t/backwards.t ............. ok
t/basic.t ................. ok
t/build_man.t ............. ok
t/cd.t .................... ok
t/config.t ................ ok
t/cp.t .................... ok
t/dir_target.t ............ ok
t/echo.t .................. ok
t/eu_command.t ............ ok
t/FIRST_MAKEFILE.t ........ ok
t/fix_libs.t .............. ok
t/fixin.t ................. ok
t/hints.t ................. ok
t/INST.t .................. ok
t/INST_PREFIX.t ........... ok
t/INSTALL_BASE.t .......... ok
t/installed_file.t ........ ok
t/is_of_type.t ............ ok
t/Liblist.t ............... ok
t/Liblist_Kid.t ........... ok
t/make.t .................. ok
t/MakeMaker_Parameters.t .. ok
t/maketext_filter.t ....... ok
t/meta_convert.t .......... ok
t/metafile_data.t ......... ok
t/metafile_file.t ......... ok
t/min_perl_version.t ...... ok
t/miniperl.t .............. skipped: miniperl test only necessary for the perl core
t/Mkbootstrap.t ........... ok
t/MM_Any.t ................ ok
t/MM_BeOS.t ............... skipped: This is not BeOS
t/MM_Cygwin.t ............. skipped: This is not cygwin
t/MM_NW5.t ................ skipped: This is not NW5
t/MM_OS2.t ................ skipped: This is not OS/2
t/MM_Unix.t ............... ok
t/MM_VMS.t ................ skipped: This is not VMS
t/MM_Win32.t .............. skipped: This is not Win32
t/oneliner.t .............. ok
t/os_unsupported.t ........ ok
t/parse_abstract.t ........ ok
t/parse_version.t ......... ok
t/PL_FILES.t .............. ok
t/pm.t .................... ok
t/pm_to_blib.t ............ ok
t/pod2man.t ............... ok
t/postamble.t ............. ok
t/prefixify.t ............. ok
t/prereq.t ................ ok
t/prereq_print.t .......... ok
t/problems.t .............. ok
t/prompt.t ................ ok
t/recurs.t ................ ok
t/revision.t .............. ok
t/several_authors.t ....... ok
t/split_command.t ......... ok
t/test_boilerplate.t ...... ok
t/testlib.t ............... ok
t/unicode.t ............... ok
t/VERSION_FROM.t .......... ok
t/vstrings.t .............. ok
t/WriteEmptyMakefile.t .... ok
t/writemakefile_args.t .... ok

Test Summary Report
-------------------
t/03-xsstatic.t         (Wstat: 1536 Tests: 36 Failed: 6)
  Failed tests:  5, 11, 17, 23, 29, 35
  Non-zero exit status: 6
Files=67, Tests=1368, 187 wallclock secs ( 0.45 usr  0.12 sys + 58.39 cusr 19.22 csys = 78.18 CPU)
Result: FAIL
Failed 1/67 test programs. 6/1368 subtests failed.
Makefile:1023: recipe for target 'test_dynamic' failed
make: *** [test_dynamic] Error 255

------------------------------
PREREQUISITES
------------------------------

Prerequisite modules loaded:

requires:

    Module         Need  Have    
    -------------- ----- --------
    Data::Dumper   0     2.161   
    Encode         0     2.88    
    File::Basename 0     2.85    
    File::Spec     0.8   3.62    
    perl           5.006 5.022003
    Pod::Man       0     4.09    


------------------------------
ENVIRONMENT AND OTHER CONTEXT
------------------------------

Environment variables:

    LANG = en_US.UTF-8
    PATH = /usr/local/bin:/usr/bin:/bin:/usr/local/sbin:/usr/sbin:/sbin:/home/cpansand/bin/linux-gnu:/home/cpansand/bin/sh:/home/cpansand/bin:/usr/games:/home/cpansand/devel:/home/eserte/src/srezic-misc/scripts
    PERL5LIB = 
    PERL5OPT = 
    PERL5_CPANPLUS_IS_RUNNING = 24888
    PERL5_CPAN_IS_RUNNING = 24888
    PERL5_CPAN_IS_RUNNING_IN_RECURSION = 24793,24888
    PERLDOC = -MPod::Perldoc::ToTextOverstrike
    PERL_BATCH = yes
    PERL_CANARY_STABILITY_NOPROMPT = 1
    PERL_CPAN_REPORTER_CONFIG = /var/tmp/cpansmoker-1002/2017053009/cpanreporter_000_config.ini
    PERL_EXTUTILS_AUTOINSTALL = --defaultdeps
    SHELL = /bin/zsh
    TERM = screen.xterm-256color
    TMPDIR = /var/tmp/cpansmoker-1002/2017053009

Perl special variables (and OS-specific diagnostics, for MSWin32):

    $^X = /opt/perl-5.22.3/bin/perl5.22.3
    $UID/$EUID = 1002 / 1002
    $GID = 1002 1002
    $EGID = 1002 1002

Perl module toolchain versions installed:

    Module              Have    
    ------------------- --------
    CPAN                2.16    
    CPAN::Meta          2.150010
    Cwd                 3.62    
    ExtUtils::CBuilder  0.280224
    ExtUtils::Command   7.24    
    ExtUtils::Install   2.12    
    ExtUtils::MakeMaker 7.24    
    ExtUtils::Manifest  1.70    
    ExtUtils::ParseXS   3.30    
    File::Spec          3.62    
    JSON                2.92    
    JSON::PP            2.94    
    Module::Build       0.4220  
    Module::Signature   0.81    
    Parse::CPAN::Meta   2.150010
    Test::Harness       3.38    
    Test::More          1.302085
    YAML                1.22    
    YAML::Syck          1.30    
    version             0.9917  


--

Summary of my perl5 (revision 5 version 22 subversion 3) configuration:
   
  Platform:
    osname=linux, osvers=4.4.0-59-generic, archname=x86_64-linux
    uname='linux prod3.bbbike.org 4.4.0-59-generic #80-ubuntu smp fri jan 6 17:47:47 utc 2017 x86_64 x86_64 x86_64 gnulinux '
    config_args='-ds -e -Dprefix=/opt/perl-5.22.3 -Dcf_email=srezic@cpan.org'
    hint=recommended, useposix=true, d_sigaction=define
    useithreads=undef, usemultiplicity=undef
    use64bitint=define, use64bitall=define, uselongdouble=undef
    usemymalloc=n, bincompat5005=undef
  Compiler:
    cc='cc', ccflags ='-fwrapv -fno-strict-aliasing -pipe -fstack-protector-strong -I/usr/local/include -D_LARGEFILE_SOURCE -D_FILE_OFFSET_BITS=64',
    optimize='-O2',
    cppflags='-fwrapv -fno-strict-aliasing -pipe -fstack-protector-strong -I/usr/local/include'
    ccversion='', gccversion='5.4.0 20160609', gccosandvers=''
    intsize=4, longsize=8, ptrsize=8, doublesize=8, byteorder=12345678, doublekind=3
    d_longlong=define, longlongsize=8, d_longdbl=define, longdblsize=16, longdblkind=3
    ivtype='long', ivsize=8, nvtype='double', nvsize=8, Off_t='off_t', lseeksize=8
    alignbytes=8, prototype=define
  Linker and Libraries:
    ld='cc', ldflags =' -fstack-protector-strong -L/usr/local/lib'
    libpth=/usr/local/lib /usr/lib/gcc/x86_64-linux-gnu/5/include-fixed /usr/include/x86_64-linux-gnu /usr/lib /lib/x86_64-linux-gnu /lib/../lib /usr/lib/x86_64-linux-gnu /usr/lib/../lib /lib
    libs=-lpthread -lnsl -lgdbm -ldb -ldl -lm -lcrypt -lutil -lc -lgdbm_compat
    perllibs=-lpthread -lnsl -ldl -lm -lcrypt -lutil -lc
    libc=libc-2.23.so, so=so, useshrplib=false, libperl=libperl.a
    gnulibc_version='2.23'
  Dynamic Linking:
    dlsrc=dl_dlopen.xs, dlext=so, d_dlsymun=undef, ccdlflags='-Wl,-E'
    cccdlflags='-fPIC', lddlflags='-shared -O2 -L/usr/local/lib -fstack-protector-strong'


Characteristics of this binary (from libperl): 
  Compile-time options: HAS_TIMES PERLIO_LAYERS PERL_DONT_CREATE_GVSV
                        PERL_HASH_FUNC_ONE_AT_A_TIME_HARD PERL_MALLOC_WRAP
                        PERL_NEW_COPY_ON_WRITE PERL_PRESERVE_IVUV
                        USE_64_BIT_ALL USE_64_BIT_INT USE_LARGE_FILES
                        USE_LOCALE USE_LOCALE_COLLATE USE_LOCALE_CTYPE
                        USE_LOCALE_NUMERIC USE_LOCALE_TIME USE_PERLIO
                        USE_PERL_ATOF
  Built under linux
  Compiled at Jan 14 2017 21:01:24
  %ENV:
    PERL5LIB=""
    PERL5OPT=""
    PERL5_CPANPLUS_IS_RUNNING="24888"
    PERL5_CPAN_IS_RUNNING="24888"
    PERL5_CPAN_IS_RUNNING_IN_RECURSION="24793,24888"
    PERLDOC="-MPod::Perldoc::ToTextOverstrike"
    PERL_BATCH="yes"
    PERL_CANARY_STABILITY_NOPROMPT="1"
    PERL_CPAN_REPORTER_CONFIG="/var/tmp/cpansmoker-1002/2017053009/cpanreporter_000_config.ini"
    PERL_EXTUTILS_AUTOINSTALL="--defaultdeps"
  @INC:
    /opt/perl-5.22.3/lib/site_perl/5.22.3/x86_64-linux
    /opt/perl-5.22.3/lib/site_perl/5.22.3
    /opt/perl-5.22.3/lib/5.22.3/x86_64-linux
    /opt/perl-5.22.3/lib/5.22.3
    .