$ prove -bv t/icdt/engine_specific/sybase.t
t/icdt/engine_specific/sybase.t .. 
#
ok 1 - An object of class 'DBIx::Class::Storage::DBI::Sybase::ASE' isa 'DBIx::Class::Storage::DBI::Sybase::ASE'
ok 2
ok 3
ok 4
ok 5 - DATETIME roundtrip
ok 6 - DateTime fractional portion roundtrip
ok 7
ok 8 - DATETIME copy logical roundtrip
ok 9 - DATETIME copy server roundtrip
ok 10
ok 11
ok 12
ok 13 - SMALLDATETIME roundtrip
ok 14
ok 15 - SMALLDATETIME copy logical roundtrip
ok 16 - SMALLDATETIME copy server roundtrip
ok 17 - getdate() computed column works
ok 18 - An object of class 'DBIx::Class::Storage::DBI::Sybase::ASE::NoBindVars' isa 'DBIx::Class::Storage::DBI::Sybase::ASE::NoBindVars'
ok 19
ok 20
ok 21
ok 22 - DATETIME roundtrip
ok 23 - DateTime fractional portion roundtrip
ok 24
ok 25 - DATETIME copy logical roundtrip
ok 26 - DATETIME copy server roundtrip
ok 27
ok 28
ok 29
ok 30 - SMALLDATETIME roundtrip
ok 31
ok 32 - SMALLDATETIME copy logical roundtrip
ok 33 - SMALLDATETIME copy server roundtrip
ok 34 - getdate() computed column works
1..34
# Auto checked 12 references for leaks - none detected
ok
All tests successful.
Files=1, Tests=34,  5 wallclock secs ( 0.03 usr  0.02 sys +  0.47 cusr  0.23 csys =  0.75 CPU)
Result: PASS

