cpanm (App::cpanminus) 1.7001 on perl 5.018002 built for x86_64-linux-gnu-thread-multi
Work directory is /home/rp/.cpanm/work/1468326744.17666
You have make /usr/bin/make
You have LWP 6.05
You have /bin/tar: tar (GNU tar) 1.27.1
Copyright (C) 2013 Free Software Foundation, Inc.
License GPLv3+: GNU GPL version 3 or later <http://gnu.org/licenses/gpl.html>.
This is free software: you are free to change and redistribute it.
There is NO WARRANTY, to the extent permitted by law.

Written by John Gilmore and Jay Fenlason.
You have /usr/bin/unzip
!
! Can't write to /usr/local/share/perl/5.18.2 and /usr/local/bin: Installing modules to /home/rp/perl5
! To turn off this warning, you have to do one of the following:
!   - run me as a root or with --sudo option (to install to /usr/local/share/perl/5.18.2 and /usr/local/bin)
!   - Configure local::lib your existing local::lib in this shell to set PERL_MM_OPT etc.
!   - Install local::lib by running the following commands
!
!         cpanm --local-lib=~/perl5 local::lib && eval $(perl -I ~/perl5/lib/perl5/ -Mlocal::lib)
!
Checking if you have ExtUtils::MakeMaker 6.31 ... Yes (6.66)
Checking if you have ExtUtils::Install 1.46 ... Yes (1.59)
Searching API::Plesk on cpanmetadb ...
--> Working on API::Plesk
Fetching http://www.cpan.org/authors/id/I/IV/IVSOKOLOV/API-Plesk-2.03.tar.gz
-> OK
Unpacking API-Plesk-2.03.tar.gz
Entering API-Plesk-2.03
Checking configure dependencies from META.json
Checking if you have Module::Build 0.40 ... Yes (0.4003)
Checking if you have Module::Build 0.36 ... Yes (0.4003)
Configuring API-Plesk-2.03
Running Build.PL
Created MYMETA.yml and MYMETA.json
Creating new 'Build' script for 'API-Plesk' version '2.03'
-> OK
Checking dependencies from MYMETA.json ...
Checking if you have URI 0 ... Yes (1.60)
Checking if you have version 0 ... Yes (0.9902)
Checking if you have Test::More 0 ... Yes (0.98)
Checking if you have XML::Fast 0 ... Yes (0.11)
Checking if you have HTTP::Request 0 ... Yes (6.00)
Checking if you have Data::Dumper 0 ... Yes (2.145)
Checking if you have LWP::UserAgent 0 ... Yes (6.05)
Checking if you have Module::Build 0 ... Yes (0.4003)
Checking if you have Test::LongString 0 ... Yes (0.17)
Checking if you have Carp 0 ... Yes (1.29)
Building and testing API-Plesk-2.03
Building API-Plesk
t/compoment.t ..... ok
t/customer.t ...... ok
t/database.t ...... ok
t/dns.t ........... ok
t/ftp_user.t ...... ok
t/mail.t .......... ok
t/mock.t .......... ok

#   Failed test 'render_xml'
#   at t/plesk.t line 37.
#          got: '<?xml version="1.0" encoding="UTF-8"?><packet version="1.6.3.0"><webspace><add><gen_setup><qq>ddd</qq><name>sample.com</name><ddd><lll>1234567</lll></ddd></gen_setup><hosting><name>123</name><value>erty</value></hosting></add></webspace></packet>'
#     expected: '<?xml version="1.0" encoding="UTF-8"?><packet version="1.6.3.0"><webspace><add><gen_setup><qq>ddd</qq><name>sample.com</name><ddd><lll>1234567</lll></ddd></gen_setup><hosting><value>erty</value><name>123</name></hosting></add></webspace></packet>'
# Looks like you failed 1 test of 8.
t/plesk.t ......... 
Dubious, test returned 1 (wstat 256, 0x100)
Failed 1/8 subtests 
t/response.t ...... ok
t/service-plan.t .. ok
t/site-alias.t .... ok
t/site.t .......... ok
t/sitebuilder.t ... ok
t/user.t .......... ok
t/webspace.t ...... ok
t/webuser.t ....... ok

Test Summary Report
-------------------
t/plesk.t       (Wstat: 256 Tests: 8 Failed: 1)
  Failed test:  5
  Non-zero exit status: 1
Files=16, Tests=87,  1 wallclock secs ( 0.07 usr  0.01 sys +  1.12 cusr  0.12 csys =  1.32 CPU)
Result: FAIL
Failed 1/16 test programs. 1/87 subtests failed.
-> FAIL Installing API::Plesk failed. See /home/rp/.cpanm/work/1468326744.17666/build.log for details. Retry with --force to force install it.
