non-Unicode login6_sv
dbd_db_login6
    SQLDriverConnect 'DSN=Cloudera64', '', 'xxxx'
Out connection string: DSN=Cloudera64;
    !!dbd_error2(err_rc=-2, what=post_connect/SQLGetInfo(DRIVER_ODBC_VER), handles=(5611ae0,56121c0,0)
    ** No error found -2 **
DRIVER_ODBC_VER = 01.00
    !!dbd_error2(err_rc=-2, what=post_connect/SQLGetInfo(DRIVER_NAME), handles=(5611ae0,56121c0,0)
    ** No error found -2 **
DRIVER_NAME = unknown, type=0
    !!dbd_error2(err_rc=-2, what=post_connect/SQLGetInfo(DRIVER_VERSION), handles=(5611ae0,56121c0,0)
    ** No error found -2 **
DRIVER_VERSION = 
    !!dbd_error2(err_rc=-2, what=post_connect/SQLGetInfo(SQL_DBMS_NAME), handles=(5611ae0,56121c0,0)
    ** No error found -2 **
    !!dbd_error2(err_rc=-2, what=post_connect/SQLGetInfo(SQL_DBMS_VER), handles=(5611ae0,56121c0,0)
    ** No error found -2 **
    !!dbd_error2(err_rc=-2, what=post_connect/SQLGetInfo(MAX_COLUMN_NAME_LEN), handles=(5611ae0,56121c0,0)
    ** No error found -2 **
    !!dbd_error2(err_rc=-2, what=post_connect/SQLGetInfo(SQL_CATALOG_NAME), handles=(5611ae0,56121c0,0)
    ** No error found -2 **
SQL_CATALOG_NAME = 0
    !!dbd_error2(err_rc=-2, what=post_connect/SQLGetInfo(SQL_SCHEMA_USAGE), handles=(5611ae0,56121c0,0)
    ** No error found -2 **
SQL_SCHEMA_USAGE = 0
DBD::ODBC is unicode built : NO
    !!SQLGetFunctions(SQL_API_SQLMORERESULTS) failed:
    !!SQLGetFunctions(SQL_API_SQLDESCRIBEPARAM) failed:
    !!DBD::ODBC unsupported attribute passed (PrintError)
    setting AutoCommit
    !!dbd_error2(err_rc=-2, what=db_STORE/SQLSetConnectAttr, handles=(5611ae0,56121c0,0)
    ** No error found -2 **
    !!dbd_error2(err_rc=-2, what=db_rollback/SQLEndTran, handles=(5611ae0,56121c0,0)
    ** No error found -2 **
    !!dbd_error2(err_rc=-2, what=db_disconnect/SQLDisconnect, handles=(5611ae0,56121c0,0)
    ** No error found -2 **
SQLDisconnect=-2
    DBD::ODBC Disconnected!
