DEBUG: .../IO/Socket/SSL.pm:2789: new ctx 66449040
DEBUG: .../IO/Socket/SSL.pm:1487: start handshake
DEBUG: .../IO/Socket/SSL.pm:668: ssl handshake not started
DEBUG: .../IO/Socket/SSL.pm:701: using SNI with hostname 78.46.10.105
DEBUG: .../IO/Socket/SSL.pm:757: set socket to non-blocking to enforce timeout=20
DEBUG: .../IO/Socket/SSL.pm:770: call Net::SSLeay::connect
DEBUG: .../IO/Socket/SSL.pm:773: done Net::SSLeay::connect -> -1
DEBUG: .../IO/Socket/SSL.pm:783: ssl handshake in progress
DEBUG: .../IO/Socket/SSL.pm:793: waiting for fd to become ready: SSL wants a read first
DEBUG: .../IO/Socket/SSL.pm:813: socket ready, retrying connect
DEBUG: .../IO/Socket/SSL.pm:770: call Net::SSLeay::connect
DEBUG: .../IO/Socket/SSL.pm:773: done Net::SSLeay::connect -> -1
DEBUG: .../IO/Socket/SSL.pm:783: ssl handshake in progress
DEBUG: .../IO/Socket/SSL.pm:793: waiting for fd to become ready: SSL wants a read first
DEBUG: .../IO/Socket/SSL.pm:813: socket ready, retrying connect
DEBUG: .../IO/Socket/SSL.pm:770: call Net::SSLeay::connect
DEBUG: .../IO/Socket/SSL.pm:773: done Net::SSLeay::connect -> -1
DEBUG: .../IO/Socket/SSL.pm:783: ssl handshake in progress
DEBUG: .../IO/Socket/SSL.pm:793: waiting for fd to become ready: SSL wants a read first
DEBUG: .../IO/Socket/SSL.pm:813: socket ready, retrying connect
DEBUG: .../IO/Socket/SSL.pm:770: call Net::SSLeay::connect
DEBUG: .../IO/Socket/SSL.pm:773: done Net::SSLeay::connect -> 1
DEBUG: .../IO/Socket/SSL.pm:828: ssl handshake done
Setting Context/Session info!
Printing the object details!

Object HASH Details ... (SSL:arguments - E)
  SSL_hostname ==> 78.46.10.105
  SSL_verify_mode ==> 0
  SSL_version ==> TLSv1
  Timeout ==> 20


Object Net::FTPSSL Details ... (78.46.10.105:21 - E)
  _FTPSSL_arguments ==> HASH(0x50dc138)
  _SSL_arguments ==> HASH(0x50dc378)
      -- PeerAddr ===> 78.46.10.105
      -- PeerPort ===> 21
      -- Proto ===> tcp
      -- SSL_check_crl ===> 0
      -- SSL_cipher_list ===> ECDHE-ECDSA-AES128-GCM-SHA256 ECDHE-RSA-AES128-GCM-SHA256 DHE-RSA-AES128-GCM-SHA256 ECDHE-ECDSA-CHACHA20-POLY1305 ECDHE-
RSA-CHACHA20-POLY1305 ECDHE-ECDSA-AES256-SHA ECDHE-RSA-AES256-SHA DHE-RSA-AES256-SHA ECDHE-ECDSA-AES128-SHA ECDHE-RSA-AES128-SHA DHE-RSA-AES128-SHA AE
S128-GCM-SHA256 AES256-SHA AES128-SHA DES-CBC3-SHA ECDHE-RSA-AES256-GCM-SHA384 ECDHE-ECDSA-AES256-GCM-SHA384 AES256-SHA256 DHE-DSS-AES256-SHA256 DHE-D
SS-AES256-SHA DHE-DSS-AES128-SHA EDH-DSS-DES-CBC3-SHA !EXP !MEDIUM !LOW !eNULL !aNULL !RC4 !DES !MD5 !PSK !SRP
      -- SSL_hostname ===> 78.46.10.105
      -- SSL_server ===> 0
      -- SSL_use_cert ===> 0
      -- SSL_verify_mode ===> 0
      -- SSL_version ===> TLSv1
  _SSL_ctx ==> IO::Socket::SSL::SSL_Context=HASH(0x50dbf28)
      -- context ===> 66449040
      -- ocsp_cache ===> (undef)
      -- ocsp_mode ===> 0
      -- verify_mode ===> 0
  _SSL_fileno ==> 7
  _SSL_ioclass_upgraded ==> IO::Socket::INET
  _SSL_last_err ==> ARRAY(0x50e6d50)
      [SSL wants a read first, 4]
  _SSL_object ==> 82060576
  _SSL_opened ==> 1
  io_sock_nonblocking ==> 0
************************************************************
Uploading file://REDCORE2/Downloads/TEST/Neue Bitmap.bmp
In Common_Put([Net::FTPSSL=GLOB(0x50dbce8)], [//REDCORE2/Downloads/TEST/Neue Bitmap.bmp], [Neue Bitmap.bmp], [0])
  Info: HASH(0x50dc138)
Use of uninitialized value in concatenation (.) or string at C:/Perl64/site/lib/Net/FTPSSL.pm line 716.
In prep_data_channel ([STOR],[Neue Bitmap.bmp]) --Crypt = []
Use of uninitialized value in string ne at C:/Perl64/site/lib/Net/FTPSSL.pm line 719.
Upload failed:501 Invalid number of arguments
DEBUG: .../IO/Socket/SSL.pm:2811: free ctx 66449040 open=66449040
DEBUG: .../IO/Socket/SSL.pm:2822: OK free ctx 66449040
