    .SUFFIXES	 .OBJ .C .CPP .CXX .XS
INSTALL : ALL PURE_INSTALL DOC_INSTALL
	$(NOECHO) $(NOOP)
ALL : PURE_ALL
	$(NOECHO) $(NOOP)
PURE_ALL :: CONFIG PM_TO_BLIB SUBDIRS -
	 LINKEXT
	$(NOECHO) $(NOOP)
CONFIG : DESCRIP.MMS BLIBDIRS
	$(NOECHO) $(NOOP)
DESCRIP.MMS : MAKEFILE.PL PERL_ROOT:[LIB.VMS_AXP.5_8_6]CONFIG.PM PERL_ROOT:[LIB.VMS_AXP.5_8_6.CORE]CONFIG.H
	$(NOECHO) $(ECHO) "Makefile out-of-date with respect to $(MMS$SOURCE_LIST)"
	$(NOECHO) $(ECHO) "Cleaning current config before rebuilding Makefile..."
	-$(NOECHO) $(RM_F) $(MAKEFILE_OLD)
	-$(NOECHO) $(MV)   $(FIRST_MAKEFILE) $(MAKEFILE_OLD)
	- $(MAKE) $(USEMAKEFILE) $(MAKEFILE_OLD) clean $(DEV_NULL)
	$(PERLRUN) Makefile.PL 
	$(NOECHO) $(ECHO) "==> Your Makefile has been rebuilt. <=="
	$(NOECHO) $(ECHO) "==> Please rerun the $(MAKE) command.  <=="
	false
BLIBDIRS : [.BLIB.LIB.XML].EXISTS [.BLIB.ARCH].EXISTS [.BLIB.LIB.AUTO.XML.XSLT].EXISTS -
	 [.BLIB.ARCH.AUTO.XML.XSLT].EXISTS [.BLIB.BIN].EXISTS [.BLIB.SCRIPT].EXISTS -
	 [.BLIB.MAN1].EXISTS [.BLIB.MAN3].EXISTS
	$(NOECHO) $(NOOP)
[.BLIB.LIB.XML].EXISTS : MAKEFILE.PL
	$(NOECHO) $(MKPATH) $(INST_LIBDIR)
	$(NOECHO) $(CHMOD) 755 $(INST_LIBDIR)
	$(NOECHO) $(TOUCH) $(INST_LIBDIR)$(DFSEP).exists
[.BLIB.ARCH].EXISTS : MAKEFILE.PL
	$(NOECHO) $(MKPATH) $(INST_ARCHLIB)
	$(NOECHO) $(CHMOD) 755 $(INST_ARCHLIB)
	$(NOECHO) $(TOUCH) $(INST_ARCHLIB)$(DFSEP).exists
[.BLIB.LIB.AUTO.XML.XSLT].EXISTS : MAKEFILE.PL
	$(NOECHO) $(MKPATH) $(INST_AUTODIR)
	$(NOECHO) $(CHMOD) 755 $(INST_AUTODIR)
	$(NOECHO) $(TOUCH) $(INST_AUTODIR)$(DFSEP).exists
[.BLIB.ARCH.AUTO.XML.XSLT].EXISTS : MAKEFILE.PL
	$(NOECHO) $(MKPATH) $(INST_ARCHAUTODIR)
	$(NOECHO) $(CHMOD) 755 $(INST_ARCHAUTODIR)
	$(NOECHO) $(TOUCH) $(INST_ARCHAUTODIR)$(DFSEP).exists
[.BLIB.BIN].EXISTS : MAKEFILE.PL
	$(NOECHO) $(MKPATH) $(INST_BIN)
	$(NOECHO) $(CHMOD) 755 $(INST_BIN)
	$(NOECHO) $(TOUCH) $(INST_BIN)$(DFSEP).exists
[.BLIB.SCRIPT].EXISTS : MAKEFILE.PL
	$(NOECHO) $(MKPATH) $(INST_SCRIPT)
	$(NOECHO) $(CHMOD) 755 $(INST_SCRIPT)
	$(NOECHO) $(TOUCH) $(INST_SCRIPT)$(DFSEP).exists
[.BLIB.MAN1].EXISTS : MAKEFILE.PL
	$(NOECHO) $(MKPATH) $(INST_MAN1DIR)
	$(NOECHO) $(CHMOD) 755 $(INST_MAN1DIR)
	$(NOECHO) $(TOUCH) $(INST_MAN1DIR)$(DFSEP).exists
[.BLIB.MAN3].EXISTS : MAKEFILE.PL
	$(NOECHO) $(MKPATH) $(INST_MAN3DIR)
	$(NOECHO) $(CHMOD) 755 $(INST_MAN3DIR)
	$(NOECHO) $(TOUCH) $(INST_MAN3DIR)$(DFSEP).exists
PM_TO_BLIB : PM_TO_BLIB.TS
	$(NOECHO) $(NOOP)
PM_TO_BLIB.TS : [.LIB.XML]XSLT.PM
	$(NOECHO) $(ABSPERLRUN) "-MExtUtils::Install" -e "pm_to_blib({@ARGV}, '[.blib.lib.auto]', '$(PM_FILTER)')" "--" 	  [.lib.xml]xslt.pm [.blib.lib.xml]xslt.pm 
	$(NOECHO) $(TOUCH) pm_to_blib.ts
SUBDIRS :
	$(NOECHO) $(NOOP)
LINKEXT : DYNAMIC
	$(NOECHO) $(NOOP)
DYNAMIC : DESCRIP.MMS
	$(NOECHO) $(NOOP)
PURE_ALL :: [.BLIB.SCRIPT]XSLT-PARSER
	$(NOECHO) $(NOOP)
[.BLIB.SCRIPT]XSLT-PARSER : XSLT-PARSER DESCRIP.MMS [.BLIB.SCRIPT].EXISTS -
	 [.BLIB.BIN].EXISTS
	$(NOECHO) $(RM_F) $(INST_SCRIPT)xslt-parser
	$(CP) xslt-parser $(INST_SCRIPT)xslt-parser
	$(FIXIN) $(INST_SCRIPT)xslt-parser
	-$(NOECHO) $(CHMOD) $(PERM_RWX) $(INST_SCRIPT)xslt-parser
PURE_INSTALL : PURE_SITE_INSTALL
	$(NOECHO) $(NOOP)
PURE_SITE_INSTALL :
	$(NOECHO) $(PERLRUN) "-MFile::Spec" -e "print 'read '.File::Spec->catfile('$(SITEARCHEXP)','auto','$(FULLEXT)','.packlist').' '" >.MM_tmp
	$(NOECHO) $(PERLRUN) "-MFile::Spec" -e "print 'write '.File::Spec->catfile('$(DESTINSTALLSITEARCH)','auto','$(FULLEXT)','.packlist').' '" >>.MM_tmp
	$(NOECHO) $(ECHO_N) "$(INST_LIB) $(DESTINSTALLSITELIB) " >>.MM_tmp
	$(NOECHO) $(ECHO_N) "$(INST_ARCHLIB) $(DESTINSTALLSITEARCH) " >>.MM_tmp
	$(NOECHO) $(ECHO_N) "$(INST_BIN) $(DESTINSTALLSITEBIN) " >>.MM_tmp
	$(NOECHO) $(ECHO_N) "$(INST_SCRIPT) $(DESTINSTALLSCRIPT) " >>.MM_tmp
	$(NOECHO) $(ECHO_N) "$(INST_MAN1DIR) $(DESTINSTALLSITEMAN1DIR) " >>.MM_tmp
	$(NOECHO) $(ECHO_N) "$(INST_MAN3DIR) $(DESTINSTALLSITEMAN3DIR) " >>.MM_tmp
	$(NOECHO) $(MOD_INSTALL) <.MM_tmp
	$(NOECHO) $(RM_F) .MM_tmp
	$(NOECHO) $(WARN_IF_OLD_PACKLIST) perl_root:[lib.VMS_AXP.5_8_6.auto.XML.XSLT].packlist
