Summary of my perl5 (revision 5 version 8 subversion 8) configuration:
  Platform:
    osname=darwin, osvers=8.8.1, archname=darwin-thread-multi-2level
    uname='darwin windhund.local 8.8.1 darwin kernel version 8.8.1: mon sep 25 19:42:00 pdt 2006; root:xnu-792.13.8.obj~1release_i386 i386 i386 macbook1,1 darwin '
    config_args='-Dprefix=/usr/local/perl/5.8.8 -Duseithreads -Dccflags=-I/sw/include -Dldflags=-L/sw/lib -Dperladmin=schwern@pobox.com -Dcf_email=schwern@pobox.com -Dmyhostname=windhund -Dmydomain=.schwern.org -Dprivlib=/usr/local/perl/5.8.8/lib -Dsiteprefix=/usr/local -Dsitelib=/usr/local/lib/site_perl -Dlibpth=/usr/local/lib /sw/lib /opt/local/lib /usr/lib -Dnetdb_host_type=const char * -Dnetdb_hlen_type=socklen_t -Uinstallusrbinperl'
    hint=recommended, useposix=true, d_sigaction=define
    usethreads=define use5005threads=undef useithreads=define usemultiplicity=define
    useperlio=define d_sfio=undef uselargefiles=define usesocks=undef
    use64bitint=undef use64bitall=undef uselongdouble=undef
    usemymalloc=n, bincompat5005=undef
  Compiler:
    cc='cc', ccflags ='-I/sw/include -fno-common -DPERL_DARWIN -no-cpp-precomp -fno-strict-aliasing -pipe -Wdeclaration-after-statement -I/opt/local/include',
    optimize='-O3',
    cppflags='-no-cpp-precomp -I/sw/include -fno-common -DPERL_DARWIN -no-cpp-precomp -fno-strict-aliasing -pipe -Wdeclaration-after-statement -I/opt/local/include'
    ccversion='', gccversion='4.0.1 (Apple Computer, Inc. build 5363)', gccosandvers=''
    intsize=4, longsize=4, ptrsize=4, doublesize=8, byteorder=1234
    d_longlong=define, longlongsize=8, d_longdbl=define, longdblsize=16
    ivtype='long', ivsize=4, nvtype='double', nvsize=8, Off_t='off_t', lseeksize=8
    alignbytes=8, prototype=define
  Linker and Libraries:
    ld='env MACOSX_DEPLOYMENT_TARGET=10.3 cc', ldflags ='-L/sw/lib -L/usr/local/lib -L/opt/local/lib'
    libpth=/usr/local/lib /sw/lib /opt/local/lib /usr/lib
    libs=-lgdbm -ldbm -ldl -lm -lc
    perllibs=-ldl -lm -lc
    libc=/usr/lib/libc.dylib, so=dylib, useshrplib=false, libperl=libperl.a
    gnulibc_version=''
  Dynamic Linking:
    dlsrc=dl_dlopen.xs, dlext=bundle, d_dlsymun=undef, ccdlflags=' '
    cccdlflags=' ', lddlflags='-L/sw/lib -bundle -undefined dynamic_lookup -L/usr/local/lib -L/opt/local/lib'


Characteristics of this binary (from libperl): 
  Compile-time options: MULTIPLICITY PERL_IMPLICIT_CONTEXT
                        PERL_MALLOC_WRAP USE_ITHREADS USE_LARGE_FILES
                        USE_PERLIO USE_REENTRANT_API
  Built under darwin
  Compiled at Oct 14 2006 18:50:36
  %ENV:
    PERL5LIB="/sw/lib/perl5:/sw/lib/perl5/darwin"
  @INC:
    /sw/lib/perl5
    /sw/lib/perl5/darwin
    /usr/local/perl/5.8.8/lib/darwin-thread-multi-2level
    /usr/local/perl/5.8.8/lib
    /usr/local/lib/site_perl/5.8/darwin-thread-multi-2level
    /usr/local/lib/site_perl
    /usr/local/lib/site_perl
    .