
Devel::Calltree::()  (XXX): 

Devel::Calltree::(@{}  (XXX): 

Devel::Calltree::array_to_hash  (XXX): 

Devel::Calltree::file  (XXX): 

Devel::Calltree::find_subcall  (XXX): 

Devel::Calltree::funcs  (XXX): 

Devel::Calltree::get_packages  (XXX): 

Devel::Calltree::import  (XXX): 

Devel::Calltree::print_report  (XXX): 

Devel::Calltree::print_report_called  (XXX): 

Devel::Calltree::remove_excluded  (XXX): 

Devel::Calltree::setup_reportfuncs  (XXX): 

Devel::Calltree::sort  (XXX): 

Devel::Calltree::Func::file  (XXX): 

Devel::Calltree::Func::is_method  (XXX): 

Devel::Calltree::Func::line  (XXX): 

Devel::Calltree::Func::name  (XXX): 

Devel::Calltree::testmode::FETCH  (XXX): 

Devel::Calltree::testmode::STORE  (XXX): 

Devel::Calltree::testmode::TIESCALAR  (XXX): 
