Mock Version: 1.1.10
ENTER do(['bash', '--login', '-c', 'rpmbuild -bs --target x86_64 --nodeps builddir/build/SPECS/perl-BerkeleyDB.spec'], False, '/var/lib/mock/city-fan-rawhide-x86_64/root/', None, 0, True, 0, 500, 101, None, logger=<mock.trace_decorator.getLog object at 0x1dc4c10>)
Executing command: ['bash', '--login', '-c', 'rpmbuild -bs --target x86_64 --nodeps builddir/build/SPECS/perl-BerkeleyDB.spec']
Building target platforms: x86_64
Building for target x86_64
Wrote: /builddir/build/SRPMS/perl-BerkeleyDB-0.43-5.fc16.src.rpm
Child returncode was: 0
LEAVE do --> 

ENTER do(['bash', '--login', '-c', 'rpmbuild -bb --target x86_64 --nodeps builddir/build/SPECS/perl-BerkeleyDB.spec'], False, '/var/lib/mock/city-fan-rawhide-x86_64/root/', None, 0, True, 0, 500, 101, None, logger=<mock.trace_decorator.getLog object at 0x1dc4c10>)
Executing command: ['bash', '--login', '-c', 'rpmbuild -bb --target x86_64 --nodeps builddir/build/SPECS/perl-BerkeleyDB.spec']
Building target platforms: x86_64
Building for target x86_64
Executing(%prep): /bin/sh -e /var/tmp/rpm-tmp.HpMFCr
+ umask 022
+ cd /builddir/build/BUILD
+ LANG=C
+ export LANG
+ unset DISPLAY
+ cd /builddir/build/BUILD
+ rm -rf BerkeleyDB-0.43
+ /usr/bin/gzip -dc /builddir/build/SOURCES/BerkeleyDB-0.43.tar.gz
+ /bin/tar -xf -
+ STATUS=0
+ '[' 0 -ne 0 ']'
+ cd BerkeleyDB-0.43
+ /bin/chmod -Rf a+rX,u+w,g-w,o-w .
+ echo 'Patch #0 (perl-BerkeleyDB-0.34-config.in.patch):'
Patch #0 (perl-BerkeleyDB-0.34-config.in.patch):
+ /bin/cat /builddir/build/SOURCES/perl-BerkeleyDB-0.34-config.in.patch
+ /usr/bin/patch -s -p1 -b --suffix .config --fuzz=0
+ perl -pi -e 's,/local/,/, if ($. == 1)' dbinfo
+ chmod -x Changes README
+ exit 0
Executing(%build): /bin/sh -e /var/tmp/rpm-tmp.1OwCDY
+ umask 022
+ cd /builddir/build/BUILD
+ cd BerkeleyDB-0.43
+ LANG=C
+ export LANG
+ unset DISPLAY
+ perl Makefile.PL INSTALLDIRS=vendor 'OPTIMIZE=-O2 -g -pipe -Wall -Wp,-D_FORTIFY_SOURCE=2 -fexceptions -fstack-protector --param=ssp-buffer-size=4 -m64 -mtune=generic'
Parsing config.in...
Looks Good.
Checking if your kit is complete...
Looks good
Writing Makefile for BerkeleyDB
+ perl -pi -e 's/^\tLD_RUN_PATH=[^\s]+\s*/\t/' Makefile
+ make -j4
/usr/bin/perl /usr/share/perl5/ExtUtils/xsubpp -noprototypes -typemap /usr/share/perl5/ExtUtils/typemap -typemap typemap  BerkeleyDB.xs > BerkeleyDB.xsc && mv BerkeleyDB.xsc BerkeleyDB.c
Running Mkbootstrap for BerkeleyDB ()
chmod 644 BerkeleyDB.bs
cp BerkeleyDB.bs blib/arch/auto/BerkeleyDB/BerkeleyDB.bs
chmod 644 blib/arch/auto/BerkeleyDB/BerkeleyDB.bs
cp BerkeleyDB.pm blib/lib/BerkeleyDB.pm
AutoSplitting blib/lib/BerkeleyDB.pm (blib/lib/auto/BerkeleyDB)
cp BerkeleyDB/Hash.pm blib/lib/BerkeleyDB/Hash.pm
cp BerkeleyDB.pod blib/lib/BerkeleyDB.pod
cp BerkeleyDB/Btree.pm blib/lib/BerkeleyDB/Btree.pm
gcc -c  -I/usr/include -D_REENTRANT -D_GNU_SOURCE -fno-strict-aliasing -pipe -fstack-protector -I/usr/local/include -D_LARGEFILE_SOURCE -D_FILE_OFFSET_BITS=64 -O2 -g -pipe -Wall -Wp,-D_FORTIFY_SOURCE=2 -fexceptions -fstack-protector --param=ssp-buffer-size=4 -m64 -mtune=generic   -DVERSION=\"0.43\" -DXS_VERSION=\"0.43\" -fPIC "-I/usr/lib64/perl5/CORE"   BerkeleyDB.c
BerkeleyDB.xs: In function 'btree_compare':
BerkeleyDB.xs:1052:15: warning: unused variable 'my_cxtp' [-Wunused-variable]
BerkeleyDB.xs: In function 'dup_compare':
BerkeleyDB.xs:1108:15: warning: unused variable 'my_cxtp' [-Wunused-variable]
BerkeleyDB.xs: In function 'btree_prefix':
BerkeleyDB.xs:1169:15: warning: unused variable 'my_cxtp' [-Wunused-variable]
BerkeleyDB.xs: In function 'hash_cb':
BerkeleyDB.xs:1223:15: warning: unused variable 'my_cxtp' [-Wunused-variable]
BerkeleyDB.xs: In function 'associate_cb':
BerkeleyDB.xs:1278:11: warning: unused variable 'tkey' [-Wunused-variable]
BerkeleyDB.xs:1277:10: warning: unused variable 'skey_AV' [-Wunused-variable]
BerkeleyDB.xs:1273:9: warning: unused variable 'i' [-Wunused-variable]
BerkeleyDB.xs:1268:15: warning: unused variable 'my_cxtp' [-Wunused-variable]
BerkeleyDB.xs: In function 'associate_cb_recno':
BerkeleyDB.xs:1408:12: warning: unused variable 'skey_ptr' [-Wunused-variable]
BerkeleyDB.xs:1407:12: warning: unused variable 'skey_len' [-Wunused-variable]
BerkeleyDB.xs: In function 'associate_foreign_cb':
BerkeleyDB.xs:1507:11: warning: unused variable 'tkey' [-Wunused-variable]
BerkeleyDB.xs:1506:10: warning: unused variable 'skey_AV' [-Wunused-variable]
BerkeleyDB.xs:1502:9: warning: unused variable 'i' [-Wunused-variable]
BerkeleyDB.xs:1498:15: warning: unused variable 'my_cxtp' [-Wunused-variable]
BerkeleyDB.xs: In function 'associate_foreign_cb_recno':
BerkeleyDB.xs:1597:11: warning: unused variable 'tkey' [-Wunused-variable]
BerkeleyDB.xs:1596:10: warning: unused variable 'skey_AV' [-Wunused-variable]
BerkeleyDB.xs:1595:12: warning: unused variable 'skey_ptr' [-Wunused-variable]
BerkeleyDB.xs:1594:12: warning: unused variable 'skey_len' [-Wunused-variable]
BerkeleyDB.xs:1592:9: warning: unused variable 'i' [-Wunused-variable]
BerkeleyDB.xs: In function 'hv_store_iv':
BerkeleyDB.xs:1755:6: warning: value computed is not used [-Wunused-value]
BerkeleyDB.xs: In function 'my_db_open':
BerkeleyDB.xs:1804:15: warning: unused variable 'my_cxtp' [-Wunused-variable]
BerkeleyDB.c: In function 'XS_BerkeleyDB_db_version':
BerkeleyDB.xs:2103:14: warning: unused variable 'my_cxtp' [-Wunused-variable]
BerkeleyDB.c: In function 'XS_BerkeleyDB_db_value_set':
BerkeleyDB.c:2314:6: warning: unused variable 'which' [-Wunused-variable]
BerkeleyDB.c:2313:6: warning: unused variable 'value' [-Wunused-variable]
BerkeleyDB.c: In function 'XS_BerkeleyDB__db_remove':
BerkeleyDB.xs:2121:14: warning: unused variable 'my_cxtp' [-Wunused-variable]
BerkeleyDB.c: In function 'XS_BerkeleyDB__db_verify':
BerkeleyDB.xs:2167:14: warning: unused variable 'my_cxtp' [-Wunused-variable]
BerkeleyDB.c: In function 'XS_BerkeleyDB__db_rename':
BerkeleyDB.xs:2215:14: warning: unused variable 'my_cxtp' [-Wunused-variable]
BerkeleyDB.c: In function 'XS_BerkeleyDB__Env_create':
BerkeleyDB.xs:2266:14: warning: unused variable 'my_cxtp' [-Wunused-variable]
BerkeleyDB.c: In function 'XS_BerkeleyDB__Env_open':
BerkeleyDB.xs:2298:14: warning: unused variable 'my_cxtp' [-Wunused-variable]
BerkeleyDB.c: In function 'XS_BerkeleyDB__Env_cds_enabled':
BerkeleyDB.xs:2313:14: warning: unused variable 'my_cxtp' [-Wunused-variable]
BerkeleyDB.c: In function 'XS_BerkeleyDB__Env_set_encrypt':
BerkeleyDB.xs:2326:14: warning: unused variable 'my_cxtp' [-Wunused-variable]
BerkeleyDB.xs: In function 'XS_BerkeleyDB__Env__db_appinit':
BerkeleyDB.xs:2356:14: warning: variable 'config' set but not used [-Wunused-but-set-variable]
BerkeleyDB.xs:2347:14: warning: unused variable 'my_cxtp' [-Wunused-variable]
BerkeleyDB.c:2726:9: warning: unused variable 'self' [-Wunused-variable]
BerkeleyDB.c: In function 'XS_BerkeleyDB__Env_DB_ENV':
BerkeleyDB.xs:2709:14: warning: unused variable 'my_cxtp' [-Wunused-variable]
BerkeleyDB.xs: In function 'XS_BerkeleyDB__Env_log_archive':
BerkeleyDB.xs:2729:9: warning: unused variable 'av' [-Wunused-variable]
BerkeleyDB.xs:2724:14: warning: unused variable 'my_cxtp' [-Wunused-variable]
BerkeleyDB.c: In function 'XS_BerkeleyDB__Env_log_set_config':
BerkeleyDB.xs:2763:14: warning: unused variable 'my_cxtp' [-Wunused-variable]
BerkeleyDB.c: In function 'XS_BerkeleyDB__Env_log_get_config':
BerkeleyDB.xs:2781:14: warning: unused variable 'my_cxtp' [-Wunused-variable]
BerkeleyDB.c: In function 'XS_BerkeleyDB__Env__txn_begin':
BerkeleyDB.xs:2801:14: warning: unused variable 'my_cxtp' [-Wunused-variable]
BerkeleyDB.c: In function 'XS_BerkeleyDB__Env_txn_checkpoint':
BerkeleyDB.xs:2859:14: warning: unused variable 'my_cxtp' [-Wunused-variable]
BerkeleyDB.c: In function 'XS_BerkeleyDB__Env_txn_stat':
BerkeleyDB.xs:2866:14: warning: unused variable 'my_cxtp' [-Wunused-variable]
BerkeleyDB.c: In function 'XS_BerkeleyDB__Env_printEnv':
BerkeleyDB.xs:2908:14: warning: unused variable 'my_cxtp' [-Wunused-variable]
BerkeleyDB.c: In function 'XS_BerkeleyDB__Env_errPrefix':
BerkeleyDB.xs:2939:14: warning: unused variable 'my_cxtp' [-Wunused-variable]
BerkeleyDB.c: In function 'XS_BerkeleyDB__Env_status':
BerkeleyDB.xs:2965:14: warning: unused variable 'my_cxtp' [-Wunused-variable]
BerkeleyDB.c: In function 'XS_BerkeleyDB__Env_db_appexit':
BerkeleyDB.xs:2977:14: warning: unused variable 'my_cxtp' [-Wunused-variable]
BerkeleyDB.c:3675:9: warning: unused variable 'ix' [-Wunused-variable]
BerkeleyDB.c: In function 'XS_BerkeleyDB__Env__DESTROY':
BerkeleyDB.xs:3003:14: warning: unused variable 'my_cxtp' [-Wunused-variable]
BerkeleyDB.c:3730:6: warning: unused variable 'RETVAL' [-Wunused-variable]
BerkeleyDB.c: In function 'XS_BerkeleyDB__Env__TxnMgr':
BerkeleyDB.xs:3032:14: warning: unused variable 'my_cxtp' [-Wunused-variable]
BerkeleyDB.c: In function 'XS_BerkeleyDB__Env_get_shm_key':
BerkeleyDB.xs:3049:14: warning: unused variable 'my_cxtp' [-Wunused-variable]
BerkeleyDB.c: In function 'XS_BerkeleyDB__Env_set_lg_dir':
BerkeleyDB.xs:3068:14: warning: unused variable 'my_cxtp' [-Wunused-variable]
BerkeleyDB.c: In function 'XS_BerkeleyDB__Env_set_lg_bsize':
BerkeleyDB.xs:3085:14: warning: unused variable 'my_cxtp' [-Wunused-variable]
BerkeleyDB.c: In function 'XS_BerkeleyDB__Env_set_lg_max':
BerkeleyDB.xs:3102:14: warning: unused variable 'my_cxtp' [-Wunused-variable]
BerkeleyDB.c: In function 'XS_BerkeleyDB__Env_set_data_dir':
BerkeleyDB.xs:3119:14: warning: unused variable 'my_cxtp' [-Wunused-variable]
BerkeleyDB.c: In function 'XS_BerkeleyDB__Env_set_tmp_dir':
BerkeleyDB.xs:3137:14: warning: unused variable 'my_cxtp' [-Wunused-variable]
BerkeleyDB.c: In function 'XS_BerkeleyDB__Env_set_mutexlocks':
BerkeleyDB.xs:3154:14: warning: unused variable 'my_cxtp' [-Wunused-variable]
BerkeleyDB.c: In function 'XS_BerkeleyDB__Env_set_verbose':
BerkeleyDB.xs:3180:14: warning: unused variable 'my_cxtp' [-Wunused-variable]
BerkeleyDB.c: In function 'XS_BerkeleyDB__Env_set_flags':
BerkeleyDB.xs:3198:14: warning: unused variable 'my_cxtp' [-Wunused-variable]
BerkeleyDB.c: In function 'XS_BerkeleyDB__Env_lsn_reset':
BerkeleyDB.xs:3216:14: warning: unused variable 'my_cxtp' [-Wunused-variable]
BerkeleyDB.c: In function 'XS_BerkeleyDB__Env_set_timeout':
BerkeleyDB.xs:3234:14: warning: unused variable 'my_cxtp' [-Wunused-variable]
BerkeleyDB.c: In function 'XS_BerkeleyDB__Env_get_timeout':
BerkeleyDB.xs:3252:14: warning: unused variable 'my_cxtp' [-Wunused-variable]
BerkeleyDB.c: In function 'XS_BerkeleyDB__Term_close_everything':
BerkeleyDB.xs:3373:14: warning: unused variable 'my_cxtp' [-Wunused-variable]
BerkeleyDB.c: In function 'XS_BerkeleyDB__Term_safeCroak':
BerkeleyDB.xs:3380:14: warning: unused variable 'my_cxtp' [-Wunused-variable]
BerkeleyDB.c: In function 'XS_BerkeleyDB__Hash__db_open_hash':
BerkeleyDB.xs:3389:14: warning: unused variable 'my_cxtp' [-Wunused-variable]
BerkeleyDB.c:4695:9: warning: unused variable 'self' [-Wunused-variable]
BerkeleyDB.c: In function 'XS_BerkeleyDB__Hash_db_stat':
BerkeleyDB.xs:3454:14: warning: unused variable 'my_cxtp' [-Wunused-variable]
BerkeleyDB.c: In function 'XS_BerkeleyDB__Unknown__db_open_unknown':
BerkeleyDB.xs:3515:14: warning: unused variable 'my_cxtp' [-Wunused-variable]
BerkeleyDB.c: In function 'XS_BerkeleyDB__Btree__db_open_btree':
BerkeleyDB.xs:3572:14: warning: unused variable 'my_cxtp' [-Wunused-variable]
BerkeleyDB.c:4935:9: warning: unused variable 'self' [-Wunused-variable]
BerkeleyDB.c: In function 'XS_BerkeleyDB__Btree_db_stat':
BerkeleyDB.xs:3643:14: warning: unused variable 'my_cxtp' [-Wunused-variable]
BerkeleyDB.c: In function 'XS_BerkeleyDB__Recno__db_open_recno':
BerkeleyDB.xs:3719:14: warning: unused variable 'my_cxtp' [-Wunused-variable]
BerkeleyDB.c:5125:9: warning: unused variable 'self' [-Wunused-variable]
BerkeleyDB.c: In function 'XS_BerkeleyDB__Queue__db_open_queue':
BerkeleyDB.xs:3787:14: warning: unused variable 'my_cxtp' [-Wunused-variable]
BerkeleyDB.c:5206:9: warning: unused variable 'self' [-Wunused-variable]
BerkeleyDB.c: In function 'XS_BerkeleyDB__Queue_db_stat':
BerkeleyDB.xs:3854:14: warning: unused variable 'my_cxtp' [-Wunused-variable]
BerkeleyDB.c: In function 'XS_BerkeleyDB__Common_db_close':
BerkeleyDB.xs:3914:14: warning: unused variable 'my_cxtp' [-Wunused-variable]
BerkeleyDB.c: In function 'XS_BerkeleyDB__Common__DESTROY':
BerkeleyDB.xs:3946:14: warning: unused variable 'my_cxtp' [-Wunused-variable]
BerkeleyDB.c: In function 'XS_BerkeleyDB__Common__db_cursor':
BerkeleyDB.xs:3964:14: warning: unused variable 'my_cxtp' [-Wunused-variable]
BerkeleyDB.c: In function 'XS_BerkeleyDB__Common__db_join':
BerkeleyDB.xs:4030:14: warning: unused variable 'my_cxtp' [-Wunused-variable]
BerkeleyDB.c: In function 'XS_BerkeleyDB__Common_ArrayOffset':
BerkeleyDB.xs:4106:14: warning: unused variable 'my_cxtp' [-Wunused-variable]
BerkeleyDB.c: In function 'XS_BerkeleyDB__Common_cds_enabled':
BerkeleyDB.xs:4123:14: warning: unused variable 'my_cxtp' [-Wunused-variable]
BerkeleyDB.c: In function 'XS_BerkeleyDB__Common_type':
BerkeleyDB.xs:4152:14: warning: unused variable 'my_cxtp' [-Wunused-variable]
BerkeleyDB.c: In function 'XS_BerkeleyDB__Common_byteswapped':
BerkeleyDB.xs:4164:14: warning: unused variable 'my_cxtp' [-Wunused-variable]
BerkeleyDB.c: In function 'XS_BerkeleyDB__Common_status':
BerkeleyDB.xs:4188:14: warning: unused variable 'my_cxtp' [-Wunused-variable]
BerkeleyDB.c: In function 'XS_BerkeleyDB__Common_partial_set':
BerkeleyDB.xs:4254:14: warning: unused variable 'my_cxtp' [-Wunused-variable]
BerkeleyDB.c: In function 'XS_BerkeleyDB__Common_partial_clear':
BerkeleyDB.xs:4272:14: warning: unused variable 'my_cxtp' [-Wunused-variable]
BerkeleyDB.c: In function 'XS_BerkeleyDB__Common_db_del':
BerkeleyDB.c:6207:4054: warning: statement with no effect [-Wunused-value]
BerkeleyDB.c: In function 'XS_BerkeleyDB__Common_db_get':
BerkeleyDB.c:6284:4054: warning: statement with no effect [-Wunused-value]
BerkeleyDB.c:6304:4063: warning: statement with no effect [-Wunused-value]
BerkeleyDB.c:6320:5926: warning: value computed is not used [-Wunused-value]
BerkeleyDB.c:6322:5546: warning: value computed is not used [-Wunused-value]
BerkeleyDB.c: In function 'XS_BerkeleyDB__Common_db_pget':
BerkeleyDB.c:6372:4054: warning: statement with no effect [-Wunused-value]
BerkeleyDB.c:6392:4063: warning: statement with no effect [-Wunused-value]
BerkeleyDB.c:6413:5926: warning: value computed is not used [-Wunused-value]
BerkeleyDB.c:6415:5871: warning: value computed is not used [-Wunused-value]
BerkeleyDB.c:6417:5546: warning: value computed is not used [-Wunused-value]
BerkeleyDB.c: In function 'XS_BerkeleyDB__Common_db_put':
BerkeleyDB.c:6466:4054: warning: statement with no effect [-Wunused-value]
BerkeleyDB.c:6484:4064: warning: statement with no effect [-Wunused-value]
BerkeleyDB.c:6501:5830: warning: value computed is not used [-Wunused-value]
BerkeleyDB.c: In function 'XS_BerkeleyDB__Common_db_key_range':
BerkeleyDB.c:6552:4054: warning: statement with no effect [-Wunused-value]
BerkeleyDB.c: In function 'XS_BerkeleyDB__Common_db_fd':
BerkeleyDB.xs:4423:14: warning: unused variable 'my_cxtp' [-Wunused-variable]
BerkeleyDB.c: In function 'XS_BerkeleyDB__Common_db_sync':
BerkeleyDB.xs:4439:14: warning: unused variable 'my_cxtp' [-Wunused-variable]
BerkeleyDB.c: In function 'XS_BerkeleyDB__Common__Txn':
BerkeleyDB.xs:4449:14: warning: unused variable 'my_cxtp' [-Wunused-variable]
BerkeleyDB.c: In function 'XS_BerkeleyDB__Common_truncate':
BerkeleyDB.xs:4472:14: warning: unused variable 'my_cxtp' [-Wunused-variable]
BerkeleyDB.c: In function 'XS_BerkeleyDB__Common_associate':
BerkeleyDB.xs:4500:14: warning: unused variable 'my_cxtp' [-Wunused-variable]
BerkeleyDB.c: In function 'XS_BerkeleyDB__Common_associate_foreign':
BerkeleyDB.xs:4531:14: warning: unused variable 'my_cxtp' [-Wunused-variable]
BerkeleyDB.xs: In function 'XS_BerkeleyDB__Common_compact':
BerkeleyDB.xs:4590:4061: warning: statement with no effect [-Wunused-value]
BerkeleyDB.xs:4595:4054: warning: statement with no effect [-Wunused-value]
BerkeleyDB.c:7072:5886: warning: value computed is not used [-Wunused-value]
BerkeleyDB.xs:4557:14: warning: unused variable 'my_cxtp' [-Wunused-variable]
BerkeleyDB.c: In function 'XS_BerkeleyDB__Cursor__c_dup':
BerkeleyDB.xs:4630:14: warning: unused variable 'my_cxtp' [-Wunused-variable]
BerkeleyDB.c: In function 'XS_BerkeleyDB__Cursor__c_close':
BerkeleyDB.xs:4688:14: warning: unused variable 'my_cxtp' [-Wunused-variable]
BerkeleyDB.c: In function 'XS_BerkeleyDB__Cursor__DESTROY':
BerkeleyDB.xs:4706:14: warning: unused variable 'my_cxtp' [-Wunused-variable]
BerkeleyDB.c: In function 'XS_BerkeleyDB__Cursor_status':
BerkeleyDB.xs:4723:14: warning: unused variable 'my_cxtp' [-Wunused-variable]
BerkeleyDB.c: In function 'XS_BerkeleyDB__Cursor_c_del':
BerkeleyDB.xs:4736:14: warning: unused variable 'my_cxtp' [-Wunused-variable]
BerkeleyDB.c: In function 'XS_BerkeleyDB__Cursor_c_get':
BerkeleyDB.c:7380:4054: warning: statement with no effect [-Wunused-value]
BerkeleyDB.c:7400:4064: warning: statement with no effect [-Wunused-value]
BerkeleyDB.c:7419:5859: warning: value computed is not used [-Wunused-value]
BerkeleyDB.c:7421:5888: warning: value computed is not used [-Wunused-value]
BerkeleyDB.c: In function 'XS_BerkeleyDB__Cursor_c_pget':
BerkeleyDB.c:7470:4054: warning: statement with no effect [-Wunused-value]
BerkeleyDB.c:7490:4064: warning: statement with no effect [-Wunused-value]
BerkeleyDB.c:7511:5859: warning: value computed is not used [-Wunused-value]
BerkeleyDB.c:7513:5871: warning: value computed is not used [-Wunused-value]
BerkeleyDB.c:7515:5850: warning: value computed is not used [-Wunused-value]
BerkeleyDB.c: In function 'XS_BerkeleyDB__Cursor_c_put':
BerkeleyDB.c:7564:4054: warning: statement with no effect [-Wunused-value]
BerkeleyDB.c:7582:4064: warning: statement with no effect [-Wunused-value]
BerkeleyDB.c: In function 'XS_BerkeleyDB__Cursor_c_count':
BerkeleyDB.xs:4819:14: warning: unused variable 'my_cxtp' [-Wunused-variable]
BerkeleyDB.c: In function 'XS_BerkeleyDB__TxnMgr__txn_begin':
BerkeleyDB.xs:4842:14: warning: unused variable 'my_cxtp' [-Wunused-variable]
BerkeleyDB.c: In function 'XS_BerkeleyDB__TxnMgr_status':
BerkeleyDB.xs:4881:14: warning: unused variable 'my_cxtp' [-Wunused-variable]
BerkeleyDB.c: In function 'XS_BerkeleyDB__TxnMgr__DESTROY':
BerkeleyDB.xs:4892:14: warning: unused variable 'my_cxtp' [-Wunused-variable]
BerkeleyDB.c: In function 'XS_BerkeleyDB__TxnMgr_txn_close':
BerkeleyDB.c:7827:21: warning: unused variable 'txnp' [-Wunused-variable]
BerkeleyDB.c: In function 'XS_BerkeleyDB__TxnMgr_txn_checkpoint':
BerkeleyDB.xs:4924:14: warning: unused variable 'my_cxtp' [-Wunused-variable]
BerkeleyDB.c: In function 'XS_BerkeleyDB__TxnMgr_txn_stat':
BerkeleyDB.xs:4931:14: warning: unused variable 'my_cxtp' [-Wunused-variable]
BerkeleyDB.c: In function 'XS_BerkeleyDB__TxnMgr_txn_open':
BerkeleyDB.c:7972:18: warning: unused variable 'dbenv' [-Wunused-variable]
BerkeleyDB.c:7971:6: warning: unused variable 'mode' [-Wunused-variable]
BerkeleyDB.c:7970:15: warning: unused variable 'dir' [-Wunused-variable]
BerkeleyDB.c:7969:6: warning: unused variable 'flags' [-Wunused-variable]
BerkeleyDB.c: In function 'XS_BerkeleyDB__Txn_status':
BerkeleyDB.xs:4984:14: warning: unused variable 'my_cxtp' [-Wunused-variable]
BerkeleyDB.c: In function 'XS_BerkeleyDB__Txn_set_timeout':
BerkeleyDB.xs:4996:14: warning: unused variable 'my_cxtp' [-Wunused-variable]
BerkeleyDB.c: In function 'XS_BerkeleyDB__Txn_set_tx_max':
BerkeleyDB.xs:5013:14: warning: unused variable 'my_cxtp' [-Wunused-variable]
BerkeleyDB.c:8078:12: warning: unused variable 'max' [-Wunused-variable]
BerkeleyDB.c: In function 'XS_BerkeleyDB__Txn_get_tx_max':
BerkeleyDB.xs:5031:14: warning: unused variable 'my_cxtp' [-Wunused-variable]
BerkeleyDB.c: In function 'XS_BerkeleyDB__Txn__DESTROY':
BerkeleyDB.xs:5048:14: warning: unused variable 'my_cxtp' [-Wunused-variable]
BerkeleyDB.c: In function 'XS_BerkeleyDB__Txn_txn_unlink':
BerkeleyDB.c:8211:18: warning: unused variable 'dbenv' [-Wunused-variable]
BerkeleyDB.c:8210:6: warning: unused variable 'force' [-Wunused-variable]
BerkeleyDB.c:8209:15: warning: unused variable 'dir' [-Wunused-variable]
BerkeleyDB.c: In function 'XS_BerkeleyDB__Txn_txn_prepare':
BerkeleyDB.xs:5082:14: warning: unused variable 'my_cxtp' [-Wunused-variable]
BerkeleyDB.c: In function 'XS_BerkeleyDB__Txn__txn_commit':
BerkeleyDB.xs:5100:14: warning: unused variable 'my_cxtp' [-Wunused-variable]
BerkeleyDB.c: In function 'XS_BerkeleyDB__Txn__txn_abort':
BerkeleyDB.xs:5115:14: warning: unused variable 'my_cxtp' [-Wunused-variable]
BerkeleyDB.c: In function 'XS_BerkeleyDB__Txn__txn_discard':
BerkeleyDB.xs:5135:14: warning: unused variable 'my_cxtp' [-Wunused-variable]
BerkeleyDB.c: In function 'XS_BerkeleyDB__Txn_txn_id':
BerkeleyDB.xs:5150:14: warning: unused variable 'my_cxtp' [-Wunused-variable]
BerkeleyDB.xs: In function 'XS_BerkeleyDB___tiedHash_FIRSTKEY':
BerkeleyDB.xs:5191:5799: warning: value computed is not used [-Wunused-value]
BerkeleyDB.c:8478:13: warning: unused variable 'targ' [-Wunused-variable]
BerkeleyDB.xs:5158:14: warning: unused variable 'my_cxtp' [-Wunused-variable]
BerkeleyDB.xs: In function 'XS_BerkeleyDB___tiedHash_NEXTKEY':
BerkeleyDB.xs:5219:5799: warning: value computed is not used [-Wunused-value]
BerkeleyDB.c:8545:13: warning: unused variable 'targ' [-Wunused-variable]
BerkeleyDB.xs:5201:14: warning: unused variable 'my_cxtp' [-Wunused-variable]
BerkeleyDB.c: In function 'XS_BerkeleyDB___tiedArray_FETCHSIZE':
BerkeleyDB.xs:5228:14: warning: unused variable 'my_cxtp' [-Wunused-variable]
BerkeleyDB.c: In function 'XS_BerkeleyDB__Common_db_create_sequence':
BerkeleyDB.xs:5243:17: warning: unused variable 'my_cxtp' [-Wunused-variable]
BerkeleyDB.c: In function 'XS_BerkeleyDB__Sequence_close':
BerkeleyDB.xs:5291:19: warning: unused variable 'my_cxtp' [-Wunused-variable]
BerkeleyDB.c: In function 'XS_BerkeleyDB__Sequence_remove':
BerkeleyDB.xs:5313:19: warning: unused variable 'my_cxtp' [-Wunused-variable]
BerkeleyDB.c: In function 'XS_BerkeleyDB__Sequence_DESTROY':
BerkeleyDB.xs:5332:19: warning: unused variable 'my_cxtp' [-Wunused-variable]
BerkeleyDB.c: In function 'XS_BerkeleyDB__Sequence_get':
BerkeleyDB.xs:5347:19: warning: unused variable 'my_cxtp' [-Wunused-variable]
BerkeleyDB.c: In function 'XS_BerkeleyDB__Sequence_get_key':
BerkeleyDB.xs:5365:19: warning: unused variable 'my_cxtp' [-Wunused-variable]
BerkeleyDB.xs: In function 'XS_BerkeleyDB__Sequence_initial_value':
BerkeleyDB.xs:5392:9: warning: suggest parentheses around '+' inside '<<' [-Wparentheses]
BerkeleyDB.xs:5385:19: warning: unused variable 'my_cxtp' [-Wunused-variable]
BerkeleyDB.c: In function 'XS_BerkeleyDB__Sequence_set_cachesize':
BerkeleyDB.xs:5402:19: warning: unused variable 'my_cxtp' [-Wunused-variable]
BerkeleyDB.c: In function 'XS_BerkeleyDB__Sequence_get_cachesize':
BerkeleyDB.xs:5419:19: warning: unused variable 'my_cxtp' [-Wunused-variable]
BerkeleyDB.c: In function 'XS_BerkeleyDB__Sequence_set_flags':
BerkeleyDB.xs:5437:19: warning: unused variable 'my_cxtp' [-Wunused-variable]
BerkeleyDB.c: In function 'XS_BerkeleyDB__Sequence_get_flags':
BerkeleyDB.xs:5454:19: warning: unused variable 'my_cxtp' [-Wunused-variable]
BerkeleyDB.c: In function 'XS_BerkeleyDB__Sequence_set_range':
BerkeleyDB.c:9224:23: warning: unused variable 'seq' [-Wunused-variable]
BerkeleyDB.c: In function 'XS_BerkeleyDB__Sequence_stat':
BerkeleyDB.c:9243:23: warning: unused variable 'seq' [-Wunused-variable]
rm -f blib/arch/auto/BerkeleyDB/BerkeleyDB.so
gcc  -shared -O2 -g -pipe -Wall -Wp,-D_FORTIFY_SOURCE=2 -fexceptions -fstack-protector --param=ssp-buffer-size=4 -m64 -mtune=generic BerkeleyDB.o  -o blib/arch/auto/BerkeleyDB/BerkeleyDB.so 	\
   -L/usr/lib -ldb  	\
  
chmod 755 blib/arch/auto/BerkeleyDB/BerkeleyDB.so
Manifying blib/man3/BerkeleyDB.3pm
+ exit 0
Executing(%install): /bin/sh -e /var/tmp/rpm-tmp.iTpxMx
+ umask 022
+ cd /builddir/build/BUILD
+ '[' /builddir/build/BUILDROOT/perl-BerkeleyDB-0.43-5.fc16.x86_64 '!=' / ']'
+ rm -rf /builddir/build/BUILDROOT/perl-BerkeleyDB-0.43-5.fc16.x86_64
++ dirname /builddir/build/BUILDROOT/perl-BerkeleyDB-0.43-5.fc16.x86_64
+ mkdir -p /builddir/build/BUILDROOT
+ mkdir /builddir/build/BUILDROOT/perl-BerkeleyDB-0.43-5.fc16.x86_64
+ cd BerkeleyDB-0.43
+ LANG=C
+ export LANG
+ unset DISPLAY
+ rm -rf /builddir/build/BUILDROOT/perl-BerkeleyDB-0.43-5.fc16.x86_64
+ make pure_install PERL_INSTALL_ROOT=/builddir/build/BUILDROOT/perl-BerkeleyDB-0.43-5.fc16.x86_64
Files found in blib/arch: installing files in blib/lib into architecture dependent library tree
Installing /builddir/build/BUILDROOT/perl-BerkeleyDB-0.43-5.fc16.x86_64/usr/lib64/perl5/vendor_perl/auto/BerkeleyDB/BerkeleyDB.bs
Installing /builddir/build/BUILDROOT/perl-BerkeleyDB-0.43-5.fc16.x86_64/usr/lib64/perl5/vendor_perl/auto/BerkeleyDB/BerkeleyDB.so
Installing /builddir/build/BUILDROOT/perl-BerkeleyDB-0.43-5.fc16.x86_64/usr/lib64/perl5/vendor_perl/BerkeleyDB.pod
Installing /builddir/build/BUILDROOT/perl-BerkeleyDB-0.43-5.fc16.x86_64/usr/lib64/perl5/vendor_perl/BerkeleyDB.pm
Installing /builddir/build/BUILDROOT/perl-BerkeleyDB-0.43-5.fc16.x86_64/usr/lib64/perl5/vendor_perl/auto/BerkeleyDB/autosplit.ix
Installing /builddir/build/BUILDROOT/perl-BerkeleyDB-0.43-5.fc16.x86_64/usr/lib64/perl5/vendor_perl/BerkeleyDB/Hash.pm
Installing /builddir/build/BUILDROOT/perl-BerkeleyDB-0.43-5.fc16.x86_64/usr/lib64/perl5/vendor_perl/BerkeleyDB/Btree.pm
Installing /builddir/build/BUILDROOT/perl-BerkeleyDB-0.43-5.fc16.x86_64/usr/share/man/man3/BerkeleyDB.3pm
+ find /builddir/build/BUILDROOT/perl-BerkeleyDB-0.43-5.fc16.x86_64 -type f -name .packlist -exec rm -f '{}' ';'
+ find /builddir/build/BUILDROOT/perl-BerkeleyDB-0.43-5.fc16.x86_64 -type f -name '*.bs' -a -size 0 -exec rm -f '{}' ';'
+ find /builddir/build/BUILDROOT/perl-BerkeleyDB-0.43-5.fc16.x86_64 -depth -type d -exec rmdir '{}' ';'
+ chmod -R u+w /builddir/build/BUILDROOT/perl-BerkeleyDB-0.43-5.fc16.x86_64
+ install -D -m 755 dbinfo /builddir/build/BUILDROOT/perl-BerkeleyDB-0.43-5.fc16.x86_64/usr/bin/dbinfo
+ /usr/lib/rpm/find-debuginfo.sh --strict-build-id /builddir/build/BUILD/BerkeleyDB-0.43
extracting debug info from /builddir/build/BUILDROOT/perl-BerkeleyDB-0.43-5.fc16.x86_64/usr/lib64/perl5/vendor_perl/auto/BerkeleyDB/BerkeleyDB.so
1151 blocks
+ /usr/lib/rpm/check-buildroot
+ /usr/lib/rpm/redhat/brp-compress
+ /usr/lib/rpm/redhat/brp-strip-static-archive /usr/bin/strip
+ /usr/lib/rpm/brp-python-bytecompile /usr/bin/python 1
+ /usr/lib/rpm/redhat/brp-python-hardlink
+ /usr/lib/rpm/redhat/brp-java-repack-jars
Executing(%check): /bin/sh -e /var/tmp/rpm-tmp.RxyyN8
+ umask 022
+ cd /builddir/build/BUILD
+ cd BerkeleyDB-0.43
+ unset DISPLAY
+ make test
PERL_DL_NONLAZY=1 /usr/bin/perl "-MExtUtils::Command::MM" "-e" "test_harness(0, 'blib/lib', 'blib/arch')" t/*.t
#     Failed test (t/btree.t at line 64)
#     Failed test (t/btree.t at line 72)
#     Failed test (t/btree.t at line 157)
#     Failed test (t/btree.t at line 174)
# Looks like you failed 4 tests of 250.
t/btree.t ...... 
Dubious, test returned 4 (wstat 1024, 0x400)
Failed 4/250 subtests 
t/cds.t ........ ok
t/db-3.0.t ..... ok
t/db-3.1.t ..... ok
t/db-3.2.t ..... ok
t/db-3.3.t ..... ok
t/db-4.3.t ..... ok
t/db-4.4.t ..... ok
t/db-4.6.t ..... ok
t/db-4.7.t ..... ok
t/db-4.8.t ..... ok
t/db-4.x.t ..... ok
t/destroy.t .... ok
t/encode.t ..... ok
t/encrypt.t .... ok
# PREFIX: BDB0633 DB_AUTO_COMMIT may not be specified in non-transactional environment
#     Failed test (t/env.t at line 205)
# NEW ONE: BDB0633 DB_AUTO_COMMIT may not be specified in non-transactional environment
#     Failed test (t/env.t at line 219)
# Looks like you failed 2 tests of 53.
t/env.t ........ 
Dubious, test returned 2 (wstat 512, 0x200)
Failed 2/53 subtests 
t/examples.t ... ok
t/examples3.t .. ok
t/filter.t ..... ok
#     Failed test (t/hash.t at line 64)
#     Failed test (t/hash.t at line 66)
#     Failed test (t/hash.t at line 74)
#     Failed test (t/hash.t at line 172)
#     Failed test (t/hash.t at line 189)
# Looks like you failed 5 tests of 216.
t/hash.t ....... 
Dubious, test returned 5 (wstat 1280, 0x500)
Failed 5/216 subtests 
t/join.t ....... ok
t/mldbm.t ...... ok
t/pod.t ........ ok
#     Failed test (t/queue.t at line 76)
#     Failed test (t/queue.t at line 80)
#     Failed test (t/queue.t at line 88)
#     Failed test (t/queue.t at line 173)
#     Failed test (t/queue.t at line 190)
# Looks like you failed 5 tests of 257.
t/queue.t ...... 
Dubious, test returned 5 (wstat 1280, 0x500)
Failed 5/257 subtests 
#     Failed test (t/recno.t at line 65)
#     Failed test (t/recno.t at line 69)
#     Failed test (t/recno.t at line 77)
#     Failed test (t/recno.t at line 158)
#     Failed test (t/recno.t at line 175)
# Looks like you failed 5 tests of 228.
t/recno.t ...... 
Dubious, test returned 5 (wstat 1280, 0x500)
Failed 5/228 subtests 
t/sequence.t ... ok
t/strict.t ..... ok
t/subdb.t ...... ok
t/txn.t ........ ok
t/unknown.t .... ok
Test Summary Report
-------------------
t/btree.t    (Wstat: 1024 Tests: 250 Failed: 4)
  Failed tests:  18, 21, 40, 44
  Non-zero exit status: 4
t/env.t      (Wstat: 512 Tests: 53 Failed: 2)
  Failed tests:  39, 44
  Non-zero exit status: 2
t/hash.t     (Wstat: 1280 Tests: 216 Failed: 5)
  Failed tests:  17, 19, 22, 45, 49
  Non-zero exit status: 5
t/queue.t    (Wstat: 1280 Tests: 257 Failed: 5)
  Failed tests:  21, 24, 27, 42, 46
  Non-zero exit status: 5
t/recno.t    (Wstat: 1280 Tests: 228 Failed: 5)
  Failed tests:  18, 21, 24, 39, 43
  Non-zero exit status: 5
Files=30, Tests=1793,  5 wallclock secs ( 0.32 usr  0.07 sys +  1.69 cusr  0.50 csys =  2.58 CPU)
Result: FAIL
Failed 5/30 test programs. 21/1793 subtests failed.
make: *** [test_dynamic] Error 255
error: Bad exit status from /var/tmp/rpm-tmp.RxyyN8 (%check)
RPM build errors:
    Bad exit status from /var/tmp/rpm-tmp.RxyyN8 (%check)
Child returncode was: 1
EXCEPTION: Command failed. See logs for output.
 # ['bash', '--login', '-c', 'rpmbuild -bb --target x86_64 --nodeps builddir/build/SPECS/perl-BerkeleyDB.spec']
Traceback (most recent call last):
  File "/usr/lib/python2.7/site-packages/mock/trace_decorator.py", line 70, in trace
    result = func(*args, **kw)
  File "/usr/lib/python2.7/site-packages/mock/util.py", line 328, in do
    raise mock.exception.Error, ("Command failed. See logs for output.\n # %s" % (command,), child.returncode)
Error: Command failed. See logs for output.
 # ['bash', '--login', '-c', 'rpmbuild -bb --target x86_64 --nodeps builddir/build/SPECS/perl-BerkeleyDB.spec']
LEAVE do --> EXCEPTION RAISED

