[ODBC][24414][1431642808.787307][__handles.c][450]
		Exit:[SQL_SUCCESS]
			Environment = 0x2d9d620
[ODBC][24414][1431642808.787373][SQLSetEnvAttr.c][182]
		Entry:            
			Environment = 0x2d9d620            
			Attribute = SQL_ATTR_ODBC_VERSION            
			Value = 0x3            
			StrLen = -6
[ODBC][24414][1431642808.787400][SQLSetEnvAttr.c][349]
		Exit:[SQL_SUCCESS]
[ODBC][24414][1431642808.787428][SQLAllocHandle.c][364]
		Entry:
			Handle Type = 2
			Input Handle = 0x2d9d620
[ODBC][24414][1431642808.787455][SQLAllocHandle.c][482]
		Exit:[SQL_SUCCESS]
			Output Handle = 0x2d9dd00
[ODBC][24414][1431642808.787515][SQLDriverConnect.c][688]
		Entry:            
			Connection = 0x2d9dd00            
			Window Hdl = (nil)            
			Str In = [DSN=Cloudera64][length = 14]            
			Str Out = 0x7fff2d98b130            
			Str Out Max = 512            
			Str Out Ptr = 0x7fff2d98b12e            
			Completion = 0
		UNICODE Using encoding ASCII 'ISO8859-1' and UNICODE 'UCS-2LE'

[ODBC][24414][1431642808.872735][SQLDriverConnect.c][1497]
		Exit:[SQL_SUCCESS]                    
			Connection Out [[DSN=Cloudera64;][length = 15 (SQL_NTS)]]
[ODBC][24414][1431642808.872869][SQLError.c][430]
		Entry:                
			Connection = 0x2d9dd00                
			SQLState = 0x7fff2d98ac80                
			Native = 0x7fff2d98ac88                
			Message Text = 0x7fff2d98ac90                
			Buffer Length = 1023                
			Text Len Ptr = 0x7fff2d98ac8e
[ODBC][24414][1431642808.872897][SQLError.c][467]
		Exit:[SQL_NO_DATA]
[ODBC][24414][1431642808.872924][SQLError.c][510]
		Entry:                
			Environment = 0x2d9d620                
			SQLState = 0x7fff2d98ac80                
			Native = 0x7fff2d98ac88                
			Message Text = 0x7fff2d98ac90                
			Buffer Length = 1023                
			Text Len Ptr = 0x7fff2d98ac8e
[ODBC][24414][1431642808.872947][SQLError.c][547]
		Exit:[SQL_NO_DATA]
[ODBC][24672][1431642910.716716][__handles.c][450]
		Exit:[SQL_SUCCESS]
			Environment = 0x2f4d620
[ODBC][24672][1431642910.716773][SQLSetEnvAttr.c][182]
		Entry:            
			Environment = 0x2f4d620            
			Attribute = SQL_ATTR_ODBC_VERSION            
			Value = 0x3            
			StrLen = -6
[ODBC][24672][1431642910.716805][SQLSetEnvAttr.c][349]
		Exit:[SQL_SUCCESS]
[ODBC][24672][1431642910.716834][SQLAllocHandle.c][364]
		Entry:
			Handle Type = 2
			Input Handle = 0x2f4d620
[ODBC][24672][1431642910.716861][SQLAllocHandle.c][482]
		Exit:[SQL_SUCCESS]
			Output Handle = 0x2f4dd00
[ODBC][24672][1431642910.716921][SQLDriverConnect.c][688]
		Entry:            
			Connection = 0x2f4dd00            
			Window Hdl = (nil)            
			Str In = [DSN=Cloudera64][length = 14]            
			Str Out = 0x7fff59b92a30            
			Str Out Max = 512            
			Str Out Ptr = 0x7fff59b92a2e            
			Completion = 0
		UNICODE Using encoding ASCII 'ISO8859-1' and UNICODE 'UCS-2LE'

[ODBC][24672][1431642910.802323][SQLDriverConnect.c][1497]
		Exit:[SQL_SUCCESS]                    
			Connection Out [[DSN=Cloudera64;][length = 15 (SQL_NTS)]]
[ODBC][24672][1431642910.802447][SQLError.c][430]
		Entry:                
			Connection = 0x2f4dd00                
			SQLState = 0x7fff59b92580                
			Native = 0x7fff59b92588                
			Message Text = 0x7fff59b92590                
			Buffer Length = 1023                
			Text Len Ptr = 0x7fff59b9258e
[ODBC][24672][1431642910.802476][SQLError.c][467]
		Exit:[SQL_NO_DATA]
[ODBC][24672][1431642910.802503][SQLError.c][510]
		Entry:                
			Environment = 0x2f4d620                
			SQLState = 0x7fff59b92580                
			Native = 0x7fff59b92588                
			Message Text = 0x7fff59b92590                
			Buffer Length = 1023                
			Text Len Ptr = 0x7fff59b9258e
[ODBC][24672][1431642910.802526][SQLError.c][547]
		Exit:[SQL_NO_DATA]
