From: srezic@cpan.org
Subject: UNKNOWN CPANPLUS-Daemon-0.02 i386-freebsd 6.1-release-p23
Report: This distribution has been tested as part of the cpan-testers
effort to test as many new uploads to CPAN as possible.  See
http://testers.cpan.org/


--
Dear Jos Boumans,
    
This is a computer-generated report for CPANPLUS-Daemon-0.02
on perl 5.8.8 patch 34467, created by CPAN-Reporter-1.1702. 

Thank you for uploading your work to CPAN.  However, attempting to
test your distribution gave an inconclusive result.  

This could be because your distribution had an error during the make/build
stage, did not define tests, tests could not be found, because your tests were
interrupted before they finished, or because the results of the tests could not
be parsed.  You may wish to consult the CPAN Testers Wiki:

http://cpantest.grango.org/wiki/CPANAuthorNotes

Sections of this report:

    * Tester comments
    * Program output
    * Prerequisites
    * Environment and other context

------------------------------
TESTER COMMENTS
------------------------------

Additional comments from tester: 

none provided

------------------------------
PROGRAM OUTPUT
------------------------------

Output from '/usr/bin/make test':

PERL_DL_NONLAZY=1 /usr/perl5.8.8@34467/bin/perl "-MExtUtils::Command::MM" "-e" "test_harness(0, 'blib/lib', 'blib/arch')" t/*.t
t/00_basic....Unable to get Terminal Size. The TIOCGWINSZ ioctl didn't work. The COLUMNS and LINES environment variables didn't work. The resize program didn't work. at /usr/perl5.8.8@34467/lib/site_perl/5.8.8/i386-freebsd/Term/ReadKey.pm line 362.
Compilation failed in require at /usr/perl5.8.8@34467/lib/site_perl/5.8.8/Term/ReadLine/Perl.pm line 63.
# Looks like your test died before it could output anything.
dubious
	Test returned status 255 (wstat 65280, 0xff00)
FAILED--1 test script could be run, alas--no output ever seen
*** Error code 255

Stop in /var/tmp/CPAN-build/CPANPLUS-Daemon-0.02-KVo6Cl.

------------------------------
PREREQUISITES
------------------------------

Prerequisite modules loaded:

requires:

    Module                   Need  Have 
    ------------------------ ----- -----
    CPANPLUS                 0.081 0.84 
    Getopt::Std              0     1.05 
    IO::String               0     1.08 
    Locale::Maketext::Simple 0     0.18 
    Object::Accessor         0.02  0.34 
    Params::Check            0.22  0.26 
    POE                      0     1.003
    Test::More               0     0.80 

------------------------------
ENVIRONMENT AND OTHER CONTEXT
------------------------------

Environment variables:

    PATH = /usr/local/bin:/usr/X11R6/bin:/usr/X11/bin:/usr/perl5.8.0/bin:/usr/bin:/bin:/usr/local/sbin:/usr/sbin:/sbin:/usr/local/pilot/bin:/home/cpansand/bin/freebsd6.1:/home/cpansand/bin/sh:/home/cpansand/bin:/usr/X386/bin:/usr/games:/home/cpansand/devel:/usr/home/e/eserte/work/srezic-misc/scripts
    PERL5LIB = /usr/local/src/CPAN/build/POE-1.003-Jfcz64/blib/arch:/usr/local/src/CPAN/build/POE-1.003-Jfcz64/blib/lib:/usr/local/src/CPAN/build/POE-Test-Loops-1.002-Z98YRO/blib/arch:/usr/local/src/CPAN/build/POE-Test-Loops-1.002-Z98YRO/blib/lib:/usr/local/src/CPAN/build/CPANPLUS-0.84-7yyJ95/blib/arch:/usr/local/src/CPAN/build/CPANPLUS-0.84-7yyJ95/blib/lib:/usr/local/src/CPAN/build/Archive-Extract-0.28-tmJZ5y/blib/arch:/usr/local/src/CPAN/build/Archive-Extract-0.28-tmJZ5y/blib/lib:/usr/local/src/CPAN/build/Module-Loaded-0.01-Npl0XU/blib/arch:/usr/local/src/CPAN/build/Module-Loaded-0.01-Npl0XU/blib/lib:/usr/local/src/CPAN/build/File-Fetch-0.16-Y661rh/blib/arch:/usr/local/src/CPAN/build/File-Fetch-0.16-Y661rh/blib/lib:/usr/local/src/CPAN/build/IPC-Cmd-0.42-6Hlw2Q/blib/arch:/usr/local/src/CPAN/build/IPC-Cmd-0.42-6Hlw2Q/blib/lib:/usr/local/src/CPAN/build/Term-UI-0.18-eRvwnw/blib/arch:/usr/local/src/CPAN/build/Term-UI-0.18-eRvwnw/blib/lib:/usr/local/src/CPAN/build/Log-Message-Simple-0.04-9T02YL/blib/arch:/usr/local/src/CPAN/build/Log-Message-Simple-0.04-9T02YL/blib/lib:/usr/local/src/CPAN/build/Log-Message-0.01-lMn4LV/blib/arch:/usr/local/src/CPAN/build/Log-Message-0.01-lMn4LV/blib/lib:/usr/local/src/CPAN/build/Module-Load-Conditional-0.26-t9fyqx/blib/arch:/usr/local/src/CPAN/build/Module-Load-Conditional-0.26-t9fyqx/blib/lib:/usr/local/src/CPAN/build/version-0.76-wus107/blib/arch:/usr/local/src/CPAN/build/version-0.76-wus107/blib/lib:/usr/local/src/CPAN/build/Archive-Tar-1.40-fiHvBf/blib/arch:/usr/local/src/CPAN/build/Archive-Tar-1.40-fiHvBf/blib/lib:/usr/local/src/CPAN/build/IO-Compress-Bzip2-2.015-JYLsWk/blib/arch:/usr/local/src/CPAN/build/IO-Compress-Bzip2-2.015-JYLsWk/blib/lib:/usr/local/src/CPAN/build/Compress-Raw-Bzip2-2.015-SJlxcR/blib/arch:/usr/local/src/CPAN/build/Compress-Raw-Bzip2-2.015-SJlxcR/blib/lib:/usr/local/src/CPAN/build/IO-Zlib-1.09-6dp2UC/blib/arch:/usr/local/src/CPAN/build/IO-Zlib-1.09-6dp2UC/blib/lib:/usr/local/src/CPAN/build/Package-Constants-0.01-X12Hbf/blib/arch:/usr/local/src/CPAN/build/Package-Constants-0.01-X12Hbf/blib/lib:/usr/local/src/CPAN/build/Module-Load-0.12-qm2cqB/blib/arch:/usr/local/src/CPAN/build/Module-Load-0.12-qm2cqB/blib/lib:/usr/local/src/CPAN/build/Object-Accessor-0.34-2aipaG/blib/arch:/usr/local/src/CPAN/build/Object-Accessor-0.34-2aipaG/blib/lib:/usr/local/src/CPAN/build/Params-Check-0.26-xHzBgP/blib/arch:/usr/local/src/CPAN/build/Params-Check-0.26-xHzBgP/blib/lib:/usr/local/src/CPAN/build/Locale-Maketext-Simple-0.18-10PKMa/blib/arch:/usr/local/src/CPAN/build/Locale-Maketext-Simple-0.18-10PKMa/blib/lib:/usr/local/src/CPAN/build/IO-String-1.08-eOxFGd/blib/arch:/usr/local/src/CPAN/build/IO-String-1.08-eOxFGd/blib/lib:/usr/local/src/CPAN/build/Locale-US-1.2-5s1KKw/blib/arch:/usr/local/src/CPAN/build/Locale-US-1.2-5s1KKw/blib/lib:/usr/local/src/CPAN/build/Geo-OGC-Geometry-0.02-yi3NeO/blib/arch:/usr/local/src/CPAN/build/Geo-OGC-Geometry-0.02-yi3NeO/blib/lib:/usr/local/src/CPAN/build/Apache-StrReplace-0.03-nZ8bdc/blib/arch:/usr/local/src/CPAN/build/Apache-StrReplace-0.03-nZ8bdc/blib/lib:/usr/local/src/CPAN/build/Encode-HanConvert-0.34-gAo_Rw/blib/arch:/usr/local/src/CPAN/build/Encode-HanConvert-0.34-gAo_Rw/blib/lib:/usr/local/src/CPAN/build/XML-Simple-2.18-voTD60/blib/arch:/usr/local/src/CPAN/build/XML-Simple-2.18-voTD60/blib/lib:/usr/local/src/CPAN/build/XML-SAX-Expat-0.40-19zn2b/blib/arch:/usr/local/src/CPAN/build/XML-SAX-Expat-0.40-19zn2b/blib/lib:/usr/local/src/CPAN/build/XML-Parser-2.36-T9FKYi/blib/arch:/usr/local/src/CPAN/build/XML-Parser-2.36-T9FKYi/blib/lib:/usr/local/src/CPAN/build/XML-SAX-0.96-QPD7iI/blib/arch:/usr/local/src/CPAN/build/XML-SAX-0.96-QPD7iI/blib/lib:/usr/local/src/CPAN/build/XML-NamespaceSupport-1.09-vXtQYi/blib/arch:/usr/local/src/CPAN/build/XML-NamespaceSupport-1.09-vXtQYi/blib/lib:/usr/local/src/CPAN/build/Config-Apt-Sources-0.10-U42Th4/blib/arch:/usr/local/src/CPAN/build/Config-Apt-Sources-0.10-U42Th4/blib/lib:/usr/local/src/CPAN/build/Test-Warn-0.11-KD7S6E/blib/arch:/usr/local/src/CPAN/build/Test-Warn-0.11-KD7S6E/blib/lib:/usr/local/src/CPAN/build/Tree-DAG_Node-1.06-5anWIl/blib/arch:/usr/local/src/CPAN/build/Tree-DAG_Node-1.06-5anWIl/blib/lib:/usr/local/src/CPAN/build/Array-Compare-1.16-v8FrYa/blib/arch:/usr/local/src/CPAN/build/Array-Compare-1.16-v8FrYa/blib/lib:/usr/local/src/CPAN/build/HTML-ReplaceForm-0.52-30_nEL/blib/arch:/usr/local/src/CPAN/build/HTML-ReplaceForm-0.52-30_nEL/blib/lib:/usr/local/src/CPAN/build/HTML-TokeParser-Simple-3.15-dpbx0O/blib/arch:/usr/local/src/CPAN/build/HTML-TokeParser-Simple-3.15-dpbx0O/blib/lib:/usr/local/src/CPAN/build/Sub-Override-0.08-tUz4z1/blib/arch:/usr/local/src/CPAN/build/Sub-Override-0.08-tUz4z1/blib/lib:/usr/local/src/CPAN/build/Test-Exception-0.27-4bWtnQ/blib/arch:/usr/local/src/CPAN/build/Test-Exception-0.27-4bWtnQ/blib/lib:/usr/local/src/CPAN/build/Sub-Uplevel-0.2002-5wUOrR/blib/arch:/usr/local/src/CPAN/build/Sub-Uplevel-0.2002-5wUOrR/blib/lib
    PERL5OPT = -I/tmp/CPAN-Reporter-lib-2nSc -MDevel::Autoflush
    PERL5_CPANPLUS_IS_RUNNING = 12281
    PERL5_CPAN_IS_RUNNING = 12281
    PERL5_CPAN_IS_RUNNING_IN_RECURSION = 25875,12281
    PERL_BATCH = yes
    PERL_CPAN_REPORTER_DIR = /home/cpansand/.cpanreporter/set1
    PERL_EXTUTILS_AUTOINSTALL = --defaultdeps
    PERL_HTML_DISPLAY_CLASS = HTML::Display::Mozilla
    SHELL = /usr/local/bin/zsh
    TERM = screen

Perl special variables (and OS-specific diagnostics, for MSWin32):

    $^X = /usr/perl5.8.8@34467/bin/perl
    $UID/$EUID = 1023 / 1023
    $GID = 1023 1023 1023
    $EGID = 1023 1023 1023

Perl module toolchain versions installed:

    Module              Have   
    ------------------- -------
    CPAN                1.92_66
    Cwd                 3.2701 
    ExtUtils::CBuilder  n/a    
    ExtUtils::Command   1.14   
    ExtUtils::Install   1.50_01
    ExtUtils::MakeMaker 6.46   
    ExtUtils::Manifest  1.54   
    ExtUtils::ParseXS   2.19   
    File::Spec          3.2701 
    Module::Build       0.30   
    Module::Signature   n/a    
    Test::Harness       2.64   
    Test::More          0.80   
    YAML                n/a    
    YAML::Syck          1.05   
    version             0.76   


--

Summary of my perl5 (revision 5 version 8 subversion 8 patch 34467) configuration:
  Platform:
    osname=freebsd, osvers=6.1-release-p23, archname=i386-freebsd
    uname='freebsd biokovo.herceg.de 6.1-release-p23 freebsd 6.1-release-p23 #0: wed feb 13 10:36:51 utc 2008 root@i386-builder.daemonology.net:usrobjusrsrcsysgeneric i386 '
    config_args='-ds -e -Dprefix=/usr/perl5.8.8@34467'
    hint=recommended, useposix=true, d_sigaction=define
    usethreads=undef use5005threads=undef useithreads=undef usemultiplicity=undef
    useperlio=define d_sfio=undef uselargefiles=define usesocks=undef
    use64bitint=undef use64bitall=undef uselongdouble=undef
    usemymalloc=n, bincompat5005=undef
  Compiler:
    cc='cc', ccflags ='-DHAS_FPSETMASK -DHAS_FLOATINGPOINT_H -fno-strict-aliasing -pipe -I/usr/local/include',
    optimize='-O',
    cppflags='-DHAS_FPSETMASK -DHAS_FLOATINGPOINT_H -fno-strict-aliasing -pipe -I/usr/local/include'
    ccversion='', gccversion='3.4.4 [FreeBSD] 20050518', gccosandvers=''
    intsize=4, longsize=4, ptrsize=4, doublesize=8, byteorder=1234
    d_longlong=define, longlongsize=8, d_longdbl=define, longdblsize=12
    ivtype='long', ivsize=4, nvtype='double', nvsize=8, Off_t='off_t', lseeksize=8
    alignbytes=4, prototype=define
  Linker and Libraries:
    ld='cc', ldflags ='-Wl,-E  -L/usr/local/lib'
    libpth=/usr/lib /usr/local/lib
    libs=-lgdbm -lm -lcrypt -lutil -lc
    perllibs=-lm -lcrypt -lutil -lc
    libc=, so=so, useshrplib=false, libperl=libperl.a
    gnulibc_version=''
  Dynamic Linking:
    dlsrc=dl_dlopen.xs, dlext=so, d_dlsymun=undef, ccdlflags=' '
    cccdlflags='-DPIC -fPIC', lddlflags='-shared  -L/usr/local/lib'