Summary of my perl5 (revision 5 version 10 subversion 0) configuration:
  Platform:
    osname=darwin, osvers=9.6.0, archname=darwin-thread-multi-2level
    uname='darwin windhund 9.6.0 darwin kernel version 9.6.0: mon nov 24 17:37:00 pst 2008; root:xnu-1228.9.59~1release_i386 i386 i386 macbook1,1 darwin '
    config_args='-Dprefix=/usr/local/perl/5.10.0 -Duseithreads -Dccflags=-I/usr/local/include -I/opt/local/include -I/sw/include -Dldflags=-L/usr/local/lib -L/opt/local/lib -L/sw/lib -Dlibpth=/usr/local/lib /opt/local/lib /sw/lib /usr/lib -Dperladmin=schwern@pobox.com -Dcf_email=schwern@pobox.com -Dmyhostname=windhund -Dmydomain=.schwern.org -Uinstallusrbinperl -des -DPERL_DONT_CREATE_GVSV'
    hint=recommended, useposix=true, d_sigaction=define
    useithreads=define, usemultiplicity=define
    useperlio=define, d_sfio=undef, uselargefiles=define, usesocks=undef
    use64bitint=undef, use64bitall=undef, uselongdouble=undef
    usemymalloc=n, bincompat5005=undef
  Compiler:
    cc='cc', ccflags ='-I/usr/local/include -I/opt/local/include -I/sw/include -fno-common -DPERL_DARWIN -no-cpp-precomp -fno-strict-aliasing -pipe -I/usr/local/include -I/opt/local/include',
    optimize='-O3',
    cppflags='-no-cpp-precomp -I/usr/local/include -I/opt/local/include -I/sw/include -fno-common -DPERL_DARWIN -no-cpp-precomp -fno-strict-aliasing -pipe -I/usr/local/include -I/opt/local/include'
    ccversion='', gccversion='4.0.1 (Apple Inc. build 5490)', gccosandvers=''
    intsize=4, longsize=4, ptrsize=4, doublesize=8, byteorder=1234
    d_longlong=define, longlongsize=8, d_longdbl=define, longdblsize=16
    ivtype='long', ivsize=4, nvtype='double', nvsize=8, Off_t='off_t', lseeksize=8
    alignbytes=8, prototype=define
  Linker and Libraries:
    ld='env MACOSX_DEPLOYMENT_TARGET=10.3 cc', ldflags ='-L/usr/local/lib -L/opt/local/lib -L/sw/lib'
    libpth=/usr/local/lib /opt/local/lib /sw/lib /usr/lib
    libs=-lgdbm -ldbm -ldb -ldl -lm -lutil -lc
    perllibs=-ldl -lm -lutil -lc
    libc=/usr/lib/libc.dylib, so=dylib, useshrplib=false, libperl=libperl.a
    gnulibc_version=''
  Dynamic Linking:
    dlsrc=dl_dlopen.xs, dlext=bundle, d_dlsymun=undef, ccdlflags=' '
    cccdlflags=' ', lddlflags='-L/usr/local/lib -L/opt/local/lib -L/sw/lib -bundle -undefined dynamic_lookup'


Characteristics of this binary (from libperl): 
  Compile-time options: MULTIPLICITY PERL_DONT_CREATE_GVSV
                        PERL_IMPLICIT_CONTEXT PERL_MALLOC_WRAP USE_ITHREADS
                        USE_LARGE_FILES USE_PERLIO USE_REENTRANT_API
  Built under darwin
  Compiled at Jun 13 2009 00:47:30
  %ENV:
    PERL5LIB="/sw/lib/perl5:/sw/lib/perl5/darwin"
    PERL_AUTOINSTALL="--defaultdeps"
  @INC:
    /sw/lib/perl5/darwin-thread-multi-2level
    /sw/lib/perl5
    /sw/lib/perl5/darwin
    /usr/local/perl/5.10.0/lib/5.10.0/darwin-thread-multi-2level
    /usr/local/perl/5.10.0/lib/5.10.0
    /usr/local/perl/5.10.0/lib/site_perl/5.10.0/darwin-thread-multi-2level
    /usr/local/perl/5.10.0/lib/site_perl/5.10.0
    .
