XS_Clone_clone:316: ref = 0x1138ebe0
sv_clone:137: ref = 0x1138ebe0(1)
sv_clone:148: switch: (0x1138ebe0)
sv_clone:163: ref scalar
sv_clone:210: storing ref = 0x1138ebe0 clone = 0x113ab588
sv_clone:210: clone = 0x113ab588(2)
sv_clone:210: ref = 0x1138ebe0(1)
sv_clone:285: clone = 0x113ab588(2)
sv_clone:137: ref = 0x113932b0(1)
sv_clone:148: switch: (0x113932b0)
sv_clone:210: storing ref = 0x113932b0 clone = 0x113a5f60
sv_clone:210: clone = 0x113a5f60(2)
sv_clone:210: ref = 0x113932b0(1)
hv_clone:49: ref = 0x113932b0(1)
hv_clone:55: clone item adjacency
sv_clone:137: ref = 0x113b3e50(1)
sv_clone:148: switch: (0x113b3e50)
sv_clone:163: ref scalar
sv_clone:210: storing ref = 0x113b3e50 clone = 0x113919d8
sv_clone:210: clone = 0x113919d8(2)
sv_clone:210: ref = 0x113b3e50(1)
sv_clone:285: clone = 0x113919d8(2)
sv_clone:137: ref = 0x113a2560(1)
sv_clone:148: switch: (0x113a2560)
sv_clone:210: storing ref = 0x113a2560 clone = 0x113a2200
sv_clone:210: clone = 0x113a2200(2)
sv_clone:210: ref = 0x113a2560(1)
av_clone:77: ref = 0x113a2560(1)
sv_clone:137: ref = 0x113abe88(1)
sv_clone:148: switch: (0x113abe88)
sv_clone:163: ref scalar
sv_clone:210: storing ref = 0x113abe88 clone = 0x113aba98
sv_clone:210: clone = 0x113aba98(2)
sv_clone:210: ref = 0x113abe88(1)
sv_clone:285: clone = 0x113aba98(2)
sv_clone:137: ref = 0x113b3ca0(1)
sv_clone:148: switch: (0x113b3ca0)
sv_clone:210: storing ref = 0x113b3ca0 clone = 0x1138eaa8
sv_clone:210: clone = 0x1138eaa8(2)
sv_clone:210: ref = 0x113b3ca0(1)
av_clone:77: ref = 0x113b3ca0(1)
sv_clone:137: ref = 0x11391a68(1)
sv_clone:148: switch: (0x11391a68)
sv_clone:156: int scalar
sv_clone:158: double scalar
sv_clone:210: storing ref = 0x11391a68 clone = 0x113b3d48
sv_clone:210: clone = 0x113b3d48(2)
sv_clone:210: ref = 0x11391a68(1)
sv_clone:297: clone = 0x113b3d48(2)
sv_clone:137: ref = 0x113b4150(1)
sv_clone:148: switch: (0x113b4150)
sv_clone:156: int scalar
sv_clone:158: double scalar
sv_clone:210: storing ref = 0x113b4150 clone = 0x113a1d08
sv_clone:210: clone = 0x113a1d08(2)
sv_clone:210: ref = 0x113b4150(1)
sv_clone:297: clone = 0x113a1d08(2)
sv_clone:137: ref = 0x113ab6d8(1)
sv_clone:148: switch: (0x113ab6d8)
sv_clone:156: int scalar
sv_clone:158: double scalar
sv_clone:210: storing ref = 0x113ab6d8 clone = 0x113916d8
sv_clone:210: clone = 0x113916d8(2)
sv_clone:210: ref = 0x113ab6d8(1)
sv_clone:297: clone = 0x113916d8(2)
sv_clone:137: ref = 0x1138e4f0(1)
sv_clone:148: switch: (0x1138e4f0)
sv_clone:156: int scalar
sv_clone:158: double scalar
sv_clone:210: storing ref = 0x1138e4f0 clone = 0x1139ca50
sv_clone:210: clone = 0x1139ca50(2)
sv_clone:210: ref = 0x1138e4f0(1)
sv_clone:297: clone = 0x1139ca50(2)
sv_clone:137: ref = 0x11382a90(1)
sv_clone:148: switch: (0x11382a90)
sv_clone:156: int scalar
sv_clone:158: double scalar
sv_clone:210: storing ref = 0x11382a90 clone = 0x11393670
sv_clone:210: clone = 0x11393670(2)
sv_clone:210: ref = 0x11382a90(1)
sv_clone:297: clone = 0x11393670(2)
sv_clone:137: ref = 0x113b3dd8(1)
sv_clone:148: switch: (0x113b3dd8)
sv_clone:156: int scalar
sv_clone:158: double scalar
sv_clone:210: storing ref = 0x113b3dd8 clone = 0x113b3d90
sv_clone:210: clone = 0x113b3d90(2)
sv_clone:210: ref = 0x113b3dd8(1)
sv_clone:297: clone = 0x113b3d90(2)
sv_clone:137: ref = 0x113a4e40(1)
sv_clone:148: switch: (0x113a4e40)
sv_clone:156: int scalar
sv_clone:158: double scalar
sv_clone:210: storing ref = 0x113a4e40 clone = 0x113a6158
sv_clone:210: clone = 0x113a6158(2)
sv_clone:210: ref = 0x113a4e40(1)
sv_clone:297: clone = 0x113a6158(2)
av_clone:94: clone = 0x1138eaa8(2)
sv_clone:297: clone = 0x1138eaa8(2)
sv_clone:297: clone = 0x113aba98(2)
sv_clone:137: ref = 0x113a1d68(1)
sv_clone:148: switch: (0x113a1d68)
sv_clone:163: ref scalar
sv_clone:210: storing ref = 0x113a1d68 clone = 0x113ab8d0
sv_clone:210: clone = 0x113ab8d0(2)
sv_clone:210: ref = 0x113a1d68(1)
sv_clone:285: clone = 0x113ab8d0(2)
sv_clone:137: ref = 0x113a5d50(1)
sv_clone:148: switch: (0x113a5d50)
sv_clone:210: storing ref = 0x113a5d50 clone = 0x113abd20
sv_clone:210: clone = 0x113abd20(2)
sv_clone:210: ref = 0x113a5d50(1)
av_clone:77: ref = 0x113a5d50(1)
sv_clone:137: ref = 0x113942a0(1)
sv_clone:148: switch: (0x113942a0)
sv_clone:156: int scalar
sv_clone:158: double scalar
sv_clone:210: storing ref = 0x113942a0 clone = 0x11393700
sv_clone:210: clone = 0x11393700(2)
sv_clone:210: ref = 0x113942a0(1)
sv_clone:297: clone = 0x11393700(2)
sv_clone:137: ref = 0x113a5218(1)
sv_clone:148: switch: (0x113a5218)
sv_clone:156: int scalar
sv_clone:158: double scalar
sv_clone:210: storing ref = 0x113a5218 clone = 0x1139c678
sv_clone:210: clone = 0x1139c678(2)
sv_clone:210: ref = 0x113a5218(1)
sv_clone:297: clone = 0x1139c678(2)
sv_clone:137: ref = 0x113938e0(1)
sv_clone:148: switch: (0x113938e0)
sv_clone:156: int scalar
sv_clone:158: double scalar
sv_clone:210: storing ref = 0x113938e0 clone = 0x1139ced0
sv_clone:210: clone = 0x1139ced0(2)
sv_clone:210: ref = 0x113938e0(1)
sv_clone:297: clone = 0x1139ced0(2)
sv_clone:137: ref = 0x1139d0c8(1)
sv_clone:148: switch: (0x1139d0c8)
sv_clone:156: int scalar
sv_clone:158: double scalar
sv_clone:210: storing ref = 0x1139d0c8 clone = 0x11393868
sv_clone:210: clone = 0x11393868(2)
sv_clone:210: ref = 0x1139d0c8(1)
sv_clone:297: clone = 0x11393868(2)
sv_clone:137: ref = 0x1138ec70(1)
sv_clone:148: switch: (0x1138ec70)
sv_clone:156: int scalar
sv_clone:158: double scalar
sv_clone:210: storing ref = 0x1138ec70 clone = 0x113a6308
sv_clone:210: clone = 0x113a6308(2)
sv_clone:210: ref = 0x1138ec70(1)
sv_clone:297: clone = 0x113a6308(2)
sv_clone:137: ref = 0x113a6578(1)
sv_clone:148: switch: (0x113a6578)
sv_clone:156: int scalar
sv_clone:158: double scalar
sv_clone:210: storing ref = 0x113a6578 clone = 0x1138ef58
sv_clone:210: clone = 0x1138ef58(2)
sv_clone:210: ref = 0x113a6578(1)
sv_clone:297: clone = 0x1138ef58(2)
sv_clone:137: ref = 0x113a5ea0(1)
sv_clone:148: switch: (0x113a5ea0)
sv_clone:156: int scalar
sv_clone:158: double scalar
sv_clone:210: storing ref = 0x113a5ea0 clone = 0x11391a20
sv_clone:210: clone = 0x11391a20(2)
sv_clone:210: ref = 0x113a5ea0(1)
sv_clone:297: clone = 0x11391a20(2)
av_clone:94: clone = 0x113abd20(2)
sv_clone:297: clone = 0x113abd20(2)
sv_clone:297: clone = 0x113ab8d0(2)
sv_clone:137: ref = 0x1138a478(1)
sv_clone:148: switch: (0x1138a478)
sv_clone:163: ref scalar
sv_clone:210: storing ref = 0x1138a478 clone = 0x11392f20
sv_clone:210: clone = 0x11392f20(2)
sv_clone:210: ref = 0x1138a478(1)
sv_clone:285: clone = 0x11392f20(2)
sv_clone:137: ref = 0x1139cf00(1)
sv_clone:148: switch: (0x1139cf00)
sv_clone:210: storing ref = 0x1139cf00 clone = 0x113a1ab0
sv_clone:210: clone = 0x113a1ab0(2)
sv_clone:210: ref = 0x1139cf00(1)
av_clone:77: ref = 0x1139cf00(1)
sv_clone:137: ref = 0x11391c30(1)
sv_clone:148: switch: (0x11391c30)
sv_clone:156: int scalar
sv_clone:158: double scalar
sv_clone:210: storing ref = 0x11391c30 clone = 0x10f3f498
sv_clone:210: clone = 0x10f3f498(2)
sv_clone:210: ref = 0x11391c30(1)
sv_clone:297: clone = 0x10f3f498(2)
sv_clone:137: ref = 0x11391228(1)
sv_clone:148: switch: (0x11391228)
sv_clone:156: int scalar
sv_clone:158: double scalar
sv_clone:210: storing ref = 0x11391228 clone = 0x113a6128
sv_clone:210: clone = 0x113a6128(2)
sv_clone:210: ref = 0x11391228(1)
sv_clone:297: clone = 0x113a6128(2)
sv_clone:137: ref = 0x1138e430(1)
sv_clone:148: switch: (0x1138e430)
sv_clone:156: int scalar
sv_clone:158: double scalar
sv_clone:210: storing ref = 0x1138e430 clone = 0x11388280
sv_clone:210: clone = 0x11388280(2)
sv_clone:210: ref = 0x1138e430(1)
sv_clone:297: clone = 0x11388280(2)
sv_clone:137: ref = 0x113a65a8(1)
sv_clone:148: switch: (0x113a65a8)
sv_clone:156: int scalar
sv_clone:158: double scalar
sv_clone:210: storing ref = 0x113a65a8 clone = 0x113ac2c0
sv_clone:210: clone = 0x113ac2c0(2)
sv_clone:210: ref = 0x113a65a8(1)
sv_clone:297: clone = 0x113ac2c0(2)
sv_clone:137: ref = 0x1138e6e8(1)
sv_clone:148: switch: (0x1138e6e8)
sv_clone:156: int scalar
sv_clone:158: double scalar
sv_clone:210: storing ref = 0x1138e6e8 clone = 0x113b4438
sv_clone:210: clone = 0x113b4438(2)
sv_clone:210: ref = 0x1138e6e8(1)
sv_clone:297: clone = 0x113b4438(2)
sv_clone:137: ref = 0x11387de8(1)
sv_clone:148: switch: (0x11387de8)
sv_clone:156: int scalar
sv_clone:158: double scalar
sv_clone:210: storing ref = 0x11387de8 clone = 0x113a51d0
sv_clone:210: clone = 0x113a51d0(2)
sv_clone:210: ref = 0x11387de8(1)
sv_clone:297: clone = 0x113a51d0(2)
sv_clone:137: ref = 0x113abd08(1)
sv_clone:148: switch: (0x113abd08)
sv_clone:156: int scalar
sv_clone:158: double scalar
sv_clone:210: storing ref = 0x113abd08 clone = 0x113a4c60
sv_clone:210: clone = 0x113a4c60(2)
sv_clone:210: ref = 0x113abd08(1)
sv_clone:297: clone = 0x113a4c60(2)
av_clone:94: clone = 0x113a1ab0(2)
sv_clone:297: clone = 0x113a1ab0(2)
sv_clone:297: clone = 0x11392f20(2)
sv_clone:137: ref = 0x11382b98(1)
sv_clone:148: switch: (0x11382b98)
sv_clone:163: ref scalar
sv_clone:210: storing ref = 0x11382b98 clone = 0x11382ee0
sv_clone:210: clone = 0x11382ee0(2)
sv_clone:210: ref = 0x11382b98(1)
sv_clone:285: clone = 0x11382ee0(2)
sv_clone:137: ref = 0x1139ca98(1)
sv_clone:148: switch: (0x1139ca98)
sv_clone:210: storing ref = 0x1139ca98 clone = 0x113a2650
sv_clone:210: clone = 0x113a2650(2)
sv_clone:210: ref = 0x1139ca98(1)
av_clone:77: ref = 0x1139ca98(1)
sv_clone:137: ref = 0x1139c6a8(1)
sv_clone:148: switch: (0x1139c6a8)
sv_clone:156: int scalar
sv_clone:158: double scalar
sv_clone:210: storing ref = 0x1139c6a8 clone = 0x1139c3d8
sv_clone:210: clone = 0x1139c3d8(2)
sv_clone:210: ref = 0x1139c6a8(1)
sv_clone:297: clone = 0x1139c3d8(2)
sv_clone:137: ref = 0x113ab7e0(1)
sv_clone:148: switch: (0x113ab7e0)
sv_clone:156: int scalar
sv_clone:158: double scalar
sv_clone:210: storing ref = 0x113ab7e0 clone = 0x11394540
sv_clone:210: clone = 0x11394540(2)
sv_clone:210: ref = 0x113ab7e0(1)
sv_clone:297: clone = 0x11394540(2)
sv_clone:137: ref = 0x113a6260(1)
sv_clone:148: switch: (0x113a6260)
sv_clone:156: int scalar
sv_clone:158: double scalar
sv_clone:210: storing ref = 0x113a6260 clone = 0x113ab5d0
sv_clone:210: clone = 0x113ab5d0(2)
sv_clone:210: ref = 0x113a6260(1)
sv_clone:297: clone = 0x113ab5d0(2)
sv_clone:137: ref = 0x113ac0b0(1)
sv_clone:148: switch: (0x113ac0b0)
sv_clone:156: int scalar
sv_clone:158: double scalar
sv_clone:210: storing ref = 0x113ac0b0 clone = 0x113a4408
sv_clone:210: clone = 0x113a4408(2)
sv_clone:210: ref = 0x113ac0b0(1)
sv_clone:297: clone = 0x113a4408(2)
sv_clone:137: ref = 0x11391d08(1)
sv_clone:148: switch: (0x11391d08)
sv_clone:156: int scalar
sv_clone:158: double scalar
sv_clone:210: storing ref = 0x11391d08 clone = 0x113b4390
sv_clone:210: clone = 0x113b4390(2)
sv_clone:210: ref = 0x11391d08(1)
sv_clone:297: clone = 0x113b4390(2)
sv_clone:137: ref = 0x1139c258(1)
sv_clone:148: switch: (0x1139c258)
sv_clone:156: int scalar
sv_clone:158: double scalar
sv_clone:210: storing ref = 0x1139c258 clone = 0x113b44e0
sv_clone:210: clone = 0x113b44e0(2)
sv_clone:210: ref = 0x1139c258(1)
sv_clone:297: clone = 0x113b44e0(2)
sv_clone:137: ref = 0x11393ce8(1)
sv_clone:148: switch: (0x11393ce8)
sv_clone:156: int scalar
sv_clone:158: double scalar
sv_clone:210: storing ref = 0x11393ce8 clone = 0x113a5c90
sv_clone:210: clone = 0x113a5c90(2)
sv_clone:210: ref = 0x11393ce8(1)
sv_clone:297: clone = 0x113a5c90(2)
av_clone:94: clone = 0x113a2650(2)
sv_clone:297: clone = 0x113a2650(2)
sv_clone:297: clone = 0x11382ee0(2)
sv_clone:137: ref = 0x113918a0(1)
sv_clone:148: switch: (0x113918a0)
sv_clone:163: ref scalar
sv_clone:210: storing ref = 0x113918a0 clone = 0x113aba80
sv_clone:210: clone = 0x113aba80(2)
sv_clone:210: ref = 0x113918a0(1)
sv_clone:285: clone = 0x113aba80(2)
sv_clone:137: ref = 0x113abb28(1)
sv_clone:148: switch: (0x113abb28)
sv_clone:210: storing ref = 0x113abb28 clone = 0x113a4c00
sv_clone:210: clone = 0x113a4c00(2)
sv_clone:210: ref = 0x113abb28(1)
av_clone:77: ref = 0x113abb28(1)
sv_clone:137: ref = 0x11387ce0(1)
sv_clone:148: switch: (0x11387ce0)
sv_clone:156: int scalar
sv_clone:158: double scalar
sv_clone:210: storing ref = 0x11387ce0 clone = 0x113b4270
sv_clone:210: clone = 0x113b4270(2)
sv_clone:210: ref = 0x11387ce0(1)
sv_clone:297: clone = 0x113b4270(2)
sv_clone:137: ref = 0x113ab6c0(1)
sv_clone:148: switch: (0x113ab6c0)
sv_clone:156: int scalar
sv_clone:158: double scalar
sv_clone:210: storing ref = 0x113ab6c0 clone = 0x1138e8b0
sv_clone:210: clone = 0x1138e8b0(2)
sv_clone:210: ref = 0x113ab6c0(1)
sv_clone:297: clone = 0x1138e8b0(2)
sv_clone:137: ref = 0x1139d008(1)
sv_clone:148: switch: (0x1139d008)
sv_clone:156: int scalar
sv_clone:158: double scalar
sv_clone:210: storing ref = 0x1139d008 clone = 0x113a5e28
sv_clone:210: clone = 0x113a5e28(2)
sv_clone:210: ref = 0x1139d008(1)
sv_clone:297: clone = 0x113a5e28(2)
sv_clone:137: ref = 0x11387c08(1)
sv_clone:148: switch: (0x11387c08)
sv_clone:156: int scalar
sv_clone:158: double scalar
sv_clone:210: storing ref = 0x11387c08 clone = 0x113abbe8
sv_clone:210: clone = 0x113abbe8(2)
sv_clone:210: ref = 0x11387c08(1)
sv_clone:297: clone = 0x113abbe8(2)
sv_clone:137: ref = 0x113934f0(1)
sv_clone:148: switch: (0x113934f0)
sv_clone:156: int scalar
sv_clone:158: double scalar
sv_clone:210: storing ref = 0x113934f0 clone = 0x113abc48
sv_clone:210: clone = 0x113abc48(2)
sv_clone:210: ref = 0x113934f0(1)
sv_clone:297: clone = 0x113abc48(2)
sv_clone:137: ref = 0x113a4888(1)
sv_clone:148: switch: (0x113a4888)
sv_clone:156: int scalar
sv_clone:158: double scalar
sv_clone:210: storing ref = 0x113a4888 clone = 0x1139cc48
sv_clone:210: clone = 0x1139cc48(2)
sv_clone:210: ref = 0x113a4888(1)
sv_clone:297: clone = 0x1139cc48(2)
sv_clone:137: ref = 0x113a4b88(1)
sv_clone:148: switch: (0x113a4b88)
sv_clone:156: int scalar
sv_clone:158: double scalar
sv_clone:210: storing ref = 0x113a4b88 clone = 0x113a64a0
sv_clone:210: clone = 0x113a64a0(2)
sv_clone:210: ref = 0x113a4b88(1)
sv_clone:297: clone = 0x113a64a0(2)
av_clone:94: clone = 0x113a4c00(2)
sv_clone:297: clone = 0x113a4c00(2)
sv_clone:297: clone = 0x113aba80(2)
sv_clone:137: ref = 0x113ac308(1)
sv_clone:148: switch: (0x113ac308)
sv_clone:163: ref scalar
sv_clone:210: storing ref = 0x113ac308 clone = 0x113b3bf8
sv_clone:210: clone = 0x113b3bf8(2)
sv_clone:210: ref = 0x113ac308(1)
sv_clone:285: clone = 0x113b3bf8(2)
sv_clone:137: ref = 0x1138e550(1)
sv_clone:148: switch: (0x1138e550)
sv_clone:210: storing ref = 0x1138e550 clone = 0x1138f0a8
sv_clone:210: clone = 0x1138f0a8(2)
sv_clone:210: ref = 0x1138e550(1)
av_clone:77: ref = 0x1138e550(1)
sv_clone:137: ref = 0x1139b958(1)
sv_clone:148: switch: (0x1139b958)
sv_clone:156: int scalar
sv_clone:158: double scalar
sv_clone:210: storing ref = 0x1139b958 clone = 0x11382e98
sv_clone:210: clone = 0x11382e98(2)
sv_clone:210: ref = 0x1139b958(1)
sv_clone:297: clone = 0x11382e98(2)
sv_clone:137: ref = 0x113a5ca8(1)
sv_clone:148: switch: (0x113a5ca8)
sv_clone:156: int scalar
sv_clone:158: double scalar
sv_clone:210: storing ref = 0x113a5ca8 clone = 0x11394228
sv_clone:210: clone = 0x11394228(2)
sv_clone:210: ref = 0x113a5ca8(1)
sv_clone:297: clone = 0x11394228(2)
sv_clone:137: ref = 0x113a1c30(1)
sv_clone:148: switch: (0x113a1c30)
sv_clone:156: int scalar
sv_clone:158: double scalar
sv_clone:210: storing ref = 0x113a1c30 clone = 0x113a51e8
sv_clone:210: clone = 0x113a51e8(2)
sv_clone:210: ref = 0x113a1c30(1)
sv_clone:297: clone = 0x113a51e8(2)
sv_clone:137: ref = 0x113abfc0(1)
sv_clone:148: switch: (0x113abfc0)
sv_clone:156: int scalar
sv_clone:158: double scalar
sv_clone:210: storing ref = 0x113abfc0 clone = 0x113abb10
sv_clone:210: clone = 0x113abb10(2)
sv_clone:210: ref = 0x113abfc0(1)
sv_clone:297: clone = 0x113abb10(2)
sv_clone:137: ref = 0x113a4bd0(1)
sv_clone:148: switch: (0x113a4bd0)
sv_clone:156: int scalar
sv_clone:158: double scalar
sv_clone:210: storing ref = 0x113a4bd0 clone = 0x113a4de0
sv_clone:210: clone = 0x113a4de0(2)
sv_clone:210: ref = 0x113a4bd0(1)
sv_clone:297: clone = 0x113a4de0(2)
sv_clone:137: ref = 0x113a44e0(1)
sv_clone:148: switch: (0x113a44e0)
sv_clone:156: int scalar
sv_clone:158: double scalar
sv_clone:210: storing ref = 0x113a44e0 clone = 0x1139cba0
sv_clone:210: clone = 0x1139cba0(2)
sv_clone:210: ref = 0x113a44e0(1)
sv_clone:297: clone = 0x1139cba0(2)
sv_clone:137: ref = 0x1138e4a8(1)
sv_clone:148: switch: (0x1138e4a8)
sv_clone:156: int scalar
sv_clone:158: double scalar
sv_clone:210: storing ref = 0x1138e4a8 clone = 0x11393028
sv_clone:210: clone = 0x11393028(2)
sv_clone:210: ref = 0x1138e4a8(1)
sv_clone:297: clone = 0x11393028(2)
av_clone:94: clone = 0x1138f0a8(2)
sv_clone:297: clone = 0x1138f0a8(2)
sv_clone:297: clone = 0x113b3bf8(2)
sv_clone:137: ref = 0x11387c20(1)
sv_clone:148: switch: (0x11387c20)
sv_clone:163: ref scalar
sv_clone:210: storing ref = 0x11387c20 clone = 0x113b3d18
sv_clone:210: clone = 0x113b3d18(2)
sv_clone:210: ref = 0x11387c20(1)
sv_clone:285: clone = 0x113b3d18(2)
sv_clone:137: ref = 0x11391ac8(1)
sv_clone:148: switch: (0x11391ac8)
sv_clone:210: storing ref = 0x11391ac8 clone = 0x113a5f18
sv_clone:210: clone = 0x113a5f18(2)
sv_clone:210: ref = 0x11391ac8(1)
av_clone:77: ref = 0x11391ac8(1)
sv_clone:137: ref = 0x11382778(1)
sv_clone:148: switch: (0x11382778)
sv_clone:156: int scalar
sv_clone:158: double scalar
sv_clone:210: storing ref = 0x11382778 clone = 0x11393958
sv_clone:210: clone = 0x11393958(2)
sv_clone:210: ref = 0x11382778(1)
sv_clone:297: clone = 0x11393958(2)
sv_clone:137: ref = 0x113824c0(1)
sv_clone:148: switch: (0x113824c0)
sv_clone:156: int scalar
sv_clone:158: double scalar
sv_clone:210: storing ref = 0x113824c0 clone = 0x11387878
sv_clone:210: clone = 0x11387878(2)
sv_clone:210: ref = 0x113824c0(1)
sv_clone:297: clone = 0x11387878(2)
sv_clone:137: ref = 0x11392140(1)
sv_clone:148: switch: (0x11392140)
sv_clone:156: int scalar
sv_clone:158: double scalar
sv_clone:210: storing ref = 0x11392140 clone = 0x1139ba18
sv_clone:210: clone = 0x1139ba18(2)
sv_clone:210: ref = 0x11392140(1)
sv_clone:297: clone = 0x1139ba18(2)
sv_clone:137: ref = 0x113b3b20(1)
sv_clone:148: switch: (0x113b3b20)
sv_clone:156: int scalar
sv_clone:158: double scalar
sv_clone:210: storing ref = 0x113b3b20 clone = 0x113a4e10
sv_clone:210: clone = 0x113a4e10(2)
sv_clone:210: ref = 0x113b3b20(1)
sv_clone:297: clone = 0x113a4e10(2)
sv_clone:137: ref = 0x11393508(1)
sv_clone:148: switch: (0x11393508)
sv_clone:156: int scalar
sv_clone:158: double scalar
sv_clone:210: storing ref = 0x11393508 clone = 0x113b42a0
sv_clone:210: clone = 0x113b42a0(2)
sv_clone:210: ref = 0x11393508(1)
sv_clone:297: clone = 0x113b42a0(2)
sv_clone:137: ref = 0x11393610(1)
sv_clone:148: switch: (0x11393610)
sv_clone:156: int scalar
sv_clone:158: double scalar
sv_clone:210: storing ref = 0x11393610 clone = 0x113a2350
sv_clone:210: clone = 0x113a2350(2)
sv_clone:210: ref = 0x11393610(1)
sv_clone:297: clone = 0x113a2350(2)
sv_clone:137: ref = 0x113ab8e8(1)
sv_clone:148: switch: (0x113ab8e8)
sv_clone:156: int scalar
sv_clone:158: double scalar
sv_clone:210: storing ref = 0x113ab8e8 clone = 0x11394450
sv_clone:210: clone = 0x11394450(2)
sv_clone:210: ref = 0x113ab8e8(1)
sv_clone:297: clone = 0x11394450(2)
av_clone:94: clone = 0x113a5f18(2)
sv_clone:297: clone = 0x113a5f18(2)
sv_clone:297: clone = 0x113b3d18(2)
av_clone:94: clone = 0x113a2200(2)
sv_clone:297: clone = 0x113a2200(2)
sv_clone:297: clone = 0x113919d8(2)
hv_clone:55: clone item idx
sv_clone:137: ref = 0x113873c8(1)
sv_clone:148: switch: (0x113873c8)
sv_clone:163: ref scalar
sv_clone:210: storing ref = 0x113873c8 clone = 0x113ac0c8
sv_clone:210: clone = 0x113ac0c8(2)
sv_clone:210: ref = 0x113873c8(1)
sv_clone:285: clone = 0x113ac0c8(2)
sv_clone:137: ref = 0x113a1ed0(1)
sv_clone:148: switch: (0x113a1ed0)
sv_clone:210: storing ref = 0x113a1ed0 clone = 0x113ab6a8
sv_clone:210: clone = 0x113ab6a8(2)
sv_clone:210: ref = 0x113a1ed0(1)
sv_clone:240: magic type: @
sv_clone:137: ref = 0x113937a8(1)
sv_clone:148: switch: (0x113937a8)
sv_clone:178: magic scalar
sv_clone:210: storing ref = 0x113937a8 clone = 0x1139bb38
sv_clone:210: clone = 0x1139bb38(2)
sv_clone:210: ref = 0x113937a8(2)
sv_clone:240: magic type: #
sv_clone:137: ref = 0x113a1ed0(1)
sv_clone:144: fetch ref (0x113a1ed0)
sv_clone:297: clone = 0x1139bb38(2)
sv_clone:297: clone = 0x113ab6a8(3)
sv_clone:297: clone = 0x113ac0c8(2)
hv_clone:55: clone item nodes
sv_clone:137: ref = 0x1138ef28(1)
sv_clone:148: switch: (0x1138ef28)
sv_clone:163: ref scalar
sv_clone:210: storing ref = 0x1138ef28 clone = 0x113a45a0
sv_clone:210: clone = 0x113a45a0(2)
sv_clone:210: ref = 0x1138ef28(1)
sv_clone:285: clone = 0x113a45a0(2)
sv_clone:137: ref = 0x11393970(1)
sv_clone:148: switch: (0x11393970)
sv_clone:210: storing ref = 0x11393970 clone = 0x11393c10
sv_clone:210: clone = 0x11393c10(2)
sv_clone:210: ref = 0x11393970(1)
hv_clone:49: ref = 0x11393970(1)
hv_clone:55: clone item v5
sv_clone:137: ref = 0x113a2170(1)
sv_clone:148: switch: (0x113a2170)
sv_clone:163: ref scalar
sv_clone:210: storing ref = 0x113a2170 clone = 0x113a48e8
sv_clone:210: clone = 0x113a48e8(2)
sv_clone:210: ref = 0x113a2170(1)
sv_clone:285: clone = 0x113a48e8(2)
sv_clone:137: ref = 0x113ac2f0(2)
sv_clone:148: switch: (0x113ac2f0)
sv_clone:210: storing ref = 0x113ac2f0 clone = 0x11392020
sv_clone:210: clone = 0x11392020(2)
sv_clone:210: ref = 0x113ac2f0(2)
hv_clone:49: ref = 0x113ac2f0(2)
hv_clone:55: clone item name
sv_clone:137: ref = 0x113a4b10(1)
sv_clone:148: switch: (0x113a4b10)
sv_clone:168: string scalar
sv_clone:210: storing ref = 0x113a4b10 clone = 0x11393d00
sv_clone:210: clone = 0x11393d00(2)
sv_clone:210: ref = 0x113a4b10(1)
sv_clone:297: clone = 0x11393d00(2)
hv_clone:60: clone = 0x11392020(2)
sv_clone:297: clone = 0x11392020(2)
sv_clone:297: clone = 0x113a48e8(2)
hv_clone:55: clone item v4
sv_clone:137: ref = 0x1138aea0(1)
sv_clone:148: switch: (0x1138aea0)
sv_clone:163: ref scalar
sv_clone:210: storing ref = 0x1138aea0 clone = 0x113b3b98
sv_clone:210: clone = 0x113b3b98(2)
sv_clone:210: ref = 0x1138aea0(1)
sv_clone:285: clone = 0x113b3b98(2)
sv_clone:137: ref = 0x11393928(2)
sv_clone:148: switch: (0x11393928)
sv_clone:210: storing ref = 0x11393928 clone = 0x113a4570
sv_clone:210: clone = 0x113a4570(2)
sv_clone:210: ref = 0x11393928(2)
hv_clone:49: ref = 0x11393928(2)
hv_clone:55: clone item name
sv_clone:137: ref = 0x113919a8(1)
sv_clone:148: switch: (0x113919a8)
sv_clone:168: string scalar
sv_clone:210: storing ref = 0x113919a8 clone = 0x113a1ac8
sv_clone:210: clone = 0x113a1ac8(2)
sv_clone:210: ref = 0x113919a8(1)
sv_clone:297: clone = 0x113a1ac8(2)
hv_clone:60: clone = 0x113a4570(2)
sv_clone:297: clone = 0x113a4570(2)
sv_clone:297: clone = 0x113b3b98(2)
hv_clone:55: clone item v1
sv_clone:137: ref = 0x113a1b58(1)
sv_clone:148: switch: (0x113a1b58)
sv_clone:163: ref scalar
sv_clone:210: storing ref = 0x113a1b58 clone = 0x113b3c10
sv_clone:210: clone = 0x113b3c10(2)
sv_clone:210: ref = 0x113a1b58(1)
sv_clone:285: clone = 0x113b3c10(2)
sv_clone:137: ref = 0x113ab798(2)
sv_clone:148: switch: (0x113ab798)
sv_clone:210: storing ref = 0x113ab798 clone = 0x113b4198
sv_clone:210: clone = 0x113b4198(2)
sv_clone:210: ref = 0x113ab798(2)
hv_clone:49: ref = 0x113ab798(2)
hv_clone:55: clone item name
sv_clone:137: ref = 0x113a2500(1)
sv_clone:148: switch: (0x113a2500)
sv_clone:168: string scalar
sv_clone:210: storing ref = 0x113a2500 clone = 0x113a26b0
sv_clone:210: clone = 0x113a26b0(2)
sv_clone:210: ref = 0x113a2500(1)
sv_clone:297: clone = 0x113a26b0(2)
hv_clone:60: clone = 0x113b4198(2)
sv_clone:297: clone = 0x113b4198(2)
sv_clone:297: clone = 0x113b3c10(2)
hv_clone:55: clone item v7
sv_clone:137: ref = 0x113a5368(1)
sv_clone:148: switch: (0x113a5368)
sv_clone:163: ref scalar
sv_clone:210: storing ref = 0x113a5368 clone = 0x113ab678
sv_clone:210: clone = 0x113ab678(2)
sv_clone:210: ref = 0x113a5368(1)
sv_clone:285: clone = 0x113ab678(2)
sv_clone:137: ref = 0x113abe58(2)
sv_clone:148: switch: (0x113abe58)
sv_clone:210: storing ref = 0x113abe58 clone = 0x11382a48
sv_clone:210: clone = 0x11382a48(2)
sv_clone:210: ref = 0x113abe58(2)
hv_clone:49: ref = 0x113abe58(2)
hv_clone:55: clone item name
sv_clone:137: ref = 0x113a5ed0(1)
sv_clone:148: switch: (0x113a5ed0)
sv_clone:168: string scalar
sv_clone:210: storing ref = 0x113a5ed0 clone = 0x113ac4d0
sv_clone:210: clone = 0x113ac4d0(2)
sv_clone:210: ref = 0x113a5ed0(1)
sv_clone:297: clone = 0x113ac4d0(2)
hv_clone:60: clone = 0x11382a48(2)
sv_clone:297: clone = 0x11382a48(2)
sv_clone:297: clone = 0x113ab678(2)
hv_clone:55: clone item v2
sv_clone:137: ref = 0x113b3da8(1)
sv_clone:148: switch: (0x113b3da8)
sv_clone:163: ref scalar
sv_clone:210: storing ref = 0x113b3da8 clone = 0x113a6458
sv_clone:210: clone = 0x113a6458(2)
sv_clone:210: ref = 0x113b3da8(1)
sv_clone:285: clone = 0x113a6458(2)
sv_clone:137: ref = 0x11382a18(2)
sv_clone:148: switch: (0x11382a18)
sv_clone:210: storing ref = 0x11382a18 clone = 0x113b43d8
sv_clone:210: clone = 0x113b43d8(2)
sv_clone:210: ref = 0x11382a18(2)
hv_clone:49: ref = 0x11382a18(2)
hv_clone:55: clone item name
sv_clone:137: ref = 0x113b4138(1)
sv_clone:148: switch: (0x113b4138)
sv_clone:168: string scalar
sv_clone:210: storing ref = 0x113b4138 clone = 0x113ac110
sv_clone:210: clone = 0x113ac110(2)
sv_clone:210: ref = 0x113b4138(1)
sv_clone:297: clone = 0x113ac110(2)
hv_clone:60: clone = 0x113b43d8(2)
sv_clone:297: clone = 0x113b43d8(2)
sv_clone:297: clone = 0x113a6458(2)
hv_clone:55: clone item v6
sv_clone:137: ref = 0x113a4a50(1)
sv_clone:148: switch: (0x113a4a50)
sv_clone:163: ref scalar
sv_clone:210: storing ref = 0x113a4a50 clone = 0x113a66f8
sv_clone:210: clone = 0x113a66f8(2)
sv_clone:210: ref = 0x113a4a50(1)
sv_clone:285: clone = 0x113a66f8(2)
sv_clone:137: ref = 0x113a6908(2)
sv_clone:148: switch: (0x113a6908)
sv_clone:210: storing ref = 0x113a6908 clone = 0x113abc60
sv_clone:210: clone = 0x113abc60(2)
sv_clone:210: ref = 0x113a6908(2)
hv_clone:49: ref = 0x113a6908(2)
hv_clone:55: clone item name
sv_clone:137: ref = 0x11387e78(1)
sv_clone:148: switch: (0x11387e78)
sv_clone:168: string scalar
sv_clone:210: storing ref = 0x11387e78 clone = 0x113b3a90
sv_clone:210: clone = 0x113b3a90(2)
sv_clone:210: ref = 0x11387e78(1)
sv_clone:297: clone = 0x113b3a90(2)
hv_clone:60: clone = 0x113abc60(2)
sv_clone:297: clone = 0x113abc60(2)
sv_clone:297: clone = 0x113a66f8(2)
hv_clone:55: clone item v3
sv_clone:137: ref = 0x1139cf18(1)
sv_clone:148: switch: (0x1139cf18)
sv_clone:163: ref scalar
sv_clone:210: storing ref = 0x1139cf18 clone = 0x11393898
sv_clone:210: clone = 0x11393898(2)
sv_clone:210: ref = 0x1139cf18(1)
sv_clone:285: clone = 0x11393898(2)
sv_clone:137: ref = 0x11382898(2)
sv_clone:148: switch: (0x11382898)
sv_clone:210: storing ref = 0x11382898 clone = 0x113abb58
sv_clone:210: clone = 0x113abb58(2)
sv_clone:210: ref = 0x11382898(2)
hv_clone:49: ref = 0x11382898(2)
hv_clone:55: clone item name
sv_clone:137: ref = 0x113a1fc0(1)
sv_clone:148: switch: (0x113a1fc0)
sv_clone:168: string scalar
sv_clone:210: storing ref = 0x113a1fc0 clone = 0x113a6b30
sv_clone:210: clone = 0x113a6b30(2)
sv_clone:210: ref = 0x113a1fc0(1)
sv_clone:297: clone = 0x113a6b30(2)
hv_clone:60: clone = 0x113abb58(2)
sv_clone:297: clone = 0x113abb58(2)
sv_clone:297: clone = 0x11393898(2)
hv_clone:60: clone = 0x11393c10(2)
sv_clone:297: clone = 0x11393c10(2)
sv_clone:297: clone = 0x113a45a0(2)
hv_clone:55: clone item type
sv_clone:137: ref = 0x113a65c0(1)
sv_clone:148: switch: (0x113a65c0)
sv_clone:156: int scalar
sv_clone:158: double scalar
sv_clone:210: storing ref = 0x113a65c0 clone = 0x113913f0
sv_clone:210: clone = 0x113913f0(2)
sv_clone:210: ref = 0x113a65c0(1)
sv_clone:297: clone = 0x113913f0(2)
hv_clone:60: clone = 0x113a5f60(2)
sv_clone:297: clone = 0x113a5f60(2)
sv_clone:297: clone = 0x113ab588(2)

