Summary of my perl5 (revision 5 version 22 subversion 0) configuration:
   
  Platform:
    osname=darwin, osvers=14.4.0, archname=darwin-2level
    uname='darwin mac83086.local 14.4.0 darwin kernel version 14.4.0: thu may 28 11:35:04 pdt 2015; root:xnu-2782.30.5~1release_x86_64 x86_64 '
    config_args='-de -Dprefix=/Users/apriven/perl5/perlbrew/perls/perl-5.22.0 -Aeval:scriptdir=/Users/apriven/perl5/perlbrew/perls/perl-5.22.0/bin'
    hint=recommended, useposix=true, d_sigaction=define
    useithreads=undef, usemultiplicity=undef
    use64bitint=define, use64bitall=define, uselongdouble=undef
    usemymalloc=n, bincompat5005=undef
  Compiler:
    cc='cc', ccflags ='-fno-common -DPERL_DARWIN -fno-strict-aliasing -pipe -fstack-protector-strong -I/usr/local/include',
    optimize='-O3',
    cppflags='-fno-common -DPERL_DARWIN -fno-strict-aliasing -pipe -fstack-protector-strong -I/usr/local/include'
    ccversion='', gccversion='4.2.1 Compatible Apple LLVM 6.1.0 (clang-602.0.53)', gccosandvers=''
    intsize=4, longsize=8, ptrsize=8, doublesize=8, byteorder=12345678, doublekind=3
    d_longlong=define, longlongsize=8, d_longdbl=define, longdblsize=16, longdblkind=3
    ivtype='long', ivsize=8, nvtype='double', nvsize=8, Off_t='off_t', lseeksize=8
    alignbytes=8, prototype=define
  Linker and Libraries:
    ld='env MACOSX_DEPLOYMENT_TARGET=10.3 cc', ldflags =' -fstack-protector-strong -L/usr/local/lib'
    libpth=/Applications/Xcode.app/Contents/Developer/Toolchains/XcodeDefault.xctoolchain/usr/bin/../lib/clang/6.1.0/lib /Applications/Xcode.app/Contents/Developer/Toolchains/XcodeDefault.xctoolchain/usr/lib /Applications/Xcode.app/Contents/Developer/Platforms/MacOSX.platform/Developer/SDKs/MacOSX10.10.sdk/usr/lib /usr/local/lib /usr/lib
    libs=-lpthread -ldbm -ldl -lm -lutil -lc
    perllibs=-lpthread -ldl -lm -lutil -lc
    libc=, so=dylib, useshrplib=false, libperl=libperl.a
    gnulibc_version=''
  Dynamic Linking:
    dlsrc=dl_dlopen.xs, dlext=bundle, d_dlsymun=undef, ccdlflags=' '
    cccdlflags=' ', lddlflags=' -bundle -undefined dynamic_lookup -L/usr/local/lib -fstack-protector-strong'


Characteristics of this binary (from libperl): 
  Compile-time options: HAS_TIMES PERLIO_LAYERS PERL_DONT_CREATE_GVSV
                        PERL_HASH_FUNC_ONE_AT_A_TIME_HARD PERL_MALLOC_WRAP
                        PERL_NEW_COPY_ON_WRITE PERL_PRESERVE_IVUV
                        USE_64_BIT_ALL USE_64_BIT_INT USE_LARGE_FILES
                        USE_LOCALE USE_LOCALE_COLLATE USE_LOCALE_CTYPE
                        USE_LOCALE_NUMERIC USE_LOCALE_TIME USE_PERLIO
                        USE_PERL_ATOF
  Built under darwin
  Compiled at Jul  7 2015 14:41:59
  %ENV:
    PERLBREW_CSHRC_VERSION="0.73"
    PERLBREW_HOME="/Users/apriven/.perlbrew"
    PERLBREW_MANPATH="/Users/apriven/perl5/perlbrew/perls/perl-5.22.0/man"
    PERLBREW_PATH="/Users/apriven/perl5/perlbrew/bin:/Users/apriven/perl5/perlbrew/perls/perl-5.22.0/bin"
    PERLBREW_PERL="perl-5.22.0"
    PERLBREW_ROOT="/Users/apriven/perl5/perlbrew"
    PERLBREW_VERSION="0.73"
  @INC:
    /Users/apriven/perl5/perlbrew/perls/perl-5.22.0/lib/site_perl/5.22.0/darwin-2level
    /Users/apriven/perl5/perlbrew/perls/perl-5.22.0/lib/site_perl/5.22.0
    /Users/apriven/perl5/perlbrew/perls/perl-5.22.0/lib/5.22.0/darwin-2level
    /Users/apriven/perl5/perlbrew/perls/perl-5.22.0/lib/5.22.0
    .
