bash       2153 petersbr  cwd       DIR             253,23    319488   12222465 /local/scratch/bpb/synthseq/tst/3
bash       2153 petersbr  rtd       DIR                8,2      4096          2 /
bash       2153 petersbr  txt       REG                8,2    801512    1310733 /bin/bash
bash       2153 petersbr  mem       REG                8,2     48600    1376616 /lib64/libcrypt-2.5.so
bash       2153 petersbr  mem       REG                8,2    139416    1376268 /lib64/ld-2.5.so
bash       2153 petersbr  mem       REG                8,2   1713088    1376278 /lib64/libc-2.5.so
bash       2153 petersbr  mem       REG                8,2     23360    1376296 /lib64/libdl-2.5.so
bash       2153 petersbr  mem       REG                8,2     92736    1376294 /lib64/libresolv-2.5.so
bash       2153 petersbr  mem       REG                8,2     15840    1376501 /lib64/libtermcap.so.2.0.8
bash       2153 petersbr  mem       REG                8,2     53880    1376283 /lib64/libnss_files-2.5.so
bash       2153 petersbr  mem       REG                8,5     50440     917656 /opt/quest/lib64/nss/libnss_vas3.so.2
bash       2153 petersbr  mem       REG                8,5   2676920     917528 /opt/quest/lib64/libvas.so.4.5.1
bash       2153 petersbr    0u      CHR             136,27                   29 /dev/pts/27
bash       2153 petersbr    1u      CHR             136,27                   29 /dev/pts/27
bash       2153 petersbr    2u      CHR             136,27                   29 /dev/pts/27
bash       2153 petersbr  255u      CHR             136,27                   29 /dev/pts/27
bash       4323 petersbr  cwd       DIR             253,23    446464   11223041 /local/scratch/bpb/synthseq/tst/4
bash       4323 petersbr  rtd       DIR                8,2      4096          2 /
bash       4323 petersbr  txt       REG                8,2    801512    1310733 /bin/bash
bash       4323 petersbr  mem       REG                8,2     48600    1376616 /lib64/libcrypt-2.5.so
bash       4323 petersbr  mem       REG                8,2    139416    1376268 /lib64/ld-2.5.so
bash       4323 petersbr  mem       REG                8,2   1713088    1376278 /lib64/libc-2.5.so
bash       4323 petersbr  mem       REG                8,2     23360    1376296 /lib64/libdl-2.5.so
bash       4323 petersbr  mem       REG                8,2     92736    1376294 /lib64/libresolv-2.5.so
bash       4323 petersbr  mem       REG                8,2     15840    1376501 /lib64/libtermcap.so.2.0.8
bash       4323 petersbr  mem       REG                8,2     53880    1376283 /lib64/libnss_files-2.5.so
bash       4323 petersbr  mem       REG                8,5     50440     917656 /opt/quest/lib64/nss/libnss_vas3.so.2
bash       4323 petersbr  mem       REG                8,5   2676920     917528 /opt/quest/lib64/libvas.so.4.5.1
bash       4323 petersbr    0u      CHR             136,29                   31 /dev/pts/29
bash       4323 petersbr    1u      CHR             136,29                   31 /dev/pts/29
bash       4323 petersbr    2u      CHR             136,29                   31 /dev/pts/29
bash       4323 petersbr  255u      CHR             136,29                   31 /dev/pts/29
bash       4599 petersbr  cwd       DIR             253,23    548864   12320769 /local/scratch/bpb/synthseq/tst/8
bash       4599 petersbr  rtd       DIR                8,2      4096          2 /
bash       4599 petersbr  txt       REG                8,2    801512    1310733 /bin/bash
bash       4599 petersbr  mem       REG                8,2     48600    1376616 /lib64/libcrypt-2.5.so
bash       4599 petersbr  mem       REG                8,2    139416    1376268 /lib64/ld-2.5.so
bash       4599 petersbr  mem       REG                8,2   1713088    1376278 /lib64/libc-2.5.so
bash       4599 petersbr  mem       REG                8,2     23360    1376296 /lib64/libdl-2.5.so
bash       4599 petersbr  mem       REG                8,2     92736    1376294 /lib64/libresolv-2.5.so
bash       4599 petersbr  mem       REG                8,2     15840    1376501 /lib64/libtermcap.so.2.0.8
bash       4599 petersbr  mem       REG                8,2     53880    1376283 /lib64/libnss_files-2.5.so
bash       4599 petersbr  mem       REG                8,5     50440     917656 /opt/quest/lib64/nss/libnss_vas3.so.2
bash       4599 petersbr  mem       REG                8,5   2676920     917528 /opt/quest/lib64/libvas.so.4.5.1
bash       4599 petersbr    0u      CHR             136,25                   27 /dev/pts/25
bash       4599 petersbr    1u      CHR             136,25                   27 /dev/pts/25
bash       4599 petersbr    2u      CHR             136,25                   27 /dev/pts/25
bash       4599 petersbr  255u      CHR             136,25                   27 /dev/pts/25
bash       6929 petersbr  cwd       DIR             253,23    323584   11436033 /local/scratch/bpb/synthseq/tst/5
bash       6929 petersbr  rtd       DIR                8,2      4096          2 /
bash       6929 petersbr  txt       REG                8,2    801512    1310733 /bin/bash
bash       6929 petersbr  mem       REG                8,2     48600    1376616 /lib64/libcrypt-2.5.so
bash       6929 petersbr  mem       REG                8,2    139416    1376268 /lib64/ld-2.5.so
bash       6929 petersbr  mem       REG                8,2   1713088    1376278 /lib64/libc-2.5.so
bash       6929 petersbr  mem       REG                8,2     23360    1376296 /lib64/libdl-2.5.so
bash       6929 petersbr  mem       REG                8,2     92736    1376294 /lib64/libresolv-2.5.so
bash       6929 petersbr  mem       REG                8,2     15840    1376501 /lib64/libtermcap.so.2.0.8
bash       6929 petersbr  mem       REG                8,2     53880    1376283 /lib64/libnss_files-2.5.so
bash       6929 petersbr  mem       REG                8,5     50440     917656 /opt/quest/lib64/nss/libnss_vas3.so.2
bash       6929 petersbr  mem       REG                8,5   2676920     917528 /opt/quest/lib64/libvas.so.4.5.1
bash       6929 petersbr    0u      CHR              136,2                    4 /dev/pts/2
bash       6929 petersbr    1u      CHR              136,2                    4 /dev/pts/2
bash       6929 petersbr    2u      CHR              136,2                    4 /dev/pts/2
bash       6929 petersbr  255u      CHR              136,2                    4 /dev/pts/2
bash      10052 petersbr  cwd       DIR             253,23    425984   11436432 /local/scratch/bpb/synthseq/tst/6
bash      10052 petersbr  rtd       DIR                8,2      4096          2 /
bash      10052 petersbr  txt       REG                8,2    801512    1310733 /bin/bash
bash      10052 petersbr  mem       REG                8,2     48600    1376616 /lib64/libcrypt-2.5.so
bash      10052 petersbr  mem       REG                8,2    139416    1376268 /lib64/ld-2.5.so
bash      10052 petersbr  mem       REG                8,2   1713088    1376278 /lib64/libc-2.5.so
bash      10052 petersbr  mem       REG                8,2     23360    1376296 /lib64/libdl-2.5.so
bash      10052 petersbr  mem       REG                8,2     92736    1376294 /lib64/libresolv-2.5.so
bash      10052 petersbr  mem       REG                8,2     15840    1376501 /lib64/libtermcap.so.2.0.8
bash      10052 petersbr  mem       REG                8,2     53880    1376283 /lib64/libnss_files-2.5.so
bash      10052 petersbr  mem       REG                8,5     50440     917656 /opt/quest/lib64/nss/libnss_vas3.so.2
bash      10052 petersbr  mem       REG                8,5   2676920     917528 /opt/quest/lib64/libvas.so.4.5.1
bash      10052 petersbr    0u      CHR             136,30                   32 /dev/pts/30
bash      10052 petersbr    1u      CHR             136,30                   32 /dev/pts/30
bash      10052 petersbr    2u      CHR             136,30                   32 /dev/pts/30
bash      10052 petersbr  255u      CHR             136,30                   32 /dev/pts/30
bash      19124 petersbr  cwd       DIR             253,23      4096   11452427 /local/scratch/bpb/oratst
bash      19124 petersbr  rtd       DIR                8,2      4096          2 /
bash      19124 petersbr  txt       REG                8,2    801512    1310733 /bin/bash
bash      19124 petersbr  mem       REG                8,2     48600    1376616 /lib64/libcrypt-2.5.so
bash      19124 petersbr  mem       REG                8,2    139416    1376268 /lib64/ld-2.5.so
bash      19124 petersbr  mem       REG                8,2   1713088    1376278 /lib64/libc-2.5.so
bash      19124 petersbr  mem       REG                8,2     23360    1376296 /lib64/libdl-2.5.so
bash      19124 petersbr  mem       REG                8,2     92736    1376294 /lib64/libresolv-2.5.so
bash      19124 petersbr  mem       REG                8,2     15840    1376501 /lib64/libtermcap.so.2.0.8
bash      19124 petersbr  mem       REG                8,2     53880    1376283 /lib64/libnss_files-2.5.so
bash      19124 petersbr  mem       REG                8,5     50440     917656 /opt/quest/lib64/nss/libnss_vas3.so.2
bash      19124 petersbr  mem       REG                8,5   2676920     917528 /opt/quest/lib64/libvas.so.4.5.1
bash      19124 petersbr    0u      CHR             136,28                   30 /dev/pts/28
bash      19124 petersbr    1u      CHR             136,28                   30 /dev/pts/28
bash      19124 petersbr    2u      CHR             136,28                   30 /dev/pts/28
bash      19124 petersbr  255u      CHR             136,28                   30 /dev/pts/28
bash      20833 petersbr  cwd       DIR             253,23    323584   12238849 /local/scratch/bpb/synthseq/tst/7
bash      20833 petersbr  rtd       DIR                8,2      4096          2 /
bash      20833 petersbr  txt       REG                8,2    801512    1310733 /bin/bash
bash      20833 petersbr  mem       REG                8,2     48600    1376616 /lib64/libcrypt-2.5.so
bash      20833 petersbr  mem       REG                8,2    139416    1376268 /lib64/ld-2.5.so
bash      20833 petersbr  mem       REG                8,2   1713088    1376278 /lib64/libc-2.5.so
bash      20833 petersbr  mem       REG                8,2     23360    1376296 /lib64/libdl-2.5.so
bash      20833 petersbr  mem       REG                8,2     92736    1376294 /lib64/libresolv-2.5.so
bash      20833 petersbr  mem       REG                8,2     15840    1376501 /lib64/libtermcap.so.2.0.8
bash      20833 petersbr  mem       REG                8,2     53880    1376283 /lib64/libnss_files-2.5.so
bash      20833 petersbr  mem       REG                8,5     50440     917656 /opt/quest/lib64/nss/libnss_vas3.so.2
bash      20833 petersbr  mem       REG                8,5   2676920     917528 /opt/quest/lib64/libvas.so.4.5.1
bash      20833 petersbr    0u      CHR             136,19                   21 /dev/pts/19
bash      20833 petersbr    1u      CHR             136,19                   21 /dev/pts/19
bash      20833 petersbr    2u      CHR             136,19                   21 /dev/pts/19
bash      20833 petersbr  255u      CHR             136,19                   21 /dev/pts/19
bash      21583 petersbr  cwd       DIR               0,24      2256     104594 /home/petersbr (v2nfs02:/mnt/home)
bash      21583 petersbr  rtd       DIR                8,2      4096          2 /
bash      21583 petersbr  txt       REG                8,2    801512    1310733 /bin/bash
bash      21583 petersbr  mem       REG                8,2     48600    1376616 /lib64/libcrypt-2.5.so
bash      21583 petersbr  mem       REG                8,2    139416    1376268 /lib64/ld-2.5.so
bash      21583 petersbr  mem       REG                8,2   1713088    1376278 /lib64/libc-2.5.so
bash      21583 petersbr  mem       REG                8,2     23360    1376296 /lib64/libdl-2.5.so
bash      21583 petersbr  mem       REG                8,2     92736    1376294 /lib64/libresolv-2.5.so
bash      21583 petersbr  mem       REG                8,2     15840    1376501 /lib64/libtermcap.so.2.0.8
bash      21583 petersbr  mem       REG                8,2     53880    1376283 /lib64/libnss_files-2.5.so
bash      21583 petersbr  mem       REG                8,5     50440     917656 /opt/quest/lib64/nss/libnss_vas3.so.2
bash      21583 petersbr  mem       REG                8,5   2676920     917528 /opt/quest/lib64/libvas.so.4.5.1
bash      21583 petersbr    0u      CHR              136,1                    3 /dev/pts/1
bash      21583 petersbr    1u      CHR              136,1                    3 /dev/pts/1
bash      21583 petersbr    2u      CHR              136,1                    3 /dev/pts/1
bash      21583 petersbr  255u      CHR              136,1                    3 /dev/pts/1
bash      21942 petersbr  cwd       DIR               0,24      2256     104594 /home/petersbr (v2nfs02:/mnt/home)
bash      21942 petersbr  rtd       DIR                8,2      4096          2 /
bash      21942 petersbr  txt       REG                8,2    801512    1310733 /bin/bash
bash      21942 petersbr  mem       REG                8,2     48600    1376616 /lib64/libcrypt-2.5.so
bash      21942 petersbr  mem       REG                8,2    139416    1376268 /lib64/ld-2.5.so
bash      21942 petersbr  mem       REG                8,2   1713088    1376278 /lib64/libc-2.5.so
bash      21942 petersbr  mem       REG                8,2     23360    1376296 /lib64/libdl-2.5.so
bash      21942 petersbr  mem       REG                8,2     92736    1376294 /lib64/libresolv-2.5.so
bash      21942 petersbr  mem       REG                8,2     15840    1376501 /lib64/libtermcap.so.2.0.8
bash      21942 petersbr  mem       REG                8,2     53880    1376283 /lib64/libnss_files-2.5.so
bash      21942 petersbr  mem       REG                8,5     50440     917656 /opt/quest/lib64/nss/libnss_vas3.so.2
bash      21942 petersbr  mem       REG                8,5   2676920     917528 /opt/quest/lib64/libvas.so.4.5.1
bash      21942 petersbr    0u      CHR              136,3                    5 /dev/pts/3
bash      21942 petersbr    1u      CHR              136,3                    5 /dev/pts/3
bash      21942 petersbr    2u      CHR              136,3                    5 /dev/pts/3
bash      21942 petersbr  255u      CHR              136,3                    5 /dev/pts/3
bash      22152 petersbr  cwd       DIR               0,24      2256     104594 /home/petersbr (v2nfs02:/mnt/home)
bash      22152 petersbr  rtd       DIR                8,2      4096          2 /
bash      22152 petersbr  txt       REG                8,2    801512    1310733 /bin/bash
bash      22152 petersbr  mem       REG                8,2     48600    1376616 /lib64/libcrypt-2.5.so
bash      22152 petersbr  mem       REG                8,2    139416    1376268 /lib64/ld-2.5.so
bash      22152 petersbr  mem       REG                8,2   1713088    1376278 /lib64/libc-2.5.so
bash      22152 petersbr  mem       REG                8,2     23360    1376296 /lib64/libdl-2.5.so
bash      22152 petersbr  mem       REG                8,2     92736    1376294 /lib64/libresolv-2.5.so
bash      22152 petersbr  mem       REG                8,2     15840    1376501 /lib64/libtermcap.so.2.0.8
bash      22152 petersbr  mem       REG                8,2     53880    1376283 /lib64/libnss_files-2.5.so
bash      22152 petersbr  mem       REG                8,5     50440     917656 /opt/quest/lib64/nss/libnss_vas3.so.2
bash      22152 petersbr  mem       REG                8,5   2676920     917528 /opt/quest/lib64/libvas.so.4.5.1
bash      22152 petersbr    0u      CHR              136,6                    8 /dev/pts/6
bash      22152 petersbr    1u      CHR              136,6                    8 /dev/pts/6
bash      22152 petersbr    2u      CHR              136,6                    8 /dev/pts/6
bash      22152 petersbr  255u      CHR              136,6                    8 /dev/pts/6
bash      22390 petersbr  cwd       DIR               0,24      2256     104594 /home/petersbr (v2nfs02:/mnt/home)
bash      22390 petersbr  rtd       DIR                8,2      4096          2 /
bash      22390 petersbr  txt       REG                8,2    801512    1310733 /bin/bash
bash      22390 petersbr  mem       REG                8,2     48600    1376616 /lib64/libcrypt-2.5.so
bash      22390 petersbr  mem       REG                8,2    139416    1376268 /lib64/ld-2.5.so
bash      22390 petersbr  mem       REG                8,2   1713088    1376278 /lib64/libc-2.5.so
bash      22390 petersbr  mem       REG                8,2     23360    1376296 /lib64/libdl-2.5.so
bash      22390 petersbr  mem       REG                8,2     92736    1376294 /lib64/libresolv-2.5.so
bash      22390 petersbr  mem       REG                8,2     15840    1376501 /lib64/libtermcap.so.2.0.8
bash      22390 petersbr  mem       REG                8,2     53880    1376283 /lib64/libnss_files-2.5.so
bash      22390 petersbr  mem       REG                8,5     50440     917656 /opt/quest/lib64/nss/libnss_vas3.so.2
bash      22390 petersbr  mem       REG                8,5   2676920     917528 /opt/quest/lib64/libvas.so.4.5.1
bash      22390 petersbr    0u      CHR              136,8                   10 /dev/pts/8
bash      22390 petersbr    1u      CHR              136,8                   10 /dev/pts/8
bash      22390 petersbr    2u      CHR              136,8                   10 /dev/pts/8
bash      22390 petersbr  255u      CHR              136,8                   10 /dev/pts/8
bash      24653 petersbr  cwd       DIR             253,23    323584   12206084 /local/scratch/bpb/synthseq/tst/2
bash      24653 petersbr  rtd       DIR                8,2      4096          2 /
bash      24653 petersbr  txt       REG                8,2    801512    1310733 /bin/bash
bash      24653 petersbr  mem       REG                8,2     48600    1376616 /lib64/libcrypt-2.5.so
bash      24653 petersbr  mem       REG                8,2    139416    1376268 /lib64/ld-2.5.so
bash      24653 petersbr  mem       REG                8,2   1713088    1376278 /lib64/libc-2.5.so
bash      24653 petersbr  mem       REG                8,2     23360    1376296 /lib64/libdl-2.5.so
bash      24653 petersbr  mem       REG                8,2     92736    1376294 /lib64/libresolv-2.5.so
bash      24653 petersbr  mem       REG                8,2     15840    1376501 /lib64/libtermcap.so.2.0.8
bash      24653 petersbr  mem       REG                8,2     53880    1376283 /lib64/libnss_files-2.5.so
bash      24653 petersbr  mem       REG                8,5     50440     917656 /opt/quest/lib64/nss/libnss_vas3.so.2
bash      24653 petersbr  mem       REG                8,5   2676920     917528 /opt/quest/lib64/libvas.so.4.5.1
bash      24653 petersbr    0u      CHR             136,17                   19 /dev/pts/17
bash      24653 petersbr    1u      CHR             136,17                   19 /dev/pts/17
bash      24653 petersbr    2u      CHR             136,17                   19 /dev/pts/17
bash      24653 petersbr  255u      CHR             136,17                   19 /dev/pts/17
bash      27122 petersbr  cwd       DIR             253,23      4096   11452427 /local/scratch/bpb/oratst
bash      27122 petersbr  rtd       DIR                8,2      4096          2 /
bash      27122 petersbr  txt       REG                8,2    801512    1310733 /bin/bash
bash      27122 petersbr  mem       REG                8,2     48600    1376616 /lib64/libcrypt-2.5.so
bash      27122 petersbr  mem       REG                8,2    139416    1376268 /lib64/ld-2.5.so
bash      27122 petersbr  mem       REG                8,2   1713088    1376278 /lib64/libc-2.5.so
bash      27122 petersbr  mem       REG                8,2     23360    1376296 /lib64/libdl-2.5.so
bash      27122 petersbr  mem       REG                8,2     92736    1376294 /lib64/libresolv-2.5.so
bash      27122 petersbr  mem       REG                8,2     15840    1376501 /lib64/libtermcap.so.2.0.8
bash      27122 petersbr  mem       REG                8,2     53880    1376283 /lib64/libnss_files-2.5.so
bash      27122 petersbr  mem       REG                8,5     50440     917656 /opt/quest/lib64/nss/libnss_vas3.so.2
bash      27122 petersbr  mem       REG                8,5   2676920     917528 /opt/quest/lib64/libvas.so.4.5.1
bash      27122 petersbr    0u      CHR             136,35                   37 /dev/pts/35
bash      27122 petersbr    1u      CHR             136,35                   37 /dev/pts/35
bash      27122 petersbr    2u      CHR             136,35                   37 /dev/pts/35
bash      27122 petersbr  255u      CHR             136,35                   37 /dev/pts/35
bash      29965 petersbr  cwd       DIR             253,23    450560   12222685 /local/scratch/bpb/synthseq/tst/1
bash      29965 petersbr  rtd       DIR                8,2      4096          2 /
bash      29965 petersbr  txt       REG                8,2    801512    1310733 /bin/bash
bash      29965 petersbr  mem       REG                8,2     48600    1376616 /lib64/libcrypt-2.5.so
bash      29965 petersbr  mem       REG                8,2    139416    1376268 /lib64/ld-2.5.so
bash      29965 petersbr  mem       REG                8,2   1713088    1376278 /lib64/libc-2.5.so
bash      29965 petersbr  mem       REG                8,2     23360    1376296 /lib64/libdl-2.5.so
bash      29965 petersbr  mem       REG                8,2     92736    1376294 /lib64/libresolv-2.5.so
bash      29965 petersbr  mem       REG                8,2     15840    1376501 /lib64/libtermcap.so.2.0.8
bash      29965 petersbr  mem       REG                8,2     53880    1376283 /lib64/libnss_files-2.5.so
bash      29965 petersbr  mem       REG                8,5     50440     917656 /opt/quest/lib64/nss/libnss_vas3.so.2
bash      29965 petersbr  mem       REG                8,5   2676920     917528 /opt/quest/lib64/libvas.so.4.5.1
bash      29965 petersbr    0u      CHR             136,21                   23 /dev/pts/21
bash      29965 petersbr    1u      CHR             136,21                   23 /dev/pts/21
bash      29965 petersbr    2u      CHR             136,21                   23 /dev/pts/21
bash      29965 petersbr  255u      CHR             136,21                   23 /dev/pts/21
memcheck- 32025 petersbr  cwd       DIR             253,23      4096   11452427 /local/scratch/bpb/oratst
memcheck- 32025 petersbr  rtd       DIR                8,2      4096          2 /
memcheck- 32025 petersbr  txt       REG             253,19   6661057    1359958 /usr/local/valgrind-3.5.0/lib/valgrind/memcheck-amd64-linux
memcheck- 32025 petersbr  mem       REG               0,31   1427803    3634024 /opt/common/compbio/perl_threaded/bin/perl (vnfs02:/mnt/biocomp-optcommon)
memcheck- 32025 petersbr  mem       REG             253,19      7396    1359949 /usr/local/valgrind-3.5.0/lib/valgrind/vgpreload_core-amd64-linux.so
memcheck- 32025 petersbr  mem       REG             253,19     87595    1359960 /usr/local/valgrind-3.5.0/lib/valgrind/vgpreload_memcheck-amd64-linux.so
memcheck- 32025 petersbr  mem       REG               0,31     53636    1223637 /opt/common/compbio/perl_threaded/lib/5.10.0/x86_64-linux-thread-multi-ld/auto/threads/threads.so (vnfs02:/mnt/biocomp-optcommon)
memcheck- 32025 petersbr  mem       REG               0,31     38353    3636724 /opt/common/compbio/perl_threaded/lib/5.10.0/x86_64-linux-thread-multi-ld/auto/List/Util/Util.so (vnfs02:/mnt/biocomp-optcommon)
memcheck- 32025 petersbr  mem       REG               0,31     50981     929130 /opt/common/compbio/perl_threaded/lib/5.10.0/x86_64-linux-thread-multi-ld/auto/threads/shared/shared.so (vnfs02:/mnt/biocomp-optcommon)
memcheck- 32025 petersbr  mem       REG               0,31    138906     929349 /opt/common/compbio/perl_threaded/lib/site_perl/5.10.0/x86_64-linux-thread-multi-ld/auto/DBI/DBI.so (vnfs02:/mnt/biocomp-optcommon)
memcheck- 32025 petersbr  mem       REG               0,31    306825     929172 /opt/common/compbio/perl_threaded/lib/site_perl/5.10.0/x86_64-linux-thread-multi-ld/auto/DBD/Oracle/Oracle.so (vnfs02:/mnt/biocomp-optcommon)
memcheck- 32025 petersbr  mem       REG             253,20  20526416     168178 /oracle/10.2.0/lib/libclntsh.so.10.1
memcheck- 32025 petersbr  mem       REG             253,20   3803097     168138 /oracle/10.2.0/lib/libnnz10.so
memcheck- 32025 petersbr  mem       REG               0,31     21287    4114584 /opt/common/compbio/perl_threaded/lib/5.10.0/x86_64-linux-thread-multi-ld/auto/Fcntl/Fcntl.so (vnfs02:/mnt/biocomp-optcommon)
memcheck- 32025 petersbr  mem       REG               0,31    133776    4114886 /opt/common/compbio/perl_threaded/lib/5.10.0/x86_64-linux-thread-multi-ld/auto/POSIX/POSIX.so (vnfs02:/mnt/biocomp-optcommon)
memcheck- 32025 petersbr  mem       REG               0,31     24318    3636686 /opt/common/compbio/perl_threaded/lib/5.10.0/x86_64-linux-thread-multi-ld/auto/File/Glob/Glob.so (vnfs02:/mnt/biocomp-optcommon)
memcheck- 32025 petersbr  mem       REG             253,20    384987     230848 /oracle/10.2.0/oracore/zoneinfo/timezlrg.dat
memcheck- 32025 petersbr  mem       REG                8,2     53880    1376283 /lib64/libnss_files-2.5.so
memcheck- 32025 petersbr  mem       REG                8,5     50440     917656 /opt/quest/lib64/nss/libnss_vas3.so.2
memcheck- 32025 petersbr  mem       REG                8,5   2676920     917528 /opt/quest/lib64/libvas.so.4.5.1
memcheck- 32025 petersbr  mem       REG                8,7    217016     917510 /var/db/nscd/hosts
memcheck- 32025 petersbr  mem       REG                8,2     48600    1376616 /lib64/libcrypt-2.5.so
memcheck- 32025 petersbr  mem       REG                8,2    139416    1376268 /lib64/ld-2.5.so
memcheck- 32025 petersbr  mem       REG                8,2   1713088    1376278 /lib64/libc-2.5.so
memcheck- 32025 petersbr  mem       REG                8,2     23360    1376296 /lib64/libdl-2.5.so
memcheck- 32025 petersbr  mem       REG                8,2    615136    1376282 /lib64/libm-2.5.so
memcheck- 32025 petersbr  mem       REG                8,2    145592    1376284 /lib64/libpthread-2.5.so
memcheck- 32025 petersbr  mem       REG                8,2    114352    1376454 /lib64/libnsl-2.5.so
memcheck- 32025 petersbr  mem       REG                8,2     92736    1376294 /lib64/libresolv-2.5.so
memcheck- 32025 petersbr  mem       REG                8,2     18152    1376515 /lib64/libutil-2.5.so
memcheck- 32025 petersbr    0u      CHR             136,28                   30 /dev/pts/28
memcheck- 32025 petersbr    1u      CHR             136,28                   30 /dev/pts/28
memcheck- 32025 petersbr    2w      REG             253,23    284717   11452430 /local/scratch/bpb/oratst/valgrind_op.txt
memcheck- 32025 petersbr    3r      REG             253,20     25088     279813 /oracle/10.2.0/rdbms/mesg/ocius.msb
memcheck- 32025 petersbr    4r      REG             253,20     25088     279813 /oracle/10.2.0/rdbms/mesg/ocius.msb
memcheck- 32025 petersbr    7r      REG             253,20     25088     279813 /oracle/10.2.0/rdbms/mesg/ocius.msb
memcheck- 32025 petersbr 1014r      REG             253,23     11845   11452428 /local/scratch/bpb/oratst/TstOpenFileDescriptorIssue.pl
memcheck- 32025 petersbr 1015u      REG              253,3        32      49180 /tmp/valgrind_proc_32025_cmdline_caa46cdd (deleted)
memcheck- 32025 petersbr 1016w      REG             253,23    284717   11452430 /local/scratch/bpb/oratst/valgrind_op.txt
memcheck- 32025 petersbr 1017r     FIFO                0,6            206649961 pipe
memcheck- 32025 petersbr 1018w     FIFO                0,6            206649961 pipe
