version:1
:msg:clean --->  Computing dependencies for p5.22-socket6:info:clean .:debug:clean p5.22-socket6 has no conflicts
:debug:clean Searching for dependency: apple-gcc42
:debug:clean Found Dependency: receipt exists for apple-gcc42
:debug:clean Searching for dependency: perl5.22
:debug:clean Found Dependency: receipt exists for perl5.22
:msg:clean 
:debug:main Executing org.macports.main (p5.22-socket6)
:debug:main changing euid/egid - current euid: 0 - current egid: 0
:debug:main egid changed to: 502
:debug:main euid changed to: 506
:debug:archivefetch archivefetch phase started at Mon Apr  4 06:58:22 CEST 2016
:msg:archivefetch --->  Fetching archive for p5.22-socket6
:debug:archivefetch Executing org.macports.archivefetch (p5.22-socket6)
:debug:archivefetch euid/egid changed to: 0/0
:debug:archivefetch chowned /opt/local/var/macports/incoming to macports
:debug:archivefetch euid/egid changed to: 506/502
:info:archivefetch --->  p5.22-socket6-0.270.0_0.darwin_8.ppc.tbz2 doesn't seem to exist in /opt/local/var/macports/incoming/verified
:msg:archivefetch --->  Attempting to fetch p5.22-socket6-0.270.0_0.darwin_8.ppc.tbz2 from https://packages.macports.org/p5.22-socket6
:debug:archivefetch Fetching archive failed:: SSL certificate problem, verify that the CA cert is OK. Details:
error:14090086:SSL routines:SSL3_GET_SERVER_CERTIFICATE:certificate verify failed
:msg:archivefetch --->  Attempting to fetch p5.22-socket6-0.270.0_0.darwin_8.ppc.tbz2 from http://mse.uk.packages.macports.org/sites/packages.macports.org/p5.22-socket6
:debug:archivefetch Fetching archive failed:: The requested URL returned error: 404
:msg:archivefetch --->  Attempting to fetch p5.22-socket6-0.270.0_0.darwin_8.ppc.tbz2 from http://nue.de.packages.macports.org/p5.22-socket6
:debug:archivefetch Fetching archive failed:: The requested URL returned error: 404
:debug:archivefetch Privilege de-escalation not attempted as not running as root.
:debug:fetch fetch phase started at Mon Apr  4 06:58:23 CEST 2016
:notice:fetch --->  Fetching distfiles for p5.22-socket6
:debug:fetch Executing org.macports.fetch (p5.22-socket6)
:info:fetch --->  Socket6-0.27.tar.gz doesn't seem to exist in /opt/local/var/macports/distfiles/perl5
:notice:fetch --->  Attempting to fetch Socket6-0.27.tar.gz from https://distfiles.macports.org/perl5
:debug:fetch Fetching distfile failed: SSL certificate problem, verify that the CA cert is OK. Details:
error:14090086:SSL routines:SSL3_GET_SERVER_CERTIFICATE:certificate verify failed
:notice:fetch --->  Attempting to fetch Socket6-0.27.tar.gz from http://lil.fr.distfiles.macports.org/perl5
:debug:fetch Privilege de-escalation not attempted as not running as root.
:debug:checksum checksum phase started at Mon Apr  4 06:58:38 CEST 2016
:notice:checksum --->  Verifying checksums for p5.22-socket6
:debug:checksum Executing org.macports.checksum (p5.22-socket6)
:info:checksum --->  Checksumming Socket6-0.27.tar.gz
:debug:checksum Calculated (rmd160) is 69738c65fd1904491b7c84b79b028a05a04bebef
:debug:checksum Correct (rmd160) checksum for Socket6-0.27.tar.gz
:debug:checksum Calculated (sha256) is 30d2881962720769909439b04077a06cc76c2da244f06b957468bfe22482cf8e
:debug:checksum Correct (sha256) checksum for Socket6-0.27.tar.gz
:debug:checksum Privilege de-escalation not attempted as not running as root.
:debug:extract extract phase started at Mon Apr  4 06:58:39 CEST 2016
:notice:extract --->  Extracting p5.22-socket6
:debug:extract Executing org.macports.extract (p5.22-socket6)
:info:extract --->  Extracting Socket6-0.27.tar.gz
:debug:extract setting option extract.args to '/opt/local/var/macports/distfiles/perl5/Socket6-0.27.tar.gz'
:debug:extract Environment: 
CC_PRINT_OPTIONS='YES'
CC_PRINT_OPTIONS_FILE='/opt/local/var/macports/build/_opt_local_var_macports_sources_lil.fr.rsync.macports.org_release_tarballs_ports_perl_p5-socket6/p5.22-socket6/work/.CC_PRINT_OPTIONS'
CPATH='/opt/local/include'
LIBRARY_PATH='/opt/local/lib'
MACOSX_DEPLOYMENT_TARGET='10.4'
:debug:extract Assembled command: 'cd "/opt/local/var/macports/build/_opt_local_var_macports_sources_lil.fr.rsync.macports.org_release_tarballs_ports_perl_p5-socket6/p5.22-socket6/work" && /usr/bin/gzip -dc '/opt/local/var/macports/distfiles/perl5/Socket6-0.27.tar.gz' | /usr/bin/gnutar --no-same-owner -xf -'
:debug:extract Executing command line:  cd "/opt/local/var/macports/build/_opt_local_var_macports_sources_lil.fr.rsync.macports.org_release_tarballs_ports_perl_p5-socket6/p5.22-socket6/work" && /usr/bin/gzip -dc '/opt/local/var/macports/distfiles/perl5/Socket6-0.27.tar.gz' | /usr/bin/gnutar --no-same-owner -xf - 
:info:extract /usr/bin/gnutar: Read 8192 bytes from -
:debug:extract euid/egid changed to: 0/0
:debug:extract chowned /opt/local/var/macports/build/_opt_local_var_macports_sources_lil.fr.rsync.macports.org_release_tarballs_ports_perl_p5-socket6/p5.22-socket6/work to macports
:debug:extract euid/egid changed to: 506/502
:debug:extract Privilege de-escalation not attempted as not running as root.
:debug:patch patch phase started at Mon Apr  4 06:58:39 CEST 2016
:debug:patch Executing org.macports.patch (p5.22-socket6)
:debug:patch Privilege de-escalation not attempted as not running as root.
:debug:configure configure phase started at Mon Apr  4 06:58:39 CEST 2016
:notice:configure --->  Configuring p5.22-socket6
:debug:configure Using compiler 'MacPorts Apple GCC 4.2'
:debug:configure Executing org.macports.configure (p5.22-socket6)
:debug:configure Environment: 
CC='/opt/local/bin/gcc-apple-4.2'
CC_PRINT_OPTIONS='YES'
CC_PRINT_OPTIONS_FILE='/opt/local/var/macports/build/_opt_local_var_macports_sources_lil.fr.rsync.macports.org_release_tarballs_ports_perl_p5-socket6/p5.22-socket6/work/.CC_PRINT_OPTIONS'
CFLAGS='-pipe -Os -arch ppc'
CPATH='/opt/local/include'
CPPFLAGS='-I/opt/local/include'
CXX='/opt/local/bin/g++-apple-4.2'
CXXFLAGS='-pipe -Os -arch ppc'
F77FLAGS='-m32'
F90FLAGS='-pipe -Os -m32'
FCFLAGS='-pipe -Os -m32'
FFLAGS='-pipe -Os'
INSTALL='/usr/bin/install -c'
LDFLAGS='-L/opt/local/lib -Wl,-headerpad_max_install_names -arch ppc'
LIBRARY_PATH='/opt/local/lib'
MACOSX_DEPLOYMENT_TARGET='10.4'
OBJC='/opt/local/bin/gcc-apple-4.2'
OBJCFLAGS='-pipe -Os -arch ppc'
OBJCXX='/opt/local/bin/g++-apple-4.2'
OBJCXXFLAGS='-pipe -Os -arch ppc'
PERL_AUTOINSTALL='--skipdeps'
:debug:configure Assembled command: 'cd "/opt/local/var/macports/build/_opt_local_var_macports_sources_lil.fr.rsync.macports.org_release_tarballs_ports_perl_p5-socket6/p5.22-socket6/work/Socket6-0.27" && /opt/local/bin/perl5.22 Makefile.PL INSTALLDIRS=vendor CC="/opt/local/bin/gcc-apple-4.2" LD="/opt/local/bin/gcc-apple-4.2"'
:debug:configure Executing command line:  cd "/opt/local/var/macports/build/_opt_local_var_macports_sources_lil.fr.rsync.macports.org_release_tarballs_ports_perl_p5-socket6/p5.22-socket6/work/Socket6-0.27" && /opt/local/bin/perl5.22 Makefile.PL INSTALLDIRS=vendor CC="/opt/local/bin/gcc-apple-4.2" LD="/opt/local/bin/gcc-apple-4.2" 
:info:configure checking for gcc... /opt/local/bin/gcc-apple-4.2
:info:configure checking whether the C compiler works... yes
:info:configure checking for C compiler default output file name... a.out
:info:configure checking for suffix of executables... 
:info:configure checking whether we are cross compiling... no
:info:configure checking for suffix of object files... o
:info:configure checking whether we are using the GNU C compiler... yes
:info:configure checking whether /opt/local/bin/gcc-apple-4.2 accepts -g... yes
:info:configure checking for /opt/local/bin/gcc-apple-4.2 option to accept ISO C89... none needed
:info:configure checking whether your Perl5 have PL_sv_undef... yes
:info:configure checking how to run the C preprocessor... /opt/local/bin/gcc-apple-4.2 -E
:info:configure checking for grep that handles long lines and -e... /usr/bin/grep
:info:configure checking for egrep... /usr/bin/grep -E
:info:configure checking for getaddrinfo... yes
:info:configure checking for getnameinfo... yes
:info:configure checking for gethostbyname2... yes
:info:configure checking for getipnodebyname... yes
:info:configure checking for getipnodebyaddr... yes
:info:configure checking for inet_pton... yes
:info:configure checking for inet_ntop... yes
:info:configure checking for working inet_ntop... no
:info:configure checking whether you have sa_len in struct sockaddr... yes
:info:configure checking whether you have sin6_scope_id in struct sockaddr_in6... yes
:info:configure checking for socklen_t... yes
:info:configure configure: creating ./config.status
:info:configure config.status: creating config.pl
:info:configure config.status: creating gailookup.pl
:info:configure config.status: creating config.h
:info:configure Checking if your kit is complete...
:info:configure Looks good
:info:configure Generating a Unix-style Makefile
:info:configure Writing Makefile for Socket6
:info:configure Writing MYMETA.yml and MYMETA.json
:debug:configure Executing proc-post-org.macports.configure-configure-0
:info:configure Fixing flags in Makefile
:info:configure --->  Patching Makefile: /^CCFLAGS *=/s/$/ -arch ppc/
:debug:configure Executing reinplace: /usr/bin/sed {/^CCFLAGS *=/s/$/ -arch ppc/} < /opt/local/var/macports/build/_opt_local_var_macports_sources_lil.fr.rsync.macports.org_release_tarballs_ports_perl_p5-socket6/p5.22-socket6/work/Socket6-0.27/Makefile >@ file11 2>@stderr
:debug:configure euid/egid changed to: 0/0
:debug:configure chowned /opt/local/var/macports/build/_opt_local_var_macports_sources_lil.fr.rsync.macports.org_release_tarballs_ports_perl_p5-socket6/p5.22-socket6/work/Socket6-0.27/Makefile to macports
:debug:configure euid/egid changed to: 506/502
:debug:configure euid/egid changed to: 0/0
:debug:configure setting attributes on /opt/local/var/macports/build/_opt_local_var_macports_sources_lil.fr.rsync.macports.org_release_tarballs_ports_perl_p5-socket6/p5.22-socket6/work/Socket6-0.27/Makefile
:debug:configure euid/egid changed to: 506/502
:info:configure --->  Patching Makefile: /^OTHERLDFLAGS *=/s/$/ -arch ppc/
:debug:configure Executing reinplace: /usr/bin/sed {/^OTHERLDFLAGS *=/s/$/ -arch ppc/} < /opt/local/var/macports/build/_opt_local_var_macports_sources_lil.fr.rsync.macports.org_release_tarballs_ports_perl_p5-socket6/p5.22-socket6/work/Socket6-0.27/Makefile >@ file11 2>@stderr
:debug:configure euid/egid changed to: 0/0
:debug:configure chowned /opt/local/var/macports/build/_opt_local_var_macports_sources_lil.fr.rsync.macports.org_release_tarballs_ports_perl_p5-socket6/p5.22-socket6/work/Socket6-0.27/Makefile to macports
:debug:configure euid/egid changed to: 506/502
:debug:configure euid/egid changed to: 0/0
:debug:configure setting attributes on /opt/local/var/macports/build/_opt_local_var_macports_sources_lil.fr.rsync.macports.org_release_tarballs_ports_perl_p5-socket6/p5.22-socket6/work/Socket6-0.27/Makefile
:debug:configure euid/egid changed to: 506/502
:debug:configure Privilege de-escalation not attempted as not running as root.
:debug:build build phase started at Mon Apr  4 06:58:52 CEST 2016
:notice:build --->  Building p5.22-socket6
:debug:build Executing org.macports.build (p5.22-socket6)
:debug:build Environment: 
CC_PRINT_OPTIONS='YES'
CC_PRINT_OPTIONS_FILE='/opt/local/var/macports/build/_opt_local_var_macports_sources_lil.fr.rsync.macports.org_release_tarballs_ports_perl_p5-socket6/p5.22-socket6/work/.CC_PRINT_OPTIONS'
CPATH='/opt/local/include'
LIBRARY_PATH='/opt/local/lib'
MACOSX_DEPLOYMENT_TARGET='10.4'
:debug:build Assembled command: 'cd "/opt/local/var/macports/build/_opt_local_var_macports_sources_lil.fr.rsync.macports.org_release_tarballs_ports_perl_p5-socket6/p5.22-socket6/work/Socket6-0.27" && /usr/bin/make -w all'
:debug:build Executing command line:  cd "/opt/local/var/macports/build/_opt_local_var_macports_sources_lil.fr.rsync.macports.org_release_tarballs_ports_perl_p5-socket6/p5.22-socket6/work/Socket6-0.27" && /usr/bin/make -w all 
:info:build make: Entering directory `/opt/local/var/macports/build/_opt_local_var_macports_sources_lil.fr.rsync.macports.org_release_tarballs_ports_perl_p5-socket6/p5.22-socket6/work/Socket6-0.27'
:info:build cp Socket6.pm blib/lib/Socket6.pm
:info:build Running Mkbootstrap for Socket6 ()
:info:build chmod 644 "Socket6.bs"
:info:build "/opt/local/bin/perl5.22" "/opt/local/lib/perl5/5.22/ExtUtils/xsubpp" -noprototypes -typemap "/opt/local/lib/perl5/5.22/ExtUtils/typemap"  Socket6.xs > Socket6.xsc && mv Socket6.xsc Socket6.c
:info:build /opt/local/bin/gcc-apple-4.2 -c   -pipe -Os -fno-common -DPERL_DARWIN -I/opt/local/include -fno-strict-aliasing -I/opt/local/include -D_FORTIFY_SOURCE=2 -arch ppc -O3   -DVERSION=\"0.27\" -DXS_VERSION=\"0.27\"  "-I/opt/local/lib/perl5/5.22/darwin-thread-multi-2level/CORE"   Socket6.c
:info:build In file included from Socket6.xs:100:
:info:build inet_ntop.c:53: error: conflicting types for 'inet_ntop'
:info:build /usr/include/arpa/inet.h:105: error: previous declaration of 'inet_ntop' was here
:info:build Socket6.xs: In function 'XS_Socket6_inet_ntop':
:info:build Socket6.xs:544: warning: format '%d' expects type 'int', but argument 3 has type 'STRLEN'
:info:build Socket6.xs:544: warning: format '%d' expects type 'int', but argument 4 has type 'STRLEN'
:info:build Socket6.xs: In function 'XS_Socket6_unpack_sockaddr_in6':
:info:build Socket6.xs:623: warning: format '%d' expects type 'int', but argument 3 has type 'STRLEN'
:info:build Socket6.xs:623: warning: format '%d' expects type 'int', but argument 4 has type 'long unsigned int'
:info:build Socket6.xs: In function 'XS_Socket6_unpack_sockaddr_in6_all':
:info:build Socket6.xs:659: warning: format '%d' expects type 'int', but argument 3 has type 'STRLEN'
:info:build Socket6.xs:659: warning: format '%d' expects type 'int', but argument 4 has type 'long unsigned int'
:info:build Socket6.xs: In function 'XS_Socket6_getipnodebyaddr':
:info:build Socket6.xs:910: warning: format '%d' expects type 'int', but argument 3 has type 'STRLEN'
:info:build make: *** [Socket6.o] Error 1
:info:build make: Leaving directory `/opt/local/var/macports/build/_opt_local_var_macports_sources_lil.fr.rsync.macports.org_release_tarballs_ports_perl_p5-socket6/p5.22-socket6/work/Socket6-0.27'
:info:build Command failed:  cd "/opt/local/var/macports/build/_opt_local_var_macports_sources_lil.fr.rsync.macports.org_release_tarballs_ports_perl_p5-socket6/p5.22-socket6/work/Socket6-0.27" && /usr/bin/make -w all 
:info:build Exit code: 2
:error:build org.macports.build for port p5.22-socket6 returned: command execution failed
:debug:build Error code: CHILDSTATUS 17992 2
:debug:build Backtrace: command execution failed
    while executing
"system -nice 0 $fullcmdstring"
    ("eval" body line 1)
    invoked from within
"eval system $notty $nice \$fullcmdstring"
    invoked from within
"command_exec build"
    (procedure "portbuild::build_main" line 8)
    invoked from within
"portbuild::build_main org.macports.build"
    ("eval" body line 1)
    invoked from within
"eval $procedure $targetname"
:info:build Warning: targets not executed for p5.22-socket6: org.macports.install org.macports.build org.macports.destroot
:notice:build Please see the log file for port p5.22-socket6 for details:
    /opt/local/var/macports/logs/_opt_local_var_macports_sources_lil.fr.rsync.macports.org_release_tarballs_ports_perl_p5-socket6/p5.22-socket6/main.log
