cpan> install SVN::Look
CPAN: Storable loaded ok (v2.16)
Use of uninitialized value in string eq at C:/Perl/site/lib/File/Spec/Win32.pm line 152.
CPAN: LWP::UserAgent loaded ok (v2.036)
CPAN: Time::HiRes loaded ok (v1.9707)
Fetching with LWP:
  http://ppm.activestate.com/CPAN/authors/01mailrc.txt.gz
CPAN: YAML loaded ok (v0.70)
Going to read C:\Perl\cpan\sources\authors\01mailrc.txt.gz
............................................................................DONE

Use of uninitialized value in string eq at C:/Perl/site/lib/File/Spec/Win32.pm line 152.
Fetching with LWP:
  http://ppm.activestate.com/CPAN/modules/02packages.details.txt.gz
Going to read C:\Perl\cpan\sources\modules\02packages.details.txt.gz
  Database was generated on Sun, 04 Mar 2012 11:11:00 GMT
..............
  New CPAN.pm version (v1.9800) available.
  [Currently running version is v1.9102]
  You might want to try
    install CPAN
    reload cpan
  to both upgrade CPAN.pm and run the new version without leaving
  the current session.


..............................................................DONE
Use of uninitialized value in string eq at C:/Perl/site/lib/File/Spec/Win32.pm line 152.
Fetching with LWP:
  http://ppm.activestate.com/CPAN/modules/03modlist.data.gz
Going to read C:\Perl\cpan\sources\modules\03modlist.data.gz
............................................................................DONE

Going to write C:\Perl\cpan\Metadata
Running install for module 'SVN::Look'
Running make for G/GN/GNUSTAVO/SVN-Look-0.33.tar.gz
Fetching with LWP:
  http://ppm.activestate.com/CPAN/authors/id/G/GN/GNUSTAVO/SVN-Look-0.33.tar.gz
CPAN: Digest::SHA loaded ok (v5.47)
Fetching with LWP:
  http://ppm.activestate.com/CPAN/authors/id/G/GN/GNUSTAVO/CHECKSUMS
Checksum for C:\Perl\cpan\sources\authors\id\G\GN\GNUSTAVO\SVN-Look-0.33.tar.gz
ok
Scanning cache C:\Perl/cpan/build for sizes
DONE
CPAN: Archive::Tar loaded ok (v1.3201)
SVN-Look-0.33/
SVN-Look-0.33/META.yml
SVN-Look-0.33/dist.ini
SVN-Look-0.33/Makefile.PL
SVN-Look-0.33/LICENSE
SVN-Look-0.33/MANIFEST
SVN-Look-0.33/t/
SVN-Look-0.33/t/author-critic.t
SVN-Look-0.33/t/release-pod-coverage.t
SVN-Look-0.33/t/release-pod-syntax.t
SVN-Look-0.33/t/test-functions.pl
SVN-Look-0.33/t/release-kwalitee.t
SVN-Look-0.33/t/00-load.t
SVN-Look-0.33/t/01-commands.t
SVN-Look-0.33/Changes
SVN-Look-0.33/lib/
SVN-Look-0.33/lib/SVN/
SVN-Look-0.33/lib/SVN/Look.pm
SVN-Look-0.33/README
CPAN: File::Temp loaded ok (v0.18)

  CPAN.pm: Going to build G/GN/GNUSTAVO/SVN-Look-0.33.tar.gz

WARNING: MIN_PERL_VERSION is not a known parameter.
Checking if your kit is complete...
Looks good
'MIN_PERL_VERSION' is not a known MakeMaker parameter name.
Writing Makefile for SVN::Look
cp lib/SVN/Look.pm blib\lib\SVN\Look.pm
  GNUSTAVO/SVN-Look-0.33.tar.gz
  dmake -- OK
Running make test
C:\Perl\bin\perl.exe "-MExtUtils::Command::MM" "-e" "test_harness(0, 'blib\lib', 'blib\arch')" t/*.t
t/00-load.................
#   Failed test 'require SVN::Look;'
t/00-load.................NOK 1/1#   at t/00-load.t line 15.
#     Tried to require 'SVN::Look'.
#     Error:  List form of pipe open not implemented at C:\Perl\cpan\build\SVN-Look-0.33-frh75k\blib\lib/SVN/Look.pm line 17.
# BEGIN failed--compilation aborted at C:\Perl\cpan\build\SVN-Look-0.33-frh75k\blib\lib/SVN/Look.pm line 29.
# Compilation failed in require at (eval 12) line 2.
# Looks like you failed 1 test of 1.
t/00-load.................dubious
        Test returned status 1 (wstat 256, 0x100)
DIED. FAILED test 1
        Failed 1/1 tests, 0.00% okay
t/01-commands.............List form of pipe open not implemented at C:\Perl\cpan\build\SVN-Look-0.33-frh75k\blib\lib/SVN/Look.pm line 17.
BEGIN failed--compilation aborted at C:\Perl\cpan\build\SVN-Look-0.33-frh75k\blib\lib/SVN/Look.pm line 29.
Compilation failed in require at t/01-commands.t line 4.
BEGIN failed--compilation aborted at t/01-commands.t line 4.
t/01-commands.............dubious
        Test returned status 255 (wstat 65280, 0xff00)
t/author-critic...........skipped
        all skipped: these tests are for testing by the author
t/release-kwalitee........skipped
        all skipped: these tests are for release candidate testing
t/release-pod-coverage....skipped
        all skipped: these tests are for release candidate testing
t/release-pod-syntax......skipped
        all skipped: these tests are for release candidate testing
Failed Test     Stat Wstat Total Fail  List of Failed
-------------------------------------------------------------------------------
t/00-load.t        1   256     1    1  1
t/01-commands.t  255 65280    ??   ??  ??
4 tests skipped.
Failed 2/6 test scripts. 1/1 subtests failed.
Files=6, Tests=1,  2 wallclock secs ( 0.00 cusr +  0.00 csys =  0.00 CPU)
Failed 2/6 test programs. 1/1 subtests failed.
dmake.exe:  Error code 255, while making 'test_dynamic'
  GNUSTAVO/SVN-Look-0.33.tar.gz
  dmake test -- NOT OK
Running make install
  make test had returned bad status, won't install without force
Failed during this command:
 GNUSTAVO/SVN-Look-0.33.tar.gz                : make_test NO


cpan>