From: "Dan Collins" <dcollinsn@gmail.com>
X-Test-Reporter-Distfile: SPROUT/Classic-Perl-0.06.tar.gz
X-Test-Reporter-Perl: v5.25.6
Subject: FAIL Classic-Perl-0.06 x86_64-linux-thread-multi 3.16.0-4-amd64
Report: This distribution has been tested as part of the CPAN Testers
project, supporting the Perl programming language.  See
http://wiki.cpantesters.org/ for more information or email
questions to cpan-testers-discuss@perl.org


--
Dear Father Chrysostomos,

This is a computer-generated report for Classic-Perl-0.06
on perl 5.25.6, created by CPAN-Reporter-1.2018.

Thank you for uploading your work to CPAN.  However, there was a problem
testing your distribution.

If you think this report is invalid, please consult the CPAN Testers Wiki
for suggestions on how to avoid getting FAIL reports for missing library
or binary dependencies, unsupported operating systems, and so on:

http://wiki.cpantesters.org/wiki/CPANAuthorNotes

Sections of this report:

    * Tester comments
    * Program output
    * Prerequisites
    * Environment and other context

------------------------------
TESTER COMMENTS
------------------------------

Additional comments from tester:

this report is from an automated smoke testing program
and was not reviewed by a human for accuracy

------------------------------
PROGRAM OUTPUT
------------------------------

Output from '/usr/bin/make test':

"/home/cpan2/install/bin/perl" -MExtUtils::Command::MM -e 'cp_nonempty' -- Perl.bs blib/arch/auto/Classic/Perl/Perl.bs 644
PERL_DL_NONLAZY=1 "/home/cpan2/install/bin/perl" "-MExtUtils::Command::MM" "-MTest::Harness" "-e" "undef *Test::Harness::Switches; test_harness(0, 'blib/lib', 'blib/arch')" t/*.t
t/bugs.t ....... ok
t/import.t ..... ok
t/arybase.t .... ok
t/multiline.t .. ok
Useless use of split in void context at t/split.t line 15.

#   Failed test 'split in void context'
#   at t/split.t line 16.
#          got: ''
#     expected: 'p l i n'

#   Failed test 'split in scalar context'
#   at t/split.t line 19.
#          got: ''
#     expected: 'd r e l p'
t/split.t ...... 
Failed 12/12 subtests 

Test Summary Report
-------------------
t/split.t    (Wstat: 11 Tests: 2 Failed: 2)
  Failed tests:  1-2
  Non-zero wait status: 11
  Parse errors: Bad plan.  You planned 12 tests but ran 2.
Files=5, Tests=53,  0 wallclock secs ( 0.03 usr  0.00 sys +  0.34 cusr  0.02 csys =  0.39 CPU)
Result: FAIL
Failed 1/5 test programs. 2/53 subtests failed.
Makefile:1037: recipe for target 'test_dynamic' failed
make: *** [test_dynamic] Error 255

------------------------------
PREREQUISITES
------------------------------

Prerequisite modules loaded:

requires:

    Module              Need Have    
    ------------------- ---- --------
    ExtUtils::MakeMaker 0    7.24    
    perl                5    5.025006
    re                  0    0.33    
    Test::More          0    1.302061
    XSLoader            0    0.24    

build_requires:

    Module              Need Have    
    ------------------- ---- --------
    ExtUtils::MakeMaker 0    7.24    

configure_requires:

    Module              Need Have    
    ------------------- ---- --------
    ExtUtils::MakeMaker 0    7.24    


------------------------------
ENVIRONMENT AND OTHER CONTEXT
------------------------------

Environment variables:

    AUTOMATED_TESTING = 1
    HARNESS_OPTIONS = j5
    LANG = en_US.UTF-8
    PATH = /usr/local/bin:/usr/bin:/bin:/usr/local/games:/usr/games
    PERL5LIB = 
    PERL5OPT = 
    PERL5_CPANPLUS_IS_RUNNING = 32492
    PERL5_CPAN_IS_RUNNING = 32492
    PERL5_CPAN_IS_RUNNING_IN_RECURSION = 4454,32492
    PERLBREW_BASHRC_VERSION = 0.76
    PERLBREW_HOME = /home/dcollins/.perlbrew
    PERLBREW_ROOT = /home/dcollins/toolchain/perl5
    PERL_CR_SMOKER_CURRENT = Classic-Perl-0.06
    PERL_CR_SMOKER_RUNONCE = 1
    PERL_EXTUTILS_AUTOINSTALL = --defaultdeps
    PERL_MM_USE_DEFAULT = 1
    SHELL = /bin/bash
    TERM = putty

Perl special variables (and OS-specific diagnostics, for MSWin32):

    $^X = /home/cpan2/install/bin/perl
    $UID/$EUID = 1003 / 1003
    $GID = 1003 1003
    $EGID = 1003 1003

Perl module toolchain versions installed:

    Module              Have      
    ------------------- ----------
    CPAN                2.14_01   
    CPAN::Meta          2.150010  
    Cwd                 3.65      
    ExtUtils::CBuilder  0.280225  
    ExtUtils::Command   7.24      
    ExtUtils::Install   2.04      
    ExtUtils::MakeMaker 7.24      
    ExtUtils::Manifest  1.70      
    ExtUtils::ParseXS   3.33      
    File::Spec          3.65      
    JSON                2.90      
    JSON::PP            2.27400_01
    Module::Build       0.4220    
    Module::Signature   0.81      
    Parse::CPAN::Meta   2.150010  
    Test::Harness       3.36_01   
    Test::More          1.302061  
    YAML                1.18      
    YAML::Syck          1.29      
    version             0.9917    


--

Summary of my perl5 (revision 5 version 25 subversion 6) configuration:
  Commit id: 11a12be6c2df2fcd9601f9fde8c7df8c7538c956
  Platform:
    osname=linux
    osvers=3.16.0-4-amd64
    archname=x86_64-linux-thread-multi
    uname='linux digitalis 3.16.0-4-amd64 #1 smp debian 3.16.36-1+deb8u1 (2016-09-03) x86_64 gnulinux '
    config_args='-Dusedevel -DDEBUGGING -Dusethreads -Dprefix=/home/cpan2/install -Uversiononly -des'
    hint=recommended
    useposix=true
    d_sigaction=define
    useithreads=define
    usemultiplicity=define
    use64bitint=define
    use64bitall=define
    uselongdouble=undef
    usemymalloc=n
    bincompat5005=undef
  Compiler:
    cc='cc'
    ccflags ='-D_REENTRANT -D_GNU_SOURCE -fwrapv -DDEBUGGING -fno-strict-aliasing -pipe -fstack-protector-strong -I/usr/local/include -D_LARGEFILE_SOURCE -D_FILE_OFFSET_BITS=64 -D_FORTIFY_SOURCE=2'
    optimize='-O2 -g'
    cppflags='-D_REENTRANT -D_GNU_SOURCE -fwrapv -DDEBUGGING -fno-strict-aliasing -pipe -fstack-protector-strong -I/usr/local/include'
    ccversion=''
    gccversion='4.9.2'
    gccosandvers=''
    intsize=4
    longsize=8
    ptrsize=8
    doublesize=8
    byteorder=12345678
    doublekind=3
    d_longlong=define
    longlongsize=8
    d_longdbl=define
    longdblsize=16
    longdblkind=3
    ivtype='long'
    ivsize=8
    nvtype='double'
    nvsize=8
    Off_t='off_t'
    lseeksize=8
    alignbytes=8
    prototype=define
  Linker and Libraries:
    ld='cc'
    ldflags =' -fstack-protector-strong -L/usr/local/lib'
    libpth=/usr/local/lib /usr/lib/gcc/x86_64-linux-gnu/4.9/include-fixed /usr/include/x86_64-linux-gnu /usr/lib /lib/x86_64-linux-gnu /lib/../lib /usr/lib/x86_64-linux-gnu /usr/lib/../lib /lib
    libs=-lpthread -lnsl -ldl -lm -lcrypt -lutil -lc
    perllibs=-lpthread -lnsl -ldl -lm -lcrypt -lutil -lc
    libc=libc-2.19.so
    so=so
    useshrplib=false
    libperl=libperl.a
    gnulibc_version='2.19'
  Dynamic Linking:
    dlsrc=dl_dlopen.xs
    dlext=so
    d_dlsymun=undef
    ccdlflags='-Wl,-E'
    cccdlflags='-fPIC'
    lddlflags='-shared -O2 -g -L/usr/local/lib -fstack-protector-strong'


Characteristics of this binary (from libperl): 
  Compile-time options:
    DEBUGGING
    HAS_TIMES
    MULTIPLICITY
    PERLIO_LAYERS
    PERL_COPY_ON_WRITE
    PERL_DONT_CREATE_GVSV
    PERL_HASH_FUNC_ONE_AT_A_TIME_HARD
    PERL_IMPLICIT_CONTEXT
    PERL_MALLOC_WRAP
    PERL_OP_PARENT
    PERL_PRESERVE_IVUV
    PERL_TRACK_MEMPOOL
    PERL_USE_DEVEL
    USE_64_BIT_ALL
    USE_64_BIT_INT
    USE_ITHREADS
    USE_LARGE_FILES
    USE_LOCALE
    USE_LOCALE_COLLATE
    USE_LOCALE_CTYPE
    USE_LOCALE_NUMERIC
    USE_LOCALE_TIME
    USE_PERLIO
    USE_PERL_ATOF
    USE_REENTRANT_API
  Built under linux
  Compiled at Oct 11 2016 16:20:18
  %ENV:
    PERL5LIB=""
    PERL5OPT=""
    PERL5_CPANPLUS_IS_RUNNING="32492"
    PERL5_CPAN_IS_RUNNING="32492"
    PERL5_CPAN_IS_RUNNING_IN_RECURSION="4454,32492"
    PERLBREW_BASHRC_VERSION="0.76"
    PERLBREW_HOME="/home/dcollins/.perlbrew"
    PERLBREW_ROOT="/home/dcollins/toolchain/perl5"
    PERL_CR_SMOKER_CURRENT="Classic-Perl-0.06"
    PERL_CR_SMOKER_RUNONCE="1"
    PERL_EXTUTILS_AUTOINSTALL="--defaultdeps"
    PERL_MM_USE_DEFAULT="1"
  @INC:
    /home/cpan2/install/lib/perl5/site_perl/5.25.6/x86_64-linux-thread-multi
    /home/cpan2/install/lib/perl5/site_perl/5.25.6
    /home/cpan2/install/lib/perl5/5.25.6/x86_64-linux-thread-multi
    /home/cpan2/install/lib/perl5/5.25.6
    .