    DBI 1.631-ithread default trace level set to 0x0/5 (pid 28711 pi 1635010) at DBI.pm line 288 via test.pl line 1
    -> DBI->connect(dbi:ODBC:ODBC-LABEL, dbuser, ****, HASH(0x1638998))
    -> DBI->install_driver(ODBC) for linux perl=5.014002 pid=28711 ruid=0 euid=0
       install_driver: DBD::ODBC version 1.50 loaded from /opt/ActivePerl-5.14/site/lib/DBD/ODBC.pm
    New 'DBI::dr' (for DBD::ODBC::dr, parent='', id=undef)
    dbih_setup_handle(DBI::dr=HASH(0x19b1a18)=>DBI::dr=HASH(0x19b1aa8), DBD::ODBC::dr, 0, Null!)
    dbih_make_com(Null!, 0, DBD::ODBC::dr, 168, 0) thr#1635010
    dbih_setup_attrib(DBI::dr=HASH(0x19b1aa8), Err, Null!) SCALAR(0x1875178) (already defined)
    dbih_setup_attrib(DBI::dr=HASH(0x19b1aa8), State, Null!) SCALAR(0x18750e8) (already defined)
    dbih_setup_attrib(DBI::dr=HASH(0x19b1aa8), Errstr, Null!) SCALAR(0x1875130) (already defined)
    dbih_setup_attrib(DBI::dr=HASH(0x19b1aa8), TraceLevel, Null!) 0 (already defined)
    dbih_setup_attrib(DBI::dr=HASH(0x19b1aa8), FetchHashKeyName, Null!) 'NAME' (already defined)
    <- install_driver= DBI::dr=HASH(0x19b1a18)
    !! The warn '0' was CLEARED by call to connect method
    -> connect for DBD::ODBC::dr (DBI::dr=HASH(0x19b1a18)~0x19b1aa8 'ODBC-LABEL' 'dbuser' **** HASH(0x1885510)) thr#1635010
    New 'DBI::db' (for DBD::ODBC::db, parent=DBI::dr=HASH(0x19b1aa8), id=undef)
    dbih_setup_handle(DBI::db=HASH(0x1660000)=>DBI::db=HASH(0x165fef8), DBD::ODBC::db, 18e5a58, Null!)
    dbih_make_com(DBI::dr=HASH(0x19b1aa8), 183ff50, DBD::ODBC::db, 600, 0) thr#1635010
    dbih_setup_attrib(DBI::db=HASH(0x165fef8), Err, DBI::dr=HASH(0x19b1aa8)) SCALAR(0x18e5d70) (already defined)
    dbih_setup_attrib(DBI::db=HASH(0x165fef8), State, DBI::dr=HASH(0x19b1aa8)) SCALAR(0x18e5e30) (already defined)
    dbih_setup_attrib(DBI::db=HASH(0x165fef8), Errstr, DBI::dr=HASH(0x19b1aa8)) SCALAR(0x18e5dd0) (already defined)
    dbih_setup_attrib(DBI::db=HASH(0x165fef8), TraceLevel, DBI::dr=HASH(0x19b1aa8)) 0 (already defined)
    dbih_setup_attrib(DBI::db=HASH(0x165fef8), FetchHashKeyName, DBI::dr=HASH(0x19b1aa8)) 'NAME' (already defined)
    dbih_setup_attrib(DBI::db=HASH(0x165fef8), HandleSetErr, DBI::dr=HASH(0x19b1aa8)) undef (not defined)
    dbih_setup_attrib(DBI::db=HASH(0x165fef8), HandleError, DBI::dr=HASH(0x19b1aa8)) undef (not defined)
    dbih_setup_attrib(DBI::db=HASH(0x165fef8), ReadOnly, DBI::dr=HASH(0x19b1aa8)) undef (not defined)
    dbih_setup_attrib(DBI::db=HASH(0x165fef8), Profile, DBI::dr=HASH(0x19b1aa8)) undef (not defined)
    SQLDriverConnect failed:
    !!dbd_error2(err_rc=1, what=db_login6/SQLConnect, handles=(186bfe0,19b58c0,0)
    !SQLError(186bfe0,19b58c0,0) = (01000, 5703, [Microsoft][ODBC Driver 11 for SQL Server][SQL Server]Changed language setting to us_english.)
    !SQLError(186bfe0,19b58c0,0) = (01000, 5701, [Microsoft][ODBC Driver 11 for SQL Server][SQL Server]Changed database context to 'indux'.)
    !SQLError(186bfe0,19b58c0,0) = (01000, 5703, [unixODBC][Microsoft][ODBC Driver 11 for SQL Server][SQL Server]Changed language setting to us_english.)
    !SQLError(186bfe0,19b58c0,0) = (01000, 5701, [unixODBC][Microsoft][ODBC Driver 11 for SQL Server][SQL Server]Changed database context to 'indux'.)
    <- connect= ( DBI::db=HASH(0x1660000) ) [1 items] at /opt/ActivePerl-5.14/site/lib/DBI.pm line 671
    -> STORE for DBD::ODBC::db (DBI::db=HASH(0x165fef8)~INNER 'RaiseError' 1) thr#1635010
    !!DBD::ODBC unsupported attribute passed (RaiseError)
    STORE DBI::db=HASH(0x165fef8) 'RaiseError' => 1
       info: '' '[Microsoft][ODBC Driver 11 for SQL Server][SQL Server]Changed language setting to us_english. (SQL-01000)
[Microsoft][ODBC Driver 11 for SQL Server][SQL Server]Changed database context to 'indux'. (SQL-01000)
[unixODBC][Microsoft][ODBC Driver 11 for SQL Server][SQL Server]Changed language setting to us_english. (SQL-01000)
[unixODBC][Microsoft][ODBC Driver 11 for SQL Server][SQL Server]Changed database context to 'indux'. (SQL-01000)' (err#0)
    <- STORE= ( 1 ) [1 items] at /opt/ActivePerl-5.14/site/lib/DBI.pm line 723
    -> STORE for DBD::ODBC::db (DBI::db=HASH(0x165fef8)~INNER 'PrintError' 0) thr#1635010
    !!DBD::ODBC unsupported attribute passed (PrintError)
    STORE DBI::db=HASH(0x165fef8) 'PrintError' => 0
       info: '' '[Microsoft][ODBC Driver 11 for SQL Server][SQL Server]Changed language setting to us_english. (SQL-01000)
[Microsoft][ODBC Driver 11 for SQL Server][SQL Server]Changed database context to 'indux'. (SQL-01000)
[unixODBC][Microsoft][ODBC Driver 11 for SQL Server][SQL Server]Changed language setting to us_english. (SQL-01000)
[unixODBC][Microsoft][ODBC Driver 11 for SQL Server][SQL Server]Changed database context to 'indux'. (SQL-01000)' (err#0)
    <- STORE= ( 1 ) [1 items] at /opt/ActivePerl-5.14/site/lib/DBI.pm line 723
    -> STORE for DBD::ODBC::db (DBI::db=HASH(0x165fef8)~INNER 'AutoCommit' 1) thr#1635010
    setting AutoCommit
       info: '' '[Microsoft][ODBC Driver 11 for SQL Server][SQL Server]Changed language setting to us_english. (SQL-01000)
[Microsoft][ODBC Driver 11 for SQL Server][SQL Server]Changed database context to 'indux'. (SQL-01000)
[unixODBC][Microsoft][ODBC Driver 11 for SQL Server][SQL Server]Changed language setting to us_english. (SQL-01000)
[unixODBC][Microsoft][ODBC Driver 11 for SQL Server][SQL Server]Changed database context to 'indux'. (SQL-01000)' (err#0)
    <- STORE= ( 1 ) [1 items] at /opt/ActivePerl-5.14/site/lib/DBI.pm line 723
    -> STORE for DBD::ODBC::db (DBI::db=HASH(0x165fef8)~INNER 'Username' 'dbuser') thr#1635010
    !!DBD::ODBC unsupported attribute passed (Username)
    STORE DBI::db=HASH(0x165fef8) 'Username' => 'dbuser'
       info: '' '[Microsoft][ODBC Driver 11 for SQL Server][SQL Server]Changed language setting to us_english. (SQL-01000)
[Microsoft][ODBC Driver 11 for SQL Server][SQL Server]Changed database context to 'indux'. (SQL-01000)
[unixODBC][Microsoft][ODBC Driver 11 for SQL Server][SQL Server]Changed language setting to us_english. (SQL-01000)
[unixODBC][Microsoft][ODBC Driver 11 for SQL Server][SQL Server]Changed database context to 'indux'. (SQL-01000)' (err#0)
    <- STORE= ( 1 ) [1 items] at /opt/ActivePerl-5.14/site/lib/DBI.pm line 726 via  at test.pl line 6
    -> connected in DBD::_::db for DBD::ODBC::db (DBI::db=HASH(0x1660000)~0x165fef8 'dbi:ODBC:ODBC-LABEL' 'dbuser' **** HASH(0x1638998)) thr#1635010
       info: '' '[Microsoft][ODBC Driver 11 for SQL Server][SQL Server]Changed language setting to us_english. (SQL-01000)
[Microsoft][ODBC Driver 11 for SQL Server][SQL Server]Changed database context to 'indux'. (SQL-01000)
[unixODBC][Microsoft][ODBC Driver 11 for SQL Server][SQL Server]Changed language setting to us_english. (SQL-01000)
[unixODBC][Microsoft][ODBC Driver 11 for SQL Server][SQL Server]Changed database context to 'indux'. (SQL-01000)' (err#0)
    <- connected= ( undef ) [1 items] at /opt/ActivePerl-5.14/site/lib/DBI.pm line 733
    <- connect= DBI::db=HASH(0x1660000)
    -> STORE for DBD::ODBC::db (DBI::db=HASH(0x165fef8)~INNER 'dbi_connect_closure' CODE(0x165f730)) thr#1635010
    !!DBD::ODBC unsupported attribute passed (dbi_connect_closure)
    STORE DBI::db=HASH(0x165fef8) 'dbi_connect_closure' => CODE(0x165f730)
       info: '' '[Microsoft][ODBC Driver 11 for SQL Server][SQL Server]Changed language setting to us_english. (SQL-01000)
[Microsoft][ODBC Driver 11 for SQL Server][SQL Server]Changed database context to 'indux'. (SQL-01000)
[unixODBC][Microsoft][ODBC Driver 11 for SQL Server][SQL Server]Changed language setting to us_english. (SQL-01000)
[unixODBC][Microsoft][ODBC Driver 11 for SQL Server][SQL Server]Changed database context to 'indux'. (SQL-01000)' (err#0)
    <- STORE= ( 1 ) [1 items] at /opt/ActivePerl-5.14/site/lib/DBI.pm line 742 via  at test.pl line 6
    !! The info '''' was CLEARED by call to prepare_cached method
    -> prepare_cached in DBD::_::db for DBD::ODBC::db (DBI::db=HASH(0x1660000)~0x165fef8 'UPDATE [ticket] SET [retail_price] = CAST(? AS MONEY) WHERE 1=0') thr#1635010
1   -> prepare for DBD::ODBC::db (DBI::db=HASH(0x165fef8)~INNER 'UPDATE [ticket] SET [retail_price] = CAST(? AS MONEY) WHERE 1=0' undef) thr#1635010
    New 'DBI::st' (for DBD::ODBC::st, parent=DBI::db=HASH(0x165fef8), id=undef)
    dbih_setup_handle(DBI::st=HASH(0x1660240)=>DBI::st=HASH(0x1660180), DBD::ODBC::st, 18e5ec0, Null!)
    dbih_make_com(DBI::db=HASH(0x165fef8), 186afe0, DBD::ODBC::st, 424, 0) thr#1635010
    dbih_setup_attrib(DBI::st=HASH(0x1660180), Err, DBI::db=HASH(0x165fef8)) SCALAR(0x18e5d70) (already defined)
    dbih_setup_attrib(DBI::st=HASH(0x1660180), State, DBI::db=HASH(0x165fef8)) SCALAR(0x18e5e30) (already defined)
    dbih_setup_attrib(DBI::st=HASH(0x1660180), Errstr, DBI::db=HASH(0x165fef8)) SCALAR(0x18e5dd0) (already defined)
    dbih_setup_attrib(DBI::st=HASH(0x1660180), TraceLevel, DBI::db=HASH(0x165fef8)) 0 (already defined)
    dbih_setup_attrib(DBI::st=HASH(0x1660180), FetchHashKeyName, DBI::db=HASH(0x165fef8)) 'NAME' (already defined)
    dbih_setup_attrib(DBI::st=HASH(0x1660180), HandleSetErr, DBI::db=HASH(0x165fef8)) undef (not defined)
    dbih_setup_attrib(DBI::st=HASH(0x1660180), HandleError, DBI::db=HASH(0x165fef8)) undef (not defined)
    dbih_setup_attrib(DBI::st=HASH(0x1660180), ReadOnly, DBI::db=HASH(0x165fef8)) undef (not defined)
    dbih_setup_attrib(DBI::st=HASH(0x1660180), Profile, DBI::db=HASH(0x165fef8)) undef (not defined)
    initializing sth query timeout to -1
    ignore named placeholders = 0
    creating new parameter key 1, index 1
    dbd_preparse scanned 1 distinct placeholders
    SQLPrepare UPDATE [ticket] SET [retail_price] = CAST(? AS MONEY) WHERE 1=0
    SQLPrepare = 0
1   <- prepare= ( DBI::st=HASH(0x1660240) ) [1 items] at /opt/ActivePerl-5.14/site/lib/DBI.pm line 1717 via  at test.pl line 14
    <- prepare_cached= ( DBI::st=HASH(0x1660240) ) [1 items] at test.pl line 14
    -> execute for DBD::ODBC::st (DBI::st=HASH(0x1660240)~0x1660180 101.21) thr#1635010
    +dbd_bind_ph(18e5ef0, name=1, value=101.21, attribs=, sql_type=0(unknown), is_inout=0, maxlen=0
      First bind of this placeholder
    -dbd_bind_ph=rebind_param
    +rebind_param 1 101.21 (size SvCUR=26904528/SvLEN=0/max=0) svtype:3, value type:1, sql type:0
    +get_param_type(18e5ef0,1)
      SQLDescribeParam 1: SqlType=DECIMAL(3) param_size=19 Scale=4 Nullable=1
      Param 1 is numeric SQL type DECIMAL (param size:19) changed to SQL_VARCHAR
      bind 1 101.21 value_len=6 maxlen=39 null=0)
      bind 1 value_type:1 VARCHAR cs=19 dd=0 bl=6
    SQLBindParameter: idx=1: io_type=1, name=1, value_type=1 (SQL_C_CHAR), SQLType=12 (VARCHAR), column_size=19, d_digits=0, value_ptr=1a3bba0, buffer_length=6, ind=6, param_size=19
      Param value = 101.21
    -rebind_param
    +dbd_st_execute(18e5ef0)
    dbd_st_finish(18e5ef0)
    outparams = 0
    !!dbd_error2(err_rc=1, what=st_execute/SQLExecute, handles=(186bfe0,19b58c0,1a18b60)
    !SQLError(186bfe0,19b58c0,1a18b60) = (01000, 0, [Microsoft][ODBC Driver 11 for SQL Server][SQL Server]Trigger: trgTicketGroupHistory)
    !SQLError(186bfe0,19b58c0,1a18b60) = (01000, 0, [Microsoft][ODBC Driver 11 for SQL Server][SQL Server]Trigger: trgTicketGroupHistory)
    SQLNumResultCols=0 (flds=0)
    Not a result-set nflds=(0,-1), resetting done_desc
    dbd_describe done_desc=0
    dbd_describe SQLNumResultCols=0 (columns=0)
    !!dbd_error2(err_rc=1, what=dbd_describe/SQLMoreResults, handles=(186bfe0,19b58c0,1a18b60)
    !SQLError(186bfe0,19b58c0,1a18b60) = (01000, 0, [Microsoft][ODBC Driver 11 for SQL Server][SQL Server]Trigger: trgTicketHistory)
    dbd_describe skipped (no resultant cols)
    got no rows: resetting ACTIVE, moreResults
    -dbd_st_execute(18e5ef0)=-1
    !! info: '' '[Microsoft][ODBC Driver 11 for SQL Server][SQL Server]Trigger: trgTicketGroupHistory (SQL-01000)
[Microsoft][ODBC Driver 11 for SQL Server][SQL Server]Trigger: trgTicketHistory (SQL-01000)' (err#0)
    <- execute= ( -1 ) [1 items] at test.pl line 15
    !! The info '''' was CLEARED by call to prepare_cached method
    -> prepare_cached in DBD::_::db for DBD::ODBC::db (DBI::db=HASH(0x1660000)~0x165fef8 'UPDATE [ticket] SET [retail_price] = CAST(? AS MONEY) WHERE 1=0') thr#1635010
    -> FETCH for DBD::ODBC::st (DBI::st=HASH(0x1660240)~0x1660180 'Active') thr#1635010
    .. FETCH DBI::st=HASH(0x1660180) 'Active' = ''
    <- FETCH= ( '' ) [1 items] at /opt/ActivePerl-5.14/site/lib/DBI.pm line 1710 via  at test.pl line 14
    <- prepare_cached= ( DBI::st=HASH(0x1660240) ) [1 items] at test.pl line 14
    -> execute for DBD::ODBC::st (DBI::st=HASH(0x1660240)~0x1660180 102.21) thr#1635010
    +dbd_bind_ph(18e5ef0, name=1, value=102.21, attribs=, sql_type=0(unknown), is_inout=0, maxlen=0
    -dbd_bind_ph=rebind_param
    +rebind_param 1 102.21 (size SvCUR=6/SvLEN=40/max=39) svtype:6, value type:1, sql type:12
    +get_param_type(18e5ef0,1)
      SQLDescribeParam already run and returned rc=0
check_for_unicode_param - sql_type=VARCHAR, described=DECIMAL      bind 1 102.21 value_len=6 maxlen=39 null=0)
      bind 1 value_type:1 DECIMAL cs=6 dd=0 bl=6
    SQLBindParameter: idx=1: io_type=1, name=1, value_type=1 (SQL_C_CHAR), SQLType=3 (DECIMAL), column_size=6, d_digits=0, value_ptr=1a3bba0, buffer_length=6, ind=6, param_size=19
      Param value = 102.21
    -rebind_param
    +dbd_st_execute(18e5ef0)
    dbd_st_finish(18e5ef0)
    outparams = 0
    !!dbd_error2(err_rc=-1, what=st_execute/SQLExecute, handles=(186bfe0,19b58c0,1a18b60)
    !SQLError(186bfe0,19b58c0,1a18b60) = (22001, 0, [Microsoft][ODBC Driver 11 for SQL Server]String data, right truncation)
    -dbd_st_execute(18e5ef0)=-2
    !! ERROR: 1 '[Microsoft][ODBC Driver 11 for SQL Server]String data, right truncation (SQL-22001)' (err#1)
    <- execute= ( undef ) [1 items] at test.pl line 15
DBD::ODBC::st execute failed: [Microsoft][ODBC Driver 11 for SQL Server]String data, right truncation (SQL-22001) at test.pl line 15.
    >> DESTROY DBI::db=HASH(0x165fef8) clearing 1 CachedKids
    <> DESTROY(DBI::st=HASH(0x1660240)) ignored for outer handle (inner DBI::st=HASH(0x1660180) has ref cnt 1)
    -> DESTROY for DBD::ODBC::st (DBI::st=HASH(0x1660180)~INNER) thr#1635010
    SQLFreeHandle(stmt)=0
       ERROR: 1 '[Microsoft][ODBC Driver 11 for SQL Server]String data, right truncation (SQL-22001)' (err#1)
    <- DESTROY= ( undef ) [1 items] at test.pl line 15 via  at test.pl line 15
    dbih_clearcom 0x1660180 (com 0x1a3ad80, type 3) done.

    <> DESTROY(DBI::db=HASH(0x1660000)) ignored for outer handle (inner DBI::db=HASH(0x165fef8) has ref cnt 1)
    -> DESTROY for DBD::ODBC::db (DBI::db=HASH(0x165fef8)~INNER) thr#1635010
       ERROR: 1 '[Microsoft][ODBC Driver 11 for SQL Server]String data, right truncation (SQL-22001)' (err#0)
    <- DESTROY= ( undef ) [1 items] at test.pl line 15 via  at test.pl line 15
    dbih_clearcom 0x165fef8 (com 0x186afe0, type 2) done.

    -- DBI::END ($@: , $!: )
    !! The ERROR '1' was CLEARED by call to disconnect_all method
    -> disconnect_all for DBD::ODBC::dr (DBI::dr=HASH(0x19b1a18)~0x19b1aa8) thr#1635010
    <- disconnect_all= ( '' ) [1 items] at /opt/ActivePerl-5.14/site/lib/DBI.pm line 750 via  at test.pl line 15
!   -> DESTROY in DBD::_::common for DBD::ODBC::dr (DBI::dr=HASH(0x19b1aa8)~INNER) thr#1635010
!   <- DESTROY= ( undef ) [1 items] during global destruction
    dbih_clearcom 0x19b1a18 (com 0x183ff50, type 1) done.

!   <> DESTROY for DBI::dr=HASH(0x19b1a18) ignored (inner handle gone)
