    DBI 1.609-ithread default trace level set to 0x0/15 (pid 3608) at DBI.pm line 273 via DBDissue.pl line 13
install_method DBI::db::get_info    , flags 0x2a00,
    usage: min 2, max 2, '$info_type'
install_method DBI::db::take_imp_data, flags 0x10000,
    usage: min 1, max 1, ''
install_method DBI::db::disconnect  , flags 0x10c00,
    usage: min 1, max 1, ''
install_method DBI::db::selectrow_array, flags 0x2000,
    usage: min 2, max 0, '$statement [, \%attr [, @bind_params ] ]'
install_method DBI::db::tables      , flags 0x2200,
    usage: min 1, max 6, '$catalog, $schema, $table, $type [, \%attr ]'
install_method DBI::db::quote_identifier, flags 0x0430,
    usage: min 2, max 6, '$name [, ...] [, \%attr ]'
install_method DBI::db::clone       ,
    usage: min 1, max 2, '[\%attr]'
install_method DBI::db::quote       , flags 0x0430,
    usage: min 2, max 3, '$string [, $data_type ]'
install_method DBI::db::type_info   , flags 0x2200,
    usage: min 1, max 2, '$data_type'
install_method DBI::db::statistics_info, flags 0xaa00,
    usage: min 6, max 7, '$catalog, $schema, $table, $unique_only, $quick, [, \%attr ]'
install_method DBI::db::selectrow_arrayref, flags 0x2000,
    usage: min 2, max 0, '$statement [, \%attr [, @bind_params ] ]'
install_method DBI::db::begin_work  , flags 0x0400,
    usage: min 1, max 2, '[ \%attr ]'
install_method DBI::db::last_insert_id, flags 0x2800,
    usage: min 5, max 6, '$catalog, $schema, $table_name, $field_name [, \%attr ]'
install_method DBI::db::foreign_key_info, flags 0xaa00,
    usage: min 7, max 8, '$pk_catalog, $pk_schema, $pk_table, $fk_catalog, $fk_schema, $fk_table [, \%attr ]'
install_method DBI::db::primary_key , flags 0x2200,
    usage: min 4, max 5, '$catalog, $schema, $table [, \%attr ]'
install_method DBI::db::commit      , flags 0x0c80,
    usage: min 1, max 1, ''
install_method DBI::db::ping        , flags 0x0404,
    usage: min 1, max 1, ''
install_method DBI::db::selectall_arrayref, flags 0x2000,
    usage: min 2, max 0, '$statement [, \%attr [, @bind_params ] ]'
install_method DBI::db::type_info_all, flags 0x2a00,
    usage: min 1, max 1, ''
install_method DBI::db::do          , flags 0x3200,
    usage: min 2, max 0, '$statement [, \%attr [, @bind_params ] ]'
install_method DBI::db::selectcol_arrayref, flags 0x2000,
    usage: min 2, max 0, '$statement [, \%attr [, @bind_params ] ]'
install_method DBI::db::prepare_cached, flags 0xa200,
    usage: min 2, max 4, '$statement [, \%attr [, $if_active ] ]'
install_method DBI::db::rows        , flags 0x0004
install_method DBI::db::rollback    , flags 0x0c80,
    usage: min 1, max 1, ''
install_method DBI::db::column_info , flags 0xaa00,
    usage: min 5, max 6, '$catalog, $schema, $table, $column [, \%attr ]'
install_method DBI::db::table_info  , flags 0xaa00,
    usage: min 1, max 6, '$catalog, $schema, $table, $type [, \%attr ]'
install_method DBI::db::primary_key_info, flags 0xaa00,
    usage: min 4, max 5, '$catalog, $schema, $table [, \%attr ]'
install_method DBI::db::prepare     , flags 0xa200,
    usage: min 2, max 3, '$statement [, \%attr]'
install_method DBI::db::preparse    
install_method DBI::db::connected   , flags 0x0004,
    usage: min 1, max 0, ''
install_method DBI::db::data_sources, flags 0x0200,
    usage: min 1, max 2, '[\%attr]'
install_method DBI::db::selectall_hashref, flags 0x2000,
    usage: min 3, max 0, '$statement, $keyfield [, \%attr [, @bind_params ] ]'
install_method DBI::db::selectrow_hashref, flags 0x2000,
    usage: min 2, max 0, '$statement [, \%attr [, @bind_params ] ]'
install_method DBI::dr::default_user,
    usage: min 3, max 4, '$user, $pass [, \%attr]'
install_method DBI::dr::data_sources, flags 0x0800,
    usage: min 1, max 2, '[\%attr]'
install_method DBI::dr::dbixs_revision, flags 0x0004
install_method DBI::dr::disconnect_all, flags 0x0800,
    usage: min 1, max 1, ''
install_method DBI::dr::connect_cached, flags 0x8000, H 3,
    usage: min 1, max 5, '[$db [,$user [,$passwd [,\%attr]]]]'
install_method DBI::dr::connect     , flags 0x8000, H 3,
    usage: min 1, max 5, '[$db [,$user [,$passwd [,\%attr]]]]'
install_method DBI::st::more_results,
    usage: min 1, max 1, ''
install_method DBI::st::blob_read   ,
    usage: min 4, max 5, '$field, $offset, $len [, \$buf [, $bufoffset]]'
install_method DBI::st::fetchall_hashref,
    usage: min 2, max 2, '$key_field'
install_method DBI::st::bind_param_inout_array,
    usage: min 4, max 5, '$parameter, \@var, $maxlen, [, \%attr]'
install_method DBI::st::finish      ,
    usage: min 1, max 1, ''
install_method DBI::st::rows        , flags 0x0004
install_method DBI::st::execute_for_fetch, flags 0x5040,
    usage: min 2, max 3, '$fetch_sub [, $tuple_status]'
install_method DBI::st::fetchrow_hashref
install_method DBI::st::_get_fbav   
install_method DBI::st::_set_fbav   , T 6
install_method DBI::st::fetchrow    
install_method DBI::st::fetch       
install_method DBI::st::execute_array, flags 0x5040,
    usage: min 2, max 0, '\%attribs [, @args]'
install_method DBI::st::dump_results,
    usage: min 1, max 5, '$maxfieldlen, $linesep, $fieldsep, $filehandle'
install_method DBI::st::bind_param_array,
    usage: min 3, max 4, '$parameter, $var [, \%attr]'
install_method DBI::st::fetchrow_array
install_method DBI::st::execute     , flags 0x1040,
    usage: min 1, max 0, '[@args]'
install_method DBI::st::bind_col    ,
    usage: min 3, max 4, '$column, \$var [, \%attr]'
install_method DBI::st::fetchall_arrayref,
    usage: min 1, max 3, '[ $slice [, $max_rows]]'
install_method DBI::st::fetchrow_arrayref
install_method DBI::st::bind_param_inout,
    usage: min 4, max 5, '$parameter, \$var, $maxlen, [, \%attr]'
install_method DBI::st::bind_columns,
    usage: min 2, max 0, '\$var1 [, \$var2, ...]'
install_method DBI::st::cancel      , flags 0x0800,
    usage: min 1, max 1, ''
install_method DBI::st::blob_copy_to_file,
    usage: min 3, max 3, '$field, $filename_or_handleref'
install_method DBI::st::bind_param  ,
    usage: min 3, max 4, '$parameter, $var [, \%attr]'
install_method DBI::common::parse_trace_flag, flags 0x0404, T 8,
    usage: min 2, max 2, '$name'
install_method DBI::common::errstr  , flags 0x0004
install_method DBI::common::trace_msg, flags 0x0004, T 8,
    usage: min 2, max 3, '$message_text [, $min_level ]'
install_method DBI::common::err     , flags 0x0004
install_method DBI::common::CLEAR   , flags 0x0004
install_method DBI::common::state   , flags 0x0004
install_method DBI::common::_not_impl
install_method DBI::common::NEXTKEY , flags 0x0004
install_method DBI::common::trace   , flags 0x0004,
    usage: min 1, max 3, '[$trace_level, [$filename]]'
install_method DBI::common::debug   , flags 0x0004,
    usage: min 1, max 2, '[$debug_level]'
install_method DBI::common::parse_trace_flags, flags 0x0404, T 8,
    usage: min 2, max 2, '$flags'
install_method DBI::common::private_attribute_info
install_method DBI::common::swap_inner_handle,
    usage: min 2, max 3, '$h [, $allow_reparent ]'
install_method DBI::common::EXISTS  , flags 0x0004
install_method DBI::common::visit_child_handles, flags 0x0404, T 4,
    usage: min 2, max 3, '$coderef [, $info ]'
install_method DBI::common::FETCH   , flags 0x0404
install_method DBI::common::FIRSTKEY, flags 0x0004
install_method DBI::common::set_err , flags 0x0010,
    usage: min 3, max 6, '$err, $errmsg [, $state, $method, $rv]'
install_method DBI::common::DESTROY , flags 0x10004
install_method DBI::common::dump_handle, flags 0x0004,
    usage: min 1, max 3, '[$message [, $level]]'
install_method DBI::common::FETCH_many, flags 0x0404
install_method DBI::common::can     , flags 0x0100
install_method DBI::common::STORE   , flags 0x041c
install_method DBI::common::private_data, flags 0x0004,
    usage: min 1, max 1, ''
install_method DBI::common::func    , flags 0x0006
Unicode login6
dbname=Octopus, uid='', pwd=xxxxx
    SQLDriverConnect 'Octopus', '''', 'xxxx'
    SQLDriverConnectW failed:
    SQLConnect ''Octopus'', ''''
Turning autocommit on
DRIVER_ODBC_VER = 03.52
DRIVER_NAME = SQLSRV32.DLL
DRIVER_VERSION = 03.86.3959
MAX_COLUMN_NAME_LEN = 128
DBD::ODBC is unicode built : YES
Deferring Binding
SQL_DBMS_NAME = Microsoft SQL Server
SQLMoreResults supported: 1
SQLDescribeParam supported: 1
SQLDescribeParam supported: 1
    DBI::db=HASH(0x3b4535c) trace level set to 0x7fffff00/15 (DBI @ 0x6000000/0) in DBI 1.609-ithread (pid 3608)
    !! info: '' CLEARED by call to prepare method
    -> prepare for DBD::ODBC::db (DBI::db=HASH(0x3b453ec)~0x3b4535c '  select top 1 st_id from st_name
  where st_specificity = 'acc'
  and st_parent_id = (
    select top 1 st_id from st_name
    where st_specificity = 'taxon'
    and st_name = ?
  )
') thr#2c441c
    New 'DBI::st' (for DBD::ODBC::st, parent=DBI::db=HASH(0x3b4535c), id=undef)
    dbih_setup_handle(DBI::st=HASH(0x3b4565c)=>DBI::st=HASH(0x2c9294), DBD::ODBC::st, 3d4f7dc, Null!)
    dbih_make_com(DBI::db=HASH(0x3b4535c), 3ddcb24, DBD::ODBC::st, 220, 0) thr#2c441c
    dbih_setup_attrib(DBI::st=HASH(0x2c9294), Err, DBI::db=HASH(0x3b4535c)) SCALAR(0x3d4f6fc) (already defined)
    dbih_setup_attrib(DBI::st=HASH(0x2c9294), State, DBI::db=HASH(0x3b4535c)) SCALAR(0x3d4f77c) (already defined)
    dbih_setup_attrib(DBI::st=HASH(0x2c9294), Errstr, DBI::db=HASH(0x3b4535c)) SCALAR(0x3d4f73c) (already defined)
    dbih_setup_attrib(DBI::st=HASH(0x2c9294), TraceLevel, DBI::db=HASH(0x3b4535c)) 2147483647 (already defined)
    dbih_setup_attrib(DBI::st=HASH(0x2c9294), FetchHashKeyName, DBI::db=HASH(0x3b4535c)) 'NAME' (already defined)
    dbih_setup_attrib(DBI::st=HASH(0x2c9294), HandleSetErr, DBI::db=HASH(0x3b4535c)) undef (not defined)
    dbih_setup_attrib(DBI::st=HASH(0x2c9294), HandleError, DBI::db=HASH(0x3b4535c)) undef (not defined)
    dbih_setup_attrib(DBI::st=HASH(0x2c9294), ReadOnly, DBI::db=HASH(0x3b4535c)) undef (not defined)
    dbih_setup_attrib(DBI::st=HASH(0x2c9294), Profile, DBI::db=HASH(0x3b4535c)) undef (not defined)
    initializing sth query timeout to -1
    ignore named placeholders = 0
    creating new parameter key 1
    dbd_preparse scanned 1 distinct placeholders
    SQLPrepare   select top 1 st_id from st_name
  where st_specificity = 'acc'
  and st_parent_id = (
    select top 1 st_id from st_name
    where st_specificity = 'taxon'
    and st_name = ?
  )

    Processing non-utf8 sql in unicode mode
    SQLPrepare = 0
    <- prepare= DBI::st=HASH(0x3b4565c) at DBDissue.pl line 121
    -> selectcol_arrayref in DBD::_::db for DBD::ODBC::db (DBI::db=HASH(0x3b453ec)~0x3b4535c DBI::st=HASH(0x3b4565c) undef 'Legionella pneumophila') thr#2c441c
    >> execute     DISPATCH (DBI::st=HASH(0x3b4565c) rc1/3 @2 g0 ima1041 pid#3608) at C:/Perl32/lib/DBI.pm line 1647 via  at DBDissue.pl line 124
    -> execute for DBD::ODBC::st (DBI::st=HASH(0x3b4565c)~0x2c9294 'Legionella pneumophila') thr#2c441c
+dbd_bind_ph(3d4f7fc, name=1, value='Legionella pneumophila', attribs=, sql_type=0(unknown), is_inout=0, maxlen=0
    +get_param_type(3d4f7fc,1)
      SQLDescribeParam failed reverting to default SQL bind type -9
07009 [Microsoft][ODBC SQL Server Driver]Invalid Descriptor Index
42000 [Microsoft][ODBC SQL Server Driver]Syntax error or access violation
      get_param_type: modified value type to SQL_C_WCHAR
    -get_param_type
-dbd_bind_ph=1
+dbd_st_execute(3d4f7fc)
    dbd_st_finish(3d4f7fc)
    outparams = 0
    +rebind_param 1 ''Legionella pneumophila'' (size svCUR=22/SvLEN=24/max=0) svtype 5, value type:-8 sql type:-9
    +get_param_type(3d4f7fc,1)
      SQLDescribeParam already run and returned rc=-1
      get_param_type: modified value type to SQL_C_WCHAR
    -get_param_type
      Need to modify phs->sv in place: old length = 22
      Need to modify phs->sv in place: new length = 44
      bind 1 'L' value_len=44 maxlen=46 null=0)
      bind 1 value_type:-8 UNICODE VARCHAR cs=44 dd=0 bl=44
    SQLBindParameter: idx=1: param_type=1, name=1, value_type=-8, SQL_Type=-9, column_size=0, d_digits=0, value_ptr=3ddf92c, buffer_length=44, cbValue=44, param_size=0
    !!dbd_error2(err_rc=-1, what=rebind_param/SQLBindParameter, handles=(382298,382340,382d98)
    !SQLError(382298,382340,382d98) = (HY104, 0, [Microsoft][ODBC SQL Server Driver]Invalid precision value)
    !! ERROR: 1 '[Microsoft][ODBC SQL Server Driver]Invalid precision value (SQL-HY104)' (err#1)
    <- execute= undef at C:/Perl32/lib/DBI.pm line 1647 via  at DBDissue.pl line 124
    !! ERROR: 1 '[Microsoft][ODBC SQL Server Driver]Invalid precision value (SQL-HY104)' (err#0)
    <- selectcol_arrayref= undef at DBDissue.pl line 124
    -> errstr in DBD::_::common for DBD::ODBC::db (DBI::db=HASH(0x3b453ec)~0x3b4535c) thr#2c441c
       ERROR: 1 '[Microsoft][ODBC SQL Server Driver]Invalid precision value (SQL-HY104)' (err#0)
    <- errstr= ( '[Microsoft][ODBC SQL Server Driver]Invalid precision value (SQL-HY104)' ) [1 items] at DBDissue.pl line 126
    -> DESTROY for DBD::ODBC::st (DBI::st=HASH(0x2c9294)~INNER) thr#2c441c
   SQLFreeStmt=0.
       ERROR: 1 '[Microsoft][ODBC SQL Server Driver]Invalid precision value (SQL-HY104)' (err#1)
    <- DESTROY= undef
    -> DESTROY for DBD::ODBC::db (DBI::db=HASH(0x3b4535c)~INNER) thr#2c441c
SQLDisconnect=0
    DBD::ODBC Disconnected!
       ERROR: 1 '[Microsoft][ODBC SQL Server Driver]Invalid precision value (SQL-HY104)' (err#0)
    <- DESTROY= undef
