cpanm (App::cpanminus) 1.7040 on perl 5.022001 built for x86_64-linux-gnu-thread-multi
Work directory is /home/scot/.cpanm/work/1480981090.117606
You have make /usr/bin/make
You have LWP 6.15
You have /bin/tar: tar (GNU tar) 1.28
Copyright (C) 2014 Free Software Foundation, Inc.
License GPLv3+: GNU GPL version 3 or later <http://gnu.org/licenses/gpl.html>.
This is free software: you are free to change and redistribute it.
There is NO WARRANTY, to the extent permitted by law.

Written by John Gilmore and Jay Fenlason.
You have /usr/bin/unzip
Searching Courriel () on cpanmetadb ...
--> Working on Courriel
Fetching http://www.cpan.org/authors/id/D/DR/DROLSKY/Courriel-0.43.tar.gz
-> OK
Unpacking Courriel-0.43.tar.gz
Entering Courriel-0.43
Checking configure dependencies from META.json
Checking if you have ExtUtils::MakeMaker 6.58 ... Yes (7.04_01)
Configuring Courriel-0.43
Running Makefile.PL
Checking if your kit is complete...
Looks good
Generating a Unix-style Makefile
Writing Makefile for Courriel
Writing MYMETA.yml and MYMETA.json
-> OK
Checking dependencies from MYMETA.json ...
Checking if you have MIME::QuotedPrint 0 ... Yes (3.13)
Checking if you have warnings 0 ... Yes (1.34)
Checking if you have Devel::PartialDump 0 ... Yes (0.18)
Checking if you have MooseX::StrictConstructor 0 ... Yes (0.19)
Checking if you have File::Spec 0 ... Yes (3.56)
Checking if you have MooseX::Types::Common::String 0 ... Yes (0.001013)
Checking if you have File::LibMagic 0 ... Yes (1.15)
Checking if you have Moose 0 ... Yes (2.1604)
Checking if you have Email::MIME::Encodings 0 ... Yes (1.315)
Checking if you have Test::More 0.96 ... Yes (1.302067)
Checking if you have namespace::autoclean 0 ... Yes (0.28)
Checking if you have Email::MessageID 0 ... Yes (1.406)
Checking if you have DateTime::Format::Natural 0 ... Yes (1.04)
Checking if you have Scalar::Util 0 ... Yes (1.46)
Checking if you have Sys::Hostname 0 ... Yes (1.20)
Checking if you have utf8 0 ... Yes (1.17)
Checking if you have File::Slurp::Tiny 0 ... Yes (0.004)
Checking if you have Encode 0 ... Yes (2.72)
Checking if you have strict 0 ... Yes (1.09)
Checking if you have Email::Abstract::Plugin 0 ... Yes (3.008)
Checking if you have Moose::Role 0 ... Yes (2.1604)
Checking if you have Test::Differences 0 ... Yes (0.64)
Checking if you have List::MoreUtils 0.28 ... Yes (0.413)
Checking if you have parent 0 ... Yes (0.232)
Checking if you have Sub::Exporter 0 ... Yes (0.986)
Checking if you have DateTime::Format::Mail 0.403 ... Yes (0.403)
Checking if you have List::AllUtils 0 ... Yes (0.12)
Checking if you have MooseX::Types::Moose 0 ... Yes (0.46)
Checking if you have Test::Fatal 0 ... Yes (0.014)
Checking if you have ExtUtils::MakeMaker 0 ... Yes (7.04_01)
Checking if you have MooseX::Types 0 ... Yes (0.46)
Checking if you have DateTime 0 ... Yes (1.21)
Checking if you have MooseX::Types::Combine 0 ... Yes (0.46)
Checking if you have Carp 0 ... Yes (1.36)
Checking if you have Params::ValidationCompiler 0.18 ... Yes (0.20)
Checking if you have MIME::Base64 0 ... Yes (3.15)
Checking if you have Email::Address 0 ... Yes (1.908)
Checking if you have Email::Address::List 0 ... Yes (0.05)
Checking if you have MooseX::Role::Parameterized 0 ... Yes (1.09)
Checking if you have Exporter 0 ... Yes (5.72)
Checking if you have Test::Requires 0 ... Yes (0.10)
Checking if you have File::Basename 0 ... Yes (2.85)
Building and testing Courriel-0.43
cp lib/Courriel/HeaderAttribute.pm blib/lib/Courriel/HeaderAttribute.pm
cp lib/Courriel/Types.pm blib/lib/Courriel/Types.pm
cp lib/Courriel.pm blib/lib/Courriel.pm
cp lib/Courriel/Headers.pm blib/lib/Courriel/Headers.pm
cp lib/Email/Abstract/Courriel.pm blib/lib/Email/Abstract/Courriel.pm
cp lib/Courriel/Role/HeaderWithAttributes.pm blib/lib/Courriel/Role/HeaderWithAttributes.pm
cp lib/Courriel/Role/Part.pm blib/lib/Courriel/Role/Part.pm
cp lib/Courriel/Helpers.pm blib/lib/Courriel/Helpers.pm
cp lib/Courriel/Header/Disposition.pm blib/lib/Courriel/Header/Disposition.pm
cp lib/Courriel/Role/Streams.pm blib/lib/Courriel/Role/Streams.pm
cp lib/Courriel/Header/ContentType.pm blib/lib/Courriel/Header/ContentType.pm
cp lib/Courriel/Part/Single.pm blib/lib/Courriel/Part/Single.pm
cp lib/Courriel/Part/Multipart.pm blib/lib/Courriel/Part/Multipart.pm
cp lib/Courriel/Builder.pm blib/lib/Courriel/Builder.pm
cp lib/Courriel/Header.pm blib/lib/Courriel/Header.pm
cp lib/Courriel/Types/Internal.pm blib/lib/Courriel/Types/Internal.pm
Manifying 10 pod documents
PERL_DL_NONLAZY=1 "/usr/bin/perl" "-MExtUtils::Command::MM" "-MTest::Harness" "-e" "undef *Test::Harness::Switches; test_harness(0, 'blib/lib', 'blib/arch')" t/*.t
# 
# Versions for all modules listed in MYMETA.json (including optional ones):
# 
# === Configure Requires ===
# 
#     Module              Want    Have
#     ------------------- ---- -------
#     ExtUtils::MakeMaker  any 7.04_01
# 
# === Build Requires ===
# 
#     Module              Want    Have
#     ------------------- ---- -------
#     ExtUtils::MakeMaker  any 7.04_01
# 
# === Test Requires ===
# 
#     Module              Want     Have
#     ------------------- ---- --------
#     ExtUtils::MakeMaker  any  7.04_01
#     File::Spec           any     3.56
#     Sys::Hostname        any     1.20
#     Test::Differences    any     0.64
#     Test::Fatal          any    0.014
#     Test::More          0.96 1.302067
#     Test::Requires       any     0.10
#     utf8                 any     1.17
# 
# === Test Recommends ===
# 
#     Module            Want     Have
#     ------------- -------- --------
#     CPAN::Meta    2.120900 2.150005
#     Email::Sender      any  missing
#     Path::Class        any     0.36
# 
# === Runtime Requires ===
# 
#     Module                         Want     Have
#     ----------------------------- ----- --------
#     Carp                            any     1.36
#     DateTime                        any     1.21
#     DateTime::Format::Mail        0.403    0.403
#     DateTime::Format::Natural       any     1.04
#     Devel::PartialDump              any     0.18
#     Email::Abstract::Plugin         any    3.008
#     Email::Address                  any    1.908
#     Email::Address::List            any     0.05
#     Email::MIME::Encodings          any    1.315
#     Email::MessageID                any    1.406
#     Encode                          any     2.72
#     Exporter                        any     5.72
#     File::Basename                  any     2.85
#     File::LibMagic                  any     1.15
#     File::Slurp::Tiny               any    0.004
#     List::AllUtils                  any     0.12
#     List::MoreUtils                0.28    0.413
#     MIME::Base64                    any     3.15
#     MIME::QuotedPrint               any     3.13
#     Moose                           any   2.1604
#     Moose::Role                     any   2.1604
#     MooseX::Role::Parameterized     any     1.09
#     MooseX::StrictConstructor       any     0.19
#     MooseX::Types                   any     0.46
#     MooseX::Types::Combine          any     0.46
#     MooseX::Types::Common::String   any 0.001013
#     MooseX::Types::Moose            any     0.46
#     Params::ValidationCompiler     0.18     0.20
#     Scalar::Util                    any     1.46
#     Sub::Exporter                   any    0.986
#     namespace::autoclean            any     0.28
#     parent                          any    0.232
#     strict                          any     1.09
#     warnings                        any     1.34
# 
t/00-report-prereqs.t .. ok
Specification contains unknown keys: [isa] at /home/scot/.cpanm/work/1480981090.117606/Courriel-0.43/blib/lib/Courriel/Header.pm line 34.
Compilation failed in require at /home/scot/.cpanm/work/1480981090.117606/Courriel-0.43/blib/lib/Courriel/Headers.pm line 9.
BEGIN failed--compilation aborted at /home/scot/.cpanm/work/1480981090.117606/Courriel-0.43/blib/lib/Courriel/Headers.pm line 9.
Compilation failed in require at /home/scot/.cpanm/work/1480981090.117606/Courriel-0.43/blib/lib/Courriel.pm line 11.
BEGIN failed--compilation aborted at /home/scot/.cpanm/work/1480981090.117606/Courriel-0.43/blib/lib/Courriel.pm line 11.
Compilation failed in require at /home/scot/.cpanm/work/1480981090.117606/Courriel-0.43/blib/lib/Courriel/Builder.pm line 9.
BEGIN failed--compilation aborted at /home/scot/.cpanm/work/1480981090.117606/Courriel-0.43/blib/lib/Courriel/Builder.pm line 9.
Compilation failed in require at t/Builder.t line 8.
BEGIN failed--compilation aborted at t/Builder.t line 8.
t/Builder.t ............ 
Dubious, test returned 2 (wstat 512, 0x200)
No subtests run 
Specification contains unknown keys: [isa] at /home/scot/.cpanm/work/1480981090.117606/Courriel-0.43/blib/lib/Courriel/Header.pm line 34.
Compilation failed in require at /usr/share/perl5/Module/Runtime.pm line 317.
Compilation failed in require at t/ContentType.t line 6.
BEGIN failed--compilation aborted at t/ContentType.t line 6.
t/ContentType.t ........ 
Dubious, test returned 2 (wstat 512, 0x200)
No subtests run 
Specification contains unknown keys: [isa] at /home/scot/.cpanm/work/1480981090.117606/Courriel-0.43/blib/lib/Courriel/Header.pm line 34.
Compilation failed in require at /home/scot/.cpanm/work/1480981090.117606/Courriel-0.43/blib/lib/Courriel/Headers.pm line 9.
BEGIN failed--compilation aborted at /home/scot/.cpanm/work/1480981090.117606/Courriel-0.43/blib/lib/Courriel/Headers.pm line 9.
Compilation failed in require at /home/scot/.cpanm/work/1480981090.117606/Courriel-0.43/blib/lib/Courriel.pm line 11.
BEGIN failed--compilation aborted at /home/scot/.cpanm/work/1480981090.117606/Courriel-0.43/blib/lib/Courriel.pm line 11.
Compilation failed in require at t/Courriel.t line 8.
BEGIN failed--compilation aborted at t/Courriel.t line 8.
t/Courriel.t ........... 
Dubious, test returned 2 (wstat 512, 0x200)
No subtests run 
t/Email-Sender.t ....... skipped: Test requires module 'Email::Sender' but it's not found
t/HeaderAttribute.t .... ok
Specification contains unknown keys: [isa] at /home/scot/.cpanm/work/1480981090.117606/Courriel-0.43/blib/lib/Courriel/Header.pm line 34.
Compilation failed in require at /home/scot/.cpanm/work/1480981090.117606/Courriel-0.43/blib/lib/Courriel/Headers.pm line 9.
BEGIN failed--compilation aborted at /home/scot/.cpanm/work/1480981090.117606/Courriel-0.43/blib/lib/Courriel/Headers.pm line 9.
Compilation failed in require at /home/scot/.cpanm/work/1480981090.117606/Courriel-0.43/blib/lib/Courriel.pm line 11.
BEGIN failed--compilation aborted at /home/scot/.cpanm/work/1480981090.117606/Courriel-0.43/blib/lib/Courriel.pm line 11.
Compilation failed in require at /home/scot/.cpanm/work/1480981090.117606/Courriel-0.43/blib/lib/Courriel/Builder.pm line 9.
BEGIN failed--compilation aborted at /home/scot/.cpanm/work/1480981090.117606/Courriel-0.43/blib/lib/Courriel/Builder.pm line 9.
Compilation failed in require at t/Headers.t line 9.
BEGIN failed--compilation aborted at t/Headers.t line 9.
t/Headers.t ............ 
Dubious, test returned 2 (wstat 512, 0x200)
No subtests run 
Specification contains unknown keys: [isa] at /home/scot/.cpanm/work/1480981090.117606/Courriel-0.43/blib/lib/Courriel/Header.pm line 34.
Compilation failed in require at /usr/share/perl5/Module/Runtime.pm line 317.
Compilation failed in require at t/Part-Multipart.t line 6.
BEGIN failed--compilation aborted at t/Part-Multipart.t line 6.
t/Part-Multipart.t ..... 
Dubious, test returned 2 (wstat 512, 0x200)
No subtests run 
Specification contains unknown keys: [isa] at /home/scot/.cpanm/work/1480981090.117606/Courriel-0.43/blib/lib/Courriel/Header.pm line 34.
Compilation failed in require at /usr/share/perl5/Module/Runtime.pm line 317.
Compilation failed in require at t/Part-Single.t line 8.
BEGIN failed--compilation aborted at t/Part-Single.t line 8.
t/Part-Single.t ........ 
Dubious, test returned 2 (wstat 512, 0x200)
No subtests run 
Specification contains unknown keys: [isa] at /home/scot/.cpanm/work/1480981090.117606/Courriel-0.43/blib/lib/Courriel/Header.pm line 34.
Compilation failed in require at /home/scot/.cpanm/work/1480981090.117606/Courriel-0.43/blib/lib/Courriel/Headers.pm line 9.
BEGIN failed--compilation aborted at /home/scot/.cpanm/work/1480981090.117606/Courriel-0.43/blib/lib/Courriel/Headers.pm line 9.
Compilation failed in require at /home/scot/.cpanm/work/1480981090.117606/Courriel-0.43/blib/lib/Courriel.pm line 11.
BEGIN failed--compilation aborted at /home/scot/.cpanm/work/1480981090.117606/Courriel-0.43/blib/lib/Courriel.pm line 11.
Compilation failed in require at t/stress.t line 14.
BEGIN failed--compilation aborted at t/stress.t line 14.
t/stress.t ............. 
Dubious, test returned 2 (wstat 512, 0x200)
No subtests run 
Specification contains unknown keys: [isa] at /home/scot/.cpanm/work/1480981090.117606/Courriel-0.43/blib/lib/Courriel/Header.pm line 34.
Compilation failed in require at /home/scot/.cpanm/work/1480981090.117606/Courriel-0.43/blib/lib/Courriel/Headers.pm line 9.
BEGIN failed--compilation aborted at /home/scot/.cpanm/work/1480981090.117606/Courriel-0.43/blib/lib/Courriel/Headers.pm line 9.
Compilation failed in require at /home/scot/.cpanm/work/1480981090.117606/Courriel-0.43/blib/lib/Courriel.pm line 11.
BEGIN failed--compilation aborted at /home/scot/.cpanm/work/1480981090.117606/Courriel-0.43/blib/lib/Courriel.pm line 11.
Compilation failed in require at t/weird-input.t line 13.
BEGIN failed--compilation aborted at t/weird-input.t line 13.
t/weird-input.t ........ 
Dubious, test returned 2 (wstat 512, 0x200)
No subtests run 

Test Summary Report
-------------------
t/Builder.t          (Wstat: 512 Tests: 0 Failed: 0)
  Non-zero exit status: 2
  Parse errors: No plan found in TAP output
t/ContentType.t      (Wstat: 512 Tests: 0 Failed: 0)
  Non-zero exit status: 2
  Parse errors: No plan found in TAP output
t/Courriel.t         (Wstat: 512 Tests: 0 Failed: 0)
  Non-zero exit status: 2
  Parse errors: No plan found in TAP output
t/Headers.t          (Wstat: 512 Tests: 0 Failed: 0)
  Non-zero exit status: 2
  Parse errors: No plan found in TAP output
t/Part-Multipart.t   (Wstat: 512 Tests: 0 Failed: 0)
  Non-zero exit status: 2
  Parse errors: No plan found in TAP output
t/Part-Single.t      (Wstat: 512 Tests: 0 Failed: 0)
  Non-zero exit status: 2
  Parse errors: No plan found in TAP output
t/stress.t           (Wstat: 512 Tests: 0 Failed: 0)
  Non-zero exit status: 2
  Parse errors: No plan found in TAP output
t/weird-input.t      (Wstat: 512 Tests: 0 Failed: 0)
  Non-zero exit status: 2
  Parse errors: No plan found in TAP output
Files=11, Tests=11,  5 wallclock secs ( 0.01 usr  0.06 sys +  3.82 cusr  1.04 csys =  4.93 CPU)
Result: FAIL
Failed 8/11 test programs. 0/11 subtests failed.
Makefile:970: recipe for target 'test_dynamic' failed
make: *** [test_dynamic] Error 2
-> FAIL Installing Courriel failed. See /home/scot/.cpanm/work/1480981090.117606/build.log for details. Retry with --force to force install it.
