PERL_DL_NONLAZY=1 /Users/stas/perl5/perlbrew/perls/perl-5.18.2/bin/perl "-MExtUtils::Command::MM" "-MTest::Harness" "-e" "undef *Test::Harness::Switches; test_harness(0, 'blib/lib', 'blib/arch')" t/*.t
t/callbacks1.t .. ok
t/callbacks2.t .. ok
t/callbacks3.t .. ok
t/forked1.t ..... ok
t/forked2.t ..... ok
t/forked3.t ..... ok
t/getline1.t .... ok
t/getline2.t .... 
Failed 2/21 subtests 
t/getline3.t .... ok
t/multifork1.t .. ok
t/multifork2.t .. ok
t/multifork3.t .. ok

Test Summary Report
-------------------
t/getline2.t  (Wstat: 0 Tests: 21 Failed: 2)
  Failed tests:  11, 13
Files=12, Tests=924, 131 wallclock secs ( 0.22 usr  0.04 sys +  3.75 cusr  0.91 csys =  4.92 CPU)
Result: FAIL
Failed 1/12 test programs. 2/924 subtests failed.
make: *** [test_dynamic] Error 255
