ok 1 - use Archive::Extract;
# Running extract with PREFER_BIN = 0
# Extracting y.tar.gz
ok 2 - The object isa Archive::Extract
ok 3 - Archive type recognized properly
# Extracting to: /home/Sasha/.cpan/build/Archive-Extract-0.08/t/out
# Buffers enabled: 1
ok 4 - extract() for 'y.tar.gz' reports success
# Extractor was: _untar_at
ok 5 - Found correct number of output files
ok 6 - Found correct output file 'y/z'
ok 7 - Output file '/home/Sasha/.cpan/build/Archive-Extract-0.08/t/out/y/z' exists
ok 8 - Extract dir found
ok 9 - Extract dir exists
ok 10 - Extract dir is expected '/home/Sasha/.cpan/build/Archive-Extract-0.08/t/out/y'
ok 11 - Output file successfully removed
ok 12 -    rmtree gave no error
ok 13 -    Extract dir succesfully removed
# Extracting to: /home/Sasha/.cpan/build/Archive-Extract-0.08/t/out
# Buffers enabled: 1
ok 14 - extract() for 'y.tar.gz' reports success
# Extractor was: _untar_at
ok 15 - Found correct number of output files
ok 16 - Found correct output file 'y/z'
ok 17 - Output file '/home/Sasha/.cpan/build/Archive-Extract-0.08/t/out/y/z' exists
ok 18 - Extract dir found
ok 19 - Extract dir exists
ok 20 - Extract dir is expected '/home/Sasha/.cpan/build/Archive-Extract-0.08/t/out/y'
ok 21 - Output file successfully removed
ok 22 -    rmtree gave no error
ok 23 -    Extract dir succesfully removed
# Extracting x.gz
ok 24 - The object isa Archive::Extract
ok 25 - Archive type recognized properly
# Extracting to: /home/Sasha/.cpan/build/Archive-Extract-0.08/t/out/a
# Buffers enabled: 1
ok 26 - extract() for 'x.gz' reports success
# Extractor was: _gunzip_cz
ok 27 - Found correct number of output files
ok 28 - Found correct output file 'a'
ok 29 - Output file '/home/Sasha/.cpan/build/Archive-Extract-0.08/t/out/a' exists
ok 30 - Extract dir found
ok 31 - Extract dir exists
ok 32 - Extract dir is expected '/home/Sasha/.cpan/build/Archive-Extract-0.08/t/out'
ok 33 - Output file successfully removed
ok 34 -    rmtree gave no error
ok 35 -    Extract dir succesfully removed
# Extracting to: /home/Sasha/.cpan/build/Archive-Extract-0.08/t/out/a
# Buffers enabled: 1
ok 36 - extract() for 'x.gz' reports success
# Extractor was: _gunzip_cz
ok 37 - Found correct number of output files
ok 38 - Found correct output file 'a'
ok 39 - Output file '/home/Sasha/.cpan/build/Archive-Extract-0.08/t/out/a' exists
ok 40 - Extract dir found
ok 41 - Extract dir exists
ok 42 - Extract dir is expected '/home/Sasha/.cpan/build/Archive-Extract-0.08/t/out'
ok 43 - Output file successfully removed
ok 44 -    rmtree gave no error
ok 45 -    Extract dir succesfully removed
# Extracting x.tar
ok 46 - The object isa Archive::Extract
ok 47 - Archive type recognized properly
# Extracting to: /home/Sasha/.cpan/build/Archive-Extract-0.08/t/out
# Buffers enabled: 1
ok 48 - extract() for 'x.tar' reports success
# Extractor was: _untar_at
ok 49 - Found correct number of output files
ok 50 - Found correct output file 'a'
ok 51 - Output file '/home/Sasha/.cpan/build/Archive-Extract-0.08/t/out/a' exists
ok 52 - Extract dir found
ok 53 - Extract dir exists
ok 54 - Extract dir is expected '/home/Sasha/.cpan/build/Archive-Extract-0.08/t/out'
ok 55 - Output file successfully removed
ok 56 -    rmtree gave no error
ok 57 -    Extract dir succesfully removed
# Extracting to: /home/Sasha/.cpan/build/Archive-Extract-0.08/t/out
# Buffers enabled: 1
ok 58 - extract() for 'x.tar' reports success
# Extractor was: _untar_at
ok 59 - Found correct number of output files
ok 60 - Found correct output file 'a'
ok 61 - Output file '/home/Sasha/.cpan/build/Archive-Extract-0.08/t/out/a' exists
ok 62 - Extract dir found
ok 63 - Extract dir exists
ok 64 - Extract dir is expected '/home/Sasha/.cpan/build/Archive-Extract-0.08/t/out'
ok 65 - Output file successfully removed
ok 66 -    rmtree gave no error
ok 67 -    Extract dir succesfully removed
# Extracting double_dir.zip
ok 68 - The object isa Archive::Extract
ok 69 - Archive type recognized properly
# Extracting to: /home/Sasha/.cpan/build/Archive-Extract-0.08/t/out
# Buffers enabled: 1
ok 70 - extract() for 'double_dir.zip' reports success
# Extractor was: _unzip_az
ok 71 - Found correct number of output files
ok 72 - Found correct output file 'x/w'
ok 73 - Output file '/home/Sasha/.cpan/build/Archive-Extract-0.08/t/out/x/w' exists
ok 74 - Extract dir found
ok 75 - Extract dir exists
ok 76 - Extract dir is expected '/home/Sasha/.cpan/build/Archive-Extract-0.08/t/out/x'
ok 77 - Output file successfully removed
ok 78 -    rmtree gave no error
ok 79 -    Extract dir succesfully removed
# Extracting to: /home/Sasha/.cpan/build/Archive-Extract-0.08/t/out
# Buffers enabled: 1
ok 80 - extract() for 'double_dir.zip' reports success
# Extractor was: _unzip_az
ok 81 - Found correct number of output files
ok 82 - Found correct output file 'x/w'
ok 83 - Output file '/home/Sasha/.cpan/build/Archive-Extract-0.08/t/out/x/w' exists
ok 84 - Extract dir found
ok 85 - Extract dir exists
ok 86 - Extract dir is expected '/home/Sasha/.cpan/build/Archive-Extract-0.08/t/out/x'
ok 87 - Output file successfully removed
ok 88 -    rmtree gave no error
ok 89 -    Extract dir succesfully removed
# Extracting y.jar
ok 90 - The object isa Archive::Extract
ok 91 - Archive type recognized properly
# Extracting to: /home/Sasha/.cpan/build/Archive-Extract-0.08/t/out
# Buffers enabled: 1
ok 92 - extract() for 'y.jar' reports success
# Extractor was: _unzip_az
ok 93 - Found correct number of output files
ok 94 - Found correct output file 'y/z'
ok 95 - Output file '/home/Sasha/.cpan/build/Archive-Extract-0.08/t/out/y/z' exists
ok 96 - Extract dir found
ok 97 - Extract dir exists
ok 98 - Extract dir is expected '/home/Sasha/.cpan/build/Archive-Extract-0.08/t/out/y'
ok 99 - Output file successfully removed
ok 100 -    rmtree gave no error
ok 101 -    Extract dir succesfully removed
# Extracting to: /home/Sasha/.cpan/build/Archive-Extract-0.08/t/out
# Buffers enabled: 1
ok 102 - extract() for 'y.jar' reports success
# Extractor was: _unzip_az
ok 103 - Found correct number of output files
ok 104 - Found correct output file 'y/z'
ok 105 - Output file '/home/Sasha/.cpan/build/Archive-Extract-0.08/t/out/y/z' exists
ok 106 - Extract dir found
ok 107 - Extract dir exists
ok 108 - Extract dir is expected '/home/Sasha/.cpan/build/Archive-Extract-0.08/t/out/y'
ok 109 - Output file successfully removed
ok 110 -    rmtree gave no error
ok 111 -    Extract dir succesfully removed
# Extracting x.jar
ok 112 - The object isa Archive::Extract
ok 113 - Archive type recognized properly
# Extracting to: /home/Sasha/.cpan/build/Archive-Extract-0.08/t/out
# Buffers enabled: 1
ok 114 - extract() for 'x.jar' reports success
# Extractor was: _unzip_az
ok 115 - Found correct number of output files
ok 116 - Found correct output file 'a'
ok 117 - Output file '/home/Sasha/.cpan/build/Archive-Extract-0.08/t/out/a' exists
ok 118 - Extract dir found
ok 119 - Extract dir exists
ok 120 - Extract dir is expected '/home/Sasha/.cpan/build/Archive-Extract-0.08/t/out'
ok 121 - Output file successfully removed
ok 122 -    rmtree gave no error
ok 123 -    Extract dir succesfully removed
# Extracting to: /home/Sasha/.cpan/build/Archive-Extract-0.08/t/out
# Buffers enabled: 1
ok 124 - extract() for 'x.jar' reports success
# Extractor was: _unzip_az
ok 125 - Found correct number of output files
ok 126 - Found correct output file 'a'
ok 127 - Output file '/home/Sasha/.cpan/build/Archive-Extract-0.08/t/out/a' exists
ok 128 - Extract dir found
ok 129 - Extract dir exists
ok 130 - Extract dir is expected '/home/Sasha/.cpan/build/Archive-Extract-0.08/t/out'
ok 131 - Output file successfully removed
ok 132 -    rmtree gave no error
ok 133 -    Extract dir succesfully removed
# Extracting y.tgz
ok 134 - The object isa Archive::Extract
ok 135 - Archive type recognized properly
# Extracting to: /home/Sasha/.cpan/build/Archive-Extract-0.08/t/out
# Buffers enabled: 1
ok 136 - extract() for 'y.tgz' reports success
# Extractor was: _untar_at
ok 137 - Found correct number of output files
ok 138 - Found correct output file 'y/z'
ok 139 - Output file '/home/Sasha/.cpan/build/Archive-Extract-0.08/t/out/y/z' exists
ok 140 - Extract dir found
ok 141 - Extract dir exists
ok 142 - Extract dir is expected '/home/Sasha/.cpan/build/Archive-Extract-0.08/t/out/y'
ok 143 - Output file successfully removed
ok 144 -    rmtree gave no error
ok 145 -    Extract dir succesfully removed
# Extracting to: /home/Sasha/.cpan/build/Archive-Extract-0.08/t/out
# Buffers enabled: 1
ok 146 - extract() for 'y.tgz' reports success
# Extractor was: _untar_at
ok 147 - Found correct number of output files
ok 148 - Found correct output file 'y/z'
ok 149 - Output file '/home/Sasha/.cpan/build/Archive-Extract-0.08/t/out/y/z' exists
ok 150 - Extract dir found
ok 151 - Extract dir exists
ok 152 - Extract dir is expected '/home/Sasha/.cpan/build/Archive-Extract-0.08/t/out/y'
ok 153 - Output file successfully removed
ok 154 -    rmtree gave no error
ok 155 -    Extract dir succesfully removed
# Extracting x.par
ok 156 - The object isa Archive::Extract
ok 157 - Archive type recognized properly
# Extracting to: /home/Sasha/.cpan/build/Archive-Extract-0.08/t/out
# Buffers enabled: 1
ok 158 - extract() for 'x.par' reports success
# Extractor was: _unzip_az
ok 159 - Found correct number of output files
ok 160 - Found correct output file 'a'
ok 161 - Output file '/home/Sasha/.cpan/build/Archive-Extract-0.08/t/out/a' exists
ok 162 - Extract dir found
ok 163 - Extract dir exists
ok 164 - Extract dir is expected '/home/Sasha/.cpan/build/Archive-Extract-0.08/t/out'
ok 165 - Output file successfully removed
ok 166 -    rmtree gave no error
ok 167 -    Extract dir succesfully removed
# Extracting to: /home/Sasha/.cpan/build/Archive-Extract-0.08/t/out
# Buffers enabled: 1
ok 168 - extract() for 'x.par' reports success
# Extractor was: _unzip_az
ok 169 - Found correct number of output files
ok 170 - Found correct output file 'a'
ok 171 - Output file '/home/Sasha/.cpan/build/Archive-Extract-0.08/t/out/a' exists
ok 172 - Extract dir found
ok 173 - Extract dir exists
ok 174 - Extract dir is expected '/home/Sasha/.cpan/build/Archive-Extract-0.08/t/out'
ok 175 - Output file successfully removed
ok 176 -    rmtree gave no error
ok 177 -    Extract dir succesfully removed
# Extracting y.zip
ok 178 - The object isa Archive::Extract
ok 179 - Archive type recognized properly
# Extracting to: /home/Sasha/.cpan/build/Archive-Extract-0.08/t/out
# Buffers enabled: 1
ok 180 - extract() for 'y.zip' reports success
# Extractor was: _unzip_az
ok 181 - Found correct number of output files
ok 182 - Found correct output file 'y/z'
ok 183 - Output file '/home/Sasha/.cpan/build/Archive-Extract-0.08/t/out/y/z' exists
ok 184 - Extract dir found
ok 185 - Extract dir exists
ok 186 - Extract dir is expected '/home/Sasha/.cpan/build/Archive-Extract-0.08/t/out/y'
ok 187 - Output file successfully removed
ok 188 -    rmtree gave no error
ok 189 -    Extract dir succesfully removed
# Extracting to: /home/Sasha/.cpan/build/Archive-Extract-0.08/t/out
# Buffers enabled: 1
ok 190 - extract() for 'y.zip' reports success
# Extractor was: _unzip_az
ok 191 - Found correct number of output files
ok 192 - Found correct output file 'y/z'
ok 193 - Output file '/home/Sasha/.cpan/build/Archive-Extract-0.08/t/out/y/z' exists
ok 194 - Extract dir found
ok 195 - Extract dir exists
ok 196 - Extract dir is expected '/home/Sasha/.cpan/build/Archive-Extract-0.08/t/out/y'
ok 197 - Output file successfully removed
ok 198 -    rmtree gave no error
ok 199 -    Extract dir succesfully removed
# Extracting x.tar.gz
ok 200 - The object isa Archive::Extract
ok 201 - Archive type recognized properly
# Extracting to: /home/Sasha/.cpan/build/Archive-Extract-0.08/t/out
# Buffers enabled: 1
ok 202 - extract() for 'x.tar.gz' reports success
# Extractor was: _untar_at
ok 203 - Found correct number of output files
ok 204 - Found correct output file 'a'
ok 205 - Output file '/home/Sasha/.cpan/build/Archive-Extract-0.08/t/out/a' exists
ok 206 - Extract dir found
ok 207 - Extract dir exists
ok 208 - Extract dir is expected '/home/Sasha/.cpan/build/Archive-Extract-0.08/t/out'
ok 209 - Output file successfully removed
ok 210 -    rmtree gave no error
ok 211 -    Extract dir succesfully removed
# Extracting to: /home/Sasha/.cpan/build/Archive-Extract-0.08/t/out
# Buffers enabled: 1
ok 212 - extract() for 'x.tar.gz' reports success
# Extractor was: _untar_at
ok 213 - Found correct number of output files
ok 214 - Found correct output file 'a'
ok 215 - Output file '/home/Sasha/.cpan/build/Archive-Extract-0.08/t/out/a' exists
ok 216 - Extract dir found
ok 217 - Extract dir exists
ok 218 - Extract dir is expected '/home/Sasha/.cpan/build/Archive-Extract-0.08/t/out'
ok 219 - Output file successfully removed
ok 220 -    rmtree gave no error
ok 221 -    Extract dir succesfully removed
# Extracting y.tar
ok 222 - The object isa Archive::Extract
ok 223 - Archive type recognized properly
# Extracting to: /home/Sasha/.cpan/build/Archive-Extract-0.08/t/out
# Buffers enabled: 1
ok 224 - extract() for 'y.tar' reports success
# Extractor was: _untar_at
ok 225 - Found correct number of output files
ok 226 - Found correct output file 'y/z'
ok 227 - Output file '/home/Sasha/.cpan/build/Archive-Extract-0.08/t/out/y/z' exists
ok 228 - Extract dir found
ok 229 - Extract dir exists
ok 230 - Extract dir is expected '/home/Sasha/.cpan/build/Archive-Extract-0.08/t/out/y'
ok 231 - Output file successfully removed
ok 232 -    rmtree gave no error
ok 233 -    Extract dir succesfully removed
# Extracting to: /home/Sasha/.cpan/build/Archive-Extract-0.08/t/out
# Buffers enabled: 1
ok 234 - extract() for 'y.tar' reports success
# Extractor was: _untar_at
ok 235 - Found correct number of output files
ok 236 - Found correct output file 'y/z'
ok 237 - Output file '/home/Sasha/.cpan/build/Archive-Extract-0.08/t/out/y/z' exists
ok 238 - Extract dir found
ok 239 - Extract dir exists
ok 240 - Extract dir is expected '/home/Sasha/.cpan/build/Archive-Extract-0.08/t/out/y'
ok 241 - Output file successfully removed
ok 242 -    rmtree gave no error
ok 243 -    Extract dir succesfully removed
# Extracting x.zip
ok 244 - The object isa Archive::Extract
ok 245 - Archive type recognized properly
# Extracting to: /home/Sasha/.cpan/build/Archive-Extract-0.08/t/out
# Buffers enabled: 1
ok 246 - extract() for 'x.zip' reports success
# Extractor was: _unzip_az
ok 247 - Found correct number of output files
ok 248 - Found correct output file 'a'
ok 249 - Output file '/home/Sasha/.cpan/build/Archive-Extract-0.08/t/out/a' exists
ok 250 - Extract dir found
ok 251 - Extract dir exists
ok 252 - Extract dir is expected '/home/Sasha/.cpan/build/Archive-Extract-0.08/t/out'
ok 253 - Output file successfully removed
ok 254 -    rmtree gave no error
ok 255 -    Extract dir succesfully removed
# Extracting to: /home/Sasha/.cpan/build/Archive-Extract-0.08/t/out
# Buffers enabled: 1
ok 256 - extract() for 'x.zip' reports success
# Extractor was: _unzip_az
ok 257 - Found correct number of output files
ok 258 - Found correct output file 'a'
ok 259 - Output file '/home/Sasha/.cpan/build/Archive-Extract-0.08/t/out/a' exists
ok 260 - Extract dir found
ok 261 - Extract dir exists
ok 262 - Extract dir is expected '/home/Sasha/.cpan/build/Archive-Extract-0.08/t/out'
ok 263 - Output file successfully removed
ok 264 -    rmtree gave no error
ok 265 -    Extract dir succesfully removed
# Extracting x.tgz
ok 266 - The object isa Archive::Extract
ok 267 - Archive type recognized properly
# Extracting to: /home/Sasha/.cpan/build/Archive-Extract-0.08/t/out
# Buffers enabled: 1
ok 268 - extract() for 'x.tgz' reports success
# Extractor was: _untar_at
ok 269 - Found correct number of output files
ok 270 - Found correct output file 'a'
ok 271 - Output file '/home/Sasha/.cpan/build/Archive-Extract-0.08/t/out/a' exists
ok 272 - Extract dir found
ok 273 - Extract dir exists
ok 274 - Extract dir is expected '/home/Sasha/.cpan/build/Archive-Extract-0.08/t/out'
ok 275 - Output file successfully removed
ok 276 -    rmtree gave no error
ok 277 -    Extract dir succesfully removed
# Extracting to: /home/Sasha/.cpan/build/Archive-Extract-0.08/t/out
# Buffers enabled: 1
ok 278 - extract() for 'x.tgz' reports success
# Extractor was: _untar_at
ok 279 - Found correct number of output files
ok 280 - Found correct output file 'a'
ok 281 - Output file '/home/Sasha/.cpan/build/Archive-Extract-0.08/t/out/a' exists
ok 282 - Extract dir found
ok 283 - Extract dir exists
ok 284 - Extract dir is expected '/home/Sasha/.cpan/build/Archive-Extract-0.08/t/out'
ok 285 - Output file successfully removed
ok 286 -    rmtree gave no error
ok 287 -    Extract dir succesfully removed
# Extracting y.par
ok 288 - The object isa Archive::Extract
ok 289 - Archive type recognized properly
# Extracting to: /home/Sasha/.cpan/build/Archive-Extract-0.08/t/out
# Buffers enabled: 1
ok 290 - extract() for 'y.par' reports success
# Extractor was: _unzip_az
ok 291 - Found correct number of output files
ok 292 - Found correct output file 'y/z'
ok 293 - Output file '/home/Sasha/.cpan/build/Archive-Extract-0.08/t/out/y/z' exists
ok 294 - Extract dir found
ok 295 - Extract dir exists
ok 296 - Extract dir is expected '/home/Sasha/.cpan/build/Archive-Extract-0.08/t/out/y'
ok 297 - Output file successfully removed
ok 298 -    rmtree gave no error
ok 299 -    Extract dir succesfully removed
# Extracting to: /home/Sasha/.cpan/build/Archive-Extract-0.08/t/out
# Buffers enabled: 1
ok 300 - extract() for 'y.par' reports success
# Extractor was: _unzip_az
ok 301 - Found correct number of output files
ok 302 - Found correct output file 'y/z'
ok 303 - Output file '/home/Sasha/.cpan/build/Archive-Extract-0.08/t/out/y/z' exists
ok 304 - Extract dir found
ok 305 - Extract dir exists
ok 306 - Extract dir is expected '/home/Sasha/.cpan/build/Archive-Extract-0.08/t/out/y'
ok 307 - Output file successfully removed
ok 308 -    rmtree gave no error
ok 309 -    Extract dir succesfully removed
# Running extract with PREFER_BIN = 1
# Extracting y.tar.gz
ok 310 - The object isa Archive::Extract
ok 311 - Archive type recognized properly
# Extracting to: /home/Sasha/.cpan/build/Archive-Extract-0.08/t/out
# Buffers enabled: 1
No buffer captured, unable to tell extracted files or extraction dir for '/home/Sasha/.cpan/build/Archive-Extract-0.08/t/src/y.tar.gz' at ../lib/Archive/Extract.pm line 460
	Archive::Extract::_untar_bin('Archive::Extract=HASH(0x107109f4)') called at ../lib/Archive/Extract.pm line 414
	Archive::Extract::_untar('Archive::Extract=HASH(0x107109f4)') called at ../lib/Archive/Extract.pm line 298
	Archive::Extract::extract('Archive::Extract=HASH(0x107109f4)', 'to', '/home/Sasha/.cpan/build/Archive-Extract-0.08/t/out') called at t/01_Archive-Extract.t line 203
ok 312 - extract() for 'y.tar.gz' reports success
# Extractor was: _untar_bin
ok 313 # skip No buffers available
ok 314 # skip No buffers available
ok 315 # skip No buffers available
ok 316 # skip No buffers available
ok 317 # skip No buffers available
ok 318 # skip No buffers available
ok 319 - Output file successfully removed
No root path(s) specified
 at t/01_Archive-Extract.t line 234
	eval {...} called at t/01_Archive-Extract.t line 234
ok 320 -    rmtree gave no error
ok 321 -    Extract dir succesfully removed
# Extracting to: /home/Sasha/.cpan/build/Archive-Extract-0.08/t/out
# Buffers enabled: 
No buffer captured, unable to tell extracted files or extraction dir for '/home/Sasha/.cpan/build/Archive-Extract-0.08/t/src/y.tar.gz' at ../lib/Archive/Extract.pm line 460
	Archive::Extract::_untar_bin('Archive::Extract=HASH(0x107109f4)') called at ../lib/Archive/Extract.pm line 414
	Archive::Extract::_untar('Archive::Extract=HASH(0x107109f4)') called at ../lib/Archive/Extract.pm line 298
	Archive::Extract::extract('Archive::Extract=HASH(0x107109f4)', 'to', '/home/Sasha/.cpan/build/Archive-Extract-0.08/t/out') called at t/01_Archive-Extract.t line 203
ok 322 - extract() for 'y.tar.gz' reports success
# Extractor was: _untar_bin
ok 323 # skip No buffers available
ok 324 # skip No buffers available
ok 325 # skip No buffers available
ok 326 # skip No buffers available
ok 327 # skip No buffers available
ok 328 # skip No buffers available
ok 329 - Output file successfully removed
No root path(s) specified
 at t/01_Archive-Extract.t line 234
	eval {...} called at t/01_Archive-Extract.t line 234
ok 330 -    rmtree gave no error
ok 331 -    Extract dir succesfully removed
# Extracting x.gz
ok 332 - The object isa Archive::Extract
ok 333 - Archive type recognized properly
# Extracting to: /home/Sasha/.cpan/build/Archive-Extract-0.08/t/out/a
# Buffers enabled: 1
No buffer captured, unable to get content for '/home/Sasha/.cpan/build/Archive-Extract-0.08/t/src/x.gz' at ../lib/Archive/Extract.pm line 635
	Archive::Extract::_gunzip_bin('Archive::Extract=HASH(0x1072e07c)') called at ../lib/Archive/Extract.pm line 606
	Archive::Extract::_gunzip('Archive::Extract=HASH(0x1072e07c)') called at ../lib/Archive/Extract.pm line 298
	Archive::Extract::extract('Archive::Extract=HASH(0x1072e07c)', 'to', '/home/Sasha/.cpan/build/Archive-Extract-0.08/t/out/a') called at t/01_Archive-Extract.t line 203
ok 334 - extract() for 'x.gz' reports success
# Extractor was: _gunzip_bin
ok 335 # skip No buffers available
ok 336 # skip No buffers available
ok 337 # skip No buffers available
ok 338 # skip No buffers available
ok 339 # skip No buffers available
ok 340 # skip No buffers available
ok 341 - Output file successfully removed
ok 342 -    rmtree gave no error
ok 343 -    Extract dir succesfully removed
# Extracting to: /home/Sasha/.cpan/build/Archive-Extract-0.08/t/out/a
# Buffers enabled: 
No buffer captured, unable to get content for '/home/Sasha/.cpan/build/Archive-Extract-0.08/t/src/x.gz' at ../lib/Archive/Extract.pm line 635
	Archive::Extract::_gunzip_bin('Archive::Extract=HASH(0x1072e07c)') called at ../lib/Archive/Extract.pm line 606
	Archive::Extract::_gunzip('Archive::Extract=HASH(0x1072e07c)') called at ../lib/Archive/Extract.pm line 298
	Archive::Extract::extract('Archive::Extract=HASH(0x1072e07c)', 'to', '/home/Sasha/.cpan/build/Archive-Extract-0.08/t/out/a') called at t/01_Archive-Extract.t line 203
ok 344 - extract() for 'x.gz' reports success
# Extractor was: _gunzip_bin
ok 345 # skip No buffers available
ok 346 # skip No buffers available
ok 347 # skip No buffers available
ok 348 # skip No buffers available
ok 349 # skip No buffers available
ok 350 # skip No buffers available
ok 351 - Output file successfully removed
ok 352 -    rmtree gave no error
ok 353 -    Extract dir succesfully removed
# Extracting x.tar
ok 354 - The object isa Archive::Extract
ok 355 - Archive type recognized properly
# Extracting to: /home/Sasha/.cpan/build/Archive-Extract-0.08/t/out
# Buffers enabled: 1
No buffer captured, unable to tell extracted files or extraction dir for '/home/Sasha/.cpan/build/Archive-Extract-0.08/t/src/x.tar' at ../lib/Archive/Extract.pm line 460
	Archive::Extract::_untar_bin('Archive::Extract=HASH(0x1072e898)') called at ../lib/Archive/Extract.pm line 414
	Archive::Extract::_untar('Archive::Extract=HASH(0x1072e898)') called at ../lib/Archive/Extract.pm line 298
	Archive::Extract::extract('Archive::Extract=HASH(0x1072e898)', 'to', '/home/Sasha/.cpan/build/Archive-Extract-0.08/t/out') called at t/01_Archive-Extract.t line 203
ok 356 - extract() for 'x.tar' reports success
# Extractor was: _untar_bin
ok 357 # skip No buffers available
ok 358 # skip No buffers available
ok 359 # skip No buffers available
ok 360 # skip No buffers available
ok 361 # skip No buffers available
ok 362 # skip No buffers available
ok 363 - Output file successfully removed
No root path(s) specified
 at t/01_Archive-Extract.t line 234
	eval {...} called at t/01_Archive-Extract.t line 234
ok 364 -    rmtree gave no error
ok 365 -    Extract dir succesfully removed
# Extracting to: /home/Sasha/.cpan/build/Archive-Extract-0.08/t/out
# Buffers enabled: 
No buffer captured, unable to tell extracted files or extraction dir for '/home/Sasha/.cpan/build/Archive-Extract-0.08/t/src/x.tar' at ../lib/Archive/Extract.pm line 460
	Archive::Extract::_untar_bin('Archive::Extract=HASH(0x1072e898)') called at ../lib/Archive/Extract.pm line 414
	Archive::Extract::_untar('Archive::Extract=HASH(0x1072e898)') called at ../lib/Archive/Extract.pm line 298
	Archive::Extract::extract('Archive::Extract=HASH(0x1072e898)', 'to', '/home/Sasha/.cpan/build/Archive-Extract-0.08/t/out') called at t/01_Archive-Extract.t line 203
ok 366 - extract() for 'x.tar' reports success
# Extractor was: _untar_bin
ok 367 # skip No buffers available
ok 368 # skip No buffers available
ok 369 # skip No buffers available
ok 370 # skip No buffers available
ok 371 # skip No buffers available
ok 372 # skip No buffers available
ok 373 - Output file successfully removed
No root path(s) specified
 at t/01_Archive-Extract.t line 234
	eval {...} called at t/01_Archive-Extract.t line 234
ok 374 -    rmtree gave no error
ok 375 -    Extract dir succesfully removed
# Extracting double_dir.zip
ok 376 - The object isa Archive::Extract
ok 377 - Archive type recognized properly
# Extracting to: /home/Sasha/.cpan/build/Archive-Extract-0.08/t/out
# Buffers enabled: 1
No buffer captured, unable to tell extracted files or extraction dir for '/home/Sasha/.cpan/build/Archive-Extract-0.08/t/src/double_dir.zip' at ../lib/Archive/Extract.pm line 720
	Archive::Extract::_unzip_bin('Archive::Extract=HASH(0x1073354c)') called at ../lib/Archive/Extract.pm line 694
	Archive::Extract::_unzip('Archive::Extract=HASH(0x1073354c)') called at ../lib/Archive/Extract.pm line 298
	Archive::Extract::extract('Archive::Extract=HASH(0x1073354c)', 'to', '/home/Sasha/.cpan/build/Archive-Extract-0.08/t/out') called at t/01_Archive-Extract.t line 203
Can't use an undefined value as an ARRAY reference at ../lib/Archive/Extract.pm line 742.
1..377
# Looks like your test died just after 377.
