
Net-FTPSSL Version: 0.19_01

Perl: 5.008008  [5.8.8],  OS: linux

Server (port): ftp.storesonlinepro.com (990)

<<< 220 FTP Server Ready
>>> USER +++++++
<<< 3
<<< 31 User name accepted, password required.
>>> PASS *******
<<< 2
<<< 30-Welcome <++++++>
<<< 230 
>>> TYPE I
<<< 2
<<< 00 Type set to I.
>>> CWD /uploaded/links
<<< 2
<<< 50 CWD command successful.
>>> MKD /uploaded/links
<<< 2
<<< 57 "/uploaded/links" new directory created.
>>> CWD /uploaded/links
<<< 2
<<< 50 CWD command successful.
>>> PWD
<<< 2
<<< 57 "/uploaded/links/" is the current directory.
>>> PBSZ 0
<<< 2
<<< 00 Protection Buffer Size set: 0.
>>> PROT P
<<< 2
<<< 00 Protection Levet set: P.
>>> PBSZ 0
<<< 2
<<< 00 Protection Buffer Size set: 0.
>>> PROT P
<<< 2
<<< 00 Protection Levet set: P.
>>> PBSZ 0
<<< 2
<<< 00 Protection Buffer Size set: 0.
>>> PROT P
<<< 2
<<< 00 Protection Levet set: P.
>>> PBSZ 0
<<< 2
<<< 00 Protection Buffer Size set: 0.
>>> PROT P
<<< 2
<<< 00 Protection Levet set: P.
>>> PBSZ 0
<<< 2
<<< 00 Protection Buffer Size set: 0.
>>> PROT P
<<< 2
<<< 00 Protection Levet set: P.
>>> PBSZ 0
<<< 2
<<< 00 Protection Buffer Size set: 0.
>>> PROT P
<<< 2
<<< 00 Protection Levet set: P.
>>> PBSZ 0
<<< 2
<<< 00 Protection Buffer Size set: 0.
>>> PROT P
<<< 2
<<< 00 Protection Levet set: P.
>>> PBSZ 0
<<< 2
<<< 00 Protection Buffer Size set: 0.
>>> PROT P
<<< 2
<<< 00 Protection Levet set: P.
>>> PBSZ 0
<<< 2
<<< 00 Protection Buffer Size set: 0.
>>> PROT P
<<< 2
<<< 00 Protection Levet set: P.
>>> PBSZ 0
<<< 2
<<< 00 Protection Buffer Size set: 0.
>>> PROT P
<<< 2
<<< 00 Protection Levet set: P.
>>> PBSZ 0
<<< 2
<<< 00 Protection Buffer Size set: 0.
>>> PROT P
<<< 2
<<< 00 Protection Levet set: P.
>>> PBSZ 0
<<< 2
<<< 00 Protection Buffer Size set: 0.
>>> PROT P
<<< 2
<<< 00 Protection Levet set: P.
>>> PBSZ 0
<<< 2
<<< 00 Protection Buffer Size set: 0.
>>> PROT P
<<< 2
<<< 00 Protection Levet set: P.
>>> PBSZ 0
<<< 2
<<< 00 Protection Buffer Size set: 0.
>>> PROT P
<<< 2
<<< 00 Protection Levet set: P.
>>> PBSZ 0
<<< 2
<<< 00 Protection Buffer Size set: 0.
>>> PROT P
<<< 2
<<< 00 Protection Levet set: P.
>>> PBSZ 0
<<< 2
<<< 00 Protection Buffer Size set: 0.
>>> PROT P
<<< 2
<<< 00 Protection Levet set: P.
>>> PBSZ 0
<<< 2
<<< 00 Protection Buffer Size set: 0.
>>> PROT P
<<< 2
<<< 00 Protection Levet set: P.
>>> PBSZ 0
<<< 2
<<< 00 Protection Buffer Size set: 0.
>>> PROT P
<<< 2
<<< 00 Protection Levet set: P.
>>> QUIT
<<< 2
<<< 00 Goodbye.
