cpanm (App::cpanminus) 1.7042 on perl 5.010001 built for MSWin32-x86-multi-thread
Work directory is c:\home\tennis/.cpanm/work/1481975731.4692
You have make C:\Strawberry\c\bin\dmake.exe
You have LWP 5.837
Falling back to Archive::Tar 1.76
Searching Proc::FastSpawn () on cpanmetadb ...
--> Working on Proc::FastSpawn
Fetching http://www.cpan.org/authors/id/M/ML/MLEHMANN/Proc-FastSpawn-1.2.tar.gz
-> OK
Unpacking Proc-FastSpawn-1.2.tar.gz
Entering Proc-FastSpawn-1.2
Checking configure dependencies from META.json
Checking if you have ExtUtils::MakeMaker 6.58 ... Yes (6.98)
Configuring Proc-FastSpawn-1.2
Running Makefile.PL
Checking if your kit is complete...
Looks good
Generating a dmake-style Makefile
Writing Makefile for Proc::FastSpawn
Writing MYMETA.yml and MYMETA.json
-> OK
Checking dependencies from MYMETA.json ...
Checking if you have ExtUtils::MakeMaker 0 ... Yes (6.98)
Building and testing Proc-FastSpawn-1.2
cp FastSpawn.pm blib\lib\Proc\FastSpawn.pm
Running Mkbootstrap for Proc::FastSpawn ()
C:\Strawberry\perl\bin\perl.exe -MExtUtils::Command -e chmod -- 644 FastSpawn.bs
C:\Strawberry\perl\bin\perl.exe C:\home\tennis\perl5\lib\perl5\ExtUtils\xsubpp  -typemap C:\strawberry\perl\lib\ExtUtils\typemap  FastSpawn.xs > FastSpawn.xsc && C:\Strawberry\perl\bin\perl.exe -MExtUtils::Command -e mv -- FastSpawn.xsc FastSpawn.c
gcc -c   	-s -O2 -DWIN32 -DHAVE_DES_FCRYPT -DUSE_SITECUSTOMIZE -DPERL_IMPLICIT_CONTEXT -DPERL_IMPLICIT_SYS -fno-strict-aliasing -DPERL_MSVCRT_READFIX -s -O2 	  -DVERSION=\"1.2\" 	-DXS_VERSION=\"1.2\"  "-IC:\strawberry\perl\lib\CORE"   FastSpawn.c
FastSpawn.xs: In function `XS_Proc__FastSpawn_spawn':
FastSpawn.xs:100: warning: passing arg 3 of pointer to function from incompatible pointer type
FastSpawn.xs:100: warning: passing arg 4 of pointer to function from incompatible pointer type
C:\Strawberry\perl\bin\perl.exe -MExtUtils::Mksymlists \
     -e "Mksymlists('NAME'=>\"Proc::FastSpawn\", 'DLBASE' => 'FastSpawn', 'DL_FUNCS' => {  }, 'FUNCLIST' => [], 'IMPORTS' => {  }, 'DL_VARS' => []);"
dlltool --def FastSpawn.def --output-exp dll.exp
g++ -o blib\arch\auto\Proc\FastSpawn\FastSpawn.dll -Wl,--base-file -Wl,dll.base -mdll -s -L"C:\strawberry\perl\lib\CORE" -L"C:\strawberry\c\lib" FastSpawn.o   C:\strawberry\perl\lib\CORE\libperl510.a -lmoldname -lkernel32 -luser32 -lgdi32 -lwinspool -lcomdlg32 -ladvapi32 -lshell32 -lole32 -loleaut32 -lnetapi32 -luuid -lws2_32 -lmpr -lwinmm -lversion -lodbc32 -lodbccp32 dll.exp
FastSpawn.o:FastSpawn.c:(.text+0x512): undefined reference to `GetProcessId'
collect2: ld returned 1 exit status
dmake.exe:  Error code 129, while making 'blib\arch\auto\Proc\FastSpawn\FastSpawn.dll'
-> FAIL Installing Proc::FastSpawn failed. See C:\home\tennis\.cpanm\work\1481975731.4692\build.log for details. Retry with --force to force install it.
Expiring 2 work directories.
