# Older versions of Archive::Zip may cause File::Spec warnings
# See bug #19713 in rt.cpan.org. It is safe to ignore them
ok 1 - use Archive::Extract;
# IPC::Run enabled: 1 
# IPC::Run available: 0.81_01
# IPC::Run vesion: 0.81_01
# IPC::Open3 enabled: 1 
# IPC::Open3 available: 1.02
# IPC::Open3 vesion: 1.02
ok 2 - Archive::Extract->can('types')
ok 3 -    Got a list of types
ok 4 -    Object created based on 'tgz'
ok 5 -        No error logged
ok 6 -    Object created based on 'tar'
ok 7 -        No error logged
ok 8 -    Object created based on 'gz'
ok 9 -        No error logged
ok 10 -    Object created based on 'zip'
ok 11 -        No error logged
ok 12 -    Object created based on 'bz2'
ok 13 -        No error logged
ok 14 -    Object created based on 'tbz'
ok 15 -        No error logged
ok 16 -    Object created based on 'Z'
ok 17 -        No error logged
ok 18 -    Object created based on 'lzma'
ok 19 -        No error logged
ok 20 -    No archive created based on '01_Archive-Extract.t'
ok 21 -        Error not captured in class method
ok 22 -        Error captured as warning
ok 23 -            Error is: unknown file type
ok 24 - Archive created
ok 25 -    No errors yet
ok 26 -    Errors retrieved
ok 27 -        As expected
ok 28 -    Errors erased after ->extract() call
ok 29 - Found extraction dir 'C:\DOCUME~1\eshank\APPLIC~1\CPANPL~1\510~1.0\build\ARCHIV~1.30\t\src'
ok 30 -    Is expected dir 'C:\DOCUME~1\eshank\APPLIC~1\CPANPL~1\510~1.0\build\ARCHIV~1.30\t\src'
ok 31 - Found extraction dir 'C:\DOCUME~1\eshank\APPLIC~1\CPANPL~1\510~1.0\build\ARCHIV~1.30\t\src'
ok 32 -    Is expected dir 'C:\DOCUME~1\eshank\APPLIC~1\CPANPL~1\510~1.0\build\ARCHIV~1.30\t\src'
# Running extract with configuration: PP: 0 Bin: 1
# Extracting y.tar.gz in config PP: 0 Bin: 1
ok 33 - The object isa Archive::Extract
ok 34 - Archive type recognized properly
# Extracting to: C:\DOCUME~1\eshank\APPLIC~1\CPANPL~1\510~1.0\build\ARCHIV~1.30\t\out
# Buffers enabled: 1
ok 35 - extract() for 'y.tar.gz' reports success (PP: 0 Bin: 1)
# Extractor was: _untar_bin
ok 36 - No errors capturing buffers
ok 37 - Found correct number of output files
ok 38 - Found correct output file 'y/z'
ok 39 - Output file 'C:\DOCUME~1\eshank\APPLIC~1\CPANPL~1\510~1.0\build\ARCHIV~1.30\t\out\y\z' exists
ok 40 - Extract dir found
ok 41 - Extract dir exists
ok 42 - Extract dir is expected 'C:\DOCUME~1\eshank\APPLIC~1\CPANPL~1\510~1.0\build\ARCHIV~1.30\t\out\y'
ok 43 # skip Unlink tests are unreliable on Win32
ok 44 # skip Unlink tests are unreliable on Win32
ok 45 # skip Unlink tests are unreliable on Win32
# Extracting to: C:\DOCUME~1\eshank\APPLIC~1\CPANPL~1\510~1.0\build\ARCHIV~1.30\t\out
# Buffers enabled: 
No buffer captured, unable to tell extracted files or extraction dir for 'C:\DOCUME~1\eshank\APPLIC~1\CPANPL~1\510~1.0\build\ARCHIV~1.30\t\src\y.tar.gz' at t/01_Archive-Extract.t line 382
ok 46 # skip No buffers available
ok 47 # skip No buffers available
ok 48 # skip No buffers available
ok 49 # skip No buffers available
ok 50 # skip No buffers available
ok 51 # skip No buffers available
ok 52 # skip No buffers available
ok 53 # skip No buffers available
ok 54 # skip Unlink tests are unreliable on Win32
ok 55 # skip Unlink tests are unreliable on Win32
ok 56 # skip Unlink tests are unreliable on Win32
# Extracting double_dir.zip in config PP: 0 Bin: 1
ok 57 - The object isa Archive::Extract
ok 58 - Archive type recognized properly
# Extracting to: C:\DOCUME~1\eshank\APPLIC~1\CPANPL~1\510~1.0\build\ARCHIV~1.30\t\out
# Buffers enabled: 1
ok 59 - extract() for 'double_dir.zip' reports success (PP: 0 Bin: 1)
# Extractor was: _unzip_bin
ok 60 - No errors capturing buffers
ok 61 - Found correct number of output files
ok 62 - Found correct output file 'x/w'
ok 63 - Output file 'C:\DOCUME~1\eshank\APPLIC~1\CPANPL~1\510~1.0\build\ARCHIV~1.30\t\out\x\w' exists
ok 64 - Extract dir found
ok 65 - Extract dir exists
ok 66 - Extract dir is expected 'C:\DOCUME~1\eshank\APPLIC~1\CPANPL~1\510~1.0\build\ARCHIV~1.30\t\out\x'
ok 67 # skip Unlink tests are unreliable on Win32
ok 68 # skip Unlink tests are unreliable on Win32
ok 69 # skip Unlink tests are unreliable on Win32
# Extracting to: C:\DOCUME~1\eshank\APPLIC~1\CPANPL~1\510~1.0\build\ARCHIV~1.30\t\out
# Buffers enabled: 
No buffer captured, unable to tell extracted files or extraction dir for 'C:\DOCUME~1\eshank\APPLIC~1\CPANPL~1\510~1.0\build\ARCHIV~1.30\t\src\double_dir.zip' at t/01_Archive-Extract.t line 382
ok 70 # skip No buffers available
ok 71 # skip No buffers available
ok 72 # skip No buffers available
ok 73 # skip No buffers available
ok 74 # skip No buffers available
ok 75 # skip No buffers available
ok 76 # skip No buffers available
ok 77 # skip No buffers available
ok 78 # skip Unlink tests are unreliable on Win32
ok 79 # skip Unlink tests are unreliable on Win32
ok 80 # skip Unlink tests are unreliable on Win32
# Extracting y.jar in config PP: 0 Bin: 1
ok 81 - The object isa Archive::Extract
ok 82 - Archive type recognized properly
# Extracting to: C:\DOCUME~1\eshank\APPLIC~1\CPANPL~1\510~1.0\build\ARCHIV~1.30\t\out
# Buffers enabled: 1
ok 83 - extract() for 'y.jar' reports success (PP: 0 Bin: 1)
# Extractor was: _unzip_bin
ok 84 - No errors capturing buffers
ok 85 - Found correct number of output files
ok 86 - Found correct output file 'y/z'
ok 87 - Output file 'C:\DOCUME~1\eshank\APPLIC~1\CPANPL~1\510~1.0\build\ARCHIV~1.30\t\out\y\z' exists
ok 88 - Extract dir found
ok 89 - Extract dir exists
ok 90 - Extract dir is expected 'C:\DOCUME~1\eshank\APPLIC~1\CPANPL~1\510~1.0\build\ARCHIV~1.30\t\out\y'
ok 91 # skip Unlink tests are unreliable on Win32
ok 92 # skip Unlink tests are unreliable on Win32
ok 93 # skip Unlink tests are unreliable on Win32
# Extracting to: C:\DOCUME~1\eshank\APPLIC~1\CPANPL~1\510~1.0\build\ARCHIV~1.30\t\out
# Buffers enabled: 
No buffer captured, unable to tell extracted files or extraction dir for 'C:\DOCUME~1\eshank\APPLIC~1\CPANPL~1\510~1.0\build\ARCHIV~1.30\t\src\y.jar' at t/01_Archive-Extract.t line 382
ok 94 # skip No buffers available
ok 95 # skip No buffers available
ok 96 # skip No buffers available
ok 97 # skip No buffers available
ok 98 # skip No buffers available
ok 99 # skip No buffers available
ok 100 # skip No buffers available
ok 101 # skip No buffers available
ok 102 # skip Unlink tests are unreliable on Win32
ok 103 # skip Unlink tests are unreliable on Win32
ok 104 # skip Unlink tests are unreliable on Win32
# Extracting x.bz2 in config PP: 0 Bin: 1
ok 105 - The object isa Archive::Extract
ok 106 - Archive type recognized properly
# Extracting to: C:\DOCUME~1\eshank\APPLIC~1\CPANPL~1\510~1.0\build\ARCHIV~1.30\t\out\a
# Buffers enabled: 1
ok 107 - extract() for 'x.bz2' reports success (PP: 0 Bin: 1)
# Extractor was: _bunzip2_bin
ok 108 - No errors capturing buffers
ok 109 - Found correct number of output files
ok 110 - Found correct output file 'a'
ok 111 - Output file 'C:\DOCUME~1\eshank\APPLIC~1\CPANPL~1\510~1.0\build\ARCHIV~1.30\t\out\a' exists
ok 112 - Extract dir found
ok 113 - Extract dir exists
ok 114 - Extract dir is expected 'C:\DOCUME~1\eshank\APPLIC~1\CPANPL~1\510~1.0\build\ARCHIV~1.30\t\out'
ok 115 # skip Unlink tests are unreliable on Win32
ok 116 # skip Unlink tests are unreliable on Win32
ok 117 # skip Unlink tests are unreliable on Win32
# Extracting to: C:\DOCUME~1\eshank\APPLIC~1\CPANPL~1\510~1.0\build\ARCHIV~1.30\t\out\a
# Buffers enabled: 
No buffer captured, unable to get content for 'C:\DOCUME~1\eshank\APPLIC~1\CPANPL~1\510~1.0\build\ARCHIV~1.30\t\src\x.bz2' at t/01_Archive-Extract.t line 382
ok 118 # skip No buffers available
ok 119 # skip No buffers available
ok 120 # skip No buffers available
ok 121 # skip No buffers available
ok 122 # skip No buffers available
ok 123 # skip No buffers available
ok 124 # skip No buffers available
ok 125 # skip No buffers available
ok 126 # skip Unlink tests are unreliable on Win32
ok 127 # skip Unlink tests are unreliable on Win32
ok 128 # skip Unlink tests are unreliable on Win32
# Extracting y.tgz in config PP: 0 Bin: 1
ok 129 - The object isa Archive::Extract
ok 130 - Archive type recognized properly
# Extracting to: C:\DOCUME~1\eshank\APPLIC~1\CPANPL~1\510~1.0\build\ARCHIV~1.30\t\out
# Buffers enabled: 1
ok 131 - extract() for 'y.tgz' reports success (PP: 0 Bin: 1)
# Extractor was: _untar_bin
ok 132 - No errors capturing buffers
ok 133 - Found correct number of output files
ok 134 - Found correct output file 'y/z'
ok 135 - Output file 'C:\DOCUME~1\eshank\APPLIC~1\CPANPL~1\510~1.0\build\ARCHIV~1.30\t\out\y\z' exists
ok 136 - Extract dir found
ok 137 - Extract dir exists
ok 138 - Extract dir is expected 'C:\DOCUME~1\eshank\APPLIC~1\CPANPL~1\510~1.0\build\ARCHIV~1.30\t\out\y'
ok 139 # skip Unlink tests are unreliable on Win32
ok 140 # skip Unlink tests are unreliable on Win32
ok 141 # skip Unlink tests are unreliable on Win32
# Extracting to: C:\DOCUME~1\eshank\APPLIC~1\CPANPL~1\510~1.0\build\ARCHIV~1.30\t\out
# Buffers enabled: 
No buffer captured, unable to tell extracted files or extraction dir for 'C:\DOCUME~1\eshank\APPLIC~1\CPANPL~1\510~1.0\build\ARCHIV~1.30\t\src\y.tgz' at t/01_Archive-Extract.t line 382
ok 142 # skip No buffers available
ok 143 # skip No buffers available
ok 144 # skip No buffers available
ok 145 # skip No buffers available
ok 146 # skip No buffers available
ok 147 # skip No buffers available
ok 148 # skip No buffers available
ok 149 # skip No buffers available
ok 150 # skip Unlink tests are unreliable on Win32
ok 151 # skip Unlink tests are unreliable on Win32
ok 152 # skip Unlink tests are unreliable on Win32
# Extracting y.zip in config PP: 0 Bin: 1
ok 153 - The object isa Archive::Extract
ok 154 - Archive type recognized properly
# Extracting to: C:\DOCUME~1\eshank\APPLIC~1\CPANPL~1\510~1.0\build\ARCHIV~1.30\t\out
# Buffers enabled: 1
ok 155 - extract() for 'y.zip' reports success (PP: 0 Bin: 1)
# Extractor was: _unzip_bin
ok 156 - No errors capturing buffers
ok 157 - Found correct number of output files
ok 158 - Found correct output file 'y/z'
ok 159 - Output file 'C:\DOCUME~1\eshank\APPLIC~1\CPANPL~1\510~1.0\build\ARCHIV~1.30\t\out\y\z' exists
ok 160 - Extract dir found
ok 161 - Extract dir exists
ok 162 - Extract dir is expected 'C:\DOCUME~1\eshank\APPLIC~1\CPANPL~1\510~1.0\build\ARCHIV~1.30\t\out\y'
ok 163 # skip Unlink tests are unreliable on Win32
ok 164 # skip Unlink tests are unreliable on Win32
ok 165 # skip Unlink tests are unreliable on Win32
# Extracting to: C:\DOCUME~1\eshank\APPLIC~1\CPANPL~1\510~1.0\build\ARCHIV~1.30\t\out
# Buffers enabled: 
No buffer captured, unable to tell extracted files or extraction dir for 'C:\DOCUME~1\eshank\APPLIC~1\CPANPL~1\510~1.0\build\ARCHIV~1.30\t\src\y.zip' at t/01_Archive-Extract.t line 382
ok 166 # skip No buffers available
ok 167 # skip No buffers available
ok 168 # skip No buffers available
ok 169 # skip No buffers available
ok 170 # skip No buffers available
ok 171 # skip No buffers available
ok 172 # skip No buffers available
ok 173 # skip No buffers available
ok 174 # skip Unlink tests are unreliable on Win32
ok 175 # skip Unlink tests are unreliable on Win32
ok 176 # skip Unlink tests are unreliable on Win32
# Extracting x.tar.gz in config PP: 0 Bin: 1
ok 177 - The object isa Archive::Extract
ok 178 - Archive type recognized properly
# Extracting to: C:\DOCUME~1\eshank\APPLIC~1\CPANPL~1\510~1.0\build\ARCHIV~1.30\t\out
# Buffers enabled: 1
ok 179 - extract() for 'x.tar.gz' reports success (PP: 0 Bin: 1)
# Extractor was: _untar_bin
ok 180 - No errors capturing buffers
ok 181 - Found correct number of output files
ok 182 - Found correct output file 'a'
ok 183 - Output file 'C:\DOCUME~1\eshank\APPLIC~1\CPANPL~1\510~1.0\build\ARCHIV~1.30\t\out\a' exists
ok 184 - Extract dir found
ok 185 - Extract dir exists
ok 186 - Extract dir is expected 'C:\DOCUME~1\eshank\APPLIC~1\CPANPL~1\510~1.0\build\ARCHIV~1.30\t\out'
ok 187 # skip Unlink tests are unreliable on Win32
ok 188 # skip Unlink tests are unreliable on Win32
ok 189 # skip Unlink tests are unreliable on Win32
# Extracting to: C:\DOCUME~1\eshank\APPLIC~1\CPANPL~1\510~1.0\build\ARCHIV~1.30\t\out
# Buffers enabled: 
No buffer captured, unable to tell extracted files or extraction dir for 'C:\DOCUME~1\eshank\APPLIC~1\CPANPL~1\510~1.0\build\ARCHIV~1.30\t\src\x.tar.gz' at t/01_Archive-Extract.t line 382
ok 190 # skip No buffers available
ok 191 # skip No buffers available
ok 192 # skip No buffers available
ok 193 # skip No buffers available
ok 194 # skip No buffers available
ok 195 # skip No buffers available
ok 196 # skip No buffers available
ok 197 # skip No buffers available
ok 198 # skip Unlink tests are unreliable on Win32
ok 199 # skip Unlink tests are unreliable on Win32
ok 200 # skip Unlink tests are unreliable on Win32
# Extracting y.tar in config PP: 0 Bin: 1
ok 201 - The object isa Archive::Extract
ok 202 - Archive type recognized properly
# Extracting to: C:\DOCUME~1\eshank\APPLIC~1\CPANPL~1\510~1.0\build\ARCHIV~1.30\t\out
# Buffers enabled: 1
Error listing contents of archive 'C:\DOCUME~1\eshank\APPLIC~1\CPANPL~1\510~1.0\build\ARCHIV~1.30\t\src\y.tar': /usr/bin/tar: Cannot execute remote shell: No such file or directory
/usr/bin/tar: C\:\\DOCUME~1\\eshank\\APPLIC~1\\CPANPL~1\\510~1.0\\build\\ARCHIV~1.30\\t\\src\\y.tar: Cannot open: Input/Output error
/usr/bin/tar: Error is not recoverable: exiting now
 at t/01_Archive-Extract.t line 382
Extract failed due to errors at t/01_Archive-Extract.t line 382
not ok 203 - extract() for 'y.tar' reports success (PP: 0 Bin: 1)
#   Failed test 'extract() for 'y.tar' reports success (PP: 0 Bin: 1)'
#   at t/01_Archive-Extract.t line 398.
# Extractor was: 
ok 204 - No errors capturing buffers
not ok 205 - Found correct number of output files
#   Failed test 'Found correct number of output files'
#   at t/01_Archive-Extract.t line 411.
#          got: '0'
#     expected: '2'
not ok 206 - Found correct output file 'y/z'
#   Failed test 'Found correct output file 'y/z''
#   at t/01_Archive-Extract.t line 418.
#          got: undef
#     expected: 'y/z'
ok 207 - Output file 'C:\DOCUME~1\eshank\APPLIC~1\CPANPL~1\510~1.0\build\ARCHIV~1.30\t\out\y\z' exists
not ok 208 - Extract dir found
#   Failed test 'Extract dir found'
#   at t/01_Archive-Extract.t line 423.
not ok 209 - Extract dir exists
#   Failed test 'Extract dir exists'
#   at t/01_Archive-Extract.t line 425.
not ok 210 - Extract dir is expected 'C:\DOCUME~1\eshank\APPLIC~1\CPANPL~1\510~1.0\build\ARCHIV~1.30\t\out\y'
#   Failed test 'Extract dir is expected 'C:\DOCUME~1\eshank\APPLIC~1\CPANPL~1\510~1.0\build\ARCHIV~1.30\t\out\y''
#   at t/01_Archive-Extract.t line 427.
#          got: undef
#     expected: 'C:\DOCUME~1\eshank\APPLIC~1\CPANPL~1\510~1.0\build\ARCHIV~1.30\t\out\y'
ok 211 # skip Unlink tests are unreliable on Win32
ok 212 # skip Unlink tests are unreliable on Win32
ok 213 # skip Unlink tests are unreliable on Win32
# Extracting to: C:\DOCUME~1\eshank\APPLIC~1\CPANPL~1\510~1.0\build\ARCHIV~1.30\t\out
# Buffers enabled: 
Error listing contents of archive 'C:\DOCUME~1\eshank\APPLIC~1\CPANPL~1\510~1.0\build\ARCHIV~1.30\t\src\y.tar':  at t/01_Archive-Extract.t line 382
Extract failed due to errors at t/01_Archive-Extract.t line 382
not ok 214 - extract() for 'y.tar' reports success (PP: 0 Bin: 1)
#   Failed test 'extract() for 'y.tar' reports success (PP: 0 Bin: 1)'
#   at t/01_Archive-Extract.t line 398.
# Extractor was: 
ok 215 - No errors capturing buffers
not ok 216 - Found correct number of output files
#   Failed test 'Found correct number of output files'
#   at t/01_Archive-Extract.t line 411.
#          got: '0'
#     expected: '2'
not ok 217 - Found correct output file 'y/z'
#   Failed test 'Found correct output file 'y/z''
#   at t/01_Archive-Extract.t line 418.
#          got: undef
#     expected: 'y/z'
ok 218 - Output file 'C:\DOCUME~1\eshank\APPLIC~1\CPANPL~1\510~1.0\build\ARCHIV~1.30\t\out\y\z' exists
not ok 219 - Extract dir found
#   Failed test 'Extract dir found'
#   at t/01_Archive-Extract.t line 423.
not ok 220 - Extract dir exists
#   Failed test 'Extract dir exists'
#   at t/01_Archive-Extract.t line 425.
not ok 221 - Extract dir is expected 'C:\DOCUME~1\eshank\APPLIC~1\CPANPL~1\510~1.0\build\ARCHIV~1.30\t\out\y'
#   Failed test 'Extract dir is expected 'C:\DOCUME~1\eshank\APPLIC~1\CPANPL~1\510~1.0\build\ARCHIV~1.30\t\out\y''
#   at t/01_Archive-Extract.t line 427.
#          got: undef
#     expected: 'C:\DOCUME~1\eshank\APPLIC~1\CPANPL~1\510~1.0\build\ARCHIV~1.30\t\out\y'
ok 222 # skip Unlink tests are unreliable on Win32
ok 223 # skip Unlink tests are unreliable on Win32
ok 224 # skip Unlink tests are unreliable on Win32
# Extracting x.tgz in config PP: 0 Bin: 1
ok 225 - The object isa Archive::Extract
ok 226 - Archive type recognized properly
# Extracting to: C:\DOCUME~1\eshank\APPLIC~1\CPANPL~1\510~1.0\build\ARCHIV~1.30\t\out
# Buffers enabled: 1
ok 227 - extract() for 'x.tgz' reports success (PP: 0 Bin: 1)
# Extractor was: _untar_bin
ok 228 - No errors capturing buffers
ok 229 - Found correct number of output files
ok 230 - Found correct output file 'a'
ok 231 - Output file 'C:\DOCUME~1\eshank\APPLIC~1\CPANPL~1\510~1.0\build\ARCHIV~1.30\t\out\a' exists
ok 232 - Extract dir found
ok 233 - Extract dir exists
ok 234 - Extract dir is expected 'C:\DOCUME~1\eshank\APPLIC~1\CPANPL~1\510~1.0\build\ARCHIV~1.30\t\out'
ok 235 # skip Unlink tests are unreliable on Win32
ok 236 # skip Unlink tests are unreliable on Win32
ok 237 # skip Unlink tests are unreliable on Win32
# Extracting to: C:\DOCUME~1\eshank\APPLIC~1\CPANPL~1\510~1.0\build\ARCHIV~1.30\t\out
# Buffers enabled: 
No buffer captured, unable to tell extracted files or extraction dir for 'C:\DOCUME~1\eshank\APPLIC~1\CPANPL~1\510~1.0\build\ARCHIV~1.30\t\src\x.tgz' at t/01_Archive-Extract.t line 382
ok 238 # skip No buffers available
ok 239 # skip No buffers available
ok 240 # skip No buffers available
ok 241 # skip No buffers available
ok 242 # skip No buffers available
ok 243 # skip No buffers available
ok 244 # skip No buffers available
ok 245 # skip No buffers available
ok 246 # skip Unlink tests are unreliable on Win32
ok 247 # skip Unlink tests are unreliable on Win32
ok 248 # skip Unlink tests are unreliable on Win32
# Extracting y.par in config PP: 0 Bin: 1
ok 249 - The object isa Archive::Extract
ok 250 - Archive type recognized properly
# Extracting to: C:\DOCUME~1\eshank\APPLIC~1\CPANPL~1\510~1.0\build\ARCHIV~1.30\t\out
# Buffers enabled: 1
ok 251 - extract() for 'y.par' reports success (PP: 0 Bin: 1)
# Extractor was: _unzip_bin
ok 252 - No errors capturing buffers
ok 253 - Found correct number of output files
ok 254 - Found correct output file 'y/z'
ok 255 - Output file 'C:\DOCUME~1\eshank\APPLIC~1\CPANPL~1\510~1.0\build\ARCHIV~1.30\t\out\y\z' exists
ok 256 - Extract dir found
ok 257 - Extract dir exists
ok 258 - Extract dir is expected 'C:\DOCUME~1\eshank\APPLIC~1\CPANPL~1\510~1.0\build\ARCHIV~1.30\t\out\y'
ok 259 # skip Unlink tests are unreliable on Win32
ok 260 # skip Unlink tests are unreliable on Win32
ok 261 # skip Unlink tests are unreliable on Win32
# Extracting to: C:\DOCUME~1\eshank\APPLIC~1\CPANPL~1\510~1.0\build\ARCHIV~1.30\t\out
# Buffers enabled: 
No buffer captured, unable to tell extracted files or extraction dir for 'C:\DOCUME~1\eshank\APPLIC~1\CPANPL~1\510~1.0\build\ARCHIV~1.30\t\src\y.par' at t/01_Archive-Extract.t line 382
ok 262 # skip No buffers available
ok 263 # skip No buffers available
ok 264 # skip No buffers available
ok 265 # skip No buffers available
ok 266 # skip No buffers available
ok 267 # skip No buffers available
ok 268 # skip No buffers available
ok 269 # skip No buffers available
ok 270 # skip Unlink tests are unreliable on Win32
ok 271 # skip Unlink tests are unreliable on Win32
ok 272 # skip Unlink tests are unreliable on Win32
# Extracting y.tbz in config PP: 0 Bin: 1
ok 273 - The object isa Archive::Extract
ok 274 - Archive type recognized properly
# Extracting to: C:\DOCUME~1\eshank\APPLIC~1\CPANPL~1\510~1.0\build\ARCHIV~1.30\t\out
# Buffers enabled: 1
Error listing contents of archive 'C:\DOCUME~1\eshank\APPLIC~1\CPANPL~1\510~1.0\build\ARCHIV~1.30\t\src\y.tbz':  at t/01_Archive-Extract.t line 382
Extract failed due to errors at t/01_Archive-Extract.t line 382
not ok 275 - extract() for 'y.tbz' reports success (PP: 0 Bin: 1)
#   Failed test 'extract() for 'y.tbz' reports success (PP: 0 Bin: 1)'
#   at t/01_Archive-Extract.t line 398.
# Extractor was: 
ok 276 - No errors capturing buffers
not ok 277 - Found correct number of output files
#   Failed test 'Found correct number of output files'
#   at t/01_Archive-Extract.t line 411.
#          got: '0'
#     expected: '2'
not ok 278 - Found correct output file 'y/z'
#   Failed test 'Found correct output file 'y/z''
#   at t/01_Archive-Extract.t line 418.
#          got: undef
#     expected: 'y/z'
ok 279 - Output file 'C:\DOCUME~1\eshank\APPLIC~1\CPANPL~1\510~1.0\build\ARCHIV~1.30\t\out\y\z' exists
not ok 280 - Extract dir found
#   Failed test 'Extract dir found'
#   at t/01_Archive-Extract.t line 423.
not ok 281 - Extract dir exists
#   Failed test 'Extract dir exists'
#   at t/01_Archive-Extract.t line 425.
not ok 282 - Extract dir is expected 'C:\DOCUME~1\eshank\APPLIC~1\CPANPL~1\510~1.0\build\ARCHIV~1.30\t\out\y'
#   Failed test 'Extract dir is expected 'C:\DOCUME~1\eshank\APPLIC~1\CPANPL~1\510~1.0\build\ARCHIV~1.30\t\out\y''
#   at t/01_Archive-Extract.t line 427.
#          got: undef
#     expected: 'C:\DOCUME~1\eshank\APPLIC~1\CPANPL~1\510~1.0\build\ARCHIV~1.30\t\out\y'
ok 283 # skip Unlink tests are unreliable on Win32
ok 284 # skip Unlink tests are unreliable on Win32
ok 285 # skip Unlink tests are unreliable on Win32
# Extracting to: C:\DOCUME~1\eshank\APPLIC~1\CPANPL~1\510~1.0\build\ARCHIV~1.30\t\out
# Buffers enabled: 
No buffer captured, unable to tell extracted files or extraction dir for 'C:\DOCUME~1\eshank\APPLIC~1\CPANPL~1\510~1.0\build\ARCHIV~1.30\t\src\y.tbz' at t/01_Archive-Extract.t line 382
ok 286 # skip No buffers available
ok 287 # skip No buffers available
ok 288 # skip No buffers available
ok 289 # skip No buffers available
ok 290 # skip No buffers available
ok 291 # skip No buffers available
ok 292 # skip No buffers available
ok 293 # skip No buffers available
ok 294 # skip Unlink tests are unreliable on Win32
ok 295 # skip Unlink tests are unreliable on Win32
ok 296 # skip Unlink tests are unreliable on Win32
# Extracting x.Z in config PP: 0 Bin: 1
ok 297 - The object isa Archive::Extract
ok 298 - Archive type recognized properly
ok 299 # skip No binaries or modules to extract x.Z
ok 300 # skip No binaries or modules to extract x.Z
ok 301 # skip No binaries or modules to extract x.Z
ok 302 # skip No binaries or modules to extract x.Z
ok 303 # skip No binaries or modules to extract x.Z
ok 304 # skip No binaries or modules to extract x.Z
ok 305 # skip No binaries or modules to extract x.Z
ok 306 # skip No binaries or modules to extract x.Z
ok 307 # skip No binaries or modules to extract x.Z
ok 308 # skip No binaries or modules to extract x.Z
# Extracting x.tar in config PP: 0 Bin: 1
ok 309 - The object isa Archive::Extract
ok 310 - Archive type recognized properly
# Extracting to: C:\DOCUME~1\eshank\APPLIC~1\CPANPL~1\510~1.0\build\ARCHIV~1.30\t\out
# Buffers enabled: 1
Error listing contents of archive 'C:\DOCUME~1\eshank\APPLIC~1\CPANPL~1\510~1.0\build\ARCHIV~1.30\t\src\x.tar': /usr/bin/tar: Cannot execute remote shell: No such file or directory
/usr/bin/tar: C\:\\DOCUME~1\\eshank\\APPLIC~1\\CPANPL~1\\510~1.0\\build\\ARCHIV~1.30\\t\\src\\x.tar: Cannot open: Input/Output error
/usr/bin/tar: Error is not recoverable: exiting now
 at t/01_Archive-Extract.t line 382
Extract failed due to errors at t/01_Archive-Extract.t line 382
not ok 311 - extract() for 'x.tar' reports success (PP: 0 Bin: 1)
#   Failed test 'extract() for 'x.tar' reports success (PP: 0 Bin: 1)'
#   at t/01_Archive-Extract.t line 398.
# Extractor was: 
ok 312 - No errors capturing buffers
not ok 313 - Found correct number of output files
#   Failed test 'Found correct number of output files'
#   at t/01_Archive-Extract.t line 411.
#          got: '0'
#     expected: '1'
not ok 314 - Found correct output file 'a'
#   Failed test 'Found correct output file 'a''
#   at t/01_Archive-Extract.t line 418.
#          got: undef
#     expected: 'a'
ok 315 - Output file 'C:\DOCUME~1\eshank\APPLIC~1\CPANPL~1\510~1.0\build\ARCHIV~1.30\t\out\a' exists
not ok 316 - Extract dir found
#   Failed test 'Extract dir found'
#   at t/01_Archive-Extract.t line 423.
not ok 317 - Extract dir exists
#   Failed test 'Extract dir exists'
#   at t/01_Archive-Extract.t line 425.
not ok 318 - Extract dir is expected 'C:\DOCUME~1\eshank\APPLIC~1\CPANPL~1\510~1.0\build\ARCHIV~1.30\t\out'
#   Failed test 'Extract dir is expected 'C:\DOCUME~1\eshank\APPLIC~1\CPANPL~1\510~1.0\build\ARCHIV~1.30\t\out''
#   at t/01_Archive-Extract.t line 427.
#          got: undef
#     expected: 'C:\DOCUME~1\eshank\APPLIC~1\CPANPL~1\510~1.0\build\ARCHIV~1.30\t\out'
ok 319 # skip Unlink tests are unreliable on Win32
ok 320 # skip Unlink tests are unreliable on Win32
ok 321 # skip Unlink tests are unreliable on Win32
# Extracting to: C:\DOCUME~1\eshank\APPLIC~1\CPANPL~1\510~1.0\build\ARCHIV~1.30\t\out
# Buffers enabled: 
Error listing contents of archive 'C:\DOCUME~1\eshank\APPLIC~1\CPANPL~1\510~1.0\build\ARCHIV~1.30\t\src\x.tar':  at t/01_Archive-Extract.t line 382
Extract failed due to errors at t/01_Archive-Extract.t line 382
not ok 322 - extract() for 'x.tar' reports success (PP: 0 Bin: 1)
#   Failed test 'extract() for 'x.tar' reports success (PP: 0 Bin: 1)'
#   at t/01_Archive-Extract.t line 398.
# Extractor was: 
ok 323 - No errors capturing buffers
not ok 324 - Found correct number of output files
#   Failed test 'Found correct number of output files'
#   at t/01_Archive-Extract.t line 411.
#          got: '0'
#     expected: '1'
not ok 325 - Found correct output file 'a'
#   Failed test 'Found correct output file 'a''
#   at t/01_Archive-Extract.t line 418.
#          got: undef
#     expected: 'a'
ok 326 - Output file 'C:\DOCUME~1\eshank\APPLIC~1\CPANPL~1\510~1.0\build\ARCHIV~1.30\t\out\a' exists
not ok 327 - Extract dir found
#   Failed test 'Extract dir found'
#   at t/01_Archive-Extract.t line 423.
not ok 328 - Extract dir exists
#   Failed test 'Extract dir exists'
#   at t/01_Archive-Extract.t line 425.
not ok 329 - Extract dir is expected 'C:\DOCUME~1\eshank\APPLIC~1\CPANPL~1\510~1.0\build\ARCHIV~1.30\t\out'
#   Failed test 'Extract dir is expected 'C:\DOCUME~1\eshank\APPLIC~1\CPANPL~1\510~1.0\build\ARCHIV~1.30\t\out''
#   at t/01_Archive-Extract.t line 427.
#          got: undef
#     expected: 'C:\DOCUME~1\eshank\APPLIC~1\CPANPL~1\510~1.0\build\ARCHIV~1.30\t\out'
ok 330 # skip Unlink tests are unreliable on Win32
ok 331 # skip Unlink tests are unreliable on Win32
ok 332 # skip Unlink tests are unreliable on Win32
# Extracting x.gz in config PP: 0 Bin: 1
ok 333 - The object isa Archive::Extract
ok 334 - Archive type recognized properly
# Extracting to: C:\DOCUME~1\eshank\APPLIC~1\CPANPL~1\510~1.0\build\ARCHIV~1.30\t\out\a
# Buffers enabled: 1
ok 335 - extract() for 'x.gz' reports success (PP: 0 Bin: 1)
# Extractor was: _gunzip_bin
ok 336 - No errors capturing buffers
ok 337 - Found correct number of output files
ok 338 - Found correct output file 'a'
ok 339 - Output file 'C:\DOCUME~1\eshank\APPLIC~1\CPANPL~1\510~1.0\build\ARCHIV~1.30\t\out\a' exists
ok 340 - Extract dir found
ok 341 - Extract dir exists
ok 342 - Extract dir is expected 'C:\DOCUME~1\eshank\APPLIC~1\CPANPL~1\510~1.0\build\ARCHIV~1.30\t\out'
ok 343 # skip Unlink tests are unreliable on Win32
ok 344 # skip Unlink tests are unreliable on Win32
ok 345 # skip Unlink tests are unreliable on Win32
# Extracting to: C:\DOCUME~1\eshank\APPLIC~1\CPANPL~1\510~1.0\build\ARCHIV~1.30\t\out\a
# Buffers enabled: 
No buffer captured, unable to get content for 'C:\DOCUME~1\eshank\APPLIC~1\CPANPL~1\510~1.0\build\ARCHIV~1.30\t\src\x.gz' at t/01_Archive-Extract.t line 382
ok 346 # skip No buffers available
ok 347 # skip No buffers available
ok 348 # skip No buffers available
ok 349 # skip No buffers available
ok 350 # skip No buffers available
ok 351 # skip No buffers available
ok 352 # skip No buffers available
ok 353 # skip No buffers available
ok 354 # skip Unlink tests are unreliable on Win32
ok 355 # skip Unlink tests are unreliable on Win32
ok 356 # skip Unlink tests are unreliable on Win32
# Extracting x.jar in config PP: 0 Bin: 1
ok 357 - The object isa Archive::Extract
ok 358 - Archive type recognized properly
# Extracting to: C:\DOCUME~1\eshank\APPLIC~1\CPANPL~1\510~1.0\build\ARCHIV~1.30\t\out
# Buffers enabled: 1
ok 359 - extract() for 'x.jar' reports success (PP: 0 Bin: 1)
# Extractor was: _unzip_bin
ok 360 - No errors capturing buffers
ok 361 - Found correct number of output files
ok 362 - Found correct output file 'a'
ok 363 - Output file 'C:\DOCUME~1\eshank\APPLIC~1\CPANPL~1\510~1.0\build\ARCHIV~1.30\t\out\a' exists
ok 364 - Extract dir found
ok 365 - Extract dir exists
ok 366 - Extract dir is expected 'C:\DOCUME~1\eshank\APPLIC~1\CPANPL~1\510~1.0\build\ARCHIV~1.30\t\out'
ok 367 # skip Unlink tests are unreliable on Win32
ok 368 # skip Unlink tests are unreliable on Win32
ok 369 # skip Unlink tests are unreliable on Win32
# Extracting to: C:\DOCUME~1\eshank\APPLIC~1\CPANPL~1\510~1.0\build\ARCHIV~1.30\t\out
# Buffers enabled: 
No buffer captured, unable to tell extracted files or extraction dir for 'C:\DOCUME~1\eshank\APPLIC~1\CPANPL~1\510~1.0\build\ARCHIV~1.30\t\src\x.jar' at t/01_Archive-Extract.t line 382
ok 370 # skip No buffers available
ok 371 # skip No buffers available
ok 372 # skip No buffers available
ok 373 # skip No buffers available
ok 374 # skip No buffers available
ok 375 # skip No buffers available
ok 376 # skip No buffers available
ok 377 # skip No buffers available
ok 378 # skip Unlink tests are unreliable on Win32
ok 379 # skip Unlink tests are unreliable on Win32
ok 380 # skip Unlink tests are unreliable on Win32
# Extracting x.lzma in config PP: 0 Bin: 1
ok 381 - The object isa Archive::Extract
ok 382 - Archive type recognized properly
ok 383 # skip No binaries or modules to extract x.lzma
ok 384 # skip No binaries or modules to extract x.lzma
ok 385 # skip No binaries or modules to extract x.lzma
ok 386 # skip No binaries or modules to extract x.lzma
ok 387 # skip No binaries or modules to extract x.lzma
ok 388 # skip No binaries or modules to extract x.lzma
ok 389 # skip No binaries or modules to extract x.lzma
ok 390 # skip No binaries or modules to extract x.lzma
ok 391 # skip No binaries or modules to extract x.lzma
ok 392 # skip No binaries or modules to extract x.lzma
# Extracting x.par in config PP: 0 Bin: 1
ok 393 - The object isa Archive::Extract
ok 394 - Archive type recognized properly
# Extracting to: C:\DOCUME~1\eshank\APPLIC~1\CPANPL~1\510~1.0\build\ARCHIV~1.30\t\out
# Buffers enabled: 1
ok 395 - extract() for 'x.par' reports success (PP: 0 Bin: 1)
# Extractor was: _unzip_bin
ok 396 - No errors capturing buffers
ok 397 - Found correct number of output files
ok 398 - Found correct output file 'a'
ok 399 - Output file 'C:\DOCUME~1\eshank\APPLIC~1\CPANPL~1\510~1.0\build\ARCHIV~1.30\t\out\a' exists
ok 400 - Extract dir found
ok 401 - Extract dir exists
ok 402 - Extract dir is expected 'C:\DOCUME~1\eshank\APPLIC~1\CPANPL~1\510~1.0\build\ARCHIV~1.30\t\out'
ok 403 # skip Unlink tests are unreliable on Win32
ok 404 # skip Unlink tests are unreliable on Win32
ok 405 # skip Unlink tests are unreliable on Win32
# Extracting to: C:\DOCUME~1\eshank\APPLIC~1\CPANPL~1\510~1.0\build\ARCHIV~1.30\t\out
# Buffers enabled: 
No buffer captured, unable to tell extracted files or extraction dir for 'C:\DOCUME~1\eshank\APPLIC~1\CPANPL~1\510~1.0\build\ARCHIV~1.30\t\src\x.par' at t/01_Archive-Extract.t line 382
ok 406 # skip No buffers available
ok 407 # skip No buffers available
ok 408 # skip No buffers available
ok 409 # skip No buffers available
ok 410 # skip No buffers available
ok 411 # skip No buffers available
ok 412 # skip No buffers available
ok 413 # skip No buffers available
ok 414 # skip Unlink tests are unreliable on Win32
ok 415 # skip Unlink tests are unreliable on Win32
ok 416 # skip Unlink tests are unreliable on Win32
# Extracting y.tar.bz2 in config PP: 0 Bin: 1
ok 417 - The object isa Archive::Extract
ok 418 - Archive type recognized properly
# Extracting to: C:\DOCUME~1\eshank\APPLIC~1\CPANPL~1\510~1.0\build\ARCHIV~1.30\t\out
# Buffers enabled: 1
ok 419 - extract() for 'y.tar.bz2' reports success (PP: 0 Bin: 1)
# Extractor was: _untar_bin
ok 420 - No errors capturing buffers
ok 421 - Found correct number of output files
ok 422 - Found correct output file 'y/z'
ok 423 - Output file 'C:\DOCUME~1\eshank\APPLIC~1\CPANPL~1\510~1.0\build\ARCHIV~1.30\t\out\y\z' exists
ok 424 - Extract dir found
ok 425 - Extract dir exists
ok 426 - Extract dir is expected 'C:\DOCUME~1\eshank\APPLIC~1\CPANPL~1\510~1.0\build\ARCHIV~1.30\t\out\y'
ok 427 # skip Unlink tests are unreliable on Win32
ok 428 # skip Unlink tests are unreliable on Win32
ok 429 # skip Unlink tests are unreliable on Win32
# Extracting to: C:\DOCUME~1\eshank\APPLIC~1\CPANPL~1\510~1.0\build\ARCHIV~1.30\t\out
# Buffers enabled: 
No buffer captured, unable to tell extracted files or extraction dir for 'C:\DOCUME~1\eshank\APPLIC~1\CPANPL~1\510~1.0\build\ARCHIV~1.30\t\src\y.tar.bz2' at t/01_Archive-Extract.t line 382
ok 430 # skip No buffers available
ok 431 # skip No buffers available
ok 432 # skip No buffers available
ok 433 # skip No buffers available
ok 434 # skip No buffers available
ok 435 # skip No buffers available
ok 436 # skip No buffers available
ok 437 # skip No buffers available
ok 438 # skip Unlink tests are unreliable on Win32
ok 439 # skip Unlink tests are unreliable on Win32
ok 440 # skip Unlink tests are unreliable on Win32
# Extracting x.zip in config PP: 0 Bin: 1
ok 441 - The object isa Archive::Extract
ok 442 - Archive type recognized properly
# Extracting to: C:\DOCUME~1\eshank\APPLIC~1\CPANPL~1\510~1.0\build\ARCHIV~1.30\t\out
# Buffers enabled: 1
Unable to unzip 'C:\DOCUME~1\eshank\APPLIC~1\CPANPL~1\510~1.0\build\ARCHIV~1.30\t\src\x.zip':  at t/01_Archive-Extract.t line 382
Extract failed due to errors at t/01_Archive-Extract.t line 382
not ok 443 - extract() for 'x.zip' reports success (PP: 0 Bin: 1)
#   Failed test 'extract() for 'x.zip' reports success (PP: 0 Bin: 1)'
#   at t/01_Archive-Extract.t line 398.
# Extractor was: 
ok 444 - No errors capturing buffers
not ok 445 - Found correct number of output files
#   Failed test 'Found correct number of output files'
#   at t/01_Archive-Extract.t line 411.
#          got: '0'
#     expected: '1'
not ok 446 - Found correct output file 'a'
#   Failed test 'Found correct output file 'a''
#   at t/01_Archive-Extract.t line 418.
#          got: undef
#     expected: 'a'
ok 447 - Output file 'C:\DOCUME~1\eshank\APPLIC~1\CPANPL~1\510~1.0\build\ARCHIV~1.30\t\out\a' exists
not ok 448 - Extract dir found
#   Failed test 'Extract dir found'
#   at t/01_Archive-Extract.t line 423.
not ok 449 - Extract dir exists
#   Failed test 'Extract dir exists'
#   at t/01_Archive-Extract.t line 425.
not ok 450 - Extract dir is expected 'C:\DOCUME~1\eshank\APPLIC~1\CPANPL~1\510~1.0\build\ARCHIV~1.30\t\out'
#   Failed test 'Extract dir is expected 'C:\DOCUME~1\eshank\APPLIC~1\CPANPL~1\510~1.0\build\ARCHIV~1.30\t\out''
#   at t/01_Archive-Extract.t line 427.
#          got: undef
#     expected: 'C:\DOCUME~1\eshank\APPLIC~1\CPANPL~1\510~1.0\build\ARCHIV~1.30\t\out'
ok 451 # skip Unlink tests are unreliable on Win32
ok 452 # skip Unlink tests are unreliable on Win32
ok 453 # skip Unlink tests are unreliable on Win32
# Extracting to: C:\DOCUME~1\eshank\APPLIC~1\CPANPL~1\510~1.0\build\ARCHIV~1.30\t\out
# Buffers enabled: 
No buffer captured, unable to tell extracted files or extraction dir for 'C:\DOCUME~1\eshank\APPLIC~1\CPANPL~1\510~1.0\build\ARCHIV~1.30\t\src\x.zip' at t/01_Archive-Extract.t line 382
ok 454 # skip No buffers available
ok 455 # skip No buffers available
ok 456 # skip No buffers available
ok 457 # skip No buffers available
ok 458 # skip No buffers available
ok 459 # skip No buffers available
ok 460 # skip No buffers available
ok 461 # skip No buffers available
ok 462 # skip Unlink tests are unreliable on Win32
ok 463 # skip Unlink tests are unreliable on Win32
ok 464 # skip Unlink tests are unreliable on Win32
# Running extract with configuration: PP: 1 Bin: 0
# Extracting y.tar.gz in config PP: 1 Bin: 0
ok 465 - The object isa Archive::Extract
ok 466 - Archive type recognized properly
# Extracting to: C:\DOCUME~1\eshank\APPLIC~1\CPANPL~1\510~1.0\build\ARCHIV~1.30\t\out
# Buffers enabled: 1
ok 467 - extract() for 'y.tar.gz' reports success (PP: 1 Bin: 0)
# Extractor was: _untar_at
ok 468 - No errors capturing buffers
ok 469 - Found correct number of output files
ok 470 - Found correct output file 'y/z'
ok 471 - Output file 'C:\DOCUME~1\eshank\APPLIC~1\CPANPL~1\510~1.0\build\ARCHIV~1.30\t\out\y\z' exists
ok 472 - Extract dir found
ok 473 - Extract dir exists
ok 474 - Extract dir is expected 'C:\DOCUME~1\eshank\APPLIC~1\CPANPL~1\510~1.0\build\ARCHIV~1.30\t\out\y'
ok 475 # skip Unlink tests are unreliable on Win32
ok 476 # skip Unlink tests are unreliable on Win32
ok 477 # skip Unlink tests are unreliable on Win32
# Extracting to: C:\DOCUME~1\eshank\APPLIC~1\CPANPL~1\510~1.0\build\ARCHIV~1.30\t\out
# Buffers enabled: 1
ok 478 - extract() for 'y.tar.gz' reports success (PP: 1 Bin: 0)
# Extractor was: _untar_at
ok 479 - No errors capturing buffers
ok 480 - Found correct number of output files
ok 481 - Found correct output file 'y/z'
ok 482 - Output file 'C:\DOCUME~1\eshank\APPLIC~1\CPANPL~1\510~1.0\build\ARCHIV~1.30\t\out\y\z' exists
ok 483 - Extract dir found
ok 484 - Extract dir exists
ok 485 - Extract dir is expected 'C:\DOCUME~1\eshank\APPLIC~1\CPANPL~1\510~1.0\build\ARCHIV~1.30\t\out\y'
ok 486 # skip Unlink tests are unreliable on Win32
ok 487 # skip Unlink tests are unreliable on Win32
ok 488 # skip Unlink tests are unreliable on Win32
# Extracting double_dir.zip in config PP: 1 Bin: 0
ok 489 - The object isa Archive::Extract
ok 490 - Archive type recognized properly
# Extracting to: C:\DOCUME~1\eshank\APPLIC~1\CPANPL~1\510~1.0\build\ARCHIV~1.30\t\out
# Buffers enabled: 1
ok 491 - extract() for 'double_dir.zip' reports success (PP: 1 Bin: 0)
# Extractor was: _unzip_az
ok 492 - No errors capturing buffers
ok 493 - Found correct number of output files
ok 494 - Found correct output file 'x/w'
ok 495 - Output file 'C:\DOCUME~1\eshank\APPLIC~1\CPANPL~1\510~1.0\build\ARCHIV~1.30\t\out\x\w' exists
ok 496 - Extract dir found
ok 497 - Extract dir exists
ok 498 - Extract dir is expected 'C:\DOCUME~1\eshank\APPLIC~1\CPANPL~1\510~1.0\build\ARCHIV~1.30\t\out\x'
ok 499 # skip Unlink tests are unreliable on Win32
ok 500 # skip Unlink tests are unreliable on Win32
ok 501 # skip Unlink tests are unreliable on Win32
# Extracting to: C:\DOCUME~1\eshank\APPLIC~1\CPANPL~1\510~1.0\build\ARCHIV~1.30\t\out
# Buffers enabled: 1
ok 502 - extract() for 'double_dir.zip' reports success (PP: 1 Bin: 0)
# Extractor was: _unzip_az
ok 503 - No errors capturing buffers
ok 504 - Found correct number of output files
ok 505 - Found correct output file 'x/w'
ok 506 - Output file 'C:\DOCUME~1\eshank\APPLIC~1\CPANPL~1\510~1.0\build\ARCHIV~1.30\t\out\x\w' exists
ok 507 - Extract dir found
ok 508 - Extract dir exists
ok 509 - Extract dir is expected 'C:\DOCUME~1\eshank\APPLIC~1\CPANPL~1\510~1.0\build\ARCHIV~1.30\t\out\x'
ok 510 # skip Unlink tests are unreliable on Win32
ok 511 # skip Unlink tests are unreliable on Win32
ok 512 # skip Unlink tests are unreliable on Win32
# Extracting y.jar in config PP: 1 Bin: 0
ok 513 - The object isa Archive::Extract
ok 514 - Archive type recognized properly
# Extracting to: C:\DOCUME~1\eshank\APPLIC~1\CPANPL~1\510~1.0\build\ARCHIV~1.30\t\out
# Buffers enabled: 1
ok 515 - extract() for 'y.jar' reports success (PP: 1 Bin: 0)
# Extractor was: _unzip_az
ok 516 - No errors capturing buffers
ok 517 - Found correct number of output files
ok 518 - Found correct output file 'y/z'
ok 519 - Output file 'C:\DOCUME~1\eshank\APPLIC~1\CPANPL~1\510~1.0\build\ARCHIV~1.30\t\out\y\z' exists
ok 520 - Extract dir found
ok 521 - Extract dir exists
ok 522 - Extract dir is expected 'C:\DOCUME~1\eshank\APPLIC~1\CPANPL~1\510~1.0\build\ARCHIV~1.30\t\out\y'
ok 523 # skip Unlink tests are unreliable on Win32
ok 524 # skip Unlink tests are unreliable on Win32
ok 525 # skip Unlink tests are unreliable on Win32
# Extracting to: C:\DOCUME~1\eshank\APPLIC~1\CPANPL~1\510~1.0\build\ARCHIV~1.30\t\out
# Buffers enabled: 1
ok 526 - extract() for 'y.jar' reports success (PP: 1 Bin: 0)
# Extractor was: _unzip_az
ok 527 - No errors capturing buffers
ok 528 - Found correct number of output files
ok 529 - Found correct output file 'y/z'
ok 530 - Output file 'C:\DOCUME~1\eshank\APPLIC~1\CPANPL~1\510~1.0\build\ARCHIV~1.30\t\out\y\z' exists
ok 531 - Extract dir found
ok 532 - Extract dir exists
ok 533 - Extract dir is expected 'C:\DOCUME~1\eshank\APPLIC~1\CPANPL~1\510~1.0\build\ARCHIV~1.30\t\out\y'
ok 534 # skip Unlink tests are unreliable on Win32
ok 535 # skip Unlink tests are unreliable on Win32
ok 536 # skip Unlink tests are unreliable on Win32
# Extracting x.bz2 in config PP: 1 Bin: 0
ok 537 - The object isa Archive::Extract
ok 538 - Archive type recognized properly
# Extracting to: C:\DOCUME~1\eshank\APPLIC~1\CPANPL~1\510~1.0\build\ARCHIV~1.30\t\out\a
# Buffers enabled: 1
ok 539 - extract() for 'x.bz2' reports success (PP: 1 Bin: 0)
# Extractor was: _bunzip2_bz2
ok 540 - No errors capturing buffers
ok 541 - Found correct number of output files
ok 542 - Found correct output file 'a'
ok 543 - Output file 'C:\DOCUME~1\eshank\APPLIC~1\CPANPL~1\510~1.0\build\ARCHIV~1.30\t\out\a' exists
ok 544 - Extract dir found
ok 545 - Extract dir exists
ok 546 - Extract dir is expected 'C:\DOCUME~1\eshank\APPLIC~1\CPANPL~1\510~1.0\build\ARCHIV~1.30\t\out'
ok 547 # skip Unlink tests are unreliable on Win32
ok 548 # skip Unlink tests are unreliable on Win32
ok 549 # skip Unlink tests are unreliable on Win32
# Extracting to: C:\DOCUME~1\eshank\APPLIC~1\CPANPL~1\510~1.0\build\ARCHIV~1.30\t\out\a
# Buffers enabled: 1
ok 550 - extract() for 'x.bz2' reports success (PP: 1 Bin: 0)
# Extractor was: _bunzip2_bz2
ok 551 - No errors capturing buffers
ok 552 - Found correct number of output files
ok 553 - Found correct output file 'a'
ok 554 - Output file 'C:\DOCUME~1\eshank\APPLIC~1\CPANPL~1\510~1.0\build\ARCHIV~1.30\t\out\a' exists
ok 555 - Extract dir found
ok 556 - Extract dir exists
ok 557 - Extract dir is expected 'C:\DOCUME~1\eshank\APPLIC~1\CPANPL~1\510~1.0\build\ARCHIV~1.30\t\out'
ok 558 # skip Unlink tests are unreliable on Win32
ok 559 # skip Unlink tests are unreliable on Win32
ok 560 # skip Unlink tests are unreliable on Win32
# Extracting y.tgz in config PP: 1 Bin: 0
ok 561 - The object isa Archive::Extract
ok 562 - Archive type recognized properly
# Extracting to: C:\DOCUME~1\eshank\APPLIC~1\CPANPL~1\510~1.0\build\ARCHIV~1.30\t\out
# Buffers enabled: 1
ok 563 - extract() for 'y.tgz' reports success (PP: 1 Bin: 0)
# Extractor was: _untar_at
ok 564 - No errors capturing buffers
ok 565 - Found correct number of output files
ok 566 - Found correct output file 'y/z'
ok 567 - Output file 'C:\DOCUME~1\eshank\APPLIC~1\CPANPL~1\510~1.0\build\ARCHIV~1.30\t\out\y\z' exists
ok 568 - Extract dir found
ok 569 - Extract dir exists
ok 570 - Extract dir is expected 'C:\DOCUME~1\eshank\APPLIC~1\CPANPL~1\510~1.0\build\ARCHIV~1.30\t\out\y'
ok 571 # skip Unlink tests are unreliable on Win32
ok 572 # skip Unlink tests are unreliable on Win32
ok 573 # skip Unlink tests are unreliable on Win32
# Extracting to: C:\DOCUME~1\eshank\APPLIC~1\CPANPL~1\510~1.0\build\ARCHIV~1.30\t\out
# Buffers enabled: 1
ok 574 - extract() for 'y.tgz' reports success (PP: 1 Bin: 0)
# Extractor was: _untar_at
ok 575 - No errors capturing buffers
ok 576 - Found correct number of output files
ok 577 - Found correct output file 'y/z'
ok 578 - Output file 'C:\DOCUME~1\eshank\APPLIC~1\CPANPL~1\510~1.0\build\ARCHIV~1.30\t\out\y\z' exists
ok 579 - Extract dir found
ok 580 - Extract dir exists
ok 581 - Extract dir is expected 'C:\DOCUME~1\eshank\APPLIC~1\CPANPL~1\510~1.0\build\ARCHIV~1.30\t\out\y'
ok 582 # skip Unlink tests are unreliable on Win32
ok 583 # skip Unlink tests are unreliable on Win32
ok 584 # skip Unlink tests are unreliable on Win32
# Extracting y.zip in config PP: 1 Bin: 0
ok 585 - The object isa Archive::Extract
ok 586 - Archive type recognized properly
# Extracting to: C:\DOCUME~1\eshank\APPLIC~1\CPANPL~1\510~1.0\build\ARCHIV~1.30\t\out
# Buffers enabled: 1
ok 587 - extract() for 'y.zip' reports success (PP: 1 Bin: 0)
# Extractor was: _unzip_az
ok 588 - No errors capturing buffers
ok 589 - Found correct number of output files
ok 590 - Found correct output file 'y/z'
ok 591 - Output file 'C:\DOCUME~1\eshank\APPLIC~1\CPANPL~1\510~1.0\build\ARCHIV~1.30\t\out\y\z' exists
ok 592 - Extract dir found
ok 593 - Extract dir exists
ok 594 - Extract dir is expected 'C:\DOCUME~1\eshank\APPLIC~1\CPANPL~1\510~1.0\build\ARCHIV~1.30\t\out\y'
ok 595 # skip Unlink tests are unreliable on Win32
ok 596 # skip Unlink tests are unreliable on Win32
ok 597 # skip Unlink tests are unreliable on Win32
# Extracting to: C:\DOCUME~1\eshank\APPLIC~1\CPANPL~1\510~1.0\build\ARCHIV~1.30\t\out
# Buffers enabled: 1
ok 598 - extract() for 'y.zip' reports success (PP: 1 Bin: 0)
# Extractor was: _unzip_az
ok 599 - No errors capturing buffers
ok 600 - Found correct number of output files
ok 601 - Found correct output file 'y/z'
ok 602 - Output file 'C:\DOCUME~1\eshank\APPLIC~1\CPANPL~1\510~1.0\build\ARCHIV~1.30\t\out\y\z' exists
ok 603 - Extract dir found
ok 604 - Extract dir exists
ok 605 - Extract dir is expected 'C:\DOCUME~1\eshank\APPLIC~1\CPANPL~1\510~1.0\build\ARCHIV~1.30\t\out\y'
ok 606 # skip Unlink tests are unreliable on Win32
ok 607 # skip Unlink tests are unreliable on Win32
ok 608 # skip Unlink tests are unreliable on Win32
# Extracting x.tar.gz in config PP: 1 Bin: 0
ok 609 - The object isa Archive::Extract
ok 610 - Archive type recognized properly
# Extracting to: C:\DOCUME~1\eshank\APPLIC~1\CPANPL~1\510~1.0\build\ARCHIV~1.30\t\out
# Buffers enabled: 1
ok 611 - extract() for 'x.tar.gz' reports success (PP: 1 Bin: 0)
# Extractor was: _untar_at
ok 612 - No errors capturing buffers
ok 613 - Found correct number of output files
ok 614 - Found correct output file 'a'
ok 615 - Output file 'C:\DOCUME~1\eshank\APPLIC~1\CPANPL~1\510~1.0\build\ARCHIV~1.30\t\out\a' exists
ok 616 - Extract dir found
ok 617 - Extract dir exists
ok 618 - Extract dir is expected 'C:\DOCUME~1\eshank\APPLIC~1\CPANPL~1\510~1.0\build\ARCHIV~1.30\t\out'
ok 619 # skip Unlink tests are unreliable on Win32
ok 620 # skip Unlink tests are unreliable on Win32
ok 621 # skip Unlink tests are unreliable on Win32
# Extracting to: C:\DOCUME~1\eshank\APPLIC~1\CPANPL~1\510~1.0\build\ARCHIV~1.30\t\out
# Buffers enabled: 1
ok 622 - extract() for 'x.tar.gz' reports success (PP: 1 Bin: 0)
# Extractor was: _untar_at
ok 623 - No errors capturing buffers
ok 624 - Found correct number of output files
ok 625 - Found correct output file 'a'
ok 626 - Output file 'C:\DOCUME~1\eshank\APPLIC~1\CPANPL~1\510~1.0\build\ARCHIV~1.30\t\out\a' exists
ok 627 - Extract dir found
ok 628 - Extract dir exists
ok 629 - Extract dir is expected 'C:\DOCUME~1\eshank\APPLIC~1\CPANPL~1\510~1.0\build\ARCHIV~1.30\t\out'
ok 630 # skip Unlink tests are unreliable on Win32
ok 631 # skip Unlink tests are unreliable on Win32
ok 632 # skip Unlink tests are unreliable on Win32
# Extracting y.tar in config PP: 1 Bin: 0
ok 633 - The object isa Archive::Extract
ok 634 - Archive type recognized properly
# Extracting to: C:\DOCUME~1\eshank\APPLIC~1\CPANPL~1\510~1.0\build\ARCHIV~1.30\t\out
# Buffers enabled: 1
ok 635 - extract() for 'y.tar' reports success (PP: 1 Bin: 0)
# Extractor was: _untar_at
ok 636 - No errors capturing buffers
ok 637 - Found correct number of output files
ok 638 - Found correct output file 'y/z'
ok 639 - Output file 'C:\DOCUME~1\eshank\APPLIC~1\CPANPL~1\510~1.0\build\ARCHIV~1.30\t\out\y\z' exists
ok 640 - Extract dir found
ok 641 - Extract dir exists
ok 642 - Extract dir is expected 'C:\DOCUME~1\eshank\APPLIC~1\CPANPL~1\510~1.0\build\ARCHIV~1.30\t\out\y'
ok 643 # skip Unlink tests are unreliable on Win32
ok 644 # skip Unlink tests are unreliable on Win32
ok 645 # skip Unlink tests are unreliable on Win32
# Extracting to: C:\DOCUME~1\eshank\APPLIC~1\CPANPL~1\510~1.0\build\ARCHIV~1.30\t\out
# Buffers enabled: 1
ok 646 - extract() for 'y.tar' reports success (PP: 1 Bin: 0)
# Extractor was: _untar_at
ok 647 - No errors capturing buffers
ok 648 - Found correct number of output files
ok 649 - Found correct output file 'y/z'
ok 650 - Output file 'C:\DOCUME~1\eshank\APPLIC~1\CPANPL~1\510~1.0\build\ARCHIV~1.30\t\out\y\z' exists
ok 651 - Extract dir found
ok 652 - Extract dir exists
ok 653 - Extract dir is expected 'C:\DOCUME~1\eshank\APPLIC~1\CPANPL~1\510~1.0\build\ARCHIV~1.30\t\out\y'
ok 654 # skip Unlink tests are unreliable on Win32
ok 655 # skip Unlink tests are unreliable on Win32
ok 656 # skip Unlink tests are unreliable on Win32
# Extracting x.tgz in config PP: 1 Bin: 0
ok 657 - The object isa Archive::Extract
ok 658 - Archive type recognized properly
# Extracting to: C:\DOCUME~1\eshank\APPLIC~1\CPANPL~1\510~1.0\build\ARCHIV~1.30\t\out
# Buffers enabled: 1
ok 659 - extract() for 'x.tgz' reports success (PP: 1 Bin: 0)
# Extractor was: _untar_at
ok 660 - No errors capturing buffers
ok 661 - Found correct number of output files
ok 662 - Found correct output file 'a'
ok 663 - Output file 'C:\DOCUME~1\eshank\APPLIC~1\CPANPL~1\510~1.0\build\ARCHIV~1.30\t\out\a' exists
ok 664 - Extract dir found
ok 665 - Extract dir exists
ok 666 - Extract dir is expected 'C:\DOCUME~1\eshank\APPLIC~1\CPANPL~1\510~1.0\build\ARCHIV~1.30\t\out'
ok 667 # skip Unlink tests are unreliable on Win32
ok 668 # skip Unlink tests are unreliable on Win32
ok 669 # skip Unlink tests are unreliable on Win32
# Extracting to: C:\DOCUME~1\eshank\APPLIC~1\CPANPL~1\510~1.0\build\ARCHIV~1.30\t\out
# Buffers enabled: 1
ok 670 - extract() for 'x.tgz' reports success (PP: 1 Bin: 0)
# Extractor was: _untar_at
ok 671 - No errors capturing buffers
ok 672 - Found correct number of output files
ok 673 - Found correct output file 'a'
ok 674 - Output file 'C:\DOCUME~1\eshank\APPLIC~1\CPANPL~1\510~1.0\build\ARCHIV~1.30\t\out\a' exists
ok 675 - Extract dir found
ok 676 - Extract dir exists
ok 677 - Extract dir is expected 'C:\DOCUME~1\eshank\APPLIC~1\CPANPL~1\510~1.0\build\ARCHIV~1.30\t\out'
ok 678 # skip Unlink tests are unreliable on Win32
ok 679 # skip Unlink tests are unreliable on Win32
ok 680 # skip Unlink tests are unreliable on Win32
# Extracting y.par in config PP: 1 Bin: 0
ok 681 - The object isa Archive::Extract
ok 682 - Archive type recognized properly
# Extracting to: C:\DOCUME~1\eshank\APPLIC~1\CPANPL~1\510~1.0\build\ARCHIV~1.30\t\out
# Buffers enabled: 1
ok 683 - extract() for 'y.par' reports success (PP: 1 Bin: 0)
# Extractor was: _unzip_az
ok 684 - No errors capturing buffers
ok 685 - Found correct number of output files
ok 686 - Found correct output file 'y/z'
ok 687 - Output file 'C:\DOCUME~1\eshank\APPLIC~1\CPANPL~1\510~1.0\build\ARCHIV~1.30\t\out\y\z' exists
ok 688 - Extract dir found
ok 689 - Extract dir exists
ok 690 - Extract dir is expected 'C:\DOCUME~1\eshank\APPLIC~1\CPANPL~1\510~1.0\build\ARCHIV~1.30\t\out\y'
ok 691 # skip Unlink tests are unreliable on Win32
ok 692 # skip Unlink tests are unreliable on Win32
ok 693 # skip Unlink tests are unreliable on Win32
# Extracting to: C:\DOCUME~1\eshank\APPLIC~1\CPANPL~1\510~1.0\build\ARCHIV~1.30\t\out
# Buffers enabled: 1
ok 694 - extract() for 'y.par' reports success (PP: 1 Bin: 0)
# Extractor was: _unzip_az
ok 695 - No errors capturing buffers
ok 696 - Found correct number of output files
ok 697 - Found correct output file 'y/z'
ok 698 - Output file 'C:\DOCUME~1\eshank\APPLIC~1\CPANPL~1\510~1.0\build\ARCHIV~1.30\t\out\y\z' exists
ok 699 - Extract dir found
ok 700 - Extract dir exists
ok 701 - Extract dir is expected 'C:\DOCUME~1\eshank\APPLIC~1\CPANPL~1\510~1.0\build\ARCHIV~1.30\t\out\y'
ok 702 # skip Unlink tests are unreliable on Win32
ok 703 # skip Unlink tests are unreliable on Win32
ok 704 # skip Unlink tests are unreliable on Win32
# Extracting y.tbz in config PP: 1 Bin: 0
ok 705 - The object isa Archive::Extract
ok 706 - Archive type recognized properly
# Extracting to: C:\DOCUME~1\eshank\APPLIC~1\CPANPL~1\510~1.0\build\ARCHIV~1.30\t\out
# Buffers enabled: 1
ok 707 - extract() for 'y.tbz' reports success (PP: 1 Bin: 0)
# Extractor was: _untar_at
ok 708 - No errors capturing buffers
ok 709 - Found correct number of output files
ok 710 - Found correct output file 'y/z'
ok 711 - Output file 'C:\DOCUME~1\eshank\APPLIC~1\CPANPL~1\510~1.0\build\ARCHIV~1.30\t\out\y\z' exists
ok 712 - Extract dir found
ok 713 - Extract dir exists
ok 714 - Extract dir is expected 'C:\DOCUME~1\eshank\APPLIC~1\CPANPL~1\510~1.0\build\ARCHIV~1.30\t\out\y'
ok 715 # skip Unlink tests are unreliable on Win32
ok 716 # skip Unlink tests are unreliable on Win32
ok 717 # skip Unlink tests are unreliable on Win32
# Extracting to: C:\DOCUME~1\eshank\APPLIC~1\CPANPL~1\510~1.0\build\ARCHIV~1.30\t\out
# Buffers enabled: 1
ok 718 - extract() for 'y.tbz' reports success (PP: 1 Bin: 0)
# Extractor was: _untar_at
ok 719 - No errors capturing buffers
ok 720 - Found correct number of output files
ok 721 - Found correct output file 'y/z'
ok 722 - Output file 'C:\DOCUME~1\eshank\APPLIC~1\CPANPL~1\510~1.0\build\ARCHIV~1.30\t\out\y\z' exists
ok 723 - Extract dir found
ok 724 - Extract dir exists
ok 725 - Extract dir is expected 'C:\DOCUME~1\eshank\APPLIC~1\CPANPL~1\510~1.0\build\ARCHIV~1.30\t\out\y'
ok 726 # skip Unlink tests are unreliable on Win32
ok 727 # skip Unlink tests are unreliable on Win32
ok 728 # skip Unlink tests are unreliable on Win32
# Extracting x.Z in config PP: 1 Bin: 0
ok 729 - The object isa Archive::Extract
ok 730 - Archive type recognized properly
# Extracting to: C:\DOCUME~1\eshank\APPLIC~1\CPANPL~1\510~1.0\build\ARCHIV~1.30\t\out\a
# Buffers enabled: 1
ok 731 - extract() for 'x.Z' reports success (PP: 1 Bin: 0)
# Extractor was: _gunzip_cz
ok 732 - No errors capturing buffers
ok 733 - Found correct number of output files
ok 734 - Found correct output file 'a'
ok 735 - Output file 'C:\DOCUME~1\eshank\APPLIC~1\CPANPL~1\510~1.0\build\ARCHIV~1.30\t\out\a' exists
ok 736 - Extract dir found
ok 737 - Extract dir exists
ok 738 - Extract dir is expected 'C:\DOCUME~1\eshank\APPLIC~1\CPANPL~1\510~1.0\build\ARCHIV~1.30\t\out'
ok 739 # skip Unlink tests are unreliable on Win32
ok 740 # skip Unlink tests are unreliable on Win32
ok 741 # skip Unlink tests are unreliable on Win32
# Extracting to: C:\DOCUME~1\eshank\APPLIC~1\CPANPL~1\510~1.0\build\ARCHIV~1.30\t\out\a
# Buffers enabled: 1
ok 742 - extract() for 'x.Z' reports success (PP: 1 Bin: 0)
# Extractor was: _gunzip_cz
ok 743 - No errors capturing buffers
ok 744 - Found correct number of output files
ok 745 - Found correct output file 'a'
ok 746 - Output file 'C:\DOCUME~1\eshank\APPLIC~1\CPANPL~1\510~1.0\build\ARCHIV~1.30\t\out\a' exists
ok 747 - Extract dir found
ok 748 - Extract dir exists
ok 749 - Extract dir is expected 'C:\DOCUME~1\eshank\APPLIC~1\CPANPL~1\510~1.0\build\ARCHIV~1.30\t\out'
ok 750 # skip Unlink tests are unreliable on Win32
ok 751 # skip Unlink tests are unreliable on Win32
ok 752 # skip Unlink tests are unreliable on Win32
# Extracting x.tar in config PP: 1 Bin: 0
ok 753 - The object isa Archive::Extract
ok 754 - Archive type recognized properly
# Extracting to: C:\DOCUME~1\eshank\APPLIC~1\CPANPL~1\510~1.0\build\ARCHIV~1.30\t\out
# Buffers enabled: 1
ok 755 - extract() for 'x.tar' reports success (PP: 1 Bin: 0)
# Extractor was: _untar_at
ok 756 - No errors capturing buffers
ok 757 - Found correct number of output files
ok 758 - Found correct output file 'a'
ok 759 - Output file 'C:\DOCUME~1\eshank\APPLIC~1\CPANPL~1\510~1.0\build\ARCHIV~1.30\t\out\a' exists
ok 760 - Extract dir found
ok 761 - Extract dir exists
ok 762 - Extract dir is expected 'C:\DOCUME~1\eshank\APPLIC~1\CPANPL~1\510~1.0\build\ARCHIV~1.30\t\out'
ok 763 # skip Unlink tests are unreliable on Win32
ok 764 # skip Unlink tests are unreliable on Win32
ok 765 # skip Unlink tests are unreliable on Win32
# Extracting to: C:\DOCUME~1\eshank\APPLIC~1\CPANPL~1\510~1.0\build\ARCHIV~1.30\t\out
# Buffers enabled: 1
ok 766 - extract() for 'x.tar' reports success (PP: 1 Bin: 0)
# Extractor was: _untar_at
ok 767 - No errors capturing buffers
ok 768 - Found correct number of output files
ok 769 - Found correct output file 'a'
ok 770 - Output file 'C:\DOCUME~1\eshank\APPLIC~1\CPANPL~1\510~1.0\build\ARCHIV~1.30\t\out\a' exists
ok 771 - Extract dir found
ok 772 - Extract dir exists
ok 773 - Extract dir is expected 'C:\DOCUME~1\eshank\APPLIC~1\CPANPL~1\510~1.0\build\ARCHIV~1.30\t\out'
ok 774 # skip Unlink tests are unreliable on Win32
ok 775 # skip Unlink tests are unreliable on Win32
ok 776 # skip Unlink tests are unreliable on Win32
# Extracting x.gz in config PP: 1 Bin: 0
ok 777 - The object isa Archive::Extract
ok 778 - Archive type recognized properly
# Extracting to: C:\DOCUME~1\eshank\APPLIC~1\CPANPL~1\510~1.0\build\ARCHIV~1.30\t\out\a
# Buffers enabled: 1
ok 779 - extract() for 'x.gz' reports success (PP: 1 Bin: 0)
# Extractor was: _gunzip_cz
ok 780 - No errors capturing buffers
ok 781 - Found correct number of output files
ok 782 - Found correct output file 'a'
ok 783 - Output file 'C:\DOCUME~1\eshank\APPLIC~1\CPANPL~1\510~1.0\build\ARCHIV~1.30\t\out\a' exists
ok 784 - Extract dir found
ok 785 - Extract dir exists
ok 786 - Extract dir is expected 'C:\DOCUME~1\eshank\APPLIC~1\CPANPL~1\510~1.0\build\ARCHIV~1.30\t\out'
ok 787 # skip Unlink tests are unreliable on Win32
ok 788 # skip Unlink tests are unreliable on Win32
ok 789 # skip Unlink tests are unreliable on Win32
# Extracting to: C:\DOCUME~1\eshank\APPLIC~1\CPANPL~1\510~1.0\build\ARCHIV~1.30\t\out\a
# Buffers enabled: 1
ok 790 - extract() for 'x.gz' reports success (PP: 1 Bin: 0)
# Extractor was: _gunzip_cz
ok 791 - No errors capturing buffers
ok 792 - Found correct number of output files
ok 793 - Found correct output file 'a'
ok 794 - Output file 'C:\DOCUME~1\eshank\APPLIC~1\CPANPL~1\510~1.0\build\ARCHIV~1.30\t\out\a' exists
ok 795 - Extract dir found
ok 796 - Extract dir exists
ok 797 - Extract dir is expected 'C:\DOCUME~1\eshank\APPLIC~1\CPANPL~1\510~1.0\build\ARCHIV~1.30\t\out'
ok 798 # skip Unlink tests are unreliable on Win32
ok 799 # skip Unlink tests are unreliable on Win32
ok 800 # skip Unlink tests are unreliable on Win32
# Extracting x.jar in config PP: 1 Bin: 0
ok 801 - The object isa Archive::Extract
ok 802 - Archive type recognized properly
# Extracting to: C:\DOCUME~1\eshank\APPLIC~1\CPANPL~1\510~1.0\build\ARCHIV~1.30\t\out
# Buffers enabled: 1
ok 803 - extract() for 'x.jar' reports success (PP: 1 Bin: 0)
# Extractor was: _unzip_az
ok 804 - No errors capturing buffers
ok 805 - Found correct number of output files
ok 806 - Found correct output file 'a'
ok 807 - Output file 'C:\DOCUME~1\eshank\APPLIC~1\CPANPL~1\510~1.0\build\ARCHIV~1.30\t\out\a' exists
ok 808 - Extract dir found
ok 809 - Extract dir exists
ok 810 - Extract dir is expected 'C:\DOCUME~1\eshank\APPLIC~1\CPANPL~1\510~1.0\build\ARCHIV~1.30\t\out'
ok 811 # skip Unlink tests are unreliable on Win32
ok 812 # skip Unlink tests are unreliable on Win32
ok 813 # skip Unlink tests are unreliable on Win32
# Extracting to: C:\DOCUME~1\eshank\APPLIC~1\CPANPL~1\510~1.0\build\ARCHIV~1.30\t\out
# Buffers enabled: 1
ok 814 - extract() for 'x.jar' reports success (PP: 1 Bin: 0)
# Extractor was: _unzip_az
ok 815 - No errors capturing buffers
ok 816 - Found correct number of output files
ok 817 - Found correct output file 'a'
ok 818 - Output file 'C:\DOCUME~1\eshank\APPLIC~1\CPANPL~1\510~1.0\build\ARCHIV~1.30\t\out\a' exists
ok 819 - Extract dir found
ok 820 - Extract dir exists
ok 821 - Extract dir is expected 'C:\DOCUME~1\eshank\APPLIC~1\CPANPL~1\510~1.0\build\ARCHIV~1.30\t\out'
ok 822 # skip Unlink tests are unreliable on Win32
ok 823 # skip Unlink tests are unreliable on Win32
ok 824 # skip Unlink tests are unreliable on Win32
# Extracting x.lzma in config PP: 1 Bin: 0
ok 825 - The object isa Archive::Extract
ok 826 - Archive type recognized properly
ok 827 # skip No binaries or modules to extract x.lzma
ok 828 # skip No binaries or modules to extract x.lzma
ok 829 # skip No binaries or modules to extract x.lzma
ok 830 # skip No binaries or modules to extract x.lzma
ok 831 # skip No binaries or modules to extract x.lzma
ok 832 # skip No binaries or modules to extract x.lzma
ok 833 # skip No binaries or modules to extract x.lzma
ok 834 # skip No binaries or modules to extract x.lzma
ok 835 # skip No binaries or modules to extract x.lzma
ok 836 # skip No binaries or modules to extract x.lzma
# Extracting x.par in config PP: 1 Bin: 0
ok 837 - The object isa Archive::Extract
ok 838 - Archive type recognized properly
# Extracting to: C:\DOCUME~1\eshank\APPLIC~1\CPANPL~1\510~1.0\build\ARCHIV~1.30\t\out
# Buffers enabled: 1
ok 839 - extract() for 'x.par' reports success (PP: 1 Bin: 0)
# Extractor was: _unzip_az
ok 840 - No errors capturing buffers
ok 841 - Found correct number of output files
ok 842 - Found correct output file 'a'
ok 843 - Output file 'C:\DOCUME~1\eshank\APPLIC~1\CPANPL~1\510~1.0\build\ARCHIV~1.30\t\out\a' exists
ok 844 - Extract dir found
ok 845 - Extract dir exists
ok 846 - Extract dir is expected 'C:\DOCUME~1\eshank\APPLIC~1\CPANPL~1\510~1.0\build\ARCHIV~1.30\t\out'
ok 847 # skip Unlink tests are unreliable on Win32
ok 848 # skip Unlink tests are unreliable on Win32
ok 849 # skip Unlink tests are unreliable on Win32
# Extracting to: C:\DOCUME~1\eshank\APPLIC~1\CPANPL~1\510~1.0\build\ARCHIV~1.30\t\out
# Buffers enabled: 1
ok 850 - extract() for 'x.par' reports success (PP: 1 Bin: 0)
# Extractor was: _unzip_az
ok 851 - No errors capturing buffers
ok 852 - Found correct number of output files
ok 853 - Found correct output file 'a'
ok 854 - Output file 'C:\DOCUME~1\eshank\APPLIC~1\CPANPL~1\510~1.0\build\ARCHIV~1.30\t\out\a' exists
ok 855 - Extract dir found
ok 856 - Extract dir exists
ok 857 - Extract dir is expected 'C:\DOCUME~1\eshank\APPLIC~1\CPANPL~1\510~1.0\build\ARCHIV~1.30\t\out'
ok 858 # skip Unlink tests are unreliable on Win32
ok 859 # skip Unlink tests are unreliable on Win32
ok 860 # skip Unlink tests are unreliable on Win32
# Extracting y.tar.bz2 in config PP: 1 Bin: 0
ok 861 - The object isa Archive::Extract
ok 862 - Archive type recognized properly
# Extracting to: C:\DOCUME~1\eshank\APPLIC~1\CPANPL~1\510~1.0\build\ARCHIV~1.30\t\out
# Buffers enabled: 1
ok 863 - extract() for 'y.tar.bz2' reports success (PP: 1 Bin: 0)
# Extractor was: _untar_at
ok 864 - No errors capturing buffers
ok 865 - Found correct number of output files
ok 866 - Found correct output file 'y/z'
ok 867 - Output file 'C:\DOCUME~1\eshank\APPLIC~1\CPANPL~1\510~1.0\build\ARCHIV~1.30\t\out\y\z' exists
ok 868 - Extract dir found
ok 869 - Extract dir exists
ok 870 - Extract dir is expected 'C:\DOCUME~1\eshank\APPLIC~1\CPANPL~1\510~1.0\build\ARCHIV~1.30\t\out\y'
ok 871 # skip Unlink tests are unreliable on Win32
ok 872 # skip Unlink tests are unreliable on Win32
ok 873 # skip Unlink tests are unreliable on Win32
# Extracting to: C:\DOCUME~1\eshank\APPLIC~1\CPANPL~1\510~1.0\build\ARCHIV~1.30\t\out
# Buffers enabled: 1
ok 874 - extract() for 'y.tar.bz2' reports success (PP: 1 Bin: 0)
# Extractor was: _untar_at
ok 875 - No errors capturing buffers
ok 876 - Found correct number of output files
ok 877 - Found correct output file 'y/z'
ok 878 - Output file 'C:\DOCUME~1\eshank\APPLIC~1\CPANPL~1\510~1.0\build\ARCHIV~1.30\t\out\y\z' exists
ok 879 - Extract dir found
ok 880 - Extract dir exists
ok 881 - Extract dir is expected 'C:\DOCUME~1\eshank\APPLIC~1\CPANPL~1\510~1.0\build\ARCHIV~1.30\t\out\y'
ok 882 # skip Unlink tests are unreliable on Win32
ok 883 # skip Unlink tests are unreliable on Win32
ok 884 # skip Unlink tests are unreliable on Win32
# Extracting x.zip in config PP: 1 Bin: 0
ok 885 - The object isa Archive::Extract
ok 886 - Archive type recognized properly
# Extracting to: C:\DOCUME~1\eshank\APPLIC~1\CPANPL~1\510~1.0\build\ARCHIV~1.30\t\out
# Buffers enabled: 1
ok 887 - extract() for 'x.zip' reports success (PP: 1 Bin: 0)
# Extractor was: _unzip_az
ok 888 - No errors capturing buffers
ok 889 - Found correct number of output files
ok 890 - Found correct output file 'a'
ok 891 - Output file 'C:\DOCUME~1\eshank\APPLIC~1\CPANPL~1\510~1.0\build\ARCHIV~1.30\t\out\a' exists
ok 892 - Extract dir found
ok 893 - Extract dir exists
ok 894 - Extract dir is expected 'C:\DOCUME~1\eshank\APPLIC~1\CPANPL~1\510~1.0\build\ARCHIV~1.30\t\out'
ok 895 # skip Unlink tests are unreliable on Win32
ok 896 # skip Unlink tests are unreliable on Win32
ok 897 # skip Unlink tests are unreliable on Win32
# Extracting to: C:\DOCUME~1\eshank\APPLIC~1\CPANPL~1\510~1.0\build\ARCHIV~1.30\t\out
# Buffers enabled: 1
ok 898 - extract() for 'x.zip' reports success (PP: 1 Bin: 0)
# Extractor was: _unzip_az
ok 899 - No errors capturing buffers
ok 900 - Found correct number of output files
ok 901 - Found correct output file 'a'
ok 902 - Output file 'C:\DOCUME~1\eshank\APPLIC~1\CPANPL~1\510~1.0\build\ARCHIV~1.30\t\out\a' exists
ok 903 - Extract dir found
ok 904 - Extract dir exists
ok 905 - Extract dir is expected 'C:\DOCUME~1\eshank\APPLIC~1\CPANPL~1\510~1.0\build\ARCHIV~1.30\t\out'
ok 906 # skip Unlink tests are unreliable on Win32
ok 907 # skip Unlink tests are unreliable on Win32
ok 908 # skip Unlink tests are unreliable on Win32
1..908
# Looks like you failed 36 tests of 908.
