cpan[1]> install Capture::Tiny
CPAN: Storable loaded ok (v2.20)
Going to read '/Users/bitman/.cpan/Metadata'
  Database was generated on Sun, 06 Feb 2011 02:56:29 GMT
CPAN: YAML loaded ok (v0.68)
Going to read 10 yaml files from /Users/bitman/.cpan/build/
CPAN: Time::HiRes loaded ok (v1.9719)
..............................................DONE
Restored the state of 5 (in 2.4532 secs)
Running install for module 'Capture::Tiny'
Running make for D/DA/DAGOLDEN/Capture-Tiny-0.09.tar.gz
Prepending /Users/bitman/.cpan/build/Perl-OSType-1.002-jKPDNl/blib/arch /Users/bitman/.cpan/build/Perl-OSType-1.002-jKPDNl/blib/lib /Users/bitman/.cpan/build/Module-Metadata-1.000004-As4EUo/blib/arch /Users/bitman/.cpan/build/Module-Metadata-1.000004-As4EUo/blib/lib /Users/bitman/.cpan/build/version-0.88-9gNSQE/blib/arch /Users/bitman/.cpan/build/version-0.88-9gNSQE/blib/lib /Users/bitman/.cpan/build/Test-Simple-0.96-DgQz12/blib/arch /Users/bitman/.cpan/build/Test-Simple-0.96-DgQz12/blib/lib /Users/bitman/.cpan/build/Test-ShellScript-0.04-twckrd/blib/arch /Users/bitman/.cpan/build/Test-ShellScript-0.04-twckrd/blib/lib to PERL5LIB for 'get'
  Has already been unwrapped into directory /Users/bitman/.cpan/build/Capture-Tiny-0.09-serpRm
Prepending /Users/bitman/.cpan/build/Perl-OSType-1.002-jKPDNl/blib/arch /Users/bitman/.cpan/build/Perl-OSType-1.002-jKPDNl/blib/lib /Users/bitman/.cpan/build/Module-Metadata-1.000004-As4EUo/blib/arch /Users/bitman/.cpan/build/Module-Metadata-1.000004-As4EUo/blib/lib /Users/bitman/.cpan/build/version-0.88-9gNSQE/blib/arch /Users/bitman/.cpan/build/version-0.88-9gNSQE/blib/lib /Users/bitman/.cpan/build/Test-Simple-0.96-DgQz12/blib/arch /Users/bitman/.cpan/build/Test-Simple-0.96-DgQz12/blib/lib /Users/bitman/.cpan/build/Test-ShellScript-0.04-twckrd/blib/arch /Users/bitman/.cpan/build/Test-ShellScript-0.04-twckrd/blib/lib to PERL5LIB for 'make'
  Has already been made
Prepending /Users/bitman/.cpan/build/Perl-OSType-1.002-jKPDNl/blib/arch /Users/bitman/.cpan/build/Perl-OSType-1.002-jKPDNl/blib/lib /Users/bitman/.cpan/build/Module-Metadata-1.000004-As4EUo/blib/arch /Users/bitman/.cpan/build/Module-Metadata-1.000004-As4EUo/blib/lib /Users/bitman/.cpan/build/version-0.88-9gNSQE/blib/arch /Users/bitman/.cpan/build/version-0.88-9gNSQE/blib/lib /Users/bitman/.cpan/build/Test-Simple-0.96-DgQz12/blib/arch /Users/bitman/.cpan/build/Test-Simple-0.96-DgQz12/blib/lib /Users/bitman/.cpan/build/Test-ShellScript-0.04-twckrd/blib/arch /Users/bitman/.cpan/build/Test-ShellScript-0.04-twckrd/blib/lib to PERL5LIB for 'test'
Running make test
Use of uninitialized value in join or string at /usr/local/lib/perl5/5.8.8/darwin-2level/File/Spec/Unix.pm line 86.
CPAN: CPAN::Reporter loaded ok (v1.1900)
PERL_DL_NONLAZY=1 /usr/bin/perl "-MExtUtils::Command::MM" "-e" "test_harness(0, 'blib/lib', 'blib/arch')" t/*.t
t/00-compile.t ............. ok
t/01-Capture-Tiny.t ........ ok

#   Failed test 'no file descriptors leaked'
#   at t/02-capture.t line 25.
#          got: '4'
#     expected: '10'
# Looks like you failed 1 test of 91.
t/02-capture.t ............. 
Dubious, test returned 1 (wstat 256, 0x100)
Failed 1/91 subtests 

#   Failed test 'no file descriptors leaked'
#   at t/03-tee.t line 32.
#          got: '4'
#     expected: '10'
# Looks like you failed 1 test of 217.
t/03-tee.t ................. 
Dubious, test returned 1 (wstat 256, 0x100)
Failed 1/217 subtests 
t/06-stdout-closed.t ....... ok
t/07-stderr-closed.t ....... ok
t/08-stdin-closed.t ........ ok
t/09-preserve-exit-code.t .. ok
t/10-stdout-string.t ....... ok
t/11-stderr-string.t ....... ok
t/12-stdin-string.t ........ ok

#   Failed test 'no file descriptors leaked'
#   at t/13-stdout-tied.t line 48.
#          got: '4'
#     expected: '11'
# Looks like you failed 1 test of 309.
t/13-stdout-tied.t ......... 
Dubious, test returned 1 (wstat 256, 0x100)
Failed 1/309 subtests 
	(54 TODO tests unexpectedly succeeded)

#   Failed test 'no file descriptors leaked'
#   at t/14-stderr-tied.t line 48.
#          got: '4'
#     expected: '11'
# Looks like you failed 1 test of 309.
t/14-stderr-tied.t ......... 
Dubious, test returned 1 (wstat 256, 0x100)
Failed 1/309 subtests 
	(86 TODO tests unexpectedly succeeded)

#   Failed test 'no file descriptors leaked'
#   at t/15-stdin-tied.t line 50.
#          got: '5'
#     expected: '11'
# Looks like you failed 1 test of 309.
t/15-stdin-tied.t .......... 
Dubious, test returned 1 (wstat 256, 0x100)
Failed 1/309 subtests 

#   Failed test 'no file descriptors leaked'
#   at t/16-catch-errors.t line 44.
#          got: '4'
#     expected: '10'
# Looks like you failed 1 test of 5.
t/16-catch-errors.t ........ 
Dubious, test returned 1 (wstat 256, 0x100)
Failed 1/5 subtests 

Test Summary Report
-------------------
t/02-capture.t           (Wstat: 256 Tests: 91 Failed: 1)
  Failed test:  91
  Non-zero exit status: 1
t/03-tee.t               (Wstat: 256 Tests: 217 Failed: 1)
  Failed test:  217
  Non-zero exit status: 1
t/13-stdout-tied.t       (Wstat: 256 Tests: 309 Failed: 1)
  Failed test:  308
  TODO passed:   6-7, 13, 19, 24-25, 31, 37, 40, 49, 60
                73, 78, 91, 100-103, 114-115, 126-127, 136-139
                150-151, 162-163, 170-172, 181, 190, 197-199
                208, 217, 228, 230, 232, 247, 259, 261-262
                273, 275, 277, 292, 304, 306-307
  Non-zero exit status: 1
t/14-stderr-tied.t       (Wstat: 256 Tests: 309 Failed: 1)
  Failed test:  308
  TODO passed:   6, 12, 18-19, 24, 30, 36-37, 40, 43, 46
                49, 52, 55, 60-61, 66-67, 72-73, 78-79
                84-85, 90-91, 100-101, 112-113, 124-127
                136-137, 148-149, 160-163, 170-171, 179-180
                188-190, 197-198, 206-207, 215-217, 228-232
                243-247, 258-262, 273-277, 288-292, 303-307
  Non-zero exit status: 1
t/15-stdin-tied.t        (Wstat: 256 Tests: 309 Failed: 1)
  Failed test:  308
  Non-zero exit status: 1
t/16-catch-errors.t      (Wstat: 256 Tests: 5 Failed: 1)
  Failed test:  5
  Non-zero exit status: 1
Files=15, Tests=3104, 114 wallclock secs ( 5.42 usr  0.73 sys + 48.19 cusr 50.41 csys = 104.75 CPU)
Result: FAIL
Failed 6/15 test programs. 6/3104 subtests failed.
make: *** [test_dynamic] Error 1
(/usr/bin/make test exited with 512)
CPAN::Reporter: Test result is 'fail', One or more tests failed.
CPAN::Reporter: preparing a CPAN Testers report for Capture-Tiny-0.09

CPAN::Reporter: this appears to be a duplicate report for the test phase:
FAIL Capture-Tiny-0.09 darwin-2level 7.9.0

Test report will not be sent.

  DAGOLDEN/Capture-Tiny-0.09.tar.gz
  /usr/bin/make test -- NOT OK
//hint// to see the cpan-testers results for installing this module, try:
  reports DAGOLDEN/Capture-Tiny-0.09.tar.gz
Running make install
  make test had returned bad status, won't install without force
Failed during this command:
 DAGOLDEN/Capture-Tiny-0.09.tar.gz            : make_test NO

