1 DBD-SQLite-0.31 > perl Makefile.PL
Checking if your kit is complete...
Looks good
Using DBI 1.40 (for perl 5.008002 on cygwin-thread-multi-64int) installed in /usr/lib/perl5/site_perl/5.8.2/cygwin-thread-multi-64int/auto/DBI
Writing Makefile for DBD::SQLite

2 DBD-SQLite-0.31 > make
cp getsqlite.pl blib/lib/DBD/getsqlite.pl
cp lib/DBD/SQLite.pm blib/lib/DBD/SQLite.pm
/usr/bin/perl.exe -p -e "s/~DRIVER~/SQLite/g" /usr/lib/perl5/site_perl/5.8.2/cygwin-thread-multi-64int/auto/DBI/Driver.xst > SQLite.xsi
/usr/bin/perl.exe /usr/lib/perl5/5.8.2/ExtUtils/xsubpp  -typemap /usr/lib/perl5/5.8.2/ExtUtils/typemap  SQLite.xs > SQLite.xsc && mv SQLite.xsc SQLite.c
gcc -c  -I/usr/lib/perl5/site_perl/5.8.2/cygwin-thread-multi-64int/auto/DBI -DPERL_USE_SAFE_PUTENV -fno-strict-aliasing -DUSEIMPORTLIB -O6 -DNDEBUG=1 -DSQLITE_PTR_SZ=4   -DVERSION=\"0.31\" -DXS_VERSION=\"0.31\"  "-I/usr/lib/perl5/5.8.2/cygwin-thread-multi-64int/CORE"   SQLite.c
gcc -c  -I/usr/lib/perl5/site_perl/5.8.2/cygwin-thread-multi-64int/auto/DBI -DPERL_USE_SAFE_PUTENV -fno-strict-aliasing -DUSEIMPORTLIB -O6 -DNDEBUG=1 -DSQLITE_PTR_SZ=4   -DVERSION=\"0.31\" -DXS_VERSION=\"0.31\"  "-I/usr/lib/perl5/5.8.2/cygwin-thread-multi-64int/CORE"   attach.c
gcc -c  -I/usr/lib/perl5/site_perl/5.8.2/cygwin-thread-multi-64int/auto/DBI -DPERL_USE_SAFE_PUTENV -fno-strict-aliasing -DUSEIMPORTLIB -O6 -DNDEBUG=1 -DSQLITE_PTR_SZ=4   -DVERSION=\"0.31\" -DXS_VERSION=\"0.31\"  "-I/usr/lib/perl5/5.8.2/cygwin-thread-multi-64int/CORE"   auth.c
gcc -c  -I/usr/lib/perl5/site_perl/5.8.2/cygwin-thread-multi-64int/auto/DBI -DPERL_USE_SAFE_PUTENV -fno-strict-aliasing -DUSEIMPORTLIB -O6 -DNDEBUG=1 -DSQLITE_PTR_SZ=4   -DVERSION=\"0.31\" -DXS_VERSION=\"0.31\"  "-I/usr/lib/perl5/5.8.2/cygwin-thread-multi-64int/CORE"   btree.c
gcc -c  -I/usr/lib/perl5/site_perl/5.8.2/cygwin-thread-multi-64int/auto/DBI -DPERL_USE_SAFE_PUTENV -fno-strict-aliasing -DUSEIMPORTLIB -O6 -DNDEBUG=1 -DSQLITE_PTR_SZ=4   -DVERSION=\"0.31\" -DXS_VERSION=\"0.31\"  "-I/usr/lib/perl5/5.8.2/cygwin-thread-multi-64int/CORE"   btree_rb.c
gcc -c  -I/usr/lib/perl5/site_perl/5.8.2/cygwin-thread-multi-64int/auto/DBI -DPERL_USE_SAFE_PUTENV -fno-strict-aliasing -DUSEIMPORTLIB -O6 -DNDEBUG=1 -DSQLITE_PTR_SZ=4   -DVERSION=\"0.31\" -DXS_VERSION=\"0.31\"  "-I/usr/lib/perl5/5.8.2/cygwin-thread-multi-64int/CORE"   build.c
gcc -c  -I/usr/lib/perl5/site_perl/5.8.2/cygwin-thread-multi-64int/auto/DBI -DPERL_USE_SAFE_PUTENV -fno-strict-aliasing -DUSEIMPORTLIB -O6 -DNDEBUG=1 -DSQLITE_PTR_SZ=4   -DVERSION=\"0.31\" -DXS_VERSION=\"0.31\"  "-I/usr/lib/perl5/5.8.2/cygwin-thread-multi-64int/CORE"   copy.c
gcc -c  -I/usr/lib/perl5/site_perl/5.8.2/cygwin-thread-multi-64int/auto/DBI -DPERL_USE_SAFE_PUTENV -fno-strict-aliasing -DUSEIMPORTLIB -O6 -DNDEBUG=1 -DSQLITE_PTR_SZ=4   -DVERSION=\"0.31\" -DXS_VERSION=\"0.31\"  "-I/usr/lib/perl5/5.8.2/cygwin-thread-multi-64int/CORE"   date.c
gcc -c  -I/usr/lib/perl5/site_perl/5.8.2/cygwin-thread-multi-64int/auto/DBI -DPERL_USE_SAFE_PUTENV -fno-strict-aliasing -DUSEIMPORTLIB -O6 -DNDEBUG=1 -DSQLITE_PTR_SZ=4   -DVERSION=\"0.31\" -DXS_VERSION=\"0.31\"  "-I/usr/lib/perl5/5.8.2/cygwin-thread-multi-64int/CORE"   dbdimp.c
gcc -c  -I/usr/lib/perl5/site_perl/5.8.2/cygwin-thread-multi-64int/auto/DBI -DPERL_USE_SAFE_PUTENV -fno-strict-aliasing -DUSEIMPORTLIB -O6 -DNDEBUG=1 -DSQLITE_PTR_SZ=4   -DVERSION=\"0.31\" -DXS_VERSION=\"0.31\"  "-I/usr/lib/perl5/5.8.2/cygwin-thread-multi-64int/CORE"   delete.c
gcc -c  -I/usr/lib/perl5/site_perl/5.8.2/cygwin-thread-multi-64int/auto/DBI -DPERL_USE_SAFE_PUTENV -fno-strict-aliasing -DUSEIMPORTLIB -O6 -DNDEBUG=1 -DSQLITE_PTR_SZ=4   -DVERSION=\"0.31\" -DXS_VERSION=\"0.31\"  "-I/usr/lib/perl5/5.8.2/cygwin-thread-multi-64int/CORE"   encode.c
gcc -c  -I/usr/lib/perl5/site_perl/5.8.2/cygwin-thread-multi-64int/auto/DBI -DPERL_USE_SAFE_PUTENV -fno-strict-aliasing -DUSEIMPORTLIB -O6 -DNDEBUG=1 -DSQLITE_PTR_SZ=4   -DVERSION=\"0.31\" -DXS_VERSION=\"0.31\"  "-I/usr/lib/perl5/5.8.2/cygwin-thread-multi-64int/CORE"   expr.c
gcc -c  -I/usr/lib/perl5/site_perl/5.8.2/cygwin-thread-multi-64int/auto/DBI -DPERL_USE_SAFE_PUTENV -fno-strict-aliasing -DUSEIMPORTLIB -O6 -DNDEBUG=1 -DSQLITE_PTR_SZ=4   -DVERSION=\"0.31\" -DXS_VERSION=\"0.31\"  "-I/usr/lib/perl5/5.8.2/cygwin-thread-multi-64int/CORE"   func.c
gcc -c  -I/usr/lib/perl5/site_perl/5.8.2/cygwin-thread-multi-64int/auto/DBI -DPERL_USE_SAFE_PUTENV -fno-strict-aliasing -DUSEIMPORTLIB -O6 -DNDEBUG=1 -DSQLITE_PTR_SZ=4   -DVERSION=\"0.31\" -DXS_VERSION=\"0.31\"  "-I/usr/lib/perl5/5.8.2/cygwin-thread-multi-64int/CORE"   hash.c
gcc -c  -I/usr/lib/perl5/site_perl/5.8.2/cygwin-thread-multi-64int/auto/DBI -DPERL_USE_SAFE_PUTENV -fno-strict-aliasing -DUSEIMPORTLIB -O6 -DNDEBUG=1 -DSQLITE_PTR_SZ=4   -DVERSION=\"0.31\" -DXS_VERSION=\"0.31\"  "-I/usr/lib/perl5/5.8.2/cygwin-thread-multi-64int/CORE"   insert.c
gcc -c  -I/usr/lib/perl5/site_perl/5.8.2/cygwin-thread-multi-64int/auto/DBI -DPERL_USE_SAFE_PUTENV -fno-strict-aliasing -DUSEIMPORTLIB -O6 -DNDEBUG=1 -DSQLITE_PTR_SZ=4   -DVERSION=\"0.31\" -DXS_VERSION=\"0.31\"  "-I/usr/lib/perl5/5.8.2/cygwin-thread-multi-64int/CORE"   main.c
gcc -c  -I/usr/lib/perl5/site_perl/5.8.2/cygwin-thread-multi-64int/auto/DBI -DPERL_USE_SAFE_PUTENV -fno-strict-aliasing -DUSEIMPORTLIB -O6 -DNDEBUG=1 -DSQLITE_PTR_SZ=4   -DVERSION=\"0.31\" -DXS_VERSION=\"0.31\"  "-I/usr/lib/perl5/5.8.2/cygwin-thread-multi-64int/CORE"   opcodes.c
gcc -c  -I/usr/lib/perl5/site_perl/5.8.2/cygwin-thread-multi-64int/auto/DBI -DPERL_USE_SAFE_PUTENV -fno-strict-aliasing -DUSEIMPORTLIB -O6 -DNDEBUG=1 -DSQLITE_PTR_SZ=4   -DVERSION=\"0.31\" -DXS_VERSION=\"0.31\"  "-I/usr/lib/perl5/5.8.2/cygwin-thread-multi-64int/CORE"   os.c
gcc -c  -I/usr/lib/perl5/site_perl/5.8.2/cygwin-thread-multi-64int/auto/DBI -DPERL_USE_SAFE_PUTENV -fno-strict-aliasing -DUSEIMPORTLIB -O6 -DNDEBUG=1 -DSQLITE_PTR_SZ=4   -DVERSION=\"0.31\" -DXS_VERSION=\"0.31\"  "-I/usr/lib/perl5/5.8.2/cygwin-thread-multi-64int/CORE"   pager.c
gcc -c  -I/usr/lib/perl5/site_perl/5.8.2/cygwin-thread-multi-64int/auto/DBI -DPERL_USE_SAFE_PUTENV -fno-strict-aliasing -DUSEIMPORTLIB -O6 -DNDEBUG=1 -DSQLITE_PTR_SZ=4   -DVERSION=\"0.31\" -DXS_VERSION=\"0.31\"  "-I/usr/lib/perl5/5.8.2/cygwin-thread-multi-64int/CORE"   parse.c
gcc -c  -I/usr/lib/perl5/site_perl/5.8.2/cygwin-thread-multi-64int/auto/DBI -DPERL_USE_SAFE_PUTENV -fno-strict-aliasing -DUSEIMPORTLIB -O6 -DNDEBUG=1 -DSQLITE_PTR_SZ=4   -DVERSION=\"0.31\" -DXS_VERSION=\"0.31\"  "-I/usr/lib/perl5/5.8.2/cygwin-thread-multi-64int/CORE"   pragma.c
gcc -c  -I/usr/lib/perl5/site_perl/5.8.2/cygwin-thread-multi-64int/auto/DBI -DPERL_USE_SAFE_PUTENV -fno-strict-aliasing -DUSEIMPORTLIB -O6 -DNDEBUG=1 -DSQLITE_PTR_SZ=4   -DVERSION=\"0.31\" -DXS_VERSION=\"0.31\"  "-I/usr/lib/perl5/5.8.2/cygwin-thread-multi-64int/CORE"   printf.c
gcc -c  -I/usr/lib/perl5/site_perl/5.8.2/cygwin-thread-multi-64int/auto/DBI -DPERL_USE_SAFE_PUTENV -fno-strict-aliasing -DUSEIMPORTLIB -O6 -DNDEBUG=1 -DSQLITE_PTR_SZ=4   -DVERSION=\"0.31\" -DXS_VERSION=\"0.31\"  "-I/usr/lib/perl5/5.8.2/cygwin-thread-multi-64int/CORE"   random.c
gcc -c  -I/usr/lib/perl5/site_perl/5.8.2/cygwin-thread-multi-64int/auto/DBI -DPERL_USE_SAFE_PUTENV -fno-strict-aliasing -DUSEIMPORTLIB -O6 -DNDEBUG=1 -DSQLITE_PTR_SZ=4   -DVERSION=\"0.31\" -DXS_VERSION=\"0.31\"  "-I/usr/lib/perl5/5.8.2/cygwin-thread-multi-64int/CORE"   select.c
gcc -c  -I/usr/lib/perl5/site_perl/5.8.2/cygwin-thread-multi-64int/auto/DBI -DPERL_USE_SAFE_PUTENV -fno-strict-aliasing -DUSEIMPORTLIB -O6 -DNDEBUG=1 -DSQLITE_PTR_SZ=4   -DVERSION=\"0.31\" -DXS_VERSION=\"0.31\"  "-I/usr/lib/perl5/5.8.2/cygwin-thread-multi-64int/CORE"   table.c
gcc -c  -I/usr/lib/perl5/site_perl/5.8.2/cygwin-thread-multi-64int/auto/DBI -DPERL_USE_SAFE_PUTENV -fno-strict-aliasing -DUSEIMPORTLIB -O6 -DNDEBUG=1 -DSQLITE_PTR_SZ=4   -DVERSION=\"0.31\" -DXS_VERSION=\"0.31\"  "-I/usr/lib/perl5/5.8.2/cygwin-thread-multi-64int/CORE"   tokenize.c
gcc -c  -I/usr/lib/perl5/site_perl/5.8.2/cygwin-thread-multi-64int/auto/DBI -DPERL_USE_SAFE_PUTENV -fno-strict-aliasing -DUSEIMPORTLIB -O6 -DNDEBUG=1 -DSQLITE_PTR_SZ=4   -DVERSION=\"0.31\" -DXS_VERSION=\"0.31\"  "-I/usr/lib/perl5/5.8.2/cygwin-thread-multi-64int/CORE"   trigger.c
gcc -c  -I/usr/lib/perl5/site_perl/5.8.2/cygwin-thread-multi-64int/auto/DBI -DPERL_USE_SAFE_PUTENV -fno-strict-aliasing -DUSEIMPORTLIB -O6 -DNDEBUG=1 -DSQLITE_PTR_SZ=4   -DVERSION=\"0.31\" -DXS_VERSION=\"0.31\"  "-I/usr/lib/perl5/5.8.2/cygwin-thread-multi-64int/CORE"   update.c
gcc -c  -I/usr/lib/perl5/site_perl/5.8.2/cygwin-thread-multi-64int/auto/DBI -DPERL_USE_SAFE_PUTENV -fno-strict-aliasing -DUSEIMPORTLIB -O6 -DNDEBUG=1 -DSQLITE_PTR_SZ=4   -DVERSION=\"0.31\" -DXS_VERSION=\"0.31\"  "-I/usr/lib/perl5/5.8.2/cygwin-thread-multi-64int/CORE"   util.c
gcc -c  -I/usr/lib/perl5/site_perl/5.8.2/cygwin-thread-multi-64int/auto/DBI -DPERL_USE_SAFE_PUTENV -fno-strict-aliasing -DUSEIMPORTLIB -O6 -DNDEBUG=1 -DSQLITE_PTR_SZ=4   -DVERSION=\"0.31\" -DXS_VERSION=\"0.31\"  "-I/usr/lib/perl5/5.8.2/cygwin-thread-multi-64int/CORE"   vacuum.c
gcc -c  -I/usr/lib/perl5/site_perl/5.8.2/cygwin-thread-multi-64int/auto/DBI -DPERL_USE_SAFE_PUTENV -fno-strict-aliasing -DUSEIMPORTLIB -O6 -DNDEBUG=1 -DSQLITE_PTR_SZ=4   -DVERSION=\"0.31\" -DXS_VERSION=\"0.31\"  "-I/usr/lib/perl5/5.8.2/cygwin-thread-multi-64int/CORE"   vdbe.c
gcc -c  -I/usr/lib/perl5/site_perl/5.8.2/cygwin-thread-multi-64int/auto/DBI -DPERL_USE_SAFE_PUTENV -fno-strict-aliasing -DUSEIMPORTLIB -O6 -DNDEBUG=1 -DSQLITE_PTR_SZ=4   -DVERSION=\"0.31\" -DXS_VERSION=\"0.31\"  "-I/usr/lib/perl5/5.8.2/cygwin-thread-multi-64int/CORE"   vdbeaux.c
gcc -c  -I/usr/lib/perl5/site_perl/5.8.2/cygwin-thread-multi-64int/auto/DBI -DPERL_USE_SAFE_PUTENV -fno-strict-aliasing -DUSEIMPORTLIB -O6 -DNDEBUG=1 -DSQLITE_PTR_SZ=4   -DVERSION=\"0.31\" -DXS_VERSION=\"0.31\"  "-I/usr/lib/perl5/5.8.2/cygwin-thread-multi-64int/CORE"   where.c
Running Mkbootstrap for DBD::SQLite ()
chmod 644 SQLite.bs
rm -f blib/arch/auto/DBD/SQLite/SQLite.dll
LD_RUN_PATH="" ld2  -s -L/usr/local/lib SQLite.o attach.o auth.o btree.o btree_rb.o build.o copy.o date.o dbdimp.o delete.o encode.o expr.o func.o hash.o insert.o main.o opcodes.o os.o pager.o parse.o pragma.o printf.o random.o select.o table.o tokenize.o trigger.o update.o util.o vacuum.o vdbe.o vdbeaux.o where.o  -o blib/arch/auto/DBD/SQLite/SQLite.dll  /usr/lib/perl5/5.8.2/cygwin-thread-multi-64int/CORE/libperl.dll.a    
gcc -shared -o  SQLite.dll -Wl,--out-implib=libSQLite.dll.a -Wl,--export-all-symbols -Wl,--enable-auto-import -Wl,--stack,8388608 \
-s -L/usr/local/lib SQLite.o attach.o auth.o btree.o btree_rb.o build.o copy.o date.o dbdimp.o delete.o encode.o expr.o func.o hash.o insert.o main.o opcodes.o os.o pager.o parse.o pragma.o printf.o random.o select.o table.o tokenize.o trigger.o update.o util.o vacuum.o vdbe.o vdbeaux.o where.o  /usr/lib/perl5/5.8.2/cygwin-thread-multi-64int/CORE/libperl.dll.a
Creating library file: libSQLite.dll.a
mv SQLite.dll libSQLite.dll.a blib/arch/auto/DBD/SQLite/
chmod 755 blib/arch/auto/DBD/SQLite/SQLite.dll
cp SQLite.bs blib/arch/auto/DBD/SQLite/SQLite.bs
chmod 644 blib/arch/auto/DBD/SQLite/SQLite.bs

3 DBD-SQLite-0.31 > make test
/usr/bin/perl.exe "-MExtUtils::Command::MM" "-e" "test_harness(0, 'blib/lib', 'blib/arch')" t/*.t
t/00basic...............ok
t/01logon...............ok
t/02cr_table............ok
t/03insert..............ok
t/04select..............ok
t/05tran................ok
t/06error...............ok
t/08create_function.....Bad free() ignored (PERL_CORE) at t/08create_function.t line 93.
Bad free() ignored (PERL_CORE) at t/08create_function.t line 96.
ok
t/09create_aggregate....ok
t/10dsnlist.............ok
t/20createdrop..........ok
t/30insertfetch.........ok
t/40bindparam...........ok
t/40blobs...............ok
t/40listfields..........ok
t/40nulls...............ok
t/40numrows.............ok
t/50chopblanks..........ok
t/50commit..............ok
t/60metadata............Bad free() ignored (PERL_CORE) at /admin/cpan/build/DBD-SQLite-0.31/blib/lib/DBD/SQLite.pm line 188.
Bad free() ignored (PERL_CORE) at /admin/cpan/build/DBD-SQLite-0.31/blib/lib/DBD/SQLite.pm line 188.
Bad free() ignored (PERL_CORE) at /admin/cpan/build/DBD-SQLite-0.31/blib/lib/DBD/SQLite.pm line 188.
Bad free() ignored (PERL_CORE) at /admin/cpan/build/DBD-SQLite-0.31/blib/lib/DBD/SQLite.pm line 188.
ok
t/90cppcomments.........ok
t/99cleanup.............ok
t/ak-dbd................ok
t/dbdadmin..............ok
All tests successful.
Files=24, Tests=348, 11 wallclock secs ( 4.16 cusr +  1.77 csys =  5.93 CPU)

4 DBD-SQLite-0.31 > make test TEST_VERBOSE=1 TEST_FILES="t/08create_function.t t/60metadata.t"
/usr/bin/perl.exe "-MExtUtils::Command::MM" "-e" "test_harness(1, 'blib/lib', 'blib/arch')" t/08create_function.t t/60metadata.t
t/08create_function....1..18
# Running under perl version 5.008002 for cygwin
# Current time local: Thu Mar 25 08:20:42 2004
# Current time GMT:   Thu Mar 25 13:20:42 2004
# Using Test.pm version 1.24
ok 1
ok 2
ok 3
ok 4
ok 5
ok 6
ok 7
ok 8
ok 9
ok 10
ok 11
ok 12
ok 13
ok 14
ok 15
ok 16
ok 17
ok 18
ok
t/60metadata...........1..24
# Running under perl version 5.008002 for cygwin
# Current time local: Thu Mar 25 08:20:43 2004
# Current time GMT:   Thu Mar 25 13:20:43 2004
# Using Test.pm version 1.24
ok 1
ok 2
ok 3
Bad free() ignored (PERL_CORE) at /admin/cpan/build/DBD-SQLite-0.31/blib/lib/DBD/SQLite.pm line 188.
Bad free() ignored (PERL_CORE) at /admin/cpan/build/DBD-SQLite-0.31/blib/lib/DBD/SQLite.pm line 188.
Bad free() ignored (PERL_CORE) at /admin/cpan/build/DBD-SQLite-0.31/blib/lib/DBD/SQLite.pm line 189.
Bad free() ignored (PERL_CORE) at /admin/cpan/build/DBD-SQLite-0.31/blib/lib/DBD/SQLite.pm line 189.
Bad free() ignored (PERL_CORE) at /admin/cpan/build/DBD-SQLite-0.31/blib/lib/DBD/SQLite.pm line 189.
Bad free() ignored (PERL_CORE) at /admin/cpan/build/DBD-SQLite-0.31/blib/lib/DBD/SQLite.pm line 189.
Bad free() ignored (PERL_CORE) at /admin/cpan/build/DBD-SQLite-0.31/blib/lib/DBD/SQLite.pm line 189.
Bad free() ignored (PERL_CORE) at /admin/cpan/build/DBD-SQLite-0.31/blib/lib/DBD/SQLite.pm line 200.
Bad free() ignored (PERL_CORE) at /admin/cpan/build/DBD-SQLite-0.31/blib/lib/DBD/SQLite.pm line 200.
ok 4
ok 5
ok 6
ok 7
ok 8
ok 9
ok 10
Bad free() ignored (PERL_CORE) at /admin/cpan/build/DBD-SQLite-0.31/blib/lib/DBD/SQLite.pm line 188.
Bad free() ignored (PERL_CORE) at /admin/cpan/build/DBD-SQLite-0.31/blib/lib/DBD/SQLite.pm line 188.
ok 11
ok 12
ok 13
ok 14
ok 15
ok 16
ok 17
ok 18
ok 19
ok 20
ok 21
ok 22
# Types: varchar(2) char(1)
# Names: f1 f2
ok 23
ok 24
ok
All tests successful.
Files=2, Tests=42,  1 wallclock secs ( 0.34 cusr +  0.16 csys =  0.50 CPU)

5 DBD-SQLite-0.31 > perl -V
Summary of my perl5 (revision 5.0 version 8 subversion 2) configuration:
  Platform:
    osname=cygwin, osvers=1.5.5(0.9432), archname=cygwin-thread-multi-64int
    uname='cygwin_nt-5.0 troubardix 1.5.5(0.9432) 2003-09-20 16:31 i686 unknown unknown cygwin '
    config_args='-de -Dmksymlinks -Duse64bitint -Dusethreads -Doptimize=-O2 -Dman3ext=3pm'
    hint=recommended, useposix=true, d_sigaction=define
    usethreads=define use5005threads=undef useithreads=define usemultiplicity=define
    useperlio=define d_sfio=undef uselargefiles=define usesocks=undef
    use64bitint=define use64bitall=undef uselongdouble=undef
    usemymalloc=y, bincompat5005=undef
  Compiler:
    cc='gcc', ccflags ='-DPERL_USE_SAFE_PUTENV -fno-strict-aliasing',
    optimize='-O2',
    cppflags='-DPERL_USE_SAFE_PUTENV -fno-strict-aliasing'
    ccversion='', gccversion='3.3.1 (cygming special)', gccosandvers=''
    intsize=4, longsize=4, ptrsize=4, doublesize=8, byteorder=12345678
    d_longlong=define, longlongsize=8, d_longdbl=define, longdblsize=12
    ivtype='long long', ivsize=8, nvtype='double', nvsize=8, Off_t='off_t', lseeksize=8
    alignbytes=8, prototype=define
  Linker and Libraries:
    ld='ld2', ldflags =' -s -L/usr/local/lib'
    libpth=/usr/local/lib /usr/lib /lib
    libs=-lgdbm -ldb -lcrypt -lgdbm_compat
    perllibs=-lcrypt -lgdbm_compat
    libc=/usr/lib/libc.a, so=dll, useshrplib=true, libperl=libperl.a
    gnulibc_version=''
  Dynamic Linking:
    dlsrc=dl_dlopen.xs, dlext=dll, d_dlsymun=undef, ccdlflags=' -s'
    cccdlflags=' ', lddlflags=' -s -L/usr/local/lib'


Characteristics of this binary (from libperl): 
  Compile-time options: MULTIPLICITY USE_ITHREADS USE_64_BIT_INT USE_LARGE_FILES PERL_IMPLICIT_CONTEXT
  Built under cygwin
  Compiled at Nov  7 2003 12:06:28
  %ENV:
    CYGWIN=""
  @INC:
    /usr/lib/perl5/5.8.2/cygwin-thread-multi-64int
    /usr/lib/perl5/5.8.2
    /usr/lib/perl5/site_perl/5.8.2/cygwin-thread-multi-64int
    /usr/lib/perl5/site_perl/5.8.2
    /usr/lib/perl5/site_perl
    .

6 DBD-SQLite-0.31 > cygcheck -s -v

Cygwin Win95/NT Configuration Diagnostics
Current System Time: Thu Mar 25 08:36:47 2004

Windows 2000 Professional Ver 5.0 Build 2195 Service Pack 4

Path:   C:\cygwin\home\jhedden\bin
        C:\cygwin\usr\local\bin
        C:\cygwin\bin
        C:\cygwin\bin
        C:\cygwin\usr\X11R6\bin
        c:\blp\API\dde
        c:\WINNT\system32
        c:\WINNT
        c:\WINNT\system32\WBEM
        c:\Program Files\Common Files\Autodesk Shared\
        c:\Program Files\Hummingbird\Connectivity\7.10\Accessories\
        c:\blp\API
        .

Output from C:\cygwin\bin\id.exe (nontsec)
UID: 1000(jhedden) GID: 545(Users)
545(Users)

Output from C:\cygwin\bin\id.exe (ntsec)
UID: 1000(jhedden) GID: 545(Users)
0(root)              544(Administrators)  
545(Users)           10545(mkgroup-l-d)

SysDir: C:\WINNT\system32
WinDir: C:\WINNT

HOME = `C:\cygwin\home\jhedden'
MAKE_MODE = `unix'
PWD = `/admin/cpan/build/DBD-SQLite-0.31'
USER = `jhedden'

ALLUSERSPROFILE = `C:\Documents and Settings\All Users'
APPDATA = `C:\Documents and Settings\jhedden\Application Data'
BASH_ENV = `/home/jhedden/.bashrc'
COLORFGBG = `default;default;0'
COLORTERM = `rxvt-xpm'
COMMONPROGRAMFILES = `C:\Program Files\Common Files'
COMPUTERNAME = `PN100-02-0043E'
COMSPEC = `C:\WINNT\system32\cmd.exe'
CVS_RSH = `/bin/ssh'
DEPT = `PROG'
DISPLAY = `:0'
ENV = `/home/jhedden/.bashrc'
FOFFICE = `pton'
FSUBNET = `pn101-01'
GROUP = `Users'
HISTFILE = `'
HOMEDRIVE = `C:'
HOMEPATH = `\Documents and Settings\jhedden'
HOSTNAME = `PN100-02-0043E'
IGNOREEOF = `'
IMAGE_DATE = `12-16-03'
IMAGE_NAME = `PROG2K1I'
IMAGE_VERSION = `1I11'
INFOPATH = `/usr/local/info:/usr/info:/usr/share/info:/usr/autotool/devel/info:/usr/autotool/stable/info:'
LANG = `C'
LANGUAGE = `C'
LC_ALL = `C'
LOGONSERVER = `\\PN1001'
MANPATH = `/usr/local/man:/usr/man:/usr/share/man:/usr/autotool/devel/man::/usr/ssl/man'
MYDOCS = `/cygdrive/c/Documents and Settings/jhedden/My Documents'
NUMBER_OF_PROCESSORS = `1'
OLDPWD = `/home/jhedden'
OS2LIBPATH = `C:\WINNT\system32\os2\dll;'
OS = `Windows_NT'
PAGER = `/bin/less -aeimR'
PATHEXT = `.COM;.EXE;.BAT;.CMD;.VBS;.VBE;.JS;.JSE;.WSF;.WSH'
PROCESSOR_ARCHITECTURE = `x86'
PROCESSOR_IDENTIFIER = `x86 Family 15 Model 2 Stepping 9, GenuineIntel'
PROCESSOR_LEVEL = `15'
PROCESSOR_REVISION = `0209'
PROGRAMFILES = `C:\Program Files'
PS1 = `\[\e]2;\w\007\]\[\e[1;31m\]\# \[\e[32m\]\W \[\e[36m\]> \[\e[0m\]'
SHLVL = `1'
SYSTEMDRIVE = `C:'
SYSTEMROOT = `C:\WINNT'
TEMP = `c:\TEMP'
TERM = `rxvt-cygwin-native'
TMP = `c:\TEMP'
USERDNSDOMAIN = `corp.bloomberg.com'
USERDOMAIN = `CORP'
USERNAME = `jhedden'
USERPROFILE = `C:\Documents and Settings\jhedden'
VIM = `c:\program files\vim'
WINDIR = `C:\WINNT'
WINDOWID = `168047496'
XT_APP = `/usr/bin/rxvt -j -ut -tn rxvt-cygwin-native -display :0 -fg white -bg black -font "Lucida Console-10"'
XT_GEOM = `-geometry 80x99'
XT_MAX = `99'
XT_SB = `-sb -sr -si -sk -sl 2500'
_ = `/usr/bin/cygcheck'
POSIXLY_CORRECT = `1'

Use `-r' to scan registry

a:  fd           N/A    N/A                    
c:  hd  NTFS   38161Mb  16% CP CS UN PA FC     
d:  cd           N/A    N/A                    
g:  net NTFS   10003Mb  38% CP CS UN PA FC     
h:  net NTFS   10003Mb  38% CP CS UN PA FC     
p:  net NTFS   1651901Mb 100% CP CS UN PA        shared
v:  net NTFS   1651901Mb 100% CP CS UN PA        shared
y:  net NTFS   451498Mb  69% CP CS UN PA FC     

C:\cygwin      /          user    binmode
C:\cygwin/bin  /usr/bin   user    binmode
C:\cygwin/lib  /usr/lib   user    binmode
.              /cygdrive  user    binmode,cygdrive

Found: C:\cygwin\bin\awk.exe
Found: C:\cygwin\bin\bash.exe
Found: C:\cygwin\bin\cat.exe
Found: C:\cygwin\bin\cp.exe
Found: C:\cygwin\bin\cpp.exe
Found: C:\cygwin\bin\find.exe
Found: C:\cygwin\bin\gcc.exe
Not Found: gdb
Found: C:\cygwin\bin\grep.exe
Found: C:\cygwin\bin\ld.exe
Found: C:\cygwin\bin\ls.exe
Found: C:\cygwin\bin\make.exe
Found: C:\cygwin\bin\mv.exe
Found: C:\cygwin\bin\rm.exe
Found: C:\cygwin\bin\sed.exe
Found: C:\cygwin\bin\sh.exe
Found: C:\cygwin\bin\tar.exe
Found: c:\Program Files\Hummingbird\Connectivity\7.10\Accessories\tar.exe
Warning: C:\cygwin\bin\tar.exe hides c:\Program Files\Hummingbird\Connectivity\7.10\Accessories\tar.exe

   61k 2003/08/09 C:\cygwin\bin\cygbz2-1.dll - os=4.0 img=1.0 sys=4.0
                  "cygbz2-1.dll" v0.0 ts=2003/8/9 2:35
    7k 2003/10/19 C:\cygwin\bin\cygcrypt-0.dll - os=4.0 img=1.0 sys=4.0
                  "cygcrypt-0.dll" v0.0 ts=2003/10/19 3:57
  841k 2004/03/17 C:\cygwin\bin\cygcrypto-0.9.7.dll - os=4.0 img=1.0 sys=4.0
                  "cygcrypto-0.9.7.dll" v0.0 ts=2004/3/17 17:58
  831k 2003/09/20 C:\cygwin\bin\cygdb-4.1.dll - os=4.0 img=1.0 sys=4.0
                  "cygdb-4.1.dll" v0.0 ts=2003/9/20 17:51
 1080k 2003/09/20 C:\cygwin\bin\cygdb_cxx-4.1.dll - os=4.0 img=1.0 sys=4.0
                  "cygdb_cxx-4.1.dll" v0.0 ts=2003/9/20 17:53
   45k 2001/04/25 C:\cygwin\bin\cygform5.dll - os=4.0 img=1.0 sys=4.0
                  "cygform5.dll" v0.0 ts=2001/4/25 1:28
   35k 2002/01/09 C:\cygwin\bin\cygform6.dll - os=4.0 img=1.0 sys=4.0
                  "cygform6.dll" v0.0 ts=2002/1/9 1:03
   48k 2003/08/09 C:\cygwin\bin\cygform7.dll - os=4.0 img=1.0 sys=4.0
                  "cygform7.dll" v0.0 ts=2003/8/9 5:25
   28k 2003/07/20 C:\cygwin\bin\cyggdbm-3.dll - os=4.0 img=1.0 sys=4.0
                  "cyggdbm-3.dll" v0.0 ts=2003/7/20 3:58
   30k 2003/08/11 C:\cygwin\bin\cyggdbm-4.dll - os=4.0 img=1.0 sys=4.0
                  "cyggdbm-4.dll" v0.0 ts=2003/8/10 22:12
   19k 2003/03/22 C:\cygwin\bin\cyggdbm.dll - os=4.0 img=1.0 sys=4.0
                  "cyggdbm.dll" v0.0 ts=2002/2/19 22:05
   15k 2003/07/20 C:\cygwin\bin\cyggdbm_compat-3.dll - os=4.0 img=1.0 sys=4.0
                  "cyggdbm_compat-3.dll" v0.0 ts=2003/7/20 4:00
   15k 2003/08/11 C:\cygwin\bin\cyggdbm_compat-4.dll - os=4.0 img=1.0 sys=4.0
                  "cyggdbm_compat-4.dll" v0.0 ts=2003/8/10 22:13
   69k 2003/08/10 C:\cygwin\bin\cyggettextlib-0-12-1.dll - os=4.0 img=1.0 sys=4.0
                  "cyggettextlib-0-12-1.dll" v0.0 ts=2003/8/10 18:10
   12k 2003/08/10 C:\cygwin\bin\cyggettextpo-0.dll - os=4.0 img=1.0 sys=4.0
                  "cyggettextpo-0.dll" v0.0 ts=2003/8/10 18:11
  134k 2003/08/10 C:\cygwin\bin\cyggettextsrc-0-12-1.dll - os=4.0 img=1.0 sys=4.0
                  "cyggettextsrc-0-12-1.dll" v0.0 ts=2003/8/10 18:10
   17k 2001/06/28 C:\cygwin\bin\cyghistory4.dll - os=4.0 img=1.0 sys=4.0
                  "cyghistory4.dll" v0.0 ts=2001/1/6 23:34
   29k 2003/08/10 C:\cygwin\bin\cyghistory5.dll - os=4.0 img=1.0 sys=4.0
                  "cyghistory5.dll" v0.0 ts=2003/8/10 19:16
  958k 2003/08/10 C:\cygwin\bin\cygiconv-2.dll - os=4.0 img=1.0 sys=4.0
                  "cygiconv-2.dll" v0.0 ts=2003/8/10 16:57
   22k 2001/12/13 C:\cygwin\bin\cygintl-1.dll - os=4.0 img=1.0 sys=4.0
                  "cygintl-1.dll" v0.0 ts=2001/12/13 4:28
   37k 2003/08/10 C:\cygwin\bin\cygintl-2.dll - os=4.0 img=1.0 sys=4.0
                  "cygintl-2.dll" v0.0 ts=2003/8/10 17:50
   26k 2001/04/25 C:\cygwin\bin\cygmenu5.dll - os=4.0 img=1.0 sys=4.0
                  "cygmenu5.dll" v0.0 ts=2001/4/25 1:27
   20k 2002/01/09 C:\cygwin\bin\cygmenu6.dll - os=4.0 img=1.0 sys=4.0
                  "cygmenu6.dll" v0.0 ts=2002/1/9 1:03
   29k 2003/08/09 C:\cygwin\bin\cygmenu7.dll - os=4.0 img=1.0 sys=4.0
                  "cygmenu7.dll" v0.0 ts=2003/8/9 5:25
   15k 2003/11/20 C:\cygwin\bin\cygminires.dll - os=4.0 img=0.97 sys=4.0
                  "cygminires.dll" v0.0 ts=2003/11/19 20:55
  156k 2001/04/25 C:\cygwin\bin\cygncurses++5.dll - os=4.0 img=1.0 sys=4.0
                  "cygncurses++5.dll" v0.0 ts=2001/4/25 1:29
  175k 2002/01/09 C:\cygwin\bin\cygncurses++6.dll - os=4.0 img=1.0 sys=4.0
                  "cygncurses++6.dll" v0.0 ts=2002/1/9 1:03
  226k 2001/04/25 C:\cygwin\bin\cygncurses5.dll - os=4.0 img=1.0 sys=4.0
                  "cygncurses5.dll" v0.0 ts=2001/4/25 1:17
  202k 2002/01/09 C:\cygwin\bin\cygncurses6.dll - os=4.0 img=1.0 sys=4.0
                  "cygncurses6.dll" v0.0 ts=2002/1/9 1:03
  224k 2003/08/09 C:\cygwin\bin\cygncurses7.dll - os=4.0 img=1.0 sys=4.0
                  "cygncurses7.dll" v0.0 ts=2003/8/9 5:24
   15k 2001/04/25 C:\cygwin\bin\cygpanel5.dll - os=4.0 img=1.0 sys=4.0
                  "cygpanel5.dll" v0.0 ts=2001/4/25 1:27
   12k 2002/01/09 C:\cygwin\bin\cygpanel6.dll - os=4.0 img=1.0 sys=4.0
                  "cygpanel6.dll" v0.0 ts=2002/1/9 1:03
   19k 2003/08/09 C:\cygwin\bin\cygpanel7.dll - os=4.0 img=1.0 sys=4.0
                  "cygpanel7.dll" v0.0 ts=2003/8/9 5:24
   62k 2003/12/11 C:\cygwin\bin\cygpcre-0.dll - os=4.0 img=1.0 sys=4.0
                  "cygpcre-0.dll" v0.0 ts=2003/12/11 12:01
   63k 2003/04/11 C:\cygwin\bin\cygpcre.dll - os=4.0 img=1.0 sys=4.0
                  "cygpcre.dll" v0.0 ts=2003/4/11 4:31
    9k 2003/12/11 C:\cygwin\bin\cygpcreposix-0.dll - os=4.0 img=1.0 sys=4.0
                  "cygpcreposix-0.dll" v0.0 ts=2003/12/11 12:01
   61k 2003/04/11 C:\cygwin\bin\cygpcreposix.dll - os=4.0 img=1.0 sys=4.0
                  "cygpcreposix.dll" v0.0 ts=2003/4/11 4:31
 1049k 2003/11/07 C:\cygwin\bin\cygperl5_8_2.dll - os=4.0 img=1.0 sys=4.0
                  "cygperl5_8_2.dll" v0.0 ts=2003/11/7 6:08
   22k 2002/06/09 C:\cygwin\bin\cygpopt-0.dll - os=4.0 img=1.0 sys=4.0
                  "cygpopt-0.dll" v0.0 ts=2002/6/9 1:45
  108k 2001/06/28 C:\cygwin\bin\cygreadline4.dll - os=4.0 img=1.0 sys=4.0
                  "cygreadline4.dll" v0.0 ts=2001/1/6 23:34
  148k 2003/08/10 C:\cygwin\bin\cygreadline5.dll - os=4.0 img=1.0 sys=4.0
                  "cygreadline5.dll" v0.0 ts=2003/8/10 19:16
  171k 2004/03/17 C:\cygwin\bin\cygssl-0.9.7.dll - os=4.0 img=1.0 sys=4.0
                  "cygssl-0.9.7.dll" v0.0 ts=2004/3/17 17:58
   61k 2003/12/04 C:\cygwin\bin\cygz.dll - os=4.0 img=1.0 sys=4.0
                  "cygz.dll" v0.0 ts=2003/12/3 22:03
 1100k 2004/03/19 C:\cygwin\bin\cygwin1.dll - os=4.0 img=1.0 sys=4.0
                  "cygwin1.dll" v0.0 ts=2004/3/18 23:05
    Cygwin DLL version info:
        DLL version: 1.5.9
        DLL epoch: 19
        DLL bad signal mask: 19005
        DLL old termios: 5
        DLL malloc env: 28
        API major: 0
        API minor: 112
        Shared data: 4
        DLL identifier: cygwin1
        Mount registry: 2
        Cygnus registry name: Cygnus Solutions
        Cygwin registry name: Cygwin
        Program options name: Program Options
        Cygwin mount registry name: mounts v2
        Cygdrive flags: cygdrive flags
        Cygdrive prefix: cygdrive prefix
        Cygdrive default prefix: 
        Build date: Thu Mar 18 23:05:18 EST 2004
        Shared id: cygwin1S4

Cygwin Package Information
Last downloaded files to: C:\cygwin\admin
Last downloaded files from: http://ftp.lug.udel.edu/pub/cygwin

Package              Version            
_update-info-dir     00227-1            
ash                  20040127-1         
base-files           2.6-1              
base-passwd          1.1-1              
bash                 2.05b-16           
bc                   1.06-1             
binutils             20040312-1         
bzip2                1.0.2-5            
crypt                1.1-1              
cygwin               1.5.9-1            
diffutils            2.8.4-1            
editrights           1.01-1             
fileutils            4.1-2              
findutils            4.1.7-4            
gawk                 3.1.3-4            
gcc                  3.3.1-3            
gcc-mingw-core       20031020-1         
gdbm                 1.8.3-7            
grep                 2.5-1              
groff                1.18.1-2           
gzip                 1.3.5-1            
less                 381-1              
libbz2_1             1.0.2-5            
libdb4.1             4.1.25-1           
libgdbm              1.8.0-5            
libgdbm-devel        1.8.3-7            
libgdbm3             1.8.3-3            
libgdbm4             1.8.3-7            
libgettextpo0        0.12.1-3           
libiconv2            1.9.1-3            
libintl1             0.10.40-1          
libintl2             0.12.1-3           
libncurses5          5.2-1              
libncurses6          5.2-8              
libncurses7          5.3-4              
libpcre              4.1-1              
libpcre0             4.5-1              
libpopt0             1.6.4-4            
libreadline4         4.1-2              
libreadline5         4.3-5              
login                1.9-7              
make                 3.80-1             
man                  1.5k-3             
mingw-runtime        3.2-1              
minires              0.97-1             
mktemp               1.5-3              
ncurses              5.3-4              
openssh              3.8p1-1            
openssl              0.9.7d-1           
perl                 5.8.2-1            
perl_manpages        5.8.2-1            
pilrc                3.1                
prc-tools            2.3                
prc-tools-htmldocs   2.3                
readline             4.3-5              
rsync                2.6.0-1            
rxvt                 2.7.10-4           
sed                  4.0.9-2            
sh-utils             2.0.15-4           
sharutils            4.2.1-3            
tar                  1.13.25-5          
tcltk                20030901-1         
termcap              20021106-2         
terminfo             5.3_20030726-1     
texinfo              4.2-4              
textutils            2.0.21-1           
unzip                5.50-5             
w32api               2.5-1              
wget                 1.9.1-1            
which                1.5-2              
zip                  2.3-6              
zlib                 1.2.1-1            
Use -h to see help about each section


