cpanm (App::cpanminus) 1.001 on perl 5.010001 built for i686-linux
Work directory is /home/mobapi/.cpanm/work/1285288023.25519
You have make /usr/bin/make
You have LWP 5.836
You have /bin/tar: tar (GNU tar) 1.15.1
You have /usr/bin/unzip
Searching WWW::MobileCarrierJP on cpanmetadb ...
Fetching http://search.cpan.org/CPAN/authors/id/T/TO/TOKUHIROM/WWW-MobileCarrierJP-0.48.tar.gz
-> OK
Unpacking WWW-MobileCarrierJP-0.48.tar.gz
Entering WWW-MobileCarrierJP-0.48
Checking if you have ExtUtils::MakeMaker 6.31 ... Yes (6.56)
Checking if you have ExtUtils::Install 1.46 ... Yes (1.54)
Checking if you have Module::Build 0.28 ... Yes (0.3607)
Checking if you have ExtUtils::MakeMaker 6.42 ... Yes (6.56)
Configuring WWW-MobileCarrierJP-0.48
Running Makefile.PL
Checking if your kit is complete...
Looks good
Writing Makefile for WWW::MobileCarrierJP
Writing MYMETA.yml
-> OK
Checking dependencies from MYMETA.yml ...
Finding PREREQ from Makefile ...
Checking if you have URI 0 ... Yes (1.54)
Checking if you have LWP::UserAgent 5.834 ... Yes (5.835)
Checking if you have Filter::Util::Call 0 ... Yes (1.08)
Checking if you have Web::Scraper 0.24 ... Yes (0.32)
Checking if you have HTML::Selector::XPath 0.03 ... Yes (0.04)
Checking if you have HTML::TableExtract 0 ... Yes (2.10)
Checking if you have Exporter 0.60 ... Yes (5.63)
Checking if you have Test::More 0.96 ... Yes (0.96)
Checking if you have LWP::Online 1.07 ... Yes (1.07)
Checking if you have ExtUtils::MakeMaker 6.42 ... Yes (6.56)
Checking if you have URI 0 ... Yes (1.54)
Checking if you have LWP::Online 1.07 ... Yes (1.07)
Checking if you have ExtUtils::MakeMaker 6.42 ... Yes (6.56)
Checking if you have Exporter 0.60 ... Yes (5.63)
Checking if you have Test::More 0.96 ... Yes (0.96)
Checking if you have Filter::Util::Call 0 ... Yes (1.08)
Checking if you have LWP::UserAgent 5.834 ... Yes (5.835)
Checking if you have Web::Scraper 0.24 ... Yes (0.32)
Checking if you have HTML::Selector::XPath 0.03 ... Yes (0.04)
Checking if you have HTML::TableExtract 0 ... Yes (2.10)
Building and testing WWW-MobileCarrierJP-0.48 for WWW::MobileCarrierJP
cp lib/WWW/MobileCarrierJP/EZWeb/PictogramInfo.pm blib/lib/WWW/MobileCarrierJP/EZWeb/PictogramInfo.pm
cp lib/WWW/MobileCarrierJP/ThirdForce/HTTPHeader.pm blib/lib/WWW/MobileCarrierJP/ThirdForce/HTTPHeader.pm
cp lib/WWW/MobileCarrierJP/DoCoMo/Display.pm blib/lib/WWW/MobileCarrierJP/DoCoMo/Display.pm
cp lib/WWW/MobileCarrierJP/EZWeb/DeviceID.pm blib/lib/WWW/MobileCarrierJP/EZWeb/DeviceID.pm
cp lib/WWW/MobileCarrierJP/ThirdForce/CIDR.pm blib/lib/WWW/MobileCarrierJP/ThirdForce/CIDR.pm
cp lib/WWW/MobileCarrierJP/ThirdForce/Service.pm blib/lib/WWW/MobileCarrierJP/ThirdForce/Service.pm
cp lib/WWW/MobileCarrierJP/DoCoMo/UserAgent.pm blib/lib/WWW/MobileCarrierJP/DoCoMo/UserAgent.pm
cp lib/WWW/MobileCarrierJP/AirHPhone/CIDR.pm blib/lib/WWW/MobileCarrierJP/AirHPhone/CIDR.pm
cp lib/WWW/MobileCarrierJP/Declare.pm blib/lib/WWW/MobileCarrierJP/Declare.pm
cp lib/WWW/MobileCarrierJP/EZWeb/CIDR.pm blib/lib/WWW/MobileCarrierJP/EZWeb/CIDR.pm
cp lib/WWW/MobileCarrierJP/DoCoMo/Flash.pm blib/lib/WWW/MobileCarrierJP/DoCoMo/Flash.pm
cp lib/WWW/MobileCarrierJP/ThirdForce/Java.pm blib/lib/WWW/MobileCarrierJP/ThirdForce/Java.pm
cp lib/WWW/MobileCarrierJP/DoCoMo/PictogramInfo.pm blib/lib/WWW/MobileCarrierJP/DoCoMo/PictogramInfo.pm
cp lib/WWW/MobileCarrierJP/ThirdForce/PictogramInfo.pm blib/lib/WWW/MobileCarrierJP/ThirdForce/PictogramInfo.pm
cp lib/WWW/MobileCarrierJP/EZWeb/Model.pm blib/lib/WWW/MobileCarrierJP/EZWeb/Model.pm
cp lib/WWW/MobileCarrierJP/DoCoMo/Java.pm blib/lib/WWW/MobileCarrierJP/DoCoMo/Java.pm
cp lib/WWW/MobileCarrierJP/ThirdForce/UserAgent.pm blib/lib/WWW/MobileCarrierJP/ThirdForce/UserAgent.pm
cp lib/WWW/MobileCarrierJP/EZWeb/BREW.pm blib/lib/WWW/MobileCarrierJP/EZWeb/BREW.pm
cp lib/WWW/MobileCarrierJP/DoCoMo/CIDR.pm blib/lib/WWW/MobileCarrierJP/DoCoMo/CIDR.pm
cp lib/WWW/MobileCarrierJP/ThirdForce/Flash.pm blib/lib/WWW/MobileCarrierJP/ThirdForce/Flash.pm
cp lib/WWW/MobileCarrierJP/DoCoMo/HTMLVersion.pm blib/lib/WWW/MobileCarrierJP/DoCoMo/HTMLVersion.pm
cp lib/WWW/MobileCarrierJP/ThirdForce/Display.pm blib/lib/WWW/MobileCarrierJP/ThirdForce/Display.pm
cp lib/WWW/MobileCarrierJP.pm blib/lib/WWW/MobileCarrierJP.pm
cp tools/www-mobilecarrierjp-dump_all.pl blib/script/www-mobilecarrierjp-dump_all.pl
/usr/local/bin/perl "-Iinc" -MExtUtils::MY -e 'MY->fixin(shift)' -- blib/script/www-mobilecarrierjp-dump_all.pl
Manifying blib/man3/WWW::MobileCarrierJP::ThirdForce::HTTPHeader.3
Manifying blib/man3/WWW::MobileCarrierJP::EZWeb::PictogramInfo.3
Manifying blib/man3/WWW::MobileCarrierJP::EZWeb::DeviceID.3
Manifying blib/man3/WWW::MobileCarrierJP::DoCoMo::Display.3
Manifying blib/man3/WWW::MobileCarrierJP::ThirdForce::CIDR.3
Manifying blib/man3/WWW::MobileCarrierJP::ThirdForce::Service.3
Manifying blib/man3/WWW::MobileCarrierJP::DoCoMo::UserAgent.3
Manifying blib/man3/WWW::MobileCarrierJP::AirHPhone::CIDR.3
Manifying blib/man3/WWW::MobileCarrierJP::EZWeb::CIDR.3
Manifying blib/man3/WWW::MobileCarrierJP::DoCoMo::Flash.3
Manifying blib/man3/WWW::MobileCarrierJP::ThirdForce::Java.3
Manifying blib/man3/WWW::MobileCarrierJP::DoCoMo::PictogramInfo.3
Manifying blib/man3/WWW::MobileCarrierJP::ThirdForce::PictogramInfo.3
Manifying blib/man3/WWW::MobileCarrierJP::EZWeb::Model.3
Manifying blib/man3/WWW::MobileCarrierJP::ThirdForce::UserAgent.3
Manifying blib/man3/WWW::MobileCarrierJP::DoCoMo::Java.3
Manifying blib/man3/WWW::MobileCarrierJP::ThirdForce::Flash.3
Manifying blib/man3/WWW::MobileCarrierJP::DoCoMo::CIDR.3
Manifying blib/man3/WWW::MobileCarrierJP::EZWeb::BREW.3
Manifying blib/man3/WWW::MobileCarrierJP::DoCoMo::HTMLVersion.3
Manifying blib/man3/WWW::MobileCarrierJP.3
Manifying blib/man3/WWW::MobileCarrierJP::ThirdForce::Display.3
PERL_DL_NONLAZY=1 /usr/local/bin/perl "-MExtUtils::Command::MM" "-e" "test_harness(0, 'inc', 'blib/lib', 'blib/arch')" t/*.t t/*/*.t t/*/*/*.t t/*/*/*/*.t
# XML::LibXML: 1.70
# libxml: 2.6.26
# HTML::TreeBuilder::LibXML: 0.12
t/00_compile.t .............................. ok
# au has 234 phones
t/010_ezweb/01_ez_modelmap.t ................ ok
t/010_ezweb/02_ez_deviceidmap.t ............. ok
t/010_ezweb/09_ezweb_brew.t ................. ok
t/020_docomo/03_docomo_displaymap.t ......... ok
validity error : ID top already defined
<a href="#" name="top" id="top"></a>
                               ^
validity error : ID contenttop already defined
<h1 class="title"><a name="contenttop" id="contenttop">Flash&reg;</a></h1>
                                                      ^
t/020_docomo/06_docomo_flash.t .............. ok
t/020_docomo/08_docomo_htmlversion.t ........ ok
t/020_docomo/13_docomo_useragent.t .......... ok
validity error : ID top already defined
<a href="#" name="top" id="top"></a>
                               ^
validity error : ID contenttop already defined
<h1 class="title"><a name="contenttop" id="contenttop">iアプリ</a></h1>
                                                      ^
t/020_docomo/14_docomo_java.t ............... ok
Malformed UTF-8 character (fatal) at /home/mobapi/perl5/lib/perl5/i686-linux/XML/LibXML/Error.pm line 217. at /home/mobapi/perl5/lib/perl5/HTML/TreeBuilder/LibXML.pm line 59
# Looks like your test exited with 255 before it could output anything.
t/030_thirdforce/07_thirdforce_useragent.t .. 
Dubious, test returned 255 (wstat 65280, 0xff00)
Failed 7/7 subtests 
Malformed UTF-8 character (fatal) at /home/mobapi/perl5/lib/perl5/i686-linux/XML/LibXML/Error.pm line 217, <DATA> line 1. at /home/mobapi/perl5/lib/perl5/HTML/TreeBuilder/LibXML.pm line 59
# Looks like your test exited with 255 before it could output anything.
t/030_thirdforce/10_thirdforce_service.t .... 
Dubious, test returned 255 (wstat 65280, 0xff00)
Failed 13/13 subtests 
Malformed UTF-8 character (fatal) at /home/mobapi/perl5/lib/perl5/i686-linux/XML/LibXML/Error.pm line 217. at /home/mobapi/perl5/lib/perl5/HTML/TreeBuilder/LibXML.pm line 59
t/030_thirdforce/11_thirdforce_headers.t .... 
Dubious, test returned 255 (wstat 65280, 0xff00)
No subtests run 
Malformed UTF-8 character (fatal) at /home/mobapi/perl5/lib/perl5/i686-linux/XML/LibXML/Error.pm line 217, <DATA> line 1. at /home/mobapi/perl5/lib/perl5/HTML/TreeBuilder/LibXML.pm line 59
# Looks like your test exited with 255 before it could output anything.
t/030_thirdforce/14_thirdforce_flash.t ...... 
Dubious, test returned 255 (wstat 65280, 0xff00)
Failed 9/9 subtests 
Malformed UTF-8 character (fatal) at /home/mobapi/perl5/lib/perl5/i686-linux/XML/LibXML/Error.pm line 217, <DATA> line 1. at /home/mobapi/perl5/lib/perl5/HTML/TreeBuilder/LibXML.pm line 59
# Looks like your test exited with 255 before it could output anything.
t/030_thirdforce/15_thirdforce_java.t ....... 
Dubious, test returned 255 (wstat 65280, 0xff00)
Failed 12/12 subtests 
Malformed UTF-8 character (fatal) at /home/mobapi/perl5/lib/perl5/i686-linux/XML/LibXML/Error.pm line 217, <DATA> line 1. at /home/mobapi/perl5/lib/perl5/HTML/TreeBuilder/LibXML.pm line 59
# Looks like you planned 14 tests but ran 1.
# Looks like your test exited with 255 just after 1.
t/030_thirdforce/16_thirdforce_display.t .... 
Dubious, test returned 255 (wstat 65280, 0xff00)
Failed 13/14 subtests 
t/040_common/04_cidr.t ...................... ok
t/040_common/05_pictogram.t ................. skipped: CAM::PDF required for testing pictogram info scraper
t/040_common/12_cidr_url.t .................. ok
t/pod.t ..................................... ok

Test Summary Report
-------------------
t/030_thirdforce/07_thirdforce_useragent.t (Wstat: 65280 Tests: 0 Failed: 0)
  Non-zero exit status: 255
  Parse errors: Bad plan.  You planned 7 tests but ran 0.
t/030_thirdforce/10_thirdforce_service.t  (Wstat: 65280 Tests: 0 Failed: 0)
  Non-zero exit status: 255
  Parse errors: Bad plan.  You planned 13 tests but ran 0.
t/030_thirdforce/11_thirdforce_headers.t  (Wstat: 65280 Tests: 0 Failed: 0)
  Non-zero exit status: 255
  Parse errors: No plan found in TAP output
t/030_thirdforce/14_thirdforce_flash.t    (Wstat: 65280 Tests: 0 Failed: 0)
  Non-zero exit status: 255
  Parse errors: Bad plan.  You planned 9 tests but ran 0.
t/030_thirdforce/15_thirdforce_java.t     (Wstat: 65280 Tests: 0 Failed: 0)
  Non-zero exit status: 255
  Parse errors: Bad plan.  You planned 12 tests but ran 0.
t/030_thirdforce/16_thirdforce_display.t  (Wstat: 65280 Tests: 1 Failed: 0)
  Non-zero exit status: 255
  Parse errors: Bad plan.  You planned 14 tests but ran 1.
Files=19, Tests=233, 94 wallclock secs ( 0.00 usr  0.17 sys +  3.15 cusr  4.42 csys =  7.74 CPU)
Result: FAIL
Failed 6/19 test programs. 0/233 subtests failed.
make: *** [test_dynamic] エラー 255
-> FAIL Installing WWW::MobileCarrierJP failed. See /home/mobapi/.cpanm/build.log for details.
