cpanm (App::cpanminus) 1.5009 on perl 5.014002 built for x86_64-linux-thread-multi
Work directory is /home/geistteufel/.cpanm/work/1333199889.32208
You have make /usr/bin/make
You have LWP 6.04
You have /bin/tar: tar (GNU tar) 1.25
Copyright © 2010 Free Software Foundation, Inc.
Licence GPLv3+ : GNU GPL version 3 ou ultérieure <http://gnu.org/licenses/gpl.html>
Ceci est un logiciel libre : vous êtes libre de le modifier et de le redistribuer.
Il est fourni SANS GARANTIE, dans la mesure de ce que permet la loi.

Écrit par John Gilmore et Jay Fenlason.
Searching Role::Tiny on cpanmetadb ...
--> Working on Role::Tiny
Fetching http://cpan.celogeek.com/authors/id/M/MS/MSTROUT/Role-Tiny-1.000000.tar.gz ... OK
Unpacking Role-Tiny-1.000000.tar.gz
Role-Tiny-1.000000/
Role-Tiny-1.000000/maint/
Role-Tiny-1.000000/maint/bump-version
Role-Tiny-1.000000/maint/Makefile.PL.include
Role-Tiny-1.000000/lib/
Role-Tiny-1.000000/lib/Role/
Role-Tiny-1.000000/lib/Role/Tiny.pm
Role-Tiny-1.000000/lib/Role/Tiny/
Role-Tiny-1.000000/lib/Role/Tiny/With.pm
Role-Tiny-1.000000/README
Role-Tiny-1.000000/t/
Role-Tiny-1.000000/t/role-tiny.t
Role-Tiny-1.000000/t/role-tiny-with.t
Role-Tiny-1.000000/META.yml
Role-Tiny-1.000000/META.json
Role-Tiny-1.000000/MANIFEST
Role-Tiny-1.000000/Makefile.PL
Role-Tiny-1.000000/Changes
Entering Role-Tiny-1.000000
Checking configure dependencies from META.yml
Checking if you have ExtUtils::MakeMaker 0 ... Yes (6.62)
Configuring Role-Tiny-1.000000 ... Running Makefile.PL
Checking if your kit is complete...
Looks good
Writing Makefile for Role-Tiny
Writing MYMETA.yml and MYMETA.json
OK
Checking dependencies from MYMETA.json ...
Checking if you have Test::More 0.96 ... Yes (1.005000_004)
Checking if you have Test::Fatal 0.003 ... Yes (0.010)
Building and testing Role-Tiny-1.000000 ... cp lib/Role/Tiny/With.pm blib/lib/Role/Tiny/With.pm
cp lib/Role/Tiny.pm blib/lib/Role/Tiny.pm
Manifying blib/man3/Role::Tiny::With.3
Manifying blib/man3/Role::Tiny.3
PERL_DL_NONLAZY=1 /home/geistteufel/perl5/perlbrew/perls/perl-test-builder2/bin/perl "-MExtUtils::Command::MM" "-e" "test_harness(0, 'blib/lib', 'blib/arch')" t/*.t
t/role-tiny-with.t .. ok
Can't locate Class/Method/Modifiers.pm in @INC (@INC contains: /home/geistteufel/.cpanm/work/1333199889.32208/Role-Tiny-1.000000/blib/lib /home/geistteufel/.cpanm/work/1333199889.32208/Role-Tiny-1.000000/blib/arch /home/geistteufel/perl5/perlbrew/perls/perl-test-builder2/lib/site_perl/5.14.2/x86_64-linux-thread-multi /home/geistteufel/perl5/perlbrew/perls/perl-test-builder2/lib/site_perl/5.14.2 /home/geistteufel/perl5/perlbrew/perls/perl-test-builder2/lib/5.14.2/x86_64-linux-thread-multi /home/geistteufel/perl5/perlbrew/perls/perl-test-builder2/lib/5.14.2 .) at /home/geistteufel/.cpanm/work/1333199889.32208/Role-Tiny-1.000000/blib/lib/Role/Tiny.pm line 51.
BEGIN failed--compilation aborted at t/role-tiny.t line 18.
t/role-tiny.t ....... 
Dubious, test returned 2 (wstat 512, 0x200)
No subtests run 

Test Summary Report
-------------------
t/role-tiny.t     (Wstat: 512 Tests: 0 Failed: 0)
  Non-zero exit status: 2
  Parse errors: No plan found in TAP output
Files=2, Tests=3,  1 wallclock secs ( 0.04 usr  0.02 sys +  0.28 cusr  0.05 csys =  0.39 CPU)
Result: FAIL
Failed 1/2 test programs. 0/3 subtests failed.
make: *** [test_dynamic] Erreur 2
FAIL
! Testing Role-Tiny-1.000000 failed but installing it anyway.
Manifying blib/man3/Role::Tiny::With.3
Manifying blib/man3/Role::Tiny.3
Appending installation info to /home/geistteufel/perl5/perlbrew/perls/perl-test-builder2/lib/5.14.2/x86_64-linux-thread-multi/perllocal.pod
Successfully reinstalled Role-Tiny-1.000000
1 distribution installed