May 14 15:35:10 DEBUG 1265141456 DSProductHelper::LogProductInfo: Vendor name: Cloudera
May 14 15:35:10 DEBUG 1265141456 DSProductHelper::LogProductInfo: Driver name: Cloudera ODBC Driver for Impala
May 14 15:35:10 DEBUG 1265141456 DSProductHelper::LogProductInfo: Driver version: 2.5.26.1027
May 14 15:35:10 DEBUG 1265141456 DSProductHelper::LogProductInfo: Unknown loaded this 64-bit driver
May 14 15:35:10 INFO  1265141456 Driver::LogVersions: SDK Version: 09.03.09.1009
May 14 15:35:10 INFO  1265141456 Driver::LogVersions: DSII Version: 2.5.26.1027
May 14 15:35:10 INFO  1265141456 Driver::Initialize: Database CHAR Encoding: UTF-8
May 14 15:35:10 INFO  1265141456 Driver::Initialize: Database WCHAR Encoding: UTF-16LE
May 14 15:35:10 INFO  1265141456 Driver::Initialize: ANSI CHAR Encoding: latin1
May 14 15:35:10 INFO  1265141456 Driver::Initialize: Driver Manager WCHAR Encoding: UTF-16LE
May 14 15:35:10 INFO  1265141456 Driver::Initialize: Locale name: en_US
May 14 15:35:10 INFO  1265141456 Driver::Initialize: Bitness: 64-bit
May 14 15:35:10 TRACE 1265141456 CInterface::SQLAllocHandle: +++++ enter +++++
May 14 15:35:10 INFO  1265141456 CInterface::SQLAllocHandle: Allocating environment handle.
May 14 15:35:10 TRACE 1265141456 Driver::CreateEnvironment: +++++ enter +++++
May 14 15:35:10 TRACE 1265141456 ImpalaEnvironment::ImpalaEnvironment: +++++ enter +++++
May 14 15:35:10 TRACE 1265141456 Driver::RegisterEnvironment: +++++ enter +++++
May 14 15:35:10 TRACE 1265141456 CInterface::SQLSetEnvAttr: +++++ enter +++++
May 14 15:35:10 TRACE 1265141456 Driver::GetEnvironment: +++++ enter +++++
May 14 15:35:10 TRACE 1265141456 Environment::SQLSetEnvAttr: +++++ enter +++++
May 14 15:35:10 INFO  1265141456 Environment::SQLSetEnvAttr: Attribute: SQL_ATTR_ODBC_VERSION (200)
May 14 15:35:10 TRACE 1265141456 EnvironmentState1Allocated::SQLSetEnvAttr: +++++ enter +++++
May 14 15:35:10 TRACE 1265141456 EnvironmentAttributes::SetAttribute: +++++ enter +++++
May 14 15:35:10 INFO  1265141456 EnvironmentAttributes::SetAttribute: Setting ODBC version to: 3
May 14 15:35:10 TRACE 1265141456 CInterface::SQLGetEnvAttr: +++++ enter +++++
May 14 15:35:10 TRACE 1265141456 Driver::GetEnvironment: +++++ enter +++++
May 14 15:35:10 TRACE 1265141456 Environment::SQLGetEnvAttr: +++++ enter +++++
May 14 15:35:10 INFO  1265141456 Environment::SQLGetEnvAttr: Attribute: SQL_ATTR_ODBC_VERSION (200)
May 14 15:35:10 TRACE 1265141456 EnvironmentState::SQLGetEnvAttr: +++++ enter +++++
May 14 15:35:10 TRACE 1265141456 CInterface::SQLAllocHandle: +++++ enter +++++
May 14 15:35:10 INFO  1265141456 CInterface::SQLAllocHandle: Allocating connection handle.
May 14 15:35:10 TRACE 1265141456 Driver::GetEnvironment: +++++ enter +++++
May 14 15:35:10 TRACE 1265141456 Environment::SQLAllocHandle: +++++ enter +++++
May 14 15:35:10 TRACE 1265141456 EnvironmentState1Allocated::SQLAllocHandle: +++++ enter +++++
May 14 15:35:10 TRACE 1265141456 ImpalaEnvironment::CreateConnection: +++++ enter +++++
May 14 15:35:10 TRACE 1265141456 ImpalaConnection::ImpalaConnection: +++++ enter +++++
May 14 15:35:10 TRACE 1265141456 Driver::RegisterConnection: +++++ enter +++++
May 14 15:35:10 TRACE 1265141456 CInterface::SQLDriverConnect: +++++ enter +++++
May 14 15:35:10 TRACE 1265141456 Connection::SQLDriverConnectW: +++++ enter +++++
May 14 15:35:10 TRACE 1265141456 ConnectionState2::SQLDriverConnectW: +++++ enter +++++
May 14 15:35:10 TRACE 1265141456 ImpalaConnection::UpdateConnectionSettings: +++++ enter +++++
May 14 15:35:10 DEBUG 1265141456 DSConnectionUtils::LogConnectionSettings: AuthMech: 0
May 14 15:35:10 DEBUG 1265141456 DSConnectionUtils::LogConnectionSettings: CAIssuedCertNamesMismatch: 1
May 14 15:35:10 DEBUG 1265141456 DSConnectionUtils::LogConnectionSettings: Database: default
May 14 15:35:10 DEBUG 1265141456 DSConnectionUtils::LogConnectionSettings: Description: Cloudera Impala ODBC Driver 64-bit
May 14 15:35:10 DEBUG 1265141456 DSConnectionUtils::LogConnectionSettings: Driver: /opt/cloudera/impalaodbc/lib/64/libclouderaimpalaodbc64.so
May 14 15:35:10 DEBUG 1265141456 DSConnectionUtils::LogConnectionSettings: Driver64: /opt/cloudera/impalaodbc/lib/64/libclouderaimpalaodbc64.so
May 14 15:35:10 DEBUG 1265141456 DSConnectionUtils::LogConnectionSettings: DSN: Cloudera64
May 14 15:35:10 DEBUG 1265141456 DSConnectionUtils::LogConnectionSettings: EnableSimulatedTransactions: 1
May 14 15:35:10 DEBUG 1265141456 DSConnectionUtils::LogConnectionSettings: ErrorMessagesPath: /opt/cloudera/impalaodbc/ErrorMessages/
May 14 15:35:10 DEBUG 1265141456 DSConnectionUtils::LogConnectionSettings: HOST: glados19
May 14 15:35:10 DEBUG 1265141456 DSConnectionUtils::LogConnectionSettings: KrbFQDN: 
May 14 15:35:10 DEBUG 1265141456 DSConnectionUtils::LogConnectionSettings: KrbRealm: 
May 14 15:35:10 DEBUG 1265141456 DSConnectionUtils::LogConnectionSettings: KrbServiceName: 
May 14 15:35:10 DEBUG 1265141456 DSConnectionUtils::LogConnectionSettings: LogLevel: 6
May 14 15:35:10 DEBUG 1265141456 DSConnectionUtils::LogConnectionSettings: LogPath: /tmp/impalaodbc.log
May 14 15:35:10 DEBUG 1265141456 DSConnectionUtils::LogConnectionSettings: PORT: 21050
May 14 15:35:10 DEBUG 1265141456 DSConnectionUtils::LogConnectionSettings: PWD: *****
May 14 15:35:10 DEBUG 1265141456 DSConnectionUtils::LogConnectionSettings: RowsFetchedPerBlock: 10000
May 14 15:35:10 DEBUG 1265141456 DSConnectionUtils::LogConnectionSettings: SocketTimeout: 0
May 14 15:35:10 DEBUG 1265141456 DSConnectionUtils::LogConnectionSettings: StringColumnLength: 32767
May 14 15:35:10 DEBUG 1265141456 DSConnectionUtils::LogConnectionSettings: TrustedCerts: /opt/cloudera/impalaodbc/lib/64/cacerts.pem
May 14 15:35:10 DEBUG 1265141456 DSConnectionUtils::LogConnectionSettings: TSaslTransportBufSize: 1000
May 14 15:35:10 DEBUG 1265141456 DSConnectionUtils::LogConnectionSettings: UID: 
May 14 15:35:10 DEBUG 1265141456 DSConnectionUtils::LogConnectionSettings: UseNativeQuery: 0
May 14 15:35:10 TRACE 1265141456 ImpalaConnection::Connect: +++++ enter +++++
May 14 15:35:10 DEBUG 1265141456 DSConnectionUtils::LogConnectionSettings: AuthMech: 0
May 14 15:35:10 DEBUG 1265141456 DSConnectionUtils::LogConnectionSettings: CAIssuedCertNamesMismatch: 1
May 14 15:35:10 DEBUG 1265141456 DSConnectionUtils::LogConnectionSettings: Database: default
May 14 15:35:10 DEBUG 1265141456 DSConnectionUtils::LogConnectionSettings: Description: Cloudera Impala ODBC Driver 64-bit
May 14 15:35:10 DEBUG 1265141456 DSConnectionUtils::LogConnectionSettings: Driver: /opt/cloudera/impalaodbc/lib/64/libclouderaimpalaodbc64.so
May 14 15:35:10 DEBUG 1265141456 DSConnectionUtils::LogConnectionSettings: Driver64: /opt/cloudera/impalaodbc/lib/64/libclouderaimpalaodbc64.so
May 14 15:35:10 DEBUG 1265141456 DSConnectionUtils::LogConnectionSettings: DSN: Cloudera64
May 14 15:35:10 DEBUG 1265141456 DSConnectionUtils::LogConnectionSettings: EnableSimulatedTransactions: 1
May 14 15:35:10 DEBUG 1265141456 DSConnectionUtils::LogConnectionSettings: ErrorMessagesPath: /opt/cloudera/impalaodbc/ErrorMessages/
May 14 15:35:10 DEBUG 1265141456 DSConnectionUtils::LogConnectionSettings: HOST: glados19
May 14 15:35:10 DEBUG 1265141456 DSConnectionUtils::LogConnectionSettings: KrbFQDN: 
May 14 15:35:10 DEBUG 1265141456 DSConnectionUtils::LogConnectionSettings: KrbRealm: 
May 14 15:35:10 DEBUG 1265141456 DSConnectionUtils::LogConnectionSettings: KrbServiceName: 
May 14 15:35:10 DEBUG 1265141456 DSConnectionUtils::LogConnectionSettings: LogLevel: 6
May 14 15:35:10 DEBUG 1265141456 DSConnectionUtils::LogConnectionSettings: LogPath: /tmp/impalaodbc.log
May 14 15:35:10 DEBUG 1265141456 DSConnectionUtils::LogConnectionSettings: PORT: 21050
May 14 15:35:10 DEBUG 1265141456 DSConnectionUtils::LogConnectionSettings: PWD: *****
May 14 15:35:10 DEBUG 1265141456 DSConnectionUtils::LogConnectionSettings: RowsFetchedPerBlock: 10000
May 14 15:35:10 DEBUG 1265141456 DSConnectionUtils::LogConnectionSettings: SocketTimeout: 0
May 14 15:35:10 DEBUG 1265141456 DSConnectionUtils::LogConnectionSettings: StringColumnLength: 32767
May 14 15:35:10 DEBUG 1265141456 DSConnectionUtils::LogConnectionSettings: TrustedCerts: /opt/cloudera/impalaodbc/lib/64/cacerts.pem
May 14 15:35:10 DEBUG 1265141456 DSConnectionUtils::LogConnectionSettings: TSaslTransportBufSize: 1000
May 14 15:35:10 DEBUG 1265141456 DSConnectionUtils::LogConnectionSettings: UID: 
May 14 15:35:10 DEBUG 1265141456 DSConnectionUtils::LogConnectionSettings: UseNativeQuery: 0
May 14 15:35:10 DEBUG 1265141456 ImpalaConnection::Connect: Enable simulated transactions: true
May 14 15:35:10 TRACE 1265141456 ImpalaTCLIServiceThreadSafeClient::ImpalaTCLIServiceThreadSafeClient: +++++ enter +++++
May 14 15:35:10 TRACE 1265141456 ImpalaTCLIServiceThreadSafeClient::OpenSession: +++++ enter +++++
May 14 15:35:10 DEBUG 1265141456 ImpalaTCLIServiceThreadSafeClient::OpenSession: TOpenSessionReq
    client_protocol = HIVE_CLI_SERVICE_PROTOCOL_V6
May 14 15:35:10 DEBUG 1265141456 ImpalaTCLIServiceThreadSafeClient::OpenSession: TOpenSessionResp
    serverProtocolVersion = HIVE_CLI_SERVICE_PROTOCOL_V6
    sessionHandle.sessionId.guid = 810658f4f35142d893d6201917894815
May 14 15:35:10 TRACE 1265141456 ImpalaTCLIServiceThreadSafeClient::OpenSession: +++++ leave +++++
May 14 15:35:10 DEBUG 1265141456 ImpalaClient::OpenSession: Result set serialization used: COLUMNAR
May 14 15:35:10 TRACE 1265141456 ImpalaTCLIServiceThreadSafeClient::ExecuteStatement: +++++ enter +++++
May 14 15:35:10 DEBUG 1265141456 ImpalaTCLIServiceThreadSafeClient::ExecuteStatement: TExecuteStatementReq
    sessionHandle.sessionId.guid = 810658f4f35142d893d6201917894815
    statement = SHOW DATABASES
    runAsync = false
May 14 15:35:10 TRACE 1265141456 ImpalaTCLIServiceThreadSafeClient::ExecuteStatement: +++++ leave +++++
May 14 15:35:10 TRACE 1265141456 ImpalaTCLIServiceThreadSafeClient::GetOperationStatus: +++++ enter +++++
May 14 15:35:10 DEBUG 1265141456 ImpalaTCLIServiceThreadSafeClient::GetOperationStatus: TGetOperationStatusReq
    operationHandle.operationId.guid = 626130f5b0a94484b94e929fbbd31590
May 14 15:35:10 TRACE 1265141456 ImpalaTCLIServiceThreadSafeClient::GetOperationStatus: +++++ leave +++++
May 14 15:35:10 TRACE 1265141456 ImpalaClient::FetchEntireStringColumn: +++++ enter +++++
May 14 15:35:10 TRACE 1265141456 ImpalaTCLIServiceThreadSafeClient::FetchResults: +++++ enter +++++
May 14 15:35:10 TRACE 1265141456 ImpalaTCLIServiceThreadSafeClient::FetchResults: +++++ leave +++++
May 14 15:35:10 TRACE 1265141456 ImpalaTCLIServiceThreadSafeClient::FetchResults: +++++ enter +++++
May 14 15:35:10 TRACE 1265141456 ImpalaTCLIServiceThreadSafeClient::FetchResults: +++++ leave +++++
May 14 15:35:10 TRACE 1265141456 ImpalaTCLIServiceThreadSafeClient::CloseOperation: +++++ enter +++++
May 14 15:35:10 DEBUG 1265141456 ImpalaTCLIServiceThreadSafeClient::CloseOperation: TCloseOperationReq
    operationHandle.operationId.guid = 626130f5b0a94484b94e929fbbd31590
May 14 15:35:10 TRACE 1265141456 ImpalaTCLIServiceThreadSafeClient::CloseOperation: +++++ leave +++++
May 14 15:35:10 TRACE 1265141456 ImpalaTCLIServiceThreadSafeClient::GetInfo: +++++ enter +++++
May 14 15:35:10 TRACE 1265141456 ImpalaTCLIServiceThreadSafeClient::GetInfo: +++++ leave +++++
May 14 15:35:10 TRACE 1265141456 ImpalaSettings::LogSettings: +++++ enter +++++
May 14 15:35:10 DEBUG 1265141456 ImpalaSettings::LogSettings: m_authMech: No Authentication
May 14 15:35:10 DEBUG 1265141456 ImpalaSettings::LogSettings: m_delegationUid: 
May 14 15:35:10 DEBUG 1265141456 ImpalaSettings::LogSettings: m_useNativeQuery: false
May 14 15:35:10 TRACE 1265141456 TESettings::LogSettings: +++++ enter +++++
May 14 15:35:10 DEBUG 1265141456 TESettings::LogSettings: m_krbServiceName: 
May 14 15:35:10 DEBUG 1265141456 TESettings::LogSettings: m_krbHostFQDN: 
May 14 15:35:10 DEBUG 1265141456 TESettings::LogSettings: m_httpPath: 
May 14 15:35:10 DEBUG 1265141456 TESettings::LogSettings: m_httpUserAgent: 
May 14 15:35:10 DEBUG 1265141456 TESettings::LogSettings: m_trustedCertsPath: 
May 14 15:35:10 DEBUG 1265141456 TESettings::LogSettings: m_saslAuthMech: PLAIN
May 14 15:35:10 DEBUG 1265141456 TESettings::LogSettings: m_httpAuthType: NO_AUTHORIZATION
May 14 15:35:10 DEBUG 1265141456 TESettings::LogSettings: m_krbADUserNameCase: UNCHANGED
May 14 15:35:10 DEBUG 1265141456 TESettings::LogSettings: m_isAllowSelfSignedCerts: false
May 14 15:35:10 DEBUG 1265141456 TESettings::LogSettings: m_isAllowCommonNameMismatch: false
May 14 15:35:10 DEBUG 1265141456 TESettings::LogSettings: m_isAllowCommonNameMismatch: false
May 14 15:35:10 DEBUG 1265141456 TESettings::LogSettings: m_isEnableDebugLogging: false
May 14 15:35:10 TRACE 1265141456 CInterface::SQLGetFunctions: +++++ enter +++++
May 14 15:35:10 TRACE 1265141456 Connection::SQLGetFunctions: +++++ enter +++++
May 14 15:35:10 TRACE 1265141456 ConnectionState::SQLGetFunctions: +++++ enter +++++
May 14 15:35:10 TRACE 1265141456 CInterface::SQLGetInfo: +++++ enter +++++
May 14 15:35:10 TRACE 1265141456 Connection::SQLGetInfoW: +++++ enter +++++
May 14 15:35:10 INFO  1265141456 Connection::SQLGetInfoW: InfoType: SQL_DRIVER_ODBC_VER (77)
May 14 15:35:10 TRACE 1265141456 CInterface::SQLGetDiagRec: +++++ enter +++++
May 14 15:35:10 TRACE 1265141456 CInterface::SQLSetConnectAttr: +++++ enter +++++
May 14 15:35:10 ERROR 1265141456 CInterface::SQLSetConnectAttr: Invalid connection handle.
May 14 15:35:10 TRACE 1265141456 CInterface::SQLFreeHandle: +++++ enter +++++
May 14 15:35:10 ERROR 1265141456 CInterface::SQLFreeHandle: Invalid connection handle.
May 14 15:35:10 TRACE 1265141456 CInterface::SQLFreeHandle: +++++ enter +++++
May 14 15:35:10 TRACE 1265141456 Driver::FreeEnvironment: +++++ enter +++++
May 14 15:35:10 TRACE 1265141456 Driver::GetEnvironment: +++++ enter +++++
May 14 15:35:10 TRACE 1265141456 ImpalaConnection::Disconnect: +++++ enter +++++
May 14 15:35:10 TRACE 1265141456 ImpalaTCLIServiceThreadSafeClient::CloseSession: +++++ enter +++++
May 14 15:35:10 DEBUG 1265141456 ImpalaTCLIServiceThreadSafeClient::CloseSession: TCloseSessionReq
    sessionHandle.sessionId.guid = 810658f4f35142d893d6201917894815
May 14 15:35:10 TRACE 1265141456 ImpalaTCLIServiceThreadSafeClient::CloseSession: +++++ leave +++++
May 14 15:35:10 TRACE 1265141456 ImpalaTCLIServiceThreadSafeClient::~ImpalaTCLIServiceThreadSafeClient: +++++ enter +++++
