cpanm (App::cpanminus) 1.7001 on perl 5.018001 built for darwin-2level
Work directory is /Users/dsteinbrunner/.cpanm/work/1384912705.45593
You have make /usr/bin/make
You have LWP 6.05
You have /usr/bin/tar: bsdtar 2.8.3 - libarchive 2.8.3
You have /usr/bin/unzip
--> Working on E/ET/ETHER/MooseX-Runnable-0.05.tar.gz
Fetching http://www.cpan.org/authors/id/E/ET/ETHER/MooseX-Runnable-0.05.tar.gz
-> OK
Unpacking MooseX-Runnable-0.05.tar.gz
Entering MooseX-Runnable-0.05
Checking configure dependencies from META.json
Checking if you have Module::Build::Tiny 0.030 ... Yes (0.030)
Checking if you have ExtUtils::MakeMaker 6.30 ... Yes (6.82)
Checking if you have Module::Build 0.36 ... Yes (0.4202)
Configuring MooseX-Runnable-0.05
Running Build.PL
Creating new 'Build' script for 'MooseX-Runnable' version '0.05'
-> OK
Checking dependencies from MYMETA.json ...
Checking if you have warnings 0 ... Yes (1.18)
Checking if you have Moose 0 ... Yes (2.1005)
Checking if you have Test::TableDriven 0 ... Yes (0.02)
Checking if you have List::MoreUtils 0 ... Yes (0.33)
Checking if you have Params::Util 0 ... Yes (1.07)
Checking if you have Module::Runtime 0 ... Yes (0.013)
Checking if you have Test::Fatal 0 ... Yes (0.013)
Checking if you have FindBin 0 ... Yes (1.51)
Checking if you have MooseX::Types 0 ... Yes (0.38)
Checking if you have MooseX::Types::Moose 0 ... Yes (0.38)
Checking if you have List::Util 0 ... Yes (1.35)
Checking if you have ok 0 ... Yes (0.11)
Checking if you have namespace::autoclean 0 ... Yes (0.14)
Checking if you have MooseX::Getopt 0 ... Yes (0.58)
Checking if you have strict 0 ... Yes (1.07)
Checking if you have Path::Tiny 0 ... Yes (0.044)
Checking if you have File::Spec::Functions 0 ... Yes (3.40)
Checking if you have Test::More 0 ... Yes (1.001002)
Checking if you have MooseX::Types::Path::Tiny 0 ... Yes (0.006)
Checking if you have ExtUtils::MakeMaker 0 ... Yes (6.82)
Checking if you have Moose::Role 0 ... Yes (2.1005)
Building and testing MooseX-Runnable-0.05
cp lib/MooseX/Runnable/Invocation/Plugin/Role/CmdlineArgs.pm blib/lib/MooseX/Runnable/Invocation/Plugin/Role/CmdlineArgs.pm
cp lib/MooseX/Runnable/Invocation/Plugin/Restart/Base.pm blib/lib/MooseX/Runnable/Invocation/Plugin/Restart/Base.pm
cp lib/MooseX/Runnable/Invocation/Role/WithParsedArgs.pm blib/lib/MooseX/Runnable/Invocation/Role/WithParsedArgs.pm
cp lib/MooseX/Runnable/Invocation.pm blib/lib/MooseX/Runnable/Invocation.pm
cp lib/MooseX/Runnable/Run.pm blib/lib/MooseX/Runnable/Run.pm
cp lib/MooseX/Runnable/Invocation/Plugin/Restart/Auto.pm blib/lib/MooseX/Runnable/Invocation/Plugin/Restart/Auto.pm
cp script/bin/mx-run blib/script/bin/mx-run
cp lib/MooseX/Runnable/Invocation/MxRun.pm blib/lib/MooseX/Runnable/Invocation/MxRun.pm
cp lib/MooseX/Runnable/Invocation/Plugin/Debug.pm blib/lib/MooseX/Runnable/Invocation/Plugin/Debug.pm
cp lib/MooseX/Runnable/Invocation/Plugin/Restart.pm blib/lib/MooseX/Runnable/Invocation/Plugin/Restart.pm
cp lib/MooseX/Runnable.pm blib/lib/MooseX/Runnable.pm
cp lib/MooseX/Runnable/Util/ArgParser.pm blib/lib/MooseX/Runnable/Util/ArgParser.pm
cp lib/MooseX/Runnable/Invocation/Scheme/MooseX/Getopt.pm blib/lib/MooseX/Runnable/Invocation/Scheme/MooseX/Getopt.pm
cp lib/MooseX/Runnable/Invocation/Plugin/PAR.pm blib/lib/MooseX/Runnable/Invocation/Plugin/PAR.pm
cp lib/MooseX/Runnable/Invocation/Plugin/Profile.pm blib/lib/MooseX/Runnable/Invocation/Plugin/Profile.pm
t/00-load.t ..................... ok
# 
# Versions for all modules listed in MYMETA.json (including optional ones):
#    Version Module                   
#   -------- -------------------------
#   2.132830 CPAN::Meta               
#      2.125 CPAN::Meta::Requirements 
#       6.82 ExtUtils::MakeMaker      
#       3.40 File::Spec::Functions    
#       1.51 FindBin                  
#       0.33 List::MoreUtils          
#       1.35 List::Util               
#      0.030 Module::Build::Tiny      
#      0.013 Module::Runtime          
#     2.1005 Moose                    
#     2.1005 Moose::Role              
#       0.58 MooseX::Getopt           
#       0.38 MooseX::Types            
#       0.38 MooseX::Types::Moose     
#      0.006 MooseX::Types::Path::Tiny
#       1.07 Params::Util             
#      0.044 Path::Tiny               
#      0.013 Test::Fatal              
#   1.001002 Test::More               
#       0.02 Test::TableDriven        
#       0.14 namespace::autoclean     
#       0.11 ok                       
#       1.07 strict                   
#       1.18 warnings                 
t/00-report-prereqs.t ........... ok
t/arg-parser.t .................. ok

#   Failed test 'run lived'
#   at t/basic-mx-getopt.t line 44.
#          got: 'Can't locate Class2.pm in @INC (you may need to install the Class2 module) (@INC contains: /Users/dsteinbrunner/.cpanm/work/1384912705.45593/MooseX-Runnable-0.05/blib/arch /Users/dsteinbrunner/.cpanm/work/1384912705.45593/MooseX-Runnable-0.05/blib/lib /Users/dsteinbrunner/perl5/perlbrew/perls/perl-5.18.1/lib/site_perl/5.18.1/darwin-2level /Users/dsteinbrunner/perl5/perlbrew/perls/perl-5.18.1/lib/site_perl/5.18.1 /Users/dsteinbrunner/perl5/perlbrew/perls/perl-5.18.1/lib/5.18.1/darwin-2level /Users/dsteinbrunner/perl5/perlbrew/perls/perl-5.18.1/lib/5.18.1 .) at /Users/dsteinbrunner/perl5/perlbrew/perls/perl-5.18.1/lib/site_perl/5.18.1/Module/Runtime.pm line 317.
# '
#     expected: undef

#   Failed test 'exit status ok'
#   at t/basic-mx-getopt.t line 48.
#          got: undef
#     expected: '0'
# Looks like you failed 2 tests of 9.
t/basic-mx-getopt.t ............. 
Dubious, test returned 2 (wstat 512, 0x200)
Failed 2/9 subtests 
Can't locate MooseX/Runnable/Invocation/Plugin/ExitFixer.pm in @INC (you may need to install the MooseX::Runnable::Invocation::Plugin::ExitFixer module) (@INC contains: /Users/dsteinbrunner/.cpanm/work/1384912705.45593/MooseX-Runnable-0.05/blib/arch /Users/dsteinbrunner/.cpanm/work/1384912705.45593/MooseX-Runnable-0.05/blib/lib /Users/dsteinbrunner/perl5/perlbrew/perls/perl-5.18.1/lib/site_perl/5.18.1/darwin-2level /Users/dsteinbrunner/perl5/perlbrew/perls/perl-5.18.1/lib/site_perl/5.18.1 /Users/dsteinbrunner/perl5/perlbrew/perls/perl-5.18.1/lib/5.18.1/darwin-2level /Users/dsteinbrunner/perl5/perlbrew/perls/perl-5.18.1/lib/5.18.1 .) at /Users/dsteinbrunner/perl5/perlbrew/perls/perl-5.18.1/lib/site_perl/5.18.1/Module/Runtime.pm line 317.
# Looks like you planned 8 tests but ran 5.
# Looks like your test exited with 2 just after 5.
t/basic.t ....................... 
Dubious, test returned 2 (wstat 512, 0x200)
Failed 3/8 subtests 

#   Failed test 'created invocation without dying'
#   at t/invocation-plugin-initargs.t line 50.
#          got: 'Can't locate Plugin.pm in @INC (you may need to install the Plugin module) (@INC contains: /Users/dsteinbrunner/.cpanm/work/1384912705.45593/MooseX-Runnable-0.05/blib/arch /Users/dsteinbrunner/.cpanm/work/1384912705.45593/MooseX-Runnable-0.05/blib/lib /Users/dsteinbrunner/perl5/perlbrew/perls/perl-5.18.1/lib/site_perl/5.18.1/darwin-2level /Users/dsteinbrunner/perl5/perlbrew/perls/perl-5.18.1/lib/site_perl/5.18.1 /Users/dsteinbrunner/perl5/perlbrew/perls/perl-5.18.1/lib/5.18.1/darwin-2level /Users/dsteinbrunner/perl5/perlbrew/perls/perl-5.18.1/lib/5.18.1 .) at /Users/dsteinbrunner/perl5/perlbrew/perls/perl-5.18.1/lib/site_perl/5.18.1/Module/Runtime.pm line 317.
# '
#     expected: undef

#   Failed test 'created invocation ok'
#   at t/invocation-plugin-initargs.t line 52.
Can't call method "run" on an undefined value at t/invocation-plugin-initargs.t line 53.
# Looks like you planned 7 tests but ran 2.
# Looks like you failed 2 tests of 2 run.
# Looks like your test exited with 2 just after 2.
t/invocation-plugin-initargs.t .. 
Dubious, test returned 2 (wstat 512, 0x200)
Failed 7/7 subtests 
t/reverse-args.t ................ ok

Test Summary Report
-------------------
t/basic-mx-getopt.t           (Wstat: 512 Tests: 9 Failed: 2)
  Failed tests:  7, 9
  Non-zero exit status: 2
t/basic.t                     (Wstat: 512 Tests: 5 Failed: 0)
  Non-zero exit status: 2
  Parse errors: Bad plan.  You planned 8 tests but ran 5.
t/invocation-plugin-initargs.t (Wstat: 512 Tests: 2 Failed: 2)
  Failed tests:  1-2
  Non-zero exit status: 2
  Parse errors: Bad plan.  You planned 7 tests but ran 2.
Files=7, Tests=90,  1 wallclock secs ( 0.05 usr  0.02 sys +  1.67 cusr  0.11 csys =  1.85 CPU)
Result: FAIL
-> FAIL Installing E/ET/ETHER/MooseX-Runnable-0.05.tar.gz failed. See /Users/dsteinbrunner/.cpanm/work/1384912705.45593/build.log for details. Retry with --force to force install it.
