INFO  01:22:59.910 +++++++++++++++++++++++++++++++++++++++++++++++++++++++++++++++++++++++++++++++++
INFO  01:22:59.911 +                        U P D A T E       S C H E M A                         +
INFO  01:22:59.911 +++++++++++++++++++++++++++++++++++++++++++++++++++++++++++++++++++++++++++++++++
INFO  01:22:59.911 Started at        : Thu Dec  4 01:22:55 2003
INFO  01:22:59.912 Executable name   : /vobs/LDN_EQ_CMAD_RIT_SAFE/bin/utilities/update_schema
INFO  01:22:59.912 Interpreted by    : /sbcimp/run/pd/perl/5.8.0/bin/perl, v5.008
INFO  01:22:59.912 Process id        : 693
INFO  01:22:59.912 User              : ruscoekm
INFO  01:22:59.913 +++++++++++++++++++++++++++++++++++++++++++++++++++++++++++++++++++++++++++++++++
INFO  01:22:59.913 
INFO  01:22:59.915 ++++++++++++++++++++++++++++++++++++++++++++++++++++++++++++++++++++++++++++++++++
INFO  01:22:59.915 +             Welcome to SAFE!  This is Release 5.2.0 ("dalwhinnie")             +
INFO  01:22:59.916 ++++++++++++++++++++++++++++++++++++++++++++++++++++++++++++++++++++++++++++++++++
INFO  01:22:59.916 
INFO  01:22:59.920 
INFO  01:22:59.920                         +++++ Configuration Report +++++
INFO  01:22:59.921                                ++++ Options ++++
INFO  01:22:59.921 
INFO  01:22:59.922 Long Option         Short Option   Value
INFO  01:22:59.922 ===========         ============   =====
INFO  01:22:59.923 batch_mode          b              1
INFO  01:22:59.923 cfg_file            c              safe.cfg
INFO  01:22:59.924 debug               d              stack, warnings
INFO  01:22:59.925 log_file            l              /sbcimp/dyn/data/SAFE/ruscoekm/output/tp_4/se_4000/tc_400000/400000.log
INFO  01:22:59.926 password            P              ***
INFO  01:22:59.926 server              S              LN_RSCHD5_SQL
INFO  01:22:59.927 user                U              ruscoekm
INFO  01:22:59.928 web                 W              1
INFO  01:22:59.928 write_to            w              /sbcimp/dyn/data/SAFE/ruscoekm/output/tp_4/se_4000/tc_400000
INFO  01:22:59.929 
INFO  01:22:59.929         ----------------------------------------------------------------
INFO  01:22:59.930 
INFO  01:22:59.930                         ++++ Environment Variables ++++
INFO  01:22:59.931 
INFO  01:22:59.931 Name                Value
INFO  01:22:59.932 ====                =====
INFO  01:22:59.933 AUDITDB             audit
INFO  01:22:59.933 COVERAGE_TESTING    YES
INFO  01:22:59.934 SAFE_HOME           /vobs/LDN_EQ_CMAD_RIT_SAFE
INFO  01:22:59.934 
INFO  01:22:59.935         ----------------------------------------------------------------
INFO  01:22:59.936 --------------------------------------------------------------------------------
INFO  01:22:59.944 
INFO  01:22:59.944         +++++ Initialising and loading supporting repository files +++++
INFO  01:22:59.945 
INFO  01:22:59.945 Loading and validating DBMS from file ./DBMS.rps...
INFO  01:22:59.979 Loading and validating extra columns from file ./COLUMNS.rps...
INFO  01:23:00.109 Loading and validating filters from file ./FILTERS.rps...
INFO  01:23:00.136 Loading and validating rep columns from file ./REP_COLUMNS.rps...
INFO  01:23:00.170 Loading and validating safe dbs from file ./SAFE_DBS.rps...
INFO  01:23:00.217 Loading and validating stored procs from file ./STORED_PROCS.rps...
INFO  01:23:00.259 Loading and validating trigger cfgs from file ./TRIGGERS.rps...
INFO  01:23:00.332 Loading and validating view cfgs from file ./VIEWS.rps...
INFO  01:23:00.354 
INFO  01:23:00.354 --------------------------------------------------------------------------------
INFO  01:23:00.398 
INFO  01:23:00.398               +++++ Loading objects from the SAFE Repository +++++
INFO  01:23:00.399                         ++++ Loading simple objects ++++
INFO  01:23:00.399 
INFO  01:23:00.400 Loading and validating messages from file ./MESSAGES.rps...
INFO  01:23:00.419 Loading and validating defaults from file ./DEFAULTS.rps...
INFO  01:23:00.442 Loading and validating rules from file ./RULES.rps...
INFO  01:23:00.466 Loading and validating types from file ./TYPES.rps...
INFO  01:23:00.531 
INFO  01:23:00.532         ----------------------------------------------------------------
INFO  01:23:00.534 
INFO  01:23:00.534                        ++++ Loading complex objects ++++
INFO  01:23:00.534                  +++ Loading key information for all tables +++
INFO  01:23:00.535 
INFO  01:23:00.536 Processing no 1/4 - cache_control...
INFO  01:23:00.729 Processing no 2/4 - table1...
INFO  01:23:00.746 Processing no 3/4 - table2...
INFO  01:23:00.762 Processing no 4/4 - table3...
INFO  01:23:00.779 
INFO  01:23:00.779                 ------------------------------------------------
INFO  01:23:00.780 
INFO  01:23:00.781                          +++ Loading chosen tables +++
INFO  01:23:00.781 
INFO  01:23:00.782 Processing no 1/4 - cache_control...
INFO  01:23:00.947 Processing no 2/4 - table1...
INFO  01:23:01.796 Processing no 3/4 - table2...
INFO  01:23:02.163 Processing no 4/4 - table3...
INFO  01:23:02.496 
INFO  01:23:02.497                 ------------------------------------------------
INFO  01:23:02.498 
INFO  01:23:02.499                  +++ Loading views from the SAFE Repository +++
INFO  01:23:02.499 
INFO  01:23:02.500 Processing no 1/2 - view1...
INFO  01:23:02.541 Processing no 2/2 - view2...
INFO  01:23:02.592 
INFO  01:23:02.593                 ------------------------------------------------
INFO  01:23:02.594 
INFO  01:23:02.595                  +++ Loading procs from the SAFE Repository +++
INFO  01:23:02.595 
INFO  01:23:02.596 Processing no 1/2 - proc1...
INFO  01:23:02.643 Processing no 2/2 - proc2...
INFO  01:23:02.686 
INFO  01:23:02.686                 ------------------------------------------------
INFO  01:23:02.687         ----------------------------------------------------------------
INFO  01:23:02.688 --------------------------------------------------------------------------------
INFO  01:23:02.689 
INFO  01:23:02.689                      +++++ Writing objects to the Web +++++
INFO  01:23:02.690                       ++++ Writing supporting objects ++++
INFO  01:23:02.690 
INFO  01:23:02.691 Writing DBMS to file /sbcimp/dyn/data/SAFE/ruscoekm/output/tp_4/se_4000/tc_400000/DBMS.html...
INFO  01:23:02.739 Writing extra columns to file /sbcimp/dyn/data/SAFE/ruscoekm/output/tp_4/se_4000/tc_400000/COLUMNS.html...
INFO  01:23:02.773 Writing filters to file /sbcimp/dyn/data/SAFE/ruscoekm/output/tp_4/se_4000/tc_400000/FILTERS.html...
INFO  01:23:02.801 Writing rep columns to file /sbcimp/dyn/data/SAFE/ruscoekm/output/tp_4/se_4000/tc_400000/REP_COLUMNS.html...
INFO  01:23:02.824 Writing safe dbs to file /sbcimp/dyn/data/SAFE/ruscoekm/output/tp_4/se_4000/tc_400000/SAFE_DBS.html...
INFO  01:23:02.868 Writing stored procs to file /sbcimp/dyn/data/SAFE/ruscoekm/output/tp_4/se_4000/tc_400000/STORED_PROCS.html...
INFO  01:23:02.924 Writing view cfgs to file /sbcimp/dyn/data/SAFE/ruscoekm/output/tp_4/se_4000/tc_400000/VIEWS.html...
INFO  01:23:02.953 
INFO  01:23:02.953         ----------------------------------------------------------------
INFO  01:23:02.954 
INFO  01:23:02.955                         ++++ Writing simple objects ++++
INFO  01:23:02.955 
INFO  01:23:02.956 Writing messages to file /sbcimp/dyn/data/SAFE/ruscoekm/output/tp_4/se_4000/tc_400000/MESSAGES.html...
INFO  01:23:02.989 Writing defaults to file /sbcimp/dyn/data/SAFE/ruscoekm/output/tp_4/se_4000/tc_400000/DEFAULTS.html...
INFO  01:23:03.025 Writing rules to file /sbcimp/dyn/data/SAFE/ruscoekm/output/tp_4/se_4000/tc_400000/RULES.html...
INFO  01:23:03.051 Writing types to file /sbcimp/dyn/data/SAFE/ruscoekm/output/tp_4/se_4000/tc_400000/TYPES.html...
INFO  01:23:03.083 
INFO  01:23:03.084         ----------------------------------------------------------------
INFO  01:23:03.086 
INFO  01:23:03.086                        ++++ Writing complex objects ++++
INFO  01:23:03.086                        +++ Performing impact analysis +++
INFO  01:23:03.087                                  ++ Phase 1 ++
INFO  01:23:03.087 
INFO  01:23:03.088 Processing tables...1/4
INFO  01:23:03.089 Processing tables...2/4
INFO  01:23:03.155 Processing tables...3/4
INFO  01:23:03.179 Processing tables...4/4
INFO  01:23:03.202 Processing views...1/2
INFO  01:23:03.205 Processing views...2/2
INFO  01:23:03.209 Processing procs...1/2
INFO  01:23:03.214 Processing procs...2/2
INFO  01:23:03.218 
INFO  01:23:03.218                         --------------------------------
INFO  01:23:03.219 
INFO  01:23:03.220                                  ++ Phase 2 ++
INFO  01:23:03.220 
INFO  01:23:03.221 Processing tables...1/4
INFO  01:23:03.224 Processing tables...2/4
INFO  01:23:03.226 Processing tables...3/4
INFO  01:23:03.229 Processing tables...4/4
INFO  01:23:03.232 Processing views...1/2
INFO  01:23:03.233 Processing views...2/2
INFO  01:23:03.234 Processing procs...1/2
INFO  01:23:03.236 Processing procs...2/2
INFO  01:23:03.238 
INFO  01:23:03.239                         --------------------------------
INFO  01:23:03.240 
INFO  01:23:03.240                                  ++ Phase 3 ++
INFO  01:23:03.241 
INFO  01:23:03.242 Processing tables...1/4
INFO  01:23:03.244 Processing tables...2/4
INFO  01:23:03.247 Processing tables...3/4
INFO  01:23:03.249 Processing tables...4/4
INFO  01:23:03.251 Processing views...1/2
INFO  01:23:03.252 Processing views...2/2
INFO  01:23:03.254 Processing procs...1/2
INFO  01:23:03.257 Processing procs...2/2
INFO  01:23:03.261 
INFO  01:23:03.261                         --------------------------------
INFO  01:23:03.262                 ------------------------------------------------
INFO  01:23:03.263 
INFO  01:23:03.264                              +++ Writing tables +++
INFO  01:23:03.264 
INFO  01:23:03.265 Processing no 1/4 - cache_control...
INFO  01:23:03.342 Processing no 2/4 - table1...
INFO  01:23:04.327 Processing no 3/4 - table2...
INFO  01:23:04.712 Processing no 4/4 - table3...
INFO  01:23:05.095 
INFO  01:23:05.095                 ------------------------------------------------
INFO  01:23:05.096 
INFO  01:23:05.097                              +++ Writing views +++
INFO  01:23:05.097 
INFO  01:23:05.098 Processing no 1/2 - view1...
INFO  01:23:05.130 Processing no 2/2 - view2...
INFO  01:23:05.180 
INFO  01:23:05.181                 ------------------------------------------------
INFO  01:23:05.182 
INFO  01:23:05.183                              +++ Writing procs +++
INFO  01:23:05.183 
INFO  01:23:05.184 Processing no 1/2 - proc1...
INFO  01:23:05.258 Processing no 2/2 - proc2...
INFO  01:23:05.324 
INFO  01:23:05.324                 ------------------------------------------------
INFO  01:23:05.325         ----------------------------------------------------------------
INFO  01:23:05.333 
INFO  01:23:05.333                           ++++ Writing index file ++++
INFO  01:23:05.334                         +++ Writing database graphs +++
INFO  01:23:05.334                         ++ Processing database audit ++
INFO  01:23:05.335 
INFO  01:23:05.335 Generating main schema graphs...
INFO  01:23:05.502 Generating sub-graph for table table1...
INFO  01:23:05.578 
INFO  01:23:05.579                         --------------------------------
INFO  01:23:05.583 
INFO  01:23:05.583                         ++ Processing database export ++
INFO  01:23:05.584 
INFO  01:23:05.584 Generating main schema graphs...
INFO  01:23:05.740 Generating sub-graph for table table1...
INFO  01:23:05.825 
INFO  01:23:05.825                         --------------------------------
INFO  01:23:05.836 
INFO  01:23:05.837                          ++ Processing database safe ++
INFO  01:23:05.837 
INFO  01:23:05.838 Generating main schema graphs...
INFO  01:23:06.043 Generating sub-graph for table cache_control...
INFO  01:23:06.119 Generating sub-graph for table table1...
INFO  01:23:06.203 Generating sub-graph for table table2...
INFO  01:23:06.281 Generating sub-graph for table table3...
INFO  01:23:06.359 Generating procedure call graphs...
INFO  01:23:06.515 
INFO  01:23:06.516                         --------------------------------
INFO  01:23:06.520 
INFO  01:23:06.520                         ++ Processing database safe2 ++
INFO  01:23:06.521 
INFO  01:23:06.521 Generating main schema graphs...
INFO  01:23:06.654 Generating sub-graph for table table1...
INFO  01:23:06.728 Generating sub-graph for table table2...
INFO  01:23:06.803 Generating procedure call graphs...
INFO  01:23:06.952 
INFO  01:23:06.953                         --------------------------------
INFO  01:23:06.960                 ------------------------------------------------
INFO  01:23:06.984         ----------------------------------------------------------------
INFO  01:23:06.985 --------------------------------------------------------------------------------
FATAL 01:23:32.764 <cleanup> does not match <__ANON__> - using later value at /vobs/LDN_EQ_CMAD_RIT_SAFE/links/CORE/links/cpan-extra/lib/Devel/Cover/DB.pm line 205.
FATAL 01:23:32.769  at /vobs/LDN_EQ_CMAD_RIT_SAFE/links/CORE/links/cpan-extra/lib/Devel/Cover/DB.pm line 205
FATAL 01:23:32.769 	Devel::Cover::DB::_merge_array() called at /vobs/LDN_EQ_CMAD_RIT_SAFE/links/CORE/links/cpan-extra/lib/Devel/Cover/DB.pm line 184
FATAL 01:23:32.770 	Devel::Cover::DB::_merge_array() called at /vobs/LDN_EQ_CMAD_RIT_SAFE/links/CORE/links/cpan-extra/lib/Devel/Cover/DB.pm line 184
FATAL 01:23:32.770 	Devel::Cover::DB::_merge_array() called at /vobs/LDN_EQ_CMAD_RIT_SAFE/links/CORE/links/cpan-extra/lib/Devel/Cover/DB.pm line 152
FATAL 01:23:32.770 	Devel::Cover::DB::_merge_hash() called at /vobs/LDN_EQ_CMAD_RIT_SAFE/links/CORE/links/cpan-extra/lib/Devel/Cover/DB.pm line 152
FATAL 01:23:32.770 	Devel::Cover::DB::_merge_hash() called at /vobs/LDN_EQ_CMAD_RIT_SAFE/links/CORE/links/cpan-extra/lib/Devel/Cover/DB.pm line 152
FATAL 01:23:32.771 	Devel::Cover::DB::_merge_hash() called at /vobs/LDN_EQ_CMAD_RIT_SAFE/links/CORE/links/cpan-extra/lib/Devel/Cover/DB.pm line 140
FATAL 01:23:32.771 	Devel::Cover::DB::merge() called at /vobs/LDN_EQ_CMAD_RIT_SAFE/links/CORE/links/cpan-extra/lib/Devel/Cover.pm line 370
FATAL 01:23:32.771 	Devel::Cover::report() called at /vobs/LDN_EQ_CMAD_RIT_SAFE/links/CORE/links/cpan-extra/lib/Devel/Cover.pm line 116
FATAL 01:23:32.772 	eval {...} called at /vobs/LDN_EQ_CMAD_RIT_SAFE/bin/utilities/update_schema line 0
