t/02_directories.t .. 
1..152
ok 1 - !-e: t/02_directories.t.tmp
ok 2 - mkdir: t/02_directories.t.tmp
ok 3 - -e: t/02_directories.t.tmp
ok 4 - !-e: t/02_directories.t.tmp/a
ok 5 - mkdir: t/02_directories.t.tmp/a
ok 6 - -e: t/02_directories.t.tmp/a
ok 7 - !-e: t/02_directories.t.tmp/a/b
ok 8 - mkdir: t/02_directories.t.tmp/a/b
ok 9 - -e: t/02_directories.t.tmp/a/b
ok 10 - !-e: t/02_directories.t.tmp/c
ok 11 - mkdir: t/02_directories.t.tmp/c
ok 12 - -e: t/02_directories.t.tmp/c
ok 13 - !-e: t/02_directories.t.tmp/c/d
ok 14 - mkdir: t/02_directories.t.tmp/c/d
ok 15 - -e: t/02_directories.t.tmp/c/d
ok 16 - !-e: t/02_directories.t.tmp/e
ok 17 - mkdir: t/02_directories.t.tmp/e
ok 18 - -e: t/02_directories.t.tmp/e
ok 19 - !-e: t/02_directories.t.tmp/e/f
ok 20 - mkdir: t/02_directories.t.tmp/e/f
ok 21 - -e: t/02_directories.t.tmp/e/f
ok 22 - !-e: t/02_directories.t.tmp/g
ok 23 - mkdir: t/02_directories.t.tmp/g
ok 24 - -e: t/02_directories.t.tmp/g
ok 25 - -e: t/02_directories.t.tmp/g
ok 26 - rmdir: t/02_directories.t.tmp/g
ok 27 - !-e: t/02_directories.t.tmp/g
ok 28 - -e: t/02_directories.t.tmp/e/f
ok 29 - rmdir: t/02_directories.t.tmp/e/f
ok 30 - !-e: t/02_directories.t.tmp/e/f
ok 31 - -e: t/02_directories.t.tmp/e
ok 32 - rmdir: t/02_directories.t.tmp/e
ok 33 - !-e: t/02_directories.t.tmp/e
ok 34 - -e: t/02_directories.t.tmp/c/d
ok 35 - rmdir: t/02_directories.t.tmp/c/d
ok 36 - !-e: t/02_directories.t.tmp/c/d
ok 37 - -e: t/02_directories.t.tmp/c
ok 38 - rmdir: t/02_directories.t.tmp/c
ok 39 - !-e: t/02_directories.t.tmp/c
ok 40 - -e: t/02_directories.t.tmp/a/b
ok 41 - rmdir: t/02_directories.t.tmp/a/b
ok 42 - !-e: t/02_directories.t.tmp/a/b
ok 43 - -e: t/02_directories.t.tmp/a
ok 44 - rmdir: t/02_directories.t.tmp/a
ok 45 - !-e: t/02_directories.t.tmp/a
ok 46 - -e: t/02_directories.t.tmp
ok 47 - rmdir: t/02_directories.t.tmp
ok 48 - !-e: t/02_directories.t.tmp
ok 49 - !-e: t/02_directories.t.tmp
ok 50 - mkdir: t/02_directories.t.tmp
ok 51 - -e: t/02_directories.t.tmp
ok 52 - !-e: t/02_directories.t.tmp/a
ok 53 - mkdir: t/02_directories.t.tmp/a
ok 54 - -e: t/02_directories.t.tmp/a
ok 55 - !-e: t/02_directories.t.tmp/a/b
ok 56 - mkdir: t/02_directories.t.tmp/a/b
ok 57 - -e: t/02_directories.t.tmp/a/b
ok 58 - !-e: t/02_directories.t.tmp/c
ok 59 - mkdir: t/02_directories.t.tmp/c
ok 60 - -e: t/02_directories.t.tmp/c
ok 61 - !-e: t/02_directories.t.tmp/c/d
ok 62 - mkdir: t/02_directories.t.tmp/c/d
ok 63 - -e: t/02_directories.t.tmp/c/d
ok 64 - !-e: t/02_directories.t.tmp/e
ok 65 - mkdir: t/02_directories.t.tmp/e
ok 66 - -e: t/02_directories.t.tmp/e
ok 67 - !-e: t/02_directories.t.tmp/e/f
ok 68 - mkdir: t/02_directories.t.tmp/e/f
ok 69 - -e: t/02_directories.t.tmp/e/f
ok 70 - !-e: t/02_directories.t.tmp/g
ok 71 - mkdir: t/02_directories.t.tmp/g
ok 72 - -e: t/02_directories.t.tmp/g
ok 73 - -e: t/02_directories.t.tmp/g
ok 74 - remove \1: t/02_directories.t.tmp/g
ok 75 - !-e: t/02_directories.t.tmp/g
ok 76 - -e: t/02_directories.t.tmp/e/f
ok 77 - remove \1: t/02_directories.t.tmp/e/f
ok 78 - !-e: t/02_directories.t.tmp/e/f
ok 79 - -e: t/02_directories.t.tmp/e
ok 80 - remove \1: t/02_directories.t.tmp/e
ok 81 - !-e: t/02_directories.t.tmp/e
ok 82 - -e: t/02_directories.t.tmp/c/d
ok 83 - remove \1: t/02_directories.t.tmp/c/d
ok 84 - !-e: t/02_directories.t.tmp/c/d
ok 85 - -e: t/02_directories.t.tmp/c
ok 86 - remove \1: t/02_directories.t.tmp/c
ok 87 - !-e: t/02_directories.t.tmp/c
ok 88 - -e: t/02_directories.t.tmp/a/b
ok 89 - remove \1: t/02_directories.t.tmp/a/b
ok 90 - !-e: t/02_directories.t.tmp/a/b
ok 91 - -e: t/02_directories.t.tmp/a
ok 92 - remove \1: t/02_directories.t.tmp/a
ok 93 - !-e: t/02_directories.t.tmp/a
ok 94 - -e: t/02_directories.t.tmp
ok 95 - remove \1: t/02_directories.t.tmp
ok 96 - !-e: t/02_directories.t.tmp
ok 97 - !-e: t/02_directories.t.tmp
ok 98 - mkdir: t/02_directories.t.tmp
ok 99 - -e: t/02_directories.t.tmp
ok 100 - !-e: t/02_directories.t.tmp/a
ok 101 - mkdir: t/02_directories.t.tmp/a
ok 102 - -e: t/02_directories.t.tmp/a
ok 103 - !-e: t/02_directories.t.tmp/a/b
ok 104 - mkdir: t/02_directories.t.tmp/a/b
ok 105 - -e: t/02_directories.t.tmp/a/b
ok 106 - !-e: t/02_directories.t.tmp/c
ok 107 - mkdir: t/02_directories.t.tmp/c
ok 108 - -e: t/02_directories.t.tmp/c
ok 109 - !-e: t/02_directories.t.tmp/c/d
ok 110 - mkdir: t/02_directories.t.tmp/c/d
ok 111 - -e: t/02_directories.t.tmp/c/d
ok 112 - !-e: t/02_directories.t.tmp/e
ok 113 - mkdir: t/02_directories.t.tmp/e
ok 114 - -e: t/02_directories.t.tmp/e
ok 115 - !-e: t/02_directories.t.tmp/e/f
ok 116 - mkdir: t/02_directories.t.tmp/e/f
ok 117 - -e: t/02_directories.t.tmp/e/f
ok 118 - !-e: t/02_directories.t.tmp/g
ok 119 - mkdir: t/02_directories.t.tmp/g
ok 120 - -e: t/02_directories.t.tmp/g
ok 121 - -e: t/02_directories.t.tmp/g
ok 122 - remove: t/02_directories.t.tmp/g
ok 123 - !-e: t/02_directories.t.tmp/g
ok 124 - -e: t/02_directories.t.tmp/e/f
ok 125 - remove: t/02_directories.t.tmp/e/f
ok 126 - !-e: t/02_directories.t.tmp/e/f
ok 127 - -e: t/02_directories.t.tmp/e
ok 128 - remove: t/02_directories.t.tmp/e
ok 129 - !-e: t/02_directories.t.tmp/e
ok 130 - -e: t/02_directories.t.tmp/c/d
ok 131 - remove: t/02_directories.t.tmp/c/d
ok 132 - !-e: t/02_directories.t.tmp/c/d
ok 133 - -e: t/02_directories.t.tmp/c
ok 134 - remove: t/02_directories.t.tmp/c
ok 135 - !-e: t/02_directories.t.tmp/c
ok 136 - -e: t/02_directories.t.tmp/a/b
ok 137 - remove: t/02_directories.t.tmp/a/b
ok 138 - !-e: t/02_directories.t.tmp/a/b
ok 139 - -e: t/02_directories.t.tmp/a
ok 140 - remove: t/02_directories.t.tmp/a
ok 141 - !-e: t/02_directories.t.tmp/a
ok 142 - -e: t/02_directories.t.tmp
ok 143 - remove: t/02_directories.t.tmp
ok 144 - !-e: t/02_directories.t.tmp
ok 145 - -e: t/02_directories.t.tmp/g
ok 146 - -e: t/02_directories.t.tmp/e/f
ok 147 - -e: t/02_directories.t.tmp/e
ok 148 - -e: t/02_directories.t.tmp/c/d
ok 149 - -e: t/02_directories.t.tmp/c
ok 150 - -e: t/02_directories.t.tmp/a/b
ok 151 - -e: t/02_directories.t.tmp/a
ok 152 - -e: t/02_directories.t.tmp
ok 153 - !-e: t/02_directories.t.tmp
ok 154 - mkdir: t/02_directories.t.tmp
ok 155 - -e: t/02_directories.t.tmp
ok 156 - !-e: t/02_directories.t.tmp/a
ok 157 - mkdir: t/02_directories.t.tmp/a
ok 158 - -e: t/02_directories.t.tmp/a
ok 159 - !-e: t/02_directories.t.tmp/a/b
ok 160 - mkdir: t/02_directories.t.tmp/a/b
ok 161 - -e: t/02_directories.t.tmp/a/b
ok 162 - !-e: t/02_directories.t.tmp/c
ok 163 - mkdir: t/02_directories.t.tmp/c
ok 164 - -e: t/02_directories.t.tmp/c
ok 165 - !-e: t/02_directories.t.tmp/c/d
ok 166 - mkdir: t/02_directories.t.tmp/c/d
ok 167 - -e: t/02_directories.t.tmp/c/d
ok 168 - !-e: t/02_directories.t.tmp/e
ok 169 - mkdir: t/02_directories.t.tmp/e
ok 170 - -e: t/02_directories.t.tmp/e
ok 171 - !-e: t/02_directories.t.tmp/e/f
ok 172 - mkdir: t/02_directories.t.tmp/e/f
ok 173 - -e: t/02_directories.t.tmp/e/f
ok 174 - !-e: t/02_directories.t.tmp/g
ok 175 - mkdir: t/02_directories.t.tmp/g
ok 176 - -e: t/02_directories.t.tmp/g
ok 177 - -e: t/02_directories.t.tmp/g
ok 178 - trash: t/02_directories.t.tmp/g
ok 179 - trash: $@
ok 180 - !-e: t/02_directories.t.tmp/g
ok 181 - -e: t/02_directories.t.tmp/e/f
ok 182 - trash: t/02_directories.t.tmp/e/f
ok 183 - trash: $@
ok 184 - !-e: t/02_directories.t.tmp/e/f
ok 185 - -e: t/02_directories.t.tmp/e
ok 186 - trash: t/02_directories.t.tmp/e
ok 187 - trash: $@
ok 188 - !-e: t/02_directories.t.tmp/e
ok 189 - -e: t/02_directories.t.tmp/c/d
ok 190 - trash: t/02_directories.t.tmp/c/d
ok 191 - trash: $@
ok 192 - !-e: t/02_directories.t.tmp/c/d
ok 193 - -e: t/02_directories.t.tmp/c
ok 194 - trash: t/02_directories.t.tmp/c
ok 195 - trash: $@
ok 196 - !-e: t/02_directories.t.tmp/c
ok 197 - -e: t/02_directories.t.tmp/a/b
ok 198 - trash: t/02_directories.t.tmp/a/b
ok 199 - trash: $@
ok 200 - !-e: t/02_directories.t.tmp/a/b
ok 201 - -e: t/02_directories.t.tmp/a
ok 202 - trash: t/02_directories.t.tmp/a
ok 203 - trash: $@
ok 204 - !-e: t/02_directories.t.tmp/a
ok 205 - -e: t/02_directories.t.tmp
ok 206 - trash: t/02_directories.t.tmp
ok 207 - trash: $@
ok 208 - !-e: t/02_directories.t.tmp
ok 209 - -e: t/02_directories.t.tmp/g
ok 210 - -e: t/02_directories.t.tmp/e/f
ok 211 - -e: t/02_directories.t.tmp/e
ok 212 - -e: t/02_directories.t.tmp/c/d
ok 213 - -e: t/02_directories.t.tmp/c
ok 214 - -e: t/02_directories.t.tmp/a/b
ok 215 - -e: t/02_directories.t.tmp/a
ok 216 - -e: t/02_directories.t.tmp
ok 217 - !-e: t/02_directories.t.tmp
ok 218 - mkdir: t/02_directories.t.tmp
ok 219 - -e: t/02_directories.t.tmp
ok 220 - !-e: t/02_directories.t.tmp/a
ok 221 - mkdir: t/02_directories.t.tmp/a
ok 222 - -e: t/02_directories.t.tmp/a
ok 223 - !-e: t/02_directories.t.tmp/a/b
ok 224 - mkdir: t/02_directories.t.tmp/a/b
ok 225 - -e: t/02_directories.t.tmp/a/b
ok 226 - !-e: t/02_directories.t.tmp/c
ok 227 - mkdir: t/02_directories.t.tmp/c
ok 228 - -e: t/02_directories.t.tmp/c
ok 229 - !-e: t/02_directories.t.tmp/c/d
ok 230 - mkdir: t/02_directories.t.tmp/c/d
ok 231 - -e: t/02_directories.t.tmp/c/d
ok 232 - !-e: t/02_directories.t.tmp/e
ok 233 - mkdir: t/02_directories.t.tmp/e
ok 234 - -e: t/02_directories.t.tmp/e
ok 235 - !-e: t/02_directories.t.tmp/e/f
ok 236 - mkdir: t/02_directories.t.tmp/e/f
ok 237 - -e: t/02_directories.t.tmp/e/f
ok 238 - !-e: t/02_directories.t.tmp/g
ok 239 - mkdir: t/02_directories.t.tmp/g
ok 240 - -e: t/02_directories.t.tmp/g
ok 241 - -e: t/02_directories.t.tmp/g
ok 242 - remove: t/02_directories.t.tmp/g
ok 243 - !-e: t/02_directories.t.tmp/g
ok 244 - -e: t/02_directories.t.tmp/e/f
ok 245 - remove: t/02_directories.t.tmp/e/f
ok 246 - !-e: t/02_directories.t.tmp/e/f
ok 247 - -e: t/02_directories.t.tmp/e
ok 248 - remove: t/02_directories.t.tmp/e
ok 249 - !-e: t/02_directories.t.tmp/e
ok 250 - -e: t/02_directories.t.tmp/c/d
ok 251 - remove: t/02_directories.t.tmp/c/d
ok 252 - !-e: t/02_directories.t.tmp/c/d
ok 253 - -e: t/02_directories.t.tmp/c
ok 254 - remove: t/02_directories.t.tmp/c
ok 255 - !-e: t/02_directories.t.tmp/c
ok 256 - -e: t/02_directories.t.tmp/a/b
ok 257 - remove: t/02_directories.t.tmp/a/b
ok 258 - !-e: t/02_directories.t.tmp/a/b
ok 259 - -e: t/02_directories.t.tmp/a
ok 260 - remove: t/02_directories.t.tmp/a
ok 261 - !-e: t/02_directories.t.tmp/a
ok 262 - -e: t/02_directories.t.tmp
ok 263 - remove: t/02_directories.t.tmp
ok 264 - !-e: t/02_directories.t.tmp
ok 265 - -e: t/02_directories.t.tmp/g
ok 266 - -e: t/02_directories.t.tmp/e/f
ok 267 - -e: t/02_directories.t.tmp/e
ok 268 - -e: t/02_directories.t.tmp/c/d
ok 269 - -e: t/02_directories.t.tmp/c
ok 270 - -e: t/02_directories.t.tmp/a/b
ok 271 - -e: t/02_directories.t.tmp/a
ok 272 - -e: t/02_directories.t.tmp
ok 273 - !-e: t/02_directories.t.tmp
ok 274 - mkdir: t/02_directories.t.tmp
ok 275 - -e: t/02_directories.t.tmp
ok 276 - !-e: t/02_directories.t.tmp/a
ok 277 - mkdir: t/02_directories.t.tmp/a
ok 278 - -e: t/02_directories.t.tmp/a
ok 279 - !-e: t/02_directories.t.tmp/a/b
ok 280 - mkdir: t/02_directories.t.tmp/a/b
ok 281 - -e: t/02_directories.t.tmp/a/b
ok 282 - !-e: t/02_directories.t.tmp/c
ok 283 - mkdir: t/02_directories.t.tmp/c
ok 284 - -e: t/02_directories.t.tmp/c
ok 285 - !-e: t/02_directories.t.tmp/c/d
ok 286 - mkdir: t/02_directories.t.tmp/c/d
ok 287 - -e: t/02_directories.t.tmp/c/d
ok 288 - !-e: t/02_directories.t.tmp/e
ok 289 - mkdir: t/02_directories.t.tmp/e
ok 290 - -e: t/02_directories.t.tmp/e
ok 291 - !-e: t/02_directories.t.tmp/e/f
ok 292 - mkdir: t/02_directories.t.tmp/e/f
ok 293 - -e: t/02_directories.t.tmp/e/f
ok 294 - !-e: t/02_directories.t.tmp/g
ok 295 - mkdir: t/02_directories.t.tmp/g
ok 296 - -e: t/02_directories.t.tmp/g
ok 297 - -e: t/02_directories.t.tmp/g
ok 298 - trash: t/02_directories.t.tmp/g
ok 299 - -e: t/02_directories.t.tmp/g
ok 300 - rmdir: t/02_directories.t.tmp/g
ok 301 - !-e: t/02_directories.t.tmp/g
ok 302 - -e: t/02_directories.t.tmp/e/f
ok 303 - trash: t/02_directories.t.tmp/e/f
ok 304 - -e: t/02_directories.t.tmp/e/f
ok 305 - rmdir: t/02_directories.t.tmp/e/f
ok 306 - !-e: t/02_directories.t.tmp/e/f
ok 307 - -e: t/02_directories.t.tmp/e
ok 308 - trash: t/02_directories.t.tmp/e
ok 309 - -e: t/02_directories.t.tmp/e
ok 310 - rmdir: t/02_directories.t.tmp/e
ok 311 - !-e: t/02_directories.t.tmp/e
ok 312 - -e: t/02_directories.t.tmp/c/d
ok 313 - trash: t/02_directories.t.tmp/c/d
ok 314 - -e: t/02_directories.t.tmp/c/d
ok 315 - rmdir: t/02_directories.t.tmp/c/d
ok 316 - !-e: t/02_directories.t.tmp/c/d
ok 317 - -e: t/02_directories.t.tmp/c
ok 318 - trash: t/02_directories.t.tmp/c
ok 319 - -e: t/02_directories.t.tmp/c
ok 320 - rmdir: t/02_directories.t.tmp/c
ok 321 - !-e: t/02_directories.t.tmp/c
ok 322 - -e: t/02_directories.t.tmp/a/b
ok 323 - trash: t/02_directories.t.tmp/a/b
ok 324 - -e: t/02_directories.t.tmp/a/b
ok 325 - rmdir: t/02_directories.t.tmp/a/b
ok 326 - !-e: t/02_directories.t.tmp/a/b
ok 327 - -e: t/02_directories.t.tmp/a
ok 328 - trash: t/02_directories.t.tmp/a
ok 329 - -e: t/02_directories.t.tmp/a
ok 330 - rmdir: t/02_directories.t.tmp/a
ok 331 - !-e: t/02_directories.t.tmp/a
ok 332 - -e: t/02_directories.t.tmp
ok 333 - trash: t/02_directories.t.tmp
ok 334 - -e: t/02_directories.t.tmp
ok 335 - rmdir: t/02_directories.t.tmp
ok 336 - !-e: t/02_directories.t.tmp
Dubious, test returned 255 (wstat 65280, 0xff00)
All 152 subtests passed 

Test Summary Report
-------------------
t/02_directories.t (Wstat: 65280 Tests: 336 Failed: 184)
  Failed tests:  153-336
  Non-zero exit status: 255
  Parse errors: Bad plan.  You planned 152 tests but ran 336.
Files=1, Tests=336,  1 wallclock secs ( 0.07 usr  0.01 sys +  0.35 cusr  0.22 csys =  0.65 CPU)
Result: FAIL
