C:\home\grape>cpan WBRASWELL/Alien-JPCRE2-0.006000.tar.gz
CPAN: CPAN::SQLite loaded ok (v0.211)
Database was generated on Fri, 21 Jul 2017 13:41:25 GMT

CPAN: LWP::UserAgent loaded ok (v6.26)
Fetching with LWP:
http://cpan.strawberryperl.com/authors/id/W/WB/WBRASWELL/Alien-JPCRE2-0.006000.tar.gz
CPAN: YAML::XS loaded ok (v0.62)
CPAN: Digest::SHA loaded ok (v5.95)
Fetching with LWP:
http://cpan.strawberryperl.com/authors/id/W/WB/WBRASWELL/CHECKSUMS
CPAN: Compress::Zlib loaded ok (v2.069)
Checksum for C:\Strawberry\cpan\sources\authors\id\W\WB\WBRASWELL\Alien-JPCRE2-0.006000.tar.gz ok
CPAN: Archive::Tar loaded ok (v2.04)
CPAN: CPAN::Meta::Requirements loaded ok (v2.140)
CPAN: Parse::CPAN::Meta loaded ok (v2.150010)
CPAN: CPAN::Meta loaded ok (v2.150010)
CPAN: Module::CoreList loaded ok (v5.20160121)
Configuring W/WB/WBRASWELL/Alien-JPCRE2-0.006000.tar.gz with Makefile.PL
CPAN: CPAN::Reporter loaded ok (v1.2018)
Alien::Build::Plugin::Probe::CBuilder> trying: cflags=-IC:/home/grape/perl5/lib/perl5/MSWin32-x86-multi-thread-64int/auto/share/dist/Alien-PCRE2/include -DPCRE2_STATIC   libs=-LC:/home/grape/perl5/lib/perl5/MSWin32-x86-multi-thread-64int/auto/share/dist/Alien-PCRE2/lib -lpcre2-8
Alien::Build::Plugin::Probe::CBuilder> compile failed: error building xs.dll file from 'mytest.c' at C:\home\grape\perl5\lib\perl5/ExtUtils/CBuilder/Platform/Windows.pm line 129.
Alien::Build::Plugin::Probe::CBuilder> compile failed: gcc -c -s -O2 -DWIN32  -DPERL_TEXTMODE_SCRIPTS -DPERL_IMPLICIT_CONTEXT -DPERL_IMPLICIT_SYS -DUSE_PERLIO -fwrapv -fno-strict-aliasing -mms-bitfields -IC:/home/grape/perl5/lib/perl5/MSWin32-x86-multi-thread-64int/auto/share/dist/Alien-PCRE2/include -DPCRE2_STATIC -s -O2 -I"C:\Strawberry\perl\lib\CORE" -I"C:\Strawberry\c\include" -o "mytest.o" "mytest.c"
mytest.c:1:22: fatal error: jpcre2.hpp: No such file or directory
 #include <jpcre2.hpp>
                      ^
compilation terminated.
Alien::Build> error in probe (will do a share install): error building xs.dll file from 'mytest.c' at C:\home\grape\perl5\lib\perl5/ExtUtils/CBuilder/Platform/Windows.pm line 129.
Checking if your kit is complete...
Looks good
Generating a gmake-style Makefile
Writing Makefile for Alien::JPCRE2
Writing MYMETA.yml and MYMETA.json
(C:\Strawberry\perl\bin\perl.exe Makefile.PL exited with 0)
CPAN::Reporter: Makefile.PL result is 'pass', No errors.
  WBRASWELL/Alien-JPCRE2-0.006000.tar.gz
  C:\Strawberry\perl\bin\perl.exe Makefile.PL -- OK
Running make for W/WB/WBRASWELL/Alien-JPCRE2-0.006000.tar.gz
CreateProcess failed (2).
dmake.exe:  Error executing 'rem': No such file or directory
dmake.exe:  Error code -1, while making 'blibdirs'
(c:\Strawberry\c\bin\dmake.exe exited with 65280)
CPAN::Reporter: dmake result is 'unknown', Stopped with an error.
CPAN::Reporter: preparing a CPAN Testers report for Alien-JPCRE2-0.006000
Do you want to review or edit the test report? (yes/no) [no] no
Do you want to send the report? (yes/no) [yes] yes
CPAN::Reporter: sending test report with 'unknown' via Metabase
  WBRASWELL/Alien-JPCRE2-0.006000.tar.gz
  c:\Strawberry\c\bin\dmake.exe -- NOT OK
Stopping: 'install' failed for 'W/WB/WBRASWELL/Alien-JPCRE2-0.006000.tar.gz'.

C:\home\grape>
