cpanm (App::cpanminus) 1.5007 on perl 5.012002 built for i386-openbsd
Work directory is /home/zakame/.cpanm/work/1331478035.32750
You have make /usr/bin/make
You have LWP 6.04
You have /bin/tar: 
Searching B::Utils on cpanmetadb ...
Checking if you have ExtUtils::MakeMaker 6.31 ... Yes (6.62)
Checking if you have ExtUtils::Install 1.46 ... Yes (1.55)
--> Working on B::Utils
Fetching http://search.cpan.org/CPAN/authors/id/J/JJ/JJORE/B-Utils-0.17.tar.gz
-> OK
Unpacking B-Utils-0.17.tar.gz
Entering B-Utils-0.17
Checking configure dependencies from META.yml
Checking if you have ExtUtils::Depends 0.301 ... Yes (0.304)
Checking if you have ExtUtils::CBuilder 0 ... Yes (0.27)
Configuring B-Utils-0.17
Running Makefile.PL
-> OK
Checking dependencies from MYMETA.json ...
Checking if you have ExtUtils::MakeMaker 0 ... Yes (6.62)
Checking if you have Test::More 0 ... Yes (0.98)
Checking if you have Scalar::Util 0 ... Yes (1.23)
Checking if you have Task::Weaken 0 ... Yes (1.04)
Checking if you have Exporter 0 ... Yes (5.64_01)
Checking if you have ExtUtils::CBuilder 0 ... Yes (0.27)
Building and testing B-Utils-0.17
-> FAIL Installing B::Utils failed. See /home/zakame/.cpanm/build.log for details.
