You have make /usr/bin/make
You have LWP 5.834
You have /bin/tar: tar (GNU tar) 1.23
Copyright (C) 2010 Free Software Foundation, Inc.
License GPLv3+: GNU GPL version 3 or later <http://gnu.org/licenses/gpl.html>.
This is free software: you are free to change and redistribute it.
There is NO WARRANTY, to the extent permitted by law.

Written by John Gilmore and Jay Fenlason.
You have /usr/bin/unzip
Searching Archive::Zip on cpanmetadb ...
Fetching http://search.cpan.org/CPAN/authors/id/A/AD/ADAMK/Archive-Zip-1.30.tar.gz ... OK
Unpacking Archive-Zip-1.30.tar.gz
Archive-Zip-1.30/
Archive-Zip-1.30/META.yml
Archive-Zip-1.30/LICENSE
Archive-Zip-1.30/Makefile.PL
Archive-Zip-1.30/README
Archive-Zip-1.30/script/
Archive-Zip-1.30/script/crc32
Archive-Zip-1.30/MANIFEST
Archive-Zip-1.30/examples/
Archive-Zip-1.30/examples/writeScalar2.pl
Archive-Zip-1.30/examples/mailZip.pl
Archive-Zip-1.30/examples/ziptest.pl
Archive-Zip-1.30/examples/zipinfo.pl
Archive-Zip-1.30/examples/selfex.pl
Archive-Zip-1.30/examples/writeScalar.pl
Archive-Zip-1.30/examples/updateTree.pl
Archive-Zip-1.30/examples/zipcheck.pl
Archive-Zip-1.30/examples/ziprecent.pl
Archive-Zip-1.30/examples/calcSizes.pl
Archive-Zip-1.30/examples/zipGrep.pl
Archive-Zip-1.30/examples/zip.pl
Archive-Zip-1.30/examples/copy.pl
Archive-Zip-1.30/examples/readScalar.pl
Archive-Zip-1.30/examples/extract.pl
Archive-Zip-1.30/examples/unzipAll.pl
Archive-Zip-1.30/examples/updateZip.pl
Archive-Zip-1.30/examples/mfh.pl
Archive-Zip-1.30/Changes
Archive-Zip-1.30/lib/
Archive-Zip-1.30/lib/Archive/
Archive-Zip-1.30/lib/Archive/Zip.pm
Archive-Zip-1.30/lib/Archive/Zip/
Archive-Zip-1.30/lib/Archive/Zip/FAQ.pod
Archive-Zip-1.30/lib/Archive/Zip/Tree.pm
Archive-Zip-1.30/lib/Archive/Zip/MockFileHandle.pm
Archive-Zip-1.30/lib/Archive/Zip/MemberRead.pm
Archive-Zip-1.30/lib/Archive/Zip/DirectoryMember.pm
Archive-Zip-1.30/lib/Archive/Zip/NewFileMember.pm
Archive-Zip-1.30/lib/Archive/Zip/BufferedFileHandle.pm
Archive-Zip-1.30/lib/Archive/Zip/ZipFileMember.pm
Archive-Zip-1.30/lib/Archive/Zip/Archive.pm
Archive-Zip-1.30/lib/Archive/Zip/Member.pm
Archive-Zip-1.30/lib/Archive/Zip/StringMember.pm
Archive-Zip-1.30/lib/Archive/Zip/FileMember.pm
Archive-Zip-1.30/t/
Archive-Zip-1.30/t/common.pl
Archive-Zip-1.30/t/09_output_record_sep.t
Archive-Zip-1.30/t/06_update.t
Archive-Zip-1.30/t/02_main.t
Archive-Zip-1.30/t/08_readmember_record_sep.t
Archive-Zip-1.30/t/07_filenames_of_0.t
Archive-Zip-1.30/t/97_meta.t
Archive-Zip-1.30/t/01_compile.t
Archive-Zip-1.30/t/11_explorer.t
Archive-Zip-1.30/t/98_pod.t
Archive-Zip-1.30/t/10_chmod.t
Archive-Zip-1.30/t/05_tree.t
Archive-Zip-1.30/t/data/
Archive-Zip-1.30/t/data/perl.zip
Archive-Zip-1.30/t/data/chmod.zip
Archive-Zip-1.30/t/data/linux.zip
Archive-Zip-1.30/t/data/winzip.zip
Archive-Zip-1.30/t/12_bug_47223.t
Archive-Zip-1.30/t/99_pmv.t
Archive-Zip-1.30/t/badjpeg/
Archive-Zip-1.30/t/badjpeg/source.zip
Archive-Zip-1.30/t/badjpeg/expected.jpg
Archive-Zip-1.30/t/03_ex.t
Archive-Zip-1.30/t/04_readmember.t
Entering Archive-Zip-1.30
Checking if you have ExtUtils::MakeMaker 0 ... Yes (6.56)
Configuring Archive-Zip-1.30 ... Running Makefile.PL
Checking if your kit is complete...
Looks good
Writing Makefile for Archive::Zip
OK
Finding PREREQ from Makefile ...
Checking if you have IO::Seekable 0 ... Yes (1.10)
Checking if you have File::Copy 0 ... Yes (2.18)
Checking if you have IO::File 0 ... Yes (1.14)
Checking if you have IO::Handle 0 ... Yes (1.28)
Checking if you have File::Spec 0.80 ... Yes (3.31)
Checking if you have Compress::Raw::Zlib 2.017 ... Yes (2.027)
Checking if you have Test::More 0.42 ... Yes (0.94)
Checking if you have File::Find 0 ... Yes (1.15)
Checking if you have File::Temp 0 ... Yes (0.22)
Checking if you have File::Path 0 ... Yes (2.08_01)
Checking if you have Time::Local 0 ... Yes (1.1901_01)
Checking if you have File::Basename 0 ... Yes (2.78)
Building and testing Archive-Zip-1.30 for Archive::Zip ... cp lib/Archive/Zip/MockFileHandle.pm blib/lib/Archive/Zip/MockFileHandle.pm
cp lib/Archive/Zip/MemberRead.pm blib/lib/Archive/Zip/MemberRead.pm
cp lib/Archive/Zip/FileMember.pm blib/lib/Archive/Zip/FileMember.pm
cp lib/Archive/Zip/BufferedFileHandle.pm blib/lib/Archive/Zip/BufferedFileHandle.pm
cp lib/Archive/Zip/StringMember.pm blib/lib/Archive/Zip/StringMember.pm
cp lib/Archive/Zip/Tree.pm blib/lib/Archive/Zip/Tree.pm
cp lib/Archive/Zip/Member.pm blib/lib/Archive/Zip/Member.pm
cp lib/Archive/Zip/FAQ.pod blib/lib/Archive/Zip/FAQ.pod
cp lib/Archive/Zip.pm blib/lib/Archive/Zip.pm
cp lib/Archive/Zip/Archive.pm blib/lib/Archive/Zip/Archive.pm
cp lib/Archive/Zip/ZipFileMember.pm blib/lib/Archive/Zip/ZipFileMember.pm
cp lib/Archive/Zip/NewFileMember.pm blib/lib/Archive/Zip/NewFileMember.pm
cp lib/Archive/Zip/DirectoryMember.pm blib/lib/Archive/Zip/DirectoryMember.pm
cp script/crc32 blib/script/crc32
/home/rafl/.perl/bin/perl -MExtUtils::MY -e 'MY->fixin(shift)' -- blib/script/crc32
Manifying blib/man3/Archive::Zip::Tree.3
Manifying blib/man3/Archive::Zip::FAQ.3
Manifying blib/man3/Archive::Zip.3
Manifying blib/man3/Archive::Zip::MemberRead.3
PERL_DL_NONLAZY=1 /home/rafl/.perl/bin/perl "-MExtUtils::Command::MM" "-e" "test_harness(0, 'blib/lib', 'blib/arch')" t/*.t
t/01_compile.t ................ ok
warning: /home/rafl/.perl/bin/perl -pe "BEGIN{binmode(STDIN);binmode(STDOUT)}" doesn't seem to work, may skip some tests at t/common.pl line 168.
t/02_main.t ................... ok
IO error: opening testout.zip for read : No such file or directory 
 at /home/rafl/.cpanm/work/1272737988.11533/Archive-Zip-1.30/blib/lib/Archive/Zip/Archive.pm line 546
	Archive::Zip::Archive::read('Archive::Zip::Archive=HASH(0xbbd008)', 'testout.zip') called at examples/extract.pl line 30
Read of testout.zip failed
t/04_readmember.t ............. ok

#   Failed test at t/03_ex.t line 41.
#          got: '512'
#     expected: '0'
IO error: opening testin.zip for read : No such file or directory 
 at /home/rafl/.cpanm/work/1272737988.11533/Archive-Zip-1.30/blib/lib/Archive/Zip/Archive.pm line 546
	Archive::Zip::Archive::read('Archive::Zip::Archive=HASH(0x1f22008)', 'testin.zip') called at examples/mfh.pl line 25

#   Failed test at t/03_ex.t line 43.
#          got: '1024'
#     expected: '0'
Can't call method "desiredCompressionLevel" on an undefined value at /home/rafl/.cpanm/work/1272737988.11533/Archive-Zip-1.30/blib/lib/Archive/Zip/Archive.pm line 249.

#   Failed test at t/03_ex.t line 45.
#          got: '512'
#     expected: '0'
Can't use an undefined value as a symbol reference at /home/rafl/.cpanm/work/1272737988.11533/Archive-Zip-1.30/blib/lib/Archive/Zip/BufferedFileHandle.pm line 39.

#   Failed test at t/03_ex.t line 48.
#          got: '512'
#     expected: '0'
IO error: opening testin.zip for read : No such file or directory 
 at /home/rafl/.cpanm/work/1272737988.11533/Archive-Zip-1.30/blib/lib/Archive/Zip/Archive.pm line 546
	Archive::Zip::Archive::read('Archive::Zip::Archive=HASH(0x1bec008)', 'testin.zip') called at examples/ziptest.pl line 37

#   Failed test at t/03_ex.t line 53.
#          got: '1024'
#     expected: '0'
IO error: opening testin.zip for read : No such file or directory 
 at /home/rafl/.cpanm/work/1272737988.11533/Archive-Zip-1.30/blib/lib/Archive/Zip/Archive.pm line 546
	Archive::Zip::Archive::read('Archive::Zip::Archive=HASH(0x2126008)', 'testin.zip') called at examples/zipGrep.pl line 27
Read error reading testin.zip

#   Failed test at t/03_ex.t line 58.
#          got: '512'
#     expected: '0'

#   Failed test at t/03_ex.t line 59.
#          got: ''
#     expected: 'testdir/testing.txt:100
# '
error: testdir/testing.txt is neither a file nor a directory 
 at /home/rafl/.cpanm/work/1272737988.11533/Archive-Zip-1.30/blib/lib/Archive/Zip/Archive.pm line 335
	Archive::Zip::Archive::addFileOrDirectory('Archive::Zip::Archive=HASH(0x2689b58)', 'testdir/testing.txt') called at examples/selfex.pl line 29
t/05_tree.t ................... ok

#   Failed test 'extracted/testdir/testing.txt exists'
#   at t/03_ex.t line 74.
#          got: undef
#     expected: '1'
t/06_update.t ................. ok
# Looks like you failed 8 tests of 17.
t/03_ex.t ..................... 
Dubious, test returned 8 (wstat 2048, 0x800)
Failed 8/17 subtests 
t/07_filenames_of_0.t ......... ok
t/08_readmember_record_sep.t .. ok
t/09_output_record_sep.t ...... ok
t/10_chmod.t .................. ok
t/11_explorer.t ............... ok
t/97_meta.t ................... skipped: Test::CPAN::Meta 0.12 not available for testing
t/12_bug_47223.t .............. skipped: Only required on Win32.
t/98_pod.t .................... ok
t/99_pmv.t .................... skipped: Perl::MinimumVersion 1.20 not available for testing

Test Summary Report
-------------------
t/03_ex.t                   (Wstat: 2048 Tests: 17 Failed: 8)
  Failed tests:  4-10, 13
  Non-zero exit status: 8
Files=15, Tests=225,  8 wallclock secs ( 0.33 usr  0.05 sys +  8.31 cusr  0.55 csys =  9.24 CPU)
Result: FAIL
Failed 1/15 test programs. 8/225 subtests failed.
make: *** [test_dynamic] Error 255
FAIL
! Installing Archive::Zip failed. See /home/rafl/.cpanm/build.log for details.
