$ perl -V
Summary of my perl5 (revision 5 version 8 subversion 8) configuration:
  Platform:
    osname=solaris, osvers=2.10, archname=i86pc-solaris
    uname='sunos mucsxelba45 5.10 generic_137138-09 i86pc i386 i86pc '
    config_args='-Dprefix=/opt/perl_5.8.8 -Uinstallusrbinperl -Dmydomain=.muc.infineon.com -Ubincompat5005 -Dlibperl=libperlifx.so -Dcc=gcc -Dlocincpth=/opt/perl_5.8.8/ext/include -Dloclibpth=/opt/perl_5.8.8/ext/lib -Dglibpth=/usr/lib /lib -Duseshrplib -Uusethreads -Dpager=/usr/bin/less -Dsed=/usr/bin/sed -Doptimize=-O2 -march=pentium4 -Dldflags=-Wl,-R,/opt/perl_5.8.8/ext/lib -Dlddlflags=-G -Wl,-R,/opt/perl_5.8.8/ext/lib'
    hint=recommended, useposix=true, d_sigaction=define
    usethreads=undef use5005threads=undef useithreads=undef usemultiplicity=undef
    useperlio=define d_sfio=undef uselargefiles=define usesocks=undef
    use64bitint=undef use64bitall=undef uselongdouble=undef
    usemymalloc=n, bincompat5005=undef
  Compiler:
    cc='gcc', ccflags ='-fno-strict-aliasing -pipe -Wdeclaration-after-statement -I/opt/perl_5.8.8/ext/include -D_LARGEFILE_SOURCE -D_FILE_OFFSET_BITS=64 -DPERL_USE_SAFE_PUTENV',
    optimize='-O2 -march=pentium4',
    cppflags='-fno-strict-aliasing -pipe -Wdeclaration-after-statement -I/opt/perl_5.8.8/ext/include'
    ccversion='', gccversion='4.1.2', gccosandvers=''
    intsize=4, longsize=4, ptrsize=4, doublesize=8, byteorder=1234
    d_longlong=define, longlongsize=8, d_longdbl=define, longdblsize=12
    ivtype='long', ivsize=4, nvtype='double', nvsize=8, Off_t='off_t', lseeksize=8
    alignbytes=4, prototype=define
  Linker and Libraries:
    ld='gcc', ldflags ='-Wl,-R,/opt/perl_5.8.8/ext/lib -L/opt/perl_5.8.8/ext/lib '
    libpth=/opt/perl_5.8.8/ext/lib /usr/lib /lib
    libs=-lsocket -lnsl -lgdbm -ldb -ldl -lm -lc
    perllibs=-lsocket -lnsl -ldl -lm -lc
    libc=/lib/libc.so, so=so, useshrplib=true, libperl=libperlifx.so
    gnulibc_version=''
  Dynamic Linking:
    dlsrc=dl_dlopen.xs, dlext=so, d_dlsymun=undef, ccdlflags='  -R /opt/perl_5.8.8/lib/CORE'
    cccdlflags='-fPIC', lddlflags='-G -Wl,-R,/opt/perl_5.8.8/ext/lib -L/opt/perl_5.8.8/ext/lib'


Characteristics of this binary (from libperl): 
  Compile-time options: PERL_MALLOC_WRAP PERL_USE_SAFE_PUTENV
                        USE_LARGE_FILES USE_PERLIO
  Built under solaris
  Compiled at Dec 17 2008 15:19:23
  %ENV:
    PERL5LIB=""
    PERL5OPT=""
    PERL5_CPANPLUS_IS_RUNNING="21012"
    PERL5_CPAN_IS_RUNNING="21012"
    PERL_EXTDIR="/opt/perl_5.8.8/ext"
  @INC:
    /opt/perl_5.8.8/lib
    .


$ gmake test
gmake[3]: Entering directory `/home/hwadm/.cpan/build/Term-ReadLine-Perl-1.0303-PN0NvU'
PERL_DL_NONLAZY=1 /opt/perl_5.8.8/bin/perl "-Iblib/lib" "-Iblib/arch" test.pl
Use of uninitialized value in bitwise or (|) at test.pl line 33.
 at test.pl line 33
Features present: preput 1 getHistory 1 addHistory 1 attribs 1 ornaments 1 appname 1 minline 1 autohistory 1 newTTY 1 tkRunning 1 setHistory 1

  Flipping rl_default_selected each line.

        Hint: Entering the word
                exit
        would exit the test. ;-)  (If feature 'preput' is present,
        this word should be already entered.)

                                                                                                                                 Enter arithmetic or Perl expression: exitRedefining sub readline::F_ForwardChar at blib/lib/Term/ReadLine/readline.pm line 1669
 at /opt/perl_5.8.8/lib/SelfLoader.pm line 164
        SelfLoader::_add_to_cache('SelfLoader', 'readline::F_ForwardChar', 'readline', 'ARRAY(0x813febc)', '') called at /opt/perl_5.8.8/lib/SelfLoader.pm line 111
        SelfLoader::_load_stubs('SelfLoader', 'F_BackwardChar') called at /opt/perl_5.8.8/lib/SelfLoader.pm line 63
        SelfLoader::AUTOLOAD(1, 8) called at blib/lib/Term/ReadLine/readline.pm line 1669
        readline::readline('Enter arithmetic or Perl expression: ', 'exit') called at blib/lib/Term/ReadLine/Perl.pm line 11
        Term::ReadLine::Perl::readline('Term::ReadLine::Perl=ARRAY(0x8091c84)', 'Enter arithmetic or Perl expression: ', 'exit') called at test.pl line 54
Redefining sub readline::F_BackwardChar at blib/lib/Term/ReadLine/readline.pm line 1669
 at /opt/perl_5.8.8/lib/SelfLoader.pm line 164
        SelfLoader::_add_to_cache('SelfLoader', 'readline::F_BackwardChar', 'readline', 'ARRAY(0x813febc)', '') called at /opt/perl_5.8.8/lib/SelfLoader.pm line 111
        SelfLoader::_load_stubs('SelfLoader', 'F_BeginningOfLine') called at /opt/perl_5.8.8/lib/SelfLoader.pm line 63
        SelfLoader::AUTOLOAD(1, 8) called at blib/lib/Term/ReadLine/readline.pm line 1669
        readline::readline('Enter arithmetic or Perl expression: ', 'exit') called at blib/lib/Term/ReadLine/Perl.pm line 11
        Term::ReadLine::Perl::readline('Term::ReadLine::Perl=ARRAY(0x8091c84)', 'Enter arithmetic or Perl expression: ', 'exit') called at test.pl line 54
Redefining sub readline::F_BeginningOfLine at blib/lib/Term/ReadLine/readline.pm line 1669
 at /opt/perl_5.8.8/lib/SelfLoader.pm line 164
        SelfLoader::_add_to_cache('SelfLoader', 'readline::F_BeginningOfLine', 'readline', 'ARRAY(0x813febc)', '') called at /opt/perl_5.8.8/lib/SelfLoader.pm line 111
        SelfLoader::_load_stubs('SelfLoader', 'F_EndOfLine') called at /opt/perl_5.8.8/lib/SelfLoader.pm line 63
        SelfLoader::AUTOLOAD(1, 8) called at blib/lib/Term/ReadLine/readline.pm line 1669
        readline::readline('Enter arithmetic or Perl expression: ', 'exit') called at blib/lib/Term/ReadLine/Perl.pm line 11
        Term::ReadLine::Perl::readline('Term::ReadLine::Perl=ARRAY(0x8091c84)', 'Enter arithmetic or Perl expression: ', 'exit') called at test.pl line 54
Redefining sub readline::F_EndOfLine at blib/lib/Term/ReadLine/readline.pm line 1669
 at /opt/perl_5.8.8/lib/SelfLoader.pm line 164
        SelfLoader::_add_to_cache('SelfLoader', 'readline::F_EndOfLine', 'readline', 'ARRAY(0x813febc)', '') called at /opt/perl_5.8.8/lib/SelfLoader.pm line 111
        SelfLoader::_load_stubs('SelfLoader', 'F_ForwardWord') called at /opt/perl_5.8.8/lib/SelfLoader.pm line 63
        SelfLoader::AUTOLOAD(1, 8) called at blib/lib/Term/ReadLine/readline.pm line 1669
        readline::readline('Enter arithmetic or Perl expression: ', 'exit') called at blib/lib/Term/ReadLine/Perl.pm line 11
        Term::ReadLine::Perl::readline('Term::ReadLine::Perl=ARRAY(0x8091c84)', 'Enter arithmetic or Perl expression: ', 'exit') called at test.pl line 54
Redefining sub readline::F_ForwardWord at blib/lib/Term/ReadLine/readline.pm line 1669
 at /opt/perl_5.8.8/lib/SelfLoader.pm line 164
        SelfLoader::_add_to_cache('SelfLoader', 'readline::F_ForwardWord', 'readline', 'ARRAY(0x813febc)', '') called at /opt/perl_5.8.8/lib/SelfLoader.pm line 111
        SelfLoader::_load_stubs('SelfLoader', 'F_BackwardWord') called at /opt/perl_5.8.8/lib/SelfLoader.pm line 63
        SelfLoader::AUTOLOAD(1, 8) called at blib/lib/Term/ReadLine/readline.pm line 1669
        readline::readline('Enter arithmetic or Perl expression: ', 'exit') called at blib/lib/Term/ReadLine/Perl.pm line 11
        Term::ReadLine::Perl::readline('Term::ReadLine::Perl=ARRAY(0x8091c84)', 'Enter arithmetic or Perl expression: ', 'exit') called at test.pl line 54
Redefining sub readline::F_BackwardWord at blib/lib/Term/ReadLine/readline.pm line 1669
 at /opt/perl_5.8.8/lib/SelfLoader.pm line 164
        SelfLoader::_add_to_cache('SelfLoader', 'readline::F_BackwardWord', 'readline', 'ARRAY(0x813febc)', '') called at /opt/perl_5.8.8/lib/SelfLoader.pm line 111
        SelfLoader::_load_stubs('SelfLoader', 'F_RedrawCurrentLine') called at /opt/perl_5.8.8/lib/SelfLoader.pm line 63
        SelfLoader::AUTOLOAD(1, 8) called at blib/lib/Term/ReadLine/readline.pm line 1669
        readline::readline('Enter arithmetic or Perl expression: ', 'exit') called at blib/lib/Term/ReadLine/Perl.pm line 11
        Term::ReadLine::Perl::readline('Term::ReadLine::Perl=ARRAY(0x8091c84)', 'Enter arithmetic or Perl expression: ', 'exit') called at test.pl line 54
Redefining sub readline::F_RedrawCurrentLine at blib/lib/Term/ReadLine/readline.pm line 1669
 at /opt/perl_5.8.8/lib/SelfLoader.pm line 164
        SelfLoader::_add_to_cache('SelfLoader', 'readline::F_RedrawCurrentLine', 'readline', 'ARRAY(0x813febc)', '') called at /opt/perl_5.8.8/lib/SelfLoader.pm line 111
        SelfLoader::_load_stubs('SelfLoader', 'F_ClearScreen') called at /opt/perl_5.8.8/lib/SelfLoader.pm line 63
        SelfLoader::AUTOLOAD(1, 8) called at blib/lib/Term/ReadLine/readline.pm line 1669
        readline::readline('Enter arithmetic or Perl expression: ', 'exit') called at blib/lib/Term/ReadLine/Perl.pm line 11
        Term::ReadLine::Perl::readline('Term::ReadLine::Perl=ARRAY(0x8091c84)', 'Enter arithmetic or Perl expression: ', 'exit') called at test.pl line 54
Redefining sub readline::F_ClearScreen at blib/lib/Term/ReadLine/readline.pm line 1669
 at /opt/perl_5.8.8/lib/SelfLoader.pm line 164
        SelfLoader::_add_to_cache('SelfLoader', 'readline::F_ClearScreen', 'readline', 'ARRAY(0x813febc)', '') called at /opt/perl_5.8.8/lib/SelfLoader.pm line 111
        SelfLoader::_load_stubs('SelfLoader', 'F_QuotedInsert') called at /opt/perl_5.8.8/lib/SelfLoader.pm line 63
        SelfLoader::AUTOLOAD(1, 8) called at blib/lib/Term/ReadLine/readline.pm line 1669
        readline::readline('Enter arithmetic or Perl expression: ', 'exit') called at blib/lib/Term/ReadLine/Perl.pm line 11
        Term::ReadLine::Perl::readline('Term::ReadLine::Perl=ARRAY(0x8091c84)', 'Enter arithmetic or Perl expression: ', 'exit') called at test.pl line 54
Redefining sub readline::F_QuotedInsert at blib/lib/Term/ReadLine/readline.pm line 1669
 at /opt/perl_5.8.8/lib/SelfLoader.pm line 164
        SelfLoader::_add_to_cache('SelfLoader', 'readline::F_QuotedInsert', 'readline', 'ARRAY(0x813febc)', '') called at /opt/perl_5.8.8/lib/SelfLoader.pm line 111
        SelfLoader::_load_stubs('SelfLoader', 'F_TabInsert') called at /opt/perl_5.8.8/lib/SelfLoader.pm line 63
        SelfLoader::AUTOLOAD(1, 8) called at blib/lib/Term/ReadLine/readline.pm line 1669
        readline::readline('Enter arithmetic or Perl expression: ', 'exit') called at blib/lib/Term/ReadLine/Perl.pm line 11
        Term::ReadLine::Perl::readline('Term::ReadLine::Perl=ARRAY(0x8091c84)', 'Enter arithmetic or Perl expression: ', 'exit') called at test.pl line 54
Redefining sub readline::F_TabInsert at blib/lib/Term/ReadLine/readline.pm line 1669
 at /opt/perl_5.8.8/lib/SelfLoader.pm line 164
        SelfLoader::_add_to_cache('SelfLoader', 'readline::F_TabInsert', 'readline', 'ARRAY(0x813febc)', '') called at /opt/perl_5.8.8/lib/SelfLoader.pm line 111
        SelfLoader::_load_stubs('SelfLoader', 'F_OperateAndGetNext') called at /opt/perl_5.8.8/lib/SelfLoader.pm line 63
        SelfLoader::AUTOLOAD(1, 8) called at blib/lib/Term/ReadLine/readline.pm line 1669
        readline::readline('Enter arithmetic or Perl expression: ', 'exit') called at blib/lib/Term/ReadLine/Perl.pm line 11
        Term::ReadLine::Perl::readline('Term::ReadLine::Perl=ARRAY(0x8091c84)', 'Enter arithmetic or Perl expression: ', 'exit') called at test.pl line 54
Redefining sub readline::F_OperateAndGetNext at blib/lib/Term/ReadLine/readline.pm line 1669
 at /opt/perl_5.8.8/lib/SelfLoader.pm line 164
        SelfLoader::_add_to_cache('SelfLoader', 'readline::F_OperateAndGetNext', 'readline', 'ARRAY(0x813febc)', '') called at /opt/perl_5.8.8/lib/SelfLoader.pm line 111
        SelfLoader::_load_stubs('SelfLoader', 'F_BackwardDeleteChar') called at /opt/perl_5.8.8/lib/SelfLoader.pm line 63
        SelfLoader::AUTOLOAD(1, 8) called at blib/lib/Term/ReadLine/readline.pm line 1669
        readline::readline('Enter arithmetic or Perl expression: ', 'exit') called at blib/lib/Term/ReadLine/Perl.pm line 11
        Term::ReadLine::Perl::readline('Term::ReadLine::Perl=ARRAY(0x8091c84)', 'Enter arithmetic or Perl expression: ', 'exit') called at test.pl line 54
Redefining sub readline::F_BackwardDeleteChar at blib/lib/Term/ReadLine/readline.pm line 1669
 at /opt/perl_5.8.8/lib/SelfLoader.pm line 164
        SelfLoader::_add_to_cache('SelfLoader', 'readline::F_BackwardDeleteChar', 'readline', 'ARRAY(0x813febc)', '') called at /opt/perl_5.8.8/lib/SelfLoader.pm line 111
        SelfLoader::_load_stubs('SelfLoader', 'F_DeleteChar') called at /opt/perl_5.8.8/lib/SelfLoader.pm line 63
        SelfLoader::AUTOLOAD(1, 8) called at blib/lib/Term/ReadLine/readline.pm line 1669
        readline::readline('Enter arithmetic or Perl expression: ', 'exit') called at blib/lib/Term/ReadLine/Perl.pm line 11
        Term::ReadLine::Perl::readline('Term::ReadLine::Perl=ARRAY(0x8091c84)', 'Enter arithmetic or Perl expression: ', 'exit') called at test.pl line 54
Redefining sub readline::F_DeleteChar at blib/lib/Term/ReadLine/readline.pm line 1669
 at /opt/perl_5.8.8/lib/SelfLoader.pm line 164
        SelfLoader::_add_to_cache('SelfLoader', 'readline::F_DeleteChar', 'readline', 'ARRAY(0x813febc)', '') called at /opt/perl_5.8.8/lib/SelfLoader.pm line 111
        SelfLoader::_load_stubs('SelfLoader', 'F_UnixWordRubout') called at /opt/perl_5.8.8/lib/SelfLoader.pm line 63
        SelfLoader::AUTOLOAD(1, 8) called at blib/lib/Term/ReadLine/readline.pm line 1669
        readline::readline('Enter arithmetic or Perl expression: ', 'exit') called at blib/lib/Term/ReadLine/Perl.pm line 11
        Term::ReadLine::Perl::readline('Term::ReadLine::Perl=ARRAY(0x8091c84)', 'Enter arithmetic or Perl expression: ', 'exit') called at test.pl line 54
Redefining sub readline::F_UnixWordRubout at blib/lib/Term/ReadLine/readline.pm line 1669
 at /opt/perl_5.8.8/lib/SelfLoader.pm line 164
        SelfLoader::_add_to_cache('SelfLoader', 'readline::F_UnixWordRubout', 'readline', 'ARRAY(0x813febc)', '') called at /opt/perl_5.8.8/lib/SelfLoader.pm line 111
        SelfLoader::_load_stubs('SelfLoader', 'F_UnixLineDiscard') called at /opt/perl_5.8.8/lib/SelfLoader.pm line 63
        SelfLoader::AUTOLOAD(1, 8) called at blib/lib/Term/ReadLine/readline.pm line 1669
        readline::readline('Enter arithmetic or Perl expression: ', 'exit') called at blib/lib/Term/ReadLine/Perl.pm line 11
        Term::ReadLine::Perl::readline('Term::ReadLine::Perl=ARRAY(0x8091c84)', 'Enter arithmetic or Perl expression: ', 'exit') called at test.pl line 54
Redefining sub readline::F_UnixLineDiscard at blib/lib/Term/ReadLine/readline.pm line 1669
 at /opt/perl_5.8.8/lib/SelfLoader.pm line 164
        SelfLoader::_add_to_cache('SelfLoader', 'readline::F_UnixLineDiscard', 'readline', 'ARRAY(0x813febc)', '') called at /opt/perl_5.8.8/lib/SelfLoader.pm line 111
        SelfLoader::_load_stubs('SelfLoader', 'F_UpcaseWord') called at /opt/perl_5.8.8/lib/SelfLoader.pm line 63
        SelfLoader::AUTOLOAD(1, 8) called at blib/lib/Term/ReadLine/readline.pm line 1669
        readline::readline('Enter arithmetic or Perl expression: ', 'exit') called at blib/lib/Term/ReadLine/Perl.pm line 11
        Term::ReadLine::Perl::readline('Term::ReadLine::Perl=ARRAY(0x8091c84)', 'Enter arithmetic or Perl expression: ', 'exit') called at test.pl line 54
Redefining sub readline::F_UpcaseWord at blib/lib/Term/ReadLine/readline.pm line 1669
 at /opt/perl_5.8.8/lib/SelfLoader.pm line 164
        SelfLoader::_add_to_cache('SelfLoader', 'readline::F_UpcaseWord', 'readline', 'ARRAY(0x813febc)', '') called at /opt/perl_5.8.8/lib/SelfLoader.pm line 111
        SelfLoader::_load_stubs('SelfLoader', 'F_DownCaseWord') called at /opt/perl_5.8.8/lib/SelfLoader.pm line 63
        SelfLoader::AUTOLOAD(1, 8) called at blib/lib/Term/ReadLine/readline.pm line 1669
        readline::readline('Enter arithmetic or Perl expression: ', 'exit') called at blib/lib/Term/ReadLine/Perl.pm line 11
        Term::ReadLine::Perl::readline('Term::ReadLine::Perl=ARRAY(0x8091c84)', 'Enter arithmetic or Perl expression: ', 'exit') called at test.pl line 54
Redefining sub readline::F_DownCaseWord at blib/lib/Term/ReadLine/readline.pm line 1669
 at /opt/perl_5.8.8/lib/SelfLoader.pm line 164
        SelfLoader::_add_to_cache('SelfLoader', 'readline::F_DownCaseWord', 'readline', 'ARRAY(0x813febc)', '') called at /opt/perl_5.8.8/lib/SelfLoader.pm line 111
        SelfLoader::_load_stubs('SelfLoader', 'F_CapitalizeWord') called at /opt/perl_5.8.8/lib/SelfLoader.pm line 63
        SelfLoader::AUTOLOAD(1, 8) called at blib/lib/Term/ReadLine/readline.pm line 1669
        readline::readline('Enter arithmetic or Perl expression: ', 'exit') called at blib/lib/Term/ReadLine/Perl.pm line 11
        Term::ReadLine::Perl::readline('Term::ReadLine::Perl=ARRAY(0x8091c84)', 'Enter arithmetic or Perl expression: ', 'exit') called at test.pl line 54
Redefining sub readline::F_CapitalizeWord at blib/lib/Term/ReadLine/readline.pm line 1669
 at /opt/perl_5.8.8/lib/SelfLoader.pm line 164
        SelfLoader::_add_to_cache('SelfLoader', 'readline::F_CapitalizeWord', 'readline', 'ARRAY(0x813febc)', '') called at /opt/perl_5.8.8/lib/SelfLoader.pm line 111
        SelfLoader::_load_stubs('SelfLoader', 'changecase') called at /opt/perl_5.8.8/lib/SelfLoader.pm line 63
        SelfLoader::AUTOLOAD(1, 8) called at blib/lib/Term/ReadLine/readline.pm line 1669
        readline::readline('Enter arithmetic or Perl expression: ', 'exit') called at blib/lib/Term/ReadLine/Perl.pm line 11
        Term::ReadLine::Perl::readline('Term::ReadLine::Perl=ARRAY(0x8091c84)', 'Enter arithmetic or Perl expression: ', 'exit') called at test.pl line 54
Redefining sub readline::F_TransposeWords at blib/lib/Term/ReadLine/readline.pm line 1669
 at /opt/perl_5.8.8/lib/SelfLoader.pm line 164
        SelfLoader::_add_to_cache('SelfLoader', 'readline::F_TransposeWords', 'readline', 'ARRAY(0x813febc)', '') called at /opt/perl_5.8.8/lib/SelfLoader.pm line 111
        SelfLoader::_load_stubs('SelfLoader', 'F_TransposeChars') called at /opt/perl_5.8.8/lib/SelfLoader.pm line 63
        SelfLoader::AUTOLOAD(1, 8) called at blib/lib/Term/ReadLine/readline.pm line 1669
        readline::readline('Enter arithmetic or Perl expression: ', 'exit') called at blib/lib/Term/ReadLine/Perl.pm line 11
        Term::ReadLine::Perl::readline('Term::ReadLine::Perl=ARRAY(0x8091c84)', 'Enter arithmetic or Perl expression: ', 'exit') called at test.pl line 54
Redefining sub readline::F_TransposeChars at blib/lib/Term/ReadLine/readline.pm line 1669
 at /opt/perl_5.8.8/lib/SelfLoader.pm line 164
        SelfLoader::_add_to_cache('SelfLoader', 'readline::F_TransposeChars', 'readline', 'ARRAY(0x813febc)', '') called at /opt/perl_5.8.8/lib/SelfLoader.pm line 111
        SelfLoader::_load_stubs('SelfLoader', 'F_PreviousHistory') called at /opt/perl_5.8.8/lib/SelfLoader.pm line 63
        SelfLoader::AUTOLOAD(1, 8) called at blib/lib/Term/ReadLine/readline.pm line 1669
        readline::readline('Enter arithmetic or Perl expression: ', 'exit') called at blib/lib/Term/ReadLine/Perl.pm line 11
        Term::ReadLine::Perl::readline('Term::ReadLine::Perl=ARRAY(0x8091c84)', 'Enter arithmetic or Perl expression: ', 'exit') called at test.pl line 54
Redefining sub readline::F_PreviousHistory at blib/lib/Term/ReadLine/readline.pm line 1669
 at /opt/perl_5.8.8/lib/SelfLoader.pm line 164
        SelfLoader::_add_to_cache('SelfLoader', 'readline::F_PreviousHistory', 'readline', 'ARRAY(0x813febc)', '') called at /opt/perl_5.8.8/lib/SelfLoader.pm line 111
        SelfLoader::_load_stubs('SelfLoader', 'F_NextHistory') called at /opt/perl_5.8.8/lib/SelfLoader.pm line 63
        SelfLoader::AUTOLOAD(1, 8) called at blib/lib/Term/ReadLine/readline.pm line 1669
        readline::readline('Enter arithmetic or Perl expression: ', 'exit') called at blib/lib/Term/ReadLine/Perl.pm line 11
        Term::ReadLine::Perl::readline('Term::ReadLine::Perl=ARRAY(0x8091c84)', 'Enter arithmetic or Perl expression: ', 'exit') called at test.pl line 54
Redefining sub readline::F_NextHistory at blib/lib/Term/ReadLine/readline.pm line 1669
 at /opt/perl_5.8.8/lib/SelfLoader.pm line 164
        SelfLoader::_add_to_cache('SelfLoader', 'readline::F_NextHistory', 'readline', 'ARRAY(0x813febc)', '') called at /opt/perl_5.8.8/lib/SelfLoader.pm line 111
        SelfLoader::_load_stubs('SelfLoader', 'F_BeginningOfHistory') called at /opt/perl_5.8.8/lib/SelfLoader.pm line 63
        SelfLoader::AUTOLOAD(1, 8) called at blib/lib/Term/ReadLine/readline.pm line 1669
        readline::readline('Enter arithmetic or Perl expression: ', 'exit') called at blib/lib/Term/ReadLine/Perl.pm line 11
        Term::ReadLine::Perl::readline('Term::ReadLine::Perl=ARRAY(0x8091c84)', 'Enter arithmetic or Perl expression: ', 'exit') called at test.pl line 54
Redefining sub readline::F_BeginningOfHistory at blib/lib/Term/ReadLine/readline.pm line 1669
 at /opt/perl_5.8.8/lib/SelfLoader.pm line 164
        SelfLoader::_add_to_cache('SelfLoader', 'readline::F_BeginningOfHistory', 'readline', 'ARRAY(0x813febc)', '') called at /opt/perl_5.8.8/lib/SelfLoader.pm line 111
        SelfLoader::_load_stubs('SelfLoader', 'F_EndOfHistory') called at /opt/perl_5.8.8/lib/SelfLoader.pm line 63
        SelfLoader::AUTOLOAD(1, 8) called at blib/lib/Term/ReadLine/readline.pm line 1669
        readline::readline('Enter arithmetic or Perl expression: ', 'exit') called at blib/lib/Term/ReadLine/Perl.pm line 11
        Term::ReadLine::Perl::readline('Term::ReadLine::Perl=ARRAY(0x8091c84)', 'Enter arithmetic or Perl expression: ', 'exit') called at test.pl line 54
Redefining sub readline::F_EndOfHistory at blib/lib/Term/ReadLine/readline.pm line 1669
 at /opt/perl_5.8.8/lib/SelfLoader.pm line 164
        SelfLoader::_add_to_cache('SelfLoader', 'readline::F_EndOfHistory', 'readline', 'ARRAY(0x813febc)', '') called at /opt/perl_5.8.8/lib/SelfLoader.pm line 111
        SelfLoader::_load_stubs('SelfLoader', 'F_ReverseSearchHistory') called at /opt/perl_5.8.8/lib/SelfLoader.pm line 63
        SelfLoader::AUTOLOAD(1, 8) called at blib/lib/Term/ReadLine/readline.pm line 1669
        readline::readline('Enter arithmetic or Perl expression: ', 'exit') called at blib/lib/Term/ReadLine/Perl.pm line 11
        Term::ReadLine::Perl::readline('Term::ReadLine::Perl=ARRAY(0x8091c84)', 'Enter arithmetic or Perl expression: ', 'exit') called at test.pl line 54
Redefining sub readline::F_ReverseSearchHistory at blib/lib/Term/ReadLine/readline.pm line 1669
 at /opt/perl_5.8.8/lib/SelfLoader.pm line 164
        SelfLoader::_add_to_cache('SelfLoader', 'readline::F_ReverseSearchHistory', 'readline', 'ARRAY(0x813febc)', '') called at /opt/perl_5.8.8/lib/SelfLoader.pm line 111
        SelfLoader::_load_stubs('SelfLoader', 'F_ForwardSearchHistory') called at /opt/perl_5.8.8/lib/SelfLoader.pm line 63
        SelfLoader::AUTOLOAD(1, 8) called at blib/lib/Term/ReadLine/readline.pm line 1669
        readline::readline('Enter arithmetic or Perl expression: ', 'exit') called at blib/lib/Term/ReadLine/Perl.pm line 11
        Term::ReadLine::Perl::readline('Term::ReadLine::Perl=ARRAY(0x8091c84)', 'Enter arithmetic or Perl expression: ', 'exit') called at test.pl line 54
Redefining sub readline::F_ForwardSearchHistory at blib/lib/Term/ReadLine/readline.pm line 1669
 at /opt/perl_5.8.8/lib/SelfLoader.pm line 164
        SelfLoader::_add_to_cache('SelfLoader', 'readline::F_ForwardSearchHistory', 'readline', 'ARRAY(0x813febc)', '') called at /opt/perl_5.8.8/lib/SelfLoader.pm line 111
        SelfLoader::_load_stubs('SelfLoader', 'F_HistorySearchBackward') called at /opt/perl_5.8.8/lib/SelfLoader.pm line 63
        SelfLoader::AUTOLOAD(1, 8) called at blib/lib/Term/ReadLine/readline.pm line 1669
        readline::readline('Enter arithmetic or Perl expression: ', 'exit') called at blib/lib/Term/ReadLine/Perl.pm line 11
        Term::ReadLine::Perl::readline('Term::ReadLine::Perl=ARRAY(0x8091c84)', 'Enter arithmetic or Perl expression: ', 'exit') called at test.pl line 54
Redefining sub readline::F_HistorySearchBackward at blib/lib/Term/ReadLine/readline.pm line 1669
 at /opt/perl_5.8.8/lib/SelfLoader.pm line 164
        SelfLoader::_add_to_cache('SelfLoader', 'readline::F_HistorySearchBackward', 'readline', 'ARRAY(0x813febc)', '') called at /opt/perl_5.8.8/lib/SelfLoader.pm line 111
        SelfLoader::_load_stubs('SelfLoader', 'F_HistorySearchForward') called at /opt/perl_5.8.8/lib/SelfLoader.pm line 63
        SelfLoader::AUTOLOAD(1, 8) called at blib/lib/Term/ReadLine/readline.pm line 1669
        readline::readline('Enter arithmetic or Perl expression: ', 'exit') called at blib/lib/Term/ReadLine/Perl.pm line 11
        Term::ReadLine::Perl::readline('Term::ReadLine::Perl=ARRAY(0x8091c84)', 'Enter arithmetic or Perl expression: ', 'exit') called at test.pl line 54
Redefining sub readline::F_HistorySearchForward at blib/lib/Term/ReadLine/readline.pm line 1669
 at /opt/perl_5.8.8/lib/SelfLoader.pm line 164
        SelfLoader::_add_to_cache('SelfLoader', 'readline::F_HistorySearchForward', 'readline', 'ARRAY(0x813febc)', '') called at /opt/perl_5.8.8/lib/SelfLoader.pm line 111
        SelfLoader::_load_stubs('SelfLoader', 'search') called at /opt/perl_5.8.8/lib/SelfLoader.pm line 63
        SelfLoader::AUTOLOAD(1, 8) called at blib/lib/Term/ReadLine/readline.pm line 1669
        readline::readline('Enter arithmetic or Perl expression: ', 'exit') called at blib/lib/Term/ReadLine/Perl.pm line 11
        Term::ReadLine::Perl::readline('Term::ReadLine::Perl=ARRAY(0x8091c84)', 'Enter arithmetic or Perl expression: ', 'exit') called at test.pl line 54
Redefining sub readline::F_KillLine at blib/lib/Term/ReadLine/readline.pm line 1669
 at /opt/perl_5.8.8/lib/SelfLoader.pm line 164
        SelfLoader::_add_to_cache('SelfLoader', 'readline::F_KillLine', 'readline', 'ARRAY(0x813febc)', '') called at /opt/perl_5.8.8/lib/SelfLoader.pm line 111
        SelfLoader::_load_stubs('SelfLoader', 'F_BackwardKillLine') called at /opt/perl_5.8.8/lib/SelfLoader.pm line 63
        SelfLoader::AUTOLOAD(1, 8) called at blib/lib/Term/ReadLine/readline.pm line 1669
        readline::readline('Enter arithmetic or Perl expression: ', 'exit') called at blib/lib/Term/ReadLine/Perl.pm line 11
        Term::ReadLine::Perl::readline('Term::ReadLine::Perl=ARRAY(0x8091c84)', 'Enter arithmetic or Perl expression: ', 'exit') called at test.pl line 54
Redefining sub readline::F_BackwardKillLine at blib/lib/Term/ReadLine/readline.pm line 1669
 at /opt/perl_5.8.8/lib/SelfLoader.pm line 164
        SelfLoader::_add_to_cache('SelfLoader', 'readline::F_BackwardKillLine', 'readline', 'ARRAY(0x813febc)', '') called at /opt/perl_5.8.8/lib/SelfLoader.pm line 111
        SelfLoader::_load_stubs('SelfLoader', 'TextInsert') called at /opt/perl_5.8.8/lib/SelfLoader.pm line 63
        SelfLoader::AUTOLOAD(1, 8) called at blib/lib/Term/ReadLine/readline.pm line 1669
        readline::readline('Enter arithmetic or Perl expression: ', 'exit') called at blib/lib/Term/ReadLine/Perl.pm line 11
        Term::ReadLine::Perl::readline('Term::ReadLine::Perl=ARRAY(0x8091c84)', 'Enter arithmetic or Perl expression: ', 'exit') called at test.pl line 54
Redefining sub readline::F_Yank at blib/lib/Term/ReadLine/readline.pm line 1669
 at /opt/perl_5.8.8/lib/SelfLoader.pm line 164
        SelfLoader::_add_to_cache('SelfLoader', 'readline::F_Yank', 'readline', 'ARRAY(0x813febc)', '') called at /opt/perl_5.8.8/lib/SelfLoader.pm line 111
        SelfLoader::_load_stubs('SelfLoader', 'F_YankPop') called at /opt/perl_5.8.8/lib/SelfLoader.pm line 63
        SelfLoader::AUTOLOAD(1, 8) called at blib/lib/Term/ReadLine/readline.pm line 1669
        readline::readline('Enter arithmetic or Perl expression: ', 'exit') called at blib/lib/Term/ReadLine/Perl.pm line 11
        Term::ReadLine::Perl::readline('Term::ReadLine::Perl=ARRAY(0x8091c84)', 'Enter arithmetic or Perl expression: ', 'exit') called at test.pl line 54
Redefining sub readline::F_YankPop at blib/lib/Term/ReadLine/readline.pm line 1669
 at /opt/perl_5.8.8/lib/SelfLoader.pm line 164
        SelfLoader::_add_to_cache('SelfLoader', 'readline::F_YankPop', 'readline', 'ARRAY(0x813febc)', '') called at /opt/perl_5.8.8/lib/SelfLoader.pm line 111
        SelfLoader::_load_stubs('SelfLoader', 'F_YankNthArg') called at /opt/perl_5.8.8/lib/SelfLoader.pm line 63
        SelfLoader::AUTOLOAD(1, 8) called at blib/lib/Term/ReadLine/readline.pm line 1669
        readline::readline('Enter arithmetic or Perl expression: ', 'exit') called at blib/lib/Term/ReadLine/Perl.pm line 11
        Term::ReadLine::Perl::readline('Term::ReadLine::Perl=ARRAY(0x8091c84)', 'Enter arithmetic or Perl expression: ', 'exit') called at test.pl line 54
Redefining sub readline::F_YankNthArg at blib/lib/Term/ReadLine/readline.pm line 1669
 at /opt/perl_5.8.8/lib/SelfLoader.pm line 164
        SelfLoader::_add_to_cache('SelfLoader', 'readline::F_YankNthArg', 'readline', 'ARRAY(0x813febc)', '') called at /opt/perl_5.8.8/lib/SelfLoader.pm line 111
        SelfLoader::_load_stubs('SelfLoader', 'F_KillWord') called at /opt/perl_5.8.8/lib/SelfLoader.pm line 63
        SelfLoader::AUTOLOAD(1, 8) called at blib/lib/Term/ReadLine/readline.pm line 1669
        readline::readline('Enter arithmetic or Perl expression: ', 'exit') called at blib/lib/Term/ReadLine/Perl.pm line 11
        Term::ReadLine::Perl::readline('Term::ReadLine::Perl=ARRAY(0x8091c84)', 'Enter arithmetic or Perl expression: ', 'exit') called at test.pl line 54
Redefining sub readline::F_KillWord at blib/lib/Term/ReadLine/readline.pm line 1669
 at /opt/perl_5.8.8/lib/SelfLoader.pm line 164
        SelfLoader::_add_to_cache('SelfLoader', 'readline::F_KillWord', 'readline', 'ARRAY(0x813febc)', '') called at /opt/perl_5.8.8/lib/SelfLoader.pm line 111
        SelfLoader::_load_stubs('SelfLoader', 'F_BackwardKillWord') called at /opt/perl_5.8.8/lib/SelfLoader.pm line 63
        SelfLoader::AUTOLOAD(1, 8) called at blib/lib/Term/ReadLine/readline.pm line 1669
        readline::readline('Enter arithmetic or Perl expression: ', 'exit') called at blib/lib/Term/ReadLine/Perl.pm line 11
        Term::ReadLine::Perl::readline('Term::ReadLine::Perl=ARRAY(0x8091c84)', 'Enter arithmetic or Perl expression: ', 'exit') called at test.pl line 54
Redefining sub readline::F_BackwardKillWord at blib/lib/Term/ReadLine/readline.pm line 1669
 at /opt/perl_5.8.8/lib/SelfLoader.pm line 164
        SelfLoader::_add_to_cache('SelfLoader', 'readline::F_BackwardKillWord', 'readline', 'ARRAY(0x813febc)', '') called at /opt/perl_5.8.8/lib/SelfLoader.pm line 111
        SelfLoader::_load_stubs('SelfLoader', 'F_Abort') called at /opt/perl_5.8.8/lib/SelfLoader.pm line 63
        SelfLoader::AUTOLOAD(1, 8) called at blib/lib/Term/ReadLine/readline.pm line 1669
        readline::readline('Enter arithmetic or Perl expression: ', 'exit') called at blib/lib/Term/ReadLine/Perl.pm line 11
        Term::ReadLine::Perl::readline('Term::ReadLine::Perl=ARRAY(0x8091c84)', 'Enter arithmetic or Perl expression: ', 'exit') called at test.pl line 54
Redefining sub readline::F_Abort at blib/lib/Term/ReadLine/readline.pm line 1669
 at /opt/perl_5.8.8/lib/SelfLoader.pm line 164
        SelfLoader::_add_to_cache('SelfLoader', 'readline::F_Abort', 'readline', 'ARRAY(0x813febc)', '') called at /opt/perl_5.8.8/lib/SelfLoader.pm line 111
        SelfLoader::_load_stubs('SelfLoader', 'F_DoLowercaseVersion') called at /opt/perl_5.8.8/lib/SelfLoader.pm line 63
        SelfLoader::AUTOLOAD(1, 8) called at blib/lib/Term/ReadLine/readline.pm line 1669
        readline::readline('Enter arithmetic or Perl expression: ', 'exit') called at blib/lib/Term/ReadLine/Perl.pm line 11
        Term::ReadLine::Perl::readline('Term::ReadLine::Perl=ARRAY(0x8091c84)', 'Enter arithmetic or Perl expression: ', 'exit') called at test.pl line 54
Redefining sub readline::F_DoLowercaseVersion at blib/lib/Term/ReadLine/readline.pm line 1669
 at /opt/perl_5.8.8/lib/SelfLoader.pm line 164
        SelfLoader::_add_to_cache('SelfLoader', 'readline::F_DoLowercaseVersion', 'readline', 'ARRAY(0x813febc)', '') called at /opt/perl_5.8.8/lib/SelfLoader.pm line 111
        SelfLoader::_load_stubs('SelfLoader', 'F_DoControlVersion') called at /opt/perl_5.8.8/lib/SelfLoader.pm line 63
        SelfLoader::AUTOLOAD(1, 8) called at blib/lib/Term/ReadLine/readline.pm line 1669
        readline::readline('Enter arithmetic or Perl expression: ', 'exit') called at blib/lib/Term/ReadLine/Perl.pm line 11
        Term::ReadLine::Perl::readline('Term::ReadLine::Perl=ARRAY(0x8091c84)', 'Enter arithmetic or Perl expression: ', 'exit') called at test.pl line 54
Redefining sub readline::F_DoControlVersion at blib/lib/Term/ReadLine/readline.pm line 1669
 at /opt/perl_5.8.8/lib/SelfLoader.pm line 164
        SelfLoader::_add_to_cache('SelfLoader', 'readline::F_DoControlVersion', 'readline', 'ARRAY(0x813febc)', '') called at /opt/perl_5.8.8/lib/SelfLoader.pm line 111
        SelfLoader::_load_stubs('SelfLoader', 'F_DoMetaVersion') called at /opt/perl_5.8.8/lib/SelfLoader.pm line 63
        SelfLoader::AUTOLOAD(1, 8) called at blib/lib/Term/ReadLine/readline.pm line 1669
        readline::readline('Enter arithmetic or Perl expression: ', 'exit') called at blib/lib/Term/ReadLine/Perl.pm line 11
        Term::ReadLine::Perl::readline('Term::ReadLine::Perl=ARRAY(0x8091c84)', 'Enter arithmetic or Perl expression: ', 'exit') called at test.pl line 54
Redefining sub readline::F_DoMetaVersion at blib/lib/Term/ReadLine/readline.pm line 1669
 at /opt/perl_5.8.8/lib/SelfLoader.pm line 164
        SelfLoader::_add_to_cache('SelfLoader', 'readline::F_DoMetaVersion', 'readline', 'ARRAY(0x813febc)', '') called at /opt/perl_5.8.8/lib/SelfLoader.pm line 111
        SelfLoader::_load_stubs('SelfLoader', 'F_DoEscVersion') called at /opt/perl_5.8.8/lib/SelfLoader.pm line 63
        SelfLoader::AUTOLOAD(1, 8) called at blib/lib/Term/ReadLine/readline.pm line 1669
        readline::readline('Enter arithmetic or Perl expression: ', 'exit') called at blib/lib/Term/ReadLine/Perl.pm line 11
        Term::ReadLine::Perl::readline('Term::ReadLine::Perl=ARRAY(0x8091c84)', 'Enter arithmetic or Perl expression: ', 'exit') called at test.pl line 54
Redefining sub readline::F_Undo at blib/lib/Term/ReadLine/readline.pm line 1669
 at /opt/perl_5.8.8/lib/SelfLoader.pm line 164
        SelfLoader::_add_to_cache('SelfLoader', 'readline::F_Undo', 'readline', 'ARRAY(0x813febc)', '') called at /opt/perl_5.8.8/lib/SelfLoader.pm line 111
        SelfLoader::_load_stubs('SelfLoader', 'F_RevertLine') called at /opt/perl_5.8.8/lib/SelfLoader.pm line 63
        SelfLoader::AUTOLOAD(1, 8) called at blib/lib/Term/ReadLine/readline.pm line 1669
        readline::readline('Enter arithmetic or Perl expression: ', 'exit') called at blib/lib/Term/ReadLine/Perl.pm line 11
        Term::ReadLine::Perl::readline('Term::ReadLine::Perl=ARRAY(0x8091c84)', 'Enter arithmetic or Perl expression: ', 'exit') called at test.pl line 54
Redefining sub readline::F_RevertLine at blib/lib/Term/ReadLine/readline.pm line 1669
 at /opt/perl_5.8.8/lib/SelfLoader.pm line 164
        SelfLoader::_add_to_cache('SelfLoader', 'readline::F_RevertLine', 'readline', 'ARRAY(0x813febc)', '') called at /opt/perl_5.8.8/lib/SelfLoader.pm line 111
        SelfLoader::_load_stubs('SelfLoader', 'F_EmacsEditingMode') called at /opt/perl_5.8.8/lib/SelfLoader.pm line 63
        SelfLoader::AUTOLOAD(1, 8) called at blib/lib/Term/ReadLine/readline.pm line 1669
        readline::readline('Enter arithmetic or Perl expression: ', 'exit') called at blib/lib/Term/ReadLine/Perl.pm line 11
        Term::ReadLine::Perl::readline('Term::ReadLine::Perl=ARRAY(0x8091c84)', 'Enter arithmetic or Perl expression: ', 'exit') called at test.pl line 54
Redefining sub readline::F_EmacsEditingMode at blib/lib/Term/ReadLine/readline.pm line 1669
 at /opt/perl_5.8.8/lib/SelfLoader.pm line 164
        SelfLoader::_add_to_cache('SelfLoader', 'readline::F_EmacsEditingMode', 'readline', 'ARRAY(0x813febc)', '') called at /opt/perl_5.8.8/lib/SelfLoader.pm line 111
        SelfLoader::_load_stubs('SelfLoader', 'F_Interrupt') called at /opt/perl_5.8.8/lib/SelfLoader.pm line 63
        SelfLoader::AUTOLOAD(1, 8) called at blib/lib/Term/ReadLine/readline.pm line 1669
        readline::readline('Enter arithmetic or Perl expression: ', 'exit') called at blib/lib/Term/ReadLine/Perl.pm line 11
        Term::ReadLine::Perl::readline('Term::ReadLine::Perl=ARRAY(0x8091c84)', 'Enter arithmetic or Perl expression: ', 'exit') called at test.pl line 54
Redefining sub readline::F_Interrupt at blib/lib/Term/ReadLine/readline.pm line 1669
 at /opt/perl_5.8.8/lib/SelfLoader.pm line 164
        SelfLoader::_add_to_cache('SelfLoader', 'readline::F_Interrupt', 'readline', 'ARRAY(0x813febc)', '') called at /opt/perl_5.8.8/lib/SelfLoader.pm line 111
        SelfLoader::_load_stubs('SelfLoader', 'F_PrefixMeta') called at /opt/perl_5.8.8/lib/SelfLoader.pm line 63
        SelfLoader::AUTOLOAD(1, 8) called at blib/lib/Term/ReadLine/readline.pm line 1669
        readline::readline('Enter arithmetic or Perl expression: ', 'exit') called at blib/lib/Term/ReadLine/Perl.pm line 11
        Term::ReadLine::Perl::readline('Term::ReadLine::Perl=ARRAY(0x8091c84)', 'Enter arithmetic or Perl expression: ', 'exit') called at test.pl line 54
Redefining sub readline::F_PrefixMeta at blib/lib/Term/ReadLine/readline.pm line 1669
 at /opt/perl_5.8.8/lib/SelfLoader.pm line 164
        SelfLoader::_add_to_cache('SelfLoader', 'readline::F_PrefixMeta', 'readline', 'ARRAY(0x813febc)', '') called at /opt/perl_5.8.8/lib/SelfLoader.pm line 111
        SelfLoader::_load_stubs('SelfLoader', 'F_UniversalArgument') called at /opt/perl_5.8.8/lib/SelfLoader.pm line 63
        SelfLoader::AUTOLOAD(1, 8) called at blib/lib/Term/ReadLine/readline.pm line 1669
        readline::readline('Enter arithmetic or Perl expression: ', 'exit') called at blib/lib/Term/ReadLine/Perl.pm line 11
        Term::ReadLine::Perl::readline('Term::ReadLine::Perl=ARRAY(0x8091c84)', 'Enter arithmetic or Perl expression: ', 'exit') called at test.pl line 54
Redefining sub readline::F_UniversalArgument at blib/lib/Term/ReadLine/readline.pm line 1669
 at /opt/perl_5.8.8/lib/SelfLoader.pm line 164
        SelfLoader::_add_to_cache('SelfLoader', 'readline::F_UniversalArgument', 'readline', 'ARRAY(0x813febc)', '') called at /opt/perl_5.8.8/lib/SelfLoader.pm line 111
        SelfLoader::_load_stubs('SelfLoader', 'F_DigitArgument') called at /opt/perl_5.8.8/lib/SelfLoader.pm line 63
        SelfLoader::AUTOLOAD(1, 8) called at blib/lib/Term/ReadLine/readline.pm line 1669
        readline::readline('Enter arithmetic or Perl expression: ', 'exit') called at blib/lib/Term/ReadLine/Perl.pm line 11
        Term::ReadLine::Perl::readline('Term::ReadLine::Perl=ARRAY(0x8091c84)', 'Enter arithmetic or Perl expression: ', 'exit') called at test.pl line 54
Redefining sub readline::F_DigitArgument at blib/lib/Term/ReadLine/readline.pm line 1669
 at /opt/perl_5.8.8/lib/SelfLoader.pm line 164
        SelfLoader::_add_to_cache('SelfLoader', 'readline::F_DigitArgument', 'readline', 'ARRAY(0x813febc)', '') called at /opt/perl_5.8.8/lib/SelfLoader.pm line 111
        SelfLoader::_load_stubs('SelfLoader', 'F_OverwriteMode') called at /opt/perl_5.8.8/lib/SelfLoader.pm line 63
        SelfLoader::AUTOLOAD(1, 8) called at blib/lib/Term/ReadLine/readline.pm line 1669
        readline::readline('Enter arithmetic or Perl expression: ', 'exit') called at blib/lib/Term/ReadLine/Perl.pm line 11
        Term::ReadLine::Perl::readline('Term::ReadLine::Perl=ARRAY(0x8091c84)', 'Enter arithmetic or Perl expression: ', 'exit') called at test.pl line 54
Redefining sub readline::F_OverwriteMode at blib/lib/Term/ReadLine/readline.pm line 1669
 at /opt/perl_5.8.8/lib/SelfLoader.pm line 164
        SelfLoader::_add_to_cache('SelfLoader', 'readline::F_OverwriteMode', 'readline', 'ARRAY(0x813febc)', '') called at /opt/perl_5.8.8/lib/SelfLoader.pm line 111
        SelfLoader::_load_stubs('SelfLoader', 'F_InsertMode') called at /opt/perl_5.8.8/lib/SelfLoader.pm line 63
        SelfLoader::AUTOLOAD(1, 8) called at blib/lib/Term/ReadLine/readline.pm line 1669
        readline::readline('Enter arithmetic or Perl expression: ', 'exit') called at blib/lib/Term/ReadLine/Perl.pm line 11
        Term::ReadLine::Perl::readline('Term::ReadLine::Perl=ARRAY(0x8091c84)', 'Enter arithmetic or Perl expression: ', 'exit') called at test.pl line 54
Redefining sub readline::F_InsertMode at blib/lib/Term/ReadLine/readline.pm line 1669
 at /opt/perl_5.8.8/lib/SelfLoader.pm line 164
        SelfLoader::_add_to_cache('SelfLoader', 'readline::F_InsertMode', 'readline', 'ARRAY(0x813febc)', '') called at /opt/perl_5.8.8/lib/SelfLoader.pm line 111
        SelfLoader::_load_stubs('SelfLoader', 'F_ToggleInsertMode') called at /opt/perl_5.8.8/lib/SelfLoader.pm line 63
        SelfLoader::AUTOLOAD(1, 8) called at blib/lib/Term/ReadLine/readline.pm line 1669
        readline::readline('Enter arithmetic or Perl expression: ', 'exit') called at blib/lib/Term/ReadLine/Perl.pm line 11
        Term::ReadLine::Perl::readline('Term::ReadLine::Perl=ARRAY(0x8091c84)', 'Enter arithmetic or Perl expression: ', 'exit') called at test.pl line 54
Redefining sub readline::F_ToggleInsertMode at blib/lib/Term/ReadLine/readline.pm line 1669
 at /opt/perl_5.8.8/lib/SelfLoader.pm line 164
        SelfLoader::_add_to_cache('SelfLoader', 'readline::F_ToggleInsertMode', 'readline', 'ARRAY(0x813febc)', '') called at /opt/perl_5.8.8/lib/SelfLoader.pm line 111
        SelfLoader::_load_stubs('SelfLoader', 'F_Suspend') called at /opt/perl_5.8.8/lib/SelfLoader.pm line 63
        SelfLoader::AUTOLOAD(1, 8) called at blib/lib/Term/ReadLine/readline.pm line 1669
        readline::readline('Enter arithmetic or Perl expression: ', 'exit') called at blib/lib/Term/ReadLine/Perl.pm line 11
        Term::ReadLine::Perl::readline('Term::ReadLine::Perl=ARRAY(0x8091c84)', 'Enter arithmetic or Perl expression: ', 'exit') called at test.pl line 54
Redefining sub readline::F_Suspend at blib/lib/Term/ReadLine/readline.pm line 1669
 at /opt/perl_5.8.8/lib/SelfLoader.pm line 164
        SelfLoader::_add_to_cache('SelfLoader', 'readline::F_Suspend', 'readline', 'ARRAY(0x813febc)', '') called at /opt/perl_5.8.8/lib/SelfLoader.pm line 111
        SelfLoader::_load_stubs('SelfLoader', 'F_Ding') called at /opt/perl_5.8.8/lib/SelfLoader.pm line 63
        SelfLoader::AUTOLOAD(1, 8) called at blib/lib/Term/ReadLine/readline.pm line 1669
        readline::readline('Enter arithmetic or Perl expression: ', 'exit') called at blib/lib/Term/ReadLine/Perl.pm line 11
        Term::ReadLine::Perl::readline('Term::ReadLine::Perl=ARRAY(0x8091c84)', 'Enter arithmetic or Perl expression: ', 'exit') called at test.pl line 54
Redefining sub readline::F_Ding at blib/lib/Term/ReadLine/readline.pm line 1669
 at /opt/perl_5.8.8/lib/SelfLoader.pm line 164
        SelfLoader::_add_to_cache('SelfLoader', 'readline::F_Ding', 'readline', 'ARRAY(0x813febc)', '') called at /opt/perl_5.8.8/lib/SelfLoader.pm line 111
        SelfLoader::_load_stubs('SelfLoader', 'F_PossibleCompletions') called at /opt/perl_5.8.8/lib/SelfLoader.pm line 63
        SelfLoader::AUTOLOAD(1, 8) called at blib/lib/Term/ReadLine/readline.pm line 1669
        readline::readline('Enter arithmetic or Perl expression: ', 'exit') called at blib/lib/Term/ReadLine/Perl.pm line 11
        Term::ReadLine::Perl::readline('Term::ReadLine::Perl=ARRAY(0x8091c84)', 'Enter arithmetic or Perl expression: ', 'exit') called at test.pl line 54
Redefining sub readline::F_PossibleCompletions at blib/lib/Term/ReadLine/readline.pm line 1669
 at /opt/perl_5.8.8/lib/SelfLoader.pm line 164
        SelfLoader::_add_to_cache('SelfLoader', 'readline::F_PossibleCompletions', 'readline', 'ARRAY(0x813febc)', '') called at /opt/perl_5.8.8/lib/SelfLoader.pm line 111
        SelfLoader::_load_stubs('SelfLoader', 'F_InsertPossibleCompletions') called at /opt/perl_5.8.8/lib/SelfLoader.pm line 63
        SelfLoader::AUTOLOAD(1, 8) called at blib/lib/Term/ReadLine/readline.pm line 1669
        readline::readline('Enter arithmetic or Perl expression: ', 'exit') called at blib/lib/Term/ReadLine/Perl.pm line 11
        Term::ReadLine::Perl::readline('Term::ReadLine::Perl=ARRAY(0x8091c84)', 'Enter arithmetic or Perl expression: ', 'exit') called at test.pl line 54
Redefining sub readline::F_Complete at blib/lib/Term/ReadLine/readline.pm line 1669
 at /opt/perl_5.8.8/lib/SelfLoader.pm line 164
        SelfLoader::_add_to_cache('SelfLoader', 'readline::F_Complete', 'readline', 'ARRAY(0x813febc)', '') called at /opt/perl_5.8.8/lib/SelfLoader.pm line 111
        SelfLoader::_load_stubs('SelfLoader', 'complete_internal') called at /opt/perl_5.8.8/lib/SelfLoader.pm line 63
        SelfLoader::AUTOLOAD(1, 8) called at blib/lib/Term/ReadLine/readline.pm line 1669
        readline::readline('Enter arithmetic or Perl expression: ', 'exit') called at blib/lib/Term/ReadLine/Perl.pm line 11
        Term::ReadLine::Perl::readline('Term::ReadLine::Perl=ARRAY(0x8091c84)', 'Enter arithmetic or Perl expression: ', 'exit') called at test.pl line 54
Redefining sub readline::clipboard_set at blib/lib/Term/ReadLine/readline.pm line 1669
 at /opt/perl_5.8.8/lib/SelfLoader.pm line 164
        SelfLoader::_add_to_cache('SelfLoader', 'readline::clipboard_set', 'readline', 'ARRAY(0x813febc)', '') called at /opt/perl_5.8.8/lib/SelfLoader.pm line 111
        SelfLoader::_load_stubs('SelfLoader', 'F_CopyRegionAsKillClipboard') called at /opt/perl_5.8.8/lib/SelfLoader.pm line 63
        SelfLoader::AUTOLOAD(1, 8) called at blib/lib/Term/ReadLine/readline.pm line 1669
        readline::readline('Enter arithmetic or Perl expression: ', 'exit') called at blib/lib/Term/ReadLine/Perl.pm line 11
        Term::ReadLine::Perl::readline('Term::ReadLine::Perl=ARRAY(0x8091c84)', 'Enter arithmetic or Perl expression: ', 'exit') called at test.pl line 54
Redefining sub readline::F_CopyRegionAsKillClipboard at blib/lib/Term/ReadLine/readline.pm line 1669
 at /opt/perl_5.8.8/lib/SelfLoader.pm line 164
        SelfLoader::_add_to_cache('SelfLoader', 'readline::F_CopyRegionAsKillClipboard', 'readline', 'ARRAY(0x813febc)', '') called at /opt/perl_5.8.8/lib/SelfLoader.pm line 111
        SelfLoader::_load_stubs('SelfLoader', 'F_KillRegionClipboard') called at /opt/perl_5.8.8/lib/SelfLoader.pm line 63
        SelfLoader::AUTOLOAD(1, 8) called at blib/lib/Term/ReadLine/readline.pm line 1669
        readline::readline('Enter arithmetic or Perl expression: ', 'exit') called at blib/lib/Term/ReadLine/Perl.pm line 11
        Term::ReadLine::Perl::readline('Term::ReadLine::Perl=ARRAY(0x8091c84)', 'Enter arithmetic or Perl expression: ', 'exit') called at test.pl line 54
Redefining sub readline::F_KillRegionClipboard at blib/lib/Term/ReadLine/readline.pm line 1669
 at /opt/perl_5.8.8/lib/SelfLoader.pm line 164
        SelfLoader::_add_to_cache('SelfLoader', 'readline::F_KillRegionClipboard', 'readline', 'ARRAY(0x813febc)', '') called at /opt/perl_5.8.8/lib/SelfLoader.pm line 111
        SelfLoader::_load_stubs('SelfLoader', 'F_YankClipboard') called at /opt/perl_5.8.8/lib/SelfLoader.pm line 63
        SelfLoader::AUTOLOAD(1, 8) called at blib/lib/Term/ReadLine/readline.pm line 1669
        readline::readline('Enter arithmetic or Perl expression: ', 'exit') called at blib/lib/Term/ReadLine/Perl.pm line 11
        Term::ReadLine::Perl::readline('Term::ReadLine::Perl=ARRAY(0x8091c84)', 'Enter arithmetic or Perl expression: ', 'exit') called at test.pl line 54
Redefining sub readline::F_YankClipboard at blib/lib/Term/ReadLine/readline.pm line 1669
 at /opt/perl_5.8.8/lib/SelfLoader.pm line 164
        SelfLoader::_add_to_cache('SelfLoader', 'readline::F_YankClipboard', 'readline', 'ARRAY(0x813febc)', '') called at /opt/perl_5.8.8/lib/SelfLoader.pm line 111
        SelfLoader::_load_stubs('SelfLoader', 'F_BeginUndoGroup') called at /opt/perl_5.8.8/lib/SelfLoader.pm line 63
        SelfLoader::AUTOLOAD(1, 8) called at blib/lib/Term/ReadLine/readline.pm line 1669
        readline::readline('Enter arithmetic or Perl expression: ', 'exit') called at blib/lib/Term/ReadLine/Perl.pm line 11
        Term::ReadLine::Perl::readline('Term::ReadLine::Perl=ARRAY(0x8091c84)', 'Enter arithmetic or Perl expression: ', 'exit') called at test.pl line 54
Redefining sub readline::F_BeginUndoGroup at blib/lib/Term/ReadLine/readline.pm line 1669
 at /opt/perl_5.8.8/lib/SelfLoader.pm line 164
        SelfLoader::_add_to_cache('SelfLoader', 'readline::F_BeginUndoGroup', 'readline', 'ARRAY(0x813febc)', '') called at /opt/perl_5.8.8/lib/SelfLoader.pm line 111
        SelfLoader::_load_stubs('SelfLoader', 'F_EndUndoGroup') called at /opt/perl_5.8.8/lib/SelfLoader.pm line 63
        SelfLoader::AUTOLOAD(1, 8) called at blib/lib/Term/ReadLine/readline.pm line 1669
        readline::readline('Enter arithmetic or Perl expression: ', 'exit') called at blib/lib/Term/ReadLine/Perl.pm line 11
        Term::ReadLine::Perl::readline('Term::ReadLine::Perl=ARRAY(0x8091c84)', 'Enter arithmetic or Perl expression: ', 'exit') called at test.pl line 54
Redefining sub readline::F_EndUndoGroup at blib/lib/Term/ReadLine/readline.pm line 1669
 at /opt/perl_5.8.8/lib/SelfLoader.pm line 164
        SelfLoader::_add_to_cache('SelfLoader', 'readline::F_EndUndoGroup', 'readline', 'ARRAY(0x813febc)', '') called at /opt/perl_5.8.8/lib/SelfLoader.pm line 111
        SelfLoader::_load_stubs('SelfLoader', 'F_DoNothing') called at /opt/perl_5.8.8/lib/SelfLoader.pm line 63
        SelfLoader::AUTOLOAD(1, 8) called at blib/lib/Term/ReadLine/readline.pm line 1669
        readline::readline('Enter arithmetic or Perl expression: ', 'exit') called at blib/lib/Term/ReadLine/Perl.pm line 11
        Term::ReadLine::Perl::readline('Term::ReadLine::Perl=ARRAY(0x8091c84)', 'Enter arithmetic or Perl expression: ', 'exit') called at test.pl line 54
Redefining sub readline::F_DoNothing at blib/lib/Term/ReadLine/readline.pm line 1669
 at /opt/perl_5.8.8/lib/SelfLoader.pm line 164
        SelfLoader::_add_to_cache('SelfLoader', 'readline::F_DoNothing', 'readline', 'ARRAY(0x813febc)', '') called at /opt/perl_5.8.8/lib/SelfLoader.pm line 111
        SelfLoader::_load_stubs('SelfLoader', 'F_ForceMemorizeDigitArgument') called at /opt/perl_5.8.8/lib/SelfLoader.pm line 63
        SelfLoader::AUTOLOAD(1, 8) called at blib/lib/Term/ReadLine/readline.pm line 1669
        readline::readline('Enter arithmetic or Perl expression: ', 'exit') called at blib/lib/Term/ReadLine/Perl.pm line 11
        Term::ReadLine::Perl::readline('Term::ReadLine::Perl=ARRAY(0x8091c84)', 'Enter arithmetic or Perl expression: ', 'exit') called at test.pl line 54
Redefining sub readline::F_ForceMemorizeDigitArgument at blib/lib/Term/ReadLine/readline.pm line 1669
 at /opt/perl_5.8.8/lib/SelfLoader.pm line 164
        SelfLoader::_add_to_cache('SelfLoader', 'readline::F_ForceMemorizeDigitArgument', 'readline', 'ARRAY(0x813febc)', '') called at /opt/perl_5.8.8/lib/SelfLoader.pm line 111
        SelfLoader::_load_stubs('SelfLoader', 'F_MemorizeDigitArgument') called at /opt/perl_5.8.8/lib/SelfLoader.pm line 63
        SelfLoader::AUTOLOAD(1, 8) called at blib/lib/Term/ReadLine/readline.pm line 1669
        readline::readline('Enter arithmetic or Perl expression: ', 'exit') called at blib/lib/Term/ReadLine/Perl.pm line 11
        Term::ReadLine::Perl::readline('Term::ReadLine::Perl=ARRAY(0x8091c84)', 'Enter arithmetic or Perl expression: ', 'exit') called at test.pl line 54
Redefining sub readline::F_MemorizeDigitArgument at blib/lib/Term/ReadLine/readline.pm line 1669
 at /opt/perl_5.8.8/lib/SelfLoader.pm line 164
        SelfLoader::_add_to_cache('SelfLoader', 'readline::F_MemorizeDigitArgument', 'readline', 'ARRAY(0x813febc)', '') called at /opt/perl_5.8.8/lib/SelfLoader.pm line 111
        SelfLoader::_load_stubs('SelfLoader', 'F_UnmemorizeDigitArgument') called at /opt/perl_5.8.8/lib/SelfLoader.pm line 63
        SelfLoader::AUTOLOAD(1, 8) called at blib/lib/Term/ReadLine/readline.pm line 1669
        readline::readline('Enter arithmetic or Perl expression: ', 'exit') called at blib/lib/Term/ReadLine/Perl.pm line 11
        Term::ReadLine::Perl::readline('Term::ReadLine::Perl=ARRAY(0x8091c84)', 'Enter arithmetic or Perl expression: ', 'exit') called at test.pl line 54
Redefining sub readline::F_UnmemorizeDigitArgument at blib/lib/Term/ReadLine/readline.pm line 1669
 at /opt/perl_5.8.8/lib/SelfLoader.pm line 164
        SelfLoader::_add_to_cache('SelfLoader', 'readline::F_UnmemorizeDigitArgument', 'readline', 'ARRAY(0x813febc)', '') called at /opt/perl_5.8.8/lib/SelfLoader.pm line 111
        SelfLoader::_load_stubs('SelfLoader', 'F_MemorizePos') called at /opt/perl_5.8.8/lib/SelfLoader.pm line 63
        SelfLoader::AUTOLOAD(1, 8) called at blib/lib/Term/ReadLine/readline.pm line 1669
        readline::readline('Enter arithmetic or Perl expression: ', 'exit') called at blib/lib/Term/ReadLine/Perl.pm line 11
        Term::ReadLine::Perl::readline('Term::ReadLine::Perl=ARRAY(0x8091c84)', 'Enter arithmetic or Perl expression: ', 'exit') called at test.pl line 54
Redefining sub readline::F_MemorizePos at blib/lib/Term/ReadLine/readline.pm line 1669
 at /opt/perl_5.8.8/lib/SelfLoader.pm line 164
        SelfLoader::_add_to_cache('SelfLoader', 'readline::F_MemorizePos', 'readline', 'ARRAY(0x813febc)', '') called at /opt/perl_5.8.8/lib/SelfLoader.pm line 111
        SelfLoader::_load_stubs('SelfLoader', 'F_MergeInserts') called at /opt/perl_5.8.8/lib/SelfLoader.pm line 63
        SelfLoader::AUTOLOAD(1, 8) called at blib/lib/Term/ReadLine/readline.pm line 1669
        readline::readline('Enter arithmetic or Perl expression: ', 'exit') called at blib/lib/Term/ReadLine/Perl.pm line 11
        Term::ReadLine::Perl::readline('Term::ReadLine::Perl=ARRAY(0x8091c84)', 'Enter arithmetic or Perl expression: ', 'exit') called at test.pl line 54
Redefining sub readline::F_MergeInserts at blib/lib/Term/ReadLine/readline.pm line 1669
 at /opt/perl_5.8.8/lib/SelfLoader.pm line 164
        SelfLoader::_add_to_cache('SelfLoader', 'readline::F_MergeInserts', 'readline', 'ARRAY(0x813febc)', '') called at /opt/perl_5.8.8/lib/SelfLoader.pm line 111
        SelfLoader::_load_stubs('SelfLoader', 'F_ResetDigitArgument') called at /opt/perl_5.8.8/lib/SelfLoader.pm line 63
        SelfLoader::AUTOLOAD(1, 8) called at blib/lib/Term/ReadLine/readline.pm line 1669
        readline::readline('Enter arithmetic or Perl expression: ', 'exit') called at blib/lib/Term/ReadLine/Perl.pm line 11
        Term::ReadLine::Perl::readline('Term::ReadLine::Perl=ARRAY(0x8091c84)', 'Enter arithmetic or Perl expression: ', 'exit') called at test.pl line 54
Redefining sub readline::F_ResetDigitArgument at blib/lib/Term/ReadLine/readline.pm line 1669
 at /opt/perl_5.8.8/lib/SelfLoader.pm line 164
        SelfLoader::_add_to_cache('SelfLoader', 'readline::F_ResetDigitArgument', 'readline', 'ARRAY(0x813febc)', '') called at /opt/perl_5.8.8/lib/SelfLoader.pm line 111
        SelfLoader::_load_stubs('SelfLoader', 'F_BeginPasteGroup') called at /opt/perl_5.8.8/lib/SelfLoader.pm line 63
        SelfLoader::AUTOLOAD(1, 8) called at blib/lib/Term/ReadLine/readline.pm line 1669
        readline::readline('Enter arithmetic or Perl expression: ', 'exit') called at blib/lib/Term/ReadLine/Perl.pm line 11
        Term::ReadLine::Perl::readline('Term::ReadLine::Perl=ARRAY(0x8091c84)', 'Enter arithmetic or Perl expression: ', 'exit') called at test.pl line 54
Redefining sub readline::F_BeginPasteGroup at blib/lib/Term/ReadLine/readline.pm line 1669
 at /opt/perl_5.8.8/lib/SelfLoader.pm line 164
        SelfLoader::_add_to_cache('SelfLoader', 'readline::F_BeginPasteGroup', 'readline', 'ARRAY(0x813febc)', '') called at /opt/perl_5.8.8/lib/SelfLoader.pm line 111
        SelfLoader::_load_stubs('SelfLoader', 'F_EndPasteGroup') called at /opt/perl_5.8.8/lib/SelfLoader.pm line 63
        SelfLoader::AUTOLOAD(1, 8) called at blib/lib/Term/ReadLine/readline.pm line 1669
        readline::readline('Enter arithmetic or Perl expression: ', 'exit') called at blib/lib/Term/ReadLine/Perl.pm line 11
        Term::ReadLine::Perl::readline('Term::ReadLine::Perl=ARRAY(0x8091c84)', 'Enter arithmetic or Perl expression: ', 'exit') called at test.pl line 54
Redefining sub readline::F_EndPasteGroup at blib/lib/Term/ReadLine/readline.pm line 1669
 at /opt/perl_5.8.8/lib/SelfLoader.pm line 164
        SelfLoader::_add_to_cache('SelfLoader', 'readline::F_EndPasteGroup', 'readline', 'ARRAY(0x813febc)', '') called at /opt/perl_5.8.8/lib/SelfLoader.pm line 111
        SelfLoader::_load_stubs('SelfLoader', 'F_BeginEditGroup') called at /opt/perl_5.8.8/lib/SelfLoader.pm line 63
        SelfLoader::AUTOLOAD(1, 8) called at blib/lib/Term/ReadLine/readline.pm line 1669
        readline::readline('Enter arithmetic or Perl expression: ', 'exit') called at blib/lib/Term/ReadLine/Perl.pm line 11
        Term::ReadLine::Perl::readline('Term::ReadLine::Perl=ARRAY(0x8091c84)', 'Enter arithmetic or Perl expression: ', 'exit') called at test.pl line 54
Redefining sub readline::F_BeginEditGroup at blib/lib/Term/ReadLine/readline.pm line 1669
 at /opt/perl_5.8.8/lib/SelfLoader.pm line 164
        SelfLoader::_add_to_cache('SelfLoader', 'readline::F_BeginEditGroup', 'readline', 'ARRAY(0x813febc)', '') called at /opt/perl_5.8.8/lib/SelfLoader.pm line 111
        SelfLoader::_load_stubs('SelfLoader', 'F_EndEditGroup') called at /opt/perl_5.8.8/lib/SelfLoader.pm line 63
        SelfLoader::AUTOLOAD(1, 8) called at blib/lib/Term/ReadLine/readline.pm line 1669
        readline::readline('Enter arithmetic or Perl expression: ', 'exit') called at blib/lib/Term/ReadLine/Perl.pm line 11
        Term::ReadLine::Perl::readline('Term::ReadLine::Perl=ARRAY(0x8091c84)', 'Enter arithmetic or Perl expression: ', 'exit') called at test.pl line 54
Redefining sub readline::F_EndEditGroup at blib/lib/Term/ReadLine/readline.pm line 1669
 at /opt/perl_5.8.8/lib/SelfLoader.pm line 164
        SelfLoader::_add_to_cache('SelfLoader', 'readline::F_EndEditGroup', 'readline', 'ARRAY(0x813febc)', '') called at /opt/perl_5.8.8/lib/SelfLoader.pm line 155
        SelfLoader::_load_stubs('SelfLoader', 'undef') called at /opt/perl_5.8.8/lib/SelfLoader.pm line 63
        SelfLoader::AUTOLOAD(1, 8) called at blib/lib/Term/ReadLine/readline.pm line 1669
        readline::readline('Enter arithmetic or Perl expression: ', 'exit') called at blib/lib/Term/ReadLine/Perl.pm line 11
        Term::ReadLine::Perl::readline('Term::ReadLine::Perl=ARRAY(0x8091c84)', 'Enter arithmetic or Perl expression: ', 'exit') called at test.pl line 54
Enter arithmetic or Perl expression: exi 

