cpanm (App::cpanminus) 1.6914 on perl 5.016003 built for x86_64-linux-thread-multi
Work directory is /home/dad/.cpanm/work/1371029184.27951
You have make /usr/bin/make
You have LWP 6.05
You have /usr/bin/tar: tar (GNU tar) 1.26
Copyright (C) 2011 Free Software Foundation, Inc.
License GPLv3+: GNU GPL version 3 or later <http://gnu.org/licenses/gpl.html>.
This is free software: you are free to change and redistribute it.
There is NO WARRANTY, to the extent permitted by law.

Written by John Gilmore and Jay Fenlason.
You have /usr/bin/unzip
Checking if you have ExtUtils::MakeMaker 6.31 ... Yes (6.66)
Checking if you have ExtUtils::Install 1.46 ... Yes (1.58)
Searching Music::Tag on cpanmetadb ...
--> Working on Music::Tag
Fetching http://www.cpan.org/authors/id/E/EA/EALLENIII/Music-Tag-0.4103.tar.gz
-> OK
Unpacking Music-Tag-0.4103.tar.gz
Entering Music-Tag-0.4103
Checking configure dependencies from META.yml
Checking if you have ExtUtils::MakeMaker 0 ... Yes (6.66)
Configuring Music-Tag-0.4103
Running Makefile.PL
Checking if your kit is complete...
Looks good
Writing Makefile for Music::Tag
Writing MYMETA.yml and MYMETA.json
-> OK
Checking dependencies from MYMETA.json ...
Checking if you have Scalar::Util 1.21 ... Yes (1.27)
Checking if you have File::Spec 3.24 ... Yes (3.40)
Checking if you have Encode 2.12 ... Yes (2.51)
Checking if you have Locale::Country 2.07 ... Yes (3.25)
Checking if you have Config::Options 0.07 ... Yes (0.08)
Checking if you have Time::Local 1.1901 ... Yes (1.2300)
Checking if you have File::Slurp 1 ... Yes (9999.19)
Checking if you have File::Copy 2 ... Yes (2.23)
Checking if you have IO::File 1.13 ... Yes (1.16)
Checking if you have Digest::SHA1 2.11 ... Yes (2.13)
Checking if you have ExtUtils::MakeMaker 0 ... Yes (6.66)
Checking if you have Data::Dumper 2 ... Yes (2.145)
Checking if you have DateTimeX::Easy 0.088 ... Yes (0.089)
Checking if you have Readonly 1 ... Yes (1.03)
Checking if you have Test::More 0.1 ... Yes (0.98)
Checking if you have IO::Dir 1 ... Yes (1.10)
Checking if you have File::stat 1 ... Yes (1.05)
Building and testing Music-Tag-0.4103
cp lib/Music/Tag.pm blib/lib/Music/Tag.pm
cp lib/Music/Tag/Test.pm blib/lib/Music/Tag/Test.pm
cp lib/Music/Tag/Option.pm blib/lib/Music/Tag/Option.pm
cp lib/Music/Tag/Generic.pm blib/lib/Music/Tag/Generic.pm
cp lib/Music/Tag/Auto.pm blib/lib/Music/Tag/Auto.pm
cp bin/musictag blib/script/musictag
/usr/bin/perl5.16.3 -MExtUtils::MY -e 'MY->fixin(shift)' -- blib/script/musictag
Manifying blib/man1/musictag.1
Manifying blib/man3/Music::Tag.3
Manifying blib/man3/Music::Tag::Option.3
Manifying blib/man3/Music::Tag::Test.3
Manifying blib/man3/Music::Tag::Generic.3
Manifying blib/man3/Music::Tag::Auto.3
PERL_DL_NONLAZY=1 /usr/bin/perl5.16.3 "-MExtUtils::Command::MM" "-e" "test_harness(0, 'blib/lib', 'blib/arch')" t/*.t
t/1-general.t ........ ok
t/2-options.t ........ ok
Music::Tag::Auto Sorry, I can't find a plugin for /home/dad/.cpanm/work/1371029184.27951/Music-Tag-0.4103/t/fake.music at /home/dad/.cpanm/work/1371029184.27951/Music-Tag-0.4103/blib/lib/Music/Tag.pm line 146.
t/3-auto.t ........... ok
t/5-generic.t ........ ok
t/6-unaccent.t ....... ok

#   Failed test 'POD test for blib/lib/Music/Tag.pm'
#   at /home/dad/perl5/lib/perl5/Test/Pod.pm line 186.
# blib/lib/Music/Tag.pm (2085): Non-ASCII character seen before =encoding in '©'. Assuming UTF-8

#   Failed test 'POD test for blib/lib/Music/Tag/Test.pm'
#   at /home/dad/perl5/lib/perl5/Test/Pod.pm line 186.
# blib/lib/Music/Tag/Test.pm (328): Non-ASCII character seen before =encoding in '©'. Assuming UTF-8

#   Failed test 'POD test for blib/lib/Music/Tag/Option.pm'
#   at /home/dad/perl5/lib/perl5/Test/Pod.pm line 186.
# blib/lib/Music/Tag/Option.pm (131): Non-ASCII character seen before =encoding in '©'. Assuming UTF-8

#   Failed test 'POD test for blib/lib/Music/Tag/Generic.pm'
#   at /home/dad/perl5/lib/perl5/Test/Pod.pm line 186.
# blib/lib/Music/Tag/Generic.pm (364): Non-ASCII character seen before =encoding in '©'. Assuming UTF-8

#   Failed test 'POD test for blib/lib/Music/Tag/Auto.pm'
#   at /home/dad/perl5/lib/perl5/Test/Pod.pm line 186.
# blib/lib/Music/Tag/Auto.pm (175): Non-ASCII character seen before =encoding in '©'. Assuming UTF-8
# Looks like you failed 5 tests of 6.
t/97-pod.t ........... 
Dubious, test returned 5 (wstat 1280, 0x500)
Failed 5/6 subtests 
t/98-pod-coverage.t .. ok

Test Summary Report
-------------------
t/97-pod.t         (Wstat: 1280 Tests: 6 Failed: 5)
  Failed tests:  1-5
  Non-zero exit status: 5
Files=7, Tests=250, 14 wallclock secs ( 0.25 usr  0.04 sys + 11.11 cusr  0.64 csys = 12.04 CPU)
Result: FAIL
Failed 1/7 test programs. 5/250 subtests failed.
make: *** [test_dynamic] Error 255
-> FAIL Installing Music::Tag failed. See /home/dad/.cpanm/build.log for details.
Expiring 1 work directories.
