cpanm (App::cpanminus) 1.7001 on perl 5.018002 built for MSWin32-x64-multi-thread
Work directory is C:\Users\dhorner/.cpanm/work/1404580030.5440
You have make C:\strawberry\c\bin\dmake.exe
You have LWP 6.05
You have "C:\Program Files (x86)\Git\bin\tar.exe", "C:\Program Files (x86)\Git\bin\gzip.exe" and "C:\Program Files (x86)\Git\bin\bzip2.exe"
You have "C:\Program Files (x86)\Git\bin\unzip.exe"
Searching CPAN::Reporter::Smoker::Safer on cpanmetadb ...
--> Working on CPAN::Reporter::Smoker::Safer
Fetching http://www.cpan.org/authors/id/D/DA/DAVIDRW/CPAN-Reporter-Smoker-Safer-0.04.tar.gz
-> OK
Unpacking CPAN-Reporter-Smoker-Safer-0.04.tar.gz
Entering CPAN-Reporter-Smoker-Safer-0.04
Checking configure dependencies from META.yml
Checking if you have ExtUtils::MakeMaker 0 ... Yes (6.94)
Configuring CPAN-Reporter-Smoker-Safer-0.04
Running Makefile.PL
Checking if your kit is complete...
Looks good
Generating a dmake-style Makefile
Writing Makefile for CPAN::Reporter::Smoker::Safer
Writing MYMETA.yml and MYMETA.json
-> OK
Checking dependencies from MYMETA.json ...
Checking if you have CPAN::Reporter::Smoker 0 ... Yes (0.26)
Checking if you have File::Temp 0 ... Yes (0.2304)
Checking if you have CPAN::Reporter 0 ... Yes (1.2011)
Checking if you have ExtUtils::MakeMaker 0 ... Yes (6.94)
Checking if you have Test::More 0 ... Yes (1.001003)
Checking if you have Date::Calc 0 ... Yes (6.3)
Checking if you have LWP::Simple 0 ... Yes (6.00)
Checking if you have CPAN::Reporter::History 0 ... Yes (1.2011)
Checking if you have CPAN::DistnameInfo 0 ... Yes (0.12)
Checking if you have Test::Differences 0 ... Yes (0.61)
Checking if you have URI 0 ... Yes (1.60)
Checking if you have CPAN 0 ... Yes (2.00)
Building and testing CPAN-Reporter-Smoker-Safer-0.04
cp lib/CPAN/Reporter/Smoker/Safer.pm blib\lib\CPAN\Reporter\Smoker\Safer.pm
C:\strawberry\perl\bin\perl.exe "-MExtUtils::Command::MM" "-MTest::Harness" "-e" "undef *Test::Harness::Switches; test_harness(0, 'blib\lib', 'blib\arch')" t/*.t
# Testing CPAN::Reporter::Smoker::Safer 0.04, Perl 5.018002, C:\strawberry\perl\bin\perl.exe
t/00-load.t ............ ok

#   Failed test '[KYLE/Acme-ExceptionEater-v0.0.1.tar.gz] + reps>=1,days>=0,REs=0'
#   at t/__filter.t line 54.
#          got: '0'
#     expected: '1'
# Looks like you failed 1 test of 11.
t/__filter.t ........... 
Dubious, test returned 1 (wstat 256, 0x100)
Failed 1/11 subtests 
t/__installed_dists.t .. ok
t/boilerplate.t ........ ok
t/pod-coverage.t ....... ok
t/pod.t ................ ok
t/start.t .............. ok

Test Summary Report
-------------------
t/__filter.t         (Wstat: 256 Tests: 11 Failed: 1)
  Failed test:  4
  Non-zero exit status: 1
Files=7, Tests=49, 78 wallclock secs ( 0.16 usr +  0.00 sys =  0.16 CPU)
Result: FAIL
Failed 1/7 test programs. 1/49 subtests failed.
dmake.exe:  Error code 255, while making 'test_dynamic'
-> FAIL Installing CPAN::Reporter::Smoker::Safer failed. See C:\Users\dhorner\.cpanm\work\1404580030.5440\build.log for details. Retry with --force to force install it.
