cpanm (App::cpanminus) 1.6940 on perl 5.018001 built for MSWin32-x64-multi-thread
Work directory is C:\Users\Duncan/.cpanm/work/1420490400.3104
You have make C:\strawberry\c\bin\dmake.exe
You have LWP 6.05
Falling back to Archive::Tar 1.92
Searching ExtUtils::MakeMaker (== 7.05_05) on metacpan ...
--> Working on ExtUtils::MakeMaker
Fetching http://www.cpan.org/authors/id/B/BI/BINGOS/ExtUtils-MakeMaker-7.05_05.tar.gz
-> OK
Unpacking ExtUtils-MakeMaker-7.05_05.tar.gz
Entering ExtUtils-MakeMaker-7.05_05
Checking configure dependencies from META.json
Configuring ExtUtils-MakeMaker-7.05_05
Running Makefile.PL
Using included version of CPAN::Meta::Requirements (2.131) as it is newer than the installed version (2.127).
Using included version of ExtUtils::Manifest (1.70) as it is newer than the installed version (1.65).
Checking if your kit is complete...
Looks good
Generating a dmake-style Makefile
Writing Makefile for ExtUtils::MakeMaker
Writing MYMETA.yml and MYMETA.json
-> OK
Checking dependencies from MYMETA.json ...
Checking if you have Pod::Man 0 ... Yes (2.27)
Checking if you have File::Spec 0.8 ... Yes (3.40)
Checking if you have DirHandle 0 ... Yes (1.04)
Checking if you have Data::Dumper 0 ... Yes (2.145)
Checking if you have File::Basename 0 ... Yes (2.84)
Checking if you have Encode 0 ... Yes (2.51)
Building and testing ExtUtils-MakeMaker-7.05_05
cp lib/ExtUtils/MM_VMS.pm blib\lib\ExtUtils\MM_VMS.pm
cp inc/CPAN/Meta/Requirements.pm blib\lib\CPAN\Meta\Requirements.pm
cp lib/ExtUtils/MM_MacOS.pm blib\lib\ExtUtils\MM_MacOS.pm
cp lib/ExtUtils/MM_BeOS.pm blib\lib\ExtUtils\MM_BeOS.pm
cp lib/ExtUtils/MM_DOS.pm blib\lib\ExtUtils\MM_DOS.pm
cp lib/ExtUtils/Command.pm blib\lib\ExtUtils\Command.pm
cp lib/ExtUtils/Liblist/Kid.pm blib\lib\ExtUtils\Liblist\Kid.pm
cp lib/ExtUtils/MM_Cygwin.pm blib\lib\ExtUtils\MM_Cygwin.pm
cp lib/ExtUtils/MM_NW5.pm blib\lib\ExtUtils\MM_NW5.pm
cp lib/ExtUtils/MM_AIX.pm blib\lib\ExtUtils\MM_AIX.pm
cp inc/ExtUtils/Manifest.pm blib\lib\ExtUtils\Manifest.pm
cp lib/ExtUtils/Command/MM.pm blib\lib\ExtUtils\Command\MM.pm
cp lib/ExtUtils/MM_QNX.pm blib\lib\ExtUtils\MM_QNX.pm
cp lib/ExtUtils/MM_VOS.pm blib\lib\ExtUtils\MM_VOS.pm
cp lib/ExtUtils/MM_Unix.pm blib\lib\ExtUtils\MM_Unix.pm
cp lib/ExtUtils/Liblist.pm blib\lib\ExtUtils\Liblist.pm
cp lib/ExtUtils/MM_UWIN.pm blib\lib\ExtUtils\MM_UWIN.pm
cp lib/ExtUtils/MM.pm blib\lib\ExtUtils\MM.pm
cp inc/ExtUtils/MANIFEST.SKIP blib\lib\ExtUtils\MANIFEST.SKIP
cp lib/ExtUtils/MM_OS2.pm blib\lib\ExtUtils\MM_OS2.pm
cp lib/ExtUtils/MM_Any.pm blib\lib\ExtUtils\MM_Any.pm
cp lib/ExtUtils/MM_Darwin.pm blib\lib\ExtUtils\MM_Darwin.pm
cp lib/ExtUtils/Mksymlists.pm blib\lib\ExtUtils\Mksymlists.pm
cp lib/ExtUtils/MakeMaker/version/vpp.pm blib\lib\ExtUtils\MakeMaker\version\vpp.pm
cp lib/ExtUtils/Mkbootstrap.pm blib\lib\ExtUtils\Mkbootstrap.pm
cp lib/ExtUtils/MakeMaker/version.pm blib\lib\ExtUtils\MakeMaker\version.pm
cp lib/ExtUtils/MakeMaker/Tutorial.pod blib\lib\ExtUtils\MakeMaker\Tutorial.pod
cp lib/ExtUtils/MakeMaker/version/regex.pm blib\lib\ExtUtils\MakeMaker\version\regex.pm
cp lib/ExtUtils/MM_Win95.pm blib\lib\ExtUtils\MM_Win95.pm
cp lib/ExtUtils/MakeMaker/FAQ.pod blib\lib\ExtUtils\MakeMaker\FAQ.pod
cp lib/ExtUtils/MakeMaker/Config.pm blib\lib\ExtUtils\MakeMaker\Config.pm
cp lib/ExtUtils/MakeMaker/Locale.pm blib\lib\ExtUtils\MakeMaker\Locale.pm
cp lib/ExtUtils/MakeMaker.pm blib\lib\ExtUtils\MakeMaker.pm
cp lib/ExtUtils/MY.pm blib\lib\ExtUtils\MY.pm
cp lib/ExtUtils/testlib.pm blib\lib\ExtUtils\testlib.pm
cp lib/ExtUtils/MM_Win32.pm blib\lib\ExtUtils\MM_Win32.pm
"C:\strawberry\perl\bin\perl.exe" "-Iblib\arch" "-Iblib\lib" -MExtUtils::Command -e cp -- bin/instmodsh blib\script\instmodsh
pl2bat.bat blib\script\instmodsh
dmake.exe:  makefile:  line 335:  Warning: -- Ignoring AUGMAKE meta-target [.NOTPARALLEL] because prerequisites are present.
"C:\strawberry\perl\bin\perl.exe" "-Iblib\arch" "-Iblib\lib" "-MExtUtils::Command::MM" "-MTest::Harness" "-e" "undef *Test::Harness::Switches; test_harness(0, 'blib\lib', 'blib\arch')" t/*.t
t/00compile.t ............. ok
t/01perl_bugs.t ........... ok
t/arch_check.t ............ ok
t/backwards.t ............. ok
C:/strawberry/perl/site/lib/CPAN/Meta.pm 2.143240 at C:/strawberry/perl/site/lib/CPAN/Meta.pm line 598.
C:/strawberry/perl/site/lib/CPAN/Meta.pm 2.143240 at C:/strawberry/perl/site/lib/CPAN/Meta.pm line 598.
t/basic.t ................. ok
C:/strawberry/perl/site/lib/CPAN/Meta.pm 2.143240 at C:/strawberry/perl/site/lib/CPAN/Meta.pm line 598.
C:/strawberry/perl/site/lib/CPAN/Meta.pm 2.143240 at C:/strawberry/perl/site/lib/CPAN/Meta.pm line 598.
C:/strawberry/perl/site/lib/CPAN/Meta.pm 2.143240 at C:/strawberry/perl/site/lib/CPAN/Meta.pm line 598.
C:/strawberry/perl/site/lib/CPAN/Meta.pm 2.143240 at C:/strawberry/perl/site/lib/CPAN/Meta.pm line 598.
C:/strawberry/perl/site/lib/CPAN/Meta.pm 2.143240 at C:/strawberry/perl/site/lib/CPAN/Meta.pm line 598.
C:/strawberry/perl/site/lib/CPAN/Meta.pm 2.143240 at C:/strawberry/perl/site/lib/CPAN/Meta.pm line 598.
C:/strawberry/perl/site/lib/CPAN/Meta.pm 2.143240 at C:/strawberry/perl/site/lib/CPAN/Meta.pm line 598.
C:/strawberry/perl/site/lib/CPAN/Meta.pm 2.143240 at C:/strawberry/perl/site/lib/CPAN/Meta.pm line 598.
C:/strawberry/perl/site/lib/CPAN/Meta.pm 2.143240 at C:/strawberry/perl/site/lib/CPAN/Meta.pm line 598.
C:/strawberry/perl/site/lib/CPAN/Meta.pm 2.143240 at C:/strawberry/perl/site/lib/CPAN/Meta.pm line 598.
C:/strawberry/perl/site/lib/CPAN/Meta.pm 2.143240 at C:/strawberry/perl/site/lib/CPAN/Meta.pm line 598.
C:/strawberry/perl/site/lib/CPAN/Meta.pm 2.143240 at C:/strawberry/perl/site/lib/CPAN/Meta.pm line 598.
C:/strawberry/perl/site/lib/CPAN/Meta.pm 2.143240 at C:/strawberry/perl/site/lib/CPAN/Meta.pm line 598.
C:/strawberry/perl/site/lib/CPAN/Meta.pm 2.143240 at C:/strawberry/perl/site/lib/CPAN/Meta.pm line 598.
C:/strawberry/perl/site/lib/CPAN/Meta.pm 2.143240 at C:/strawberry/perl/site/lib/CPAN/Meta.pm line 598.
C:/strawberry/perl/site/lib/CPAN/Meta.pm 2.143240 at C:/strawberry/perl/site/lib/CPAN/Meta.pm line 598.
C:/strawberry/perl/site/lib/CPAN/Meta.pm 2.143240 at C:/strawberry/perl/site/lib/CPAN/Meta.pm line 598.
C:/strawberry/perl/site/lib/CPAN/Meta.pm 2.143240 at C:/strawberry/perl/site/lib/CPAN/Meta.pm line 598.
C:/strawberry/perl/site/lib/CPAN/Meta.pm 2.143240 at C:/strawberry/perl/site/lib/CPAN/Meta.pm line 598.
C:/strawberry/perl/site/lib/CPAN/Meta.pm 2.143240 at C:/strawberry/perl/site/lib/CPAN/Meta.pm line 598.
C:/strawberry/perl/site/lib/CPAN/Meta.pm 2.143240 at C:/strawberry/perl/site/lib/CPAN/Meta.pm line 598.
C:/strawberry/perl/site/lib/CPAN/Meta.pm 2.143240 at C:/strawberry/perl/site/lib/CPAN/Meta.pm line 598.
C:/strawberry/perl/site/lib/CPAN/Meta.pm 2.143240 at C:/strawberry/perl/site/lib/CPAN/Meta.pm line 598.
C:/strawberry/perl/site/lib/CPAN/Meta.pm 2.143240 at C:/strawberry/perl/site/lib/CPAN/Meta.pm line 598.
C:/strawberry/perl/site/lib/CPAN/Meta.pm 2.143240 at C:/strawberry/perl/site/lib/CPAN/Meta.pm line 598.
C:/strawberry/perl/site/lib/CPAN/Meta.pm 2.143240 at C:/strawberry/perl/site/lib/CPAN/Meta.pm line 598.
C:/strawberry/perl/site/lib/CPAN/Meta.pm 2.143240 at C:/strawberry/perl/site/lib/CPAN/Meta.pm line 598.
C:/strawberry/perl/site/lib/CPAN/Meta.pm 2.143240 at C:/strawberry/perl/site/lib/CPAN/Meta.pm line 598.
C:/strawberry/perl/site/lib/CPAN/Meta.pm 2.143240 at C:/strawberry/perl/site/lib/CPAN/Meta.pm line 598.
C:/strawberry/perl/site/lib/CPAN/Meta.pm 2.143240 at C:/strawberry/perl/site/lib/CPAN/Meta.pm line 598.
C:/strawberry/perl/site/lib/CPAN/Meta.pm 2.143240 at C:/strawberry/perl/site/lib/CPAN/Meta.pm line 598.
C:/strawberry/perl/site/lib/CPAN/Meta.pm 2.143240 at C:/strawberry/perl/site/lib/CPAN/Meta.pm line 598.
C:/strawberry/perl/site/lib/CPAN/Meta.pm 2.143240 at C:/strawberry/perl/site/lib/CPAN/Meta.pm line 598.
C:/strawberry/perl/site/lib/CPAN/Meta.pm 2.143240 at C:/strawberry/perl/site/lib/CPAN/Meta.pm line 598.
C:/strawberry/perl/site/lib/CPAN/Meta.pm 2.143240 at C:/strawberry/perl/site/lib/CPAN/Meta.pm line 598.
C:/strawberry/perl/site/lib/CPAN/Meta.pm 2.143240 at C:/strawberry/perl/site/lib/CPAN/Meta.pm line 598.
C:/strawberry/perl/site/lib/CPAN/Meta.pm 2.143240 at C:/strawberry/perl/site/lib/CPAN/Meta.pm line 598.
C:/strawberry/perl/site/lib/CPAN/Meta.pm 2.143240 at C:/strawberry/perl/site/lib/CPAN/Meta.pm line 598.
C:/strawberry/perl/site/lib/CPAN/Meta.pm 2.143240 at C:/strawberry/perl/site/lib/CPAN/Meta.pm line 598.
C:/strawberry/perl/site/lib/CPAN/Meta.pm 2.143240 at C:/strawberry/perl/site/lib/CPAN/Meta.pm line 598.
C:/strawberry/perl/site/lib/CPAN/Meta.pm 2.143240 at C:/strawberry/perl/site/lib/CPAN/Meta.pm line 598.
C:/strawberry/perl/site/lib/CPAN/Meta.pm 2.143240 at C:/strawberry/perl/site/lib/CPAN/Meta.pm line 598.
C:/strawberry/perl/site/lib/CPAN/Meta.pm 2.143240 at C:/strawberry/perl/site/lib/CPAN/Meta.pm line 598.
C:/strawberry/perl/site/lib/CPAN/Meta.pm 2.143240 at C:/strawberry/perl/site/lib/CPAN/Meta.pm line 598.
C:/strawberry/perl/site/lib/CPAN/Meta.pm 2.143240 at C:/strawberry/perl/site/lib/CPAN/Meta.pm line 598.
C:/strawberry/perl/site/lib/CPAN/Meta.pm 2.143240 at C:/strawberry/perl/site/lib/CPAN/Meta.pm line 598.
C:/strawberry/perl/site/lib/CPAN/Meta.pm 2.143240 at C:/strawberry/perl/site/lib/CPAN/Meta.pm line 598.
C:/strawberry/perl/site/lib/CPAN/Meta.pm 2.143240 at C:/strawberry/perl/site/lib/CPAN/Meta.pm line 598.
C:/strawberry/perl/site/lib/CPAN/Meta.pm 2.143240 at C:/strawberry/perl/site/lib/CPAN/Meta.pm line 598.
C:/strawberry/perl/site/lib/CPAN/Meta.pm 2.143240 at C:/strawberry/perl/site/lib/CPAN/Meta.pm line 598.
C:/strawberry/perl/site/lib/CPAN/Meta.pm 2.143240 at C:/strawberry/perl/site/lib/CPAN/Meta.pm line 598.
C:/strawberry/perl/site/lib/CPAN/Meta.pm 2.143240 at C:/strawberry/perl/site/lib/CPAN/Meta.pm line 598.
C:/strawberry/perl/site/lib/CPAN/Meta.pm 2.143240 at C:/strawberry/perl/site/lib/CPAN/Meta.pm line 598.
C:/strawberry/perl/site/lib/CPAN/Meta.pm 2.143240 at C:/strawberry/perl/site/lib/CPAN/Meta.pm line 598.
C:/strawberry/perl/site/lib/CPAN/Meta.pm 2.143240 at C:/strawberry/perl/site/lib/CPAN/Meta.pm line 598.
C:/strawberry/perl/site/lib/CPAN/Meta.pm 2.143240 at C:/strawberry/perl/site/lib/CPAN/Meta.pm line 598.
C:/strawberry/perl/site/lib/CPAN/Meta.pm 2.143240 at C:/strawberry/perl/site/lib/CPAN/Meta.pm line 598.
C:/strawberry/perl/site/lib/CPAN/Meta.pm 2.143240 at C:/strawberry/perl/site/lib/CPAN/Meta.pm line 598.
C:/strawberry/perl/site/lib/CPAN/Meta.pm 2.143240 at C:/strawberry/perl/site/lib/CPAN/Meta.pm line 598.
C:/strawberry/perl/site/lib/CPAN/Meta.pm 2.143240 at C:/strawberry/perl/site/lib/CPAN/Meta.pm line 598.
C:/strawberry/perl/site/lib/CPAN/Meta.pm 2.143240 at C:/strawberry/perl/site/lib/CPAN/Meta.pm line 598.
C:/strawberry/perl/site/lib/CPAN/Meta.pm 2.143240 at C:/strawberry/perl/site/lib/CPAN/Meta.pm line 598.
C:/strawberry/perl/site/lib/CPAN/Meta.pm 2.143240 at C:/strawberry/perl/site/lib/CPAN/Meta.pm line 598.
C:/strawberry/perl/site/lib/CPAN/Meta.pm 2.143240 at C:/strawberry/perl/site/lib/CPAN/Meta.pm line 598.
t/build_man.t ............. ok
t/cd.t .................... ok
t/config.t ................ ok
t/cp.t .................... ok
t/dir_target.t ............ ok
t/echo.t .................. ok
t/eu_command.t ............ ok
t/FIRST_MAKEFILE.t ........ ok
t/fix_libs.t .............. ok
t/fixin.t ................. ok
t/hints.t ................. ok
C:/strawberry/perl/site/lib/CPAN/Meta.pm 2.143240 at C:/strawberry/perl/site/lib/CPAN/Meta.pm line 598.
C:/strawberry/perl/site/lib/CPAN/Meta.pm 2.143240 at C:/strawberry/perl/site/lib/CPAN/Meta.pm line 598.
C:/strawberry/perl/site/lib/CPAN/Meta.pm 2.143240 at C:/strawberry/perl/site/lib/CPAN/Meta.pm line 598.
C:/strawberry/perl/site/lib/CPAN/Meta.pm 2.143240 at C:/strawberry/perl/site/lib/CPAN/Meta.pm line 598.
C:/strawberry/perl/site/lib/CPAN/Meta.pm 2.143240 at C:/strawberry/perl/site/lib/CPAN/Meta.pm line 598.
C:/strawberry/perl/site/lib/CPAN/Meta.pm 2.143240 at C:/strawberry/perl/site/lib/CPAN/Meta.pm line 598.
C:/strawberry/perl/site/lib/CPAN/Meta.pm 2.143240 at C:/strawberry/perl/site/lib/CPAN/Meta.pm line 598.
C:/strawberry/perl/site/lib/CPAN/Meta.pm 2.143240 at C:/strawberry/perl/site/lib/CPAN/Meta.pm line 598.
C:/strawberry/perl/site/lib/CPAN/Meta.pm 2.143240 at C:/strawberry/perl/site/lib/CPAN/Meta.pm line 598.
C:/strawberry/perl/site/lib/CPAN/Meta.pm 2.143240 at C:/strawberry/perl/site/lib/CPAN/Meta.pm line 598.
C:/strawberry/perl/site/lib/CPAN/Meta.pm 2.143240 at C:/strawberry/perl/site/lib/CPAN/Meta.pm line 598.
C:/strawberry/perl/site/lib/CPAN/Meta.pm 2.143240 at C:/strawberry/perl/site/lib/CPAN/Meta.pm line 598.
C:/strawberry/perl/site/lib/CPAN/Meta.pm 2.143240 at C:/strawberry/perl/site/lib/CPAN/Meta.pm line 598.
C:/strawberry/perl/site/lib/CPAN/Meta.pm 2.143240 at C:/strawberry/perl/site/lib/CPAN/Meta.pm line 598.
C:/strawberry/perl/site/lib/CPAN/Meta.pm 2.143240 at C:/strawberry/perl/site/lib/CPAN/Meta.pm line 598.
C:/strawberry/perl/site/lib/CPAN/Meta.pm 2.143240 at C:/strawberry/perl/site/lib/CPAN/Meta.pm line 598.
C:/strawberry/perl/site/lib/CPAN/Meta.pm 2.143240 at C:/strawberry/perl/site/lib/CPAN/Meta.pm line 598.
C:/strawberry/perl/site/lib/CPAN/Meta.pm 2.143240 at C:/strawberry/perl/site/lib/CPAN/Meta.pm line 598.
C:/strawberry/perl/site/lib/CPAN/Meta.pm 2.143240 at C:/strawberry/perl/site/lib/CPAN/Meta.pm line 598.
C:/strawberry/perl/site/lib/CPAN/Meta.pm 2.143240 at C:/strawberry/perl/site/lib/CPAN/Meta.pm line 598.
C:/strawberry/perl/site/lib/CPAN/Meta.pm 2.143240 at C:/strawberry/perl/site/lib/CPAN/Meta.pm line 598.
C:/strawberry/perl/site/lib/CPAN/Meta.pm 2.143240 at C:/strawberry/perl/site/lib/CPAN/Meta.pm line 598.
C:/strawberry/perl/site/lib/CPAN/Meta.pm 2.143240 at C:/strawberry/perl/site/lib/CPAN/Meta.pm line 598.
C:/strawberry/perl/site/lib/CPAN/Meta.pm 2.143240 at C:/strawberry/perl/site/lib/CPAN/Meta.pm line 598.
C:/strawberry/perl/site/lib/CPAN/Meta.pm 2.143240 at C:/strawberry/perl/site/lib/CPAN/Meta.pm line 598.
C:/strawberry/perl/site/lib/CPAN/Meta.pm 2.143240 at C:/strawberry/perl/site/lib/CPAN/Meta.pm line 598.
C:/strawberry/perl/site/lib/CPAN/Meta.pm 2.143240 at C:/strawberry/perl/site/lib/CPAN/Meta.pm line 598.
C:/strawberry/perl/site/lib/CPAN/Meta.pm 2.143240 at C:/strawberry/perl/site/lib/CPAN/Meta.pm line 598.
C:/strawberry/perl/site/lib/CPAN/Meta.pm 2.143240 at C:/strawberry/perl/site/lib/CPAN/Meta.pm line 598.
C:/strawberry/perl/site/lib/CPAN/Meta.pm 2.143240 at C:/strawberry/perl/site/lib/CPAN/Meta.pm line 598.
C:/strawberry/perl/site/lib/CPAN/Meta.pm 2.143240 at C:/strawberry/perl/site/lib/CPAN/Meta.pm line 598.
C:/strawberry/perl/site/lib/CPAN/Meta.pm 2.143240 at C:/strawberry/perl/site/lib/CPAN/Meta.pm line 598.
t/INST.t .................. ok
C:/strawberry/perl/site/lib/CPAN/Meta.pm 2.143240 at C:/strawberry/perl/site/lib/CPAN/Meta.pm line 598.
C:/strawberry/perl/site/lib/CPAN/Meta.pm 2.143240 at C:/strawberry/perl/site/lib/CPAN/Meta.pm line 598.
C:/strawberry/perl/site/lib/CPAN/Meta.pm 2.143240 at C:/strawberry/perl/site/lib/CPAN/Meta.pm line 598.
C:/strawberry/perl/site/lib/CPAN/Meta.pm 2.143240 at C:/strawberry/perl/site/lib/CPAN/Meta.pm line 598.
C:/strawberry/perl/site/lib/CPAN/Meta.pm 2.143240 at C:/strawberry/perl/site/lib/CPAN/Meta.pm line 598.
C:/strawberry/perl/site/lib/CPAN/Meta.pm 2.143240 at C:/strawberry/perl/site/lib/CPAN/Meta.pm line 598.
C:/strawberry/perl/site/lib/CPAN/Meta.pm 2.143240 at C:/strawberry/perl/site/lib/CPAN/Meta.pm line 598.
C:/strawberry/perl/site/lib/CPAN/Meta.pm 2.143240 at C:/strawberry/perl/site/lib/CPAN/Meta.pm line 598.
C:/strawberry/perl/site/lib/CPAN/Meta.pm 2.143240 at C:/strawberry/perl/site/lib/CPAN/Meta.pm line 598.
C:/strawberry/perl/site/lib/CPAN/Meta.pm 2.143240 at C:/strawberry/perl/site/lib/CPAN/Meta.pm line 598.
C:/strawberry/perl/site/lib/CPAN/Meta.pm 2.143240 at C:/strawberry/perl/site/lib/CPAN/Meta.pm line 598.
C:/strawberry/perl/site/lib/CPAN/Meta.pm 2.143240 at C:/strawberry/perl/site/lib/CPAN/Meta.pm line 598.
C:/strawberry/perl/site/lib/CPAN/Meta.pm 2.143240 at C:/strawberry/perl/site/lib/CPAN/Meta.pm line 598.
C:/strawberry/perl/site/lib/CPAN/Meta.pm 2.143240 at C:/strawberry/perl/site/lib/CPAN/Meta.pm line 598.
C:/strawberry/perl/site/lib/CPAN/Meta.pm 2.143240 at C:/strawberry/perl/site/lib/CPAN/Meta.pm line 598.
C:/strawberry/perl/site/lib/CPAN/Meta.pm 2.143240 at C:/strawberry/perl/site/lib/CPAN/Meta.pm line 598.
C:/strawberry/perl/site/lib/CPAN/Meta.pm 2.143240 at C:/strawberry/perl/site/lib/CPAN/Meta.pm line 598.
C:/strawberry/perl/site/lib/CPAN/Meta.pm 2.143240 at C:/strawberry/perl/site/lib/CPAN/Meta.pm line 598.
C:/strawberry/perl/site/lib/CPAN/Meta.pm 2.143240 at C:/strawberry/perl/site/lib/CPAN/Meta.pm line 598.
C:/strawberry/perl/site/lib/CPAN/Meta.pm 2.143240 at C:/strawberry/perl/site/lib/CPAN/Meta.pm line 598.
C:/strawberry/perl/site/lib/CPAN/Meta.pm 2.143240 at C:/strawberry/perl/site/lib/CPAN/Meta.pm line 598.
C:/strawberry/perl/site/lib/CPAN/Meta.pm 2.143240 at C:/strawberry/perl/site/lib/CPAN/Meta.pm line 598.
C:/strawberry/perl/site/lib/CPAN/Meta.pm 2.143240 at C:/strawberry/perl/site/lib/CPAN/Meta.pm line 598.
C:/strawberry/perl/site/lib/CPAN/Meta.pm 2.143240 at C:/strawberry/perl/site/lib/CPAN/Meta.pm line 598.
C:/strawberry/perl/site/lib/CPAN/Meta.pm 2.143240 at C:/strawberry/perl/site/lib/CPAN/Meta.pm line 598.
C:/strawberry/perl/site/lib/CPAN/Meta.pm 2.143240 at C:/strawberry/perl/site/lib/CPAN/Meta.pm line 598.
C:/strawberry/perl/site/lib/CPAN/Meta.pm 2.143240 at C:/strawberry/perl/site/lib/CPAN/Meta.pm line 598.
C:/strawberry/perl/site/lib/CPAN/Meta.pm 2.143240 at C:/strawberry/perl/site/lib/CPAN/Meta.pm line 598.
C:/strawberry/perl/site/lib/CPAN/Meta.pm 2.143240 at C:/strawberry/perl/site/lib/CPAN/Meta.pm line 598.
C:/strawberry/perl/site/lib/CPAN/Meta.pm 2.143240 at C:/strawberry/perl/site/lib/CPAN/Meta.pm line 598.
C:/strawberry/perl/site/lib/CPAN/Meta.pm 2.143240 at C:/strawberry/perl/site/lib/CPAN/Meta.pm line 598.
C:/strawberry/perl/site/lib/CPAN/Meta.pm 2.143240 at C:/strawberry/perl/site/lib/CPAN/Meta.pm line 598.
C:/strawberry/perl/site/lib/CPAN/Meta.pm 2.143240 at C:/strawberry/perl/site/lib/CPAN/Meta.pm line 598.
C:/strawberry/perl/site/lib/CPAN/Meta.pm 2.143240 at C:/strawberry/perl/site/lib/CPAN/Meta.pm line 598.
C:/strawberry/perl/site/lib/CPAN/Meta.pm 2.143240 at C:/strawberry/perl/site/lib/CPAN/Meta.pm line 598.
C:/strawberry/perl/site/lib/CPAN/Meta.pm 2.143240 at C:/strawberry/perl/site/lib/CPAN/Meta.pm line 598.
C:/strawberry/perl/site/lib/CPAN/Meta.pm 2.143240 at C:/strawberry/perl/site/lib/CPAN/Meta.pm line 598.
C:/strawberry/perl/site/lib/CPAN/Meta.pm 2.143240 at C:/strawberry/perl/site/lib/CPAN/Meta.pm line 598.
C:/strawberry/perl/site/lib/CPAN/Meta.pm 2.143240 at C:/strawberry/perl/site/lib/CPAN/Meta.pm line 598.
C:/strawberry/perl/site/lib/CPAN/Meta.pm 2.143240 at C:/strawberry/perl/site/lib/CPAN/Meta.pm line 598.
C:/strawberry/perl/site/lib/CPAN/Meta.pm 2.143240 at C:/strawberry/perl/site/lib/CPAN/Meta.pm line 598.
C:/strawberry/perl/site/lib/CPAN/Meta.pm 2.143240 at C:/strawberry/perl/site/lib/CPAN/Meta.pm line 598.
C:/strawberry/perl/site/lib/CPAN/Meta.pm 2.143240 at C:/strawberry/perl/site/lib/CPAN/Meta.pm line 598.
C:/strawberry/perl/site/lib/CPAN/Meta.pm 2.143240 at C:/strawberry/perl/site/lib/CPAN/Meta.pm line 598.
C:/strawberry/perl/site/lib/CPAN/Meta.pm 2.143240 at C:/strawberry/perl/site/lib/CPAN/Meta.pm line 598.
C:/strawberry/perl/site/lib/CPAN/Meta.pm 2.143240 at C:/strawberry/perl/site/lib/CPAN/Meta.pm line 598.
C:/strawberry/perl/site/lib/CPAN/Meta.pm 2.143240 at C:/strawberry/perl/site/lib/CPAN/Meta.pm line 598.
C:/strawberry/perl/site/lib/CPAN/Meta.pm 2.143240 at C:/strawberry/perl/site/lib/CPAN/Meta.pm line 598.
C:/strawberry/perl/site/lib/CPAN/Meta.pm 2.143240 at C:/strawberry/perl/site/lib/CPAN/Meta.pm line 598.
C:/strawberry/perl/site/lib/CPAN/Meta.pm 2.143240 at C:/strawberry/perl/site/lib/CPAN/Meta.pm line 598.
C:/strawberry/perl/site/lib/CPAN/Meta.pm 2.143240 at C:/strawberry/perl/site/lib/CPAN/Meta.pm line 598.
C:/strawberry/perl/site/lib/CPAN/Meta.pm 2.143240 at C:/strawberry/perl/site/lib/CPAN/Meta.pm line 598.
C:/strawberry/perl/site/lib/CPAN/Meta.pm 2.143240 at C:/strawberry/perl/site/lib/CPAN/Meta.pm line 598.
C:/strawberry/perl/site/lib/CPAN/Meta.pm 2.143240 at C:/strawberry/perl/site/lib/CPAN/Meta.pm line 598.
C:/strawberry/perl/site/lib/CPAN/Meta.pm 2.143240 at C:/strawberry/perl/site/lib/CPAN/Meta.pm line 598.
C:/strawberry/perl/site/lib/CPAN/Meta.pm 2.143240 at C:/strawberry/perl/site/lib/CPAN/Meta.pm line 598.
C:/strawberry/perl/site/lib/CPAN/Meta.pm 2.143240 at C:/strawberry/perl/site/lib/CPAN/Meta.pm line 598.
C:/strawberry/perl/site/lib/CPAN/Meta.pm 2.143240 at C:/strawberry/perl/site/lib/CPAN/Meta.pm line 598.
C:/strawberry/perl/site/lib/CPAN/Meta.pm 2.143240 at C:/strawberry/perl/site/lib/CPAN/Meta.pm line 598.
C:/strawberry/perl/site/lib/CPAN/Meta.pm 2.143240 at C:/strawberry/perl/site/lib/CPAN/Meta.pm line 598.
C:/strawberry/perl/site/lib/CPAN/Meta.pm 2.143240 at C:/strawberry/perl/site/lib/CPAN/Meta.pm line 598.
C:/strawberry/perl/site/lib/CPAN/Meta.pm 2.143240 at C:/strawberry/perl/site/lib/CPAN/Meta.pm line 598.
C:/strawberry/perl/site/lib/CPAN/Meta.pm 2.143240 at C:/strawberry/perl/site/lib/CPAN/Meta.pm line 598.
C:/strawberry/perl/site/lib/CPAN/Meta.pm 2.143240 at C:/strawberry/perl/site/lib/CPAN/Meta.pm line 598.
C:/strawberry/perl/site/lib/CPAN/Meta.pm 2.143240 at C:/strawberry/perl/site/lib/CPAN/Meta.pm line 598.
C:/strawberry/perl/site/lib/CPAN/Meta.pm 2.143240 at C:/strawberry/perl/site/lib/CPAN/Meta.pm line 598.
C:/strawberry/perl/site/lib/CPAN/Meta.pm 2.143240 at C:/strawberry/perl/site/lib/CPAN/Meta.pm line 598.
C:/strawberry/perl/site/lib/CPAN/Meta.pm 2.143240 at C:/strawberry/perl/site/lib/CPAN/Meta.pm line 598.
C:/strawberry/perl/site/lib/CPAN/Meta.pm 2.143240 at C:/strawberry/perl/site/lib/CPAN/Meta.pm line 598.
C:/strawberry/perl/site/lib/CPAN/Meta.pm 2.143240 at C:/strawberry/perl/site/lib/CPAN/Meta.pm line 598.
C:/strawberry/perl/site/lib/CPAN/Meta.pm 2.143240 at C:/strawberry/perl/site/lib/CPAN/Meta.pm line 598.
C:/strawberry/perl/site/lib/CPAN/Meta.pm 2.143240 at C:/strawberry/perl/site/lib/CPAN/Meta.pm line 598.
C:/strawberry/perl/site/lib/CPAN/Meta.pm 2.143240 at C:/strawberry/perl/site/lib/CPAN/Meta.pm line 598.
C:/strawberry/perl/site/lib/CPAN/Meta.pm 2.143240 at C:/strawberry/perl/site/lib/CPAN/Meta.pm line 598.
C:/strawberry/perl/site/lib/CPAN/Meta.pm 2.143240 at C:/strawberry/perl/site/lib/CPAN/Meta.pm line 598.
C:/strawberry/perl/site/lib/CPAN/Meta.pm 2.143240 at C:/strawberry/perl/site/lib/CPAN/Meta.pm line 598.
C:/strawberry/perl/site/lib/CPAN/Meta.pm 2.143240 at C:/strawberry/perl/site/lib/CPAN/Meta.pm line 598.
C:/strawberry/perl/site/lib/CPAN/Meta.pm 2.143240 at C:/strawberry/perl/site/lib/CPAN/Meta.pm line 598.
C:/strawberry/perl/site/lib/CPAN/Meta.pm 2.143240 at C:/strawberry/perl/site/lib/CPAN/Meta.pm line 598.
C:/strawberry/perl/site/lib/CPAN/Meta.pm 2.143240 at C:/strawberry/perl/site/lib/CPAN/Meta.pm line 598.
C:/strawberry/perl/site/lib/CPAN/Meta.pm 2.143240 at C:/strawberry/perl/site/lib/CPAN/Meta.pm line 598.
C:/strawberry/perl/site/lib/CPAN/Meta.pm 2.143240 at C:/strawberry/perl/site/lib/CPAN/Meta.pm line 598.
C:/strawberry/perl/site/lib/CPAN/Meta.pm 2.143240 at C:/strawberry/perl/site/lib/CPAN/Meta.pm line 598.
C:/strawberry/perl/site/lib/CPAN/Meta.pm 2.143240 at C:/strawberry/perl/site/lib/CPAN/Meta.pm line 598.
C:/strawberry/perl/site/lib/CPAN/Meta.pm 2.143240 at C:/strawberry/perl/site/lib/CPAN/Meta.pm line 598.
C:/strawberry/perl/site/lib/CPAN/Meta.pm 2.143240 at C:/strawberry/perl/site/lib/CPAN/Meta.pm line 598.
C:/strawberry/perl/site/lib/CPAN/Meta.pm 2.143240 at C:/strawberry/perl/site/lib/CPAN/Meta.pm line 598.
C:/strawberry/perl/site/lib/CPAN/Meta.pm 2.143240 at C:/strawberry/perl/site/lib/CPAN/Meta.pm line 598.
C:/strawberry/perl/site/lib/CPAN/Meta.pm 2.143240 at C:/strawberry/perl/site/lib/CPAN/Meta.pm line 598.
C:/strawberry/perl/site/lib/CPAN/Meta.pm 2.143240 at C:/strawberry/perl/site/lib/CPAN/Meta.pm line 598.
C:/strawberry/perl/site/lib/CPAN/Meta.pm 2.143240 at C:/strawberry/perl/site/lib/CPAN/Meta.pm line 598.
C:/strawberry/perl/site/lib/CPAN/Meta.pm 2.143240 at C:/strawberry/perl/site/lib/CPAN/Meta.pm line 598.
C:/strawberry/perl/site/lib/CPAN/Meta.pm 2.143240 at C:/strawberry/perl/site/lib/CPAN/Meta.pm line 598.
C:/strawberry/perl/site/lib/CPAN/Meta.pm 2.143240 at C:/strawberry/perl/site/lib/CPAN/Meta.pm line 598.
C:/strawberry/perl/site/lib/CPAN/Meta.pm 2.143240 at C:/strawberry/perl/site/lib/CPAN/Meta.pm line 598.
C:/strawberry/perl/site/lib/CPAN/Meta.pm 2.143240 at C:/strawberry/perl/site/lib/CPAN/Meta.pm line 598.
t/INST_PREFIX.t ........... ok
t/INSTALL_BASE.t .......... ok
t/installed_file.t ........ ok
t/is_of_type.t ............ ok
t/Liblist.t ............... ok
Warning (mostly harmless): No library found for unreal_test
Warning (mostly harmless): No library found for unreal_test
Warning (mostly harmless): No library found for -llibtest
Warning (mostly harmless): No library found for -lunreal_test
Warning (mostly harmless): No library found for unreal_test
Warning (mostly harmless): No library found for dir_test
Warning: '-Ldir' changed to '-LC:/Users/Duncan/.cpanm/work/1420490400.3104/ExtUtils-MakeMaker-7.05_05/t/liblist/win32/dir'
Warning: '-Ldi r' changed to '-LC:/Users/Duncan/.cpanm/work/1420490400.3104/ExtUtils-MakeMaker-7.05_05/t/liblist/win32/di r'
Warning (mostly harmless): No library found for unreal_test
Warning (mostly harmless): No library found for unreal_test
t/Liblist_Kid.t ........... ok
t/make.t .................. ok
t/MakeMaker_Parameters.t .. ok
t/maketext_filter.t ....... ok

#   Failed test 'Non-camel case metadata right warning'
#   at t/meta_convert.t line 107.
#                   'C:/strawberry/perl/site/lib/CPAN/Meta.pm 2.143240 at C:/strawberry/perl/site/lib/CPAN/Meta.pm line 598.
# C:/strawberry/perl/site/lib/CPAN/Meta.pm 2.143240 at C:/strawberry/perl/site/lib/CPAN/Meta.pm line 598.
# C:/strawberry/perl/site/lib/CPAN/Meta.pm 2.143240 at C:/strawberry/perl/site/lib/CPAN/Meta.pm line 598.
# C:/strawberry/perl/site/lib/CPAN/Meta.pm 2.143240 at C:/strawberry/perl/site/lib/CPAN/Meta.pm line 598.
# '
#     doesn't match '(?^:^$)'

#   Failed test 'version object in provides right warning'
#   at t/meta_convert.t line 107.
#                   'C:/strawberry/perl/site/lib/CPAN/Meta.pm 2.143240 at C:/strawberry/perl/site/lib/CPAN/Meta.pm line 598.
# C:/strawberry/perl/site/lib/CPAN/Meta.pm 2.143240 at C:/strawberry/perl/site/lib/CPAN/Meta.pm line 598.
# C:/strawberry/perl/site/lib/CPAN/Meta.pm 2.143240 at C:/strawberry/perl/site/lib/CPAN/Meta.pm line 598.
# C:/strawberry/perl/site/lib/CPAN/Meta.pm 2.143240 at C:/strawberry/perl/site/lib/CPAN/Meta.pm line 598.
# '
#     doesn't match '(?^:^$)'
# Looks like you failed 2 tests of 21.
t/meta_convert.t .......... 
Dubious, test returned 2 (wstat 512, 0x200)
Failed 2/21 subtests 
C:/strawberry/perl/site/lib/CPAN/Meta.pm 2.143240 at C:/strawberry/perl/site/lib/CPAN/Meta.pm line 598.
C:/strawberry/perl/site/lib/CPAN/Meta.pm 2.143240 at C:/strawberry/perl/site/lib/CPAN/Meta.pm line 598.
C:/strawberry/perl/site/lib/CPAN/Meta.pm 2.143240 at C:/strawberry/perl/site/lib/CPAN/Meta.pm line 598.
C:/strawberry/perl/site/lib/CPAN/Meta.pm 2.143240 at C:/strawberry/perl/site/lib/CPAN/Meta.pm line 598.
t/metafile_data.t ......... ok
t/metafile_file.t ......... ok

#   Failed test 'MIN_PERL_VERSION=5 does not trigger a warning'
#   at t/min_perl_version.t line 60.
#          got: 'C:/strawberry/perl/site/lib/CPAN/Meta.pm 2.143240 at C:/strawberry/perl/site/lib/CPAN/Meta.pm line 598.
# C:/strawberry/perl/site/lib/CPAN/Meta.pm 2.143240 at C:/strawberry/perl/site/lib/CPAN/Meta.pm line 598.
# C:/strawberry/perl/site/lib/CPAN/Meta.pm 2.143240 at C:/strawberry/perl/site/lib/CPAN/Meta.pm line 598.
# C:/strawberry/perl/site/lib/CPAN/Meta.pm 2.143240 at C:/strawberry/perl/site/lib/CPAN/Meta.pm line 598.
# C:/strawberry/perl/site/lib/CPAN/Meta.pm 2.143240 at C:/strawberry/perl/site/lib/CPAN/Meta.pm line 598.
# C:/strawberry/perl/site/lib/CPAN/Meta.pm 2.143240 at C:/strawberry/perl/site/lib/CPAN/Meta.pm line 598.
# C:/strawberry/perl/site/lib/CPAN/Meta.pm 2.143240 at C:/strawberry/perl/site/lib/CPAN/Meta.pm line 598.
# C:/strawberry/perl/site/lib/CPAN/Meta.pm 2.143240 at C:/strawberry/perl/site/lib/CPAN/Meta.pm line 598.
# '
#     expected: ''

#   Failed test 'MIN_PERL_VERSION=X.Y.Z does not trigger a warning'
#   at t/min_perl_version.t line 71.
#          got: 'C:/strawberry/perl/site/lib/CPAN/Meta.pm 2.143240 at C:/strawberry/perl/site/lib/CPAN/Meta.pm line 598.
# C:/strawberry/perl/site/lib/CPAN/Meta.pm 2.143240 at C:/strawberry/perl/site/lib/CPAN/Meta.pm line 598.
# C:/strawberry/perl/site/lib/CPAN/Meta.pm 2.143240 at C:/strawberry/perl/site/lib/CPAN/Meta.pm line 598.
# C:/strawberry/perl/site/lib/CPAN/Meta.pm 2.143240 at C:/strawberry/perl/site/lib/CPAN/Meta.pm line 598.
# C:/strawberry/perl/site/lib/CPAN/Meta.pm 2.143240 at C:/strawberry/perl/site/lib/CPAN/Meta.pm line 598.
# C:/strawberry/perl/site/lib/CPAN/Meta.pm 2.143240 at C:/strawberry/perl/site/lib/CPAN/Meta.pm line 598.
# C:/strawberry/perl/site/lib/CPAN/Meta.pm 2.143240 at C:/strawberry/perl/site/lib/CPAN/Meta.pm line 598.
# C:/strawberry/perl/site/lib/CPAN/Meta.pm 2.143240 at C:/strawberry/perl/site/lib/CPAN/Meta.pm line 598.
# '
#     expected: ''

#   Failed test 'MIN_PERL_VERSION=X.Y.Z does not trigger a warning'
#   at t/min_perl_version.t line 82.
#          got: 'C:/strawberry/perl/site/lib/CPAN/Meta.pm 2.143240 at C:/strawberry/perl/site/lib/CPAN/Meta.pm line 598.
# C:/strawberry/perl/site/lib/CPAN/Meta.pm 2.143240 at C:/strawberry/perl/site/lib/CPAN/Meta.pm line 598.
# C:/strawberry/perl/site/lib/CPAN/Meta.pm 2.143240 at C:/strawberry/perl/site/lib/CPAN/Meta.pm line 598.
# C:/strawberry/perl/site/lib/CPAN/Meta.pm 2.143240 at C:/strawberry/perl/site/lib/CPAN/Meta.pm line 598.
# C:/strawberry/perl/site/lib/CPAN/Meta.pm 2.143240 at C:/strawberry/perl/site/lib/CPAN/Meta.pm line 598.
# C:/strawberry/perl/site/lib/CPAN/Meta.pm 2.143240 at C:/strawberry/perl/site/lib/CPAN/Meta.pm line 598.
# C:/strawberry/perl/site/lib/CPAN/Meta.pm 2.143240 at C:/strawberry/perl/site/lib/CPAN/Meta.pm line 598.
# C:/strawberry/perl/site/lib/CPAN/Meta.pm 2.143240 at C:/strawberry/perl/site/lib/CPAN/Meta.pm line 598.
# '
#     expected: ''

#   Failed test 'MIN_PERL_VERSION=X.Y.Z does not trigger a warning'
#   at t/min_perl_version.t line 93.
#          got: 'C:/strawberry/perl/site/lib/CPAN/Meta.pm 2.143240 at C:/strawberry/perl/site/lib/CPAN/Meta.pm line 598.
# C:/strawberry/perl/site/lib/CPAN/Meta.pm 2.143240 at C:/strawberry/perl/site/lib/CPAN/Meta.pm line 598.
# C:/strawberry/perl/site/lib/CPAN/Meta.pm 2.143240 at C:/strawberry/perl/site/lib/CPAN/Meta.pm line 598.
# C:/strawberry/perl/site/lib/CPAN/Meta.pm 2.143240 at C:/strawberry/perl/site/lib/CPAN/Meta.pm line 598.
# C:/strawberry/perl/site/lib/CPAN/Meta.pm 2.143240 at C:/strawberry/perl/site/lib/CPAN/Meta.pm line 598.
# C:/strawberry/perl/site/lib/CPAN/Meta.pm 2.143240 at C:/strawberry/perl/site/lib/CPAN/Meta.pm line 598.
# C:/strawberry/perl/site/lib/CPAN/Meta.pm 2.143240 at C:/strawberry/perl/site/lib/CPAN/Meta.pm line 598.
# C:/strawberry/perl/site/lib/CPAN/Meta.pm 2.143240 at C:/strawberry/perl/site/lib/CPAN/Meta.pm line 598.
# '
#     expected: ''

#   Failed test '  with expected message text'
#   at t/min_perl_version.t line 105.
#          got: 'Warning: Perl version 999999 or higher required. We run 5.018001.
# C:/strawberry/perl/site/lib/CPAN/Meta.pm 2.143240 at C:/strawberry/perl/site/lib/CPAN/Meta.pm line 598.
# C:/strawberry/perl/site/lib/CPAN/Meta.pm 2.143240 at C:/strawberry/perl/site/lib/CPAN/Meta.pm line 598.
# C:/strawberry/perl/site/lib/CPAN/Meta.pm 2.143240 at C:/strawberry/perl/site/lib/CPAN/Meta.pm line 598.
# C:/strawberry/perl/site/lib/CPAN/Meta.pm 2.143240 at C:/strawberry/perl/site/lib/CPAN/Meta.pm line 598.
# C:/strawberry/perl/site/lib/CPAN/Meta.pm 2.143240 at C:/strawberry/perl/site/lib/CPAN/Meta.pm line 598.
# C:/strawberry/perl/site/lib/CPAN/Meta.pm 2.143240 at C:/strawberry/perl/site/lib/CPAN/Meta.pm line 598.
# C:/strawberry/perl/site/lib/CPAN/Meta.pm 2.143240 at C:/strawberry/perl/site/lib/CPAN/Meta.pm line 598.
# C:/strawberry/perl/site/lib/CPAN/Meta.pm 2.143240 at C:/strawberry/perl/site/lib/CPAN/Meta.pm line 598.
# '
#     expected: 'Warning: Perl version 999999 or higher required. We run 5.018001.
# '
# Looks like you failed 5 tests of 36.
t/min_perl_version.t ...... 
Dubious, test returned 5 (wstat 1280, 0x500)
Failed 5/36 subtests 
t/miniperl.t .............. skipped: miniperl test only necessary for the perl core
t/Mkbootstrap.t ........... ok
t/MM_Any.t ................ ok
t/MM_BeOS.t ............... skipped: This is not BeOS
t/MM_Cygwin.t ............. skipped: This is not cygwin
t/MM_NW5.t ................ skipped: This is not NW5
t/MM_OS2.t ................ skipped: This is not OS/2
t/MM_Unix.t ............... skipped: Non-Unix platform
t/MM_VMS.t ................ skipped: This is not VMS
t/MM_Win32.t .............. ok
t/oneliner.t .............. ok
t/parse_abstract.t ........ ok
t/parse_version.t ......... ok
t/PL_FILES.t .............. ok
C:/strawberry/perl/site/lib/CPAN/Meta.pm 2.143240 at C:/strawberry/perl/site/lib/CPAN/Meta.pm line 598.
C:/strawberry/perl/site/lib/CPAN/Meta.pm 2.143240 at C:/strawberry/perl/site/lib/CPAN/Meta.pm line 598.
C:/strawberry/perl/site/lib/CPAN/Meta.pm 2.143240 at C:/strawberry/perl/site/lib/CPAN/Meta.pm line 598.
C:/strawberry/perl/site/lib/CPAN/Meta.pm 2.143240 at C:/strawberry/perl/site/lib/CPAN/Meta.pm line 598.
C:/strawberry/perl/site/lib/CPAN/Meta.pm 2.143240 at C:/strawberry/perl/site/lib/CPAN/Meta.pm line 598.
C:/strawberry/perl/site/lib/CPAN/Meta.pm 2.143240 at C:/strawberry/perl/site/lib/CPAN/Meta.pm line 598.
C:/strawberry/perl/site/lib/CPAN/Meta.pm 2.143240 at C:/strawberry/perl/site/lib/CPAN/Meta.pm line 598.
C:/strawberry/perl/site/lib/CPAN/Meta.pm 2.143240 at C:/strawberry/perl/site/lib/CPAN/Meta.pm line 598.
C:/strawberry/perl/site/lib/CPAN/Meta.pm 2.143240 at C:/strawberry/perl/site/lib/CPAN/Meta.pm line 598.
C:/strawberry/perl/site/lib/CPAN/Meta.pm 2.143240 at C:/strawberry/perl/site/lib/CPAN/Meta.pm line 598.
C:/strawberry/perl/site/lib/CPAN/Meta.pm 2.143240 at C:/strawberry/perl/site/lib/CPAN/Meta.pm line 598.
C:/strawberry/perl/site/lib/CPAN/Meta.pm 2.143240 at C:/strawberry/perl/site/lib/CPAN/Meta.pm line 598.
C:/strawberry/perl/site/lib/CPAN/Meta.pm 2.143240 at C:/strawberry/perl/site/lib/CPAN/Meta.pm line 598.
C:/strawberry/perl/site/lib/CPAN/Meta.pm 2.143240 at C:/strawberry/perl/site/lib/CPAN/Meta.pm line 598.
C:/strawberry/perl/site/lib/CPAN/Meta.pm 2.143240 at C:/strawberry/perl/site/lib/CPAN/Meta.pm line 598.
C:/strawberry/perl/site/lib/CPAN/Meta.pm 2.143240 at C:/strawberry/perl/site/lib/CPAN/Meta.pm line 598.
t/pm.t .................... ok
t/pm_to_blib.t ............ ok
t/pod2man.t ............... ok

#   Failed test 'postamble argument not warned about'
#   at t/postamble.t line 57.
#          got: 'C:/strawberry/perl/site/lib/CPAN/Meta.pm 2.143240 at C:/strawberry/perl/site/lib/CPAN/Meta.pm line 598.
# '
#     expected: ''
# Looks like you failed 1 test of 8.
t/postamble.t ............. 
Dubious, test returned 1 (wstat 256, 0x100)
Failed 1/8 subtests 
t/prefixify.t ............. ok

#   Failed test 'basic prereq'
#   at t/prereq.t line 57.
#          got: 'C:/strawberry/perl/site/lib/CPAN/Meta.pm 2.143240 at C:/strawberry/perl/site/lib/CPAN/Meta.pm line 598.
# C:/strawberry/perl/site/lib/CPAN/Meta.pm 2.143240 at C:/strawberry/perl/site/lib/CPAN/Meta.pm line 598.
# C:/strawberry/perl/site/lib/CPAN/Meta.pm 2.143240 at C:/strawberry/perl/site/lib/CPAN/Meta.pm line 598.
# C:/strawberry/perl/site/lib/CPAN/Meta.pm 2.143240 at C:/strawberry/perl/site/lib/CPAN/Meta.pm line 598.
# C:/strawberry/perl/site/lib/CPAN/Meta.pm 2.143240 at C:/strawberry/perl/site/lib/CPAN/Meta.pm line 598.
# C:/strawberry/perl/site/lib/CPAN/Meta.pm 2.143240 at C:/strawberry/perl/site/lib/CPAN/Meta.pm line 598.
# C:/strawberry/perl/site/lib/CPAN/Meta.pm 2.143240 at C:/strawberry/perl/site/lib/CPAN/Meta.pm line 598.
# C:/strawberry/perl/site/lib/CPAN/Meta.pm 2.143240 at C:/strawberry/perl/site/lib/CPAN/Meta.pm line 598.
# C:/strawberry/perl/site/lib/CPAN/Meta.pm 2.143240 at C:/strawberry/perl/site/lib/CPAN/Meta.pm line 598.
# C:/strawberry/perl/site/lib/CPAN/Meta.pm 2.143240 at C:/strawberry/perl/site/lib/CPAN/Meta.pm line 598.
# C:/strawberry/perl/site/lib/CPAN/Meta.pm 2.143240 at C:/strawberry/perl/site/lib/CPAN/Meta.pm line 598.
# C:/strawberry/perl/site/lib/CPAN/Meta.pm 2.143240 at C:/strawberry/perl/site/lib/CPAN/Meta.pm line 598.
# C:/strawberry/perl/site/lib/CPAN/Meta.pm 2.143240 at C:/strawberry/perl/site/lib/CPAN/Meta.pm line 598.
# C:/strawberry/perl/site/lib/CPAN/Meta.pm 2.143240 at C:/strawberry/perl/site/lib/CPAN/Meta.pm line 598.
# C:/strawberry/perl/site/lib/CPAN/Meta.pm 2.143240 at C:/strawberry/perl/site/lib/CPAN/Meta.pm line 598.
# C:/strawberry/perl/site/lib/CPAN/Meta.pm 2.143240 at C:/strawberry/perl/site/lib/CPAN/Meta.pm line 598.
# '
#     expected: ''

#   Failed test 'version range'
#   at t/prereq.t line 69.
#          got: 'C:/strawberry/perl/site/lib/CPAN/Meta.pm 2.143240 at C:/strawberry/perl/site/lib/CPAN/Meta.pm line 598.
# C:/strawberry/perl/site/lib/CPAN/Meta.pm 2.143240 at C:/strawberry/perl/site/lib/CPAN/Meta.pm line 598.
# C:/strawberry/perl/site/lib/CPAN/Meta.pm 2.143240 at C:/strawberry/perl/site/lib/CPAN/Meta.pm line 598.
# C:/strawberry/perl/site/lib/CPAN/Meta.pm 2.143240 at C:/strawberry/perl/site/lib/CPAN/Meta.pm line 598.
# C:/strawberry/perl/site/lib/CPAN/Meta.pm 2.143240 at C:/strawberry/perl/site/lib/CPAN/Meta.pm line 598.
# C:/strawberry/perl/site/lib/CPAN/Meta.pm 2.143240 at C:/strawberry/perl/site/lib/CPAN/Meta.pm line 598.
# C:/strawberry/perl/site/lib/CPAN/Meta.pm 2.143240 at C:/strawberry/perl/site/lib/CPAN/Meta.pm line 598.
# C:/strawberry/perl/site/lib/CPAN/Meta.pm 2.143240 at C:/strawberry/perl/site/lib/CPAN/Meta.pm line 598.
# C:/strawberry/perl/site/lib/CPAN/Meta.pm 2.143240 at C:/strawberry/perl/site/lib/CPAN/Meta.pm line 598.
# C:/strawberry/perl/site/lib/CPAN/Meta.pm 2.143240 at C:/strawberry/perl/site/lib/CPAN/Meta.pm line 598.
# C:/strawberry/perl/site/lib/CPAN/Meta.pm 2.143240 at C:/strawberry/perl/site/lib/CPAN/Meta.pm line 598.
# C:/strawberry/perl/site/lib/CPAN/Meta.pm 2.143240 at C:/strawberry/perl/site/lib/CPAN/Meta.pm line 598.
# C:/strawberry/perl/site/lib/CPAN/Meta.pm 2.143240 at C:/strawberry/perl/site/lib/CPAN/Meta.pm line 598.
# C:/strawberry/perl/site/lib/CPAN/Meta.pm 2.143240 at C:/strawberry/perl/site/lib/CPAN/Meta.pm line 598.
# C:/strawberry/perl/site/lib/CPAN/Meta.pm 2.143240 at C:/strawberry/perl/site/lib/CPAN/Meta.pm line 598.
# C:/strawberry/perl/site/lib/CPAN/Meta.pm 2.143240 at C:/strawberry/perl/site/lib/CPAN/Meta.pm line 598.
# '
#     expected: ''

#   Failed test 'strict 99999'
#   at t/prereq.t line 79.
#          got: 'Warning: prerequisite strict 99999 not found. We have 1.07.
# C:/strawberry/perl/site/lib/CPAN/Meta.pm 2.143240 at C:/strawberry/perl/site/lib/CPAN/Meta.pm line 598.
# C:/strawberry/perl/site/lib/CPAN/Meta.pm 2.143240 at C:/strawberry/perl/site/lib/CPAN/Meta.pm line 598.
# C:/strawberry/perl/site/lib/CPAN/Meta.pm 2.143240 at C:/strawberry/perl/site/lib/CPAN/Meta.pm line 598.
# C:/strawberry/perl/site/lib/CPAN/Meta.pm 2.143240 at C:/strawberry/perl/site/lib/CPAN/Meta.pm line 598.
# C:/strawberry/perl/site/lib/CPAN/Meta.pm 2.143240 at C:/strawberry/perl/site/lib/CPAN/Meta.pm line 598.
# C:/strawberry/perl/site/lib/CPAN/Meta.pm 2.143240 at C:/strawberry/perl/site/lib/CPAN/Meta.pm line 598.
# C:/strawberry/perl/site/lib/CPAN/Meta.pm 2.143240 at C:/strawberry/perl/site/lib/CPAN/Meta.pm line 598.
# C:/strawberry/perl/site/lib/CPAN/Meta.pm 2.143240 at C:/strawberry/perl/site/lib/CPAN/Meta.pm line 598.
# C:/strawberry/perl/site/lib/CPAN/Meta.pm 2.143240 at C:/strawberry/perl/site/lib/CPAN/Meta.pm line 598.
# C:/strawberry/perl/site/lib/CPAN/Meta.pm 2.143240 at C:/strawberry/perl/site/lib/CPAN/Meta.pm line 598.
# C:/strawberry/perl/site/lib/CPAN/Meta.pm 2.143240 at C:/strawberry/perl/site/lib/CPAN/Meta.pm line 598.
# C:/strawberry/perl/site/lib/CPAN/Meta.pm 2.143240 at C:/strawberry/perl/site/lib/CPAN/Meta.pm line 598.
# C:/strawberry/perl/site/lib/CPAN/Meta.pm 2.143240 at C:/strawberry/perl/site/lib/CPAN/Meta.pm line 598.
# C:/strawberry/perl/site/lib/CPAN/Meta.pm 2.143240 at C:/strawberry/perl/site/lib/CPAN/Meta.pm line 598.
# C:/strawberry/perl/site/lib/CPAN/Meta.pm 2.143240 at C:/strawberry/perl/site/lib/CPAN/Meta.pm line 598.
# C:/strawberry/perl/site/lib/CPAN/Meta.pm 2.143240 at C:/strawberry/perl/site/lib/CPAN/Meta.pm line 598.
# '
#     expected: 'Warning: prerequisite strict 99999 not found. We have 1.07.
# '

#   Failed test 'non-exist prereq'
#   at t/prereq.t line 90.
#          got: 'Warning: prerequisite I::Do::Not::Exist 0 not found.
# C:/strawberry/perl/site/lib/CPAN/Meta.pm 2.143240 at C:/strawberry/perl/site/lib/CPAN/Meta.pm line 598.
# C:/strawberry/perl/site/lib/CPAN/Meta.pm 2.143240 at C:/strawberry/perl/site/lib/CPAN/Meta.pm line 598.
# C:/strawberry/perl/site/lib/CPAN/Meta.pm 2.143240 at C:/strawberry/perl/site/lib/CPAN/Meta.pm line 598.
# C:/strawberry/perl/site/lib/CPAN/Meta.pm 2.143240 at C:/strawberry/perl/site/lib/CPAN/Meta.pm line 598.
# C:/strawberry/perl/site/lib/CPAN/Meta.pm 2.143240 at C:/strawberry/perl/site/lib/CPAN/Meta.pm line 598.
# C:/strawberry/perl/site/lib/CPAN/Meta.pm 2.143240 at C:/strawberry/perl/site/lib/CPAN/Meta.pm line 598.
# C:/strawberry/perl/site/lib/CPAN/Meta.pm 2.143240 at C:/strawberry/perl/site/lib/CPAN/Meta.pm line 598.
# C:/strawberry/perl/site/lib/CPAN/Meta.pm 2.143240 at C:/strawberry/perl/site/lib/CPAN/Meta.pm line 598.
# C:/strawberry/perl/site/lib/CPAN/Meta.pm 2.143240 at C:/strawberry/perl/site/lib/CPAN/Meta.pm line 598.
# C:/strawberry/perl/site/lib/CPAN/Meta.pm 2.143240 at C:/strawberry/perl/site/lib/CPAN/Meta.pm line 598.
# C:/strawberry/perl/site/lib/CPAN/Meta.pm 2.143240 at C:/strawberry/perl/site/lib/CPAN/Meta.pm line 598.
# C:/strawberry/perl/site/lib/CPAN/Meta.pm 2.143240 at C:/strawberry/perl/site/lib/CPAN/Meta.pm line 598.
# C:/strawberry/perl/site/lib/CPAN/Meta.pm 2.143240 at C:/strawberry/perl/site/lib/CPAN/Meta.pm line 598.
# C:/strawberry/perl/site/lib/CPAN/Meta.pm 2.143240 at C:/strawberry/perl/site/lib/CPAN/Meta.pm line 598.
# C:/strawberry/perl/site/lib/CPAN/Meta.pm 2.143240 at C:/strawberry/perl/site/lib/CPAN/Meta.pm line 598.
# C:/strawberry/perl/site/lib/CPAN/Meta.pm 2.143240 at C:/strawberry/perl/site/lib/CPAN/Meta.pm line 598.
# '
#     expected: 'Warning: prerequisite I::Do::Not::Exist 0 not found.
# '

#   Failed test '2 warnings'
#   at t/prereq.t line 102.
#          got: '18'
#     expected: '2'

#   Failed test '2 bad prereq warnings'
#   at t/prereq.t line 115.
#          got: 'Warning: prerequisite I::Do::Not::Exist 0 not found.
# Warning: prerequisite strict 99999 not found. We have 1.07.
# C:/strawberry/perl/site/lib/CPAN/Meta.pm 2.143240 at C:/strawberry/perl/site/lib/CPAN/Meta.pm line 598.
# C:/strawberry/perl/site/lib/CPAN/Meta.pm 2.143240 at C:/strawberry/perl/site/lib/CPAN/Meta.pm line 598.
# C:/strawberry/perl/site/lib/CPAN/Meta.pm 2.143240 at C:/strawberry/perl/site/lib/CPAN/Meta.pm line 598.
# C:/strawberry/perl/site/lib/CPAN/Meta.pm 2.143240 at C:/strawberry/perl/site/lib/CPAN/Meta.pm line 598.
# C:/strawberry/perl/site/lib/CPAN/Meta.pm 2.143240 at C:/strawberry/perl/site/lib/CPAN/Meta.pm line 598.
# C:/strawberry/perl/site/lib/CPAN/Meta.pm 2.143240 at C:/strawberry/perl/site/lib/CPAN/Meta.pm line 598.
# C:/strawberry/perl/site/lib/CPAN/Meta.pm 2.143240 at C:/strawberry/perl/site/lib/CPAN/Meta.pm line 598.
# C:/strawberry/perl/site/lib/CPAN/Meta.pm 2.143240 at C:/strawberry/perl/site/lib/CPAN/Meta.pm line 598.
# C:/strawberry/perl/site/lib/CPAN/Meta.pm 2.143240 at C:/strawberry/perl/site/lib/CPAN/Meta.pm line 598.
# C:/strawberry/perl/site/lib/CPAN/Meta.pm 2.143240 at C:/strawberry/perl/site/lib/CPAN/Meta.pm line 598.
# C:/strawberry/perl/site/lib/CPAN/Meta.pm 2.143240 at C:/strawberry/perl/site/lib/CPAN/Meta.pm line 598.
# C:/strawberry/perl/site/lib/CPAN/Meta.pm 2.143240 at C:/strawberry/perl/site/lib/CPAN/Meta.pm line 598.
# C:/strawberry/perl/site/lib/CPAN/Meta.pm 2.143240 at C:/strawberry/perl/site/lib/CPAN/Meta.pm line 598.
# C:/strawberry/perl/site/lib/CPAN/Meta.pm 2.143240 at C:/strawberry/perl/site/lib/CPAN/Meta.pm line 598.
# C:/strawberry/perl/site/lib/CPAN/Meta.pm 2.143240 at C:/strawberry/perl/site/lib/CPAN/Meta.pm line 598.
# C:/strawberry/perl/site/lib/CPAN/Meta.pm 2.143240 at C:/strawberry/perl/site/lib/CPAN/Meta.pm line 598.
# '
#     expected: 'Warning: prerequisite I::Do::Not::Exist 0 not found.
# Warning: prerequisite strict 99999 not found. We have 1.07.
# '
# Looks like you failed 6 tests of 17.
t/prereq.t ................ 
Dubious, test returned 6 (wstat 1536, 0x600)
Failed 6/17 subtests 
t/prereq_print.t .......... ok
t/problems.t .............. ok
t/prompt.t ................ ok
t/recurs.t ................ ok
t/revision.t .............. ok

#   Failed test 'arrayref in AUTHOR does not trigger a warning'
#   at t/several_authors.t line 64.
#          got: 'C:/strawberry/perl/site/lib/CPAN/Meta.pm 2.143240 at C:/strawberry/perl/site/lib/CPAN/Meta.pm line 598.
# C:/strawberry/perl/site/lib/CPAN/Meta.pm 2.143240 at C:/strawberry/perl/site/lib/CPAN/Meta.pm line 598.
# C:/strawberry/perl/site/lib/CPAN/Meta.pm 2.143240 at C:/strawberry/perl/site/lib/CPAN/Meta.pm line 598.
# C:/strawberry/perl/site/lib/CPAN/Meta.pm 2.143240 at C:/strawberry/perl/site/lib/CPAN/Meta.pm line 598.
# C:/strawberry/perl/site/lib/CPAN/Meta.pm 2.143240 at C:/strawberry/perl/site/lib/CPAN/Meta.pm line 598.
# C:/strawberry/perl/site/lib/CPAN/Meta.pm 2.143240 at C:/strawberry/perl/site/lib/CPAN/Meta.pm line 598.
# C:/strawberry/perl/site/lib/CPAN/Meta.pm 2.143240 at C:/strawberry/perl/site/lib/CPAN/Meta.pm line 598.
# C:/strawberry/perl/site/lib/CPAN/Meta.pm 2.143240 at C:/strawberry/perl/site/lib/CPAN/Meta.pm line 598.
# '
#     expected: ''

#   Failed test 'scalar in AUTHOR inside CONFIGURE does not trigger a warning'
#   at t/several_authors.t line 86.
#          got: 'C:/strawberry/perl/site/lib/CPAN/Meta.pm 2.143240 at C:/strawberry/perl/site/lib/CPAN/Meta.pm line 598.
# C:/strawberry/perl/site/lib/CPAN/Meta.pm 2.143240 at C:/strawberry/perl/site/lib/CPAN/Meta.pm line 598.
# C:/strawberry/perl/site/lib/CPAN/Meta.pm 2.143240 at C:/strawberry/perl/site/lib/CPAN/Meta.pm line 598.
# C:/strawberry/perl/site/lib/CPAN/Meta.pm 2.143240 at C:/strawberry/perl/site/lib/CPAN/Meta.pm line 598.
# C:/strawberry/perl/site/lib/CPAN/Meta.pm 2.143240 at C:/strawberry/perl/site/lib/CPAN/Meta.pm line 598.
# C:/strawberry/perl/site/lib/CPAN/Meta.pm 2.143240 at C:/strawberry/perl/site/lib/CPAN/Meta.pm line 598.
# C:/strawberry/perl/site/lib/CPAN/Meta.pm 2.143240 at C:/strawberry/perl/site/lib/CPAN/Meta.pm line 598.
# C:/strawberry/perl/site/lib/CPAN/Meta.pm 2.143240 at C:/strawberry/perl/site/lib/CPAN/Meta.pm line 598.
# '
#     expected: ''
# Looks like you failed 2 tests of 20.
t/several_authors.t ....... 
Dubious, test returned 2 (wstat 512, 0x200)
Failed 2/20 subtests 
t/split_command.t ......... ok
t/test_boilerplate.t ...... ok
t/testlib.t ............... ok

#   Failed test 'no warning'
#   at t/unicode.t line 52.
#          got: '8'
#     expected: '0'
# C:/strawberry/perl/site/lib/CPAN/Meta.pm 2.143240 at C:/strawberry/perl/site/lib/CPAN/Meta.pm line 598.
# C:/strawberry/perl/site/lib/CPAN/Meta.pm 2.143240 at C:/strawberry/perl/site/lib/CPAN/Meta.pm line 598.
# C:/strawberry/perl/site/lib/CPAN/Meta.pm 2.143240 at C:/strawberry/perl/site/lib/CPAN/Meta.pm line 598.
# C:/strawberry/perl/site/lib/CPAN/Meta.pm 2.143240 at C:/strawberry/perl/site/lib/CPAN/Meta.pm line 598.
# C:/strawberry/perl/site/lib/CPAN/Meta.pm 2.143240 at C:/strawberry/perl/site/lib/CPAN/Meta.pm line 598.
# C:/strawberry/perl/site/lib/CPAN/Meta.pm 2.143240 at C:/strawberry/perl/site/lib/CPAN/Meta.pm line 598.
# C:/strawberry/perl/site/lib/CPAN/Meta.pm 2.143240 at C:/strawberry/perl/site/lib/CPAN/Meta.pm line 598.
# C:/strawberry/perl/site/lib/CPAN/Meta.pm 2.143240 at C:/strawberry/perl/site/lib/CPAN/Meta.pm line 598.
# Looks like you failed 1 test of 9.
t/unicode.t ............... 
Dubious, test returned 1 (wstat 256, 0x100)
Failed 1/9 subtests 
	(less 1 skipped subtest: 7 okay)
C:/strawberry/perl/site/lib/CPAN/Meta.pm 2.143240 at C:/strawberry/perl/site/lib/CPAN/Meta.pm line 598.
C:/strawberry/perl/site/lib/CPAN/Meta.pm 2.143240 at C:/strawberry/perl/site/lib/CPAN/Meta.pm line 598.
C:/strawberry/perl/site/lib/CPAN/Meta.pm 2.143240 at C:/strawberry/perl/site/lib/CPAN/Meta.pm line 598.
C:/strawberry/perl/site/lib/CPAN/Meta.pm 2.143240 at C:/strawberry/perl/site/lib/CPAN/Meta.pm line 598.
C:/strawberry/perl/site/lib/CPAN/Meta.pm 2.143240 at C:/strawberry/perl/site/lib/CPAN/Meta.pm line 598.
C:/strawberry/perl/site/lib/CPAN/Meta.pm 2.143240 at C:/strawberry/perl/site/lib/CPAN/Meta.pm line 598.
C:/strawberry/perl/site/lib/CPAN/Meta.pm 2.143240 at C:/strawberry/perl/site/lib/CPAN/Meta.pm line 598.
C:/strawberry/perl/site/lib/CPAN/Meta.pm 2.143240 at C:/strawberry/perl/site/lib/CPAN/Meta.pm line 598.
t/VERSION_FROM.t .......... ok

#   Failed test '2-part Decimal handled right'
#   at t/vstrings.t line 101.
#                   'C:/strawberry/perl/site/lib/CPAN/Meta.pm 2.143240 at C:/strawberry/perl/site/lib/CPAN/Meta.pm line 598.
# C:/strawberry/perl/site/lib/CPAN/Meta.pm 2.143240 at C:/strawberry/perl/site/lib/CPAN/Meta.pm line 598.
# C:/strawberry/perl/site/lib/CPAN/Meta.pm 2.143240 at C:/strawberry/perl/site/lib/CPAN/Meta.pm line 598.
# C:/strawberry/perl/site/lib/CPAN/Meta.pm 2.143240 at C:/strawberry/perl/site/lib/CPAN/Meta.pm line 598.
# C:/strawberry/perl/site/lib/CPAN/Meta.pm 2.143240 at C:/strawberry/perl/site/lib/CPAN/Meta.pm line 598.
# C:/strawberry/perl/site/lib/CPAN/Meta.pm 2.143240 at C:/strawberry/perl/site/lib/CPAN/Meta.pm line 598.
# C:/strawberry/perl/site/lib/CPAN/Meta.pm 2.143240 at C:/strawberry/perl/site/lib/CPAN/Meta.pm line 598.
# C:/strawberry/perl/site/lib/CPAN/Meta.pm 2.143240 at C:/strawberry/perl/site/lib/CPAN/Meta.pm line 598.
# '
#     doesn't match '(?^:^$)'

#   Failed test '2-part Decimal String handled right'
#   at t/vstrings.t line 101.
#                   'C:/strawberry/perl/site/lib/CPAN/Meta.pm 2.143240 at C:/strawberry/perl/site/lib/CPAN/Meta.pm line 598.
# C:/strawberry/perl/site/lib/CPAN/Meta.pm 2.143240 at C:/strawberry/perl/site/lib/CPAN/Meta.pm line 598.
# C:/strawberry/perl/site/lib/CPAN/Meta.pm 2.143240 at C:/strawberry/perl/site/lib/CPAN/Meta.pm line 598.
# C:/strawberry/perl/site/lib/CPAN/Meta.pm 2.143240 at C:/strawberry/perl/site/lib/CPAN/Meta.pm line 598.
# C:/strawberry/perl/site/lib/CPAN/Meta.pm 2.143240 at C:/strawberry/perl/site/lib/CPAN/Meta.pm line 598.
# C:/strawberry/perl/site/lib/CPAN/Meta.pm 2.143240 at C:/strawberry/perl/site/lib/CPAN/Meta.pm line 598.
# C:/strawberry/perl/site/lib/CPAN/Meta.pm 2.143240 at C:/strawberry/perl/site/lib/CPAN/Meta.pm line 598.
# C:/strawberry/perl/site/lib/CPAN/Meta.pm 2.143240 at C:/strawberry/perl/site/lib/CPAN/Meta.pm line 598.
# '
#     doesn't match '(?^:^$)'

#   Failed test '2-part Underscore String handled right'
#   at t/vstrings.t line 101.
#                   'C:/strawberry/perl/site/lib/CPAN/Meta.pm 2.143240 at C:/strawberry/perl/site/lib/CPAN/Meta.pm line 598.
# C:/strawberry/perl/site/lib/CPAN/Meta.pm 2.143240 at C:/strawberry/perl/site/lib/CPAN/Meta.pm line 598.
# C:/strawberry/perl/site/lib/CPAN/Meta.pm 2.143240 at C:/strawberry/perl/site/lib/CPAN/Meta.pm line 598.
# C:/strawberry/perl/site/lib/CPAN/Meta.pm 2.143240 at C:/strawberry/perl/site/lib/CPAN/Meta.pm line 598.
# C:/strawberry/perl/site/lib/CPAN/Meta.pm 2.143240 at C:/strawberry/perl/site/lib/CPAN/Meta.pm line 598.
# C:/strawberry/perl/site/lib/CPAN/Meta.pm 2.143240 at C:/strawberry/perl/site/lib/CPAN/Meta.pm line 598.
# C:/strawberry/perl/site/lib/CPAN/Meta.pm 2.143240 at C:/strawberry/perl/site/lib/CPAN/Meta.pm line 598.
# C:/strawberry/perl/site/lib/CPAN/Meta.pm 2.143240 at C:/strawberry/perl/site/lib/CPAN/Meta.pm line 598.
# '
#     doesn't match '(?^:^$)'

#   Failed test '3-part Decimal String handled right'
#   at t/vstrings.t line 101.
#                   'C:/strawberry/perl/site/lib/CPAN/Meta.pm 2.143240 at C:/strawberry/perl/site/lib/CPAN/Meta.pm line 598.
# C:/strawberry/perl/site/lib/CPAN/Meta.pm 2.143240 at C:/strawberry/perl/site/lib/CPAN/Meta.pm line 598.
# C:/strawberry/perl/site/lib/CPAN/Meta.pm 2.143240 at C:/strawberry/perl/site/lib/CPAN/Meta.pm line 598.
# C:/strawberry/perl/site/lib/CPAN/Meta.pm 2.143240 at C:/strawberry/perl/site/lib/CPAN/Meta.pm line 598.
# C:/strawberry/perl/site/lib/CPAN/Meta.pm 2.143240 at C:/strawberry/perl/site/lib/CPAN/Meta.pm line 598.
# C:/strawberry/perl/site/lib/CPAN/Meta.pm 2.143240 at C:/strawberry/perl/site/lib/CPAN/Meta.pm line 598.
# C:/strawberry/perl/site/lib/CPAN/Meta.pm 2.143240 at C:/strawberry/perl/site/lib/CPAN/Meta.pm line 598.
# C:/strawberry/perl/site/lib/CPAN/Meta.pm 2.143240 at C:/strawberry/perl/site/lib/CPAN/Meta.pm line 598.
# '
#     doesn't match '(?^:^$)'

#   Failed test '2-part bare v-string handled right'
#   at t/vstrings.t line 101.
#                   'C:/strawberry/perl/site/lib/CPAN/Meta.pm 2.143240 at C:/strawberry/perl/site/lib/CPAN/Meta.pm line 598.
# C:/strawberry/perl/site/lib/CPAN/Meta.pm 2.143240 at C:/strawberry/perl/site/lib/CPAN/Meta.pm line 598.
# C:/strawberry/perl/site/lib/CPAN/Meta.pm 2.143240 at C:/strawberry/perl/site/lib/CPAN/Meta.pm line 598.
# C:/strawberry/perl/site/lib/CPAN/Meta.pm 2.143240 at C:/strawberry/perl/site/lib/CPAN/Meta.pm line 598.
# C:/strawberry/perl/site/lib/CPAN/Meta.pm 2.143240 at C:/strawberry/perl/site/lib/CPAN/Meta.pm line 598.
# C:/strawberry/perl/site/lib/CPAN/Meta.pm 2.143240 at C:/strawberry/perl/site/lib/CPAN/Meta.pm line 598.
# C:/strawberry/perl/site/lib/CPAN/Meta.pm 2.143240 at C:/strawberry/perl/site/lib/CPAN/Meta.pm line 598.
# C:/strawberry/perl/site/lib/CPAN/Meta.pm 2.143240 at C:/strawberry/perl/site/lib/CPAN/Meta.pm line 598.
# '
#     doesn't match '(?^:^$)'

#   Failed test '3-part bare V-string handled right'
#   at t/vstrings.t line 101.
#                   'C:/strawberry/perl/site/lib/CPAN/Meta.pm 2.143240 at C:/strawberry/perl/site/lib/CPAN/Meta.pm line 598.
# C:/strawberry/perl/site/lib/CPAN/Meta.pm 2.143240 at C:/strawberry/perl/site/lib/CPAN/Meta.pm line 598.
# C:/strawberry/perl/site/lib/CPAN/Meta.pm 2.143240 at C:/strawberry/perl/site/lib/CPAN/Meta.pm line 598.
# C:/strawberry/perl/site/lib/CPAN/Meta.pm 2.143240 at C:/strawberry/perl/site/lib/CPAN/Meta.pm line 598.
# C:/strawberry/perl/site/lib/CPAN/Meta.pm 2.143240 at C:/strawberry/perl/site/lib/CPAN/Meta.pm line 598.
# C:/strawberry/perl/site/lib/CPAN/Meta.pm 2.143240 at C:/strawberry/perl/site/lib/CPAN/Meta.pm line 598.
# C:/strawberry/perl/site/lib/CPAN/Meta.pm 2.143240 at C:/strawberry/perl/site/lib/CPAN/Meta.pm line 598.
# C:/strawberry/perl/site/lib/CPAN/Meta.pm 2.143240 at C:/strawberry/perl/site/lib/CPAN/Meta.pm line 598.
# '
#     doesn't match '(?^:^$)'

#   Failed test '2-part v-decimal string handled right'
#   at t/vstrings.t line 101.
#                   'C:/strawberry/perl/site/lib/CPAN/Meta.pm 2.143240 at C:/strawberry/perl/site/lib/CPAN/Meta.pm line 598.
# C:/strawberry/perl/site/lib/CPAN/Meta.pm 2.143240 at C:/strawberry/perl/site/lib/CPAN/Meta.pm line 598.
# C:/strawberry/perl/site/lib/CPAN/Meta.pm 2.143240 at C:/strawberry/perl/site/lib/CPAN/Meta.pm line 598.
# C:/strawberry/perl/site/lib/CPAN/Meta.pm 2.143240 at C:/strawberry/perl/site/lib/CPAN/Meta.pm line 598.
# C:/strawberry/perl/site/lib/CPAN/Meta.pm 2.143240 at C:/strawberry/perl/site/lib/CPAN/Meta.pm line 598.
# C:/strawberry/perl/site/lib/CPAN/Meta.pm 2.143240 at C:/strawberry/perl/site/lib/CPAN/Meta.pm line 598.
# C:/strawberry/perl/site/lib/CPAN/Meta.pm 2.143240 at C:/strawberry/perl/site/lib/CPAN/Meta.pm line 598.
# C:/strawberry/perl/site/lib/CPAN/Meta.pm 2.143240 at C:/strawberry/perl/site/lib/CPAN/Meta.pm line 598.
# '
#     doesn't match '(?^:^$)'

#   Failed test '3-part v-Decimal String handled right'
#   at t/vstrings.t line 101.
#                   'C:/strawberry/perl/site/lib/CPAN/Meta.pm 2.143240 at C:/strawberry/perl/site/lib/CPAN/Meta.pm line 598.
# C:/strawberry/perl/site/lib/CPAN/Meta.pm 2.143240 at C:/strawberry/perl/site/lib/CPAN/Meta.pm line 598.
# C:/strawberry/perl/site/lib/CPAN/Meta.pm 2.143240 at C:/strawberry/perl/site/lib/CPAN/Meta.pm line 598.
# C:/strawberry/perl/site/lib/CPAN/Meta.pm 2.143240 at C:/strawberry/perl/site/lib/CPAN/Meta.pm line 598.
# C:/strawberry/perl/site/lib/CPAN/Meta.pm 2.143240 at C:/strawberry/perl/site/lib/CPAN/Meta.pm line 598.
# C:/strawberry/perl/site/lib/CPAN/Meta.pm 2.143240 at C:/strawberry/perl/site/lib/CPAN/Meta.pm line 598.
# C:/strawberry/perl/site/lib/CPAN/Meta.pm 2.143240 at C:/strawberry/perl/site/lib/CPAN/Meta.pm line 598.
# C:/strawberry/perl/site/lib/CPAN/Meta.pm 2.143240 at C:/strawberry/perl/site/lib/CPAN/Meta.pm line 598.
# '
#     doesn't match '(?^:^$)'

#   Failed test 'Version range handled right'
#   at t/vstrings.t line 101.
#                   'C:/strawberry/perl/site/lib/CPAN/Meta.pm 2.143240 at C:/strawberry/perl/site/lib/CPAN/Meta.pm line 598.
# C:/strawberry/perl/site/lib/CPAN/Meta.pm 2.143240 at C:/strawberry/perl/site/lib/CPAN/Meta.pm line 598.
# C:/strawberry/perl/site/lib/CPAN/Meta.pm 2.143240 at C:/strawberry/perl/site/lib/CPAN/Meta.pm line 598.
# C:/strawberry/perl/site/lib/CPAN/Meta.pm 2.143240 at C:/strawberry/perl/site/lib/CPAN/Meta.pm line 598.
# C:/strawberry/perl/site/lib/CPAN/Meta.pm 2.143240 at C:/strawberry/perl/site/lib/CPAN/Meta.pm line 598.
# C:/strawberry/perl/site/lib/CPAN/Meta.pm 2.143240 at C:/strawberry/perl/site/lib/CPAN/Meta.pm line 598.
# C:/strawberry/perl/site/lib/CPAN/Meta.pm 2.143240 at C:/strawberry/perl/site/lib/CPAN/Meta.pm line 598.
# C:/strawberry/perl/site/lib/CPAN/Meta.pm 2.143240 at C:/strawberry/perl/site/lib/CPAN/Meta.pm line 598.
# '
#     doesn't match '(?^:^$)'
# Looks like you failed 9 tests of 53.
t/vstrings.t .............. 
Dubious, test returned 9 (wstat 2304, 0x900)
Failed 9/53 subtests 
C:/strawberry/perl/site/lib/CPAN/Meta.pm 2.143240 at C:/strawberry/perl/site/lib/CPAN/Meta.pm line 598.
C:/strawberry/perl/site/lib/CPAN/Meta.pm 2.143240 at C:/strawberry/perl/site/lib/CPAN/Meta.pm line 598.
C:/strawberry/perl/site/lib/CPAN/Meta.pm 2.143240 at C:/strawberry/perl/site/lib/CPAN/Meta.pm line 598.
C:/strawberry/perl/site/lib/CPAN/Meta.pm 2.143240 at C:/strawberry/perl/site/lib/CPAN/Meta.pm line 598.
t/WriteEmptyMakefile.t .... ok

#   Failed test at t/writemakefile_args.t line 59.
#          got: 'WARNING: MAN3PODS takes a HASH reference not a string/number.
#          Please inform the author.
# C:/strawberry/perl/site/lib/CPAN/Meta.pm 2.143240 at C:/strawberry/perl/site/lib/CPAN/Meta.pm line 598.
# C:/strawberry/perl/site/lib/CPAN/Meta.pm 2.143240 at C:/strawberry/perl/site/lib/CPAN/Meta.pm line 598.
# C:/strawberry/perl/site/lib/CPAN/Meta.pm 2.143240 at C:/strawberry/perl/site/lib/CPAN/Meta.pm line 598.
# C:/strawberry/perl/site/lib/CPAN/Meta.pm 2.143240 at C:/strawberry/perl/site/lib/CPAN/Meta.pm line 598.
# C:/strawberry/perl/site/lib/CPAN/Meta.pm 2.143240 at C:/strawberry/perl/site/lib/CPAN/Meta.pm line 598.
# C:/strawberry/perl/site/lib/CPAN/Meta.pm 2.143240 at C:/strawberry/perl/site/lib/CPAN/Meta.pm line 598.
# C:/strawberry/perl/site/lib/CPAN/Meta.pm 2.143240 at C:/strawberry/perl/site/lib/CPAN/Meta.pm line 598.
# C:/strawberry/perl/site/lib/CPAN/Meta.pm 2.143240 at C:/strawberry/perl/site/lib/CPAN/Meta.pm line 598.
# '
#     expected: 'WARNING: MAN3PODS takes a HASH reference not a string/number.
#          Please inform the author.
# '

#   Failed test at t/writemakefile_args.t line 73.
#          got: 'WARNING: AUTHOR takes a ARRAY reference not a CODE reference.
#          Please inform the author.
# C:/strawberry/perl/site/lib/CPAN/Meta.pm 2.143240 at C:/strawberry/perl/site/lib/CPAN/Meta.pm line 598.
# C:/strawberry/perl/site/lib/CPAN/Meta.pm 2.143240 at C:/strawberry/perl/site/lib/CPAN/Meta.pm line 598.
# C:/strawberry/perl/site/lib/CPAN/Meta.pm 2.143240 at C:/strawberry/perl/site/lib/CPAN/Meta.pm line 598.
# C:/strawberry/perl/site/lib/CPAN/Meta.pm 2.143240 at C:/strawberry/perl/site/lib/CPAN/Meta.pm line 598.
# C:/strawberry/perl/site/lib/CPAN/Meta.pm 2.143240 at C:/strawberry/perl/site/lib/CPAN/Meta.pm line 598.
# C:/strawberry/perl/site/lib/CPAN/Meta.pm 2.143240 at C:/strawberry/perl/site/lib/CPAN/Meta.pm line 598.
# C:/strawberry/perl/site/lib/CPAN/Meta.pm 2.143240 at C:/strawberry/perl/site/lib/CPAN/Meta.pm line 598.
# C:/strawberry/perl/site/lib/CPAN/Meta.pm 2.143240 at C:/strawberry/perl/site/lib/CPAN/Meta.pm line 598.
# '
#     expected: 'WARNING: AUTHOR takes a ARRAY reference not a CODE reference.
#          Please inform the author.
# '

#   Failed test at t/writemakefile_args.t line 146.
#          got: 'C:/strawberry/perl/site/lib/CPAN/Meta.pm 2.143240 at C:/strawberry/perl/site/lib/CPAN/Meta.pm line 598.
# C:/strawberry/perl/site/lib/CPAN/Meta.pm 2.143240 at C:/strawberry/perl/site/lib/CPAN/Meta.pm line 598.
# C:/strawberry/perl/site/lib/CPAN/Meta.pm 2.143240 at C:/strawberry/perl/site/lib/CPAN/Meta.pm line 598.
# C:/strawberry/perl/site/lib/CPAN/Meta.pm 2.143240 at C:/strawberry/perl/site/lib/CPAN/Meta.pm line 598.
# C:/strawberry/perl/site/lib/CPAN/Meta.pm 2.143240 at C:/strawberry/perl/site/lib/CPAN/Meta.pm line 598.
# C:/strawberry/perl/site/lib/CPAN/Meta.pm 2.143240 at C:/strawberry/perl/site/lib/CPAN/Meta.pm line 598.
# C:/strawberry/perl/site/lib/CPAN/Meta.pm 2.143240 at C:/strawberry/perl/site/lib/CPAN/Meta.pm line 598.
# C:/strawberry/perl/site/lib/CPAN/Meta.pm 2.143240 at C:/strawberry/perl/site/lib/CPAN/Meta.pm line 598.
# C:/strawberry/perl/site/lib/CPAN/Meta.pm 2.143240 at C:/strawberry/perl/site/lib/CPAN/Meta.pm line 598.
# C:/strawberry/perl/site/lib/CPAN/Meta.pm 2.143240 at C:/strawberry/perl/site/lib/CPAN/Meta.pm line 598.
# C:/strawberry/perl/site/lib/CPAN/Meta.pm 2.143240 at C:/strawberry/perl/site/lib/CPAN/Meta.pm line 598.
# C:/strawberry/perl/site/lib/CPAN/Meta.pm 2.143240 at C:/strawberry/perl/site/lib/CPAN/Meta.pm line 598.
# C:/strawberry/perl/site/lib/CPAN/Meta.pm 2.143240 at C:/strawberry/perl/site/lib/CPAN/Meta.pm line 598.
# C:/strawberry/perl/site/lib/CPAN/Meta.pm 2.143240 at C:/strawberry/perl/site/lib/CPAN/Meta.pm line 598.
# C:/strawberry/perl/site/lib/CPAN/Meta.pm 2.143240 at C:/strawberry/perl/site/lib/CPAN/Meta.pm line 598.
# C:/strawberry/perl/site/lib/CPAN/Meta.pm 2.143240 at C:/strawberry/perl/site/lib/CPAN/Meta.pm line 598.
# '
#     expected: ''

#   Failed test at t/writemakefile_args.t line 156.
#          got: 'C:/strawberry/perl/site/lib/CPAN/Meta.pm 2.143240 at C:/strawberry/perl/site/lib/CPAN/Meta.pm line 598.
# C:/strawberry/perl/site/lib/CPAN/Meta.pm 2.143240 at C:/strawberry/perl/site/lib/CPAN/Meta.pm line 598.
# C:/strawberry/perl/site/lib/CPAN/Meta.pm 2.143240 at C:/strawberry/perl/site/lib/CPAN/Meta.pm line 598.
# C:/strawberry/perl/site/lib/CPAN/Meta.pm 2.143240 at C:/strawberry/perl/site/lib/CPAN/Meta.pm line 598.
# C:/strawberry/perl/site/lib/CPAN/Meta.pm 2.143240 at C:/strawberry/perl/site/lib/CPAN/Meta.pm line 598.
# C:/strawberry/perl/site/lib/CPAN/Meta.pm 2.143240 at C:/strawberry/perl/site/lib/CPAN/Meta.pm line 598.
# C:/strawberry/perl/site/lib/CPAN/Meta.pm 2.143240 at C:/strawberry/perl/site/lib/CPAN/Meta.pm line 598.
# C:/strawberry/perl/site/lib/CPAN/Meta.pm 2.143240 at C:/strawberry/perl/site/lib/CPAN/Meta.pm line 598.
# C:/strawberry/perl/site/lib/CPAN/Meta.pm 2.143240 at C:/strawberry/perl/site/lib/CPAN/Meta.pm line 598.
# C:/strawberry/perl/site/lib/CPAN/Meta.pm 2.143240 at C:/strawberry/perl/site/lib/CPAN/Meta.pm line 598.
# C:/strawberry/perl/site/lib/CPAN/Meta.pm 2.143240 at C:/strawberry/perl/site/lib/CPAN/Meta.pm line 598.
# C:/strawberry/perl/site/lib/CPAN/Meta.pm 2.143240 at C:/strawberry/perl/site/lib/CPAN/Meta.pm line 598.
# C:/strawberry/perl/site/lib/CPAN/Meta.pm 2.143240 at C:/strawberry/perl/site/lib/CPAN/Meta.pm line 598.
# C:/strawberry/perl/site/lib/CPAN/Meta.pm 2.143240 at C:/strawberry/perl/site/lib/CPAN/Meta.pm line 598.
# C:/strawberry/perl/site/lib/CPAN/Meta.pm 2.143240 at C:/strawberry/perl/site/lib/CPAN/Meta.pm line 598.
# C:/strawberry/perl/site/lib/CPAN/Meta.pm 2.143240 at C:/strawberry/perl/site/lib/CPAN/Meta.pm line 598.
# '
#     expected: ''

#   Failed test at t/writemakefile_args.t line 182.
#          got: 'C:/strawberry/perl/site/lib/CPAN/Meta.pm 2.143240 at C:/strawberry/perl/site/lib/CPAN/Meta.pm line 598.
# C:/strawberry/perl/site/lib/CPAN/Meta.pm 2.143240 at C:/strawberry/perl/site/lib/CPAN/Meta.pm line 598.
# C:/strawberry/perl/site/lib/CPAN/Meta.pm 2.143240 at C:/strawberry/perl/site/lib/CPAN/Meta.pm line 598.
# C:/strawberry/perl/site/lib/CPAN/Meta.pm 2.143240 at C:/strawberry/perl/site/lib/CPAN/Meta.pm line 598.
# C:/strawberry/perl/site/lib/CPAN/Meta.pm 2.143240 at C:/strawberry/perl/site/lib/CPAN/Meta.pm line 598.
# C:/strawberry/perl/site/lib/CPAN/Meta.pm 2.143240 at C:/strawberry/perl/site/lib/CPAN/Meta.pm line 598.
# C:/strawberry/perl/site/lib/CPAN/Meta.pm 2.143240 at C:/strawberry/perl/site/lib/CPAN/Meta.pm line 598.
# C:/strawberry/perl/site/lib/CPAN/Meta.pm 2.143240 at C:/strawberry/perl/site/lib/CPAN/Meta.pm line 598.
# C:/strawberry/perl/site/lib/CPAN/Meta.pm 2.143240 at C:/strawberry/perl/site/lib/CPAN/Meta.pm line 598.
# C:/strawberry/perl/site/lib/CPAN/Meta.pm 2.143240 at C:/strawberry/perl/site/lib/CPAN/Meta.pm line 598.
# C:/strawberry/perl/site/lib/CPAN/Meta.pm 2.143240 at C:/strawberry/perl/site/lib/CPAN/Meta.pm line 598.
# C:/strawberry/perl/site/lib/CPAN/Meta.pm 2.143240 at C:/strawberry/perl/site/lib/CPAN/Meta.pm line 598.
# C:/strawberry/perl/site/lib/CPAN/Meta.pm 2.143240 at C:/strawberry/perl/site/lib/CPAN/Meta.pm line 598.
# C:/strawberry/perl/site/lib/CPAN/Meta.pm 2.143240 at C:/strawberry/perl/site/lib/CPAN/Meta.pm line 598.
# C:/strawberry/perl/site/lib/CPAN/Meta.pm 2.143240 at C:/strawberry/perl/site/lib/CPAN/Meta.pm line 598.
# C:/strawberry/perl/site/lib/CPAN/Meta.pm 2.143240 at C:/strawberry/perl/site/lib/CPAN/Meta.pm line 598.
# '
#     expected: ''

#   Failed test at t/writemakefile_args.t line 194.
#          got: 'C:/strawberry/perl/site/lib/CPAN/Meta.pm 2.143240 at C:/strawberry/perl/site/lib/CPAN/Meta.pm line 598.
# C:/strawberry/perl/site/lib/CPAN/Meta.pm 2.143240 at C:/strawberry/perl/site/lib/CPAN/Meta.pm line 598.
# C:/strawberry/perl/site/lib/CPAN/Meta.pm 2.143240 at C:/strawberry/perl/site/lib/CPAN/Meta.pm line 598.
# C:/strawberry/perl/site/lib/CPAN/Meta.pm 2.143240 at C:/strawberry/perl/site/lib/CPAN/Meta.pm line 598.
# C:/strawberry/perl/site/lib/CPAN/Meta.pm 2.143240 at C:/strawberry/perl/site/lib/CPAN/Meta.pm line 598.
# C:/strawberry/perl/site/lib/CPAN/Meta.pm 2.143240 at C:/strawberry/perl/site/lib/CPAN/Meta.pm line 598.
# C:/strawberry/perl/site/lib/CPAN/Meta.pm 2.143240 at C:/strawberry/perl/site/lib/CPAN/Meta.pm line 598.
# C:/strawberry/perl/site/lib/CPAN/Meta.pm 2.143240 at C:/strawberry/perl/site/lib/CPAN/Meta.pm line 598.
# C:/strawberry/perl/site/lib/CPAN/Meta.pm 2.143240 at C:/strawberry/perl/site/lib/CPAN/Meta.pm line 598.
# C:/strawberry/perl/site/lib/CPAN/Meta.pm 2.143240 at C:/strawberry/perl/site/lib/CPAN/Meta.pm line 598.
# C:/strawberry/perl/site/lib/CPAN/Meta.pm 2.143240 at C:/strawberry/perl/site/lib/CPAN/Meta.pm line 598.
# C:/strawberry/perl/site/lib/CPAN/Meta.pm 2.143240 at C:/strawberry/perl/site/lib/CPAN/Meta.pm line 598.
# C:/strawberry/perl/site/lib/CPAN/Meta.pm 2.143240 at C:/strawberry/perl/site/lib/CPAN/Meta.pm line 598.
# C:/strawberry/perl/site/lib/CPAN/Meta.pm 2.143240 at C:/strawberry/perl/site/lib/CPAN/Meta.pm line 598.
# C:/strawberry/perl/site/lib/CPAN/Meta.pm 2.143240 at C:/strawberry/perl/site/lib/CPAN/Meta.pm line 598.
# C:/strawberry/perl/site/lib/CPAN/Meta.pm 2.143240 at C:/strawberry/perl/site/lib/CPAN/Meta.pm line 598.
# '
#     expected: ''

#   Failed test at t/writemakefile_args.t line 209.
#          got: 'C:/strawberry/perl/site/lib/CPAN/Meta.pm 2.143240 at C:/strawberry/perl/site/lib/CPAN/Meta.pm line 598.
# C:/strawberry/perl/site/lib/CPAN/Meta.pm 2.143240 at C:/strawberry/perl/site/lib/CPAN/Meta.pm line 598.
# C:/strawberry/perl/site/lib/CPAN/Meta.pm 2.143240 at C:/strawberry/perl/site/lib/CPAN/Meta.pm line 598.
# C:/strawberry/perl/site/lib/CPAN/Meta.pm 2.143240 at C:/strawberry/perl/site/lib/CPAN/Meta.pm line 598.
# C:/strawberry/perl/site/lib/CPAN/Meta.pm 2.143240 at C:/strawberry/perl/site/lib/CPAN/Meta.pm line 598.
# C:/strawberry/perl/site/lib/CPAN/Meta.pm 2.143240 at C:/strawberry/perl/site/lib/CPAN/Meta.pm line 598.
# C:/strawberry/perl/site/lib/CPAN/Meta.pm 2.143240 at C:/strawberry/perl/site/lib/CPAN/Meta.pm line 598.
# C:/strawberry/perl/site/lib/CPAN/Meta.pm 2.143240 at C:/strawberry/perl/site/lib/CPAN/Meta.pm line 598.
# C:/strawberry/perl/site/lib/CPAN/Meta.pm 2.143240 at C:/strawberry/perl/site/lib/CPAN/Meta.pm line 598.
# C:/strawberry/perl/site/lib/CPAN/Meta.pm 2.143240 at C:/strawberry/perl/site/lib/CPAN/Meta.pm line 598.
# C:/strawberry/perl/site/lib/CPAN/Meta.pm 2.143240 at C:/strawberry/perl/site/lib/CPAN/Meta.pm line 598.
# C:/strawberry/perl/site/lib/CPAN/Meta.pm 2.143240 at C:/strawberry/perl/site/lib/CPAN/Meta.pm line 598.
# C:/strawberry/perl/site/lib/CPAN/Meta.pm 2.143240 at C:/strawberry/perl/site/lib/CPAN/Meta.pm line 598.
# C:/strawberry/perl/site/lib/CPAN/Meta.pm 2.143240 at C:/strawberry/perl/site/lib/CPAN/Meta.pm line 598.
# C:/strawberry/perl/site/lib/CPAN/Meta.pm 2.143240 at C:/strawberry/perl/site/lib/CPAN/Meta.pm line 598.
# C:/strawberry/perl/site/lib/CPAN/Meta.pm 2.143240 at C:/strawberry/perl/site/lib/CPAN/Meta.pm line 598.
# '
#     expected: ''

#   Failed test at t/writemakefile_args.t line 223.
#          got: 'C:/strawberry/perl/site/lib/CPAN/Meta.pm 2.143240 at C:/strawberry/perl/site/lib/CPAN/Meta.pm line 598.
# C:/strawberry/perl/site/lib/CPAN/Meta.pm 2.143240 at C:/strawberry/perl/site/lib/CPAN/Meta.pm line 598.
# C:/strawberry/perl/site/lib/CPAN/Meta.pm 2.143240 at C:/strawberry/perl/site/lib/CPAN/Meta.pm line 598.
# C:/strawberry/perl/site/lib/CPAN/Meta.pm 2.143240 at C:/strawberry/perl/site/lib/CPAN/Meta.pm line 598.
# C:/strawberry/perl/site/lib/CPAN/Meta.pm 2.143240 at C:/strawberry/perl/site/lib/CPAN/Meta.pm line 598.
# C:/strawberry/perl/site/lib/CPAN/Meta.pm 2.143240 at C:/strawberry/perl/site/lib/CPAN/Meta.pm line 598.
# C:/strawberry/perl/site/lib/CPAN/Meta.pm 2.143240 at C:/strawberry/perl/site/lib/CPAN/Meta.pm line 598.
# C:/strawberry/perl/site/lib/CPAN/Meta.pm 2.143240 at C:/strawberry/perl/site/lib/CPAN/Meta.pm line 598.
# C:/strawberry/perl/site/lib/CPAN/Meta.pm 2.143240 at C:/strawberry/perl/site/lib/CPAN/Meta.pm line 598.
# C:/strawberry/perl/site/lib/CPAN/Meta.pm 2.143240 at C:/strawberry/perl/site/lib/CPAN/Meta.pm line 598.
# C:/strawberry/perl/site/lib/CPAN/Meta.pm 2.143240 at C:/strawberry/perl/site/lib/CPAN/Meta.pm line 598.
# C:/strawberry/perl/site/lib/CPAN/Meta.pm 2.143240 at C:/strawberry/perl/site/lib/CPAN/Meta.pm line 598.
# C:/strawberry/perl/site/lib/CPAN/Meta.pm 2.143240 at C:/strawberry/perl/site/lib/CPAN/Meta.pm line 598.
# C:/strawberry/perl/site/lib/CPAN/Meta.pm 2.143240 at C:/strawberry/perl/site/lib/CPAN/Meta.pm line 598.
# C:/strawberry/perl/site/lib/CPAN/Meta.pm 2.143240 at C:/strawberry/perl/site/lib/CPAN/Meta.pm line 598.
# C:/strawberry/perl/site/lib/CPAN/Meta.pm 2.143240 at C:/strawberry/perl/site/lib/CPAN/Meta.pm line 598.
# '
#     expected: ''

#   Failed test at t/writemakefile_args.t line 236.
#          got: 'C:/strawberry/perl/site/lib/CPAN/Meta.pm 2.143240 at C:/strawberry/perl/site/lib/CPAN/Meta.pm line 598.
# C:/strawberry/perl/site/lib/CPAN/Meta.pm 2.143240 at C:/strawberry/perl/site/lib/CPAN/Meta.pm line 598.
# C:/strawberry/perl/site/lib/CPAN/Meta.pm 2.143240 at C:/strawberry/perl/site/lib/CPAN/Meta.pm line 598.
# C:/strawberry/perl/site/lib/CPAN/Meta.pm 2.143240 at C:/strawberry/perl/site/lib/CPAN/Meta.pm line 598.
# C:/strawberry/perl/site/lib/CPAN/Meta.pm 2.143240 at C:/strawberry/perl/site/lib/CPAN/Meta.pm line 598.
# C:/strawberry/perl/site/lib/CPAN/Meta.pm 2.143240 at C:/strawberry/perl/site/lib/CPAN/Meta.pm line 598.
# C:/strawberry/perl/site/lib/CPAN/Meta.pm 2.143240 at C:/strawberry/perl/site/lib/CPAN/Meta.pm line 598.
# C:/strawberry/perl/site/lib/CPAN/Meta.pm 2.143240 at C:/strawberry/perl/site/lib/CPAN/Meta.pm line 598.
# C:/strawberry/perl/site/lib/CPAN/Meta.pm 2.143240 at C:/strawberry/perl/site/lib/CPAN/Meta.pm line 598.
# C:/strawberry/perl/site/lib/CPAN/Meta.pm 2.143240 at C:/strawberry/perl/site/lib/CPAN/Meta.pm line 598.
# C:/strawberry/perl/site/lib/CPAN/Meta.pm 2.143240 at C:/strawberry/perl/site/lib/CPAN/Meta.pm line 598.
# C:/strawberry/perl/site/lib/CPAN/Meta.pm 2.143240 at C:/strawberry/perl/site/lib/CPAN/Meta.pm line 598.
# C:/strawberry/perl/site/lib/CPAN/Meta.pm 2.143240 at C:/strawberry/perl/site/lib/CPAN/Meta.pm line 598.
# C:/strawberry/perl/site/lib/CPAN/Meta.pm 2.143240 at C:/strawberry/perl/site/lib/CPAN/Meta.pm line 598.
# C:/strawberry/perl/site/lib/CPAN/Meta.pm 2.143240 at C:/strawberry/perl/site/lib/CPAN/Meta.pm line 598.
# C:/strawberry/perl/site/lib/CPAN/Meta.pm 2.143240 at C:/strawberry/perl/site/lib/CPAN/Meta.pm line 598.
# '
#     expected: ''

#   Failed test at t/writemakefile_args.t line 249.
#          got: 'C:/strawberry/perl/site/lib/CPAN/Meta.pm 2.143240 at C:/strawberry/perl/site/lib/CPAN/Meta.pm line 598.
# C:/strawberry/perl/site/lib/CPAN/Meta.pm 2.143240 at C:/strawberry/perl/site/lib/CPAN/Meta.pm line 598.
# C:/strawberry/perl/site/lib/CPAN/Meta.pm 2.143240 at C:/strawberry/perl/site/lib/CPAN/Meta.pm line 598.
# C:/strawberry/perl/site/lib/CPAN/Meta.pm 2.143240 at C:/strawberry/perl/site/lib/CPAN/Meta.pm line 598.
# C:/strawberry/perl/site/lib/CPAN/Meta.pm 2.143240 at C:/strawberry/perl/site/lib/CPAN/Meta.pm line 598.
# C:/strawberry/perl/site/lib/CPAN/Meta.pm 2.143240 at C:/strawberry/perl/site/lib/CPAN/Meta.pm line 598.
# C:/strawberry/perl/site/lib/CPAN/Meta.pm 2.143240 at C:/strawberry/perl/site/lib/CPAN/Meta.pm line 598.
# C:/strawberry/perl/site/lib/CPAN/Meta.pm 2.143240 at C:/strawberry/perl/site/lib/CPAN/Meta.pm line 598.
# C:/strawberry/perl/site/lib/CPAN/Meta.pm 2.143240 at C:/strawberry/perl/site/lib/CPAN/Meta.pm line 598.
# C:/strawberry/perl/site/lib/CPAN/Meta.pm 2.143240 at C:/strawberry/perl/site/lib/CPAN/Meta.pm line 598.
# C:/strawberry/perl/site/lib/CPAN/Meta.pm 2.143240 at C:/strawberry/perl/site/lib/CPAN/Meta.pm line 598.
# C:/strawberry/perl/site/lib/CPAN/Meta.pm 2.143240 at C:/strawberry/perl/site/lib/CPAN/Meta.pm line 598.
# C:/strawberry/perl/site/lib/CPAN/Meta.pm 2.143240 at C:/strawberry/perl/site/lib/CPAN/Meta.pm line 598.
# C:/strawberry/perl/site/lib/CPAN/Meta.pm 2.143240 at C:/strawberry/perl/site/lib/CPAN/Meta.pm line 598.
# C:/strawberry/perl/site/lib/CPAN/Meta.pm 2.143240 at C:/strawberry/perl/site/lib/CPAN/Meta.pm line 598.
# C:/strawberry/perl/site/lib/CPAN/Meta.pm 2.143240 at C:/strawberry/perl/site/lib/CPAN/Meta.pm line 598.
# '
#     expected: ''
# Looks like you failed 10 tests of 43.
t/writemakefile_args.t .... 
Dubious, test returned 10 (wstat 2560, 0xa00)
Failed 10/43 subtests 
C:/strawberry/perl/site/lib/CPAN/Meta.pm 2.143240 at C:/strawberry/perl/site/lib/CPAN/Meta.pm line 598.
C:/strawberry/perl/site/lib/CPAN/Meta.pm 2.143240 at C:/strawberry/perl/site/lib/CPAN/Meta.pm line 598.
C:/strawberry/perl/site/lib/CPAN/Meta.pm 2.143240 at C:/strawberry/perl/site/lib/CPAN/Meta.pm line 598.
C:/strawberry/perl/site/lib/CPAN/Meta.pm 2.143240 at C:/strawberry/perl/site/lib/CPAN/Meta.pm line 598.
t/xs.t .................... ok

Test Summary Report
-------------------
t/meta_convert.t        (Wstat: 512 Tests: 21 Failed: 2)
  Failed tests:  14, 17
  Non-zero exit status: 2
t/min_perl_version.t    (Wstat: 1280 Tests: 36 Failed: 5)
  Failed tests:  4, 6, 8, 10, 13
  Non-zero exit status: 5
t/pm_to_blib.t          (Wstat: 0 Tests: 14 Failed: 0)
  TODO passed:   10-11
t/postamble.t           (Wstat: 256 Tests: 8 Failed: 1)
  Failed test:  4
  Non-zero exit status: 1
t/prereq.t              (Wstat: 1536 Tests: 17 Failed: 6)
  Failed tests:  4-8, 11
  Non-zero exit status: 6
t/several_authors.t     (Wstat: 512 Tests: 20 Failed: 2)
  Failed tests:  4, 7
  Non-zero exit status: 2
t/unicode.t             (Wstat: 256 Tests: 9 Failed: 1)
  Failed test:  3
  Non-zero exit status: 1
t/vstrings.t            (Wstat: 2304 Tests: 53 Failed: 9)
  Failed tests:  37, 39, 41, 43, 45, 47, 49, 51, 53
  Non-zero exit status: 9
t/writemakefile_args.t  (Wstat: 2560 Tests: 43 Failed: 10)
  Failed tests:  4-5, 16, 18, 22, 26, 29, 32, 34, 36
  Non-zero exit status: 10
Files=65, Tests=1187, 79 wallclock secs ( 0.23 usr +  0.17 sys =  0.40 CPU)
Result: FAIL
Failed 8/65 test programs. 36/1187 subtests failed.
dmake.exe:  makefile:  line 335:  Warning: -- Ignoring AUGMAKE meta-target [.NOTPARALLEL] because prerequisites are present.
dmake.exe:  Error code 255, while making 'test_dynamic'
-> FAIL Installing ExtUtils::MakeMaker failed. See C:\Users\Duncan\.cpanm\work\1420490400.3104\build.log for details. Retry with --force to force install it.
