Last login: Mon Jan 10 11:51:25 on ttys000
imac20:~ user$ sudo cpan
Password:
Terminal does not support AddHistory.

cpan shell -- CPAN exploration and modules installation (v1.9402)
Enter 'h' for help.

cpan[1]> install Wx
CPAN: Storable loaded ok (v2.18)
Going to read '/Users/user/Library/Application Support/.cpan/Metadata'
  Database was generated on Sun, 09 Jan 2011 22:38:59 GMT
Running install for module 'Wx'
CPAN: YAML loaded ok (v0.71)
Running make for M/MB/MBARBON/Wx-0.98.tar.gz
CPAN: Digest::SHA loaded ok (v5.45)
CPAN: Compress::Zlib loaded ok (v2.008)
Checksum for /Users/user/Library/Application Support/.cpan/sources/authors/id/M/MB/MBARBON/Wx-0.98.tar.gz ok
Scanning cache /Users/user/Library/Application Support/.cpan/build for sizes
............................................................................DONE
CPAN: Archive::Tar loaded ok (v1.38)
Will not use Archive::Tar, need 1.00
x Wx-0.98/
x Wx-0.98/build/
x Wx-0.98/Changes
x Wx-0.98/Constant.xs
x Wx-0.98/Controls.xs
x Wx-0.98/cpp/
x Wx-0.98/docs/
x Wx-0.98/Event.xs
x Wx-0.98/ext/
x Wx-0.98/Frames.xs
x Wx-0.98/GDI.xs
x Wx-0.98/interface/
x Wx-0.98/lib/
x Wx-0.98/Makefile.PL
x Wx-0.98/MANIFEST
x Wx-0.98/MANIFEST.SKIP
x Wx-0.98/META.yml
x Wx-0.98/README.txt
x Wx-0.98/samples/
x Wx-0.98/script/
x Wx-0.98/t/
x Wx-0.98/typemap
x Wx-0.98/typemap.tmpl
x Wx-0.98/typemap.xsp
x Wx-0.98/Window.xs
x Wx-0.98/Wx.pm
x Wx-0.98/Wx.rc
x Wx-0.98/Wx.xs
x Wx-0.98/wxpl.ico
x Wx-0.98/wxpl.xpm
x Wx-0.98/XS/
x Wx-0.98/XS/AboutDialog.xsp
x Wx-0.98/XS/Accelerators.xs
x Wx-0.98/XS/Animation.xsp
x Wx-0.98/XS/AnimationCtrl.xsp
x Wx-0.98/XS/App.xs
x Wx-0.98/XS/ArtProvider.xsp
x Wx-0.98/XS/Bitmap.xs
x Wx-0.98/XS/BitmapButton.xs
x Wx-0.98/XS/BitmapComboBox.xsp
x Wx-0.98/XS/BookCtrl.xsp
x Wx-0.98/XS/Brush.xsp
x Wx-0.98/XS/Button.xs
x Wx-0.98/XS/Caret.xs
x Wx-0.98/XS/CheckBox.xs
x Wx-0.98/XS/CheckListBox.xs
x Wx-0.98/XS/Choice.xs
x Wx-0.98/XS/Choicebook.xsp
x Wx-0.98/XS/ClassInfo.xsp
x Wx-0.98/XS/CollapsiblePane.xsp
x Wx-0.98/XS/Colour.xs
x Wx-0.98/XS/ColourDatabase.xs
x Wx-0.98/XS/ColourDialog.xs
x Wx-0.98/XS/ColourPickerCtrl.xsp
x Wx-0.98/XS/ComboBox.xs
x Wx-0.98/XS/ComboCtrl.xsp
x Wx-0.98/XS/ComboPopup.xsp
x Wx-0.98/XS/Config.xs
x Wx-0.98/XS/Constraint.xs
x Wx-0.98/XS/ControlWithItems.xsp
x Wx-0.98/XS/Cursor.xs
x Wx-0.98/XS/DC.xsp
x Wx-0.98/XS/Dialog.xsp
x Wx-0.98/XS/DirCtrl.xsp
x Wx-0.98/XS/DirDialog.xs
x Wx-0.98/XS/Display.xsp
x Wx-0.98/XS/EditableListBox.xsp
x Wx-0.98/XS/EvtHandler.xs
x Wx-0.98/XS/FileCtrl.xsp
x Wx-0.98/XS/FileDialog.xs
x Wx-0.98/XS/FilePickerCtrl.xsp
x Wx-0.98/XS/FindReplaceDialog.xs
x Wx-0.98/XS/Font.xs
x Wx-0.98/XS/FontDialog.xs
x Wx-0.98/XS/FontEnumerator.xs
x Wx-0.98/XS/FontMapper.xs
x Wx-0.98/XS/FontPickerCtrl.xsp
x Wx-0.98/XS/Frame.xs
x Wx-0.98/XS/Gauge.xs
x Wx-0.98/XS/Geom.xs
x Wx-0.98/XS/GraphicsContext.xs
x Wx-0.98/XS/GraphicsMatrix.xs
x Wx-0.98/XS/GraphicsObject.xs
x Wx-0.98/XS/GraphicsPath.xs
x Wx-0.98/XS/GraphicsRenderer.xsp
x Wx-0.98/XS/GridBagSizer.xsp
x Wx-0.98/XS/HyperlinkCtrl.xsp
x Wx-0.98/XS/Icon.xs
x Wx-0.98/XS/IconBundle.xsp
x Wx-0.98/XS/Image.xs
x Wx-0.98/XS/ImageList.xsp
x Wx-0.98/XS/ItemContainer.xsp
x Wx-0.98/XS/ItemContainerImmutable.xsp
x Wx-0.98/XS/Listbook.xsp
x Wx-0.98/XS/ListBox.xs
x Wx-0.98/XS/ListCtrl.xs
x Wx-0.98/XS/Locale.xs
x Wx-0.98/XS/Log.xs
x Wx-0.98/XS/Menu.xs
x Wx-0.98/XS/MessageDialog.xsp
x Wx-0.98/XS/MimeTypes.xsp
x Wx-0.98/XS/MultiChoiceDialog.xs
x Wx-0.98/XS/Notebook.xs
x Wx-0.98/XS/NotificationMessage.xsp
x Wx-0.98/XS/Overlay.xs
x Wx-0.98/XS/OwnerDrawnComboBox.xsp
x Wx-0.98/XS/Palette.xs
x Wx-0.98/XS/Panel.xs
x Wx-0.98/XS/Pen.xs
x Wx-0.98/XS/PickerCtrl.xsp
x Wx-0.98/XS/PlWindow.xsp
x Wx-0.98/XS/PopupWindow.xsp
x Wx-0.98/XS/Power.xsp
x Wx-0.98/XS/Process.xs
x Wx-0.98/XS/ProgressDialog.xs
x Wx-0.98/XS/PropertySheetDialog.xsp
x Wx-0.98/XS/RadioBox.xs
x Wx-0.98/XS/RadioButton.xs
x Wx-0.98/XS/SashWindow.xs
x Wx-0.98/XS/ScrollBar.xs
x Wx-0.98/XS/ScrolledWindow.xs
x Wx-0.98/XS/SearchCtrl.xsp
x Wx-0.98/XS/SingleChoiceDialog.xs
x Wx-0.98/XS/Sizer.xsp
x Wx-0.98/XS/Slider.xs
x Wx-0.98/XS/Sound.xsp
x Wx-0.98/XS/SpinButton.xs
x Wx-0.98/XS/SpinCtrl.xs
x Wx-0.98/XS/SplitterWindow.xsp
x Wx-0.98/XS/StandardPaths.xsp
x Wx-0.98/XS/StaticBitmap.xs
x Wx-0.98/XS/StaticBox.xs
x Wx-0.98/XS/StaticLine.xs
x Wx-0.98/XS/StaticText.xs
x Wx-0.98/XS/StatusBar.xs
x Wx-0.98/XS/Stream.xs
x Wx-0.98/XS/SVGFileDC.xsp
x Wx-0.98/XS/TaskBarIcon.xs
x Wx-0.98/XS/TextAttr.xsp
x Wx-0.98/XS/TextCtrl.xsp
x Wx-0.98/XS/TextEntryDialog.xs
x Wx-0.98/XS/Timer.xs
x Wx-0.98/XS/ToggleButton.xs
x Wx-0.98/XS/ToolBar.xs
x Wx-0.98/XS/Toolbook.xsp
x Wx-0.98/XS/ToolTip.xs
x Wx-0.98/XS/TopLevelWindow.xsp
x Wx-0.98/XS/Treebook.xsp
x Wx-0.98/XS/TreeCtrl.xs
x Wx-0.98/XS/Utils.xs
x Wx-0.98/XS/Validators.xs
x Wx-0.98/XS/VarHScrollHelper.xsp
x Wx-0.98/XS/VarHVScrollHelper.xsp
x Wx-0.98/XS/Variant.xsp
x Wx-0.98/XS/VarScrollHelperBase.xsp
x Wx-0.98/XS/VarVScrollHelper.xsp
x Wx-0.98/XS/VListBox.xsp
x Wx-0.98/XS/VScrolledWindow.xsp
x Wx-0.98/XS/Wave.xs
x Wx-0.98/XS/Window.xsp
x Wx-0.98/XS/Wizard.xs
x Wx-0.98/t/01_load.t
x Wx-0.98/t/02_inheritance.t
x Wx-0.98/t/03_event.t
x Wx-0.98/t/04_userdata.t
x Wx-0.98/t/05_timer.t
x Wx-0.98/t/06_loadxpm.t
x Wx-0.98/t/07_overload.t
x Wx-0.98/t/08_ovl_func.t
x Wx-0.98/t/09_create_delete.t
x Wx-0.98/t/10_oor.t
x Wx-0.98/t/11_twostage.t
x Wx-0.98/t/12_pod.t
x Wx-0.98/t/13_nbksizer.t
x Wx-0.98/t/14_eh_die.t
x Wx-0.98/t/15_threads.t
x Wx-0.98/t/16_stream.t
x Wx-0.98/t/17_thread_evt.t
x Wx-0.98/t/18_unicode.t
x Wx-0.98/t/19_overlay.t
x Wx-0.98/t/20_ctx_threads.t
x Wx-0.98/t/Tests_Helper.pm
x Wx-0.98/t/zz_distrib.t
x Wx-0.98/script/copy_files.pl
x Wx-0.98/script/fix_alien_path.pl
x Wx-0.98/script/make_exp_list.pl
x Wx-0.98/script/make_ppm.pl
x Wx-0.98/script/make_typemap.pl
x Wx-0.98/script/make_v_cback.pl
x Wx-0.98/script/pipe.pl
x Wx-0.98/script/wxperl_overload
x Wx-0.98/script/wxperl_xspp
x Wx-0.98/samples/dialog/
x Wx-0.98/samples/hello/
x Wx-0.98/samples/minimal/
x Wx-0.98/samples/README.txt
x Wx-0.98/samples/socket/
x Wx-0.98/samples/trivial/
x Wx-0.98/samples/trivial/trivial.pl
x Wx-0.98/samples/socket/wxSocketClient.pl
x Wx-0.98/samples/socket/wxSocketClientDatagram.pl
x Wx-0.98/samples/socket/wxSocketServer.pl
x Wx-0.98/samples/socket/wxSocketServerDatagram.pl
x Wx-0.98/samples/minimal/minimal.pl
x Wx-0.98/samples/hello/hello.pl
x Wx-0.98/samples/dialog/dialog.pl
x Wx-0.98/lib/Wx/
x Wx-0.98/lib/Wx/Api.pod
x Wx-0.98/lib/Wx/App.pm
x Wx-0.98/lib/Wx/ArtProvider.pm
x Wx-0.98/lib/Wx/Event.pm
x Wx-0.98/lib/Wx/Loader.pod
x Wx-0.98/lib/Wx/Locale.pm
x Wx-0.98/lib/Wx/Menu.pm
x Wx-0.98/lib/Wx/Mini.pm
x Wx-0.98/lib/Wx/NewClass.pod
x Wx-0.98/lib/Wx/RadioBox.pm
x Wx-0.98/lib/Wx/Thread.pod
x Wx-0.98/lib/Wx/Timer.pm
x Wx-0.98/interface/wx/
x Wx-0.98/interface/wx/dataview/
x Wx-0.98/interface/wx/generic/
x Wx-0.98/interface/wx/headercol.h
x Wx-0.98/interface/wx/headerctrl.h
x Wx-0.98/interface/wx/infobar.h
x Wx-0.98/interface/wx/generic/spinctrg.h
x Wx-0.98/interface/wx/dataview/dataviewlistctrl.h
x Wx-0.98/interface/wx/dataview/dataviewliststore.h
x Wx-0.98/interface/wx/dataview/dataviewvirtuallistmodel.h
x Wx-0.98/ext/aui/
x Wx-0.98/ext/calendar/
x Wx-0.98/ext/dataview/
x Wx-0.98/ext/datetime/
x Wx-0.98/ext/dnd/
x Wx-0.98/ext/docview/
x Wx-0.98/ext/filesys/
x Wx-0.98/ext/grid/
x Wx-0.98/ext/help/
x Wx-0.98/ext/html/
x Wx-0.98/ext/Makefile.PL
x Wx-0.98/ext/mdi/
x Wx-0.98/ext/media/
x Wx-0.98/ext/pperl/
x Wx-0.98/ext/print/
x Wx-0.98/ext/richtext/
x Wx-0.98/ext/socket/
x Wx-0.98/ext/stc/
x Wx-0.98/ext/xrc/
x Wx-0.98/ext/xrc/cpp/
x Wx-0.98/ext/xrc/lib/
x Wx-0.98/ext/xrc/Makefile.PL
x Wx-0.98/ext/xrc/t/
x Wx-0.98/ext/xrc/typemap
x Wx-0.98/ext/xrc/XRC.xs
x Wx-0.98/ext/xrc/XS/
x Wx-0.98/ext/xrc/XS/XmlDocument.xsp
x Wx-0.98/ext/xrc/XS/XmlNode.xsp
x Wx-0.98/ext/xrc/XS/XmlResource.xs
x Wx-0.98/ext/xrc/XS/XmlResourceHandler.xsp
x Wx-0.98/ext/xrc/XS/XmlSubclassFactory.xsp
x Wx-0.98/ext/xrc/t/01_load.t
x Wx-0.98/ext/xrc/t/03_threads.t
x Wx-0.98/ext/xrc/lib/Wx/
x Wx-0.98/ext/xrc/lib/Wx/XRC.pm
x Wx-0.98/ext/xrc/cpp/xr_constants.cpp
x Wx-0.98/ext/stc/cpp/
x Wx-0.98/ext/stc/lib/
x Wx-0.98/ext/stc/Makefile.PL
x Wx-0.98/ext/stc/STC.xs
x Wx-0.98/ext/stc/t/
x Wx-0.98/ext/stc/typemap
x Wx-0.98/ext/stc/XS/
x Wx-0.98/ext/stc/XS/StyledTextCtrl.xsp
x Wx-0.98/ext/stc/XS/StyledTextEvent.xsp
x Wx-0.98/ext/stc/t/01_load.t
x Wx-0.98/ext/stc/t/02_inheritance.t
x Wx-0.98/ext/stc/lib/Wx/
x Wx-0.98/ext/stc/lib/Wx/STC.pm
x Wx-0.98/ext/stc/cpp/st_constants.cpp
x Wx-0.98/ext/socket/cpp/
x Wx-0.98/ext/socket/lib/
x Wx-0.98/ext/socket/Makefile.PL
x Wx-0.98/ext/socket/Socket.xs
x Wx-0.98/ext/socket/t/
x Wx-0.98/ext/socket/typemap
x Wx-0.98/ext/socket/XS/
x Wx-0.98/ext/socket/XS/DatagramSocket.xsp
x Wx-0.98/ext/socket/XS/SockAddress.xsp
x Wx-0.98/ext/socket/XS/SocketBase.xs
x Wx-0.98/ext/socket/XS/SocketClient.xs
x Wx-0.98/ext/socket/XS/SocketEvent.xs
x Wx-0.98/ext/socket/XS/SocketServer.xs
x Wx-0.98/ext/socket/t/01_load.t
x Wx-0.98/ext/socket/t/02_inheritance.t
x Wx-0.98/ext/socket/t/03_threads.t
x Wx-0.98/ext/socket/lib/Wx/
x Wx-0.98/ext/socket/lib/Wx/Socket.pm
x Wx-0.98/ext/socket/cpp/sk_constants.cpp
x Wx-0.98/ext/socket/cpp/socket.h
x Wx-0.98/ext/richtext/lib/
x Wx-0.98/ext/richtext/Makefile.PL
x Wx-0.98/ext/richtext/RichText.xs
x Wx-0.98/ext/richtext/t/
x Wx-0.98/ext/richtext/typemap
x Wx-0.98/ext/richtext/typemap.xsp
x Wx-0.98/ext/richtext/XS/
x Wx-0.98/ext/richtext/XS/RichTextAttr.xsp
x Wx-0.98/ext/richtext/XS/RichTextBuffer.xsp
x Wx-0.98/ext/richtext/XS/RichTextCtrl.xsp
x Wx-0.98/ext/richtext/XS/RichTextFileHandler.xsp
x Wx-0.98/ext/richtext/XS/RichTextFormattingDialog.xsp
x Wx-0.98/ext/richtext/XS/RichTextPrinting.xsp
x Wx-0.98/ext/richtext/XS/RichTextStyle.xsp
x Wx-0.98/ext/richtext/XS/RichTextStyleCtrl.xsp
x Wx-0.98/ext/richtext/XS/RichTextStyleOrganiserDialog.xsp
x Wx-0.98/ext/richtext/XS/SymbolPickerDialog.xsp
x Wx-0.98/ext/richtext/t/01_load.t
x Wx-0.98/ext/richtext/t/02_inheritance.t
x Wx-0.98/ext/richtext/t/03_threads.t
x Wx-0.98/ext/richtext/lib/Wx/
x Wx-0.98/ext/richtext/lib/Wx/RichText.pm
x Wx-0.98/ext/print/cpp/
x Wx-0.98/ext/print/lib/
x Wx-0.98/ext/print/Makefile.PL
x Wx-0.98/ext/print/Print.xs
x Wx-0.98/ext/print/t/
x Wx-0.98/ext/print/typemap
x Wx-0.98/ext/print/XS/
x Wx-0.98/ext/print/XS/PageSetupDialog.xs
x Wx-0.98/ext/print/XS/PageSetupDialogData.xs
x Wx-0.98/ext/print/XS/Preview.xsp
x Wx-0.98/ext/print/XS/PrintData.xs
x Wx-0.98/ext/print/XS/PrintDialog.xs
x Wx-0.98/ext/print/XS/PrintDialogData.xs
x Wx-0.98/ext/print/XS/Printer.xs
x Wx-0.98/ext/print/XS/PrintFactory.xsp
x Wx-0.98/ext/print/XS/Printout.xs
x Wx-0.98/ext/print/XS/PrintPreview.xs
x Wx-0.98/ext/print/t/01_load.t
x Wx-0.98/ext/print/t/02_inheritance.t
x Wx-0.98/ext/print/t/03_threads.t
x Wx-0.98/ext/print/lib/Wx/
x Wx-0.98/ext/print/lib/Wx/Print.pm
x Wx-0.98/ext/print/cpp/pr_constants.cpp
x Wx-0.98/ext/print/cpp/printout.h
x Wx-0.98/ext/pperl/carp/
x Wx-0.98/ext/pperl/Makefile.PL
x Wx-0.98/ext/pperl/splashfast/
x Wx-0.98/ext/pperl/textval/
x Wx-0.98/ext/pperl/textval/Makefile.PL
x Wx-0.98/ext/pperl/textval/t/
x Wx-0.98/ext/pperl/textval/TextValidator.pm
x Wx-0.98/ext/pperl/textval/t/01_load.t
x Wx-0.98/ext/pperl/splashfast/Makefile.PL
x Wx-0.98/ext/pperl/splashfast/SplashFast.pm
x Wx-0.98/ext/pperl/splashfast/t/
x Wx-0.98/ext/pperl/splashfast/t/01_load.t
x Wx-0.98/ext/pperl/splashfast/t/02_use.t
x Wx-0.98/ext/pperl/splashfast/t/03_new.t
x Wx-0.98/ext/pperl/splashfast/t/04_app.t
x Wx-0.98/ext/pperl/carp/Carp.pm
x Wx-0.98/ext/pperl/carp/Makefile.PL
x Wx-0.98/ext/pperl/carp/t/
x Wx-0.98/ext/pperl/carp/t/01_load.t
x Wx-0.98/ext/media/cpp/
x Wx-0.98/ext/media/lib/
x Wx-0.98/ext/media/Makefile.PL
x Wx-0.98/ext/media/Media.xs
x Wx-0.98/ext/media/t/
x Wx-0.98/ext/media/typemap
x Wx-0.98/ext/media/XS/
x Wx-0.98/ext/media/XS/MediaCtrl.xsp
x Wx-0.98/ext/media/XS/MediaEvent.xsp
x Wx-0.98/ext/media/t/01_load.t
x Wx-0.98/ext/media/t/02_inheritance.t
x Wx-0.98/ext/media/lib/Wx/
x Wx-0.98/ext/media/lib/Wx/Media.pm
x Wx-0.98/ext/media/cpp/me_constants.cpp
x Wx-0.98/ext/mdi/cpp/
x Wx-0.98/ext/mdi/lib/
x Wx-0.98/ext/mdi/Makefile.PL
x Wx-0.98/ext/mdi/MDI.xs
x Wx-0.98/ext/mdi/t/
x Wx-0.98/ext/mdi/typemap
x Wx-0.98/ext/mdi/XS/
x Wx-0.98/ext/mdi/XS/MDIChildFrame.xs
x Wx-0.98/ext/mdi/XS/MDIParentFrame.xs
x Wx-0.98/ext/mdi/t/01_load.t
x Wx-0.98/ext/mdi/t/02_inheritance.t
x Wx-0.98/ext/mdi/lib/Wx/
x Wx-0.98/ext/mdi/lib/Wx/MDI.pm
x Wx-0.98/ext/mdi/cpp/mdi.h
x Wx-0.98/ext/html/cpp/
x Wx-0.98/ext/html/Html.xs
x Wx-0.98/ext/html/lib/
x Wx-0.98/ext/html/Makefile.PL
x Wx-0.98/ext/html/t/
x Wx-0.98/ext/html/typemap
x Wx-0.98/ext/html/typemap.xsp
x Wx-0.98/ext/html/XS/
x Wx-0.98/ext/html/XS/HtmlCell.xsp
x Wx-0.98/ext/html/XS/HtmlDCRenderer.xs
x Wx-0.98/ext/html/XS/HtmlEasyPrinting.xs
x Wx-0.98/ext/html/XS/HtmlHelpController.xs
x Wx-0.98/ext/html/XS/HtmlListBox.xsp
x Wx-0.98/ext/html/XS/HtmlParser.xsp
x Wx-0.98/ext/html/XS/HtmlTag.xsp
x Wx-0.98/ext/html/XS/HtmlTagHandler.xsp
x Wx-0.98/ext/html/XS/HtmlWindow.xsp
x Wx-0.98/ext/html/t/01_load.t
x Wx-0.98/ext/html/t/02_inheritance.t
x Wx-0.98/ext/html/t/03_threads.t
x Wx-0.98/ext/html/t/04_taghandlers.t
x Wx-0.98/ext/html/lib/Wx/
x Wx-0.98/ext/html/lib/Wx/Html.pm
x Wx-0.98/ext/html/cpp/ht_constants.cpp
x Wx-0.98/ext/html/cpp/htmlwindow.h
x Wx-0.98/ext/help/Help.xs
x Wx-0.98/ext/help/lib/
x Wx-0.98/ext/help/Makefile.PL
x Wx-0.98/ext/help/t/
x Wx-0.98/ext/help/typemap
x Wx-0.98/ext/help/XS/
x Wx-0.98/ext/help/XS/ContextHelp.xs
x Wx-0.98/ext/help/XS/HelpController.xs
x Wx-0.98/ext/help/XS/HelpProvider.xs
x Wx-0.98/ext/help/t/01_load.t
x Wx-0.98/ext/help/t/02_inheritance.t
x Wx-0.98/ext/help/t/03_threads.t
x Wx-0.98/ext/help/lib/Wx/
x Wx-0.98/ext/help/lib/Wx/Help.pm
x Wx-0.98/ext/grid/cpp/
x Wx-0.98/ext/grid/Grid.xs
x Wx-0.98/ext/grid/lib/
x Wx-0.98/ext/grid/Makefile.PL
x Wx-0.98/ext/grid/t/
x Wx-0.98/ext/grid/typemap
x Wx-0.98/ext/grid/XS/
x Wx-0.98/ext/grid/XS/Grid.xs
x Wx-0.98/ext/grid/XS/GridCellAttr.xs
x Wx-0.98/ext/grid/XS/GridCellEditor.xs
x Wx-0.98/ext/grid/XS/GridCellRenderer.xs
x Wx-0.98/ext/grid/XS/GridEvent.xs
x Wx-0.98/ext/grid/XS/GridTable.xsp
x Wx-0.98/ext/grid/XS/GridTableMessage.xsp
x Wx-0.98/ext/grid/t/01_load.t
x Wx-0.98/ext/grid/t/02_inheritance.t
x Wx-0.98/ext/grid/t/03_attr.t
x Wx-0.98/ext/grid/t/04_api.t
x Wx-0.98/ext/grid/t/05_threads.t
x Wx-0.98/ext/grid/lib/Wx/
x Wx-0.98/ext/grid/lib/Wx/Grid.pm
x Wx-0.98/ext/grid/cpp/editor.h
x Wx-0.98/ext/grid/cpp/gr_constants.cpp
x Wx-0.98/ext/grid/cpp/renderer.h
x Wx-0.98/ext/filesys/cpp/
x Wx-0.98/ext/filesys/FS.xs
x Wx-0.98/ext/filesys/lib/
x Wx-0.98/ext/filesys/Makefile.PL
x Wx-0.98/ext/filesys/t/
x Wx-0.98/ext/filesys/typemap
x Wx-0.98/ext/filesys/XS/
x Wx-0.98/ext/filesys/XS/FileSystem.xs
x Wx-0.98/ext/filesys/XS/FileSystemHandler.xs
x Wx-0.98/ext/filesys/XS/FSFile.xs
x Wx-0.98/ext/filesys/t/01_load.t
x Wx-0.98/ext/filesys/t/02_inheritance.t
x Wx-0.98/ext/filesys/t/03_threads.t
x Wx-0.98/ext/filesys/lib/Wx/
x Wx-0.98/ext/filesys/lib/Wx/FS.pm
x Wx-0.98/ext/filesys/cpp/fshandler.h
x Wx-0.98/ext/docview/cpp/
x Wx-0.98/ext/docview/DocView.xs
x Wx-0.98/ext/docview/lib/
x Wx-0.98/ext/docview/Makefile.PL
x Wx-0.98/ext/docview/t/
x Wx-0.98/ext/docview/typemap
x Wx-0.98/ext/docview/XS/
x Wx-0.98/ext/docview/XS/CommandProcessor.xsp
x Wx-0.98/ext/docview/XS/DocChildFrame.xs
x Wx-0.98/ext/docview/XS/DocManager.xs
x Wx-0.98/ext/docview/XS/DocMDIChildFrame.xs
x Wx-0.98/ext/docview/XS/DocMDIParentFrame.xs
x Wx-0.98/ext/docview/XS/DocParentFrame.xs
x Wx-0.98/ext/docview/XS/DocTemplate.xs
x Wx-0.98/ext/docview/XS/Document.xs
x Wx-0.98/ext/docview/XS/FileHistory.xs
x Wx-0.98/ext/docview/XS/View.xs
x Wx-0.98/ext/docview/t/01_load.t
x Wx-0.98/ext/docview/t/02_inheritance.t
x Wx-0.98/ext/docview/t/03_threads.t
x Wx-0.98/ext/docview/t/04_cmdproc.t
x Wx-0.98/ext/docview/lib/Wx/
x Wx-0.98/ext/docview/lib/Wx/DocView.pm
x Wx-0.98/ext/docview/cpp/docview.h
x Wx-0.98/ext/docview/cpp/dv_constants.cpp
x Wx-0.98/ext/dnd/cpp/
x Wx-0.98/ext/dnd/DND.xs
x Wx-0.98/ext/dnd/lib/
x Wx-0.98/ext/dnd/Makefile.PL
x Wx-0.98/ext/dnd/t/
x Wx-0.98/ext/dnd/typemap
x Wx-0.98/ext/dnd/XS/
x Wx-0.98/ext/dnd/XS/Clipboard.xs
x Wx-0.98/ext/dnd/XS/DataObject.xs
x Wx-0.98/ext/dnd/XS/DropFiles.xs
x Wx-0.98/ext/dnd/XS/DropSource.xs
x Wx-0.98/ext/dnd/XS/DropTarget.xs
x Wx-0.98/ext/dnd/t/01_load.t
x Wx-0.98/ext/dnd/t/02_inheritance.t
x Wx-0.98/ext/dnd/t/03_pldatabject.t
x Wx-0.98/ext/dnd/t/04_threads.t
x Wx-0.98/ext/dnd/lib/Wx/
x Wx-0.98/ext/dnd/lib/Wx/DND.pm
x Wx-0.98/ext/dnd/lib/Wx/DropSource.pm
x Wx-0.98/ext/dnd/cpp/dataobject.h
x Wx-0.98/ext/dnd/cpp/dn_constants.cpp
x Wx-0.98/ext/dnd/cpp/dropsource.h
x Wx-0.98/ext/dnd/cpp/droptarget.h
x Wx-0.98/ext/datetime/DateTime.pm
x Wx-0.98/ext/datetime/DateTime.xs
x Wx-0.98/ext/datetime/Makefile.PL
x Wx-0.98/ext/datetime/t/
x Wx-0.98/ext/datetime/typemap
x Wx-0.98/ext/datetime/XS/
x Wx-0.98/ext/datetime/XS/DateSpan.xsp
x Wx-0.98/ext/datetime/XS/DateTime.xsp
x Wx-0.98/ext/datetime/XS/TimeSpan.xsp
x Wx-0.98/ext/datetime/t/01_load.t
x Wx-0.98/ext/datetime/t/03_threads.t
x Wx-0.98/ext/dataview/DataView.pm
x Wx-0.98/ext/dataview/DataView.xs
x Wx-0.98/ext/dataview/Makefile.PL
x Wx-0.98/ext/dataview/t/
x Wx-0.98/ext/dataview/typemap
x Wx-0.98/ext/dataview/typemap.xsp
x Wx-0.98/ext/dataview/XS/
x Wx-0.98/ext/dataview/XS/DataViewColumn.xsp
x Wx-0.98/ext/dataview/XS/DataViewCtrl.xsp
x Wx-0.98/ext/dataview/XS/DataViewEvent.xsp
x Wx-0.98/ext/dataview/XS/DataViewIndexListModel.xsp
x Wx-0.98/ext/dataview/XS/DataViewItem.xsp
x Wx-0.98/ext/dataview/XS/DataViewModel.xsp
x Wx-0.98/ext/dataview/XS/DataViewModelNotifier.xsp
x Wx-0.98/ext/dataview/XS/DataViewRenderer.xsp
x Wx-0.98/ext/dataview/XS/DataViewTreeCtrl.xsp
x Wx-0.98/ext/dataview/XS/DataViewTreeStore.xsp
x Wx-0.98/ext/dataview/t/01_load.t
x Wx-0.98/ext/dataview/t/02_inheritance.t
x Wx-0.98/ext/dataview/t/03_threads.t
x Wx-0.98/ext/calendar/Calendar.pm
x Wx-0.98/ext/calendar/Calendar.xs
x Wx-0.98/ext/calendar/Makefile.PL
x Wx-0.98/ext/calendar/t/
x Wx-0.98/ext/calendar/typemap
x Wx-0.98/ext/calendar/XS/
x Wx-0.98/ext/calendar/XS/CalendarCtrl.xsp
x Wx-0.98/ext/calendar/XS/CalendarDateAttr.xsp
x Wx-0.98/ext/calendar/XS/DatePickerCtrl.xsp
x Wx-0.98/ext/calendar/t/01_load.t
x Wx-0.98/ext/calendar/t/02_inheritance.t
x Wx-0.98/ext/calendar/t/03_threads.t
x Wx-0.98/ext/aui/AUI.xs
x Wx-0.98/ext/aui/lib/
x Wx-0.98/ext/aui/Makefile.PL
x Wx-0.98/ext/aui/t/
x Wx-0.98/ext/aui/typemap
x Wx-0.98/ext/aui/typemap.xsp
x Wx-0.98/ext/aui/XS/
x Wx-0.98/ext/aui/XS/AuiManager.xsp
x Wx-0.98/ext/aui/XS/AuiNotebook.xsp
x Wx-0.98/ext/aui/XS/AuiPaneInfo.xsp
x Wx-0.98/ext/aui/t/01_load.t
x Wx-0.98/ext/aui/t/02_inheritance.t
x Wx-0.98/ext/aui/t/03_threads.t
x Wx-0.98/ext/aui/lib/Wx/
x Wx-0.98/ext/aui/lib/Wx/AUI.pm
x Wx-0.98/docs/INSTALL.pod
x Wx-0.98/docs/todo.txt
x Wx-0.98/cpp/app.h
x Wx-0.98/cpp/array_helpers.h
x Wx-0.98/cpp/chkconfig.h
x Wx-0.98/cpp/compat.h
x Wx-0.98/cpp/constants.h
x Wx-0.98/cpp/controls.cpp
x Wx-0.98/cpp/controls.h
x Wx-0.98/cpp/dialog.h
x Wx-0.98/cpp/e_cback.cpp
x Wx-0.98/cpp/e_cback.h
x Wx-0.98/cpp/event.h
x Wx-0.98/cpp/frame.h
x Wx-0.98/cpp/helpers.cpp
x Wx-0.98/cpp/helpers.h
x Wx-0.98/cpp/log.h
x Wx-0.98/cpp/overload.cpp
x Wx-0.98/cpp/overload.h
x Wx-0.98/cpp/panel.h
x Wx-0.98/cpp/process.h
x Wx-0.98/cpp/scrolledwindow.h
x Wx-0.98/cpp/singlechoicedialog.h
x Wx-0.98/cpp/sizer.h
x Wx-0.98/cpp/streams.cpp
x Wx-0.98/cpp/streams.h
x Wx-0.98/cpp/timer.h
x Wx-0.98/cpp/tipprovider.h
x Wx-0.98/cpp/v_cback.cpp
x Wx-0.98/cpp/v_cback.h
x Wx-0.98/cpp/validators.h
x Wx-0.98/cpp/window.h
x Wx-0.98/cpp/wizard.h
x Wx-0.98/cpp/wxapi.h
x Wx-0.98/cpp/wxPerl.osx/
x Wx-0.98/cpp/wxsizer.h
x Wx-0.98/cpp/wxPerl.osx/Info.plist
x Wx-0.98/cpp/wxPerl.osx/main.c
x Wx-0.98/cpp/wxPerl.osx/Makefile
x Wx-0.98/build/Wx/
x Wx-0.98/build/Wx/build/
x Wx-0.98/build/Wx/Overload/
x Wx-0.98/build/Wx/XSP/
x Wx-0.98/build/Wx/XSP/Enum.pm
x Wx-0.98/build/Wx/XSP/Event.pm
x Wx-0.98/build/Wx/XSP/Overload.pm
x Wx-0.98/build/Wx/XSP/Virtual.pm
x Wx-0.98/build/Wx/Overload/Driver.pm
x Wx-0.98/build/Wx/Overload/Handle.pm
x Wx-0.98/build/Wx/build/MakeMaker/
x Wx-0.98/build/Wx/build/MakeMaker.pm
x Wx-0.98/build/Wx/build/Options.pm
x Wx-0.98/build/Wx/build/Utils.pm
x Wx-0.98/build/Wx/build/MakeMaker/Any_OS.pm
x Wx-0.98/build/Wx/build/MakeMaker/Any_wx_config.pm
x Wx-0.98/build/Wx/build/MakeMaker/Core.pm
x Wx-0.98/build/Wx/build/MakeMaker/Hacks.pm
x Wx-0.98/build/Wx/build/MakeMaker/MacOSX_GCC.pm
x Wx-0.98/build/Wx/build/MakeMaker/Win32.pm
x Wx-0.98/build/Wx/build/MakeMaker/Win32_MinGW.pm
x Wx-0.98/build/Wx/build/MakeMaker/Win32_MSVC.pm
CPAN: File::Temp loaded ok (v0.22)

  CPAN.pm: Going to build M/MB/MBARBON/Wx-0.98.tar.gz

Checking if your kit is complete...
Looks good
'WX' is not a known MakeMaker parameter name.
Writing Makefile for Wx::RichText
Writing Makefile for Wx::Print
Writing Makefile for Wx::DateTime
Writing Makefile for Wx::Html
Writing Makefile for Wx::Media
Writing Makefile for Wx::Help
Writing Makefile for Wx::XRC
Writing Makefile for Wx::Grid
Writing Makefile for Wx::STC
Writing Makefile for Wx::AUI
Writing Makefile for Wx::Socket
Writing Makefile for Wx::DND
Writing Makefile for Wx::Calendar
Writing Makefile for Wx::MDI
Writing Makefile for Wx::DocView
Writing Makefile for Wx::FS
Writing Makefile for Wx::Perl::SplashFast
Writing Makefile for Wx::Perl::Carp
Writing Makefile for Wx::Perl::TextValidator
Writing Makefile for Wx::Perl
Writing Makefile for Wx
Writing Makefile for Wx

======================================================================
For installation instructions and further help please see
docs/INSTALL.pod

For command line switches help use:
perl Makefile.PL --help
======================================================================

/usr/bin/perl script/make_v_cback.pl > cpp/v_cback_def.h
/usr/bin/perl script/copy_files.pl files.lst
cp cpp/overload.h blib/lib/Wx/cpp/overload.h
cp cpp/wxapi.h blib/lib/Wx/cpp/wxapi.h
cp cpp/constants.h blib/lib/Wx/cpp/constants.h
cp cpp/helpers.h blib/lib/Wx/cpp/helpers.h
cp cpp/setup.h blib/lib/Wx/cpp/setup.h
cp cpp/v_cback_def.h blib/lib/Wx/cpp/v_cback_def.h
cp cpp/streams.h blib/lib/Wx/cpp/streams.h
cp cpp/chkconfig.h blib/lib/Wx/cpp/chkconfig.h
cp cpp/compat.h blib/lib/Wx/cpp/compat.h
cp Opt blib/arch/Wx/build/Opt.pm
cp cpp/v_cback.h blib/lib/Wx/cpp/v_cback.h
cp cpp/event.h blib/lib/Wx/cpp/event.h
cp typemap blib/lib/Wx/typemap
cp cpp/e_cback.h blib/lib/Wx/cpp/e_cback.h
touch wxt_copy_files
cp lib/Wx/Event.pm blib/lib/Wx/Event.pm
cp build/Wx/build/MakeMaker/Win32_MinGW.pm blib/lib/Wx/build/MakeMaker/Win32_MinGW.pm
cp build/Wx/build/MakeMaker.pm blib/lib/Wx/build/MakeMaker.pm
cp build/Wx/Overload/Driver.pm blib/lib/Wx/Overload/Driver.pm
cp build/Wx/Overload/Handle.pm blib/lib/Wx/Overload/Handle.pm
cp lib/Wx/App.pm blib/lib/Wx/App.pm
cp build/Wx/build/MakeMaker/Hacks.pm blib/lib/Wx/build/MakeMaker/Hacks.pm
cp lib/Wx/Mini.pm blib/lib/Wx/Mini.pm
cp build/Wx/build/MakeMaker/Any_wx_config.pm blib/lib/Wx/build/MakeMaker/Any_wx_config.pm
cp build/Wx/build/MakeMaker/Core.pm blib/lib/Wx/build/MakeMaker/Core.pm
cp lib/Wx/Timer.pm blib/lib/Wx/Timer.pm
cp build/Wx/XSP/Overload.pm blib/lib/Wx/XSP/Overload.pm
cp build/Wx/build/Options.pm blib/lib/Wx/build/Options.pm
cp lib/Wx/Locale.pm blib/lib/Wx/Locale.pm
cp lib/Wx/NewClass.pod blib/lib/Wx/NewClass.pod
cp build/Wx/build/Utils.pm blib/lib/Wx/build/Utils.pm
cp lib/Wx/Api.pod blib/lib/Wx/Api.pod
cp build/Wx/XSP/Enum.pm blib/lib/Wx/XSP/Enum.pm
cp build/Wx/build/MakeMaker/MacOSX_GCC.pm blib/lib/Wx/build/MakeMaker/MacOSX_GCC.pm
cp lib/Wx/Thread.pod blib/lib/Wx/Thread.pod
cp lib/Wx/Loader.pod blib/lib/Wx/Loader.pod
cp lib/Wx/ArtProvider.pm blib/lib/Wx/ArtProvider.pm
cp build/Wx/XSP/Event.pm blib/lib/Wx/XSP/Event.pm
cp build/Wx/build/MakeMaker/Any_OS.pm blib/lib/Wx/build/MakeMaker/Any_OS.pm
cp lib/Wx/RadioBox.pm blib/lib/Wx/RadioBox.pm
cp lib/Wx/Menu.pm blib/lib/Wx/Menu.pm
cp build/Wx/XSP/Virtual.pm blib/lib/Wx/XSP/Virtual.pm
cp Wx.pm blib/lib/Wx.pm
cp build/Wx/build/MakeMaker/Win32.pm blib/lib/Wx/build/MakeMaker/Win32.pm
cp build/Wx/build/MakeMaker/Win32_MSVC.pm blib/lib/Wx/build/MakeMaker/Win32_MSVC.pm
/usr/bin/perl script/wxperl_overload cpp/ovl_const.cpp cpp/ovl_const.h overload.lst
Writing 'cpp/ovl_const.h'.
Writing 'cpp/ovl_const.cpp'.
touch wxt_overload
cp lib/Wx/RichText.pm ../../blib/lib/Wx/RichText.pm
/usr/bin/perl /Library/Perl/Updates/5.10.0/ExtUtils/xsubpp  -noprototypes -nolinenumbers  -typemap /System/Library/Perl/5.10.0/ExtUtils/typemap -typemap ../../typemap -typemap typemap  RichText.xs > RichText.xsc && mv RichText.xsc RichText.c
g++ -UWX_PRECOMP   -c  -I. -I../.. -I/usr/lib/wx/include/mac-unicode-debug-2.8 -I/usr/include/wx-2.8  -arch x86_64 -arch i386 -arch ppc -g -pipe -fno-common -DPERL_DARWIN -fno-strict-aliasing -I/usr/local/include    -DVERSION=\"0.01\" -DXS_VERSION=\"0.01\"  "-I/System/Library/Perl/5.10.0/darwin-thread-multi-2level/CORE"  -DWXPL_EXT -D_FILE_OFFSET_BITS=64 -D_LARGE_FILES -D__WXDEBUG__ -D__WXMAC__   RichText.c
Running Mkbootstrap for Wx::RichText ()
chmod 644 RichText.bs
rm -f ../../blib/arch/auto/Wx/RichText/RichText.bundle
LD_RUN_PATH="/usr/lib" g++  -arch x86_64 -arch i386 -arch ppc -bundle -undefined dynamic_lookup  RichText.o  -o ../../blib/arch/auto/Wx/RichText/RichText.bundle 	\
	   -lwx_macud-2.8  	\
	  
ld: warning: in /usr/lib/libwx_macud-2.8.dylib, missing required architecture x86_64 in file
chmod 755 ../../blib/arch/auto/Wx/RichText/RichText.bundle
cp RichText.bs ../../blib/arch/auto/Wx/RichText/RichText.bs
chmod 644 ../../blib/arch/auto/Wx/RichText/RichText.bs
cp lib/Wx/Print.pm ../../blib/lib/Wx/Print.pm
/usr/bin/perl /Library/Perl/Updates/5.10.0/ExtUtils/xsubpp  -noprototypes -nolinenumbers  -typemap /System/Library/Perl/5.10.0/ExtUtils/typemap -typemap ../../typemap -typemap typemap  Print.xs > Print.xsc && mv Print.xsc Print.c
g++ -UWX_PRECOMP   -c  -I. -I../.. -I/usr/lib/wx/include/mac-unicode-debug-2.8 -I/usr/include/wx-2.8  -arch x86_64 -arch i386 -arch ppc -g -pipe -fno-common -DPERL_DARWIN -fno-strict-aliasing -I/usr/local/include    -DVERSION=\"0.01\" -DXS_VERSION=\"0.01\"  "-I/System/Library/Perl/5.10.0/darwin-thread-multi-2level/CORE"  -DWXPL_EXT -D_FILE_OFFSET_BITS=64 -D_LARGE_FILES -D__WXDEBUG__ -D__WXMAC__   Print.c
Running Mkbootstrap for Wx::Print ()
chmod 644 Print.bs
rm -f ../../blib/arch/auto/Wx/Print/Print.bundle
LD_RUN_PATH="/usr/lib" g++  -arch x86_64 -arch i386 -arch ppc -bundle -undefined dynamic_lookup  Print.o  -o ../../blib/arch/auto/Wx/Print/Print.bundle 	\
	   -lwx_macud-2.8  	\
	  
ld: warning: in /usr/lib/libwx_macud-2.8.dylib, missing required architecture x86_64 in file
chmod 755 ../../blib/arch/auto/Wx/Print/Print.bundle
cp Print.bs ../../blib/arch/auto/Wx/Print/Print.bs
chmod 644 ../../blib/arch/auto/Wx/Print/Print.bs
cp DateTime.pm ../../blib/lib/Wx/DateTime.pm
/usr/bin/perl /Library/Perl/Updates/5.10.0/ExtUtils/xsubpp  -noprototypes -nolinenumbers  -typemap /System/Library/Perl/5.10.0/ExtUtils/typemap -typemap ../../typemap -typemap typemap  DateTime.xs > DateTime.xsc && mv DateTime.xsc DateTime.c
g++ -UWX_PRECOMP   -c  -I. -I../.. -I/usr/lib/wx/include/mac-unicode-debug-2.8 -I/usr/include/wx-2.8  -arch x86_64 -arch i386 -arch ppc -g -pipe -fno-common -DPERL_DARWIN -fno-strict-aliasing -I/usr/local/include    -DVERSION=\"0.01\" -DXS_VERSION=\"0.01\"  "-I/System/Library/Perl/5.10.0/darwin-thread-multi-2level/CORE"  -DWXPL_EXT -D_FILE_OFFSET_BITS=64 -D_LARGE_FILES -D__WXDEBUG__ -D__WXMAC__   DateTime.c
Running Mkbootstrap for Wx::DateTime ()
chmod 644 DateTime.bs
rm -f ../../blib/arch/auto/Wx/DateTime/DateTime.bundle
LD_RUN_PATH="/usr/lib" g++  -arch x86_64 -arch i386 -arch ppc -bundle -undefined dynamic_lookup  DateTime.o  -o ../../blib/arch/auto/Wx/DateTime/DateTime.bundle 	\
	   -lwx_macud-2.8  	\
	  
ld: warning: in /usr/lib/libwx_macud-2.8.dylib, missing required architecture x86_64 in file
chmod 755 ../../blib/arch/auto/Wx/DateTime/DateTime.bundle
cp DateTime.bs ../../blib/arch/auto/Wx/DateTime/DateTime.bs
chmod 644 ../../blib/arch/auto/Wx/DateTime/DateTime.bs
cp lib/Wx/Html.pm ../../blib/lib/Wx/Html.pm
/usr/bin/perl /Library/Perl/Updates/5.10.0/ExtUtils/xsubpp  -noprototypes -nolinenumbers  -typemap /System/Library/Perl/5.10.0/ExtUtils/typemap -typemap ../../typemap -typemap typemap  Html.xs > Html.xsc && mv Html.xsc Html.c
g++ -UWX_PRECOMP   -c  -I. -I../.. -I/usr/lib/wx/include/mac-unicode-debug-2.8 -I/usr/include/wx-2.8  -arch x86_64 -arch i386 -arch ppc -g -pipe -fno-common -DPERL_DARWIN -fno-strict-aliasing -I/usr/local/include    -DVERSION=\"0.01\" -DXS_VERSION=\"0.01\"  "-I/System/Library/Perl/5.10.0/darwin-thread-multi-2level/CORE"  -DWXPL_EXT -D_FILE_OFFSET_BITS=64 -D_LARGE_FILES -D__WXDEBUG__ -D__WXMAC__   Html.c
Running Mkbootstrap for Wx::Html ()
chmod 644 Html.bs
rm -f ../../blib/arch/auto/Wx/Html/Html.bundle
LD_RUN_PATH="/usr/lib" g++  -arch x86_64 -arch i386 -arch ppc -bundle -undefined dynamic_lookup  Html.o  -o ../../blib/arch/auto/Wx/Html/Html.bundle 	\
	   -lwx_macud-2.8  	\
	  
ld: warning: in /usr/lib/libwx_macud-2.8.dylib, missing required architecture x86_64 in file
chmod 755 ../../blib/arch/auto/Wx/Html/Html.bundle
cp Html.bs ../../blib/arch/auto/Wx/Html/Html.bs
chmod 644 ../../blib/arch/auto/Wx/Html/Html.bs
cp lib/Wx/Media.pm ../../blib/lib/Wx/Media.pm
/usr/bin/perl /Library/Perl/Updates/5.10.0/ExtUtils/xsubpp  -noprototypes -nolinenumbers  -typemap /System/Library/Perl/5.10.0/ExtUtils/typemap -typemap ../../typemap -typemap typemap  Media.xs > Media.xsc && mv Media.xsc Media.c
g++ -UWX_PRECOMP   -c  -I. -I../.. -I/usr/lib/wx/include/mac-unicode-debug-2.8 -I/usr/include/wx-2.8  -arch x86_64 -arch i386 -arch ppc -g -pipe -fno-common -DPERL_DARWIN -fno-strict-aliasing -I/usr/local/include    -DVERSION=\"0.01\" -DXS_VERSION=\"0.01\"  "-I/System/Library/Perl/5.10.0/darwin-thread-multi-2level/CORE"  -DWXPL_EXT -D_FILE_OFFSET_BITS=64 -D_LARGE_FILES -D__WXDEBUG__ -D__WXMAC__   Media.c
Running Mkbootstrap for Wx::Media ()
chmod 644 Media.bs
rm -f ../../blib/arch/auto/Wx/Media/Media.bundle
LD_RUN_PATH="/usr/lib" g++  -arch x86_64 -arch i386 -arch ppc -bundle -undefined dynamic_lookup  Media.o  -o ../../blib/arch/auto/Wx/Media/Media.bundle 	\
	   -lwx_macud-2.8  	\
	  
ld: warning: in /usr/lib/libwx_macud-2.8.dylib, missing required architecture x86_64 in file
chmod 755 ../../blib/arch/auto/Wx/Media/Media.bundle
cp Media.bs ../../blib/arch/auto/Wx/Media/Media.bs
chmod 644 ../../blib/arch/auto/Wx/Media/Media.bs
cp lib/Wx/Help.pm ../../blib/lib/Wx/Help.pm
/usr/bin/perl /Library/Perl/Updates/5.10.0/ExtUtils/xsubpp  -noprototypes -nolinenumbers  -typemap /System/Library/Perl/5.10.0/ExtUtils/typemap -typemap ../../typemap -typemap typemap  Help.xs > Help.xsc && mv Help.xsc Help.c
g++ -UWX_PRECOMP   -c  -I. -I../.. -I/usr/lib/wx/include/mac-unicode-debug-2.8 -I/usr/include/wx-2.8  -arch x86_64 -arch i386 -arch ppc -g -pipe -fno-common -DPERL_DARWIN -fno-strict-aliasing -I/usr/local/include    -DVERSION=\"0.01\" -DXS_VERSION=\"0.01\"  "-I/System/Library/Perl/5.10.0/darwin-thread-multi-2level/CORE"  -DWXPL_EXT -D_FILE_OFFSET_BITS=64 -D_LARGE_FILES -D__WXDEBUG__ -D__WXMAC__   Help.c
Running Mkbootstrap for Wx::Help ()
chmod 644 Help.bs
rm -f ../../blib/arch/auto/Wx/Help/Help.bundle
LD_RUN_PATH="/usr/lib" g++  -arch x86_64 -arch i386 -arch ppc -bundle -undefined dynamic_lookup  Help.o  -o ../../blib/arch/auto/Wx/Help/Help.bundle 	\
	   -lwx_macud-2.8  	\
	  
ld: warning: in /usr/lib/libwx_macud-2.8.dylib, missing required architecture x86_64 in file
chmod 755 ../../blib/arch/auto/Wx/Help/Help.bundle
cp Help.bs ../../blib/arch/auto/Wx/Help/Help.bs
chmod 644 ../../blib/arch/auto/Wx/Help/Help.bs
cp lib/Wx/XRC.pm ../../blib/lib/Wx/XRC.pm
/usr/bin/perl /Library/Perl/Updates/5.10.0/ExtUtils/xsubpp  -noprototypes -nolinenumbers  -typemap /System/Library/Perl/5.10.0/ExtUtils/typemap -typemap ../../typemap -typemap typemap  XRC.xs > XRC.xsc && mv XRC.xsc XRC.c
g++ -UWX_PRECOMP   -c  -I. -I../.. -I/usr/lib/wx/include/mac-unicode-debug-2.8 -I/usr/include/wx-2.8  -arch x86_64 -arch i386 -arch ppc -g -pipe -fno-common -DPERL_DARWIN -fno-strict-aliasing -I/usr/local/include    -DVERSION=\"0.01\" -DXS_VERSION=\"0.01\"  "-I/System/Library/Perl/5.10.0/darwin-thread-multi-2level/CORE"  -DWXPL_EXT -D_FILE_OFFSET_BITS=64 -D_LARGE_FILES -D__WXDEBUG__ -D__WXMAC__   XRC.c
Running Mkbootstrap for Wx::XRC ()
chmod 644 XRC.bs
rm -f ../../blib/arch/auto/Wx/XRC/XRC.bundle
LD_RUN_PATH="/usr/lib" g++  -arch x86_64 -arch i386 -arch ppc -bundle -undefined dynamic_lookup  XRC.o  -o ../../blib/arch/auto/Wx/XRC/XRC.bundle 	\
	   -lwx_macud-2.8  	\
	  
ld: warning: in /usr/lib/libwx_macud-2.8.dylib, missing required architecture x86_64 in file
chmod 755 ../../blib/arch/auto/Wx/XRC/XRC.bundle
cp XRC.bs ../../blib/arch/auto/Wx/XRC/XRC.bs
chmod 644 ../../blib/arch/auto/Wx/XRC/XRC.bs
make[2]: Nothing to be done for `all'.
cp lib/Wx/Grid.pm ../../blib/lib/Wx/Grid.pm
/usr/bin/perl /Library/Perl/Updates/5.10.0/ExtUtils/xsubpp  -noprototypes -nolinenumbers  -typemap /System/Library/Perl/5.10.0/ExtUtils/typemap -typemap ../../typemap -typemap typemap  Grid.xs > Grid.xsc && mv Grid.xsc Grid.c
g++ -UWX_PRECOMP   -c  -I. -I../.. -I/usr/lib/wx/include/mac-unicode-debug-2.8 -I/usr/include/wx-2.8  -arch x86_64 -arch i386 -arch ppc -g -pipe -fno-common -DPERL_DARWIN -fno-strict-aliasing -I/usr/local/include    -DVERSION=\"0.01\" -DXS_VERSION=\"0.01\"  "-I/System/Library/Perl/5.10.0/darwin-thread-multi-2level/CORE"  -DWXPL_EXT -D_FILE_OFFSET_BITS=64 -D_LARGE_FILES -D__WXDEBUG__ -D__WXMAC__   Grid.c
Running Mkbootstrap for Wx::Grid ()
chmod 644 Grid.bs
rm -f ../../blib/arch/auto/Wx/Grid/Grid.bundle
LD_RUN_PATH="/usr/lib" g++  -arch x86_64 -arch i386 -arch ppc -bundle -undefined dynamic_lookup  Grid.o  -o ../../blib/arch/auto/Wx/Grid/Grid.bundle 	\
	   -lwx_macud-2.8  	\
	  
ld: warning: in /usr/lib/libwx_macud-2.8.dylib, missing required architecture x86_64 in file
chmod 755 ../../blib/arch/auto/Wx/Grid/Grid.bundle
cp Grid.bs ../../blib/arch/auto/Wx/Grid/Grid.bs
chmod 644 ../../blib/arch/auto/Wx/Grid/Grid.bs
cp lib/Wx/STC.pm ../../blib/lib/Wx/STC.pm
/usr/bin/perl /Library/Perl/Updates/5.10.0/ExtUtils/xsubpp  -noprototypes -nolinenumbers  -typemap /System/Library/Perl/5.10.0/ExtUtils/typemap -typemap ../../typemap -typemap typemap  STC.xs > STC.xsc && mv STC.xsc STC.c
g++ -UWX_PRECOMP   -c  -I. -I../.. -I/usr/lib/wx/include/mac-unicode-debug-2.8 -I/usr/include/wx-2.8  -arch x86_64 -arch i386 -arch ppc -g -pipe -fno-common -DPERL_DARWIN -fno-strict-aliasing -I/usr/local/include    -DVERSION=\"0.01\" -DXS_VERSION=\"0.01\"  "-I/System/Library/Perl/5.10.0/darwin-thread-multi-2level/CORE"  -DWXPL_EXT -D_FILE_OFFSET_BITS=64 -D_LARGE_FILES -D__WXDEBUG__ -D__WXMAC__   STC.c
Running Mkbootstrap for Wx::STC ()
chmod 644 STC.bs
rm -f ../../blib/arch/auto/Wx/STC/STC.bundle
LD_RUN_PATH="/usr/lib" g++  -arch x86_64 -arch i386 -arch ppc -bundle -undefined dynamic_lookup  STC.o  -o ../../blib/arch/auto/Wx/STC/STC.bundle 	\
	   -lwx_macud_stc-2.8 -lwx_macud-2.8  	\
	  
ld: warning: in /usr/lib/libwx_macud_stc-2.8.dylib, missing required architecture x86_64 in file
ld: warning: in /usr/lib/libwx_macud-2.8.dylib, missing required architecture x86_64 in file
chmod 755 ../../blib/arch/auto/Wx/STC/STC.bundle
cp STC.bs ../../blib/arch/auto/Wx/STC/STC.bs
chmod 644 ../../blib/arch/auto/Wx/STC/STC.bs
cp lib/Wx/AUI.pm ../../blib/lib/Wx/AUI.pm
/usr/bin/perl /Library/Perl/Updates/5.10.0/ExtUtils/xsubpp  -noprototypes -nolinenumbers  -typemap /System/Library/Perl/5.10.0/ExtUtils/typemap -typemap ../../typemap -typemap typemap  AUI.xs > AUI.xsc && mv AUI.xsc AUI.c
g++ -UWX_PRECOMP   -c  -I. -I../.. -I/usr/lib/wx/include/mac-unicode-debug-2.8 -I/usr/include/wx-2.8  -arch x86_64 -arch i386 -arch ppc -g -pipe -fno-common -DPERL_DARWIN -fno-strict-aliasing -I/usr/local/include    -DVERSION=\"0.01\" -DXS_VERSION=\"0.01\"  "-I/System/Library/Perl/5.10.0/darwin-thread-multi-2level/CORE"  -DWXPL_EXT -D_FILE_OFFSET_BITS=64 -D_LARGE_FILES -D__WXDEBUG__ -D__WXMAC__   AUI.c
Running Mkbootstrap for Wx::AUI ()
chmod 644 AUI.bs
rm -f ../../blib/arch/auto/Wx/AUI/AUI.bundle
LD_RUN_PATH="/usr/lib" g++  -arch x86_64 -arch i386 -arch ppc -bundle -undefined dynamic_lookup  AUI.o  -o ../../blib/arch/auto/Wx/AUI/AUI.bundle 	\
	   -lwx_macud-2.8  	\
	  
ld: warning: in /usr/lib/libwx_macud-2.8.dylib, missing required architecture x86_64 in file
chmod 755 ../../blib/arch/auto/Wx/AUI/AUI.bundle
cp AUI.bs ../../blib/arch/auto/Wx/AUI/AUI.bs
chmod 644 ../../blib/arch/auto/Wx/AUI/AUI.bs
cp lib/Wx/Socket.pm ../../blib/lib/Wx/Socket.pm
/usr/bin/perl /Library/Perl/Updates/5.10.0/ExtUtils/xsubpp  -noprototypes -nolinenumbers  -typemap /System/Library/Perl/5.10.0/ExtUtils/typemap -typemap ../../typemap -typemap typemap  Socket.xs > Socket.xsc && mv Socket.xsc Socket.c
g++ -UWX_PRECOMP   -c  -I. -I../.. -I/usr/lib/wx/include/mac-unicode-debug-2.8 -I/usr/include/wx-2.8  -arch x86_64 -arch i386 -arch ppc -g -pipe -fno-common -DPERL_DARWIN -fno-strict-aliasing -I/usr/local/include    -DVERSION=\"0.01\" -DXS_VERSION=\"0.01\"  "-I/System/Library/Perl/5.10.0/darwin-thread-multi-2level/CORE"  -DWXPL_EXT -D_FILE_OFFSET_BITS=64 -D_LARGE_FILES -D__WXDEBUG__ -D__WXMAC__   Socket.c
Running Mkbootstrap for Wx::Socket ()
chmod 644 Socket.bs
rm -f ../../blib/arch/auto/Wx/Socket/Socket.bundle
LD_RUN_PATH="/usr/lib" g++  -arch x86_64 -arch i386 -arch ppc -bundle -undefined dynamic_lookup  Socket.o  -o ../../blib/arch/auto/Wx/Socket/Socket.bundle 	\
	   -lwx_macud-2.8  	\
	  
ld: warning: in /usr/lib/libwx_macud-2.8.dylib, missing required architecture x86_64 in file
chmod 755 ../../blib/arch/auto/Wx/Socket/Socket.bundle
cp Socket.bs ../../blib/arch/auto/Wx/Socket/Socket.bs
chmod 644 ../../blib/arch/auto/Wx/Socket/Socket.bs
Manifying ../../blib/man3/Wx::Socket.3pm
cp lib/Wx/DND.pm ../../blib/lib/Wx/DND.pm
cp lib/Wx/DropSource.pm ../../blib/lib/Wx/DropSource.pm
/usr/bin/perl /Library/Perl/Updates/5.10.0/ExtUtils/xsubpp  -noprototypes -nolinenumbers  -typemap /System/Library/Perl/5.10.0/ExtUtils/typemap -typemap ../../typemap -typemap typemap  DND.xs > DND.xsc && mv DND.xsc DND.c
g++ -UWX_PRECOMP   -c  -I. -I../.. -I/usr/lib/wx/include/mac-unicode-debug-2.8 -I/usr/include/wx-2.8  -arch x86_64 -arch i386 -arch ppc -g -pipe -fno-common -DPERL_DARWIN -fno-strict-aliasing -I/usr/local/include    -DVERSION=\"0.01\" -DXS_VERSION=\"0.01\"  "-I/System/Library/Perl/5.10.0/darwin-thread-multi-2level/CORE"  -DWXPL_EXT -D_FILE_OFFSET_BITS=64 -D_LARGE_FILES -D__WXDEBUG__ -D__WXMAC__   DND.c
Running Mkbootstrap for Wx::DND ()
chmod 644 DND.bs
rm -f ../../blib/arch/auto/Wx/DND/DND.bundle
LD_RUN_PATH="/usr/lib" g++  -arch x86_64 -arch i386 -arch ppc -bundle -undefined dynamic_lookup  DND.o  -o ../../blib/arch/auto/Wx/DND/DND.bundle 	\
	   -lwx_macud-2.8  	\
	  
ld: warning: in /usr/lib/libwx_macud-2.8.dylib, missing required architecture x86_64 in file
chmod 755 ../../blib/arch/auto/Wx/DND/DND.bundle
cp DND.bs ../../blib/arch/auto/Wx/DND/DND.bs
chmod 644 ../../blib/arch/auto/Wx/DND/DND.bs
cp Calendar.pm ../../blib/lib/Wx/Calendar.pm
/usr/bin/perl /Library/Perl/Updates/5.10.0/ExtUtils/xsubpp  -noprototypes -nolinenumbers  -typemap /System/Library/Perl/5.10.0/ExtUtils/typemap -typemap ../../typemap -typemap typemap  Calendar.xs > Calendar.xsc && mv Calendar.xsc Calendar.c
g++ -UWX_PRECOMP   -c  -I. -I../.. -I/usr/lib/wx/include/mac-unicode-debug-2.8 -I/usr/include/wx-2.8  -arch x86_64 -arch i386 -arch ppc -g -pipe -fno-common -DPERL_DARWIN -fno-strict-aliasing -I/usr/local/include    -DVERSION=\"0.01\" -DXS_VERSION=\"0.01\"  "-I/System/Library/Perl/5.10.0/darwin-thread-multi-2level/CORE"  -DWXPL_EXT -D_FILE_OFFSET_BITS=64 -D_LARGE_FILES -D__WXDEBUG__ -D__WXMAC__   Calendar.c
Running Mkbootstrap for Wx::Calendar ()
chmod 644 Calendar.bs
rm -f ../../blib/arch/auto/Wx/Calendar/Calendar.bundle
LD_RUN_PATH="/usr/lib" g++  -arch x86_64 -arch i386 -arch ppc -bundle -undefined dynamic_lookup  Calendar.o  -o ../../blib/arch/auto/Wx/Calendar/Calendar.bundle 	\
	   -lwx_macud-2.8  	\
	  
ld: warning: in /usr/lib/libwx_macud-2.8.dylib, missing required architecture x86_64 in file
chmod 755 ../../blib/arch/auto/Wx/Calendar/Calendar.bundle
cp Calendar.bs ../../blib/arch/auto/Wx/Calendar/Calendar.bs
chmod 644 ../../blib/arch/auto/Wx/Calendar/Calendar.bs
cp lib/Wx/MDI.pm ../../blib/lib/Wx/MDI.pm
/usr/bin/perl /Library/Perl/Updates/5.10.0/ExtUtils/xsubpp  -noprototypes -nolinenumbers  -typemap /System/Library/Perl/5.10.0/ExtUtils/typemap -typemap ../../typemap -typemap typemap  MDI.xs > MDI.xsc && mv MDI.xsc MDI.c
g++ -UWX_PRECOMP   -c  -I. -I../.. -I/usr/lib/wx/include/mac-unicode-debug-2.8 -I/usr/include/wx-2.8  -arch x86_64 -arch i386 -arch ppc -g -pipe -fno-common -DPERL_DARWIN -fno-strict-aliasing -I/usr/local/include    -DVERSION=\"0.01\" -DXS_VERSION=\"0.01\"  "-I/System/Library/Perl/5.10.0/darwin-thread-multi-2level/CORE"  -DWXPL_EXT -D_FILE_OFFSET_BITS=64 -D_LARGE_FILES -D__WXDEBUG__ -D__WXMAC__   MDI.c
Running Mkbootstrap for Wx::MDI ()
chmod 644 MDI.bs
rm -f ../../blib/arch/auto/Wx/MDI/MDI.bundle
LD_RUN_PATH="/usr/lib" g++  -arch x86_64 -arch i386 -arch ppc -bundle -undefined dynamic_lookup  MDI.o  -o ../../blib/arch/auto/Wx/MDI/MDI.bundle 	\
	   -lwx_macud-2.8  	\
	  
ld: warning: in /usr/lib/libwx_macud-2.8.dylib, missing required architecture x86_64 in file
chmod 755 ../../blib/arch/auto/Wx/MDI/MDI.bundle
cp MDI.bs ../../blib/arch/auto/Wx/MDI/MDI.bs
chmod 644 ../../blib/arch/auto/Wx/MDI/MDI.bs
cp lib/Wx/DocView.pm ../../blib/lib/Wx/DocView.pm
/usr/bin/perl /Library/Perl/Updates/5.10.0/ExtUtils/xsubpp  -noprototypes -nolinenumbers  -typemap /System/Library/Perl/5.10.0/ExtUtils/typemap -typemap ../../typemap -typemap typemap  DocView.xs > DocView.xsc && mv DocView.xsc DocView.c
g++ -UWX_PRECOMP   -c  -I. -I../.. -I/usr/lib/wx/include/mac-unicode-debug-2.8 -I/usr/include/wx-2.8  -arch x86_64 -arch i386 -arch ppc -g -pipe -fno-common -DPERL_DARWIN -fno-strict-aliasing -I/usr/local/include    -DVERSION=\"0.01\" -DXS_VERSION=\"0.01\"  "-I/System/Library/Perl/5.10.0/darwin-thread-multi-2level/CORE"  -DWXPL_EXT -D_FILE_OFFSET_BITS=64 -D_LARGE_FILES -D__WXDEBUG__ -D__WXMAC__   DocView.c
Running Mkbootstrap for Wx::DocView ()
chmod 644 DocView.bs
rm -f ../../blib/arch/auto/Wx/DocView/DocView.bundle
LD_RUN_PATH="/usr/lib" g++  -arch x86_64 -arch i386 -arch ppc -bundle -undefined dynamic_lookup  DocView.o  -o ../../blib/arch/auto/Wx/DocView/DocView.bundle 	\
	   -lwx_macud-2.8  	\
	  
ld: warning: in /usr/lib/libwx_macud-2.8.dylib, missing required architecture x86_64 in file
chmod 755 ../../blib/arch/auto/Wx/DocView/DocView.bundle
cp DocView.bs ../../blib/arch/auto/Wx/DocView/DocView.bs
chmod 644 ../../blib/arch/auto/Wx/DocView/DocView.bs
cp lib/Wx/FS.pm ../../blib/lib/Wx/FS.pm
/usr/bin/perl /Library/Perl/Updates/5.10.0/ExtUtils/xsubpp  -noprototypes -nolinenumbers  -typemap /System/Library/Perl/5.10.0/ExtUtils/typemap -typemap ../../typemap -typemap typemap  FS.xs > FS.xsc && mv FS.xsc FS.c
g++ -UWX_PRECOMP   -c  -I. -I../.. -I/usr/lib/wx/include/mac-unicode-debug-2.8 -I/usr/include/wx-2.8  -arch x86_64 -arch i386 -arch ppc -g -pipe -fno-common -DPERL_DARWIN -fno-strict-aliasing -I/usr/local/include    -DVERSION=\"0.01\" -DXS_VERSION=\"0.01\"  "-I/System/Library/Perl/5.10.0/darwin-thread-multi-2level/CORE"  -DWXPL_EXT -D_FILE_OFFSET_BITS=64 -D_LARGE_FILES -D__WXDEBUG__ -D__WXMAC__   FS.c
Running Mkbootstrap for Wx::FS ()
chmod 644 FS.bs
rm -f ../../blib/arch/auto/Wx/FS/FS.bundle
LD_RUN_PATH="/usr/lib" g++  -arch x86_64 -arch i386 -arch ppc -bundle -undefined dynamic_lookup  FS.o  -o ../../blib/arch/auto/Wx/FS/FS.bundle 	\
	   -lwx_macud-2.8  	\
	  
ld: warning: in /usr/lib/libwx_macud-2.8.dylib, missing required architecture x86_64 in file
chmod 755 ../../blib/arch/auto/Wx/FS/FS.bundle
cp FS.bs ../../blib/arch/auto/Wx/FS/FS.bs
chmod 644 ../../blib/arch/auto/Wx/FS/FS.bs
cp SplashFast.pm ../../../blib/lib/Wx/Perl/SplashFast.pm
Manifying ../../../blib/man3/Wx::Perl::SplashFast.3pm
cp Carp.pm ../../../blib/lib/Wx/Perl/Carp.pm
Manifying ../../../blib/man3/Wx::Perl::Carp.3pm
cp TextValidator.pm ../../../blib/lib/Wx/Perl/TextValidator.pm
Manifying ../../../blib/man3/Wx::Perl::TextValidator.3pm
/usr/bin/perl /Library/Perl/Updates/5.10.0/ExtUtils/xsubpp  -nolinenumbers -noprototypes  -typemap /System/Library/Perl/5.10.0/ExtUtils/typemap -typemap typemap  Wx.xs > Wx.xsc && mv Wx.xsc Wx.c
g++ -UWX_PRECOMP   -c  -I. -I. -I/usr/lib/wx/include/mac-unicode-debug-2.8 -I/usr/include/wx-2.8  -arch x86_64 -arch i386 -arch ppc -g -pipe -fno-common -DPERL_DARWIN -fno-strict-aliasing -I/usr/local/include    -DVERSION=\"0.98\" -DXS_VERSION=\"0.98\"  "-I/System/Library/Perl/5.10.0/darwin-thread-multi-2level/CORE"  -D_FILE_OFFSET_BITS=64 -D_LARGE_FILES -D__WXDEBUG__ -D__WXMAC__   Wx.c
Wx.c: In function ‘void XS_Wx__InputStream_READ(PerlInterpreter*, CV*)’:
Wx.c:3844: warning: format not a string literal and no format arguments
Wx.c: In function ‘void XS_Wx__InputStream_READ(PerlInterpreter*, CV*)’:
Wx.c:3844: warning: format not a string literal and no format arguments
Wx.c: In function ‘void XS_Wx__InputStream_READ(PerlInterpreter*, CV*)’:
Wx.c:3844: warning: format not a string literal and no format arguments
/usr/bin/perl /Library/Perl/Updates/5.10.0/ExtUtils/xsubpp  -nolinenumbers -noprototypes  -typemap /System/Library/Perl/5.10.0/ExtUtils/typemap -typemap typemap  Constant.xs > Constant.xsc && mv Constant.xsc Constant.c
g++ -UWX_PRECOMP   -c  -I. -I. -I/usr/lib/wx/include/mac-unicode-debug-2.8 -I/usr/include/wx-2.8  -arch x86_64 -arch i386 -arch ppc -g -pipe -fno-common -DPERL_DARWIN -fno-strict-aliasing -I/usr/local/include    -DVERSION=\"0.98\" -DXS_VERSION=\"0.98\"  "-I/System/Library/Perl/5.10.0/darwin-thread-multi-2level/CORE"  -D_FILE_OFFSET_BITS=64 -D_LARGE_FILES -D__WXDEBUG__ -D__WXMAC__   Constant.c
/usr/bin/perl -MExtUtils::XSpp::Cmd -e xspp -- -t typemap.xsp XS/ItemContainer.xsp > XS/ItemContainer.xs
/usr/bin/perl -MExtUtils::XSpp::Cmd -e xspp -- -t typemap.xsp XS/ItemContainerImmutable.xsp > XS/ItemContainerImmutable.xs
/usr/bin/perl /Library/Perl/Updates/5.10.0/ExtUtils/xsubpp  -nolinenumbers -noprototypes  -typemap /System/Library/Perl/5.10.0/ExtUtils/typemap -typemap typemap  Controls.xs > Controls.xsc && mv Controls.xsc Controls.c
Warning: duplicate function definition 'SetSelection' detected in XS/ComboBox.xs, line 174
g++ -UWX_PRECOMP   -c  -I. -I. -I/usr/lib/wx/include/mac-unicode-debug-2.8 -I/usr/include/wx-2.8  -arch x86_64 -arch i386 -arch ppc -g -pipe -fno-common -DPERL_DARWIN -fno-strict-aliasing -I/usr/local/include    -DVERSION=\"0.98\" -DXS_VERSION=\"0.98\"  "-I/System/Library/Perl/5.10.0/darwin-thread-multi-2level/CORE"  -D_FILE_OFFSET_BITS=64 -D_LARGE_FILES -D__WXDEBUG__ -D__WXMAC__   Controls.c
/usr/bin/perl /Library/Perl/Updates/5.10.0/ExtUtils/xsubpp  -nolinenumbers -noprototypes  -typemap /System/Library/Perl/5.10.0/ExtUtils/typemap -typemap typemap  Event.xs > Event.xsc && mv Event.xsc Event.c
g++ -UWX_PRECOMP   -c  -I. -I. -I/usr/lib/wx/include/mac-unicode-debug-2.8 -I/usr/include/wx-2.8  -arch x86_64 -arch i386 -arch ppc -g -pipe -fno-common -DPERL_DARWIN -fno-strict-aliasing -I/usr/local/include    -DVERSION=\"0.98\" -DXS_VERSION=\"0.98\"  "-I/System/Library/Perl/5.10.0/darwin-thread-multi-2level/CORE"  -D_FILE_OFFSET_BITS=64 -D_LARGE_FILES -D__WXDEBUG__ -D__WXMAC__   Event.c
/usr/bin/perl /Library/Perl/Updates/5.10.0/ExtUtils/xsubpp  -nolinenumbers -noprototypes  -typemap /System/Library/Perl/5.10.0/ExtUtils/typemap -typemap typemap  Frames.xs > Frames.xsc && mv Frames.xsc Frames.c
g++ -UWX_PRECOMP   -c  -I. -I. -I/usr/lib/wx/include/mac-unicode-debug-2.8 -I/usr/include/wx-2.8  -arch x86_64 -arch i386 -arch ppc -g -pipe -fno-common -DPERL_DARWIN -fno-strict-aliasing -I/usr/local/include    -DVERSION=\"0.98\" -DXS_VERSION=\"0.98\"  "-I/System/Library/Perl/5.10.0/darwin-thread-multi-2level/CORE"  -D_FILE_OFFSET_BITS=64 -D_LARGE_FILES -D__WXDEBUG__ -D__WXMAC__   Frames.c
/usr/bin/perl /Library/Perl/Updates/5.10.0/ExtUtils/xsubpp  -nolinenumbers -noprototypes  -typemap /System/Library/Perl/5.10.0/ExtUtils/typemap -typemap typemap  GDI.xs > GDI.xsc && mv GDI.xsc GDI.c
g++ -UWX_PRECOMP   -c  -I. -I. -I/usr/lib/wx/include/mac-unicode-debug-2.8 -I/usr/include/wx-2.8  -arch x86_64 -arch i386 -arch ppc -g -pipe -fno-common -DPERL_DARWIN -fno-strict-aliasing -I/usr/local/include    -DVERSION=\"0.98\" -DXS_VERSION=\"0.98\"  "-I/System/Library/Perl/5.10.0/darwin-thread-multi-2level/CORE"  -D_FILE_OFFSET_BITS=64 -D_LARGE_FILES -D__WXDEBUG__ -D__WXMAC__   GDI.c
GDI.c: In function ‘void XS_Wx__DC_BeginDrawing(PerlInterpreter*, CV*)’:
GDI.c:4730: warning: ‘BeginDrawing’ is deprecated (declared at /usr/include/wx-2.8/wx/dc.h:392)
GDI.c: In function ‘void XS_Wx__DC_EndDrawing(PerlInterpreter*, CV*)’:
GDI.c:5500: warning: ‘EndDrawing’ is deprecated (declared at /usr/include/wx-2.8/wx/dc.h:393)
GDI.c: In function ‘void XS_Wx__DC_BeginDrawing(PerlInterpreter*, CV*)’:
GDI.c:4730: warning: ‘BeginDrawing’ is deprecated (declared at /usr/include/wx-2.8/wx/dc.h:392)
GDI.c: In function ‘void XS_Wx__DC_EndDrawing(PerlInterpreter*, CV*)’:
GDI.c:5500: warning: ‘EndDrawing’ is deprecated (declared at /usr/include/wx-2.8/wx/dc.h:393)
GDI.c: In function ‘void XS_Wx__DC_BeginDrawing(PerlInterpreter*, CV*)’:
GDI.c:4730: warning: ‘BeginDrawing’ is deprecated (declared at /usr/include/wx-2.8/wx/dc.h:392)
GDI.c: In function ‘void XS_Wx__DC_EndDrawing(PerlInterpreter*, CV*)’:
GDI.c:5500: warning: ‘EndDrawing’ is deprecated (declared at /usr/include/wx-2.8/wx/dc.h:393)
/usr/bin/perl -MExtUtils::XSpp::Cmd -e xspp -- -t typemap.xsp XS/VarHScrollHelper.xsp > XS/VarHScrollHelper.xs
/usr/bin/perl -MExtUtils::XSpp::Cmd -e xspp -- -t typemap.xsp XS/VarHVScrollHelper.xsp > XS/VarHVScrollHelper.xs
/usr/bin/perl -MExtUtils::XSpp::Cmd -e xspp -- -t typemap.xsp XS/VarScrollHelperBase.xsp > XS/VarScrollHelperBase.xs
/usr/bin/perl -MExtUtils::XSpp::Cmd -e xspp -- -t typemap.xsp XS/VarVScrollHelper.xsp > XS/VarVScrollHelper.xs
/usr/bin/perl /Library/Perl/Updates/5.10.0/ExtUtils/xsubpp  -nolinenumbers -noprototypes  -typemap /System/Library/Perl/5.10.0/ExtUtils/typemap -typemap typemap  Window.xs > Window.xsc && mv Window.xsc Window.c
g++ -UWX_PRECOMP   -c  -I. -I. -I/usr/lib/wx/include/mac-unicode-debug-2.8 -I/usr/include/wx-2.8  -arch x86_64 -arch i386 -arch ppc -g -pipe -fno-common -DPERL_DARWIN -fno-strict-aliasing -I/usr/local/include    -DVERSION=\"0.98\" -DXS_VERSION=\"0.98\"  "-I/System/Library/Perl/5.10.0/darwin-thread-multi-2level/CORE"  -D_FILE_OFFSET_BITS=64 -D_LARGE_FILES -D__WXDEBUG__ -D__WXMAC__   Window.c
Running Mkbootstrap for Wx ()
chmod 644 Wx.bs
echo '#include <Carbon.r>' > cpp/wxPerl.osx/wxPerl.r
# cd cpp/wxPerl.osx && xcodebuild -project wxPerl.xcode
cd cpp/wxPerl.osx && make ARCH_FLAGS=''
mkdir -p build/wxPerl.app/Contents
cp Info.plist build/wxPerl.app/Contents/Info.plist
mkdir -p build/wxPerl.app/Contents/MacOS
gcc -o build/wxPerl.app/Contents/MacOS/wxPerl  main.c
mkdir -p build/wxPerl.app/Contents/Resources
/Developer/Tools/Rez -d __DARWIN__ -useDF -o build/wxPerl.rsrc  wxPerl.r
/Developer/Tools/ResMerger -dstIs DF build/wxPerl.rsrc -o build/wxPerl.app/Contents/Resources/wxPerl.rsrc
echo -n "BNDL????" > build/wxPerl.app/Contents/PkgInfo
cp -p /usr/bin/perl `find cpp -name wxPerl.app`/Contents/MacOS/wxPerl
mkdir -p blib/arch/auto/Wx
cp -rp `find cpp -name wxPerl.app` blib/arch/auto/Wx
g++ -UWX_PRECOMP    cpp/wxPerl.osx/wxPerl.c -o wxPerl
cpp/wxPerl.osx/wxPerl.c: In function ‘int main(int, char**)’:
cpp/wxPerl.osx/wxPerl.c:7: warning: deprecated conversion from string constant to ‘char*’
rm -f blib/arch/auto/Wx/Wx.bundle
LD_RUN_PATH="/usr/lib" g++  -arch x86_64 -arch i386 -arch ppc -bundle -undefined dynamic_lookup  Wx.o Constant.o Controls.o Event.o Frames.o GDI.o Window.o  -framework ApplicationServices  -o blib/arch/auto/Wx/Wx.bundle 	\
	   -lwx_macud-2.8 -lwx_macud-2.8 -lwx_macud-2.8  	\
	  
ld: warning: in /usr/lib/libwx_macud-2.8.dylib, missing required architecture x86_64 in file
chmod 755 blib/arch/auto/Wx/Wx.bundle
cp Wx.bs blib/arch/auto/Wx/Wx.bs
chmod 644 blib/arch/auto/Wx/Wx.bs
/usr/bin/perl script/fix_alien_path.pl lib/Wx/Mini.pm blib/lib/Wx/Mini.pm
touch wxt_fix_alien
/usr/bin/perl script/make_exp_list.pl blib/lib/Wx/Wx_Exp.pm ./Constant.xs ./build/Wx/XSP/Enum.pm ./build/Wx/XSP/Event.pm ./cpp/controls.cpp ./ext/aui/AUI.xs ./ext/aui/XS/AuiManager.xsp ./ext/calendar/Calendar.pm ./ext/calendar/XS/CalendarCtrl.xsp ./ext/calendar/XS/DatePickerCtrl.xsp ./ext/dataview/DataView.xs ./ext/dataview/XS/DataViewCtrl.xsp ./ext/dnd/cpp/dn_constants.cpp ./ext/dnd/lib/Wx/DND.pm ./ext/docview/cpp/dv_constants.cpp ./ext/filesys/FS.xs ./ext/grid/Grid.xs ./ext/grid/cpp/gr_constants.cpp ./ext/html/Html.xs ./ext/html/cpp/ht_constants.cpp ./ext/media/cpp/me_constants.cpp ./ext/media/lib/Wx/Media.pm ./ext/print/cpp/pr_constants.cpp ./ext/richtext/RichText.xs ./ext/richtext/XS/RichTextCtrl.xsp ./ext/socket/cpp/sk_constants.cpp ./ext/stc/cpp/st_constants.cpp ./ext/stc/lib/Wx/STC.pm ./ext/xrc/cpp/xr_constants.cpp ./interface/wx/headercol.h ./interface/wx/headerctrl.h ./lib/Wx/Event.pm xspp/*.h ext/*/xspp/*.h
cp script/wxperl_overload blib/script/wxperl_overload
/usr/bin/perl -MExtUtils::MY -e 'MY->fixin(shift)' -- blib/script/wxperl_overload
Manifying blib/man1/wxperl_overload.1
Manifying blib/man3/Wx::Api.3pm
Manifying blib/man3/Wx::build::MakeMaker.3pm
Manifying blib/man3/Wx::Loader.3pm
Manifying blib/man3/Wx::Thread.3pm
Manifying blib/man3/Wx::XSP::Overload.3pm
Manifying blib/man3/Wx::build::Options.3pm
Manifying blib/man3/Wx.3pm
Manifying blib/man3/Wx::build::MakeMaker::Win32_MSVC.3pm
Manifying blib/man3/Wx::NewClass.3pm
Manifying blib/man3/Wx::build::Utils.3pm
  MBARBON/Wx-0.98.tar.gz
  /usr/bin/make -- OK
Running make test
make[2]: Nothing to be done for `all'.
PERL_DL_NONLAZY=1 /usr/bin/perl "-MExtUtils::Command::MM" "-e" "test_harness(0, 'blib/lib', 'blib/arch')" t/*.t
t/01_load.t ........... 1/6 
#   Failed test 'use Wx;'
#   at t/01_load.t line 6.
#     Tried to use 'Wx'.
#     Error:  Can't load '/Users/user/Library/Application Support/.cpan/build/Wx-0.98-KwqW9V/blib/arch/auto/Wx/Wx.bundle' for module Wx: dlopen(/Users/user/Library/Application Support/.cpan/build/Wx-0.98-KwqW9V/blib/arch/auto/Wx/Wx.bundle, 2): Symbol not found: __ZN10wxFontBase18ms_encodingDefaultE
#   Referenced from: /Users/user/Library/Application Support/.cpan/build/Wx-0.98-KwqW9V/blib/arch/auto/Wx/Wx.bundle
#   Expected in: flat namespace
#  in /Users/user/Library/Application Support/.cpan/build/Wx-0.98-KwqW9V/blib/arch/auto/Wx/Wx.bundle at /System/Library/Perl/5.10.0/darwin-thread-multi-2level/DynaLoader.pm line 207.
#  at (eval 4) line 2
# Compilation failed in require at (eval 4) line 2.
# BEGIN failed--compilation aborted at (eval 4) line 2.
Attempt to reload Wx.pm aborted.
Compilation failed in require at t/01_load.t line 8.
BEGIN failed--compilation aborted at t/01_load.t line 8.
# Looks like you planned 6 tests but ran 1.
# Looks like you failed 1 test of 1 run.
# Looks like your test exited with 255 just after 1.
t/01_load.t ........... Dubious, test returned 255 (wstat 65280, 0xff00)
Failed 6/6 subtests 
t/02_inheritance.t .... Can't load '/Users/user/Library/Application Support/.cpan/build/Wx-0.98-KwqW9V/blib/arch/auto/Wx/Wx.bundle' for module Wx: dlopen(/Users/user/Library/Application Support/.cpan/build/Wx-0.98-KwqW9V/blib/arch/auto/Wx/Wx.bundle, 2): Symbol not found: __ZN10wxFontBase18ms_encodingDefaultE
  Referenced from: /Users/user/Library/Application Support/.cpan/build/Wx-0.98-KwqW9V/blib/arch/auto/Wx/Wx.bundle
  Expected in: flat namespace
 in /Users/user/Library/Application Support/.cpan/build/Wx-0.98-KwqW9V/blib/arch/auto/Wx/Wx.bundle at /System/Library/Perl/5.10.0/darwin-thread-multi-2level/DynaLoader.pm line 207.
 at t/02_inheritance.t line 4
Compilation failed in require at t/02_inheritance.t line 4.
BEGIN failed--compilation aborted at t/02_inheritance.t line 4.
t/02_inheritance.t .... Dubious, test returned 9 (wstat 2304, 0x900)
No subtests run 
t/03_event.t .......... Can't load '/Users/user/Library/Application Support/.cpan/build/Wx-0.98-KwqW9V/blib/arch/auto/Wx/Wx.bundle' for module Wx: dlopen(/Users/user/Library/Application Support/.cpan/build/Wx-0.98-KwqW9V/blib/arch/auto/Wx/Wx.bundle, 2): Symbol not found: __ZN10wxFontBase18ms_encodingDefaultE
  Referenced from: /Users/user/Library/Application Support/.cpan/build/Wx-0.98-KwqW9V/blib/arch/auto/Wx/Wx.bundle
  Expected in: flat namespace
 in /Users/user/Library/Application Support/.cpan/build/Wx-0.98-KwqW9V/blib/arch/auto/Wx/Wx.bundle at /System/Library/Perl/5.10.0/darwin-thread-multi-2level/DynaLoader.pm line 207.
 at t/03_event.t line 7
Compilation failed in require at t/03_event.t line 7.
BEGIN failed--compilation aborted at t/03_event.t line 7.
t/03_event.t .......... Dubious, test returned 9 (wstat 2304, 0x900)
No subtests run 
t/04_userdata.t ....... Can't load '/Users/user/Library/Application Support/.cpan/build/Wx-0.98-KwqW9V/blib/arch/auto/Wx/Wx.bundle' for module Wx: dlopen(/Users/user/Library/Application Support/.cpan/build/Wx-0.98-KwqW9V/blib/arch/auto/Wx/Wx.bundle, 2): Symbol not found: __ZN10wxFontBase18ms_encodingDefaultE
  Referenced from: /Users/user/Library/Application Support/.cpan/build/Wx-0.98-KwqW9V/blib/arch/auto/Wx/Wx.bundle
  Expected in: flat namespace
 in /Users/user/Library/Application Support/.cpan/build/Wx-0.98-KwqW9V/blib/arch/auto/Wx/Wx.bundle at /System/Library/Perl/5.10.0/darwin-thread-multi-2level/DynaLoader.pm line 207.
 at t/04_userdata.t line 6
Compilation failed in require at t/04_userdata.t line 6.
BEGIN failed--compilation aborted at t/04_userdata.t line 6.
t/04_userdata.t ....... Dubious, test returned 9 (wstat 2304, 0x900)
No subtests run 
t/05_timer.t .......... Can't load '/Users/user/Library/Application Support/.cpan/build/Wx-0.98-KwqW9V/blib/arch/auto/Wx/Wx.bundle' for module Wx: dlopen(/Users/user/Library/Application Support/.cpan/build/Wx-0.98-KwqW9V/blib/arch/auto/Wx/Wx.bundle, 2): Symbol not found: __ZN10wxFontBase18ms_encodingDefaultE
  Referenced from: /Users/user/Library/Application Support/.cpan/build/Wx-0.98-KwqW9V/blib/arch/auto/Wx/Wx.bundle
  Expected in: flat namespace
 in /Users/user/Library/Application Support/.cpan/build/Wx-0.98-KwqW9V/blib/arch/auto/Wx/Wx.bundle at /System/Library/Perl/5.10.0/darwin-thread-multi-2level/DynaLoader.pm line 207.
 at t/05_timer.t line 4
Compilation failed in require at t/05_timer.t line 4.
BEGIN failed--compilation aborted at t/05_timer.t line 4.
t/05_timer.t .......... Dubious, test returned 9 (wstat 2304, 0x900)
No subtests run 
t/06_loadxpm.t ........ Can't load '/Users/user/Library/Application Support/.cpan/build/Wx-0.98-KwqW9V/blib/arch/auto/Wx/Wx.bundle' for module Wx: dlopen(/Users/user/Library/Application Support/.cpan/build/Wx-0.98-KwqW9V/blib/arch/auto/Wx/Wx.bundle, 2): Symbol not found: __ZN10wxFontBase18ms_encodingDefaultE
  Referenced from: /Users/user/Library/Application Support/.cpan/build/Wx-0.98-KwqW9V/blib/arch/auto/Wx/Wx.bundle
  Expected in: flat namespace
 in /Users/user/Library/Application Support/.cpan/build/Wx-0.98-KwqW9V/blib/arch/auto/Wx/Wx.bundle at /System/Library/Perl/5.10.0/darwin-thread-multi-2level/DynaLoader.pm line 207.
 at t/06_loadxpm.t line 6
Compilation failed in require at t/06_loadxpm.t line 6.
BEGIN failed--compilation aborted at t/06_loadxpm.t line 6.
t/06_loadxpm.t ........ Dubious, test returned 9 (wstat 2304, 0x900)
Failed 2/2 subtests 
t/07_overload.t ....... Can't load '/Users/user/Library/Application Support/.cpan/build/Wx-0.98-KwqW9V/blib/arch/auto/Wx/Wx.bundle' for module Wx: dlopen(/Users/user/Library/Application Support/.cpan/build/Wx-0.98-KwqW9V/blib/arch/auto/Wx/Wx.bundle, 2): Symbol not found: __ZN10wxFontBase18ms_encodingDefaultE
  Referenced from: /Users/user/Library/Application Support/.cpan/build/Wx-0.98-KwqW9V/blib/arch/auto/Wx/Wx.bundle
  Expected in: flat namespace
 in /Users/user/Library/Application Support/.cpan/build/Wx-0.98-KwqW9V/blib/arch/auto/Wx/Wx.bundle at /System/Library/Perl/5.10.0/darwin-thread-multi-2level/DynaLoader.pm line 207.
 at t/07_overload.t line 4
Compilation failed in require at t/07_overload.t line 4.
BEGIN failed--compilation aborted at t/07_overload.t line 4.
t/07_overload.t ....... Dubious, test returned 9 (wstat 2304, 0x900)
No subtests run 
t/08_ovl_func.t ....... Can't load '/Users/user/Library/Application Support/.cpan/build/Wx-0.98-KwqW9V/blib/arch/auto/Wx/Wx.bundle' for module Wx: dlopen(/Users/user/Library/Application Support/.cpan/build/Wx-0.98-KwqW9V/blib/arch/auto/Wx/Wx.bundle, 2): Symbol not found: __ZN10wxFontBase18ms_encodingDefaultE
  Referenced from: /Users/user/Library/Application Support/.cpan/build/Wx-0.98-KwqW9V/blib/arch/auto/Wx/Wx.bundle
  Expected in: flat namespace
 in /Users/user/Library/Application Support/.cpan/build/Wx-0.98-KwqW9V/blib/arch/auto/Wx/Wx.bundle at /System/Library/Perl/5.10.0/darwin-thread-multi-2level/DynaLoader.pm line 207.
 at t/08_ovl_func.t line 7
Compilation failed in require at t/08_ovl_func.t line 7.
BEGIN failed--compilation aborted at t/08_ovl_func.t line 7.
t/08_ovl_func.t ....... Dubious, test returned 9 (wstat 2304, 0x900)
No subtests run 
t/09_create_delete.t .. Can't load '/Users/user/Library/Application Support/.cpan/build/Wx-0.98-KwqW9V/blib/arch/auto/Wx/Wx.bundle' for module Wx: dlopen(/Users/user/Library/Application Support/.cpan/build/Wx-0.98-KwqW9V/blib/arch/auto/Wx/Wx.bundle, 2): Symbol not found: __ZN10wxFontBase18ms_encodingDefaultE
  Referenced from: /Users/user/Library/Application Support/.cpan/build/Wx-0.98-KwqW9V/blib/arch/auto/Wx/Wx.bundle
  Expected in: flat namespace
 in /Users/user/Library/Application Support/.cpan/build/Wx-0.98-KwqW9V/blib/arch/auto/Wx/Wx.bundle at /System/Library/Perl/5.10.0/darwin-thread-multi-2level/DynaLoader.pm line 207.
 at t/09_create_delete.t line 4
Compilation failed in require at t/09_create_delete.t line 4.
BEGIN failed--compilation aborted at t/09_create_delete.t line 4.
t/09_create_delete.t .. Dubious, test returned 9 (wstat 2304, 0x900)
No subtests run 
t/10_oor.t ............ Can't load '/Users/user/Library/Application Support/.cpan/build/Wx-0.98-KwqW9V/blib/arch/auto/Wx/Wx.bundle' for module Wx: dlopen(/Users/user/Library/Application Support/.cpan/build/Wx-0.98-KwqW9V/blib/arch/auto/Wx/Wx.bundle, 2): Symbol not found: __ZN10wxFontBase18ms_encodingDefaultE
  Referenced from: /Users/user/Library/Application Support/.cpan/build/Wx-0.98-KwqW9V/blib/arch/auto/Wx/Wx.bundle
  Expected in: flat namespace
 in /Users/user/Library/Application Support/.cpan/build/Wx-0.98-KwqW9V/blib/arch/auto/Wx/Wx.bundle at /System/Library/Perl/5.10.0/darwin-thread-multi-2level/DynaLoader.pm line 207.
 at t/10_oor.t line 7
Compilation failed in require at t/10_oor.t line 7.
BEGIN failed--compilation aborted at t/10_oor.t line 7.
t/10_oor.t ............ Dubious, test returned 9 (wstat 2304, 0x900)
No subtests run 
t/11_twostage.t ....... Can't load '/Users/user/Library/Application Support/.cpan/build/Wx-0.98-KwqW9V/blib/arch/auto/Wx/Wx.bundle' for module Wx: dlopen(/Users/user/Library/Application Support/.cpan/build/Wx-0.98-KwqW9V/blib/arch/auto/Wx/Wx.bundle, 2): Symbol not found: __ZN10wxFontBase18ms_encodingDefaultE
  Referenced from: /Users/user/Library/Application Support/.cpan/build/Wx-0.98-KwqW9V/blib/arch/auto/Wx/Wx.bundle
  Expected in: flat namespace
 in /Users/user/Library/Application Support/.cpan/build/Wx-0.98-KwqW9V/blib/arch/auto/Wx/Wx.bundle at /System/Library/Perl/5.10.0/darwin-thread-multi-2level/DynaLoader.pm line 207.
 at t/11_twostage.t line 4
Compilation failed in require at t/11_twostage.t line 4.
BEGIN failed--compilation aborted at t/11_twostage.t line 4.
t/11_twostage.t ....... Dubious, test returned 9 (wstat 2304, 0x900)
No subtests run 
t/12_pod.t ............ skipped: Author tests
t/13_nbksizer.t ....... Can't load '/Users/user/Library/Application Support/.cpan/build/Wx-0.98-KwqW9V/blib/arch/auto/Wx/Wx.bundle' for module Wx: dlopen(/Users/user/Library/Application Support/.cpan/build/Wx-0.98-KwqW9V/blib/arch/auto/Wx/Wx.bundle, 2): Symbol not found: __ZN10wxFontBase18ms_encodingDefaultE
  Referenced from: /Users/user/Library/Application Support/.cpan/build/Wx-0.98-KwqW9V/blib/arch/auto/Wx/Wx.bundle
  Expected in: flat namespace
 in /Users/user/Library/Application Support/.cpan/build/Wx-0.98-KwqW9V/blib/arch/auto/Wx/Wx.bundle at /System/Library/Perl/5.10.0/darwin-thread-multi-2level/DynaLoader.pm line 207.
 at t/13_nbksizer.t line 4
Compilation failed in require at t/13_nbksizer.t line 4.
BEGIN failed--compilation aborted at t/13_nbksizer.t line 4.
t/13_nbksizer.t ....... Dubious, test returned 9 (wstat 2304, 0x900)
No subtests run 
t/14_eh_die.t ......... Can't load '/Users/user/Library/Application Support/.cpan/build/Wx-0.98-KwqW9V/blib/arch/auto/Wx/Wx.bundle' for module Wx: dlopen(/Users/user/Library/Application Support/.cpan/build/Wx-0.98-KwqW9V/blib/arch/auto/Wx/Wx.bundle, 2): Symbol not found: __ZN10wxFontBase18ms_encodingDefaultE
  Referenced from: /Users/user/Library/Application Support/.cpan/build/Wx-0.98-KwqW9V/blib/arch/auto/Wx/Wx.bundle
  Expected in: flat namespace
 in /Users/user/Library/Application Support/.cpan/build/Wx-0.98-KwqW9V/blib/arch/auto/Wx/Wx.bundle at /System/Library/Perl/5.10.0/darwin-thread-multi-2level/DynaLoader.pm line 207.
 at t/14_eh_die.t line 4
Compilation failed in require at t/14_eh_die.t line 4.
BEGIN failed--compilation aborted at t/14_eh_die.t line 4.
t/14_eh_die.t ......... Dubious, test returned 9 (wstat 2304, 0x900)
No subtests run 
t/15_threads.t ........ Can't load '/Users/user/Library/Application Support/.cpan/build/Wx-0.98-KwqW9V/blib/arch/auto/Wx/Wx.bundle' for module Wx: dlopen(/Users/user/Library/Application Support/.cpan/build/Wx-0.98-KwqW9V/blib/arch/auto/Wx/Wx.bundle, 2): Symbol not found: __ZN10wxFontBase18ms_encodingDefaultE
  Referenced from: /Users/user/Library/Application Support/.cpan/build/Wx-0.98-KwqW9V/blib/arch/auto/Wx/Wx.bundle
  Expected in: flat namespace
 in /Users/user/Library/Application Support/.cpan/build/Wx-0.98-KwqW9V/blib/arch/auto/Wx/Wx.bundle at /System/Library/Perl/5.10.0/darwin-thread-multi-2level/DynaLoader.pm line 207.
 at t/15_threads.t line 8
Compilation failed in require at t/15_threads.t line 8.
BEGIN failed--compilation aborted at t/15_threads.t line 8.
t/15_threads.t ........ Dubious, test returned 9 (wstat 2304, 0x900)
No subtests run 
t/16_stream.t ......... Can't load '/Users/user/Library/Application Support/.cpan/build/Wx-0.98-KwqW9V/blib/arch/auto/Wx/Wx.bundle' for module Wx: dlopen(/Users/user/Library/Application Support/.cpan/build/Wx-0.98-KwqW9V/blib/arch/auto/Wx/Wx.bundle, 2): Symbol not found: __ZN10wxFontBase18ms_encodingDefaultE
  Referenced from: /Users/user/Library/Application Support/.cpan/build/Wx-0.98-KwqW9V/blib/arch/auto/Wx/Wx.bundle
  Expected in: flat namespace
 in /Users/user/Library/Application Support/.cpan/build/Wx-0.98-KwqW9V/blib/arch/auto/Wx/Wx.bundle at /System/Library/Perl/5.10.0/darwin-thread-multi-2level/DynaLoader.pm line 207.
 at t/16_stream.t line 4
Compilation failed in require at t/16_stream.t line 4.
BEGIN failed--compilation aborted at t/16_stream.t line 4.
t/16_stream.t ......... Dubious, test returned 9 (wstat 2304, 0x900)
No subtests run 
t/17_thread_evt.t ..... Can't load '/Users/user/Library/Application Support/.cpan/build/Wx-0.98-KwqW9V/blib/arch/auto/Wx/Wx.bundle' for module Wx: dlopen(/Users/user/Library/Application Support/.cpan/build/Wx-0.98-KwqW9V/blib/arch/auto/Wx/Wx.bundle, 2): Symbol not found: __ZN10wxFontBase18ms_encodingDefaultE
  Referenced from: /Users/user/Library/Application Support/.cpan/build/Wx-0.98-KwqW9V/blib/arch/auto/Wx/Wx.bundle
  Expected in: flat namespace
 in /Users/user/Library/Application Support/.cpan/build/Wx-0.98-KwqW9V/blib/arch/auto/Wx/Wx.bundle at /System/Library/Perl/5.10.0/darwin-thread-multi-2level/DynaLoader.pm line 207.
 at t/17_thread_evt.t line 9
Compilation failed in require at t/17_thread_evt.t line 9.
BEGIN failed--compilation aborted at t/17_thread_evt.t line 9.
t/17_thread_evt.t ..... Dubious, test returned 9 (wstat 2304, 0x900)
No subtests run 
t/18_unicode.t ........ Can't load '/Users/user/Library/Application Support/.cpan/build/Wx-0.98-KwqW9V/blib/arch/auto/Wx/Wx.bundle' for module Wx: dlopen(/Users/user/Library/Application Support/.cpan/build/Wx-0.98-KwqW9V/blib/arch/auto/Wx/Wx.bundle, 2): Symbol not found: __ZN10wxFontBase18ms_encodingDefaultE
  Referenced from: /Users/user/Library/Application Support/.cpan/build/Wx-0.98-KwqW9V/blib/arch/auto/Wx/Wx.bundle
  Expected in: flat namespace
 in /Users/user/Library/Application Support/.cpan/build/Wx-0.98-KwqW9V/blib/arch/auto/Wx/Wx.bundle at /System/Library/Perl/5.10.0/darwin-thread-multi-2level/DynaLoader.pm line 207.
 at t/18_unicode.t line 4
Compilation failed in require at t/18_unicode.t line 4.
BEGIN failed--compilation aborted at t/18_unicode.t line 4.
t/18_unicode.t ........ Dubious, test returned 9 (wstat 2304, 0x900)
No subtests run 
t/19_overlay.t ........ Can't load '/Users/user/Library/Application Support/.cpan/build/Wx-0.98-KwqW9V/blib/arch/auto/Wx/Wx.bundle' for module Wx: dlopen(/Users/user/Library/Application Support/.cpan/build/Wx-0.98-KwqW9V/blib/arch/auto/Wx/Wx.bundle, 2): Symbol not found: __ZN10wxFontBase18ms_encodingDefaultE
  Referenced from: /Users/user/Library/Application Support/.cpan/build/Wx-0.98-KwqW9V/blib/arch/auto/Wx/Wx.bundle
  Expected in: flat namespace
 in /Users/user/Library/Application Support/.cpan/build/Wx-0.98-KwqW9V/blib/arch/auto/Wx/Wx.bundle at /System/Library/Perl/5.10.0/darwin-thread-multi-2level/DynaLoader.pm line 207.
 at t/19_overlay.t line 4
Compilation failed in require at t/19_overlay.t line 4.
BEGIN failed--compilation aborted at t/19_overlay.t line 4.
t/19_overlay.t ........ Dubious, test returned 9 (wstat 2304, 0x900)
No subtests run 
t/20_ctx_threads.t .... Can't load '/Users/user/Library/Application Support/.cpan/build/Wx-0.98-KwqW9V/blib/arch/auto/Wx/Wx.bundle' for module Wx: dlopen(/Users/user/Library/Application Support/.cpan/build/Wx-0.98-KwqW9V/blib/arch/auto/Wx/Wx.bundle, 2): Symbol not found: __ZN10wxFontBase18ms_encodingDefaultE
  Referenced from: /Users/user/Library/Application Support/.cpan/build/Wx-0.98-KwqW9V/blib/arch/auto/Wx/Wx.bundle
  Expected in: flat namespace
 in /Users/user/Library/Application Support/.cpan/build/Wx-0.98-KwqW9V/blib/arch/auto/Wx/Wx.bundle at /System/Library/Perl/5.10.0/darwin-thread-multi-2level/DynaLoader.pm line 207.
 at t/20_ctx_threads.t line 13
Compilation failed in require at t/20_ctx_threads.t line 13.
BEGIN failed--compilation aborted at t/20_ctx_threads.t line 13.
t/20_ctx_threads.t .... Dubious, test returned 9 (wstat 2304, 0x900)
No subtests run 
t/zz_distrib.t ........ skipped: Author tests

Test Summary Report
-------------------
t/01_load.t         (Wstat: 65280 Tests: 1 Failed: 1)
  Failed test:  1
  Non-zero exit status: 255
  Parse errors: Bad plan.  You planned 6 tests but ran 1.
t/02_inheritance.t  (Wstat: 2304 Tests: 0 Failed: 0)
  Non-zero exit status: 9
  Parse errors: No plan found in TAP output
t/03_event.t        (Wstat: 2304 Tests: 0 Failed: 0)
  Non-zero exit status: 9
  Parse errors: No plan found in TAP output
t/04_userdata.t     (Wstat: 2304 Tests: 0 Failed: 0)
  Non-zero exit status: 9
  Parse errors: No plan found in TAP output
t/05_timer.t        (Wstat: 2304 Tests: 0 Failed: 0)
  Non-zero exit status: 9
  Parse errors: No plan found in TAP output
t/06_loadxpm.t      (Wstat: 2304 Tests: 0 Failed: 0)
  Non-zero exit status: 9
  Parse errors: Bad plan.  You planned 2 tests but ran 0.
t/07_overload.t     (Wstat: 2304 Tests: 0 Failed: 0)
  Non-zero exit status: 9
  Parse errors: No plan found in TAP output
t/08_ovl_func.t     (Wstat: 2304 Tests: 0 Failed: 0)
  Non-zero exit status: 9
  Parse errors: No plan found in TAP output
t/09_create_delete.t (Wstat: 2304 Tests: 0 Failed: 0)
  Non-zero exit status: 9
  Parse errors: No plan found in TAP output
t/10_oor.t          (Wstat: 2304 Tests: 0 Failed: 0)
  Non-zero exit status: 9
  Parse errors: No plan found in TAP output
t/11_twostage.t     (Wstat: 2304 Tests: 0 Failed: 0)
  Non-zero exit status: 9
  Parse errors: No plan found in TAP output
t/13_nbksizer.t     (Wstat: 2304 Tests: 0 Failed: 0)
  Non-zero exit status: 9
  Parse errors: No plan found in TAP output
t/14_eh_die.t       (Wstat: 2304 Tests: 0 Failed: 0)
  Non-zero exit status: 9
  Parse errors: No plan found in TAP output
t/15_threads.t      (Wstat: 2304 Tests: 0 Failed: 0)
  Non-zero exit status: 9
  Parse errors: No plan found in TAP output
t/16_stream.t       (Wstat: 2304 Tests: 0 Failed: 0)
  Non-zero exit status: 9
  Parse errors: No plan found in TAP output
t/17_thread_evt.t   (Wstat: 2304 Tests: 0 Failed: 0)
  Non-zero exit status: 9
  Parse errors: No plan found in TAP output
t/18_unicode.t      (Wstat: 2304 Tests: 0 Failed: 0)
  Non-zero exit status: 9
  Parse errors: No plan found in TAP output
t/19_overlay.t      (Wstat: 2304 Tests: 0 Failed: 0)
  Non-zero exit status: 9
  Parse errors: No plan found in TAP output
t/20_ctx_threads.t  (Wstat: 2304 Tests: 0 Failed: 0)
  Non-zero exit status: 9
  Parse errors: No plan found in TAP output
Files=21, Tests=1,  1 wallclock secs ( 0.08 usr  0.06 sys +  0.38 cusr  0.18 csys =  0.70 CPU)
Result: FAIL
Failed 19/21 test programs. 1/1 subtests failed.
make: *** [test_dynamic] Error 255
  MBARBON/Wx-0.98.tar.gz
  /usr/bin/make test -- NOT OK
//hint// to see the cpan-testers results for installing this module, try:
  reports MBARBON/Wx-0.98.tar.gz
Running make install
  make test had returned bad status, won't install without force
Failed during this command:
 MBARBON/Wx-0.98.tar.gz                       : make_test NO

cpan[2]> 
