CPAN: Storable loaded ok (v2.53)
Reading '/home/jhietaniemi/.cpan/Metadata'
  Database was generated on Wed, 26 Aug 2015 13:53:26 GMT
Running install for module 'Krb5'
CPAN: LWP::UserAgent loaded ok (v6.13)
Fetching with LWP:
http://www.cpan.org/authors/id/J/JH/JHORWITZ/Krb5-0.9.tar.gz
CPAN: YAML loaded ok (v1.15)
CPAN: Digest::SHA loaded ok (v5.95)
Fetching with LWP:
http://www.cpan.org/authors/id/J/JH/JHORWITZ/CHECKSUMS
CPAN: Compress::Zlib loaded ok (v2.068)
Checksum for /home/jhietaniemi/.cpan/sources/authors/id/J/JH/JHORWITZ/Krb5-0.9.tar.gz ok
CPAN: CPAN::Meta::Requirements loaded ok (v2.132)
CPAN: CPAN::Meta loaded ok (v2.150001)
Configuring J/JH/JHORWITZ/Krb5-0.9.tar.gz with Makefile.PL
Checking if your kit is complete...
Looks good
Generating a Unix-style Makefile
Writing Makefile for Krb5
Writing MYMETA.yml and MYMETA.json
  JHORWITZ/Krb5-0.9.tar.gz
  /usr/local/perl-forge/v/5.22.0/bin/perl Makefile.PL -- OK
Running make for J/JH/JHORWITZ/Krb5-0.9.tar.gz
CPAN: Module::CoreList loaded ok (v5.20150520)
cp Krb5.pm blib/lib/Krb5.pm
AutoSplitting blib/lib/Krb5.pm (blib/lib/auto/Krb5)
Running Mkbootstrap for Krb5 ()
chmod 644 "Krb5.bs"
"/usr/local/perl-forge/v/5.22.0/bin/perl" "/usr/local/perl-forge/v/5.22.0/lib/ExtUtils/xsubpp"  -typemap "/usr/local/perl-forge/v/5.22.0/lib/ExtUtils/typemap" -typemap "typemap"  Krb5.xs > Krb5.xsc && mv Krb5.xsc Krb5.c
Please specify prototyping behavior for Krb5.xs (see perlxs manual)
gcc -c  -I/usr/local/krb5/include -fwrapv -fno-strict-aliasing -pipe -fstack-protector -I/usr/local/include -D_LARGEFILE_SOURCE -D_FILE_OFFSET_BITS=64 -D_FORTIFY_SOURCE=2 -O2   -DVERSION=\"0.9\" -DXS_VERSION=\"0.9\" -fPIC "-I/usr/local/perl-forge/v/5.22.0/lib/CORE"   Krb5.c
Krb5.xs:17:21: error: com_err.h: No such file or directory
Krb5.xs: In function ‘can_free’:
Krb5.xs:66: error: ‘sv_yes’ undeclared (first use in this function)
Krb5.xs:66: error: (Each undeclared identifier is reported only once
Krb5.xs:66: error: for each function it appears in.)
Krb5.c: In function ‘XS_Krb5_build_principal_ext’:
Krb5.c:445: error: ‘sv_undef’ undeclared (first use in this function)
Krb5.xs: In function ‘XS_Krb5_cc_default_name’:
Krb5.xs:247: warning: assignment discards qualifiers from pointer target type
Krb5.c: In function ‘XS_Krb5_get_in_tkt_with_password’:
Krb5.c:661: error: ‘sv_undef’ undeclared (first use in this function)
Krb5.c: In function ‘XS_Krb5_mk_req’:
Krb5.c:738: error: ‘sv_undef’ undeclared (first use in this function)
Krb5.xs:316: warning: passing argument 2 of ‘Perl_sv_2pv_flags’ from incompatible pointer type
/usr/local/perl-forge/v/5.22.0/lib/CORE/proto.h:4130: note: expected ‘STRLEN * const’ but argument is of type ‘unsigned int *’
Krb5.c: In function ‘XS_Krb5_rd_req’:
Krb5.c:796: error: ‘sv_undef’ undeclared (first use in this function)
Krb5.xs:339: warning: passing argument 2 of ‘Perl_sv_2pv_flags’ from incompatible pointer type
/usr/local/perl-forge/v/5.22.0/lib/CORE/proto.h:4130: note: expected ‘STRLEN * const’ but argument is of type ‘unsigned int *’
Krb5.c: In function ‘XS_Krb5_gen_portaddr’:
Krb5.c:869: error: ‘sv_undef’ undeclared (first use in this function)
Krb5.c: In function ‘XS_Krb5_genaddrs’:
Krb5.c:913: error: ‘sv_undef’ undeclared (first use in this function)
Krb5.c: In function ‘XS_Krb5_gen_replay_name’:
Krb5.c:947: error: ‘sv_undef’ undeclared (first use in this function)
Krb5.c: In function ‘XS_Krb5_mk_priv’:
Krb5.c:986: error: ‘sv_undef’ undeclared (first use in this function)
Krb5.xs:397: warning: passing argument 2 of ‘Perl_sv_2pv_flags’ from incompatible pointer type
/usr/local/perl-forge/v/5.22.0/lib/CORE/proto.h:4130: note: expected ‘STRLEN * const’ but argument is of type ‘unsigned int *’
Krb5.c: In function ‘XS_Krb5_rd_priv’:
Krb5.c:1027: error: ‘sv_undef’ undeclared (first use in this function)
Krb5.xs:412: warning: passing argument 2 of ‘Perl_sv_2pv_flags’ from incompatible pointer type
/usr/local/perl-forge/v/5.22.0/lib/CORE/proto.h:4130: note: expected ‘STRLEN * const’ but argument is of type ‘unsigned int *’
Krb5.xs: In function ‘XS_Krb5_get_server_rcache’:
Krb5.xs:425: warning: passing argument 2 of ‘Perl_sv_2pv_flags’ from incompatible pointer type
/usr/local/perl-forge/v/5.22.0/lib/CORE/proto.h:4130: note: expected ‘STRLEN * const’ but argument is of type ‘unsigned int *’
Krb5.c: In function ‘XS_Krb5_sendauth’:
Krb5.c:1111: error: ‘sv_undef’ undeclared (first use in this function)
Krb5.xs:452: warning: passing argument 2 of ‘Perl_sv_2pv_flags’ from incompatible pointer type
/usr/local/perl-forge/v/5.22.0/lib/CORE/proto.h:4130: note: expected ‘STRLEN * const’ but argument is of type ‘unsigned int *’
Krb5.c: In function ‘XS_Krb5_recvauth’:
Krb5.c:1205: error: ‘sv_undef’ undeclared (first use in this function)
Krb5.c: In function ‘XS_Krb5__Principal_realm’:
Krb5.c:1264: error: ‘sv_undef’ undeclared (first use in this function)
Krb5.c: In function ‘XS_Krb5__Principal_type’:
Krb5.c:1294: error: ‘sv_undef’ undeclared (first use in this function)
Krb5.c: In function ‘XS_Krb5__Principal_data’:
Krb5.c:1326: error: ‘sv_undef’ undeclared (first use in this function)
Krb5.c: In function ‘XS_Krb5__Principal_DESTROY’:
Krb5.c:1363: error: ‘sv_undef’ undeclared (first use in this function)
Krb5.c: In function ‘XS_Krb5__Ccache_initialize’:
Krb5.c:1395: error: ‘sv_undef’ undeclared (first use in this function)
Krb5.c: In function ‘XS_Krb5__Ccache_get_name’:
Krb5.c:1439: error: ‘sv_undef’ undeclared (first use in this function)
Krb5.xs:541: warning: assignment discards qualifiers from pointer target type
Krb5.c: In function ‘XS_Krb5__Ccache_get_principal’:
Krb5.c:1470: error: ‘sv_undef’ undeclared (first use in this function)
Krb5.c: In function ‘XS_Krb5__Ccache_destroy’:
Krb5.c:1508: error: ‘sv_undef’ undeclared (first use in this function)
Krb5.c: In function ‘XS_Krb5__Ccache_DESTROY’:
Krb5.c:1538: error: ‘sv_undef’ undeclared (first use in this function)
Krb5.c: In function ‘XS_Krb5__AuthContext_getflags’:
Krb5.c:1603: error: ‘sv_undef’ undeclared (first use in this function)
Krb5.c: In function ‘XS_Krb5__AuthContext_setflags’:
Krb5.c:1636: error: ‘sv_undef’ undeclared (first use in this function)
Krb5.c: In function ‘XS_Krb5__AuthContext_getrcache’:
Krb5.c:1667: error: ‘sv_undef’ undeclared (first use in this function)
Krb5.c: In function ‘XS_Krb5__AuthContext_setrcache’:
Krb5.c:1704: error: ‘sv_undef’ undeclared (first use in this function)
Krb5.c: In function ‘XS_Krb5__AuthContext_getaddrs’:
Krb5.c:1749: error: ‘sv_undef’ undeclared (first use in this function)
Krb5.c: In function ‘XS_Krb5__AuthContext_setaddrs’:
Krb5.c:1786: error: ‘sv_undef’ undeclared (first use in this function)
Krb5.c: In function ‘XS_Krb5__AuthContext_setports’:
Krb5.c:1843: error: ‘sv_undef’ undeclared (first use in this function)
Krb5.c: In function ‘XS_Krb5__AuthContext_DESTROY’:
Krb5.c:1898: error: ‘sv_undef’ undeclared (first use in this function)
Krb5.c: In function ‘XS_Krb5__Ticket_server’:
Krb5.c:1930: error: ‘sv_undef’ undeclared (first use in this function)
Krb5.c: In function ‘XS_Krb5__Ticket_enc_part2’:
Krb5.c:1966: error: ‘sv_undef’ undeclared (first use in this function)
Krb5.c: In function ‘XS_Krb5__Ticket_DESTROY’:
Krb5.c:2001: error: ‘sv_undef’ undeclared (first use in this function)
Krb5.c: In function ‘XS_Krb5__EncTktPart_client’:
Krb5.c:2033: error: ‘sv_undef’ undeclared (first use in this function)
Krb5.c: In function ‘XS_Krb5__EncTktPart_DESTROY’:
Krb5.c:2068: error: ‘sv_undef’ undeclared (first use in this function)
Krb5.xs: In function ‘XS_Krb5__Address_new’:
Krb5.xs:753: warning: passing argument 2 of ‘Perl_sv_2pv_flags’ from incompatible pointer type
/usr/local/perl-forge/v/5.22.0/lib/CORE/proto.h:4130: note: expected ‘STRLEN * const’ but argument is of type ‘unsigned int *’
Krb5.c: In function ‘XS_Krb5__Address_DESTROY’:
Krb5.c:2130: error: ‘sv_undef’ undeclared (first use in this function)
make: *** [Krb5.o] Error 1
  JHORWITZ/Krb5-0.9.tar.gz
  /usr/bin/make -- NOT OK
