C:\PERL-D~2\t\tmp92\image\perl\bin\perl.exe "-MExtUtils::Command::MM" "-e" "test_harness(0, 'blib\lib', 'blib\arch')" t/*.t
t/Aliases.t ................ ok
t/at-cn.t .................. ok
t/at-tw.t .................. ok
t/CJKT.t ................... ok
t/enc_data.t ............... ok
t/enc_eucjp.t .............. ok
t/enc_module.t ............. ok
t/enc_utf8.t ............... ok
t/Encode.t ................. ok
t/Encoder.t ................ ok
t/encoding.t ............... ok
t/fallback.t ............... ok
t/from_to.t ................ ok
t/grow.t ................... ok
t/gsm0338.t ................ ok
t/guess.t .................. ok
t/jis7-fallback.t .......... ok
t/jperl.t .................. ok
t/mime-header.t ............ ok
t/mime-name.t .............. ok
t/mime_header_iso2022jp.t .. ok
t/perlio.t ................. ok
