Net-SSH2-0.20> make
cp lib/Net/SSH2/File.pm blib/lib/Net/SSH2/File.pm
cp lib/Net/SSH2/Dir.pm blib/lib/Net/SSH2/Dir.pm
cp lib/Net/SSH2/PublicKey.pm blib/lib/Net/SSH2/PublicKey.pm
cp lib/Net/SSH2/SFTP.pm blib/lib/Net/SSH2/SFTP.pm
cp lib/Net/SSH2/Listener.pm blib/lib/Net/SSH2/Listener.pm
cp lib/Net/SSH2/Channel.pm blib/lib/Net/SSH2/Channel.pm
cp lib/Net/SSH2.pm blib/lib/Net/SSH2.pm
AutoSplitting blib/lib/Net/SSH2.pm (blib/lib/auto/Net/SSH2)
/usr/bin/perl.exe "-Iinc" /usr/lib/perl5/5.10/ExtUtils/xsubpp  -typemap /usr/lib/perl5/5.10/ExtUtils/typemap -typemap typemap  SSH2.xs > SSH2.xsc && mv SSH2.xsc SSH2.c
gcc -c  -I/usr/include -I. -DPERL_USE_SAFE_PUTENV -U__STRICT_ANSI__ -fno-strict-aliasing -pipe -I/usr/local/include -DUSEIMPORTLIB -O3   -DVERSION=\"0.20\" -DXS_VERSION=\"0.20\"  "-I/usr/lib/perl5/5.10/i686-cygwin/CORE"   SSH2.c
In file included from SSH2.xs:11:
ppport.h:3042:1: warning: "PERL_UNUSED_DECL" redefined
In file included from SSH2.xs:8:
/usr/lib/perl5/5.10/i686-cygwin/CORE/perl.h:317:1: warning: this is the location of the previous definition
SSH2.c: In function `XS_Net__SSH2_blocking':
SSH2.c:708: warning: cast to pointer from integer of different size
SSH2.c: In function `XS_Net__SSH2_DESTROY':
SSH2.c:736: warning: cast to pointer from integer of different size
SSH2.xs: In function `XS_Net__SSH2_version':
SSH2.xs:581: error: `LIBSSH2_VERSION_NUM' undeclared (first use in this function)
SSH2.xs:581: error: (Each undeclared identifier is reported only once
SSH2.xs:581: error: for each function it appears in.)
SSH2.c: In function `XS_Net__SSH2_banner':
SSH2.c:828: warning: cast to pointer from integer of different size
SSH2.c: In function `XS_Net__SSH2_error':
SSH2.c:863: warning: cast to pointer from integer of different size
SSH2.c: In function `XS_Net__SSH2_method':
SSH2.c:937: warning: cast to pointer from integer of different size
SSH2.c: In function `XS_Net__SSH2_callback':
SSH2.c:996: warning: cast to pointer from integer of different size
SSH2.c: In function `XS_Net__SSH2__startup':
SSH2.c:1051: warning: cast to pointer from integer of different size
SSH2.c: In function `XS_Net__SSH2_sock':
SSH2.c:1083: warning: cast to pointer from integer of different size
SSH2.c: In function `XS_Net__SSH2_disconnect':
SSH2.c:1118: warning: cast to pointer from integer of different size
SSH2.c: In function `XS_Net__SSH2_hostkey':
SSH2.c:1172: warning: cast to pointer from integer of different size
SSH2.c: In function `XS_Net__SSH2_auth_list':
SSH2.c:1218: warning: cast to pointer from integer of different size
SSH2.c: In function `XS_Net__SSH2_auth_ok':
SSH2.c:1262: warning: cast to pointer from integer of different size
SSH2.c: In function `XS_Net__SSH2_auth_password':
SSH2.c:1297: warning: cast to pointer from integer of different size
SSH2.c: In function `XS_Net__SSH2_auth_publickey':
SSH2.c:1373: warning: cast to pointer from integer of different size
SSH2.c: In function `XS_Net__SSH2_auth_hostbased':
SSH2.c:1419: warning: cast to pointer from integer of different size
SSH2.c: In function `XS_Net__SSH2_auth_keyboard':
SSH2.c:1477: warning: cast to pointer from integer of different size
SSH2.c: In function `XS_Net__SSH2_channel':
SSH2.c:1557: warning: cast to pointer from integer of different size
SSH2.c: In function `XS_Net__SSH2__scp_get':
SSH2.c:1635: warning: cast to pointer from integer of different size
SSH2.c: In function `XS_Net__SSH2__scp_put':
SSH2.c:1706: warning: cast to pointer from integer of different size
SSH2.c: In function `XS_Net__SSH2_tcpip':
SSH2.c:1769: warning: cast to pointer from integer of different size
SSH2.c: In function `XS_Net__SSH2_listen':
SSH2.c:1838: warning: cast to pointer from integer of different size
SSH2.c: In function `XS_Net__SSH2__poll':
SSH2.c:1899: warning: cast to pointer from integer of different size
SSH2.xs:1026: warning: cast to pointer from integer of different size
SSH2.xs:1031: warning: cast to pointer from integer of different size
SSH2.c: In function `XS_Net__SSH2_sftp':
SSH2.c:2002: warning: cast to pointer from integer of different size
SSH2.c: In function `XS_Net__SSH2_public_key':
SSH2.c:2033: warning: cast to pointer from integer of different size
SSH2.c: In function `XS_Net__SSH2__Channel_DESTROY':
SSH2.c:2065: warning: cast to pointer from integer of different size
SSH2.c: In function `XS_Net__SSH2__Channel_session':
SSH2.c:2095: warning: cast to pointer from integer of different size
SSH2.c: In function `XS_Net__SSH2__Channel_setenv':
SSH2.c:2127: warning: cast to pointer from integer of different size
SSH2.c: In function `XS_Net__SSH2__Channel_blocking':
SSH2.c:2163: warning: cast to pointer from integer of different size
SSH2.c: In function `XS_Net__SSH2__Channel_eof':
SSH2.c:2191: warning: cast to pointer from integer of different size
SSH2.c: In function `XS_Net__SSH2__Channel_send_eof':
SSH2.c:2218: warning: cast to pointer from integer of different size
SSH2.c: In function `XS_Net__SSH2__Channel_close':
SSH2.c:2245: warning: cast to pointer from integer of different size
SSH2.c: In function `XS_Net__SSH2__Channel_wait_closed':
SSH2.c:2272: warning: cast to pointer from integer of different size
SSH2.c: In function `XS_Net__SSH2__Channel_exit_status':
SSH2.c:2299: warning: cast to pointer from integer of different size
SSH2.c: In function `XS_Net__SSH2__Channel_pty':
SSH2.c:2335: warning: cast to pointer from integer of different size
SSH2.c: In function `XS_Net__SSH2__Channel_process':
SSH2.c:2405: warning: cast to pointer from integer of different size
SSH2.c: In function `XS_Net__SSH2__Channel_ext_data':
SSH2.c:2446: warning: cast to pointer from integer of different size
SSH2.c: In function `XS_Net__SSH2__Channel_read':
SSH2.c:2483: warning: cast to pointer from integer of different size
SSH2.c: In function `XS_Net__SSH2__Channel_write':
SSH2.c:2549: warning: cast to pointer from integer of different size
SSH2.c: In function `XS_Net__SSH2__Channel_flush':
SSH2.c:2591: warning: cast to pointer from integer of different size
SSH2.c: In function `XS_Net__SSH2__Listener_DESTROY':
SSH2.c:2629: warning: cast to pointer from integer of different size
SSH2.c: In function `XS_Net__SSH2__Listener_accept':
SSH2.c:2663: warning: cast to pointer from integer of different size
SSH2.c: In function `XS_Net__SSH2__SFTP_DESTROY':
SSH2.c:2710: warning: cast to pointer from integer of different size
SSH2.c: In function `XS_Net__SSH2__SFTP_session':
SSH2.c:2741: warning: cast to pointer from integer of different size
SSH2.c: In function `XS_Net__SSH2__SFTP_error':
SSH2.c:2771: warning: cast to pointer from integer of different size
SSH2.c: In function `XS_Net__SSH2__SFTP_open':
SSH2.c:2825: warning: cast to pointer from integer of different size
SSH2.c: In function `XS_Net__SSH2__SFTP_opendir':
SSH2.c:2903: warning: cast to pointer from integer of different size
SSH2.c: In function `XS_Net__SSH2__SFTP_unlink':
SSH2.c:2940: warning: cast to pointer from integer of different size
SSH2.c: In function `XS_Net__SSH2__SFTP_rename':
SSH2.c:2975: warning: cast to pointer from integer of different size
SSH2.c: In function `XS_Net__SSH2__SFTP_mkdir':
SSH2.c:3017: warning: cast to pointer from integer of different size
SSH2.c: In function `XS_Net__SSH2__SFTP_rmdir':
SSH2.c:3056: warning: cast to pointer from integer of different size
SSH2.c: In function `XS_Net__SSH2__SFTP_stat':
SSH2.c:3094: warning: cast to pointer from integer of different size
SSH2.c: In function `XS_Net__SSH2__SFTP_setstat':
SSH2.c:3140: warning: cast to pointer from integer of different size
SSH2.c: In function `XS_Net__SSH2__SFTP_symlink':
SSH2.c:3193: warning: cast to pointer from integer of different size
SSH2.c: In function `XS_Net__SSH2__SFTP_readlink':
SSH2.c:3231: warning: cast to pointer from integer of different size
SSH2.c: In function `XS_Net__SSH2__SFTP_realpath':
SSH2.c:3281: warning: cast to pointer from integer of different size
SSH2.c: In function `XS_Net__SSH2__File_DESTROY':
SSH2.c:3325: warning: cast to pointer from integer of different size
SSH2.c: In function `XS_Net__SSH2__File_read':
SSH2.c:3361: warning: cast to pointer from integer of different size
SSH2.c: In function `XS_Net__SSH2__File_write':
SSH2.c:3404: warning: cast to pointer from integer of different size
SSH2.c: In function `XS_Net__SSH2__File_stat':
SSH2.c:3440: warning: cast to pointer from integer of different size
SSH2.c: In function `XS_Net__SSH2__File_setstat':
SSH2.c:3474: warning: cast to pointer from integer of different size
SSH2.c: In function `XS_Net__SSH2__File_seek':
SSH2.c:3520: warning: cast to pointer from integer of different size
SSH2.c: In function `XS_Net__SSH2__File_tell':
SSH2.c:3548: warning: cast to pointer from integer of different size
SSH2.c: In function `XS_Net__SSH2__Dir_DESTROY':
SSH2.c:3577: warning: cast to pointer from integer of different size
SSH2.c: In function `XS_Net__SSH2__Dir_read':
SSH2.c:3615: warning: cast to pointer from integer of different size
SSH2.c: In function `XS_Net__SSH2__PublicKey_DESTROY':
SSH2.c:3657: warning: cast to pointer from integer of different size
SSH2.c: In function `XS_Net__SSH2__PublicKey_add':
SSH2.c:3697: warning: cast to pointer from integer of different size
SSH2.c: In function `XS_Net__SSH2__PublicKey_remove':
SSH2.c:3769: warning: cast to pointer from integer of different size
SSH2.c: In function `XS_Net__SSH2__PublicKey_fetch':
SSH2.c:3805: warning: cast to pointer from integer of different size
make: *** [SSH2.o] Error 1
