Mock Version: 1.1.32
Mock Version: 1.1.32
ENTER do(['bash', '--login', '-c', 'rpmbuild -bs --target noarch --nodeps builddir/build/SPECS/perl-ExtUtils-H2PM.spec'], False, '/var/lib/mock/f20-build-1784658-311519/root/', None, 86400, True, False, 1000, 425, None, False, {'LANG': 'en_US.UTF-8', 'TERM': 'vt100', 'SHELL': '/bin/bash', 'HOSTNAME': 'mock', 'PROMPT_COMMAND': 'echo -n "<mock-chroot>"', 'HOME': '/builddir', 'PATH': '/usr/bin:/bin:/usr/sbin:/sbin'}, logger=<mockbuild.trace_decorator.getLog object at 0x461fd0>)
Executing command: ['bash', '--login', '-c', 'rpmbuild -bs --target noarch --nodeps builddir/build/SPECS/perl-ExtUtils-H2PM.spec'] with env {'LANG': 'en_US.UTF-8', 'TERM': 'vt100', 'SHELL': '/bin/bash', 'HOSTNAME': 'mock', 'PROMPT_COMMAND': 'echo -n "<mock-chroot>"', 'HOME': '/builddir', 'PATH': '/usr/bin:/bin:/usr/sbin:/sbin'}
warning: Could not canonicalize hostname: arm02-builder08.arm.fedoraproject.org
Building target platforms: noarch
Building for target noarch
Wrote: /builddir/build/SRPMS/perl-ExtUtils-H2PM-0.08-8.fc20.src.rpm
Child return code was: 0
LEAVE do --> 

ENTER do(['bash', '--login', '-c', 'rpmbuild -bb --target noarch --nodeps builddir/build/SPECS/perl-ExtUtils-H2PM.spec'], False, '/var/lib/mock/f20-build-1784658-311519/root/', None, 86400, True, False, 1000, 425, None, False, {'LANG': 'en_US.UTF-8', 'TERM': 'vt100', 'SHELL': '/bin/bash', 'HOSTNAME': 'mock', 'PROMPT_COMMAND': 'echo -n "<mock-chroot>"', 'HOME': '/builddir', 'PATH': '/usr/bin:/bin:/usr/sbin:/sbin'}, logger=<mockbuild.trace_decorator.getLog object at 0x461fd0>)
Executing command: ['bash', '--login', '-c', 'rpmbuild -bb --target noarch --nodeps builddir/build/SPECS/perl-ExtUtils-H2PM.spec'] with env {'LANG': 'en_US.UTF-8', 'TERM': 'vt100', 'SHELL': '/bin/bash', 'HOSTNAME': 'mock', 'PROMPT_COMMAND': 'echo -n "<mock-chroot>"', 'HOME': '/builddir', 'PATH': '/usr/bin:/bin:/usr/sbin:/sbin'}
Building target platforms: noarch
Building for target noarch
Executing(%prep): /bin/sh -e /var/tmp/rpm-tmp.KNJH89
+ umask 022
+ cd /builddir/build/BUILD
+ cd /builddir/build/BUILD
+ rm -rf ExtUtils-H2PM-0.08
+ /usr/bin/gzip -dc /builddir/build/SOURCES/ExtUtils-H2PM-0.08.tar.gz
+ /usr/bin/tar -xf -
+ STATUS=0
+ '[' 0 -ne 0 ']'
+ cd ExtUtils-H2PM-0.08
+ /usr/bin/chmod -Rf a+rX,u+w,g-w,o-w .
+ exit 0
Executing(%build): /bin/sh -e /var/tmp/rpm-tmp.8UhnWb
+ umask 022
+ cd /builddir/build/BUILD
+ cd ExtUtils-H2PM-0.08
+ /usr/bin/perl Build.PL installdirs=vendor
Created MYMETA.yml and MYMETA.json
Creating new 'Build' script for 'ExtUtils-H2PM' version '0.08'
+ ./Build
Building ExtUtils-H2PM
+ exit 0
Executing(%install): /bin/sh -e /var/tmp/rpm-tmp.mS9PRF
+ umask 022
+ cd /builddir/build/BUILD
+ '[' /builddir/build/BUILDROOT/perl-ExtUtils-H2PM-0.08-8.fc20.noarch '!=' / ']'
+ rm -rf /builddir/build/BUILDROOT/perl-ExtUtils-H2PM-0.08-8.fc20.noarch
++ dirname /builddir/build/BUILDROOT/perl-ExtUtils-H2PM-0.08-8.fc20.noarch
+ mkdir -p /builddir/build/BUILDROOT
+ mkdir /builddir/build/BUILDROOT/perl-ExtUtils-H2PM-0.08-8.fc20.noarch
+ cd ExtUtils-H2PM-0.08
+ ./Build install destdir=/builddir/build/BUILDROOT/perl-ExtUtils-H2PM-0.08-8.fc20.noarch create_packlist=0
Building ExtUtils-H2PM
Installing /builddir/build/BUILDROOT/perl-ExtUtils-H2PM-0.08-8.fc20.noarch/usr/share/perl5/vendor_perl/ExtUtils/H2PM.pm
Installing /builddir/build/BUILDROOT/perl-ExtUtils-H2PM-0.08-8.fc20.noarch/usr/share/man/man3/ExtUtils::H2PM.3pm
+ find /builddir/build/BUILDROOT/perl-ExtUtils-H2PM-0.08-8.fc20.noarch -type f -name '*.bs' -size 0 -exec rm -f '{}' ';'
+ find /builddir/build/BUILDROOT/perl-ExtUtils-H2PM-0.08-8.fc20.noarch -depth -type d -exec rmdir '{}' ';'
+ /usr/bin/chmod -Rf a+rX,u+w,g-w,o-w /builddir/build/BUILDROOT/perl-ExtUtils-H2PM-0.08-8.fc20.noarch/usr
+ /usr/lib/rpm/find-debuginfo.sh --strict-build-id -m --run-dwz --dwz-low-mem-die-limit 10000000 --dwz-max-die-limit 50000000 /builddir/build/BUILD/ExtUtils-H2PM-0.08
/usr/lib/rpm/sepdebugcrcfix: Updated 0 CRC32s, 0 CRC32s did match.
+ /usr/lib/rpm/check-buildroot
+ /usr/lib/rpm/redhat/brp-compress
+ /usr/lib/rpm/redhat/brp-strip-static-archive /usr/bin/strip
+ /usr/lib/rpm/brp-python-bytecompile /usr/bin/python 1
+ /usr/lib/rpm/redhat/brp-python-hardlink
+ /usr/lib/rpm/redhat/brp-java-repack-jars
Executing(%check): /bin/sh -e /var/tmp/rpm-tmp.xRrHxi
+ umask 022
+ cd /builddir/build/BUILD
+ cd ExtUtils-H2PM-0.08
+ ./Build test
t/00use.t ........................ ok
t/01constant.t ................... ok
#   Failed test 'Structure with trailing padding'
#   at t/02structure-numeric.t line 121.
#     Structures begin differing at:
#          $got->[10] = '   pack "l C x3", @v;'
#     $expected->[10] = '   pack "l c x3", @v;'
# Looks like you failed 1 test of 10.
t/02structure-numeric.t .......... 
Dubious, test returned 1 (wstat 256, 0x100)
Failed 1/10 subtests 
t/03structure-strarray.t ......... ok
#   Failed test 'Structure with tail'
#   at t/10structure-with-tail.t line 34.
#     Structures begin differing at:
#          $got->[10] = '   pack "l C x3a*", @v;'
#     $expected->[10] = '   pack "l c x3a*", @v;'
# Looks like you failed 1 test of 4.
t/10structure-with-tail.t ........ 
Dubious, test returned 1 (wstat 256, 0x100)
Failed 1/4 subtests 
t/11structure-args-hashref.t ..... ok
t/12structure-no-length-check.t .. ok
t/99pod.t ........................ skipped: Test::Pod 1.00 required for testing POD
Test Summary Report
-------------------
t/02structure-numeric.t        (Wstat: 256 Tests: 10 Failed: 1)
  Failed test:  6
  Non-zero exit status: 1
t/10structure-with-tail.t      (Wstat: 256 Tests: 4 Failed: 1)
  Failed test:  1
  Non-zero exit status: 1
Files=8, Tests=33,  9 wallclock secs ( 0.12 usr  0.04 sys +  7.57 cusr  1.08 csys =  8.81 CPU)
Result: FAIL
Failed 2/8 test programs. 2/33 subtests failed.
error: Bad exit status from /var/tmp/rpm-tmp.xRrHxi (%check)
    Bad exit status from /var/tmp/rpm-tmp.xRrHxi (%check)
RPM build errors:
Child return code was: 1
EXCEPTION: Command failed. See logs for output.
 # ['bash', '--login', '-c', 'rpmbuild -bb --target noarch --nodeps builddir/build/SPECS/perl-ExtUtils-H2PM.spec']
Traceback (most recent call last):
  File "/usr/lib/python2.7/site-packages/mockbuild/trace_decorator.py", line 70, in trace
    result = func(*args, **kw)
  File "/usr/lib/python2.7/site-packages/mockbuild/util.py", line 359, in do
    raise mockbuild.exception.Error, ("Command failed. See logs for output.\n # %s" % (command,), child.returncode)
Error: Command failed. See logs for output.
 # ['bash', '--login', '-c', 'rpmbuild -bb --target noarch --nodeps builddir/build/SPECS/perl-ExtUtils-H2PM.spec']
LEAVE do --> EXCEPTION RAISED

