t\01use..............ok
t\02pod..............ok
t\03podcoverage......ok
t\04kwalitee.........skipped
        all skipped: Test::Kwalitee not installed
t\10sqlite_common....ok
        8/76 skipped: SQLite cannot do the advanced tests
t\11mysql_common.....skipped
        all skipped: You need to set the DBICTEST_MYSQL_DSN, _USER, and _PASS environment variables
t\12pg_common........skipped
        all skipped: You need to set the DBICTEST_PG_DSN, _USER, and _PASS environment variables
t\13db2_common.......skipped
        all skipped: You need to set the DBICTEST_DB2_DSN, _USER, and _PASS environment variables
t\20invocations......load_from_connection deprecated, and will dissappear in 0.04000, please [re-]read the [new] DBIx::Class::Schema::Loader documentation at C:\cpan\3\DBIx-Class-Schema-Loader-0.03008\blib\lib/DBIx/Class/Schema/Loader.pm line 366.
Do not set loader_options after specifying the connection info, this will be unsupported in 0.04000 at C:\cpan\3\DBIx-Class-Schema-Loader-0.03008\blib\lib/DBIx/Class/Schema/Loader.pm line 108.
load_from_connection deprecated, and will dissappear in 0.04000, please [re-]read the [new] DBIx::Class::Schema::Loader documentation at C:\cpan\3\DBIx-Class-Schema-Loader-0.03008\blib\lib/DBIx/Class/Schema/Loader.pm line 366.
Do not set loader_options after specifying the connection info, this will be unsupported in 0.04000 at C:\cpan\3\DBIx-Class-Schema-Loader-0.03008\blib\lib/DBIx/Class/Schema/Loader.pm line 108.
Attempt to free unreferenced scalar: SV 0x211c764, Perl interpreter: 0x22449c at C:/Perl/site/lib/SQL/Abstract/Limit.pm line 325.
load_from_connection deprecated, and will dissappear in 0.04000, please [re-]read the [new] DBIx::Class::Schema::Loader documentation at C:\cpan\3\DBIx-Class-Schema-Loader-0.03008\blib\lib/DBIx/Class/Schema/Loader.pm line 366.
Do not set loader_options after specifying the connection info, this will be unsupported in 0.04000 at C:\cpan\3\DBIx-Class-Schema-Loader-0.03008\blib\lib/DBIx/Class/Schema/Loader.pm line 108.
Attempt to free unreferenced scalar: SV 0x20b7ff8, Perl interpreter: 0x22449c at C:/Perl/site/lib/SQL/Abstract/Limit.pm line 325.
Do not set loader_options after specifying the connection info, this will be unsupported in 0.04000 at C:\cpan\3\DBIx-Class-Schema-Loader-0.03008\blib\lib/DBIx/Class/Schema/Loader.pm line 108.
Attempt to free unreferenced scalar: SV 0x2146edc, Perl interpreter: 0x22449c at C:/Perl/site/lib/SQL/Abstract/Limit.pm line 325.
Attempt to free unreferenced scalar: SV 0x1c94ebc, Perl interpreter: 0x22449c at C:/Perl/site/lib/SQL/Abstract/Limit.pm line 325.
Attempt to free unreferenced scalar: SV 0x21ade54, Perl interpreter: 0x22449c at C:/Perl/site/lib/SQL/Abstract/Limit.pm line 325.
Attempt to free unreferenced scalar: SV 0x2225ef0, Perl interpreter: 0x22449c at C:/Perl/site/lib/SQL/Abstract/Limit.pm line 325.
Attempt to free unreferenced scalar: SV 0x20cacd0, Perl interpreter: 0x22449c at C:/Perl/site/lib/SQL/Abstract/Limit.pm line 325.
Attempt to free unreferenced scalar: SV 0x213d060, Perl interpreter: 0x22449c at C:/Perl/site/lib/SQL/Abstract/Limit.pm line 325.
Attempt to free unreferenced scalar: SV 0x21b5c68, Perl interpreter: 0x22449c at C:/Perl/site/lib/SQL/Abstract/Limit.pm line 325.
Attempt to free unreferenced scalar: SV 0x229f4b0, Perl interpreter: 0x22449c at C:/Perl/site/lib/SQL/Abstract/Limit.pm line 325.
Attempt to free unreferenced scalar: SV 0x22db8f4, Perl interpreter: 0x22449c at C:/Perl/site/lib/SQL/Abstract/Limit.pm line 325.
ok
t\21misc_fatal.......ok
t\22dump.............
#   Failed test 'no death with dump_directory set'
#   in t\22dump.t at line 33.
# Dump failed: ./t/_dump: No such file or directory at C:\cpan\3\DBIx-Class-Schema-Loader-0.03008\blib\lib/DBIx/Class/Schema/Loader/Base.pm line 269
Attempt to free unreferenced scalar: SV 0x1921cb8, Perl interpreter: 0x22449c at C:/Perl/site/lib/SQL/Abstract/Limit.pm line 325.

#   Failed test 'no death with dump_directory set (overwrite1)'
#   in t\22dump.t at line 58.
# Dump failed: ./t/_dump: No such file or directory at C:\cpan\3\DBIx-Class-Schema-Loader-0.03008\blib\lib/DBIx/Class/Schema/Loader/Base.pm line 269
Attempt to free unreferenced scalar: SV 0x2165514, Perl interpreter: 0x22449c at C:/Perl/site/lib/SQL/Abstract/Limit.pm line 325.

#   Failed test 'no death with dump_directory set (overwrite2)'
#   in t\22dump.t at line 63.
# Dump failed: ./t/_dump: No such file or directory at C:\cpan\3\DBIx-Class-Schema-Loader-0.03008\blib\lib/DBIx/Class/Schema/Loader/Base.pm line 269
# Looks like you failed 3 tests of 8.
dubious
	Test returned status 3 (wstat 768, 0x300)
DIED. FAILED tests 1, 7-8
	Failed 3/8 tests, 62.50% okay (less 5 skipped tests: 0 okay, 0.00%)
Failed Test Stat Wstat Total Fail  List of Failed
-------------------------------------------------------------------------------
t\22dump.t     3   768     8    3  1 7-8
4 tests and 13 subtests skipped.
Failed 1/11 test scripts. 3/160 subtests failed.
Files=11, Tests=160, 29 wallclock secs ( 0.00 cusr +  0.00 csys =  0.00 CPU)
Failed 1/11 test programs. 3/160 subtests failed.
