SV = RV(0x22bc660) at 0x22bc650
  REFCNT = 1
  FLAGS = (PADMY,ROK)
  RV = 0x2290df0
  SV = PVAV(0x2291fb0) at 0x2290df0
    REFCNT = 1
    FLAGS = ()
    ARRAY = 0x22a86b0
    FILL = 0
    MAX = 0
    ARYLEN = 0x0
    FLAGS = (REAL)
    Elt No. 0
    SV = PV(0x228db68) at 0x2291060
      REFCNT = 1
      FLAGS = (POK,pPOK)
      PV = 0x22a4560 "snake"\0
      CUR = 5
      LEN = 8
SV = RV(0x22bc660) at 0x22bc650
  REFCNT = 1
  FLAGS = (PADMY,ROK)
  RV = 0x2290df0
  SV = PVAV(0x2291fb0) at 0x2290df0
    REFCNT = 1
    FLAGS = (RMG)
    MAGIC = 0x29147e0
      MG_VIRTUAL = &PL_vtbl_arylen_p
      MG_TYPE = PERL_MAGIC_arylen_p(@)
      MG_FLAGS = 0x02
        REFCOUNTED
      MG_OBJ = 0x298ef90
      SV = PVMG(0x2593060) at 0x298ef90
        REFCNT = 1
        FLAGS = (GMG,SMG,pIOK)
        IV = 0
        NV = 0
        PV = 0
        MAGIC = 0x28fba30
          MG_VIRTUAL = &PL_vtbl_arylen
          MG_TYPE = PERL_MAGIC_arylen(#)
          MG_OBJ = 0x2290df0
    ARRAY = 0x22a86b0
    FILL = 0
    MAX = 0
    ARYLEN = 0x298ef90
    FLAGS = (REAL)
    Elt No. 0
    SV = PV(0x228db68) at 0x2291060
      REFCNT = 1
      FLAGS = (POK,pPOK)
      PV = 0x22a4560 "snake"\0
      CUR = 5
      LEN = 8
