cpan[8]> install Lighttpd::Control                                              
Running install for module 'Lighttpd::Control'
Running make for S/ST/STEVAN/Lighttpd-Control-0.01.tar.gz
Fetching with LWP:
  http://cpan.panu.it/authors/id/S/ST/STEVAN/Lighttpd-Control-0.01.tar.gz
Fetching with LWP:
  http://cpan.panu.it/authors/id/S/ST/STEVAN/CHECKSUMS
Checksum for /root/.cpan/sources/authors/id/S/ST/STEVAN/Lighttpd-Control-0.01.ta
r.gz ok
x Lighttpd-Control-0.01/
x Lighttpd-Control-0.01/Changes
x Lighttpd-Control-0.01/inc/
x Lighttpd-Control-0.01/inc/Module/
x Lighttpd-Control-0.01/inc/Module/Install/
x Lighttpd-Control-0.01/inc/Module/Install/Base.pm
x Lighttpd-Control-0.01/inc/Module/Install/Can.pm
x Lighttpd-Control-0.01/inc/Module/Install/Fetch.pm
x Lighttpd-Control-0.01/inc/Module/Install/Makefile.pm
x Lighttpd-Control-0.01/inc/Module/Install/Metadata.pm
x Lighttpd-Control-0.01/inc/Module/Install/Win32.pm
x Lighttpd-Control-0.01/inc/Module/Install/WriteAll.pm
x Lighttpd-Control-0.01/inc/Module/Install.pm
x Lighttpd-Control-0.01/lib/
x Lighttpd-Control-0.01/lib/Lighttpd/
x Lighttpd-Control-0.01/lib/Lighttpd/Control.pm
x Lighttpd-Control-0.01/Makefile.PL
x Lighttpd-Control-0.01/MANIFEST
x Lighttpd-Control-0.01/META.yml
x Lighttpd-Control-0.01/README
x Lighttpd-Control-0.01/t/
x Lighttpd-Control-0.01/t/000_load.t
x Lighttpd-Control-0.01/t/001_basic.t
x Lighttpd-Control-0.01/t/002_basic_w_pidfile_discovery.t
x Lighttpd-Control-0.01/t/003_basic_with_fcgi_engine.t
x Lighttpd-Control-0.01/t/conf/
x Lighttpd-Control-0.01/t/conf/fcgi.engine.yml
x Lighttpd-Control-0.01/t/conf/lighttpd.dev.conf
x Lighttpd-Control-0.01/t/conf/lighttpd.fcgi.conf
x Lighttpd-Control-0.01/t/pod.t
x Lighttpd-Control-0.01/t/scripts/
x Lighttpd-Control-0.01/t/scripts/counter.pl

  CPAN.pm: Going to build S/ST/STEVAN/Lighttpd-Control-0.01.tar.gz

Cannot determine perl version info from lib/Lighttpd/Control.pm
Checking if your kit is complete...
Looks good
Writing Makefile for Lighttpd::Control
cp lib/Lighttpd/Control.pm blib/lib/Lighttpd/Control.pm
Manifying blib/man3/Lighttpd::Control.3
  STEVAN/Lighttpd-Control-0.01.tar.gz
  /usr/bin/make -- OK
Running make test
PERL_DL_NONLAZY=1 /usr/pkg/bin/perl "-MExtUtils::Command::MM" "-e" "test_harness
(0, 'inc', 'blib/lib', 'blib/arch')" t/*.t
t/000_load...........................ok   
t/001_basic..........................1/8 Starting lighttpd ...
Lighttpd started.
# Wait a moment for lighttpd to start
2008-09-29 10:59:27: (log.c.75) server started 
t/001_basic..........................4/8 Stoping lighttpd ...
Lighttpd stopped.
# Wait a moment for Lighttpd to stop
2008-09-29 10:59:29: (server.c.1361) [note] graceful shutdown started 
2008-09-29 10:59:29: (server.c.1475) server stopped by UID = 0 PID = 0 
t/001_basic..........................ok   
t/002_basic_w_pidfile_discovery......1/8 Starting lighttpd ...
Lighttpd started.
2008-09-29 10:59:32: (log.c.75) server started 
# Wait a moment for lighttpd to start
t/002_basic_w_pidfile_discovery......4/8 Stoping lighttpd ...
Lighttpd stopped.
# Wait a moment for Lighttpd to stop
2008-09-29 10:59:34: (server.c.1361) [note] graceful shutdown started 
2008-09-29 10:59:34: (server.c.1475) server stopped by UID = 0 PID = 0 
t/002_basic_w_pidfile_discovery......ok   
t/003_basic_with_fcgi_engine.........1/12 Starting lighttpd ...
Starting the FCGI Engine Manager ...
2008-09-29 10:59:37: (log.c.75) server started 
Could not load class (MooseX::AttributeHelpers::Base) because : Could not find a
n attribute by the name of '$!default' to inherit from at /usr/pkg/lib/perl5/sit
e_perl/5.8.0/Moose/Meta/Class.pm line 569
        Moose::Meta::Class::_process_attribute('Moose::Meta::Class=HASH(0x28c028
c4)', '+$!default', 'required', 1) called at /usr/pkg/lib/perl5/site_perl/5.8.0/
Moose/Meta/Class.pm line 271
        Moose::Meta::Class::add_attribute('Moose::Meta::Class=HASH(0x28c028c4)',
 '+$!default', 'required', 1) called at /usr/pkg/lib/perl5/site_perl/5.8.0/Moose
.pm line 79
        Moose::has('MooseX::AttributeHelpers::Base', '+$!default', 'required', 1
) called at /usr/pkg/lib/perl5/site_perl/5.8.0/Moose/Exporter.pm line 192
        Moose::has('+$!default', 'required', 1) called at /usr/pkg/lib/perl5/sit
e_perl/5.8.0/MooseX/AttributeHelpers/Base.pm line 52
        require MooseX/AttributeHelpers/Base.pm called at (eval 216) line 3
        eval 'require MooseX::AttributeHelpers::Base
;' called at /usr/pkg/lib/perl5/site_perl/5.8.0/i386-dragonfly-thread-multi/Clas
s/MOP.pm line 114
        Class::MOP::load_class('MooseX::AttributeHelpers::Base') called at /usr/
pkg/lib/perl5/site_perl/5.8.0/Moose.pm line 52
        Moose::extends('MooseX::AttributeHelpers::Counter', 'MooseX::AttributeHe
lpers::Base') called at /usr/pkg/lib/perl5/site_perl/5.8.0/Moose/Exporter.pm lin
e 192
        Moose::extends('MooseX::AttributeHelpers::Base') called at /usr/pkg/lib/
perl5/site_perl/5.8.0/MooseX/AttributeHelpers/Counter.pm line 10
        require MooseX/AttributeHelpers/Counter.pm called at /usr/pkg/lib/perl5/
site_perl/5.8.0/MooseX/AttributeHelpers.pm line 9
        MooseX::AttributeHelpers::BEGIN() called at /usr/pkg/lib/perl5/site_perl
/5.8.0/MooseX/AttributeHelpers/Base.pm line 0
        eval {...} called at /usr/pkg/lib/perl5/site_perl/5.8.0/MooseX/Attribute
Helpers/Base.pm line 0
        require MooseX/AttributeHelpers.pm called at /usr/pkg/lib/perl5/site_per
l/5.8.0/FCGI/Engine/ProcManager.pm line 4
        FCGI::Engine::ProcManager::BEGIN() called at /usr/pkg/lib/perl5/site_per
l/5.8.0/MooseX/AttributeHelpers/Base.pm line 0
        eval {...} called at /usr/pkg/lib/perl5/site_perl/5.8.0/MooseX/Attribute
Helpers/Base.pm line 0
        require FCGI/Engine/ProcManager.pm called at /usr/pkg/lib/perl5/site_per
l/5.8.0/FCGI/Engine.pm line 11
        FCGI::Engine::BEGIN() called at /usr/pkg/lib/perl5/site_perl/5.8.0/Moose
X/AttributeHelpers/Base.pm line 0
        eval {...} called at /usr/pkg/lib/perl5/site_perl/5.8.0/MooseX/Attribute
Helpers/Base.pm line 0
        require FCGI/Engine.pm called at t/scripts/counter.pl line 6
        main::BEGIN() called at /usr/pkg/lib/perl5/site_perl/5.8.0/MooseX/Attrib
uteHelpers/Base.pm line 0
        eval {...} called at /usr/pkg/lib/perl5/site_perl/5.8.0/MooseX/Attribute
Helpers/Base.pm line 0
Compilation failed in require at (eval 216) line 3.
 at /usr/pkg/lib/perl5/site_perl/5.8.0/i386-dragonfly-thread-multi/Class/MOP.pm 
line 115
        Class::MOP::load_class('MooseX::AttributeHelpers::Base') called at /usr/
pkg/lib/perl5/site_perl/5.8.0/Moose.pm line 52
        Moose::extends('MooseX::AttributeHelpers::Counter', 'MooseX::AttributeHe
lpers::Base') called at /usr/pkg/lib/perl5/site_perl/5.8.0/Moose/Exporter.pm lin
e 192
        Moose::extends('MooseX::AttributeHelpers::Base') called at /usr/pkg/lib/
perl5/site_perl/5.8.0/MooseX/AttributeHelpers/Counter.pm line 10
        require MooseX/AttributeHelpers/Counter.pm called at /usr/pkg/lib/perl5/
site_perl/5.8.0/MooseX/AttributeHelpers.pm line 9
        MooseX::AttributeHelpers::BEGIN() called at /usr/pkg/lib/perl5/site_perl
/5.8.0/MooseX/AttributeHelpers/Counter.pm line 0
        eval {...} called at /usr/pkg/lib/perl5/site_perl/5.8.0/MooseX/Attribute
Helpers/Counter.pm line 0
        require MooseX/AttributeHelpers.pm called at /usr/pkg/lib/perl5/site_per
l/5.8.0/FCGI/Engine/ProcManager.pm line 4
        FCGI::Engine::ProcManager::BEGIN() called at /usr/pkg/lib/perl5/site_per
l/5.8.0/MooseX/AttributeHelpers/Counter.pm line 0
        eval {...} called at /usr/pkg/lib/perl5/site_perl/5.8.0/MooseX/Attribute
Helpers/Counter.pm line 0
        require FCGI/Engine/ProcManager.pm called at /usr/pkg/lib/perl5/site_per
l/5.8.0/FCGI/Engine.pm line 11
        FCGI::Engine::BEGIN() called at /usr/pkg/lib/perl5/site_perl/5.8.0/Moose
X/AttributeHelpers/Counter.pm line 0
        eval {...} called at /usr/pkg/lib/perl5/site_perl/5.8.0/MooseX/Attribute
Helpers/Counter.pm line 0
        require FCGI/Engine.pm called at t/scripts/counter.pl line 6
        main::BEGIN() called at /usr/pkg/lib/perl5/site_perl/5.8.0/MooseX/Attrib
uteHelpers/Counter.pm line 0
        eval {...} called at /usr/pkg/lib/perl5/site_perl/5.8.0/MooseX/Attribute
Helpers/Counter.pm line 0
Compilation failed in require at /usr/pkg/lib/perl5/site_perl/5.8.0/MooseX/Attri
buteHelpers.pm line 9.
BEGIN failed--compilation aborted at /usr/pkg/lib/perl5/site_perl/5.8.0/MooseX/A
ttributeHelpers.pm line 9.
Compilation failed in require at /usr/pkg/lib/perl5/site_perl/5.8.0/FCGI/Engine/
ProcManager.pm line 4.
BEGIN failed--compilation aborted at /usr/pkg/lib/perl5/site_perl/5.8.0/FCGI/Eng
ine/ProcManager.pm line 4.
Compilation failed in require at /usr/pkg/lib/perl5/site_perl/5.8.0/FCGI/Engine.
pm line 11.
BEGIN failed--compilation aborted at /usr/pkg/lib/perl5/site_perl/5.8.0/FCGI/Eng
ine.pm line 11.
Compilation failed in require at t/scripts/counter.pl line 6.
BEGIN failed--compilation aborted at t/scripts/counter.pl line 6.
Lighttpd started.
# Wait a moment for lighttpd to start
t/003_basic_with_fcgi_engine.........4/12 2008-09-29 10:59:40: (mod_fastcgi.c.17
43) connect failed: No such file or directory on unix:/tmp/counter.socket 
2008-09-29 10:59:40: (mod_fastcgi.c.2912) backend died; we'll disable it for 5 s
econds and send the request to another backend instead: reconnects: 0 load: 1 

#   Failed test '... got the page okay'
#   at t/003_basic_with_fcgi_engine.t line 65.
# 500
# Internal Server Error

#   Failed test '... got the content we expected'
#   at t/003_basic_with_fcgi_engine.t line 66.
Argument "<?xml version="1.0" encoding="iso-8859-1"?>\n<!DOCTYPE h..." isn't num
eric in bitwise xor (^) at /usr/pkg/lib/perl5/site_perl/5.8.0/Test/LongString.pm
 line 57.
#          got: "<?xml version="1.0" encoding="iso-8859-1"?>\x{0a}<!DOCT"...
#       length: 369
#     expected: "1"
#       length: 1
#     strings begin to differ at char 1
2008-09-29 10:59:40: (mod_fastcgi.c.3524) all handlers for  /count on /count are
 down. 

#   Failed test '... got the page okay'
#   at t/003_basic_with_fcgi_engine.t line 65.
# 500
# Internal Server Error

#   Failed test '... got the content we expected'
#   at t/003_basic_with_fcgi_engine.t line 66.
Argument "<?xml version="1.0" encoding="iso-8859-1"?>\n<!DOCTYPE h..." isn't num
eric in bitwise xor (^) at /usr/pkg/lib/perl5/site_perl/5.8.0/Test/LongString.pm
 line 57.
#          got: "<?xml version="1.0" encoding="iso-8859-1"?>\x{0a}<!DOCT"...
#       length: 369
#     expected: "2"
#       length: 1
#     strings begin to differ at char 1

#   Failed test '... got the page okay'
#   at t/003_basic_with_fcgi_engine.t line 65.
# 500
# Internal Server Error

#   Failed test '... got the content we expected'
#   at t/003_basic_with_fcgi_engine.t line 66.
Argument "<?xml version="1.0" encoding="iso-8859-1"?>\n<!DOCTYPE h..." isn't num
eric in bitwise xor (^) at /usr/pkg/lib/perl5/site_perl/5.8.0/Test/LongString.pm
 line 57.
#          got: "<?xml version="1.0" encoding="iso-8859-1"?>\x{0a}<!DOCT"...
#       length: 369
#     expected: "3"
#       length: 1
#     strings begin to differ at char 1
Stoping lighttpd ...
Stopping the FCGI Engine Manager ...
2008-09-29 10:59:40: (server.c.1361) [note] graceful shutdown started 
Lighttpd stopped.
# Wait a moment for Lighttpd to stop
2008-09-29 10:59:40: (server.c.1475) server stopped by UID = 0 PID = 0 
t/003_basic_with_fcgi_engine.........11/12 # Looks like you failed 6 tests of 12
.
t/003_basic_with_fcgi_engine......... Dubious, test returned 6 (wstat 1536, 0x60
0)
 Failed 6/12 subtests 
t/pod................................ok   

Test Summary Report
-------------------
t/003_basic_with_fcgi_engine.t   (Wstat: 1536 Tests: 12 Failed: 6)
  Failed tests:  5-10
  Non-zero exit status: 6
Files=5, Tests=30, 18 wallclock secs ( 0.04 usr  0.00 sys +  3.75 cusr  0.34 csy
s =  4.13 CPU)
Result: FAIL
Failed 1/5 test programs. 6/30 subtests failed.
*** Error code 255

Stop in /root/.cpan/build/Lighttpd-Control-0.01-GS6id8.
  STEVAN/Lighttpd-Control-0.01.tar.gz
  /usr/bin/make test -- NOT OK
//hint// to see the cpan-testers results for installing this module, try:
  reports STEVAN/Lighttpd-Control-0.01.tar.gz
Running make install
  make test had returned bad status, won't install without force
Failed during this command:
 STEVAN/Lighttpd-Control-0.01.tar.gz          : make_test NO
