t/31any....1..6
ok 1 - Got names from a "random" theme
ok 2 - Got names from a "random" theme
ok 3 - Got names from a "random" theme
not ok 4 - Got names from a "random" theme

#   Failed test 'Got names from a "random" theme'
#   in t/31any.t at line 26.
#     Structures begin differing at:
#          $got->[0] = 'America'
#     $expected->[0] = 'Barbabelle'
not ok 5 - Got names from a "random" theme

#   Failed test 'Got names from a "random" theme'
#   in t/31any.t at line 26.
#     Structures begin differing at:
#          $got->[0] = 'Barbabelle'
#     $expected->[0] = 'Barbarella'
not ok 6 - Got names from a "random" theme

#   Failed test 'Got names from a "random" theme'
#   in t/31any.t at line 26.
#     Structures begin differing at:
#          $got->[0] = 'Barbarella'
#     $expected->[0] = 'aieee'
# Looks like you failed 3 tests of 6.
dubious
	Test returned status 3 (wstat 768, 0x300)
DIED. FAILED tests 4-6
	Failed 3/6 tests, 50.00% okay
Failed Test Stat Wstat Total Fail  List of Failed
-------------------------------------------------------------------------------
t/31any.t      3   768     6    3  4-6
Failed 1/1 test scripts. 3/6 subtests failed.
Files=1, Tests=6,  1 wallclock secs ( 0.17 cusr +  0.05 csys =  0.22 CPU)
Failed 1/1 test programs. 3/6 subtests failed.
